Arguments received:
Species: MS
Years: 2005, 2006, 2007, 2008, 2009, 2010, 2011, 2012, 2013, 2014, 2015, 2016, 2017, 2018, 2019, 2020, 2021, 2022, 2023, 2024
Origin site: Eldo
Climate site: A1
Sex: M
Output directory: output/results/M/Eldo
Library paths:
[1] "/gscratch/biology/jmsmith/R"                          
[2] "/mmfs1/home/smithju/R/x86_64-pc-linux-gnu-library/4.4"
[3] "/usr/local/lib/R/site-library"                        
[4] "/usr/local/lib/R/library"                             
Package tidyverse loaded successfully
Package TrenchR loaded successfully
Package rTPC loaded successfully
Package lubridate loaded successfully

Processing: Species=MS, Year=2005, Origin=Eldo, Climate=A1, Sex=M
Looking for climate data at: /mmfs1/gscratch/biology/jmsmith/targeted_microclimate/A1/simplified_targeted_A1_2005.rds
Directory /mmfs1/gscratch/biology/jmsmith/targeted_microclimate/A1 exists. Contents:
simplified_targeted_A1_1945.rds
simplified_targeted_A1_1946.rds
simplified_targeted_A1_1947.rds
simplified_targeted_A1_1948.rds
simplified_targeted_A1_1949.rds
simplified_targeted_A1_1950.rds
simplified_targeted_A1_1951.rds
simplified_targeted_A1_1952.rds
simplified_targeted_A1_1953.rds
simplified_targeted_A1_1954.rds
simplified_targeted_A1_1955.rds
simplified_targeted_A1_1956.rds
simplified_targeted_A1_1957.rds
simplified_targeted_A1_1958.rds
simplified_targeted_A1_1959.rds
simplified_targeted_A1_1960.rds
simplified_targeted_A1_1961.rds
simplified_targeted_A1_1962.rds
simplified_targeted_A1_1963.rds
simplified_targeted_A1_1964.rds
simplified_targeted_A1_2005.rds
simplified_targeted_A1_2006.rds
simplified_targeted_A1_2007.rds
simplified_targeted_A1_2008.rds
simplified_targeted_A1_2009.rds
simplified_targeted_A1_2010.rds
simplified_targeted_A1_2011.rds
simplified_targeted_A1_2012.rds
simplified_targeted_A1_2013.rds
simplified_targeted_A1_2014.rds
simplified_targeted_A1_2015.rds
simplified_targeted_A1_2016.rds
simplified_targeted_A1_2017.rds
simplified_targeted_A1_2018.rds
simplified_targeted_A1_2019.rds
simplified_targeted_A1_2020.rds
simplified_targeted_A1_2021.rds
simplified_targeted_A1_2022.rds
simplified_targeted_A1_2023.rds
simplified_targeted_A1_2024.rds
Saved results to output/results/M/Eldo/2005/eb_results_MS_2005_Eldo_A1.rds

Processing: Species=MS, Year=2006, Origin=Eldo, Climate=A1, Sex=M
Looking for climate data at: /mmfs1/gscratch/biology/jmsmith/targeted_microclimate/A1/simplified_targeted_A1_2006.rds
Directory /mmfs1/gscratch/biology/jmsmith/targeted_microclimate/A1 exists. Contents:
simplified_targeted_A1_1945.rds
simplified_targeted_A1_1946.rds
simplified_targeted_A1_1947.rds
simplified_targeted_A1_1948.rds
simplified_targeted_A1_1949.rds
simplified_targeted_A1_1950.rds
simplified_targeted_A1_1951.rds
simplified_targeted_A1_1952.rds
simplified_targeted_A1_1953.rds
simplified_targeted_A1_1954.rds
simplified_targeted_A1_1955.rds
simplified_targeted_A1_1956.rds
simplified_targeted_A1_1957.rds
simplified_targeted_A1_1958.rds
simplified_targeted_A1_1959.rds
simplified_targeted_A1_1960.rds
simplified_targeted_A1_1961.rds
simplified_targeted_A1_1962.rds
simplified_targeted_A1_1963.rds
simplified_targeted_A1_1964.rds
simplified_targeted_A1_2005.rds
simplified_targeted_A1_2006.rds
simplified_targeted_A1_2007.rds
simplified_targeted_A1_2008.rds
simplified_targeted_A1_2009.rds
simplified_targeted_A1_2010.rds
simplified_targeted_A1_2011.rds
simplified_targeted_A1_2012.rds
simplified_targeted_A1_2013.rds
simplified_targeted_A1_2014.rds
simplified_targeted_A1_2015.rds
simplified_targeted_A1_2016.rds
simplified_targeted_A1_2017.rds
simplified_targeted_A1_2018.rds
simplified_targeted_A1_2019.rds
simplified_targeted_A1_2020.rds
simplified_targeted_A1_2021.rds
simplified_targeted_A1_2022.rds
simplified_targeted_A1_2023.rds
simplified_targeted_A1_2024.rds
Saved results to output/results/M/Eldo/2006/eb_results_MS_2006_Eldo_A1.rds

Processing: Species=MS, Year=2007, Origin=Eldo, Climate=A1, Sex=M
Looking for climate data at: /mmfs1/gscratch/biology/jmsmith/targeted_microclimate/A1/simplified_targeted_A1_2007.rds
Directory /mmfs1/gscratch/biology/jmsmith/targeted_microclimate/A1 exists. Contents:
simplified_targeted_A1_1945.rds
simplified_targeted_A1_1946.rds
simplified_targeted_A1_1947.rds
simplified_targeted_A1_1948.rds
simplified_targeted_A1_1949.rds
simplified_targeted_A1_1950.rds
simplified_targeted_A1_1951.rds
simplified_targeted_A1_1952.rds
simplified_targeted_A1_1953.rds
simplified_targeted_A1_1954.rds
simplified_targeted_A1_1955.rds
simplified_targeted_A1_1956.rds
simplified_targeted_A1_1957.rds
simplified_targeted_A1_1958.rds
simplified_targeted_A1_1959.rds
simplified_targeted_A1_1960.rds
simplified_targeted_A1_1961.rds
simplified_targeted_A1_1962.rds
simplified_targeted_A1_1963.rds
simplified_targeted_A1_1964.rds
simplified_targeted_A1_2005.rds
simplified_targeted_A1_2006.rds
simplified_targeted_A1_2007.rds
simplified_targeted_A1_2008.rds
simplified_targeted_A1_2009.rds
simplified_targeted_A1_2010.rds
simplified_targeted_A1_2011.rds
simplified_targeted_A1_2012.rds
simplified_targeted_A1_2013.rds
simplified_targeted_A1_2014.rds
simplified_targeted_A1_2015.rds
simplified_targeted_A1_2016.rds
simplified_targeted_A1_2017.rds
simplified_targeted_A1_2018.rds
simplified_targeted_A1_2019.rds
simplified_targeted_A1_2020.rds
simplified_targeted_A1_2021.rds
simplified_targeted_A1_2022.rds
simplified_targeted_A1_2023.rds
simplified_targeted_A1_2024.rds
Saved results to output/results/M/Eldo/2007/eb_results_MS_2007_Eldo_A1.rds

Processing: Species=MS, Year=2008, Origin=Eldo, Climate=A1, Sex=M
Looking for climate data at: /mmfs1/gscratch/biology/jmsmith/targeted_microclimate/A1/simplified_targeted_A1_2008.rds
Directory /mmfs1/gscratch/biology/jmsmith/targeted_microclimate/A1 exists. Contents:
simplified_targeted_A1_1945.rds
simplified_targeted_A1_1946.rds
simplified_targeted_A1_1947.rds
simplified_targeted_A1_1948.rds
simplified_targeted_A1_1949.rds
simplified_targeted_A1_1950.rds
simplified_targeted_A1_1951.rds
simplified_targeted_A1_1952.rds
simplified_targeted_A1_1953.rds
simplified_targeted_A1_1954.rds
simplified_targeted_A1_1955.rds
simplified_targeted_A1_1956.rds
simplified_targeted_A1_1957.rds
simplified_targeted_A1_1958.rds
simplified_targeted_A1_1959.rds
simplified_targeted_A1_1960.rds
simplified_targeted_A1_1961.rds
simplified_targeted_A1_1962.rds
simplified_targeted_A1_1963.rds
simplified_targeted_A1_1964.rds
simplified_targeted_A1_2005.rds
simplified_targeted_A1_2006.rds
simplified_targeted_A1_2007.rds
simplified_targeted_A1_2008.rds
simplified_targeted_A1_2009.rds
simplified_targeted_A1_2010.rds
simplified_targeted_A1_2011.rds
simplified_targeted_A1_2012.rds
simplified_targeted_A1_2013.rds
simplified_targeted_A1_2014.rds
simplified_targeted_A1_2015.rds
simplified_targeted_A1_2016.rds
simplified_targeted_A1_2017.rds
simplified_targeted_A1_2018.rds
simplified_targeted_A1_2019.rds
simplified_targeted_A1_2020.rds
simplified_targeted_A1_2021.rds
simplified_targeted_A1_2022.rds
simplified_targeted_A1_2023.rds
simplified_targeted_A1_2024.rds
Saved results to output/results/M/Eldo/2008/eb_results_MS_2008_Eldo_A1.rds

Processing: Species=MS, Year=2009, Origin=Eldo, Climate=A1, Sex=M
Looking for climate data at: /mmfs1/gscratch/biology/jmsmith/targeted_microclimate/A1/simplified_targeted_A1_2009.rds
Directory /mmfs1/gscratch/biology/jmsmith/targeted_microclimate/A1 exists. Contents:
simplified_targeted_A1_1945.rds
simplified_targeted_A1_1946.rds
simplified_targeted_A1_1947.rds
simplified_targeted_A1_1948.rds
simplified_targeted_A1_1949.rds
simplified_targeted_A1_1950.rds
simplified_targeted_A1_1951.rds
simplified_targeted_A1_1952.rds
simplified_targeted_A1_1953.rds
simplified_targeted_A1_1954.rds
simplified_targeted_A1_1955.rds
simplified_targeted_A1_1956.rds
simplified_targeted_A1_1957.rds
simplified_targeted_A1_1958.rds
simplified_targeted_A1_1959.rds
simplified_targeted_A1_1960.rds
simplified_targeted_A1_1961.rds
simplified_targeted_A1_1962.rds
simplified_targeted_A1_1963.rds
simplified_targeted_A1_1964.rds
simplified_targeted_A1_2005.rds
simplified_targeted_A1_2006.rds
simplified_targeted_A1_2007.rds
simplified_targeted_A1_2008.rds
simplified_targeted_A1_2009.rds
simplified_targeted_A1_2010.rds
simplified_targeted_A1_2011.rds
simplified_targeted_A1_2012.rds
simplified_targeted_A1_2013.rds
simplified_targeted_A1_2014.rds
simplified_targeted_A1_2015.rds
simplified_targeted_A1_2016.rds
simplified_targeted_A1_2017.rds
simplified_targeted_A1_2018.rds
simplified_targeted_A1_2019.rds
simplified_targeted_A1_2020.rds
simplified_targeted_A1_2021.rds
simplified_targeted_A1_2022.rds
simplified_targeted_A1_2023.rds
simplified_targeted_A1_2024.rds
Saved results to output/results/M/Eldo/2009/eb_results_MS_2009_Eldo_A1.rds

Processing: Species=MS, Year=2010, Origin=Eldo, Climate=A1, Sex=M
Looking for climate data at: /mmfs1/gscratch/biology/jmsmith/targeted_microclimate/A1/simplified_targeted_A1_2010.rds
Directory /mmfs1/gscratch/biology/jmsmith/targeted_microclimate/A1 exists. Contents:
simplified_targeted_A1_1945.rds
simplified_targeted_A1_1946.rds
simplified_targeted_A1_1947.rds
simplified_targeted_A1_1948.rds
simplified_targeted_A1_1949.rds
simplified_targeted_A1_1950.rds
simplified_targeted_A1_1951.rds
simplified_targeted_A1_1952.rds
simplified_targeted_A1_1953.rds
simplified_targeted_A1_1954.rds
simplified_targeted_A1_1955.rds
simplified_targeted_A1_1956.rds
simplified_targeted_A1_1957.rds
simplified_targeted_A1_1958.rds
simplified_targeted_A1_1959.rds
simplified_targeted_A1_1960.rds
simplified_targeted_A1_1961.rds
simplified_targeted_A1_1962.rds
simplified_targeted_A1_1963.rds
simplified_targeted_A1_1964.rds
simplified_targeted_A1_2005.rds
simplified_targeted_A1_2006.rds
simplified_targeted_A1_2007.rds
simplified_targeted_A1_2008.rds
simplified_targeted_A1_2009.rds
simplified_targeted_A1_2010.rds
simplified_targeted_A1_2011.rds
simplified_targeted_A1_2012.rds
simplified_targeted_A1_2013.rds
simplified_targeted_A1_2014.rds
simplified_targeted_A1_2015.rds
simplified_targeted_A1_2016.rds
simplified_targeted_A1_2017.rds
simplified_targeted_A1_2018.rds
simplified_targeted_A1_2019.rds
simplified_targeted_A1_2020.rds
simplified_targeted_A1_2021.rds
simplified_targeted_A1_2022.rds
simplified_targeted_A1_2023.rds
simplified_targeted_A1_2024.rds
Saved results to output/results/M/Eldo/2010/eb_results_MS_2010_Eldo_A1.rds

Processing: Species=MS, Year=2011, Origin=Eldo, Climate=A1, Sex=M
Looking for climate data at: /mmfs1/gscratch/biology/jmsmith/targeted_microclimate/A1/simplified_targeted_A1_2011.rds
Directory /mmfs1/gscratch/biology/jmsmith/targeted_microclimate/A1 exists. Contents:
simplified_targeted_A1_1945.rds
simplified_targeted_A1_1946.rds
simplified_targeted_A1_1947.rds
simplified_targeted_A1_1948.rds
simplified_targeted_A1_1949.rds
simplified_targeted_A1_1950.rds
simplified_targeted_A1_1951.rds
simplified_targeted_A1_1952.rds
simplified_targeted_A1_1953.rds
simplified_targeted_A1_1954.rds
simplified_targeted_A1_1955.rds
simplified_targeted_A1_1956.rds
simplified_targeted_A1_1957.rds
simplified_targeted_A1_1958.rds
simplified_targeted_A1_1959.rds
simplified_targeted_A1_1960.rds
simplified_targeted_A1_1961.rds
simplified_targeted_A1_1962.rds
simplified_targeted_A1_1963.rds
simplified_targeted_A1_1964.rds
simplified_targeted_A1_2005.rds
simplified_targeted_A1_2006.rds
simplified_targeted_A1_2007.rds
simplified_targeted_A1_2008.rds
simplified_targeted_A1_2009.rds
simplified_targeted_A1_2010.rds
simplified_targeted_A1_2011.rds
simplified_targeted_A1_2012.rds
simplified_targeted_A1_2013.rds
simplified_targeted_A1_2014.rds
simplified_targeted_A1_2015.rds
simplified_targeted_A1_2016.rds
simplified_targeted_A1_2017.rds
simplified_targeted_A1_2018.rds
simplified_targeted_A1_2019.rds
simplified_targeted_A1_2020.rds
simplified_targeted_A1_2021.rds
simplified_targeted_A1_2022.rds
simplified_targeted_A1_2023.rds
simplified_targeted_A1_2024.rds
Saved results to output/results/M/Eldo/2011/eb_results_MS_2011_Eldo_A1.rds

Processing: Species=MS, Year=2012, Origin=Eldo, Climate=A1, Sex=M
Looking for climate data at: /mmfs1/gscratch/biology/jmsmith/targeted_microclimate/A1/simplified_targeted_A1_2012.rds
Directory /mmfs1/gscratch/biology/jmsmith/targeted_microclimate/A1 exists. Contents:
simplified_targeted_A1_1945.rds
simplified_targeted_A1_1946.rds
simplified_targeted_A1_1947.rds
simplified_targeted_A1_1948.rds
simplified_targeted_A1_1949.rds
simplified_targeted_A1_1950.rds
simplified_targeted_A1_1951.rds
simplified_targeted_A1_1952.rds
simplified_targeted_A1_1953.rds
simplified_targeted_A1_1954.rds
simplified_targeted_A1_1955.rds
simplified_targeted_A1_1956.rds
simplified_targeted_A1_1957.rds
simplified_targeted_A1_1958.rds
simplified_targeted_A1_1959.rds
simplified_targeted_A1_1960.rds
simplified_targeted_A1_1961.rds
simplified_targeted_A1_1962.rds
simplified_targeted_A1_1963.rds
simplified_targeted_A1_1964.rds
simplified_targeted_A1_2005.rds
simplified_targeted_A1_2006.rds
simplified_targeted_A1_2007.rds
simplified_targeted_A1_2008.rds
simplified_targeted_A1_2009.rds
simplified_targeted_A1_2010.rds
simplified_targeted_A1_2011.rds
simplified_targeted_A1_2012.rds
simplified_targeted_A1_2013.rds
simplified_targeted_A1_2014.rds
simplified_targeted_A1_2015.rds
simplified_targeted_A1_2016.rds
simplified_targeted_A1_2017.rds
simplified_targeted_A1_2018.rds
simplified_targeted_A1_2019.rds
simplified_targeted_A1_2020.rds
simplified_targeted_A1_2021.rds
simplified_targeted_A1_2022.rds
simplified_targeted_A1_2023.rds
simplified_targeted_A1_2024.rds
Saved results to output/results/M/Eldo/2012/eb_results_MS_2012_Eldo_A1.rds

Processing: Species=MS, Year=2013, Origin=Eldo, Climate=A1, Sex=M
Looking for climate data at: /mmfs1/gscratch/biology/jmsmith/targeted_microclimate/A1/simplified_targeted_A1_2013.rds
Directory /mmfs1/gscratch/biology/jmsmith/targeted_microclimate/A1 exists. Contents:
simplified_targeted_A1_1945.rds
simplified_targeted_A1_1946.rds
simplified_targeted_A1_1947.rds
simplified_targeted_A1_1948.rds
simplified_targeted_A1_1949.rds
simplified_targeted_A1_1950.rds
simplified_targeted_A1_1951.rds
simplified_targeted_A1_1952.rds
simplified_targeted_A1_1953.rds
simplified_targeted_A1_1954.rds
simplified_targeted_A1_1955.rds
simplified_targeted_A1_1956.rds
simplified_targeted_A1_1957.rds
simplified_targeted_A1_1958.rds
simplified_targeted_A1_1959.rds
simplified_targeted_A1_1960.rds
simplified_targeted_A1_1961.rds
simplified_targeted_A1_1962.rds
simplified_targeted_A1_1963.rds
simplified_targeted_A1_1964.rds
simplified_targeted_A1_2005.rds
simplified_targeted_A1_2006.rds
simplified_targeted_A1_2007.rds
simplified_targeted_A1_2008.rds
simplified_targeted_A1_2009.rds
simplified_targeted_A1_2010.rds
simplified_targeted_A1_2011.rds
simplified_targeted_A1_2012.rds
simplified_targeted_A1_2013.rds
simplified_targeted_A1_2014.rds
simplified_targeted_A1_2015.rds
simplified_targeted_A1_2016.rds
simplified_targeted_A1_2017.rds
simplified_targeted_A1_2018.rds
simplified_targeted_A1_2019.rds
simplified_targeted_A1_2020.rds
simplified_targeted_A1_2021.rds
simplified_targeted_A1_2022.rds
simplified_targeted_A1_2023.rds
simplified_targeted_A1_2024.rds
Saved results to output/results/M/Eldo/2013/eb_results_MS_2013_Eldo_A1.rds

Processing: Species=MS, Year=2014, Origin=Eldo, Climate=A1, Sex=M
Looking for climate data at: /mmfs1/gscratch/biology/jmsmith/targeted_microclimate/A1/simplified_targeted_A1_2014.rds
Directory /mmfs1/gscratch/biology/jmsmith/targeted_microclimate/A1 exists. Contents:
simplified_targeted_A1_1945.rds
simplified_targeted_A1_1946.rds
simplified_targeted_A1_1947.rds
simplified_targeted_A1_1948.rds
simplified_targeted_A1_1949.rds
simplified_targeted_A1_1950.rds
simplified_targeted_A1_1951.rds
simplified_targeted_A1_1952.rds
simplified_targeted_A1_1953.rds
simplified_targeted_A1_1954.rds
simplified_targeted_A1_1955.rds
simplified_targeted_A1_1956.rds
simplified_targeted_A1_1957.rds
simplified_targeted_A1_1958.rds
simplified_targeted_A1_1959.rds
simplified_targeted_A1_1960.rds
simplified_targeted_A1_1961.rds
simplified_targeted_A1_1962.rds
simplified_targeted_A1_1963.rds
simplified_targeted_A1_1964.rds
simplified_targeted_A1_2005.rds
simplified_targeted_A1_2006.rds
simplified_targeted_A1_2007.rds
simplified_targeted_A1_2008.rds
simplified_targeted_A1_2009.rds
simplified_targeted_A1_2010.rds
simplified_targeted_A1_2011.rds
simplified_targeted_A1_2012.rds
simplified_targeted_A1_2013.rds
simplified_targeted_A1_2014.rds
simplified_targeted_A1_2015.rds
simplified_targeted_A1_2016.rds
simplified_targeted_A1_2017.rds
simplified_targeted_A1_2018.rds
simplified_targeted_A1_2019.rds
simplified_targeted_A1_2020.rds
simplified_targeted_A1_2021.rds
simplified_targeted_A1_2022.rds
simplified_targeted_A1_2023.rds
simplified_targeted_A1_2024.rds
Saved results to output/results/M/Eldo/2014/eb_results_MS_2014_Eldo_A1.rds

Processing: Species=MS, Year=2015, Origin=Eldo, Climate=A1, Sex=M
Looking for climate data at: /mmfs1/gscratch/biology/jmsmith/targeted_microclimate/A1/simplified_targeted_A1_2015.rds
Directory /mmfs1/gscratch/biology/jmsmith/targeted_microclimate/A1 exists. Contents:
simplified_targeted_A1_1945.rds
simplified_targeted_A1_1946.rds
simplified_targeted_A1_1947.rds
simplified_targeted_A1_1948.rds
simplified_targeted_A1_1949.rds
simplified_targeted_A1_1950.rds
simplified_targeted_A1_1951.rds
simplified_targeted_A1_1952.rds
simplified_targeted_A1_1953.rds
simplified_targeted_A1_1954.rds
simplified_targeted_A1_1955.rds
simplified_targeted_A1_1956.rds
simplified_targeted_A1_1957.rds
simplified_targeted_A1_1958.rds
simplified_targeted_A1_1959.rds
simplified_targeted_A1_1960.rds
simplified_targeted_A1_1961.rds
simplified_targeted_A1_1962.rds
simplified_targeted_A1_1963.rds
simplified_targeted_A1_1964.rds
simplified_targeted_A1_2005.rds
simplified_targeted_A1_2006.rds
simplified_targeted_A1_2007.rds
simplified_targeted_A1_2008.rds
simplified_targeted_A1_2009.rds
simplified_targeted_A1_2010.rds
simplified_targeted_A1_2011.rds
simplified_targeted_A1_2012.rds
simplified_targeted_A1_2013.rds
simplified_targeted_A1_2014.rds
simplified_targeted_A1_2015.rds
simplified_targeted_A1_2016.rds
simplified_targeted_A1_2017.rds
simplified_targeted_A1_2018.rds
simplified_targeted_A1_2019.rds
simplified_targeted_A1_2020.rds
simplified_targeted_A1_2021.rds
simplified_targeted_A1_2022.rds
simplified_targeted_A1_2023.rds
simplified_targeted_A1_2024.rds
Saved results to output/results/M/Eldo/2015/eb_results_MS_2015_Eldo_A1.rds

Processing: Species=MS, Year=2016, Origin=Eldo, Climate=A1, Sex=M
Looking for climate data at: /mmfs1/gscratch/biology/jmsmith/targeted_microclimate/A1/simplified_targeted_A1_2016.rds
Directory /mmfs1/gscratch/biology/jmsmith/targeted_microclimate/A1 exists. Contents:
simplified_targeted_A1_1945.rds
simplified_targeted_A1_1946.rds
simplified_targeted_A1_1947.rds
simplified_targeted_A1_1948.rds
simplified_targeted_A1_1949.rds
simplified_targeted_A1_1950.rds
simplified_targeted_A1_1951.rds
simplified_targeted_A1_1952.rds
simplified_targeted_A1_1953.rds
simplified_targeted_A1_1954.rds
simplified_targeted_A1_1955.rds
simplified_targeted_A1_1956.rds
simplified_targeted_A1_1957.rds
simplified_targeted_A1_1958.rds
simplified_targeted_A1_1959.rds
simplified_targeted_A1_1960.rds
simplified_targeted_A1_1961.rds
simplified_targeted_A1_1962.rds
simplified_targeted_A1_1963.rds
simplified_targeted_A1_1964.rds
simplified_targeted_A1_2005.rds
simplified_targeted_A1_2006.rds
simplified_targeted_A1_2007.rds
simplified_targeted_A1_2008.rds
simplified_targeted_A1_2009.rds
simplified_targeted_A1_2010.rds
simplified_targeted_A1_2011.rds
simplified_targeted_A1_2012.rds
simplified_targeted_A1_2013.rds
simplified_targeted_A1_2014.rds
simplified_targeted_A1_2015.rds
simplified_targeted_A1_2016.rds
simplified_targeted_A1_2017.rds
simplified_targeted_A1_2018.rds
simplified_targeted_A1_2019.rds
simplified_targeted_A1_2020.rds
simplified_targeted_A1_2021.rds
simplified_targeted_A1_2022.rds
simplified_targeted_A1_2023.rds
simplified_targeted_A1_2024.rds
Saved results to output/results/M/Eldo/2016/eb_results_MS_2016_Eldo_A1.rds

Processing: Species=MS, Year=2017, Origin=Eldo, Climate=A1, Sex=M
Looking for climate data at: /mmfs1/gscratch/biology/jmsmith/targeted_microclimate/A1/simplified_targeted_A1_2017.rds
Directory /mmfs1/gscratch/biology/jmsmith/targeted_microclimate/A1 exists. Contents:
simplified_targeted_A1_1945.rds
simplified_targeted_A1_1946.rds
simplified_targeted_A1_1947.rds
simplified_targeted_A1_1948.rds
simplified_targeted_A1_1949.rds
simplified_targeted_A1_1950.rds
simplified_targeted_A1_1951.rds
simplified_targeted_A1_1952.rds
simplified_targeted_A1_1953.rds
simplified_targeted_A1_1954.rds
simplified_targeted_A1_1955.rds
simplified_targeted_A1_1956.rds
simplified_targeted_A1_1957.rds
simplified_targeted_A1_1958.rds
simplified_targeted_A1_1959.rds
simplified_targeted_A1_1960.rds
simplified_targeted_A1_1961.rds
simplified_targeted_A1_1962.rds
simplified_targeted_A1_1963.rds
simplified_targeted_A1_1964.rds
simplified_targeted_A1_2005.rds
simplified_targeted_A1_2006.rds
simplified_targeted_A1_2007.rds
simplified_targeted_A1_2008.rds
simplified_targeted_A1_2009.rds
simplified_targeted_A1_2010.rds
simplified_targeted_A1_2011.rds
simplified_targeted_A1_2012.rds
simplified_targeted_A1_2013.rds
simplified_targeted_A1_2014.rds
simplified_targeted_A1_2015.rds
simplified_targeted_A1_2016.rds
simplified_targeted_A1_2017.rds
simplified_targeted_A1_2018.rds
simplified_targeted_A1_2019.rds
simplified_targeted_A1_2020.rds
simplified_targeted_A1_2021.rds
simplified_targeted_A1_2022.rds
simplified_targeted_A1_2023.rds
simplified_targeted_A1_2024.rds
Saved results to output/results/M/Eldo/2017/eb_results_MS_2017_Eldo_A1.rds

Processing: Species=MS, Year=2018, Origin=Eldo, Climate=A1, Sex=M
Looking for climate data at: /mmfs1/gscratch/biology/jmsmith/targeted_microclimate/A1/simplified_targeted_A1_2018.rds
Directory /mmfs1/gscratch/biology/jmsmith/targeted_microclimate/A1 exists. Contents:
simplified_targeted_A1_1945.rds
simplified_targeted_A1_1946.rds
simplified_targeted_A1_1947.rds
simplified_targeted_A1_1948.rds
simplified_targeted_A1_1949.rds
simplified_targeted_A1_1950.rds
simplified_targeted_A1_1951.rds
simplified_targeted_A1_1952.rds
simplified_targeted_A1_1953.rds
simplified_targeted_A1_1954.rds
simplified_targeted_A1_1955.rds
simplified_targeted_A1_1956.rds
simplified_targeted_A1_1957.rds
simplified_targeted_A1_1958.rds
simplified_targeted_A1_1959.rds
simplified_targeted_A1_1960.rds
simplified_targeted_A1_1961.rds
simplified_targeted_A1_1962.rds
simplified_targeted_A1_1963.rds
simplified_targeted_A1_1964.rds
simplified_targeted_A1_2005.rds
simplified_targeted_A1_2006.rds
simplified_targeted_A1_2007.rds
simplified_targeted_A1_2008.rds
simplified_targeted_A1_2009.rds
simplified_targeted_A1_2010.rds
simplified_targeted_A1_2011.rds
simplified_targeted_A1_2012.rds
simplified_targeted_A1_2013.rds
simplified_targeted_A1_2014.rds
simplified_targeted_A1_2015.rds
simplified_targeted_A1_2016.rds
simplified_targeted_A1_2017.rds
simplified_targeted_A1_2018.rds
simplified_targeted_A1_2019.rds
simplified_targeted_A1_2020.rds
simplified_targeted_A1_2021.rds
simplified_targeted_A1_2022.rds
simplified_targeted_A1_2023.rds
simplified_targeted_A1_2024.rds
Saved results to output/results/M/Eldo/2018/eb_results_MS_2018_Eldo_A1.rds

Processing: Species=MS, Year=2019, Origin=Eldo, Climate=A1, Sex=M
Looking for climate data at: /mmfs1/gscratch/biology/jmsmith/targeted_microclimate/A1/simplified_targeted_A1_2019.rds
Directory /mmfs1/gscratch/biology/jmsmith/targeted_microclimate/A1 exists. Contents:
simplified_targeted_A1_1945.rds
simplified_targeted_A1_1946.rds
simplified_targeted_A1_1947.rds
simplified_targeted_A1_1948.rds
simplified_targeted_A1_1949.rds
simplified_targeted_A1_1950.rds
simplified_targeted_A1_1951.rds
simplified_targeted_A1_1952.rds
simplified_targeted_A1_1953.rds
simplified_targeted_A1_1954.rds
simplified_targeted_A1_1955.rds
simplified_targeted_A1_1956.rds
simplified_targeted_A1_1957.rds
simplified_targeted_A1_1958.rds
simplified_targeted_A1_1959.rds
simplified_targeted_A1_1960.rds
simplified_targeted_A1_1961.rds
simplified_targeted_A1_1962.rds
simplified_targeted_A1_1963.rds
simplified_targeted_A1_1964.rds
simplified_targeted_A1_2005.rds
simplified_targeted_A1_2006.rds
simplified_targeted_A1_2007.rds
simplified_targeted_A1_2008.rds
simplified_targeted_A1_2009.rds
simplified_targeted_A1_2010.rds
simplified_targeted_A1_2011.rds
simplified_targeted_A1_2012.rds
simplified_targeted_A1_2013.rds
simplified_targeted_A1_2014.rds
simplified_targeted_A1_2015.rds
simplified_targeted_A1_2016.rds
simplified_targeted_A1_2017.rds
simplified_targeted_A1_2018.rds
simplified_targeted_A1_2019.rds
simplified_targeted_A1_2020.rds
simplified_targeted_A1_2021.rds
simplified_targeted_A1_2022.rds
simplified_targeted_A1_2023.rds
simplified_targeted_A1_2024.rds
Saved results to output/results/M/Eldo/2019/eb_results_MS_2019_Eldo_A1.rds

Processing: Species=MS, Year=2020, Origin=Eldo, Climate=A1, Sex=M
Looking for climate data at: /mmfs1/gscratch/biology/jmsmith/targeted_microclimate/A1/simplified_targeted_A1_2020.rds
Directory /mmfs1/gscratch/biology/jmsmith/targeted_microclimate/A1 exists. Contents:
simplified_targeted_A1_1945.rds
simplified_targeted_A1_1946.rds
simplified_targeted_A1_1947.rds
simplified_targeted_A1_1948.rds
simplified_targeted_A1_1949.rds
simplified_targeted_A1_1950.rds
simplified_targeted_A1_1951.rds
simplified_targeted_A1_1952.rds
simplified_targeted_A1_1953.rds
simplified_targeted_A1_1954.rds
simplified_targeted_A1_1955.rds
simplified_targeted_A1_1956.rds
simplified_targeted_A1_1957.rds
simplified_targeted_A1_1958.rds
simplified_targeted_A1_1959.rds
simplified_targeted_A1_1960.rds
simplified_targeted_A1_1961.rds
simplified_targeted_A1_1962.rds
simplified_targeted_A1_1963.rds
simplified_targeted_A1_1964.rds
simplified_targeted_A1_2005.rds
simplified_targeted_A1_2006.rds
simplified_targeted_A1_2007.rds
simplified_targeted_A1_2008.rds
simplified_targeted_A1_2009.rds
simplified_targeted_A1_2010.rds
simplified_targeted_A1_2011.rds
simplified_targeted_A1_2012.rds
simplified_targeted_A1_2013.rds
simplified_targeted_A1_2014.rds
simplified_targeted_A1_2015.rds
simplified_targeted_A1_2016.rds
simplified_targeted_A1_2017.rds
simplified_targeted_A1_2018.rds
simplified_targeted_A1_2019.rds
simplified_targeted_A1_2020.rds
simplified_targeted_A1_2021.rds
simplified_targeted_A1_2022.rds
simplified_targeted_A1_2023.rds
simplified_targeted_A1_2024.rds
Saved results to output/results/M/Eldo/2020/eb_results_MS_2020_Eldo_A1.rds

Processing: Species=MS, Year=2021, Origin=Eldo, Climate=A1, Sex=M
Looking for climate data at: /mmfs1/gscratch/biology/jmsmith/targeted_microclimate/A1/simplified_targeted_A1_2021.rds
Directory /mmfs1/gscratch/biology/jmsmith/targeted_microclimate/A1 exists. Contents:
simplified_targeted_A1_1945.rds
simplified_targeted_A1_1946.rds
simplified_targeted_A1_1947.rds
simplified_targeted_A1_1948.rds
simplified_targeted_A1_1949.rds
simplified_targeted_A1_1950.rds
simplified_targeted_A1_1951.rds
simplified_targeted_A1_1952.rds
simplified_targeted_A1_1953.rds
simplified_targeted_A1_1954.rds
simplified_targeted_A1_1955.rds
simplified_targeted_A1_1956.rds
simplified_targeted_A1_1957.rds
simplified_targeted_A1_1958.rds
simplified_targeted_A1_1959.rds
simplified_targeted_A1_1960.rds
simplified_targeted_A1_1961.rds
simplified_targeted_A1_1962.rds
simplified_targeted_A1_1963.rds
simplified_targeted_A1_1964.rds
simplified_targeted_A1_2005.rds
simplified_targeted_A1_2006.rds
simplified_targeted_A1_2007.rds
simplified_targeted_A1_2008.rds
simplified_targeted_A1_2009.rds
simplified_targeted_A1_2010.rds
simplified_targeted_A1_2011.rds
simplified_targeted_A1_2012.rds
simplified_targeted_A1_2013.rds
simplified_targeted_A1_2014.rds
simplified_targeted_A1_2015.rds
simplified_targeted_A1_2016.rds
simplified_targeted_A1_2017.rds
simplified_targeted_A1_2018.rds
simplified_targeted_A1_2019.rds
simplified_targeted_A1_2020.rds
simplified_targeted_A1_2021.rds
simplified_targeted_A1_2022.rds
simplified_targeted_A1_2023.rds
simplified_targeted_A1_2024.rds
Saved results to output/results/M/Eldo/2021/eb_results_MS_2021_Eldo_A1.rds

Processing: Species=MS, Year=2022, Origin=Eldo, Climate=A1, Sex=M
Looking for climate data at: /mmfs1/gscratch/biology/jmsmith/targeted_microclimate/A1/simplified_targeted_A1_2022.rds
Directory /mmfs1/gscratch/biology/jmsmith/targeted_microclimate/A1 exists. Contents:
simplified_targeted_A1_1945.rds
simplified_targeted_A1_1946.rds
simplified_targeted_A1_1947.rds
simplified_targeted_A1_1948.rds
simplified_targeted_A1_1949.rds
simplified_targeted_A1_1950.rds
simplified_targeted_A1_1951.rds
simplified_targeted_A1_1952.rds
simplified_targeted_A1_1953.rds
simplified_targeted_A1_1954.rds
simplified_targeted_A1_1955.rds
simplified_targeted_A1_1956.rds
simplified_targeted_A1_1957.rds
simplified_targeted_A1_1958.rds
simplified_targeted_A1_1959.rds
simplified_targeted_A1_1960.rds
simplified_targeted_A1_1961.rds
simplified_targeted_A1_1962.rds
simplified_targeted_A1_1963.rds
simplified_targeted_A1_1964.rds
simplified_targeted_A1_2005.rds
simplified_targeted_A1_2006.rds
simplified_targeted_A1_2007.rds
simplified_targeted_A1_2008.rds
simplified_targeted_A1_2009.rds
simplified_targeted_A1_2010.rds
simplified_targeted_A1_2011.rds
simplified_targeted_A1_2012.rds
simplified_targeted_A1_2013.rds
simplified_targeted_A1_2014.rds
simplified_targeted_A1_2015.rds
simplified_targeted_A1_2016.rds
simplified_targeted_A1_2017.rds
simplified_targeted_A1_2018.rds
simplified_targeted_A1_2019.rds
simplified_targeted_A1_2020.rds
simplified_targeted_A1_2021.rds
simplified_targeted_A1_2022.rds
simplified_targeted_A1_2023.rds
simplified_targeted_A1_2024.rds
Saved results to output/results/M/Eldo/2022/eb_results_MS_2022_Eldo_A1.rds

Processing: Species=MS, Year=2023, Origin=Eldo, Climate=A1, Sex=M
Looking for climate data at: /mmfs1/gscratch/biology/jmsmith/targeted_microclimate/A1/simplified_targeted_A1_2023.rds
Directory /mmfs1/gscratch/biology/jmsmith/targeted_microclimate/A1 exists. Contents:
simplified_targeted_A1_1945.rds
simplified_targeted_A1_1946.rds
simplified_targeted_A1_1947.rds
simplified_targeted_A1_1948.rds
simplified_targeted_A1_1949.rds
simplified_targeted_A1_1950.rds
simplified_targeted_A1_1951.rds
simplified_targeted_A1_1952.rds
simplified_targeted_A1_1953.rds
simplified_targeted_A1_1954.rds
simplified_targeted_A1_1955.rds
simplified_targeted_A1_1956.rds
simplified_targeted_A1_1957.rds
simplified_targeted_A1_1958.rds
simplified_targeted_A1_1959.rds
simplified_targeted_A1_1960.rds
simplified_targeted_A1_1961.rds
simplified_targeted_A1_1962.rds
simplified_targeted_A1_1963.rds
simplified_targeted_A1_1964.rds
simplified_targeted_A1_2005.rds
simplified_targeted_A1_2006.rds
simplified_targeted_A1_2007.rds
simplified_targeted_A1_2008.rds
simplified_targeted_A1_2009.rds
simplified_targeted_A1_2010.rds
simplified_targeted_A1_2011.rds
simplified_targeted_A1_2012.rds
simplified_targeted_A1_2013.rds
simplified_targeted_A1_2014.rds
simplified_targeted_A1_2015.rds
simplified_targeted_A1_2016.rds
simplified_targeted_A1_2017.rds
simplified_targeted_A1_2018.rds
simplified_targeted_A1_2019.rds
simplified_targeted_A1_2020.rds
simplified_targeted_A1_2021.rds
simplified_targeted_A1_2022.rds
simplified_targeted_A1_2023.rds
simplified_targeted_A1_2024.rds
Saved results to output/results/M/Eldo/2023/eb_results_MS_2023_Eldo_A1.rds

Processing: Species=MS, Year=2024, Origin=Eldo, Climate=A1, Sex=M
Looking for climate data at: /mmfs1/gscratch/biology/jmsmith/targeted_microclimate/A1/simplified_targeted_A1_2024.rds
Directory /mmfs1/gscratch/biology/jmsmith/targeted_microclimate/A1 exists. Contents:
simplified_targeted_A1_1945.rds
simplified_targeted_A1_1946.rds
simplified_targeted_A1_1947.rds
simplified_targeted_A1_1948.rds
simplified_targeted_A1_1949.rds
simplified_targeted_A1_1950.rds
simplified_targeted_A1_1951.rds
simplified_targeted_A1_1952.rds
simplified_targeted_A1_1953.rds
simplified_targeted_A1_1954.rds
simplified_targeted_A1_1955.rds
simplified_targeted_A1_1956.rds
simplified_targeted_A1_1957.rds
simplified_targeted_A1_1958.rds
simplified_targeted_A1_1959.rds
simplified_targeted_A1_1960.rds
simplified_targeted_A1_1961.rds
simplified_targeted_A1_1962.rds
simplified_targeted_A1_1963.rds
simplified_targeted_A1_1964.rds
simplified_targeted_A1_2005.rds
simplified_targeted_A1_2006.rds
simplified_targeted_A1_2007.rds
simplified_targeted_A1_2008.rds
simplified_targeted_A1_2009.rds
simplified_targeted_A1_2010.rds
simplified_targeted_A1_2011.rds
simplified_targeted_A1_2012.rds
simplified_targeted_A1_2013.rds
simplified_targeted_A1_2014.rds
simplified_targeted_A1_2015.rds
simplified_targeted_A1_2016.rds
simplified_targeted_A1_2017.rds
simplified_targeted_A1_2018.rds
simplified_targeted_A1_2019.rds
simplified_targeted_A1_2020.rds
simplified_targeted_A1_2021.rds
simplified_targeted_A1_2022.rds
simplified_targeted_A1_2023.rds
simplified_targeted_A1_2024.rds
Saved results to output/results/M/Eldo/2024/eb_results_MS_2024_Eldo_A1.rds

All years processed.
