Arguments received:
Species: MS
Years: 2005, 2006, 2007, 2008, 2009, 2010, 2011, 2012, 2013, 2014, 2015, 2016, 2017, 2018, 2019, 2020, 2021, 2022, 2023, 2024
Origin site: B1
Climate site: Eldo
Sex: F
Output directory: output/results/B1
Library paths:
[1] "/gscratch/biology/jmsmith/R"                          
[2] "/mmfs1/home/smithju/R/x86_64-pc-linux-gnu-library/4.4"
[3] "/usr/local/lib/R/site-library"                        
[4] "/usr/local/lib/R/library"                             
Package tidyverse loaded successfully
Package TrenchR loaded successfully
Package rTPC loaded successfully
Package lubridate loaded successfully

Processing: Species=MS, Year=2005, Origin=B1, Climate=Eldo, Sex=F
Looking for climate data at: /mmfs1/gscratch/biology/jmsmith/targeted_microclimate/Eldo/simplified_targeted_Eldo_2005.rds
Directory /mmfs1/gscratch/biology/jmsmith/targeted_microclimate/Eldo exists. Contents:
simplified_targeted_Eldo_1945.rds
simplified_targeted_Eldo_1946.rds
simplified_targeted_Eldo_1947.rds
simplified_targeted_Eldo_1948.rds
simplified_targeted_Eldo_1949.rds
simplified_targeted_Eldo_1950.rds
simplified_targeted_Eldo_1951.rds
simplified_targeted_Eldo_1952.rds
simplified_targeted_Eldo_1953.rds
simplified_targeted_Eldo_1954.rds
simplified_targeted_Eldo_1955.rds
simplified_targeted_Eldo_1956.rds
simplified_targeted_Eldo_1957.rds
simplified_targeted_Eldo_1958.rds
simplified_targeted_Eldo_1959.rds
simplified_targeted_Eldo_1960.rds
simplified_targeted_Eldo_1961.rds
simplified_targeted_Eldo_1962.rds
simplified_targeted_Eldo_1963.rds
simplified_targeted_Eldo_1964.rds
simplified_targeted_Eldo_2005.rds
simplified_targeted_Eldo_2006.rds
simplified_targeted_Eldo_2007.rds
simplified_targeted_Eldo_2008.rds
simplified_targeted_Eldo_2009.rds
simplified_targeted_Eldo_2010.rds
simplified_targeted_Eldo_2011.rds
simplified_targeted_Eldo_2012.rds
simplified_targeted_Eldo_2013.rds
simplified_targeted_Eldo_2014.rds
simplified_targeted_Eldo_2015.rds
simplified_targeted_Eldo_2016.rds
simplified_targeted_Eldo_2017.rds
simplified_targeted_Eldo_2018.rds
simplified_targeted_Eldo_2019.rds
simplified_targeted_Eldo_2020.rds
simplified_targeted_Eldo_2021.rds
simplified_targeted_Eldo_2022.rds
simplified_targeted_Eldo_2023.rds
simplified_targeted_Eldo_2024.rds
Saved results to output/results/B1/2005/F/eb_results_MS_2005_B1_Eldo.rds

Processing: Species=MS, Year=2006, Origin=B1, Climate=Eldo, Sex=F
Looking for climate data at: /mmfs1/gscratch/biology/jmsmith/targeted_microclimate/Eldo/simplified_targeted_Eldo_2006.rds
Directory /mmfs1/gscratch/biology/jmsmith/targeted_microclimate/Eldo exists. Contents:
simplified_targeted_Eldo_1945.rds
simplified_targeted_Eldo_1946.rds
simplified_targeted_Eldo_1947.rds
simplified_targeted_Eldo_1948.rds
simplified_targeted_Eldo_1949.rds
simplified_targeted_Eldo_1950.rds
simplified_targeted_Eldo_1951.rds
simplified_targeted_Eldo_1952.rds
simplified_targeted_Eldo_1953.rds
simplified_targeted_Eldo_1954.rds
simplified_targeted_Eldo_1955.rds
simplified_targeted_Eldo_1956.rds
simplified_targeted_Eldo_1957.rds
simplified_targeted_Eldo_1958.rds
simplified_targeted_Eldo_1959.rds
simplified_targeted_Eldo_1960.rds
simplified_targeted_Eldo_1961.rds
simplified_targeted_Eldo_1962.rds
simplified_targeted_Eldo_1963.rds
simplified_targeted_Eldo_1964.rds
simplified_targeted_Eldo_2005.rds
simplified_targeted_Eldo_2006.rds
simplified_targeted_Eldo_2007.rds
simplified_targeted_Eldo_2008.rds
simplified_targeted_Eldo_2009.rds
simplified_targeted_Eldo_2010.rds
simplified_targeted_Eldo_2011.rds
simplified_targeted_Eldo_2012.rds
simplified_targeted_Eldo_2013.rds
simplified_targeted_Eldo_2014.rds
simplified_targeted_Eldo_2015.rds
simplified_targeted_Eldo_2016.rds
simplified_targeted_Eldo_2017.rds
simplified_targeted_Eldo_2018.rds
simplified_targeted_Eldo_2019.rds
simplified_targeted_Eldo_2020.rds
simplified_targeted_Eldo_2021.rds
simplified_targeted_Eldo_2022.rds
simplified_targeted_Eldo_2023.rds
simplified_targeted_Eldo_2024.rds
Saved results to output/results/B1/2006/F/eb_results_MS_2006_B1_Eldo.rds

Processing: Species=MS, Year=2007, Origin=B1, Climate=Eldo, Sex=F
Looking for climate data at: /mmfs1/gscratch/biology/jmsmith/targeted_microclimate/Eldo/simplified_targeted_Eldo_2007.rds
Directory /mmfs1/gscratch/biology/jmsmith/targeted_microclimate/Eldo exists. Contents:
simplified_targeted_Eldo_1945.rds
simplified_targeted_Eldo_1946.rds
simplified_targeted_Eldo_1947.rds
simplified_targeted_Eldo_1948.rds
simplified_targeted_Eldo_1949.rds
simplified_targeted_Eldo_1950.rds
simplified_targeted_Eldo_1951.rds
simplified_targeted_Eldo_1952.rds
simplified_targeted_Eldo_1953.rds
simplified_targeted_Eldo_1954.rds
simplified_targeted_Eldo_1955.rds
simplified_targeted_Eldo_1956.rds
simplified_targeted_Eldo_1957.rds
simplified_targeted_Eldo_1958.rds
simplified_targeted_Eldo_1959.rds
simplified_targeted_Eldo_1960.rds
simplified_targeted_Eldo_1961.rds
simplified_targeted_Eldo_1962.rds
simplified_targeted_Eldo_1963.rds
simplified_targeted_Eldo_1964.rds
simplified_targeted_Eldo_2005.rds
simplified_targeted_Eldo_2006.rds
simplified_targeted_Eldo_2007.rds
simplified_targeted_Eldo_2008.rds
simplified_targeted_Eldo_2009.rds
simplified_targeted_Eldo_2010.rds
simplified_targeted_Eldo_2011.rds
simplified_targeted_Eldo_2012.rds
simplified_targeted_Eldo_2013.rds
simplified_targeted_Eldo_2014.rds
simplified_targeted_Eldo_2015.rds
simplified_targeted_Eldo_2016.rds
simplified_targeted_Eldo_2017.rds
simplified_targeted_Eldo_2018.rds
simplified_targeted_Eldo_2019.rds
simplified_targeted_Eldo_2020.rds
simplified_targeted_Eldo_2021.rds
simplified_targeted_Eldo_2022.rds
simplified_targeted_Eldo_2023.rds
simplified_targeted_Eldo_2024.rds
Saved results to output/results/B1/2007/F/eb_results_MS_2007_B1_Eldo.rds

Processing: Species=MS, Year=2008, Origin=B1, Climate=Eldo, Sex=F
Looking for climate data at: /mmfs1/gscratch/biology/jmsmith/targeted_microclimate/Eldo/simplified_targeted_Eldo_2008.rds
Directory /mmfs1/gscratch/biology/jmsmith/targeted_microclimate/Eldo exists. Contents:
simplified_targeted_Eldo_1945.rds
simplified_targeted_Eldo_1946.rds
simplified_targeted_Eldo_1947.rds
simplified_targeted_Eldo_1948.rds
simplified_targeted_Eldo_1949.rds
simplified_targeted_Eldo_1950.rds
simplified_targeted_Eldo_1951.rds
simplified_targeted_Eldo_1952.rds
simplified_targeted_Eldo_1953.rds
simplified_targeted_Eldo_1954.rds
simplified_targeted_Eldo_1955.rds
simplified_targeted_Eldo_1956.rds
simplified_targeted_Eldo_1957.rds
simplified_targeted_Eldo_1958.rds
simplified_targeted_Eldo_1959.rds
simplified_targeted_Eldo_1960.rds
simplified_targeted_Eldo_1961.rds
simplified_targeted_Eldo_1962.rds
simplified_targeted_Eldo_1963.rds
simplified_targeted_Eldo_1964.rds
simplified_targeted_Eldo_2005.rds
simplified_targeted_Eldo_2006.rds
simplified_targeted_Eldo_2007.rds
simplified_targeted_Eldo_2008.rds
simplified_targeted_Eldo_2009.rds
simplified_targeted_Eldo_2010.rds
simplified_targeted_Eldo_2011.rds
simplified_targeted_Eldo_2012.rds
simplified_targeted_Eldo_2013.rds
simplified_targeted_Eldo_2014.rds
simplified_targeted_Eldo_2015.rds
simplified_targeted_Eldo_2016.rds
simplified_targeted_Eldo_2017.rds
simplified_targeted_Eldo_2018.rds
simplified_targeted_Eldo_2019.rds
simplified_targeted_Eldo_2020.rds
simplified_targeted_Eldo_2021.rds
simplified_targeted_Eldo_2022.rds
simplified_targeted_Eldo_2023.rds
simplified_targeted_Eldo_2024.rds
Saved results to output/results/B1/2008/F/eb_results_MS_2008_B1_Eldo.rds

Processing: Species=MS, Year=2009, Origin=B1, Climate=Eldo, Sex=F
Looking for climate data at: /mmfs1/gscratch/biology/jmsmith/targeted_microclimate/Eldo/simplified_targeted_Eldo_2009.rds
Directory /mmfs1/gscratch/biology/jmsmith/targeted_microclimate/Eldo exists. Contents:
simplified_targeted_Eldo_1945.rds
simplified_targeted_Eldo_1946.rds
simplified_targeted_Eldo_1947.rds
simplified_targeted_Eldo_1948.rds
simplified_targeted_Eldo_1949.rds
simplified_targeted_Eldo_1950.rds
simplified_targeted_Eldo_1951.rds
simplified_targeted_Eldo_1952.rds
simplified_targeted_Eldo_1953.rds
simplified_targeted_Eldo_1954.rds
simplified_targeted_Eldo_1955.rds
simplified_targeted_Eldo_1956.rds
simplified_targeted_Eldo_1957.rds
simplified_targeted_Eldo_1958.rds
simplified_targeted_Eldo_1959.rds
simplified_targeted_Eldo_1960.rds
simplified_targeted_Eldo_1961.rds
simplified_targeted_Eldo_1962.rds
simplified_targeted_Eldo_1963.rds
simplified_targeted_Eldo_1964.rds
simplified_targeted_Eldo_2005.rds
simplified_targeted_Eldo_2006.rds
simplified_targeted_Eldo_2007.rds
simplified_targeted_Eldo_2008.rds
simplified_targeted_Eldo_2009.rds
simplified_targeted_Eldo_2010.rds
simplified_targeted_Eldo_2011.rds
simplified_targeted_Eldo_2012.rds
simplified_targeted_Eldo_2013.rds
simplified_targeted_Eldo_2014.rds
simplified_targeted_Eldo_2015.rds
simplified_targeted_Eldo_2016.rds
simplified_targeted_Eldo_2017.rds
simplified_targeted_Eldo_2018.rds
simplified_targeted_Eldo_2019.rds
simplified_targeted_Eldo_2020.rds
simplified_targeted_Eldo_2021.rds
simplified_targeted_Eldo_2022.rds
simplified_targeted_Eldo_2023.rds
simplified_targeted_Eldo_2024.rds
Saved results to output/results/B1/2009/F/eb_results_MS_2009_B1_Eldo.rds

Processing: Species=MS, Year=2010, Origin=B1, Climate=Eldo, Sex=F
Looking for climate data at: /mmfs1/gscratch/biology/jmsmith/targeted_microclimate/Eldo/simplified_targeted_Eldo_2010.rds
Directory /mmfs1/gscratch/biology/jmsmith/targeted_microclimate/Eldo exists. Contents:
simplified_targeted_Eldo_1945.rds
simplified_targeted_Eldo_1946.rds
simplified_targeted_Eldo_1947.rds
simplified_targeted_Eldo_1948.rds
simplified_targeted_Eldo_1949.rds
simplified_targeted_Eldo_1950.rds
simplified_targeted_Eldo_1951.rds
simplified_targeted_Eldo_1952.rds
simplified_targeted_Eldo_1953.rds
simplified_targeted_Eldo_1954.rds
simplified_targeted_Eldo_1955.rds
simplified_targeted_Eldo_1956.rds
simplified_targeted_Eldo_1957.rds
simplified_targeted_Eldo_1958.rds
simplified_targeted_Eldo_1959.rds
simplified_targeted_Eldo_1960.rds
simplified_targeted_Eldo_1961.rds
simplified_targeted_Eldo_1962.rds
simplified_targeted_Eldo_1963.rds
simplified_targeted_Eldo_1964.rds
simplified_targeted_Eldo_2005.rds
simplified_targeted_Eldo_2006.rds
simplified_targeted_Eldo_2007.rds
simplified_targeted_Eldo_2008.rds
simplified_targeted_Eldo_2009.rds
simplified_targeted_Eldo_2010.rds
simplified_targeted_Eldo_2011.rds
simplified_targeted_Eldo_2012.rds
simplified_targeted_Eldo_2013.rds
simplified_targeted_Eldo_2014.rds
simplified_targeted_Eldo_2015.rds
simplified_targeted_Eldo_2016.rds
simplified_targeted_Eldo_2017.rds
simplified_targeted_Eldo_2018.rds
simplified_targeted_Eldo_2019.rds
simplified_targeted_Eldo_2020.rds
simplified_targeted_Eldo_2021.rds
simplified_targeted_Eldo_2022.rds
simplified_targeted_Eldo_2023.rds
simplified_targeted_Eldo_2024.rds
Saved results to output/results/B1/2010/F/eb_results_MS_2010_B1_Eldo.rds

Processing: Species=MS, Year=2011, Origin=B1, Climate=Eldo, Sex=F
Looking for climate data at: /mmfs1/gscratch/biology/jmsmith/targeted_microclimate/Eldo/simplified_targeted_Eldo_2011.rds
Directory /mmfs1/gscratch/biology/jmsmith/targeted_microclimate/Eldo exists. Contents:
simplified_targeted_Eldo_1945.rds
simplified_targeted_Eldo_1946.rds
simplified_targeted_Eldo_1947.rds
simplified_targeted_Eldo_1948.rds
simplified_targeted_Eldo_1949.rds
simplified_targeted_Eldo_1950.rds
simplified_targeted_Eldo_1951.rds
simplified_targeted_Eldo_1952.rds
simplified_targeted_Eldo_1953.rds
simplified_targeted_Eldo_1954.rds
simplified_targeted_Eldo_1955.rds
simplified_targeted_Eldo_1956.rds
simplified_targeted_Eldo_1957.rds
simplified_targeted_Eldo_1958.rds
simplified_targeted_Eldo_1959.rds
simplified_targeted_Eldo_1960.rds
simplified_targeted_Eldo_1961.rds
simplified_targeted_Eldo_1962.rds
simplified_targeted_Eldo_1963.rds
simplified_targeted_Eldo_1964.rds
simplified_targeted_Eldo_2005.rds
simplified_targeted_Eldo_2006.rds
simplified_targeted_Eldo_2007.rds
simplified_targeted_Eldo_2008.rds
simplified_targeted_Eldo_2009.rds
simplified_targeted_Eldo_2010.rds
simplified_targeted_Eldo_2011.rds
simplified_targeted_Eldo_2012.rds
simplified_targeted_Eldo_2013.rds
simplified_targeted_Eldo_2014.rds
simplified_targeted_Eldo_2015.rds
simplified_targeted_Eldo_2016.rds
simplified_targeted_Eldo_2017.rds
simplified_targeted_Eldo_2018.rds
simplified_targeted_Eldo_2019.rds
simplified_targeted_Eldo_2020.rds
simplified_targeted_Eldo_2021.rds
simplified_targeted_Eldo_2022.rds
simplified_targeted_Eldo_2023.rds
simplified_targeted_Eldo_2024.rds
Saved results to output/results/B1/2011/F/eb_results_MS_2011_B1_Eldo.rds

Processing: Species=MS, Year=2012, Origin=B1, Climate=Eldo, Sex=F
Looking for climate data at: /mmfs1/gscratch/biology/jmsmith/targeted_microclimate/Eldo/simplified_targeted_Eldo_2012.rds
Directory /mmfs1/gscratch/biology/jmsmith/targeted_microclimate/Eldo exists. Contents:
simplified_targeted_Eldo_1945.rds
simplified_targeted_Eldo_1946.rds
simplified_targeted_Eldo_1947.rds
simplified_targeted_Eldo_1948.rds
simplified_targeted_Eldo_1949.rds
simplified_targeted_Eldo_1950.rds
simplified_targeted_Eldo_1951.rds
simplified_targeted_Eldo_1952.rds
simplified_targeted_Eldo_1953.rds
simplified_targeted_Eldo_1954.rds
simplified_targeted_Eldo_1955.rds
simplified_targeted_Eldo_1956.rds
simplified_targeted_Eldo_1957.rds
simplified_targeted_Eldo_1958.rds
simplified_targeted_Eldo_1959.rds
simplified_targeted_Eldo_1960.rds
simplified_targeted_Eldo_1961.rds
simplified_targeted_Eldo_1962.rds
simplified_targeted_Eldo_1963.rds
simplified_targeted_Eldo_1964.rds
simplified_targeted_Eldo_2005.rds
simplified_targeted_Eldo_2006.rds
simplified_targeted_Eldo_2007.rds
simplified_targeted_Eldo_2008.rds
simplified_targeted_Eldo_2009.rds
simplified_targeted_Eldo_2010.rds
simplified_targeted_Eldo_2011.rds
simplified_targeted_Eldo_2012.rds
simplified_targeted_Eldo_2013.rds
simplified_targeted_Eldo_2014.rds
simplified_targeted_Eldo_2015.rds
simplified_targeted_Eldo_2016.rds
simplified_targeted_Eldo_2017.rds
simplified_targeted_Eldo_2018.rds
simplified_targeted_Eldo_2019.rds
simplified_targeted_Eldo_2020.rds
simplified_targeted_Eldo_2021.rds
simplified_targeted_Eldo_2022.rds
simplified_targeted_Eldo_2023.rds
simplified_targeted_Eldo_2024.rds
Saved results to output/results/B1/2012/F/eb_results_MS_2012_B1_Eldo.rds

Processing: Species=MS, Year=2013, Origin=B1, Climate=Eldo, Sex=F
Looking for climate data at: /mmfs1/gscratch/biology/jmsmith/targeted_microclimate/Eldo/simplified_targeted_Eldo_2013.rds
Directory /mmfs1/gscratch/biology/jmsmith/targeted_microclimate/Eldo exists. Contents:
simplified_targeted_Eldo_1945.rds
simplified_targeted_Eldo_1946.rds
simplified_targeted_Eldo_1947.rds
simplified_targeted_Eldo_1948.rds
simplified_targeted_Eldo_1949.rds
simplified_targeted_Eldo_1950.rds
simplified_targeted_Eldo_1951.rds
simplified_targeted_Eldo_1952.rds
simplified_targeted_Eldo_1953.rds
simplified_targeted_Eldo_1954.rds
simplified_targeted_Eldo_1955.rds
simplified_targeted_Eldo_1956.rds
simplified_targeted_Eldo_1957.rds
simplified_targeted_Eldo_1958.rds
simplified_targeted_Eldo_1959.rds
simplified_targeted_Eldo_1960.rds
simplified_targeted_Eldo_1961.rds
simplified_targeted_Eldo_1962.rds
simplified_targeted_Eldo_1963.rds
simplified_targeted_Eldo_1964.rds
simplified_targeted_Eldo_2005.rds
simplified_targeted_Eldo_2006.rds
simplified_targeted_Eldo_2007.rds
simplified_targeted_Eldo_2008.rds
simplified_targeted_Eldo_2009.rds
simplified_targeted_Eldo_2010.rds
simplified_targeted_Eldo_2011.rds
simplified_targeted_Eldo_2012.rds
simplified_targeted_Eldo_2013.rds
simplified_targeted_Eldo_2014.rds
simplified_targeted_Eldo_2015.rds
simplified_targeted_Eldo_2016.rds
simplified_targeted_Eldo_2017.rds
simplified_targeted_Eldo_2018.rds
simplified_targeted_Eldo_2019.rds
simplified_targeted_Eldo_2020.rds
simplified_targeted_Eldo_2021.rds
simplified_targeted_Eldo_2022.rds
simplified_targeted_Eldo_2023.rds
simplified_targeted_Eldo_2024.rds
Saved results to output/results/B1/2013/F/eb_results_MS_2013_B1_Eldo.rds

Processing: Species=MS, Year=2014, Origin=B1, Climate=Eldo, Sex=F
Looking for climate data at: /mmfs1/gscratch/biology/jmsmith/targeted_microclimate/Eldo/simplified_targeted_Eldo_2014.rds
Directory /mmfs1/gscratch/biology/jmsmith/targeted_microclimate/Eldo exists. Contents:
simplified_targeted_Eldo_1945.rds
simplified_targeted_Eldo_1946.rds
simplified_targeted_Eldo_1947.rds
simplified_targeted_Eldo_1948.rds
simplified_targeted_Eldo_1949.rds
simplified_targeted_Eldo_1950.rds
simplified_targeted_Eldo_1951.rds
simplified_targeted_Eldo_1952.rds
simplified_targeted_Eldo_1953.rds
simplified_targeted_Eldo_1954.rds
simplified_targeted_Eldo_1955.rds
simplified_targeted_Eldo_1956.rds
simplified_targeted_Eldo_1957.rds
simplified_targeted_Eldo_1958.rds
simplified_targeted_Eldo_1959.rds
simplified_targeted_Eldo_1960.rds
simplified_targeted_Eldo_1961.rds
simplified_targeted_Eldo_1962.rds
simplified_targeted_Eldo_1963.rds
simplified_targeted_Eldo_1964.rds
simplified_targeted_Eldo_2005.rds
simplified_targeted_Eldo_2006.rds
simplified_targeted_Eldo_2007.rds
simplified_targeted_Eldo_2008.rds
simplified_targeted_Eldo_2009.rds
simplified_targeted_Eldo_2010.rds
simplified_targeted_Eldo_2011.rds
simplified_targeted_Eldo_2012.rds
simplified_targeted_Eldo_2013.rds
simplified_targeted_Eldo_2014.rds
simplified_targeted_Eldo_2015.rds
simplified_targeted_Eldo_2016.rds
simplified_targeted_Eldo_2017.rds
simplified_targeted_Eldo_2018.rds
simplified_targeted_Eldo_2019.rds
simplified_targeted_Eldo_2020.rds
simplified_targeted_Eldo_2021.rds
simplified_targeted_Eldo_2022.rds
simplified_targeted_Eldo_2023.rds
simplified_targeted_Eldo_2024.rds
Saved results to output/results/B1/2014/F/eb_results_MS_2014_B1_Eldo.rds

Processing: Species=MS, Year=2015, Origin=B1, Climate=Eldo, Sex=F
Looking for climate data at: /mmfs1/gscratch/biology/jmsmith/targeted_microclimate/Eldo/simplified_targeted_Eldo_2015.rds
Directory /mmfs1/gscratch/biology/jmsmith/targeted_microclimate/Eldo exists. Contents:
simplified_targeted_Eldo_1945.rds
simplified_targeted_Eldo_1946.rds
simplified_targeted_Eldo_1947.rds
simplified_targeted_Eldo_1948.rds
simplified_targeted_Eldo_1949.rds
simplified_targeted_Eldo_1950.rds
simplified_targeted_Eldo_1951.rds
simplified_targeted_Eldo_1952.rds
simplified_targeted_Eldo_1953.rds
simplified_targeted_Eldo_1954.rds
simplified_targeted_Eldo_1955.rds
simplified_targeted_Eldo_1956.rds
simplified_targeted_Eldo_1957.rds
simplified_targeted_Eldo_1958.rds
simplified_targeted_Eldo_1959.rds
simplified_targeted_Eldo_1960.rds
simplified_targeted_Eldo_1961.rds
simplified_targeted_Eldo_1962.rds
simplified_targeted_Eldo_1963.rds
simplified_targeted_Eldo_1964.rds
simplified_targeted_Eldo_2005.rds
simplified_targeted_Eldo_2006.rds
simplified_targeted_Eldo_2007.rds
simplified_targeted_Eldo_2008.rds
simplified_targeted_Eldo_2009.rds
simplified_targeted_Eldo_2010.rds
simplified_targeted_Eldo_2011.rds
simplified_targeted_Eldo_2012.rds
simplified_targeted_Eldo_2013.rds
simplified_targeted_Eldo_2014.rds
simplified_targeted_Eldo_2015.rds
simplified_targeted_Eldo_2016.rds
simplified_targeted_Eldo_2017.rds
simplified_targeted_Eldo_2018.rds
simplified_targeted_Eldo_2019.rds
simplified_targeted_Eldo_2020.rds
simplified_targeted_Eldo_2021.rds
simplified_targeted_Eldo_2022.rds
simplified_targeted_Eldo_2023.rds
simplified_targeted_Eldo_2024.rds
Saved results to output/results/B1/2015/F/eb_results_MS_2015_B1_Eldo.rds

Processing: Species=MS, Year=2016, Origin=B1, Climate=Eldo, Sex=F
Looking for climate data at: /mmfs1/gscratch/biology/jmsmith/targeted_microclimate/Eldo/simplified_targeted_Eldo_2016.rds
Directory /mmfs1/gscratch/biology/jmsmith/targeted_microclimate/Eldo exists. Contents:
simplified_targeted_Eldo_1945.rds
simplified_targeted_Eldo_1946.rds
simplified_targeted_Eldo_1947.rds
simplified_targeted_Eldo_1948.rds
simplified_targeted_Eldo_1949.rds
simplified_targeted_Eldo_1950.rds
simplified_targeted_Eldo_1951.rds
simplified_targeted_Eldo_1952.rds
simplified_targeted_Eldo_1953.rds
simplified_targeted_Eldo_1954.rds
simplified_targeted_Eldo_1955.rds
simplified_targeted_Eldo_1956.rds
simplified_targeted_Eldo_1957.rds
simplified_targeted_Eldo_1958.rds
simplified_targeted_Eldo_1959.rds
simplified_targeted_Eldo_1960.rds
simplified_targeted_Eldo_1961.rds
simplified_targeted_Eldo_1962.rds
simplified_targeted_Eldo_1963.rds
simplified_targeted_Eldo_1964.rds
simplified_targeted_Eldo_2005.rds
simplified_targeted_Eldo_2006.rds
simplified_targeted_Eldo_2007.rds
simplified_targeted_Eldo_2008.rds
simplified_targeted_Eldo_2009.rds
simplified_targeted_Eldo_2010.rds
simplified_targeted_Eldo_2011.rds
simplified_targeted_Eldo_2012.rds
simplified_targeted_Eldo_2013.rds
simplified_targeted_Eldo_2014.rds
simplified_targeted_Eldo_2015.rds
simplified_targeted_Eldo_2016.rds
simplified_targeted_Eldo_2017.rds
simplified_targeted_Eldo_2018.rds
simplified_targeted_Eldo_2019.rds
simplified_targeted_Eldo_2020.rds
simplified_targeted_Eldo_2021.rds
simplified_targeted_Eldo_2022.rds
simplified_targeted_Eldo_2023.rds
simplified_targeted_Eldo_2024.rds
Saved results to output/results/B1/2016/F/eb_results_MS_2016_B1_Eldo.rds

Processing: Species=MS, Year=2017, Origin=B1, Climate=Eldo, Sex=F
Looking for climate data at: /mmfs1/gscratch/biology/jmsmith/targeted_microclimate/Eldo/simplified_targeted_Eldo_2017.rds
Directory /mmfs1/gscratch/biology/jmsmith/targeted_microclimate/Eldo exists. Contents:
simplified_targeted_Eldo_1945.rds
simplified_targeted_Eldo_1946.rds
simplified_targeted_Eldo_1947.rds
simplified_targeted_Eldo_1948.rds
simplified_targeted_Eldo_1949.rds
simplified_targeted_Eldo_1950.rds
simplified_targeted_Eldo_1951.rds
simplified_targeted_Eldo_1952.rds
simplified_targeted_Eldo_1953.rds
simplified_targeted_Eldo_1954.rds
simplified_targeted_Eldo_1955.rds
simplified_targeted_Eldo_1956.rds
simplified_targeted_Eldo_1957.rds
simplified_targeted_Eldo_1958.rds
simplified_targeted_Eldo_1959.rds
simplified_targeted_Eldo_1960.rds
simplified_targeted_Eldo_1961.rds
simplified_targeted_Eldo_1962.rds
simplified_targeted_Eldo_1963.rds
simplified_targeted_Eldo_1964.rds
simplified_targeted_Eldo_2005.rds
simplified_targeted_Eldo_2006.rds
simplified_targeted_Eldo_2007.rds
simplified_targeted_Eldo_2008.rds
simplified_targeted_Eldo_2009.rds
simplified_targeted_Eldo_2010.rds
simplified_targeted_Eldo_2011.rds
simplified_targeted_Eldo_2012.rds
simplified_targeted_Eldo_2013.rds
simplified_targeted_Eldo_2014.rds
simplified_targeted_Eldo_2015.rds
simplified_targeted_Eldo_2016.rds
simplified_targeted_Eldo_2017.rds
simplified_targeted_Eldo_2018.rds
simplified_targeted_Eldo_2019.rds
simplified_targeted_Eldo_2020.rds
simplified_targeted_Eldo_2021.rds
simplified_targeted_Eldo_2022.rds
simplified_targeted_Eldo_2023.rds
simplified_targeted_Eldo_2024.rds
Saved results to output/results/B1/2017/F/eb_results_MS_2017_B1_Eldo.rds

Processing: Species=MS, Year=2018, Origin=B1, Climate=Eldo, Sex=F
Looking for climate data at: /mmfs1/gscratch/biology/jmsmith/targeted_microclimate/Eldo/simplified_targeted_Eldo_2018.rds
Directory /mmfs1/gscratch/biology/jmsmith/targeted_microclimate/Eldo exists. Contents:
simplified_targeted_Eldo_1945.rds
simplified_targeted_Eldo_1946.rds
simplified_targeted_Eldo_1947.rds
simplified_targeted_Eldo_1948.rds
simplified_targeted_Eldo_1949.rds
simplified_targeted_Eldo_1950.rds
simplified_targeted_Eldo_1951.rds
simplified_targeted_Eldo_1952.rds
simplified_targeted_Eldo_1953.rds
simplified_targeted_Eldo_1954.rds
simplified_targeted_Eldo_1955.rds
simplified_targeted_Eldo_1956.rds
simplified_targeted_Eldo_1957.rds
simplified_targeted_Eldo_1958.rds
simplified_targeted_Eldo_1959.rds
simplified_targeted_Eldo_1960.rds
simplified_targeted_Eldo_1961.rds
simplified_targeted_Eldo_1962.rds
simplified_targeted_Eldo_1963.rds
simplified_targeted_Eldo_1964.rds
simplified_targeted_Eldo_2005.rds
simplified_targeted_Eldo_2006.rds
simplified_targeted_Eldo_2007.rds
simplified_targeted_Eldo_2008.rds
simplified_targeted_Eldo_2009.rds
simplified_targeted_Eldo_2010.rds
simplified_targeted_Eldo_2011.rds
simplified_targeted_Eldo_2012.rds
simplified_targeted_Eldo_2013.rds
simplified_targeted_Eldo_2014.rds
simplified_targeted_Eldo_2015.rds
simplified_targeted_Eldo_2016.rds
simplified_targeted_Eldo_2017.rds
simplified_targeted_Eldo_2018.rds
simplified_targeted_Eldo_2019.rds
simplified_targeted_Eldo_2020.rds
simplified_targeted_Eldo_2021.rds
simplified_targeted_Eldo_2022.rds
simplified_targeted_Eldo_2023.rds
simplified_targeted_Eldo_2024.rds
Saved results to output/results/B1/2018/F/eb_results_MS_2018_B1_Eldo.rds

Processing: Species=MS, Year=2019, Origin=B1, Climate=Eldo, Sex=F
Looking for climate data at: /mmfs1/gscratch/biology/jmsmith/targeted_microclimate/Eldo/simplified_targeted_Eldo_2019.rds
Directory /mmfs1/gscratch/biology/jmsmith/targeted_microclimate/Eldo exists. Contents:
simplified_targeted_Eldo_1945.rds
simplified_targeted_Eldo_1946.rds
simplified_targeted_Eldo_1947.rds
simplified_targeted_Eldo_1948.rds
simplified_targeted_Eldo_1949.rds
simplified_targeted_Eldo_1950.rds
simplified_targeted_Eldo_1951.rds
simplified_targeted_Eldo_1952.rds
simplified_targeted_Eldo_1953.rds
simplified_targeted_Eldo_1954.rds
simplified_targeted_Eldo_1955.rds
simplified_targeted_Eldo_1956.rds
simplified_targeted_Eldo_1957.rds
simplified_targeted_Eldo_1958.rds
simplified_targeted_Eldo_1959.rds
simplified_targeted_Eldo_1960.rds
simplified_targeted_Eldo_1961.rds
simplified_targeted_Eldo_1962.rds
simplified_targeted_Eldo_1963.rds
simplified_targeted_Eldo_1964.rds
simplified_targeted_Eldo_2005.rds
simplified_targeted_Eldo_2006.rds
simplified_targeted_Eldo_2007.rds
simplified_targeted_Eldo_2008.rds
simplified_targeted_Eldo_2009.rds
simplified_targeted_Eldo_2010.rds
simplified_targeted_Eldo_2011.rds
simplified_targeted_Eldo_2012.rds
simplified_targeted_Eldo_2013.rds
simplified_targeted_Eldo_2014.rds
simplified_targeted_Eldo_2015.rds
simplified_targeted_Eldo_2016.rds
simplified_targeted_Eldo_2017.rds
simplified_targeted_Eldo_2018.rds
simplified_targeted_Eldo_2019.rds
simplified_targeted_Eldo_2020.rds
simplified_targeted_Eldo_2021.rds
simplified_targeted_Eldo_2022.rds
simplified_targeted_Eldo_2023.rds
simplified_targeted_Eldo_2024.rds
Saved results to output/results/B1/2019/F/eb_results_MS_2019_B1_Eldo.rds

Processing: Species=MS, Year=2020, Origin=B1, Climate=Eldo, Sex=F
Looking for climate data at: /mmfs1/gscratch/biology/jmsmith/targeted_microclimate/Eldo/simplified_targeted_Eldo_2020.rds
Directory /mmfs1/gscratch/biology/jmsmith/targeted_microclimate/Eldo exists. Contents:
simplified_targeted_Eldo_1945.rds
simplified_targeted_Eldo_1946.rds
simplified_targeted_Eldo_1947.rds
simplified_targeted_Eldo_1948.rds
simplified_targeted_Eldo_1949.rds
simplified_targeted_Eldo_1950.rds
simplified_targeted_Eldo_1951.rds
simplified_targeted_Eldo_1952.rds
simplified_targeted_Eldo_1953.rds
simplified_targeted_Eldo_1954.rds
simplified_targeted_Eldo_1955.rds
simplified_targeted_Eldo_1956.rds
simplified_targeted_Eldo_1957.rds
simplified_targeted_Eldo_1958.rds
simplified_targeted_Eldo_1959.rds
simplified_targeted_Eldo_1960.rds
simplified_targeted_Eldo_1961.rds
simplified_targeted_Eldo_1962.rds
simplified_targeted_Eldo_1963.rds
simplified_targeted_Eldo_1964.rds
simplified_targeted_Eldo_2005.rds
simplified_targeted_Eldo_2006.rds
simplified_targeted_Eldo_2007.rds
simplified_targeted_Eldo_2008.rds
simplified_targeted_Eldo_2009.rds
simplified_targeted_Eldo_2010.rds
simplified_targeted_Eldo_2011.rds
simplified_targeted_Eldo_2012.rds
simplified_targeted_Eldo_2013.rds
simplified_targeted_Eldo_2014.rds
simplified_targeted_Eldo_2015.rds
simplified_targeted_Eldo_2016.rds
simplified_targeted_Eldo_2017.rds
simplified_targeted_Eldo_2018.rds
simplified_targeted_Eldo_2019.rds
simplified_targeted_Eldo_2020.rds
simplified_targeted_Eldo_2021.rds
simplified_targeted_Eldo_2022.rds
simplified_targeted_Eldo_2023.rds
simplified_targeted_Eldo_2024.rds
Saved results to output/results/B1/2020/F/eb_results_MS_2020_B1_Eldo.rds

Processing: Species=MS, Year=2021, Origin=B1, Climate=Eldo, Sex=F
Looking for climate data at: /mmfs1/gscratch/biology/jmsmith/targeted_microclimate/Eldo/simplified_targeted_Eldo_2021.rds
Directory /mmfs1/gscratch/biology/jmsmith/targeted_microclimate/Eldo exists. Contents:
simplified_targeted_Eldo_1945.rds
simplified_targeted_Eldo_1946.rds
simplified_targeted_Eldo_1947.rds
simplified_targeted_Eldo_1948.rds
simplified_targeted_Eldo_1949.rds
simplified_targeted_Eldo_1950.rds
simplified_targeted_Eldo_1951.rds
simplified_targeted_Eldo_1952.rds
simplified_targeted_Eldo_1953.rds
simplified_targeted_Eldo_1954.rds
simplified_targeted_Eldo_1955.rds
simplified_targeted_Eldo_1956.rds
simplified_targeted_Eldo_1957.rds
simplified_targeted_Eldo_1958.rds
simplified_targeted_Eldo_1959.rds
simplified_targeted_Eldo_1960.rds
simplified_targeted_Eldo_1961.rds
simplified_targeted_Eldo_1962.rds
simplified_targeted_Eldo_1963.rds
simplified_targeted_Eldo_1964.rds
simplified_targeted_Eldo_2005.rds
simplified_targeted_Eldo_2006.rds
simplified_targeted_Eldo_2007.rds
simplified_targeted_Eldo_2008.rds
simplified_targeted_Eldo_2009.rds
simplified_targeted_Eldo_2010.rds
simplified_targeted_Eldo_2011.rds
simplified_targeted_Eldo_2012.rds
simplified_targeted_Eldo_2013.rds
simplified_targeted_Eldo_2014.rds
simplified_targeted_Eldo_2015.rds
simplified_targeted_Eldo_2016.rds
simplified_targeted_Eldo_2017.rds
simplified_targeted_Eldo_2018.rds
simplified_targeted_Eldo_2019.rds
simplified_targeted_Eldo_2020.rds
simplified_targeted_Eldo_2021.rds
simplified_targeted_Eldo_2022.rds
simplified_targeted_Eldo_2023.rds
simplified_targeted_Eldo_2024.rds
Saved results to output/results/B1/2021/F/eb_results_MS_2021_B1_Eldo.rds

Processing: Species=MS, Year=2022, Origin=B1, Climate=Eldo, Sex=F
Looking for climate data at: /mmfs1/gscratch/biology/jmsmith/targeted_microclimate/Eldo/simplified_targeted_Eldo_2022.rds
Directory /mmfs1/gscratch/biology/jmsmith/targeted_microclimate/Eldo exists. Contents:
simplified_targeted_Eldo_1945.rds
simplified_targeted_Eldo_1946.rds
simplified_targeted_Eldo_1947.rds
simplified_targeted_Eldo_1948.rds
simplified_targeted_Eldo_1949.rds
simplified_targeted_Eldo_1950.rds
simplified_targeted_Eldo_1951.rds
simplified_targeted_Eldo_1952.rds
simplified_targeted_Eldo_1953.rds
simplified_targeted_Eldo_1954.rds
simplified_targeted_Eldo_1955.rds
simplified_targeted_Eldo_1956.rds
simplified_targeted_Eldo_1957.rds
simplified_targeted_Eldo_1958.rds
simplified_targeted_Eldo_1959.rds
simplified_targeted_Eldo_1960.rds
simplified_targeted_Eldo_1961.rds
simplified_targeted_Eldo_1962.rds
simplified_targeted_Eldo_1963.rds
simplified_targeted_Eldo_1964.rds
simplified_targeted_Eldo_2005.rds
simplified_targeted_Eldo_2006.rds
simplified_targeted_Eldo_2007.rds
simplified_targeted_Eldo_2008.rds
simplified_targeted_Eldo_2009.rds
simplified_targeted_Eldo_2010.rds
simplified_targeted_Eldo_2011.rds
simplified_targeted_Eldo_2012.rds
simplified_targeted_Eldo_2013.rds
simplified_targeted_Eldo_2014.rds
simplified_targeted_Eldo_2015.rds
simplified_targeted_Eldo_2016.rds
simplified_targeted_Eldo_2017.rds
simplified_targeted_Eldo_2018.rds
simplified_targeted_Eldo_2019.rds
simplified_targeted_Eldo_2020.rds
simplified_targeted_Eldo_2021.rds
simplified_targeted_Eldo_2022.rds
simplified_targeted_Eldo_2023.rds
simplified_targeted_Eldo_2024.rds
Saved results to output/results/B1/2022/F/eb_results_MS_2022_B1_Eldo.rds

Processing: Species=MS, Year=2023, Origin=B1, Climate=Eldo, Sex=F
Looking for climate data at: /mmfs1/gscratch/biology/jmsmith/targeted_microclimate/Eldo/simplified_targeted_Eldo_2023.rds
Directory /mmfs1/gscratch/biology/jmsmith/targeted_microclimate/Eldo exists. Contents:
simplified_targeted_Eldo_1945.rds
simplified_targeted_Eldo_1946.rds
simplified_targeted_Eldo_1947.rds
simplified_targeted_Eldo_1948.rds
simplified_targeted_Eldo_1949.rds
simplified_targeted_Eldo_1950.rds
simplified_targeted_Eldo_1951.rds
simplified_targeted_Eldo_1952.rds
simplified_targeted_Eldo_1953.rds
simplified_targeted_Eldo_1954.rds
simplified_targeted_Eldo_1955.rds
simplified_targeted_Eldo_1956.rds
simplified_targeted_Eldo_1957.rds
simplified_targeted_Eldo_1958.rds
simplified_targeted_Eldo_1959.rds
simplified_targeted_Eldo_1960.rds
simplified_targeted_Eldo_1961.rds
simplified_targeted_Eldo_1962.rds
simplified_targeted_Eldo_1963.rds
simplified_targeted_Eldo_1964.rds
simplified_targeted_Eldo_2005.rds
simplified_targeted_Eldo_2006.rds
simplified_targeted_Eldo_2007.rds
simplified_targeted_Eldo_2008.rds
simplified_targeted_Eldo_2009.rds
simplified_targeted_Eldo_2010.rds
simplified_targeted_Eldo_2011.rds
simplified_targeted_Eldo_2012.rds
simplified_targeted_Eldo_2013.rds
simplified_targeted_Eldo_2014.rds
simplified_targeted_Eldo_2015.rds
simplified_targeted_Eldo_2016.rds
simplified_targeted_Eldo_2017.rds
simplified_targeted_Eldo_2018.rds
simplified_targeted_Eldo_2019.rds
simplified_targeted_Eldo_2020.rds
simplified_targeted_Eldo_2021.rds
simplified_targeted_Eldo_2022.rds
simplified_targeted_Eldo_2023.rds
simplified_targeted_Eldo_2024.rds
Saved results to output/results/B1/2023/F/eb_results_MS_2023_B1_Eldo.rds

Processing: Species=MS, Year=2024, Origin=B1, Climate=Eldo, Sex=F
Looking for climate data at: /mmfs1/gscratch/biology/jmsmith/targeted_microclimate/Eldo/simplified_targeted_Eldo_2024.rds
Directory /mmfs1/gscratch/biology/jmsmith/targeted_microclimate/Eldo exists. Contents:
simplified_targeted_Eldo_1945.rds
simplified_targeted_Eldo_1946.rds
simplified_targeted_Eldo_1947.rds
simplified_targeted_Eldo_1948.rds
simplified_targeted_Eldo_1949.rds
simplified_targeted_Eldo_1950.rds
simplified_targeted_Eldo_1951.rds
simplified_targeted_Eldo_1952.rds
simplified_targeted_Eldo_1953.rds
simplified_targeted_Eldo_1954.rds
simplified_targeted_Eldo_1955.rds
simplified_targeted_Eldo_1956.rds
simplified_targeted_Eldo_1957.rds
simplified_targeted_Eldo_1958.rds
simplified_targeted_Eldo_1959.rds
simplified_targeted_Eldo_1960.rds
simplified_targeted_Eldo_1961.rds
simplified_targeted_Eldo_1962.rds
simplified_targeted_Eldo_1963.rds
simplified_targeted_Eldo_1964.rds
simplified_targeted_Eldo_2005.rds
simplified_targeted_Eldo_2006.rds
simplified_targeted_Eldo_2007.rds
simplified_targeted_Eldo_2008.rds
simplified_targeted_Eldo_2009.rds
simplified_targeted_Eldo_2010.rds
simplified_targeted_Eldo_2011.rds
simplified_targeted_Eldo_2012.rds
simplified_targeted_Eldo_2013.rds
simplified_targeted_Eldo_2014.rds
simplified_targeted_Eldo_2015.rds
simplified_targeted_Eldo_2016.rds
simplified_targeted_Eldo_2017.rds
simplified_targeted_Eldo_2018.rds
simplified_targeted_Eldo_2019.rds
simplified_targeted_Eldo_2020.rds
simplified_targeted_Eldo_2021.rds
simplified_targeted_Eldo_2022.rds
simplified_targeted_Eldo_2023.rds
simplified_targeted_Eldo_2024.rds
Saved results to output/results/B1/2024/F/eb_results_MS_2024_B1_Eldo.rds

All years processed.
