Arguments received:
Species: MB
Years: 2005, 2006, 2007, 2008, 2009, 2010, 2011, 2012, 2013, 2014, 2015, 2016, 2017, 2018, 2019, 2020, 2021, 2022, 2023, 2024
Origin site: A1
Climate site: C1
Sex: F
Output directory: output/results/A1
Library paths:
[1] "/gscratch/biology/jmsmith/R"                          
[2] "/mmfs1/home/smithju/R/x86_64-pc-linux-gnu-library/4.4"
[3] "/usr/local/lib/R/site-library"                        
[4] "/usr/local/lib/R/library"                             
Package tidyverse loaded successfully
Package TrenchR loaded successfully
Package rTPC loaded successfully
Package lubridate loaded successfully

Processing: Species=MB, Year=2005, Origin=A1, Climate=C1, Sex=F
Looking for climate data at: /mmfs1/gscratch/biology/jmsmith/targeted_microclimate/C1/simplified_targeted_C1_2005.rds
Directory /mmfs1/gscratch/biology/jmsmith/targeted_microclimate/C1 exists. Contents:
simplified_targeted_C1_1945.rds
simplified_targeted_C1_1946.rds
simplified_targeted_C1_1947.rds
simplified_targeted_C1_1948.rds
simplified_targeted_C1_1949.rds
simplified_targeted_C1_1950.rds
simplified_targeted_C1_1951.rds
simplified_targeted_C1_1952.rds
simplified_targeted_C1_1953.rds
simplified_targeted_C1_1954.rds
simplified_targeted_C1_1955.rds
simplified_targeted_C1_1956.rds
simplified_targeted_C1_1957.rds
simplified_targeted_C1_1958.rds
simplified_targeted_C1_1959.rds
simplified_targeted_C1_1960.rds
simplified_targeted_C1_1961.rds
simplified_targeted_C1_1962.rds
simplified_targeted_C1_1963.rds
simplified_targeted_C1_1964.rds
simplified_targeted_C1_2005.rds
simplified_targeted_C1_2006.rds
simplified_targeted_C1_2007.rds
simplified_targeted_C1_2008.rds
simplified_targeted_C1_2009.rds
simplified_targeted_C1_2010.rds
simplified_targeted_C1_2011.rds
simplified_targeted_C1_2012.rds
simplified_targeted_C1_2013.rds
simplified_targeted_C1_2014.rds
simplified_targeted_C1_2015.rds
simplified_targeted_C1_2016.rds
simplified_targeted_C1_2017.rds
simplified_targeted_C1_2018.rds
simplified_targeted_C1_2019.rds
simplified_targeted_C1_2020.rds
simplified_targeted_C1_2021.rds
simplified_targeted_C1_2022.rds
simplified_targeted_C1_2023.rds
simplified_targeted_C1_2024.rds
Saved results to output/results/A1/2005/F/eb_results_MB_2005_A1_C1.rds

Processing: Species=MB, Year=2006, Origin=A1, Climate=C1, Sex=F
Looking for climate data at: /mmfs1/gscratch/biology/jmsmith/targeted_microclimate/C1/simplified_targeted_C1_2006.rds
Directory /mmfs1/gscratch/biology/jmsmith/targeted_microclimate/C1 exists. Contents:
simplified_targeted_C1_1945.rds
simplified_targeted_C1_1946.rds
simplified_targeted_C1_1947.rds
simplified_targeted_C1_1948.rds
simplified_targeted_C1_1949.rds
simplified_targeted_C1_1950.rds
simplified_targeted_C1_1951.rds
simplified_targeted_C1_1952.rds
simplified_targeted_C1_1953.rds
simplified_targeted_C1_1954.rds
simplified_targeted_C1_1955.rds
simplified_targeted_C1_1956.rds
simplified_targeted_C1_1957.rds
simplified_targeted_C1_1958.rds
simplified_targeted_C1_1959.rds
simplified_targeted_C1_1960.rds
simplified_targeted_C1_1961.rds
simplified_targeted_C1_1962.rds
simplified_targeted_C1_1963.rds
simplified_targeted_C1_1964.rds
simplified_targeted_C1_2005.rds
simplified_targeted_C1_2006.rds
simplified_targeted_C1_2007.rds
simplified_targeted_C1_2008.rds
simplified_targeted_C1_2009.rds
simplified_targeted_C1_2010.rds
simplified_targeted_C1_2011.rds
simplified_targeted_C1_2012.rds
simplified_targeted_C1_2013.rds
simplified_targeted_C1_2014.rds
simplified_targeted_C1_2015.rds
simplified_targeted_C1_2016.rds
simplified_targeted_C1_2017.rds
simplified_targeted_C1_2018.rds
simplified_targeted_C1_2019.rds
simplified_targeted_C1_2020.rds
simplified_targeted_C1_2021.rds
simplified_targeted_C1_2022.rds
simplified_targeted_C1_2023.rds
simplified_targeted_C1_2024.rds
Saved results to output/results/A1/2006/F/eb_results_MB_2006_A1_C1.rds

Processing: Species=MB, Year=2007, Origin=A1, Climate=C1, Sex=F
Looking for climate data at: /mmfs1/gscratch/biology/jmsmith/targeted_microclimate/C1/simplified_targeted_C1_2007.rds
Directory /mmfs1/gscratch/biology/jmsmith/targeted_microclimate/C1 exists. Contents:
simplified_targeted_C1_1945.rds
simplified_targeted_C1_1946.rds
simplified_targeted_C1_1947.rds
simplified_targeted_C1_1948.rds
simplified_targeted_C1_1949.rds
simplified_targeted_C1_1950.rds
simplified_targeted_C1_1951.rds
simplified_targeted_C1_1952.rds
simplified_targeted_C1_1953.rds
simplified_targeted_C1_1954.rds
simplified_targeted_C1_1955.rds
simplified_targeted_C1_1956.rds
simplified_targeted_C1_1957.rds
simplified_targeted_C1_1958.rds
simplified_targeted_C1_1959.rds
simplified_targeted_C1_1960.rds
simplified_targeted_C1_1961.rds
simplified_targeted_C1_1962.rds
simplified_targeted_C1_1963.rds
simplified_targeted_C1_1964.rds
simplified_targeted_C1_2005.rds
simplified_targeted_C1_2006.rds
simplified_targeted_C1_2007.rds
simplified_targeted_C1_2008.rds
simplified_targeted_C1_2009.rds
simplified_targeted_C1_2010.rds
simplified_targeted_C1_2011.rds
simplified_targeted_C1_2012.rds
simplified_targeted_C1_2013.rds
simplified_targeted_C1_2014.rds
simplified_targeted_C1_2015.rds
simplified_targeted_C1_2016.rds
simplified_targeted_C1_2017.rds
simplified_targeted_C1_2018.rds
simplified_targeted_C1_2019.rds
simplified_targeted_C1_2020.rds
simplified_targeted_C1_2021.rds
simplified_targeted_C1_2022.rds
simplified_targeted_C1_2023.rds
simplified_targeted_C1_2024.rds
Saved results to output/results/A1/2007/F/eb_results_MB_2007_A1_C1.rds

Processing: Species=MB, Year=2008, Origin=A1, Climate=C1, Sex=F
Looking for climate data at: /mmfs1/gscratch/biology/jmsmith/targeted_microclimate/C1/simplified_targeted_C1_2008.rds
Directory /mmfs1/gscratch/biology/jmsmith/targeted_microclimate/C1 exists. Contents:
simplified_targeted_C1_1945.rds
simplified_targeted_C1_1946.rds
simplified_targeted_C1_1947.rds
simplified_targeted_C1_1948.rds
simplified_targeted_C1_1949.rds
simplified_targeted_C1_1950.rds
simplified_targeted_C1_1951.rds
simplified_targeted_C1_1952.rds
simplified_targeted_C1_1953.rds
simplified_targeted_C1_1954.rds
simplified_targeted_C1_1955.rds
simplified_targeted_C1_1956.rds
simplified_targeted_C1_1957.rds
simplified_targeted_C1_1958.rds
simplified_targeted_C1_1959.rds
simplified_targeted_C1_1960.rds
simplified_targeted_C1_1961.rds
simplified_targeted_C1_1962.rds
simplified_targeted_C1_1963.rds
simplified_targeted_C1_1964.rds
simplified_targeted_C1_2005.rds
simplified_targeted_C1_2006.rds
simplified_targeted_C1_2007.rds
simplified_targeted_C1_2008.rds
simplified_targeted_C1_2009.rds
simplified_targeted_C1_2010.rds
simplified_targeted_C1_2011.rds
simplified_targeted_C1_2012.rds
simplified_targeted_C1_2013.rds
simplified_targeted_C1_2014.rds
simplified_targeted_C1_2015.rds
simplified_targeted_C1_2016.rds
simplified_targeted_C1_2017.rds
simplified_targeted_C1_2018.rds
simplified_targeted_C1_2019.rds
simplified_targeted_C1_2020.rds
simplified_targeted_C1_2021.rds
simplified_targeted_C1_2022.rds
simplified_targeted_C1_2023.rds
simplified_targeted_C1_2024.rds
Saved results to output/results/A1/2008/F/eb_results_MB_2008_A1_C1.rds

Processing: Species=MB, Year=2009, Origin=A1, Climate=C1, Sex=F
Looking for climate data at: /mmfs1/gscratch/biology/jmsmith/targeted_microclimate/C1/simplified_targeted_C1_2009.rds
Directory /mmfs1/gscratch/biology/jmsmith/targeted_microclimate/C1 exists. Contents:
simplified_targeted_C1_1945.rds
simplified_targeted_C1_1946.rds
simplified_targeted_C1_1947.rds
simplified_targeted_C1_1948.rds
simplified_targeted_C1_1949.rds
simplified_targeted_C1_1950.rds
simplified_targeted_C1_1951.rds
simplified_targeted_C1_1952.rds
simplified_targeted_C1_1953.rds
simplified_targeted_C1_1954.rds
simplified_targeted_C1_1955.rds
simplified_targeted_C1_1956.rds
simplified_targeted_C1_1957.rds
simplified_targeted_C1_1958.rds
simplified_targeted_C1_1959.rds
simplified_targeted_C1_1960.rds
simplified_targeted_C1_1961.rds
simplified_targeted_C1_1962.rds
simplified_targeted_C1_1963.rds
simplified_targeted_C1_1964.rds
simplified_targeted_C1_2005.rds
simplified_targeted_C1_2006.rds
simplified_targeted_C1_2007.rds
simplified_targeted_C1_2008.rds
simplified_targeted_C1_2009.rds
simplified_targeted_C1_2010.rds
simplified_targeted_C1_2011.rds
simplified_targeted_C1_2012.rds
simplified_targeted_C1_2013.rds
simplified_targeted_C1_2014.rds
simplified_targeted_C1_2015.rds
simplified_targeted_C1_2016.rds
simplified_targeted_C1_2017.rds
simplified_targeted_C1_2018.rds
simplified_targeted_C1_2019.rds
simplified_targeted_C1_2020.rds
simplified_targeted_C1_2021.rds
simplified_targeted_C1_2022.rds
simplified_targeted_C1_2023.rds
simplified_targeted_C1_2024.rds
Saved results to output/results/A1/2009/F/eb_results_MB_2009_A1_C1.rds

Processing: Species=MB, Year=2010, Origin=A1, Climate=C1, Sex=F
Looking for climate data at: /mmfs1/gscratch/biology/jmsmith/targeted_microclimate/C1/simplified_targeted_C1_2010.rds
Directory /mmfs1/gscratch/biology/jmsmith/targeted_microclimate/C1 exists. Contents:
simplified_targeted_C1_1945.rds
simplified_targeted_C1_1946.rds
simplified_targeted_C1_1947.rds
simplified_targeted_C1_1948.rds
simplified_targeted_C1_1949.rds
simplified_targeted_C1_1950.rds
simplified_targeted_C1_1951.rds
simplified_targeted_C1_1952.rds
simplified_targeted_C1_1953.rds
simplified_targeted_C1_1954.rds
simplified_targeted_C1_1955.rds
simplified_targeted_C1_1956.rds
simplified_targeted_C1_1957.rds
simplified_targeted_C1_1958.rds
simplified_targeted_C1_1959.rds
simplified_targeted_C1_1960.rds
simplified_targeted_C1_1961.rds
simplified_targeted_C1_1962.rds
simplified_targeted_C1_1963.rds
simplified_targeted_C1_1964.rds
simplified_targeted_C1_2005.rds
simplified_targeted_C1_2006.rds
simplified_targeted_C1_2007.rds
simplified_targeted_C1_2008.rds
simplified_targeted_C1_2009.rds
simplified_targeted_C1_2010.rds
simplified_targeted_C1_2011.rds
simplified_targeted_C1_2012.rds
simplified_targeted_C1_2013.rds
simplified_targeted_C1_2014.rds
simplified_targeted_C1_2015.rds
simplified_targeted_C1_2016.rds
simplified_targeted_C1_2017.rds
simplified_targeted_C1_2018.rds
simplified_targeted_C1_2019.rds
simplified_targeted_C1_2020.rds
simplified_targeted_C1_2021.rds
simplified_targeted_C1_2022.rds
simplified_targeted_C1_2023.rds
simplified_targeted_C1_2024.rds
Saved results to output/results/A1/2010/F/eb_results_MB_2010_A1_C1.rds

Processing: Species=MB, Year=2011, Origin=A1, Climate=C1, Sex=F
Looking for climate data at: /mmfs1/gscratch/biology/jmsmith/targeted_microclimate/C1/simplified_targeted_C1_2011.rds
Directory /mmfs1/gscratch/biology/jmsmith/targeted_microclimate/C1 exists. Contents:
simplified_targeted_C1_1945.rds
simplified_targeted_C1_1946.rds
simplified_targeted_C1_1947.rds
simplified_targeted_C1_1948.rds
simplified_targeted_C1_1949.rds
simplified_targeted_C1_1950.rds
simplified_targeted_C1_1951.rds
simplified_targeted_C1_1952.rds
simplified_targeted_C1_1953.rds
simplified_targeted_C1_1954.rds
simplified_targeted_C1_1955.rds
simplified_targeted_C1_1956.rds
simplified_targeted_C1_1957.rds
simplified_targeted_C1_1958.rds
simplified_targeted_C1_1959.rds
simplified_targeted_C1_1960.rds
simplified_targeted_C1_1961.rds
simplified_targeted_C1_1962.rds
simplified_targeted_C1_1963.rds
simplified_targeted_C1_1964.rds
simplified_targeted_C1_2005.rds
simplified_targeted_C1_2006.rds
simplified_targeted_C1_2007.rds
simplified_targeted_C1_2008.rds
simplified_targeted_C1_2009.rds
simplified_targeted_C1_2010.rds
simplified_targeted_C1_2011.rds
simplified_targeted_C1_2012.rds
simplified_targeted_C1_2013.rds
simplified_targeted_C1_2014.rds
simplified_targeted_C1_2015.rds
simplified_targeted_C1_2016.rds
simplified_targeted_C1_2017.rds
simplified_targeted_C1_2018.rds
simplified_targeted_C1_2019.rds
simplified_targeted_C1_2020.rds
simplified_targeted_C1_2021.rds
simplified_targeted_C1_2022.rds
simplified_targeted_C1_2023.rds
simplified_targeted_C1_2024.rds
Saved results to output/results/A1/2011/F/eb_results_MB_2011_A1_C1.rds

Processing: Species=MB, Year=2012, Origin=A1, Climate=C1, Sex=F
Looking for climate data at: /mmfs1/gscratch/biology/jmsmith/targeted_microclimate/C1/simplified_targeted_C1_2012.rds
Directory /mmfs1/gscratch/biology/jmsmith/targeted_microclimate/C1 exists. Contents:
simplified_targeted_C1_1945.rds
simplified_targeted_C1_1946.rds
simplified_targeted_C1_1947.rds
simplified_targeted_C1_1948.rds
simplified_targeted_C1_1949.rds
simplified_targeted_C1_1950.rds
simplified_targeted_C1_1951.rds
simplified_targeted_C1_1952.rds
simplified_targeted_C1_1953.rds
simplified_targeted_C1_1954.rds
simplified_targeted_C1_1955.rds
simplified_targeted_C1_1956.rds
simplified_targeted_C1_1957.rds
simplified_targeted_C1_1958.rds
simplified_targeted_C1_1959.rds
simplified_targeted_C1_1960.rds
simplified_targeted_C1_1961.rds
simplified_targeted_C1_1962.rds
simplified_targeted_C1_1963.rds
simplified_targeted_C1_1964.rds
simplified_targeted_C1_2005.rds
simplified_targeted_C1_2006.rds
simplified_targeted_C1_2007.rds
simplified_targeted_C1_2008.rds
simplified_targeted_C1_2009.rds
simplified_targeted_C1_2010.rds
simplified_targeted_C1_2011.rds
simplified_targeted_C1_2012.rds
simplified_targeted_C1_2013.rds
simplified_targeted_C1_2014.rds
simplified_targeted_C1_2015.rds
simplified_targeted_C1_2016.rds
simplified_targeted_C1_2017.rds
simplified_targeted_C1_2018.rds
simplified_targeted_C1_2019.rds
simplified_targeted_C1_2020.rds
simplified_targeted_C1_2021.rds
simplified_targeted_C1_2022.rds
simplified_targeted_C1_2023.rds
simplified_targeted_C1_2024.rds
Saved results to output/results/A1/2012/F/eb_results_MB_2012_A1_C1.rds

Processing: Species=MB, Year=2013, Origin=A1, Climate=C1, Sex=F
Looking for climate data at: /mmfs1/gscratch/biology/jmsmith/targeted_microclimate/C1/simplified_targeted_C1_2013.rds
Directory /mmfs1/gscratch/biology/jmsmith/targeted_microclimate/C1 exists. Contents:
simplified_targeted_C1_1945.rds
simplified_targeted_C1_1946.rds
simplified_targeted_C1_1947.rds
simplified_targeted_C1_1948.rds
simplified_targeted_C1_1949.rds
simplified_targeted_C1_1950.rds
simplified_targeted_C1_1951.rds
simplified_targeted_C1_1952.rds
simplified_targeted_C1_1953.rds
simplified_targeted_C1_1954.rds
simplified_targeted_C1_1955.rds
simplified_targeted_C1_1956.rds
simplified_targeted_C1_1957.rds
simplified_targeted_C1_1958.rds
simplified_targeted_C1_1959.rds
simplified_targeted_C1_1960.rds
simplified_targeted_C1_1961.rds
simplified_targeted_C1_1962.rds
simplified_targeted_C1_1963.rds
simplified_targeted_C1_1964.rds
simplified_targeted_C1_2005.rds
simplified_targeted_C1_2006.rds
simplified_targeted_C1_2007.rds
simplified_targeted_C1_2008.rds
simplified_targeted_C1_2009.rds
simplified_targeted_C1_2010.rds
simplified_targeted_C1_2011.rds
simplified_targeted_C1_2012.rds
simplified_targeted_C1_2013.rds
simplified_targeted_C1_2014.rds
simplified_targeted_C1_2015.rds
simplified_targeted_C1_2016.rds
simplified_targeted_C1_2017.rds
simplified_targeted_C1_2018.rds
simplified_targeted_C1_2019.rds
simplified_targeted_C1_2020.rds
simplified_targeted_C1_2021.rds
simplified_targeted_C1_2022.rds
simplified_targeted_C1_2023.rds
simplified_targeted_C1_2024.rds
Saved results to output/results/A1/2013/F/eb_results_MB_2013_A1_C1.rds

Processing: Species=MB, Year=2014, Origin=A1, Climate=C1, Sex=F
Looking for climate data at: /mmfs1/gscratch/biology/jmsmith/targeted_microclimate/C1/simplified_targeted_C1_2014.rds
Directory /mmfs1/gscratch/biology/jmsmith/targeted_microclimate/C1 exists. Contents:
simplified_targeted_C1_1945.rds
simplified_targeted_C1_1946.rds
simplified_targeted_C1_1947.rds
simplified_targeted_C1_1948.rds
simplified_targeted_C1_1949.rds
simplified_targeted_C1_1950.rds
simplified_targeted_C1_1951.rds
simplified_targeted_C1_1952.rds
simplified_targeted_C1_1953.rds
simplified_targeted_C1_1954.rds
simplified_targeted_C1_1955.rds
simplified_targeted_C1_1956.rds
simplified_targeted_C1_1957.rds
simplified_targeted_C1_1958.rds
simplified_targeted_C1_1959.rds
simplified_targeted_C1_1960.rds
simplified_targeted_C1_1961.rds
simplified_targeted_C1_1962.rds
simplified_targeted_C1_1963.rds
simplified_targeted_C1_1964.rds
simplified_targeted_C1_2005.rds
simplified_targeted_C1_2006.rds
simplified_targeted_C1_2007.rds
simplified_targeted_C1_2008.rds
simplified_targeted_C1_2009.rds
simplified_targeted_C1_2010.rds
simplified_targeted_C1_2011.rds
simplified_targeted_C1_2012.rds
simplified_targeted_C1_2013.rds
simplified_targeted_C1_2014.rds
simplified_targeted_C1_2015.rds
simplified_targeted_C1_2016.rds
simplified_targeted_C1_2017.rds
simplified_targeted_C1_2018.rds
simplified_targeted_C1_2019.rds
simplified_targeted_C1_2020.rds
simplified_targeted_C1_2021.rds
simplified_targeted_C1_2022.rds
simplified_targeted_C1_2023.rds
simplified_targeted_C1_2024.rds
Saved results to output/results/A1/2014/F/eb_results_MB_2014_A1_C1.rds

Processing: Species=MB, Year=2015, Origin=A1, Climate=C1, Sex=F
Looking for climate data at: /mmfs1/gscratch/biology/jmsmith/targeted_microclimate/C1/simplified_targeted_C1_2015.rds
Directory /mmfs1/gscratch/biology/jmsmith/targeted_microclimate/C1 exists. Contents:
simplified_targeted_C1_1945.rds
simplified_targeted_C1_1946.rds
simplified_targeted_C1_1947.rds
simplified_targeted_C1_1948.rds
simplified_targeted_C1_1949.rds
simplified_targeted_C1_1950.rds
simplified_targeted_C1_1951.rds
simplified_targeted_C1_1952.rds
simplified_targeted_C1_1953.rds
simplified_targeted_C1_1954.rds
simplified_targeted_C1_1955.rds
simplified_targeted_C1_1956.rds
simplified_targeted_C1_1957.rds
simplified_targeted_C1_1958.rds
simplified_targeted_C1_1959.rds
simplified_targeted_C1_1960.rds
simplified_targeted_C1_1961.rds
simplified_targeted_C1_1962.rds
simplified_targeted_C1_1963.rds
simplified_targeted_C1_1964.rds
simplified_targeted_C1_2005.rds
simplified_targeted_C1_2006.rds
simplified_targeted_C1_2007.rds
simplified_targeted_C1_2008.rds
simplified_targeted_C1_2009.rds
simplified_targeted_C1_2010.rds
simplified_targeted_C1_2011.rds
simplified_targeted_C1_2012.rds
simplified_targeted_C1_2013.rds
simplified_targeted_C1_2014.rds
simplified_targeted_C1_2015.rds
simplified_targeted_C1_2016.rds
simplified_targeted_C1_2017.rds
simplified_targeted_C1_2018.rds
simplified_targeted_C1_2019.rds
simplified_targeted_C1_2020.rds
simplified_targeted_C1_2021.rds
simplified_targeted_C1_2022.rds
simplified_targeted_C1_2023.rds
simplified_targeted_C1_2024.rds
Saved results to output/results/A1/2015/F/eb_results_MB_2015_A1_C1.rds

Processing: Species=MB, Year=2016, Origin=A1, Climate=C1, Sex=F
Looking for climate data at: /mmfs1/gscratch/biology/jmsmith/targeted_microclimate/C1/simplified_targeted_C1_2016.rds
Directory /mmfs1/gscratch/biology/jmsmith/targeted_microclimate/C1 exists. Contents:
simplified_targeted_C1_1945.rds
simplified_targeted_C1_1946.rds
simplified_targeted_C1_1947.rds
simplified_targeted_C1_1948.rds
simplified_targeted_C1_1949.rds
simplified_targeted_C1_1950.rds
simplified_targeted_C1_1951.rds
simplified_targeted_C1_1952.rds
simplified_targeted_C1_1953.rds
simplified_targeted_C1_1954.rds
simplified_targeted_C1_1955.rds
simplified_targeted_C1_1956.rds
simplified_targeted_C1_1957.rds
simplified_targeted_C1_1958.rds
simplified_targeted_C1_1959.rds
simplified_targeted_C1_1960.rds
simplified_targeted_C1_1961.rds
simplified_targeted_C1_1962.rds
simplified_targeted_C1_1963.rds
simplified_targeted_C1_1964.rds
simplified_targeted_C1_2005.rds
simplified_targeted_C1_2006.rds
simplified_targeted_C1_2007.rds
simplified_targeted_C1_2008.rds
simplified_targeted_C1_2009.rds
simplified_targeted_C1_2010.rds
simplified_targeted_C1_2011.rds
simplified_targeted_C1_2012.rds
simplified_targeted_C1_2013.rds
simplified_targeted_C1_2014.rds
simplified_targeted_C1_2015.rds
simplified_targeted_C1_2016.rds
simplified_targeted_C1_2017.rds
simplified_targeted_C1_2018.rds
simplified_targeted_C1_2019.rds
simplified_targeted_C1_2020.rds
simplified_targeted_C1_2021.rds
simplified_targeted_C1_2022.rds
simplified_targeted_C1_2023.rds
simplified_targeted_C1_2024.rds
Saved results to output/results/A1/2016/F/eb_results_MB_2016_A1_C1.rds

Processing: Species=MB, Year=2017, Origin=A1, Climate=C1, Sex=F
Looking for climate data at: /mmfs1/gscratch/biology/jmsmith/targeted_microclimate/C1/simplified_targeted_C1_2017.rds
Directory /mmfs1/gscratch/biology/jmsmith/targeted_microclimate/C1 exists. Contents:
simplified_targeted_C1_1945.rds
simplified_targeted_C1_1946.rds
simplified_targeted_C1_1947.rds
simplified_targeted_C1_1948.rds
simplified_targeted_C1_1949.rds
simplified_targeted_C1_1950.rds
simplified_targeted_C1_1951.rds
simplified_targeted_C1_1952.rds
simplified_targeted_C1_1953.rds
simplified_targeted_C1_1954.rds
simplified_targeted_C1_1955.rds
simplified_targeted_C1_1956.rds
simplified_targeted_C1_1957.rds
simplified_targeted_C1_1958.rds
simplified_targeted_C1_1959.rds
simplified_targeted_C1_1960.rds
simplified_targeted_C1_1961.rds
simplified_targeted_C1_1962.rds
simplified_targeted_C1_1963.rds
simplified_targeted_C1_1964.rds
simplified_targeted_C1_2005.rds
simplified_targeted_C1_2006.rds
simplified_targeted_C1_2007.rds
simplified_targeted_C1_2008.rds
simplified_targeted_C1_2009.rds
simplified_targeted_C1_2010.rds
simplified_targeted_C1_2011.rds
simplified_targeted_C1_2012.rds
simplified_targeted_C1_2013.rds
simplified_targeted_C1_2014.rds
simplified_targeted_C1_2015.rds
simplified_targeted_C1_2016.rds
simplified_targeted_C1_2017.rds
simplified_targeted_C1_2018.rds
simplified_targeted_C1_2019.rds
simplified_targeted_C1_2020.rds
simplified_targeted_C1_2021.rds
simplified_targeted_C1_2022.rds
simplified_targeted_C1_2023.rds
simplified_targeted_C1_2024.rds
Saved results to output/results/A1/2017/F/eb_results_MB_2017_A1_C1.rds

Processing: Species=MB, Year=2018, Origin=A1, Climate=C1, Sex=F
Looking for climate data at: /mmfs1/gscratch/biology/jmsmith/targeted_microclimate/C1/simplified_targeted_C1_2018.rds
Directory /mmfs1/gscratch/biology/jmsmith/targeted_microclimate/C1 exists. Contents:
simplified_targeted_C1_1945.rds
simplified_targeted_C1_1946.rds
simplified_targeted_C1_1947.rds
simplified_targeted_C1_1948.rds
simplified_targeted_C1_1949.rds
simplified_targeted_C1_1950.rds
simplified_targeted_C1_1951.rds
simplified_targeted_C1_1952.rds
simplified_targeted_C1_1953.rds
simplified_targeted_C1_1954.rds
simplified_targeted_C1_1955.rds
simplified_targeted_C1_1956.rds
simplified_targeted_C1_1957.rds
simplified_targeted_C1_1958.rds
simplified_targeted_C1_1959.rds
simplified_targeted_C1_1960.rds
simplified_targeted_C1_1961.rds
simplified_targeted_C1_1962.rds
simplified_targeted_C1_1963.rds
simplified_targeted_C1_1964.rds
simplified_targeted_C1_2005.rds
simplified_targeted_C1_2006.rds
simplified_targeted_C1_2007.rds
simplified_targeted_C1_2008.rds
simplified_targeted_C1_2009.rds
simplified_targeted_C1_2010.rds
simplified_targeted_C1_2011.rds
simplified_targeted_C1_2012.rds
simplified_targeted_C1_2013.rds
simplified_targeted_C1_2014.rds
simplified_targeted_C1_2015.rds
simplified_targeted_C1_2016.rds
simplified_targeted_C1_2017.rds
simplified_targeted_C1_2018.rds
simplified_targeted_C1_2019.rds
simplified_targeted_C1_2020.rds
simplified_targeted_C1_2021.rds
simplified_targeted_C1_2022.rds
simplified_targeted_C1_2023.rds
simplified_targeted_C1_2024.rds
Saved results to output/results/A1/2018/F/eb_results_MB_2018_A1_C1.rds

Processing: Species=MB, Year=2019, Origin=A1, Climate=C1, Sex=F
Looking for climate data at: /mmfs1/gscratch/biology/jmsmith/targeted_microclimate/C1/simplified_targeted_C1_2019.rds
Directory /mmfs1/gscratch/biology/jmsmith/targeted_microclimate/C1 exists. Contents:
simplified_targeted_C1_1945.rds
simplified_targeted_C1_1946.rds
simplified_targeted_C1_1947.rds
simplified_targeted_C1_1948.rds
simplified_targeted_C1_1949.rds
simplified_targeted_C1_1950.rds
simplified_targeted_C1_1951.rds
simplified_targeted_C1_1952.rds
simplified_targeted_C1_1953.rds
simplified_targeted_C1_1954.rds
simplified_targeted_C1_1955.rds
simplified_targeted_C1_1956.rds
simplified_targeted_C1_1957.rds
simplified_targeted_C1_1958.rds
simplified_targeted_C1_1959.rds
simplified_targeted_C1_1960.rds
simplified_targeted_C1_1961.rds
simplified_targeted_C1_1962.rds
simplified_targeted_C1_1963.rds
simplified_targeted_C1_1964.rds
simplified_targeted_C1_2005.rds
simplified_targeted_C1_2006.rds
simplified_targeted_C1_2007.rds
simplified_targeted_C1_2008.rds
simplified_targeted_C1_2009.rds
simplified_targeted_C1_2010.rds
simplified_targeted_C1_2011.rds
simplified_targeted_C1_2012.rds
simplified_targeted_C1_2013.rds
simplified_targeted_C1_2014.rds
simplified_targeted_C1_2015.rds
simplified_targeted_C1_2016.rds
simplified_targeted_C1_2017.rds
simplified_targeted_C1_2018.rds
simplified_targeted_C1_2019.rds
simplified_targeted_C1_2020.rds
simplified_targeted_C1_2021.rds
simplified_targeted_C1_2022.rds
simplified_targeted_C1_2023.rds
simplified_targeted_C1_2024.rds
Saved results to output/results/A1/2019/F/eb_results_MB_2019_A1_C1.rds

Processing: Species=MB, Year=2020, Origin=A1, Climate=C1, Sex=F
Looking for climate data at: /mmfs1/gscratch/biology/jmsmith/targeted_microclimate/C1/simplified_targeted_C1_2020.rds
Directory /mmfs1/gscratch/biology/jmsmith/targeted_microclimate/C1 exists. Contents:
simplified_targeted_C1_1945.rds
simplified_targeted_C1_1946.rds
simplified_targeted_C1_1947.rds
simplified_targeted_C1_1948.rds
simplified_targeted_C1_1949.rds
simplified_targeted_C1_1950.rds
simplified_targeted_C1_1951.rds
simplified_targeted_C1_1952.rds
simplified_targeted_C1_1953.rds
simplified_targeted_C1_1954.rds
simplified_targeted_C1_1955.rds
simplified_targeted_C1_1956.rds
simplified_targeted_C1_1957.rds
simplified_targeted_C1_1958.rds
simplified_targeted_C1_1959.rds
simplified_targeted_C1_1960.rds
simplified_targeted_C1_1961.rds
simplified_targeted_C1_1962.rds
simplified_targeted_C1_1963.rds
simplified_targeted_C1_1964.rds
simplified_targeted_C1_2005.rds
simplified_targeted_C1_2006.rds
simplified_targeted_C1_2007.rds
simplified_targeted_C1_2008.rds
simplified_targeted_C1_2009.rds
simplified_targeted_C1_2010.rds
simplified_targeted_C1_2011.rds
simplified_targeted_C1_2012.rds
simplified_targeted_C1_2013.rds
simplified_targeted_C1_2014.rds
simplified_targeted_C1_2015.rds
simplified_targeted_C1_2016.rds
simplified_targeted_C1_2017.rds
simplified_targeted_C1_2018.rds
simplified_targeted_C1_2019.rds
simplified_targeted_C1_2020.rds
simplified_targeted_C1_2021.rds
simplified_targeted_C1_2022.rds
simplified_targeted_C1_2023.rds
simplified_targeted_C1_2024.rds
Saved results to output/results/A1/2020/F/eb_results_MB_2020_A1_C1.rds

Processing: Species=MB, Year=2021, Origin=A1, Climate=C1, Sex=F
Looking for climate data at: /mmfs1/gscratch/biology/jmsmith/targeted_microclimate/C1/simplified_targeted_C1_2021.rds
Directory /mmfs1/gscratch/biology/jmsmith/targeted_microclimate/C1 exists. Contents:
simplified_targeted_C1_1945.rds
simplified_targeted_C1_1946.rds
simplified_targeted_C1_1947.rds
simplified_targeted_C1_1948.rds
simplified_targeted_C1_1949.rds
simplified_targeted_C1_1950.rds
simplified_targeted_C1_1951.rds
simplified_targeted_C1_1952.rds
simplified_targeted_C1_1953.rds
simplified_targeted_C1_1954.rds
simplified_targeted_C1_1955.rds
simplified_targeted_C1_1956.rds
simplified_targeted_C1_1957.rds
simplified_targeted_C1_1958.rds
simplified_targeted_C1_1959.rds
simplified_targeted_C1_1960.rds
simplified_targeted_C1_1961.rds
simplified_targeted_C1_1962.rds
simplified_targeted_C1_1963.rds
simplified_targeted_C1_1964.rds
simplified_targeted_C1_2005.rds
simplified_targeted_C1_2006.rds
simplified_targeted_C1_2007.rds
simplified_targeted_C1_2008.rds
simplified_targeted_C1_2009.rds
simplified_targeted_C1_2010.rds
simplified_targeted_C1_2011.rds
simplified_targeted_C1_2012.rds
simplified_targeted_C1_2013.rds
simplified_targeted_C1_2014.rds
simplified_targeted_C1_2015.rds
simplified_targeted_C1_2016.rds
simplified_targeted_C1_2017.rds
simplified_targeted_C1_2018.rds
simplified_targeted_C1_2019.rds
simplified_targeted_C1_2020.rds
simplified_targeted_C1_2021.rds
simplified_targeted_C1_2022.rds
simplified_targeted_C1_2023.rds
simplified_targeted_C1_2024.rds
Saved results to output/results/A1/2021/F/eb_results_MB_2021_A1_C1.rds

Processing: Species=MB, Year=2022, Origin=A1, Climate=C1, Sex=F
Looking for climate data at: /mmfs1/gscratch/biology/jmsmith/targeted_microclimate/C1/simplified_targeted_C1_2022.rds
Directory /mmfs1/gscratch/biology/jmsmith/targeted_microclimate/C1 exists. Contents:
simplified_targeted_C1_1945.rds
simplified_targeted_C1_1946.rds
simplified_targeted_C1_1947.rds
simplified_targeted_C1_1948.rds
simplified_targeted_C1_1949.rds
simplified_targeted_C1_1950.rds
simplified_targeted_C1_1951.rds
simplified_targeted_C1_1952.rds
simplified_targeted_C1_1953.rds
simplified_targeted_C1_1954.rds
simplified_targeted_C1_1955.rds
simplified_targeted_C1_1956.rds
simplified_targeted_C1_1957.rds
simplified_targeted_C1_1958.rds
simplified_targeted_C1_1959.rds
simplified_targeted_C1_1960.rds
simplified_targeted_C1_1961.rds
simplified_targeted_C1_1962.rds
simplified_targeted_C1_1963.rds
simplified_targeted_C1_1964.rds
simplified_targeted_C1_2005.rds
simplified_targeted_C1_2006.rds
simplified_targeted_C1_2007.rds
simplified_targeted_C1_2008.rds
simplified_targeted_C1_2009.rds
simplified_targeted_C1_2010.rds
simplified_targeted_C1_2011.rds
simplified_targeted_C1_2012.rds
simplified_targeted_C1_2013.rds
simplified_targeted_C1_2014.rds
simplified_targeted_C1_2015.rds
simplified_targeted_C1_2016.rds
simplified_targeted_C1_2017.rds
simplified_targeted_C1_2018.rds
simplified_targeted_C1_2019.rds
simplified_targeted_C1_2020.rds
simplified_targeted_C1_2021.rds
simplified_targeted_C1_2022.rds
simplified_targeted_C1_2023.rds
simplified_targeted_C1_2024.rds
Saved results to output/results/A1/2022/F/eb_results_MB_2022_A1_C1.rds

Processing: Species=MB, Year=2023, Origin=A1, Climate=C1, Sex=F
Looking for climate data at: /mmfs1/gscratch/biology/jmsmith/targeted_microclimate/C1/simplified_targeted_C1_2023.rds
Directory /mmfs1/gscratch/biology/jmsmith/targeted_microclimate/C1 exists. Contents:
simplified_targeted_C1_1945.rds
simplified_targeted_C1_1946.rds
simplified_targeted_C1_1947.rds
simplified_targeted_C1_1948.rds
simplified_targeted_C1_1949.rds
simplified_targeted_C1_1950.rds
simplified_targeted_C1_1951.rds
simplified_targeted_C1_1952.rds
simplified_targeted_C1_1953.rds
simplified_targeted_C1_1954.rds
simplified_targeted_C1_1955.rds
simplified_targeted_C1_1956.rds
simplified_targeted_C1_1957.rds
simplified_targeted_C1_1958.rds
simplified_targeted_C1_1959.rds
simplified_targeted_C1_1960.rds
simplified_targeted_C1_1961.rds
simplified_targeted_C1_1962.rds
simplified_targeted_C1_1963.rds
simplified_targeted_C1_1964.rds
simplified_targeted_C1_2005.rds
simplified_targeted_C1_2006.rds
simplified_targeted_C1_2007.rds
simplified_targeted_C1_2008.rds
simplified_targeted_C1_2009.rds
simplified_targeted_C1_2010.rds
simplified_targeted_C1_2011.rds
simplified_targeted_C1_2012.rds
simplified_targeted_C1_2013.rds
simplified_targeted_C1_2014.rds
simplified_targeted_C1_2015.rds
simplified_targeted_C1_2016.rds
simplified_targeted_C1_2017.rds
simplified_targeted_C1_2018.rds
simplified_targeted_C1_2019.rds
simplified_targeted_C1_2020.rds
simplified_targeted_C1_2021.rds
simplified_targeted_C1_2022.rds
simplified_targeted_C1_2023.rds
simplified_targeted_C1_2024.rds
Saved results to output/results/A1/2023/F/eb_results_MB_2023_A1_C1.rds

Processing: Species=MB, Year=2024, Origin=A1, Climate=C1, Sex=F
Looking for climate data at: /mmfs1/gscratch/biology/jmsmith/targeted_microclimate/C1/simplified_targeted_C1_2024.rds
Directory /mmfs1/gscratch/biology/jmsmith/targeted_microclimate/C1 exists. Contents:
simplified_targeted_C1_1945.rds
simplified_targeted_C1_1946.rds
simplified_targeted_C1_1947.rds
simplified_targeted_C1_1948.rds
simplified_targeted_C1_1949.rds
simplified_targeted_C1_1950.rds
simplified_targeted_C1_1951.rds
simplified_targeted_C1_1952.rds
simplified_targeted_C1_1953.rds
simplified_targeted_C1_1954.rds
simplified_targeted_C1_1955.rds
simplified_targeted_C1_1956.rds
simplified_targeted_C1_1957.rds
simplified_targeted_C1_1958.rds
simplified_targeted_C1_1959.rds
simplified_targeted_C1_1960.rds
simplified_targeted_C1_1961.rds
simplified_targeted_C1_1962.rds
simplified_targeted_C1_1963.rds
simplified_targeted_C1_1964.rds
simplified_targeted_C1_2005.rds
simplified_targeted_C1_2006.rds
simplified_targeted_C1_2007.rds
simplified_targeted_C1_2008.rds
simplified_targeted_C1_2009.rds
simplified_targeted_C1_2010.rds
simplified_targeted_C1_2011.rds
simplified_targeted_C1_2012.rds
simplified_targeted_C1_2013.rds
simplified_targeted_C1_2014.rds
simplified_targeted_C1_2015.rds
simplified_targeted_C1_2016.rds
simplified_targeted_C1_2017.rds
simplified_targeted_C1_2018.rds
simplified_targeted_C1_2019.rds
simplified_targeted_C1_2020.rds
simplified_targeted_C1_2021.rds
simplified_targeted_C1_2022.rds
simplified_targeted_C1_2023.rds
simplified_targeted_C1_2024.rds
Saved results to output/results/A1/2024/F/eb_results_MB_2024_A1_C1.rds

All years processed.
