Arguments received:
Species: MB
Years: 1945, 1946, 1947, 1948, 1949, 1950, 1951, 1952, 1953, 1954, 1955, 1956, 1957, 1958, 1959, 1960, 1961, 1962, 1963, 1964
Origin site: C1
Climate site: A1
Sex: M
Output directory: output/results/C1
Library paths:
[1] "/gscratch/biology/jmsmith/R"                          
[2] "/mmfs1/home/smithju/R/x86_64-pc-linux-gnu-library/4.4"
[3] "/usr/local/lib/R/site-library"                        
[4] "/usr/local/lib/R/library"                             
Package tidyverse loaded successfully
Package TrenchR loaded successfully
Package rTPC loaded successfully
Package lubridate loaded successfully

Processing: Species=MB, Year=1945, Origin=C1, Climate=A1, Sex=M
Looking for climate data at: /mmfs1/gscratch/biology/jmsmith/targeted_microclimate/A1/simplified_A1_1945.rds
Directory /mmfs1/gscratch/biology/jmsmith/targeted_microclimate/A1 exists. Contents:
simplified_A1_1945.rds
simplified_A1_1946.rds
simplified_A1_1947.rds
simplified_A1_1948.rds
simplified_A1_1949.rds
simplified_A1_1950.rds
simplified_A1_1951.rds
simplified_A1_1952.rds
simplified_A1_1953.rds
simplified_A1_1954.rds
simplified_A1_1955.rds
simplified_A1_1956.rds
simplified_A1_1957.rds
simplified_A1_1958.rds
simplified_A1_1959.rds
simplified_A1_1960.rds
simplified_A1_1961.rds
simplified_A1_1962.rds
simplified_A1_1963.rds
simplified_A1_1964.rds
simplified_A1_2005.rds
simplified_A1_2006.rds
simplified_A1_2007.rds
simplified_A1_2008.rds
simplified_A1_2009.rds
simplified_A1_2010.rds
simplified_A1_2011.rds
simplified_A1_2012.rds
simplified_A1_2013.rds
simplified_A1_2014.rds
simplified_A1_2015.rds
simplified_A1_2016.rds
simplified_A1_2017.rds
simplified_A1_2018.rds
simplified_A1_2019.rds
simplified_A1_2020.rds
simplified_A1_2021.rds
simplified_A1_2022.rds
simplified_A1_2023.rds
simplified_A1_2024.rds
Processing batch 1/12 (rows 1-1000)
  Calculated 1000 temperatures. Range: -6.06 to 42.86
Processing batch 2/12 (rows 1001-2000)
  Calculated 1000 temperatures. Range: 5.29 to 50.70
Processing batch 3/12 (rows 2001-3000)
  Calculated 1000 temperatures. Range: -4.59 to 41.47
Processing batch 4/12 (rows 3001-4000)
  Calculated 1000 temperatures. Range: 5.96 to 41.84
Processing batch 5/12 (rows 4001-5000)
  Calculated 1000 temperatures. Range: -4.63 to 40.61
Processing batch 6/12 (rows 5001-6000)
  Calculated 1000 temperatures. Range: 4.50 to 39.09
Processing batch 7/12 (rows 6001-7000)
  Calculated 1000 temperatures. Range: -3.48 to 38.10
Processing batch 8/12 (rows 7001-8000)
  Calculated 1000 temperatures. Range: -4.57 to 19.53
Processing batch 9/12 (rows 8001-9000)
  Calculated 1000 temperatures. Range: 2.87 to 20.28
Processing batch 10/12 (rows 9001-10000)
  Calculated 1000 temperatures. Range: -3.78 to 22.19
Processing batch 11/12 (rows 10001-11000)
  Calculated 1000 temperatures. Range: 7.09 to 23.64
Processing batch 12/12 (rows 11001-11035)
  Calculated 35 temperatures. Range: 9.34 to 21.87
Total observations: 11035, Unique timestamps: 2207
MR parameters: mass=0.24, elev=3014.0, b0=17.10, b1=0.98, b2=-0.48, b3=0.000124
Sample tb=285.11 K, log(mass)=-1.4271, 1/(kT)=40.689869, exponent=-3.4560, rmr=0.031557
Sample tb=283.86 K, log(mass)=-1.4271, 1/(kT)=40.867818, exponent=-3.5414, rmr=0.028973
Sample tb=287.39 K, log(mass)=-1.4271, 1/(kT)=40.366203, exponent=-3.3006, rmr=0.036860
Sample tb=279.03 K, log(mass)=-1.4271, 1/(kT)=41.575262, exponent=-3.8810, rmr=0.020631
Sample tb=305.99 K, log(mass)=-1.4271, 1/(kT)=37.913262, exponent=-2.1232, rmr=0.119648
MR results: 0 NA, 0 infinite, 0 negative, 0 zero
Energy calculations: 5117 non-zero gains, 11035 non-zero losses out of 11035 observations
Saved results to output/results/C1/1945/M/eb_results_MB_1945_C1_A1.rds

Processing: Species=MB, Year=1946, Origin=C1, Climate=A1, Sex=M
Looking for climate data at: /mmfs1/gscratch/biology/jmsmith/targeted_microclimate/A1/simplified_A1_1946.rds
Directory /mmfs1/gscratch/biology/jmsmith/targeted_microclimate/A1 exists. Contents:
simplified_A1_1945.rds
simplified_A1_1946.rds
simplified_A1_1947.rds
simplified_A1_1948.rds
simplified_A1_1949.rds
simplified_A1_1950.rds
simplified_A1_1951.rds
simplified_A1_1952.rds
simplified_A1_1953.rds
simplified_A1_1954.rds
simplified_A1_1955.rds
simplified_A1_1956.rds
simplified_A1_1957.rds
simplified_A1_1958.rds
simplified_A1_1959.rds
simplified_A1_1960.rds
simplified_A1_1961.rds
simplified_A1_1962.rds
simplified_A1_1963.rds
simplified_A1_1964.rds
simplified_A1_2005.rds
simplified_A1_2006.rds
simplified_A1_2007.rds
simplified_A1_2008.rds
simplified_A1_2009.rds
simplified_A1_2010.rds
simplified_A1_2011.rds
simplified_A1_2012.rds
simplified_A1_2013.rds
simplified_A1_2014.rds
simplified_A1_2015.rds
simplified_A1_2016.rds
simplified_A1_2017.rds
simplified_A1_2018.rds
simplified_A1_2019.rds
simplified_A1_2020.rds
simplified_A1_2021.rds
simplified_A1_2022.rds
simplified_A1_2023.rds
simplified_A1_2024.rds
Processing batch 1/12 (rows 1-1000)
  Calculated 1000 temperatures. Range: -0.90 to 47.58
Processing batch 2/12 (rows 1001-2000)
  Calculated 1000 temperatures. Range: 5.86 to 51.48
Processing batch 3/12 (rows 2001-3000)
  Calculated 1000 temperatures. Range: 0.83 to 39.88
Processing batch 4/12 (rows 3001-4000)
  Calculated 1000 temperatures. Range: 6.84 to 44.05
Processing batch 5/12 (rows 4001-5000)
  Calculated 1000 temperatures. Range: 0.70 to 36.84
Processing batch 6/12 (rows 5001-6000)
  Calculated 1000 temperatures. Range: 3.98 to 41.03
Processing batch 7/12 (rows 6001-7000)
  Calculated 1000 temperatures. Range: 1.86 to 38.58
Processing batch 8/12 (rows 7001-8000)
  Calculated 1000 temperatures. Range: 0.57 to 20.95
Processing batch 9/12 (rows 8001-9000)
  Calculated 1000 temperatures. Range: 2.87 to 22.86
Processing batch 10/12 (rows 9001-10000)
  Calculated 1000 temperatures. Range: 1.61 to 25.43
Processing batch 11/12 (rows 10001-11000)
  Calculated 1000 temperatures. Range: 6.56 to 24.30
Processing batch 12/12 (rows 11001-11035)
  Calculated 35 temperatures. Range: 6.60 to 17.88
Total observations: 11035, Unique timestamps: 2207
MR parameters: mass=0.24, elev=3014.0, b0=17.10, b1=0.98, b2=-0.48, b3=0.000124
Sample tb=281.54 K, log(mass)=-1.4271, 1/(kT)=41.205951, exponent=-3.7037, rmr=0.024632
Sample tb=298.92 K, log(mass)=-1.4271, 1/(kT)=38.810057, exponent=-2.5537, rmr=0.077796
Sample tb=280.64 K, log(mass)=-1.4271, 1/(kT)=41.336957, exponent=-3.7666, rmr=0.023131
Sample tb=276.10 K, log(mass)=-1.4271, 1/(kT)=42.016673, exponent=-4.0928, rmr=0.016692
Sample tb=306.53 K, log(mass)=-1.4271, 1/(kT)=37.845709, exponent=-2.0908, rmr=0.123591
MR results: 0 NA, 0 infinite, 0 negative, 0 zero
Energy calculations: 5639 non-zero gains, 11035 non-zero losses out of 11035 observations
Saved results to output/results/C1/1946/M/eb_results_MB_1946_C1_A1.rds

Processing: Species=MB, Year=1947, Origin=C1, Climate=A1, Sex=M
Looking for climate data at: /mmfs1/gscratch/biology/jmsmith/targeted_microclimate/A1/simplified_A1_1947.rds
Directory /mmfs1/gscratch/biology/jmsmith/targeted_microclimate/A1 exists. Contents:
simplified_A1_1945.rds
simplified_A1_1946.rds
simplified_A1_1947.rds
simplified_A1_1948.rds
simplified_A1_1949.rds
simplified_A1_1950.rds
simplified_A1_1951.rds
simplified_A1_1952.rds
simplified_A1_1953.rds
simplified_A1_1954.rds
simplified_A1_1955.rds
simplified_A1_1956.rds
simplified_A1_1957.rds
simplified_A1_1958.rds
simplified_A1_1959.rds
simplified_A1_1960.rds
simplified_A1_1961.rds
simplified_A1_1962.rds
simplified_A1_1963.rds
simplified_A1_1964.rds
simplified_A1_2005.rds
simplified_A1_2006.rds
simplified_A1_2007.rds
simplified_A1_2008.rds
simplified_A1_2009.rds
simplified_A1_2010.rds
simplified_A1_2011.rds
simplified_A1_2012.rds
simplified_A1_2013.rds
simplified_A1_2014.rds
simplified_A1_2015.rds
simplified_A1_2016.rds
simplified_A1_2017.rds
simplified_A1_2018.rds
simplified_A1_2019.rds
simplified_A1_2020.rds
simplified_A1_2021.rds
simplified_A1_2022.rds
simplified_A1_2023.rds
simplified_A1_2024.rds
Processing batch 1/12 (rows 1-1000)
  Calculated 1000 temperatures. Range: -5.39 to 46.29
Processing batch 2/12 (rows 1001-2000)
  Calculated 1000 temperatures. Range: 5.48 to 48.73
Processing batch 3/12 (rows 2001-3000)
  Calculated 1000 temperatures. Range: -3.85 to 41.55
Processing batch 4/12 (rows 3001-4000)
  Calculated 1000 temperatures. Range: 6.94 to 41.60
Processing batch 5/12 (rows 4001-5000)
  Calculated 1000 temperatures. Range: -4.11 to 36.04
Processing batch 6/12 (rows 5001-6000)
  Calculated 1000 temperatures. Range: 4.38 to 38.15
Processing batch 7/12 (rows 6001-7000)
  Calculated 1000 temperatures. Range: -4.41 to 36.67
Processing batch 8/12 (rows 7001-8000)
  Calculated 1000 temperatures. Range: 2.38 to 19.32
Processing batch 9/12 (rows 8001-9000)
  Calculated 1000 temperatures. Range: 3.32 to 21.09
Processing batch 10/12 (rows 9001-10000)
  Calculated 1000 temperatures. Range: -3.41 to 23.38
Processing batch 11/12 (rows 10001-11000)
  Calculated 1000 temperatures. Range: 7.09 to 24.32
Processing batch 12/12 (rows 11001-11035)
  Calculated 35 temperatures. Range: 9.26 to 20.24
Total observations: 11035, Unique timestamps: 2207
MR parameters: mass=0.24, elev=3014.0, b0=17.10, b1=0.98, b2=-0.48, b3=0.000124
Sample tb=307.63 K, log(mass)=-1.4271, 1/(kT)=37.710299, exponent=-2.0258, rmr=0.131891
Sample tb=303.86 K, log(mass)=-1.4271, 1/(kT)=38.178235, exponent=-2.2504, rmr=0.105358
Sample tb=284.58 K, log(mass)=-1.4271, 1/(kT)=40.764416, exponent=-3.4918, rmr=0.030447
Sample tb=276.12 K, log(mass)=-1.4271, 1/(kT)=42.014635, exponent=-4.0919, rmr=0.016708
Sample tb=277.26 K, log(mass)=-1.4271, 1/(kT)=41.841093, exponent=-4.0086, rmr=0.018159
MR results: 0 NA, 0 infinite, 0 negative, 0 zero
Energy calculations: 5286 non-zero gains, 11035 non-zero losses out of 11035 observations
Saved results to output/results/C1/1947/M/eb_results_MB_1947_C1_A1.rds

Processing: Species=MB, Year=1948, Origin=C1, Climate=A1, Sex=M
Looking for climate data at: /mmfs1/gscratch/biology/jmsmith/targeted_microclimate/A1/simplified_A1_1948.rds
Directory /mmfs1/gscratch/biology/jmsmith/targeted_microclimate/A1 exists. Contents:
simplified_A1_1945.rds
simplified_A1_1946.rds
simplified_A1_1947.rds
simplified_A1_1948.rds
simplified_A1_1949.rds
simplified_A1_1950.rds
simplified_A1_1951.rds
simplified_A1_1952.rds
simplified_A1_1953.rds
simplified_A1_1954.rds
simplified_A1_1955.rds
simplified_A1_1956.rds
simplified_A1_1957.rds
simplified_A1_1958.rds
simplified_A1_1959.rds
simplified_A1_1960.rds
simplified_A1_1961.rds
simplified_A1_1962.rds
simplified_A1_1963.rds
simplified_A1_1964.rds
simplified_A1_2005.rds
simplified_A1_2006.rds
simplified_A1_2007.rds
simplified_A1_2008.rds
simplified_A1_2009.rds
simplified_A1_2010.rds
simplified_A1_2011.rds
simplified_A1_2012.rds
simplified_A1_2013.rds
simplified_A1_2014.rds
simplified_A1_2015.rds
simplified_A1_2016.rds
simplified_A1_2017.rds
simplified_A1_2018.rds
simplified_A1_2019.rds
simplified_A1_2020.rds
simplified_A1_2021.rds
simplified_A1_2022.rds
simplified_A1_2023.rds
simplified_A1_2024.rds
Processing batch 1/12 (rows 1-1000)
  Calculated 1000 temperatures. Range: 2.92 to 51.13
Processing batch 2/12 (rows 1001-2000)
  Calculated 1000 temperatures. Range: 3.47 to 49.96
Processing batch 3/12 (rows 2001-3000)
  Calculated 1000 temperatures. Range: 4.01 to 49.67
Processing batch 4/12 (rows 3001-4000)
  Calculated 1000 temperatures. Range: 6.08 to 43.70
Processing batch 5/12 (rows 4001-5000)
  Calculated 1000 temperatures. Range: 4.64 to 43.06
Processing batch 6/12 (rows 5001-6000)
  Calculated 1000 temperatures. Range: 4.57 to 40.46
Processing batch 7/12 (rows 6001-7000)
  Calculated 1000 temperatures. Range: 4.52 to 39.17
Processing batch 8/12 (rows 7001-8000)
  Calculated 1000 temperatures. Range: 3.94 to 19.45
Processing batch 9/12 (rows 8001-9000)
  Calculated 1000 temperatures. Range: 4.73 to 21.81
Processing batch 10/12 (rows 9001-10000)
  Calculated 1000 temperatures. Range: 5.41 to 23.68
Processing batch 11/12 (rows 10001-11000)
  Calculated 1000 temperatures. Range: 6.85 to 24.68
Processing batch 12/12 (rows 11001-11035)
  Calculated 35 temperatures. Range: 8.54 to 24.69
Total observations: 11035, Unique timestamps: 2207
MR parameters: mass=0.24, elev=3014.0, b0=17.10, b1=0.98, b2=-0.48, b3=0.000124
Sample tb=285.30 K, log(mass)=-1.4271, 1/(kT)=40.662066, exponent=-3.4426, rmr=0.031980
Sample tb=278.84 K, log(mass)=-1.4271, 1/(kT)=41.604054, exponent=-3.8948, rmr=0.020348
Sample tb=281.37 K, log(mass)=-1.4271, 1/(kT)=41.229595, exponent=-3.7150, rmr=0.024354
Sample tb=308.21 K, log(mass)=-1.4271, 1/(kT)=37.640296, exponent=-1.9922, rmr=0.136398
Sample tb=305.27 K, log(mass)=-1.4271, 1/(kT)=38.001740, exponent=-2.1657, rmr=0.114673
MR results: 0 NA, 0 infinite, 0 negative, 0 zero
Energy calculations: 5480 non-zero gains, 11035 non-zero losses out of 11035 observations
Saved results to output/results/C1/1948/M/eb_results_MB_1948_C1_A1.rds

Processing: Species=MB, Year=1949, Origin=C1, Climate=A1, Sex=M
Looking for climate data at: /mmfs1/gscratch/biology/jmsmith/targeted_microclimate/A1/simplified_A1_1949.rds
Directory /mmfs1/gscratch/biology/jmsmith/targeted_microclimate/A1 exists. Contents:
simplified_A1_1945.rds
simplified_A1_1946.rds
simplified_A1_1947.rds
simplified_A1_1948.rds
simplified_A1_1949.rds
simplified_A1_1950.rds
simplified_A1_1951.rds
simplified_A1_1952.rds
simplified_A1_1953.rds
simplified_A1_1954.rds
simplified_A1_1955.rds
simplified_A1_1956.rds
simplified_A1_1957.rds
simplified_A1_1958.rds
simplified_A1_1959.rds
simplified_A1_1960.rds
simplified_A1_1961.rds
simplified_A1_1962.rds
simplified_A1_1963.rds
simplified_A1_1964.rds
simplified_A1_2005.rds
simplified_A1_2006.rds
simplified_A1_2007.rds
simplified_A1_2008.rds
simplified_A1_2009.rds
simplified_A1_2010.rds
simplified_A1_2011.rds
simplified_A1_2012.rds
simplified_A1_2013.rds
simplified_A1_2014.rds
simplified_A1_2015.rds
simplified_A1_2016.rds
simplified_A1_2017.rds
simplified_A1_2018.rds
simplified_A1_2019.rds
simplified_A1_2020.rds
simplified_A1_2021.rds
simplified_A1_2022.rds
simplified_A1_2023.rds
simplified_A1_2024.rds
Processing batch 1/12 (rows 1-1000)
  Calculated 1000 temperatures. Range: -0.09 to 56.82
Processing batch 2/12 (rows 1001-2000)
  Calculated 1000 temperatures. Range: 3.78 to 56.01
Processing batch 3/12 (rows 2001-3000)
  Calculated 1000 temperatures. Range: 1.93 to 44.49
Processing batch 4/12 (rows 3001-4000)
  Calculated 1000 temperatures. Range: 7.53 to 40.21
Processing batch 5/12 (rows 4001-5000)
  Calculated 1000 temperatures. Range: 1.39 to 45.74
Processing batch 6/12 (rows 5001-6000)
  Calculated 1000 temperatures. Range: 5.54 to 35.99
Processing batch 7/12 (rows 6001-7000)
  Calculated 1000 temperatures. Range: 1.14 to 37.30
Processing batch 8/12 (rows 7001-8000)
  Calculated 1000 temperatures. Range: 4.79 to 20.28
Processing batch 9/12 (rows 8001-9000)
  Calculated 1000 temperatures. Range: 2.65 to 19.91
Processing batch 10/12 (rows 9001-10000)
  Calculated 1000 temperatures. Range: 6.47 to 24.64
Processing batch 11/12 (rows 10001-11000)
  Calculated 1000 temperatures. Range: 6.76 to 25.11
Processing batch 12/12 (rows 11001-11035)
  Calculated 35 temperatures. Range: 7.54 to 17.82
Total observations: 11035, Unique timestamps: 2207
MR parameters: mass=0.24, elev=3014.0, b0=17.10, b1=0.98, b2=-0.48, b3=0.000124
Sample tb=281.98 K, log(mass)=-1.4271, 1/(kT)=41.141482, exponent=-3.6727, rmr=0.025407
Sample tb=289.36 K, log(mass)=-1.4271, 1/(kT)=40.091704, exponent=-3.1689, rmr=0.042052
Sample tb=288.93 K, log(mass)=-1.4271, 1/(kT)=40.151516, exponent=-3.1976, rmr=0.040862
Sample tb=302.32 K, log(mass)=-1.4271, 1/(kT)=38.373574, exponent=-2.3442, rmr=0.095928
Sample tb=282.25 K, log(mass)=-1.4271, 1/(kT)=41.101089, exponent=-3.6534, rmr=0.025904
MR results: 0 NA, 0 infinite, 0 negative, 0 zero
Energy calculations: 5459 non-zero gains, 11035 non-zero losses out of 11035 observations
Saved results to output/results/C1/1949/M/eb_results_MB_1949_C1_A1.rds

Processing: Species=MB, Year=1950, Origin=C1, Climate=A1, Sex=M
Looking for climate data at: /mmfs1/gscratch/biology/jmsmith/targeted_microclimate/A1/simplified_A1_1950.rds
Directory /mmfs1/gscratch/biology/jmsmith/targeted_microclimate/A1 exists. Contents:
simplified_A1_1945.rds
simplified_A1_1946.rds
simplified_A1_1947.rds
simplified_A1_1948.rds
simplified_A1_1949.rds
simplified_A1_1950.rds
simplified_A1_1951.rds
simplified_A1_1952.rds
simplified_A1_1953.rds
simplified_A1_1954.rds
simplified_A1_1955.rds
simplified_A1_1956.rds
simplified_A1_1957.rds
simplified_A1_1958.rds
simplified_A1_1959.rds
simplified_A1_1960.rds
simplified_A1_1961.rds
simplified_A1_1962.rds
simplified_A1_1963.rds
simplified_A1_1964.rds
simplified_A1_2005.rds
simplified_A1_2006.rds
simplified_A1_2007.rds
simplified_A1_2008.rds
simplified_A1_2009.rds
simplified_A1_2010.rds
simplified_A1_2011.rds
simplified_A1_2012.rds
simplified_A1_2013.rds
simplified_A1_2014.rds
simplified_A1_2015.rds
simplified_A1_2016.rds
simplified_A1_2017.rds
simplified_A1_2018.rds
simplified_A1_2019.rds
simplified_A1_2020.rds
simplified_A1_2021.rds
simplified_A1_2022.rds
simplified_A1_2023.rds
simplified_A1_2024.rds
Processing batch 1/12 (rows 1-1000)
  Calculated 1000 temperatures. Range: -4.64 to 60.00
Processing batch 2/12 (rows 1001-2000)
  Calculated 1000 temperatures. Range: 3.72 to 50.25
Processing batch 3/12 (rows 2001-3000)
  Calculated 1000 temperatures. Range: -2.94 to 46.94
Processing batch 4/12 (rows 3001-4000)
  Calculated 1000 temperatures. Range: 6.03 to 42.41
Processing batch 5/12 (rows 4001-5000)
  Calculated 1000 temperatures. Range: -2.99 to 45.06
Processing batch 6/12 (rows 5001-6000)
  Calculated 1000 temperatures. Range: 5.29 to 37.81
Processing batch 7/12 (rows 6001-7000)
  Calculated 1000 temperatures. Range: -2.50 to 39.40
Processing batch 8/12 (rows 7001-8000)
  Calculated 1000 temperatures. Range: 4.26 to 19.51
Processing batch 9/12 (rows 8001-9000)
  Calculated 1000 temperatures. Range: -1.82 to 22.65
Processing batch 10/12 (rows 9001-10000)
  Calculated 1000 temperatures. Range: 1.03 to 23.80
Processing batch 11/12 (rows 10001-11000)
  Calculated 1000 temperatures. Range: 4.72 to 22.91
Processing batch 12/12 (rows 11001-11035)
  Calculated 35 temperatures. Range: 6.44 to 22.48
Total observations: 11035, Unique timestamps: 2207
MR parameters: mass=0.24, elev=3014.0, b0=17.10, b1=0.98, b2=-0.48, b3=0.000124
Sample tb=288.74 K, log(mass)=-1.4271, 1/(kT)=40.177825, exponent=-3.2102, rmr=0.040349
Sample tb=282.67 K, log(mass)=-1.4271, 1/(kT)=41.040526, exponent=-3.6243, rmr=0.026668
Sample tb=283.68 K, log(mass)=-1.4271, 1/(kT)=40.894551, exponent=-3.5542, rmr=0.028604
Sample tb=285.12 K, log(mass)=-1.4271, 1/(kT)=40.687414, exponent=-3.4548, rmr=0.031594
Sample tb=299.90 K, log(mass)=-1.4271, 1/(kT)=38.682278, exponent=-2.4923, rmr=0.082717
MR results: 0 NA, 0 infinite, 0 negative, 0 zero
Energy calculations: 5040 non-zero gains, 11035 non-zero losses out of 11035 observations
Saved results to output/results/C1/1950/M/eb_results_MB_1950_C1_A1.rds

Processing: Species=MB, Year=1951, Origin=C1, Climate=A1, Sex=M
Looking for climate data at: /mmfs1/gscratch/biology/jmsmith/targeted_microclimate/A1/simplified_A1_1951.rds
Directory /mmfs1/gscratch/biology/jmsmith/targeted_microclimate/A1 exists. Contents:
simplified_A1_1945.rds
simplified_A1_1946.rds
simplified_A1_1947.rds
simplified_A1_1948.rds
simplified_A1_1949.rds
simplified_A1_1950.rds
simplified_A1_1951.rds
simplified_A1_1952.rds
simplified_A1_1953.rds
simplified_A1_1954.rds
simplified_A1_1955.rds
simplified_A1_1956.rds
simplified_A1_1957.rds
simplified_A1_1958.rds
simplified_A1_1959.rds
simplified_A1_1960.rds
simplified_A1_1961.rds
simplified_A1_1962.rds
simplified_A1_1963.rds
simplified_A1_1964.rds
simplified_A1_2005.rds
simplified_A1_2006.rds
simplified_A1_2007.rds
simplified_A1_2008.rds
simplified_A1_2009.rds
simplified_A1_2010.rds
simplified_A1_2011.rds
simplified_A1_2012.rds
simplified_A1_2013.rds
simplified_A1_2014.rds
simplified_A1_2015.rds
simplified_A1_2016.rds
simplified_A1_2017.rds
simplified_A1_2018.rds
simplified_A1_2019.rds
simplified_A1_2020.rds
simplified_A1_2021.rds
simplified_A1_2022.rds
simplified_A1_2023.rds
simplified_A1_2024.rds
Processing batch 1/12 (rows 1-1000)
  Calculated 1000 temperatures. Range: -4.36 to 60.00
Processing batch 2/12 (rows 1001-2000)
  Calculated 1000 temperatures. Range: 4.82 to 48.99
Processing batch 3/12 (rows 2001-3000)
  Calculated 1000 temperatures. Range: -3.26 to 42.01
Processing batch 4/12 (rows 3001-4000)
  Calculated 1000 temperatures. Range: 6.77 to 50.24
Processing batch 5/12 (rows 4001-5000)
  Calculated 1000 temperatures. Range: -3.47 to 37.14
Processing batch 6/12 (rows 5001-6000)
  Calculated 1000 temperatures. Range: 4.69 to 43.47
Processing batch 7/12 (rows 6001-7000)
  Calculated 1000 temperatures. Range: -3.79 to 34.20
Processing batch 8/12 (rows 7001-8000)
  Calculated 1000 temperatures. Range: 3.72 to 21.48
Processing batch 9/12 (rows 8001-9000)
  Calculated 1000 temperatures. Range: -3.17 to 20.57
Processing batch 10/12 (rows 9001-10000)
  Calculated 1000 temperatures. Range: 2.26 to 25.74
Processing batch 11/12 (rows 10001-11000)
  Calculated 1000 temperatures. Range: 7.10 to 25.65
Processing batch 12/12 (rows 11001-11035)
  Calculated 35 temperatures. Range: 7.53 to 20.10
Total observations: 11035, Unique timestamps: 2207
MR parameters: mass=0.24, elev=3014.0, b0=17.10, b1=0.98, b2=-0.48, b3=0.000124
Sample tb=291.15 K, log(mass)=-1.4271, 1/(kT)=39.845550, exponent=-3.0507, rmr=0.047326
Sample tb=275.38 K, log(mass)=-1.4271, 1/(kT)=42.126726, exponent=-4.1457, rmr=0.015833
Sample tb=290.49 K, log(mass)=-1.4271, 1/(kT)=39.936210, exponent=-3.0942, rmr=0.045310
Sample tb=278.24 K, log(mass)=-1.4271, 1/(kT)=41.693236, exponent=-3.9376, rmr=0.019495
Sample tb=280.82 K, log(mass)=-1.4271, 1/(kT)=41.310757, exponent=-3.7540, rmr=0.023424
MR results: 0 NA, 0 infinite, 0 negative, 0 zero
Energy calculations: 5333 non-zero gains, 11035 non-zero losses out of 11035 observations
Saved results to output/results/C1/1951/M/eb_results_MB_1951_C1_A1.rds

Processing: Species=MB, Year=1952, Origin=C1, Climate=A1, Sex=M
Looking for climate data at: /mmfs1/gscratch/biology/jmsmith/targeted_microclimate/A1/simplified_A1_1952.rds
Directory /mmfs1/gscratch/biology/jmsmith/targeted_microclimate/A1 exists. Contents:
simplified_A1_1945.rds
simplified_A1_1946.rds
simplified_A1_1947.rds
simplified_A1_1948.rds
simplified_A1_1949.rds
simplified_A1_1950.rds
simplified_A1_1951.rds
simplified_A1_1952.rds
simplified_A1_1953.rds
simplified_A1_1954.rds
simplified_A1_1955.rds
simplified_A1_1956.rds
simplified_A1_1957.rds
simplified_A1_1958.rds
simplified_A1_1959.rds
simplified_A1_1960.rds
simplified_A1_1961.rds
simplified_A1_1962.rds
simplified_A1_1963.rds
simplified_A1_1964.rds
simplified_A1_2005.rds
simplified_A1_2006.rds
simplified_A1_2007.rds
simplified_A1_2008.rds
simplified_A1_2009.rds
simplified_A1_2010.rds
simplified_A1_2011.rds
simplified_A1_2012.rds
simplified_A1_2013.rds
simplified_A1_2014.rds
simplified_A1_2015.rds
simplified_A1_2016.rds
simplified_A1_2017.rds
simplified_A1_2018.rds
simplified_A1_2019.rds
simplified_A1_2020.rds
simplified_A1_2021.rds
simplified_A1_2022.rds
simplified_A1_2023.rds
simplified_A1_2024.rds
Processing batch 1/12 (rows 1-1000)
  Calculated 1000 temperatures. Range: 3.10 to 60.00
Processing batch 2/12 (rows 1001-2000)
  Calculated 1000 temperatures. Range: 6.15 to 60.00
Processing batch 3/12 (rows 2001-3000)
  Calculated 1000 temperatures. Range: 1.75 to 53.53
Processing batch 4/12 (rows 3001-4000)
  Calculated 1000 temperatures. Range: 5.26 to 49.54
Processing batch 5/12 (rows 4001-5000)
  Calculated 1000 temperatures. Range: 4.39 to 52.42
Processing batch 6/12 (rows 5001-6000)
  Calculated 1000 temperatures. Range: 4.83 to 39.81
Processing batch 7/12 (rows 6001-7000)
  Calculated 1000 temperatures. Range: 2.25 to 38.95
Processing batch 8/12 (rows 7001-8000)
  Calculated 1000 temperatures. Range: 3.58 to 20.06
Processing batch 9/12 (rows 8001-9000)
  Calculated 1000 temperatures. Range: 3.27 to 23.91
Processing batch 10/12 (rows 9001-10000)
  Calculated 1000 temperatures. Range: 5.01 to 25.24
Processing batch 11/12 (rows 10001-11000)
  Calculated 1000 temperatures. Range: 8.01 to 25.06
Processing batch 12/12 (rows 11001-11035)
  Calculated 35 temperatures. Range: 5.20 to 21.57
Total observations: 11035, Unique timestamps: 2207
MR parameters: mass=0.24, elev=3014.0, b0=17.10, b1=0.98, b2=-0.48, b3=0.000124
Sample tb=280.42 K, log(mass)=-1.4271, 1/(kT)=41.369688, exponent=-3.7823, rmr=0.022771
Sample tb=284.82 K, log(mass)=-1.4271, 1/(kT)=40.731246, exponent=-3.4758, rmr=0.030936
Sample tb=285.11 K, log(mass)=-1.4271, 1/(kT)=40.689221, exponent=-3.4557, rmr=0.031566
Sample tb=292.71 K, log(mass)=-1.4271, 1/(kT)=39.632853, exponent=-2.9486, rmr=0.052413
Sample tb=288.22 K, log(mass)=-1.4271, 1/(kT)=40.250391, exponent=-3.2450, rmr=0.038968
MR results: 0 NA, 0 infinite, 0 negative, 0 zero
Energy calculations: 5908 non-zero gains, 11035 non-zero losses out of 11035 observations
Saved results to output/results/C1/1952/M/eb_results_MB_1952_C1_A1.rds

Processing: Species=MB, Year=1953, Origin=C1, Climate=A1, Sex=M
Looking for climate data at: /mmfs1/gscratch/biology/jmsmith/targeted_microclimate/A1/simplified_A1_1953.rds
Directory /mmfs1/gscratch/biology/jmsmith/targeted_microclimate/A1 exists. Contents:
simplified_A1_1945.rds
simplified_A1_1946.rds
simplified_A1_1947.rds
simplified_A1_1948.rds
simplified_A1_1949.rds
simplified_A1_1950.rds
simplified_A1_1951.rds
simplified_A1_1952.rds
simplified_A1_1953.rds
simplified_A1_1954.rds
simplified_A1_1955.rds
simplified_A1_1956.rds
simplified_A1_1957.rds
simplified_A1_1958.rds
simplified_A1_1959.rds
simplified_A1_1960.rds
simplified_A1_1961.rds
simplified_A1_1962.rds
simplified_A1_1963.rds
simplified_A1_1964.rds
simplified_A1_2005.rds
simplified_A1_2006.rds
simplified_A1_2007.rds
simplified_A1_2008.rds
simplified_A1_2009.rds
simplified_A1_2010.rds
simplified_A1_2011.rds
simplified_A1_2012.rds
simplified_A1_2013.rds
simplified_A1_2014.rds
simplified_A1_2015.rds
simplified_A1_2016.rds
simplified_A1_2017.rds
simplified_A1_2018.rds
simplified_A1_2019.rds
simplified_A1_2020.rds
simplified_A1_2021.rds
simplified_A1_2022.rds
simplified_A1_2023.rds
simplified_A1_2024.rds
Processing batch 1/12 (rows 1-1000)
  Calculated 1000 temperatures. Range: 0.78 to 50.22
Processing batch 2/12 (rows 1001-2000)
  Calculated 1000 temperatures. Range: 4.02 to 46.98
Processing batch 3/12 (rows 2001-3000)
  Calculated 1000 temperatures. Range: 3.16 to 43.53
Processing batch 4/12 (rows 3001-4000)
  Calculated 1000 temperatures. Range: 7.45 to 40.45
Processing batch 5/12 (rows 4001-5000)
  Calculated 1000 temperatures. Range: 2.61 to 37.56
Processing batch 6/12 (rows 5001-6000)
  Calculated 1000 temperatures. Range: 5.74 to 39.37
Processing batch 7/12 (rows 6001-7000)
  Calculated 1000 temperatures. Range: 2.32 to 35.33
Processing batch 8/12 (rows 7001-8000)
  Calculated 1000 temperatures. Range: 4.61 to 20.60
Processing batch 9/12 (rows 8001-9000)
  Calculated 1000 temperatures. Range: 3.97 to 19.99
Processing batch 10/12 (rows 9001-10000)
  Calculated 1000 temperatures. Range: 5.53 to 25.16
Processing batch 11/12 (rows 10001-11000)
  Calculated 1000 temperatures. Range: 6.41 to 24.76
Processing batch 12/12 (rows 11001-11035)
  Calculated 35 temperatures. Range: 8.64 to 21.58
Total observations: 11035, Unique timestamps: 2207
MR parameters: mass=0.24, elev=3014.0, b0=17.10, b1=0.98, b2=-0.48, b3=0.000124
Sample tb=283.42 K, log(mass)=-1.4271, 1/(kT)=40.932207, exponent=-3.5723, rmr=0.028091
Sample tb=284.05 K, log(mass)=-1.4271, 1/(kT)=40.840932, exponent=-3.5285, rmr=0.029349
Sample tb=298.19 K, log(mass)=-1.4271, 1/(kT)=38.904839, exponent=-2.5992, rmr=0.074336
Sample tb=299.79 K, log(mass)=-1.4271, 1/(kT)=38.697387, exponent=-2.4996, rmr=0.082119
Sample tb=288.68 K, log(mass)=-1.4271, 1/(kT)=40.186383, exponent=-3.2143, rmr=0.040183
MR results: 0 NA, 0 infinite, 0 negative, 0 zero
Energy calculations: 5938 non-zero gains, 11035 non-zero losses out of 11035 observations
Saved results to output/results/C1/1953/M/eb_results_MB_1953_C1_A1.rds

Processing: Species=MB, Year=1954, Origin=C1, Climate=A1, Sex=M
Looking for climate data at: /mmfs1/gscratch/biology/jmsmith/targeted_microclimate/A1/simplified_A1_1954.rds
Directory /mmfs1/gscratch/biology/jmsmith/targeted_microclimate/A1 exists. Contents:
simplified_A1_1945.rds
simplified_A1_1946.rds
simplified_A1_1947.rds
simplified_A1_1948.rds
simplified_A1_1949.rds
simplified_A1_1950.rds
simplified_A1_1951.rds
simplified_A1_1952.rds
simplified_A1_1953.rds
simplified_A1_1954.rds
simplified_A1_1955.rds
simplified_A1_1956.rds
simplified_A1_1957.rds
simplified_A1_1958.rds
simplified_A1_1959.rds
simplified_A1_1960.rds
simplified_A1_1961.rds
simplified_A1_1962.rds
simplified_A1_1963.rds
simplified_A1_1964.rds
simplified_A1_2005.rds
simplified_A1_2006.rds
simplified_A1_2007.rds
simplified_A1_2008.rds
simplified_A1_2009.rds
simplified_A1_2010.rds
simplified_A1_2011.rds
simplified_A1_2012.rds
simplified_A1_2013.rds
simplified_A1_2014.rds
simplified_A1_2015.rds
simplified_A1_2016.rds
simplified_A1_2017.rds
simplified_A1_2018.rds
simplified_A1_2019.rds
simplified_A1_2020.rds
simplified_A1_2021.rds
simplified_A1_2022.rds
simplified_A1_2023.rds
simplified_A1_2024.rds
Processing batch 1/12 (rows 1-1000)
  Calculated 1000 temperatures. Range: -2.57 to 60.00
Processing batch 2/12 (rows 1001-2000)
  Calculated 1000 temperatures. Range: 4.53 to 60.00
Processing batch 3/12 (rows 2001-3000)
  Calculated 1000 temperatures. Range: -0.19 to 57.88
Processing batch 4/12 (rows 3001-4000)
  Calculated 1000 temperatures. Range: 7.35 to 53.32
Processing batch 5/12 (rows 4001-5000)
  Calculated 1000 temperatures. Range: -0.51 to 51.68
Processing batch 6/12 (rows 5001-6000)
  Calculated 1000 temperatures. Range: 6.23 to 47.66
Processing batch 7/12 (rows 6001-7000)
  Calculated 1000 temperatures. Range: -0.12 to 36.51
Processing batch 8/12 (rows 7001-8000)
  Calculated 1000 temperatures. Range: 5.42 to 22.31
Processing batch 9/12 (rows 8001-9000)
  Calculated 1000 temperatures. Range: 1.15 to 23.09
Processing batch 10/12 (rows 9001-10000)
  Calculated 1000 temperatures. Range: 2.51 to 28.56
Processing batch 11/12 (rows 10001-11000)
  Calculated 1000 temperatures. Range: 6.36 to 26.02
Processing batch 12/12 (rows 11001-11035)
  Calculated 35 temperatures. Range: 8.61 to 23.81
Total observations: 11035, Unique timestamps: 2207
MR parameters: mass=0.24, elev=3014.0, b0=17.10, b1=0.98, b2=-0.48, b3=0.000124
Sample tb=305.29 K, log(mass)=-1.4271, 1/(kT)=37.999207, exponent=-2.1645, rmr=0.114812
Sample tb=296.17 K, log(mass)=-1.4271, 1/(kT)=39.169584, exponent=-2.7262, rmr=0.065465
Sample tb=284.92 K, log(mass)=-1.4271, 1/(kT)=40.716259, exponent=-3.4686, rmr=0.031159
Sample tb=286.43 K, log(mass)=-1.4271, 1/(kT)=40.501415, exponent=-3.3655, rmr=0.034544
Sample tb=304.77 K, log(mass)=-1.4271, 1/(kT)=38.064011, exponent=-2.1956, rmr=0.111296
MR results: 0 NA, 0 infinite, 0 negative, 0 zero
Energy calculations: 6168 non-zero gains, 11035 non-zero losses out of 11035 observations
Saved results to output/results/C1/1954/M/eb_results_MB_1954_C1_A1.rds

Processing: Species=MB, Year=1955, Origin=C1, Climate=A1, Sex=M
Looking for climate data at: /mmfs1/gscratch/biology/jmsmith/targeted_microclimate/A1/simplified_A1_1955.rds
Directory /mmfs1/gscratch/biology/jmsmith/targeted_microclimate/A1 exists. Contents:
simplified_A1_1945.rds
simplified_A1_1946.rds
simplified_A1_1947.rds
simplified_A1_1948.rds
simplified_A1_1949.rds
simplified_A1_1950.rds
simplified_A1_1951.rds
simplified_A1_1952.rds
simplified_A1_1953.rds
simplified_A1_1954.rds
simplified_A1_1955.rds
simplified_A1_1956.rds
simplified_A1_1957.rds
simplified_A1_1958.rds
simplified_A1_1959.rds
simplified_A1_1960.rds
simplified_A1_1961.rds
simplified_A1_1962.rds
simplified_A1_1963.rds
simplified_A1_1964.rds
simplified_A1_2005.rds
simplified_A1_2006.rds
simplified_A1_2007.rds
simplified_A1_2008.rds
simplified_A1_2009.rds
simplified_A1_2010.rds
simplified_A1_2011.rds
simplified_A1_2012.rds
simplified_A1_2013.rds
simplified_A1_2014.rds
simplified_A1_2015.rds
simplified_A1_2016.rds
simplified_A1_2017.rds
simplified_A1_2018.rds
simplified_A1_2019.rds
simplified_A1_2020.rds
simplified_A1_2021.rds
simplified_A1_2022.rds
simplified_A1_2023.rds
simplified_A1_2024.rds
Processing batch 1/12 (rows 1-1000)
  Calculated 1000 temperatures. Range: 0.62 to 60.00
Processing batch 2/12 (rows 1001-2000)
  Calculated 1000 temperatures. Range: 4.46 to 53.81
Processing batch 3/12 (rows 2001-3000)
  Calculated 1000 temperatures. Range: 2.31 to 50.99
Processing batch 4/12 (rows 3001-4000)
  Calculated 1000 temperatures. Range: 7.27 to 54.10
Processing batch 5/12 (rows 4001-5000)
  Calculated 1000 temperatures. Range: 1.94 to 43.11
Processing batch 6/12 (rows 5001-6000)
  Calculated 1000 temperatures. Range: 3.93 to 49.57
Processing batch 7/12 (rows 6001-7000)
  Calculated 1000 temperatures. Range: 1.50 to 39.96
Processing batch 8/12 (rows 7001-8000)
  Calculated 1000 temperatures. Range: 3.41 to 20.42
Processing batch 9/12 (rows 8001-9000)
  Calculated 1000 temperatures. Range: 2.75 to 21.84
Processing batch 10/12 (rows 9001-10000)
  Calculated 1000 temperatures. Range: 3.36 to 26.57
Processing batch 11/12 (rows 10001-11000)
  Calculated 1000 temperatures. Range: 6.07 to 24.73
Processing batch 12/12 (rows 11001-11035)
  Calculated 35 temperatures. Range: 6.32 to 22.21
Total observations: 11035, Unique timestamps: 2207
MR parameters: mass=0.24, elev=3014.0, b0=17.10, b1=0.98, b2=-0.48, b3=0.000124
Sample tb=286.03 K, log(mass)=-1.4271, 1/(kT)=40.558140, exponent=-3.3927, rmr=0.033616
Sample tb=286.42 K, log(mass)=-1.4271, 1/(kT)=40.503582, exponent=-3.3666, rmr=0.034508
Sample tb=300.81 K, log(mass)=-1.4271, 1/(kT)=38.566220, exponent=-2.4366, rmr=0.087456
Sample tb=278.72 K, log(mass)=-1.4271, 1/(kT)=41.621458, exponent=-3.9031, rmr=0.020178
Sample tb=284.77 K, log(mass)=-1.4271, 1/(kT)=40.738335, exponent=-3.4792, rmr=0.030831
MR results: 0 NA, 0 infinite, 0 negative, 0 zero
Energy calculations: 5726 non-zero gains, 11035 non-zero losses out of 11035 observations
Saved results to output/results/C1/1955/M/eb_results_MB_1955_C1_A1.rds

Processing: Species=MB, Year=1956, Origin=C1, Climate=A1, Sex=M
Looking for climate data at: /mmfs1/gscratch/biology/jmsmith/targeted_microclimate/A1/simplified_A1_1956.rds
Directory /mmfs1/gscratch/biology/jmsmith/targeted_microclimate/A1 exists. Contents:
simplified_A1_1945.rds
simplified_A1_1946.rds
simplified_A1_1947.rds
simplified_A1_1948.rds
simplified_A1_1949.rds
simplified_A1_1950.rds
simplified_A1_1951.rds
simplified_A1_1952.rds
simplified_A1_1953.rds
simplified_A1_1954.rds
simplified_A1_1955.rds
simplified_A1_1956.rds
simplified_A1_1957.rds
simplified_A1_1958.rds
simplified_A1_1959.rds
simplified_A1_1960.rds
simplified_A1_1961.rds
simplified_A1_1962.rds
simplified_A1_1963.rds
simplified_A1_1964.rds
simplified_A1_2005.rds
simplified_A1_2006.rds
simplified_A1_2007.rds
simplified_A1_2008.rds
simplified_A1_2009.rds
simplified_A1_2010.rds
simplified_A1_2011.rds
simplified_A1_2012.rds
simplified_A1_2013.rds
simplified_A1_2014.rds
simplified_A1_2015.rds
simplified_A1_2016.rds
simplified_A1_2017.rds
simplified_A1_2018.rds
simplified_A1_2019.rds
simplified_A1_2020.rds
simplified_A1_2021.rds
simplified_A1_2022.rds
simplified_A1_2023.rds
simplified_A1_2024.rds
Processing batch 1/12 (rows 1-1000)
  Calculated 1000 temperatures. Range: 2.48 to 60.00
Processing batch 2/12 (rows 1001-2000)
  Calculated 1000 temperatures. Range: 4.55 to 46.46
Processing batch 3/12 (rows 2001-3000)
  Calculated 1000 temperatures. Range: -0.56 to 50.54
Processing batch 4/12 (rows 3001-4000)
  Calculated 1000 temperatures. Range: 7.05 to 40.57
Processing batch 5/12 (rows 4001-5000)
  Calculated 1000 temperatures. Range: 1.36 to 40.38
Processing batch 6/12 (rows 5001-6000)
  Calculated 1000 temperatures. Range: 6.53 to 36.95
Processing batch 7/12 (rows 6001-7000)
  Calculated 1000 temperatures. Range: 1.08 to 35.43
Processing batch 8/12 (rows 7001-8000)
  Calculated 1000 temperatures. Range: 4.12 to 20.22
Processing batch 9/12 (rows 8001-9000)
  Calculated 1000 temperatures. Range: 1.37 to 22.22
Processing batch 10/12 (rows 9001-10000)
  Calculated 1000 temperatures. Range: 6.51 to 26.01
Processing batch 11/12 (rows 10001-11000)
  Calculated 1000 temperatures. Range: 6.69 to 23.79
Processing batch 12/12 (rows 11001-11035)
  Calculated 35 temperatures. Range: 2.45 to 19.57
Total observations: 11035, Unique timestamps: 2207
MR parameters: mass=0.24, elev=3014.0, b0=17.10, b1=0.98, b2=-0.48, b3=0.000124
Sample tb=296.01 K, log(mass)=-1.4271, 1/(kT)=39.191247, exponent=-2.7366, rmr=0.064788
Sample tb=287.08 K, log(mass)=-1.4271, 1/(kT)=40.410687, exponent=-3.3220, rmr=0.036082
Sample tb=285.15 K, log(mass)=-1.4271, 1/(kT)=40.682970, exponent=-3.4527, rmr=0.031661
Sample tb=289.41 K, log(mass)=-1.4271, 1/(kT)=40.085314, exponent=-3.1658, rmr=0.042181
Sample tb=280.13 K, log(mass)=-1.4271, 1/(kT)=41.412405, exponent=-3.8028, rmr=0.022308
MR results: 0 NA, 0 infinite, 0 negative, 0 zero
Energy calculations: 5685 non-zero gains, 11035 non-zero losses out of 11035 observations
Saved results to output/results/C1/1956/M/eb_results_MB_1956_C1_A1.rds

Processing: Species=MB, Year=1957, Origin=C1, Climate=A1, Sex=M
Looking for climate data at: /mmfs1/gscratch/biology/jmsmith/targeted_microclimate/A1/simplified_A1_1957.rds
Directory /mmfs1/gscratch/biology/jmsmith/targeted_microclimate/A1 exists. Contents:
simplified_A1_1945.rds
simplified_A1_1946.rds
simplified_A1_1947.rds
simplified_A1_1948.rds
simplified_A1_1949.rds
simplified_A1_1950.rds
simplified_A1_1951.rds
simplified_A1_1952.rds
simplified_A1_1953.rds
simplified_A1_1954.rds
simplified_A1_1955.rds
simplified_A1_1956.rds
simplified_A1_1957.rds
simplified_A1_1958.rds
simplified_A1_1959.rds
simplified_A1_1960.rds
simplified_A1_1961.rds
simplified_A1_1962.rds
simplified_A1_1963.rds
simplified_A1_1964.rds
simplified_A1_2005.rds
simplified_A1_2006.rds
simplified_A1_2007.rds
simplified_A1_2008.rds
simplified_A1_2009.rds
simplified_A1_2010.rds
simplified_A1_2011.rds
simplified_A1_2012.rds
simplified_A1_2013.rds
simplified_A1_2014.rds
simplified_A1_2015.rds
simplified_A1_2016.rds
simplified_A1_2017.rds
simplified_A1_2018.rds
simplified_A1_2019.rds
simplified_A1_2020.rds
simplified_A1_2021.rds
simplified_A1_2022.rds
simplified_A1_2023.rds
simplified_A1_2024.rds
Processing batch 1/12 (rows 1-1000)
  Calculated 1000 temperatures. Range: 0.83 to 60.00
Processing batch 2/12 (rows 1001-2000)
  Calculated 1000 temperatures. Range: 6.23 to 48.31
Processing batch 3/12 (rows 2001-3000)
  Calculated 1000 temperatures. Range: 2.78 to 46.61
Processing batch 4/12 (rows 3001-4000)
  Calculated 1000 temperatures. Range: 6.68 to 53.78
Processing batch 5/12 (rows 4001-5000)
  Calculated 1000 temperatures. Range: 2.26 to 37.80
Processing batch 6/12 (rows 5001-6000)
  Calculated 1000 temperatures. Range: 5.83 to 51.92
Processing batch 7/12 (rows 6001-7000)
  Calculated 1000 temperatures. Range: 2.44 to 34.60
Processing batch 8/12 (rows 7001-8000)
  Calculated 1000 temperatures. Range: 1.75 to 20.41
Processing batch 9/12 (rows 8001-9000)
  Calculated 1000 temperatures. Range: 4.82 to 21.75
Processing batch 10/12 (rows 9001-10000)
  Calculated 1000 temperatures. Range: 3.20 to 25.68
Processing batch 11/12 (rows 10001-11000)
  Calculated 1000 temperatures. Range: 7.04 to 24.15
Processing batch 12/12 (rows 11001-11035)
  Calculated 35 temperatures. Range: 8.13 to 17.67
Total observations: 11035, Unique timestamps: 2207
MR parameters: mass=0.24, elev=3014.0, b0=17.10, b1=0.98, b2=-0.48, b3=0.000124
Sample tb=290.57 K, log(mass)=-1.4271, 1/(kT)=39.924618, exponent=-3.0887, rmr=0.045563
Sample tb=281.89 K, log(mass)=-1.4271, 1/(kT)=41.154774, exponent=-3.6791, rmr=0.025245
Sample tb=291.54 K, log(mass)=-1.4271, 1/(kT)=39.792016, exponent=-3.0250, rmr=0.048558
Sample tb=292.35 K, log(mass)=-1.4271, 1/(kT)=39.681244, exponent=-2.9718, rmr=0.051209
Sample tb=301.03 K, log(mass)=-1.4271, 1/(kT)=38.537195, exponent=-2.4227, rmr=0.088683
MR results: 0 NA, 0 infinite, 0 negative, 0 zero
Energy calculations: 5711 non-zero gains, 11035 non-zero losses out of 11035 observations
Saved results to output/results/C1/1957/M/eb_results_MB_1957_C1_A1.rds

Processing: Species=MB, Year=1958, Origin=C1, Climate=A1, Sex=M
Looking for climate data at: /mmfs1/gscratch/biology/jmsmith/targeted_microclimate/A1/simplified_A1_1958.rds
Directory /mmfs1/gscratch/biology/jmsmith/targeted_microclimate/A1 exists. Contents:
simplified_A1_1945.rds
simplified_A1_1946.rds
simplified_A1_1947.rds
simplified_A1_1948.rds
simplified_A1_1949.rds
simplified_A1_1950.rds
simplified_A1_1951.rds
simplified_A1_1952.rds
simplified_A1_1953.rds
simplified_A1_1954.rds
simplified_A1_1955.rds
simplified_A1_1956.rds
simplified_A1_1957.rds
simplified_A1_1958.rds
simplified_A1_1959.rds
simplified_A1_1960.rds
simplified_A1_1961.rds
simplified_A1_1962.rds
simplified_A1_1963.rds
simplified_A1_1964.rds
simplified_A1_2005.rds
simplified_A1_2006.rds
simplified_A1_2007.rds
simplified_A1_2008.rds
simplified_A1_2009.rds
simplified_A1_2010.rds
simplified_A1_2011.rds
simplified_A1_2012.rds
simplified_A1_2013.rds
simplified_A1_2014.rds
simplified_A1_2015.rds
simplified_A1_2016.rds
simplified_A1_2017.rds
simplified_A1_2018.rds
simplified_A1_2019.rds
simplified_A1_2020.rds
simplified_A1_2021.rds
simplified_A1_2022.rds
simplified_A1_2023.rds
simplified_A1_2024.rds
Processing batch 1/12 (rows 1-1000)
  Calculated 1000 temperatures. Range: 2.27 to 50.41
Processing batch 2/12 (rows 1001-2000)
  Calculated 1000 temperatures. Range: 4.89 to 57.51
Processing batch 3/12 (rows 2001-3000)
  Calculated 1000 temperatures. Range: 3.29 to 42.84
Processing batch 4/12 (rows 3001-4000)
  Calculated 1000 temperatures. Range: 6.84 to 45.59
Processing batch 5/12 (rows 4001-5000)
  Calculated 1000 temperatures. Range: 3.95 to 37.69
Processing batch 6/12 (rows 5001-6000)
  Calculated 1000 temperatures. Range: 4.77 to 38.60
Processing batch 7/12 (rows 6001-7000)
  Calculated 1000 temperatures. Range: 3.18 to 39.98
Processing batch 8/12 (rows 7001-8000)
  Calculated 1000 temperatures. Range: 4.04 to 20.41
Processing batch 9/12 (rows 8001-9000)
  Calculated 1000 temperatures. Range: 4.42 to 24.37
Processing batch 10/12 (rows 9001-10000)
  Calculated 1000 temperatures. Range: 5.13 to 25.43
Processing batch 11/12 (rows 10001-11000)
  Calculated 1000 temperatures. Range: 6.99 to 25.17
Processing batch 12/12 (rows 11001-11035)
  Calculated 35 temperatures. Range: 6.18 to 20.96
Total observations: 11035, Unique timestamps: 2207
MR parameters: mass=0.24, elev=3014.0, b0=17.10, b1=0.98, b2=-0.48, b3=0.000124
Sample tb=283.47 K, log(mass)=-1.4271, 1/(kT)=40.924885, exponent=-3.5688, rmr=0.028190
Sample tb=302.79 K, log(mass)=-1.4271, 1/(kT)=38.313392, exponent=-2.3153, rmr=0.098740
Sample tb=288.57 K, log(mass)=-1.4271, 1/(kT)=40.201863, exponent=-3.2217, rmr=0.039886
Sample tb=289.14 K, log(mass)=-1.4271, 1/(kT)=40.122383, exponent=-3.1836, rmr=0.041437
Sample tb=280.79 K, log(mass)=-1.4271, 1/(kT)=41.314829, exponent=-3.7560, rmr=0.023378
MR results: 0 NA, 0 infinite, 0 negative, 0 zero
Energy calculations: 5615 non-zero gains, 11035 non-zero losses out of 11035 observations
Saved results to output/results/C1/1958/M/eb_results_MB_1958_C1_A1.rds

Processing: Species=MB, Year=1959, Origin=C1, Climate=A1, Sex=M
Looking for climate data at: /mmfs1/gscratch/biology/jmsmith/targeted_microclimate/A1/simplified_A1_1959.rds
Directory /mmfs1/gscratch/biology/jmsmith/targeted_microclimate/A1 exists. Contents:
simplified_A1_1945.rds
simplified_A1_1946.rds
simplified_A1_1947.rds
simplified_A1_1948.rds
simplified_A1_1949.rds
simplified_A1_1950.rds
simplified_A1_1951.rds
simplified_A1_1952.rds
simplified_A1_1953.rds
simplified_A1_1954.rds
simplified_A1_1955.rds
simplified_A1_1956.rds
simplified_A1_1957.rds
simplified_A1_1958.rds
simplified_A1_1959.rds
simplified_A1_1960.rds
simplified_A1_1961.rds
simplified_A1_1962.rds
simplified_A1_1963.rds
simplified_A1_1964.rds
simplified_A1_2005.rds
simplified_A1_2006.rds
simplified_A1_2007.rds
simplified_A1_2008.rds
simplified_A1_2009.rds
simplified_A1_2010.rds
simplified_A1_2011.rds
simplified_A1_2012.rds
simplified_A1_2013.rds
simplified_A1_2014.rds
simplified_A1_2015.rds
simplified_A1_2016.rds
simplified_A1_2017.rds
simplified_A1_2018.rds
simplified_A1_2019.rds
simplified_A1_2020.rds
simplified_A1_2021.rds
simplified_A1_2022.rds
simplified_A1_2023.rds
simplified_A1_2024.rds
Processing batch 1/12 (rows 1-1000)
  Calculated 1000 temperatures. Range: 0.62 to 49.08
Processing batch 2/12 (rows 1001-2000)
  Calculated 1000 temperatures. Range: 5.65 to 54.49
Processing batch 3/12 (rows 2001-3000)
  Calculated 1000 temperatures. Range: 2.14 to 44.62
Processing batch 4/12 (rows 3001-4000)
  Calculated 1000 temperatures. Range: 6.00 to 46.09
Processing batch 5/12 (rows 4001-5000)
  Calculated 1000 temperatures. Range: 1.87 to 40.00
Processing batch 6/12 (rows 5001-6000)
  Calculated 1000 temperatures. Range: 5.07 to 43.04
Processing batch 7/12 (rows 6001-7000)
  Calculated 1000 temperatures. Range: 2.04 to 42.24
Processing batch 8/12 (rows 7001-8000)
  Calculated 1000 temperatures. Range: 4.55 to 20.54
Processing batch 9/12 (rows 8001-9000)
  Calculated 1000 temperatures. Range: 2.95 to 23.55
Processing batch 10/12 (rows 9001-10000)
  Calculated 1000 temperatures. Range: 5.73 to 24.01
Processing batch 11/12 (rows 10001-11000)
  Calculated 1000 temperatures. Range: 7.65 to 24.87
Processing batch 12/12 (rows 11001-11035)
  Calculated 35 temperatures. Range: 7.81 to 22.26
Total observations: 11035, Unique timestamps: 2207
MR parameters: mass=0.24, elev=3014.0, b0=17.10, b1=0.98, b2=-0.48, b3=0.000124
Sample tb=287.32 K, log(mass)=-1.4271, 1/(kT)=40.375969, exponent=-3.3053, rmr=0.036688
Sample tb=284.72 K, log(mass)=-1.4271, 1/(kT)=40.744600, exponent=-3.4822, rmr=0.030738
Sample tb=283.11 K, log(mass)=-1.4271, 1/(kT)=40.977223, exponent=-3.5939, rmr=0.027491
Sample tb=279.90 K, log(mass)=-1.4271, 1/(kT)=41.447407, exponent=-3.8196, rmr=0.021937
Sample tb=279.13 K, log(mass)=-1.4271, 1/(kT)=41.561212, exponent=-3.8742, rmr=0.020771
MR results: 0 NA, 0 infinite, 0 negative, 0 zero
Energy calculations: 6004 non-zero gains, 11035 non-zero losses out of 11035 observations
Saved results to output/results/C1/1959/M/eb_results_MB_1959_C1_A1.rds

Processing: Species=MB, Year=1960, Origin=C1, Climate=A1, Sex=M
Looking for climate data at: /mmfs1/gscratch/biology/jmsmith/targeted_microclimate/A1/simplified_A1_1960.rds
Directory /mmfs1/gscratch/biology/jmsmith/targeted_microclimate/A1 exists. Contents:
simplified_A1_1945.rds
simplified_A1_1946.rds
simplified_A1_1947.rds
simplified_A1_1948.rds
simplified_A1_1949.rds
simplified_A1_1950.rds
simplified_A1_1951.rds
simplified_A1_1952.rds
simplified_A1_1953.rds
simplified_A1_1954.rds
simplified_A1_1955.rds
simplified_A1_1956.rds
simplified_A1_1957.rds
simplified_A1_1958.rds
simplified_A1_1959.rds
simplified_A1_1960.rds
simplified_A1_1961.rds
simplified_A1_1962.rds
simplified_A1_1963.rds
simplified_A1_1964.rds
simplified_A1_2005.rds
simplified_A1_2006.rds
simplified_A1_2007.rds
simplified_A1_2008.rds
simplified_A1_2009.rds
simplified_A1_2010.rds
simplified_A1_2011.rds
simplified_A1_2012.rds
simplified_A1_2013.rds
simplified_A1_2014.rds
simplified_A1_2015.rds
simplified_A1_2016.rds
simplified_A1_2017.rds
simplified_A1_2018.rds
simplified_A1_2019.rds
simplified_A1_2020.rds
simplified_A1_2021.rds
simplified_A1_2022.rds
simplified_A1_2023.rds
simplified_A1_2024.rds
Processing batch 1/12 (rows 1-1000)
  Calculated 1000 temperatures. Range: 2.43 to 58.46
Processing batch 2/12 (rows 1001-2000)
  Calculated 1000 temperatures. Range: 1.12 to 50.71
Processing batch 3/12 (rows 2001-3000)
  Calculated 1000 temperatures. Range: 2.22 to 54.67
Processing batch 4/12 (rows 3001-4000)
  Calculated 1000 temperatures. Range: 6.65 to 43.01
Processing batch 5/12 (rows 4001-5000)
  Calculated 1000 temperatures. Range: 3.72 to 44.60
Processing batch 6/12 (rows 5001-6000)
  Calculated 1000 temperatures. Range: 5.62 to 39.95
Processing batch 7/12 (rows 6001-7000)
  Calculated 1000 temperatures. Range: 2.98 to 36.78
Processing batch 8/12 (rows 7001-8000)
  Calculated 1000 temperatures. Range: 3.47 to 21.26
Processing batch 9/12 (rows 8001-9000)
  Calculated 1000 temperatures. Range: 2.31 to 22.53
Processing batch 10/12 (rows 9001-10000)
  Calculated 1000 temperatures. Range: 5.04 to 26.07
Processing batch 11/12 (rows 10001-11000)
  Calculated 1000 temperatures. Range: 4.28 to 26.42
Processing batch 12/12 (rows 11001-11035)
  Calculated 35 temperatures. Range: 7.70 to 25.14
Total observations: 11035, Unique timestamps: 2207
MR parameters: mass=0.24, elev=3014.0, b0=17.10, b1=0.98, b2=-0.48, b3=0.000124
Sample tb=281.18 K, log(mass)=-1.4271, 1/(kT)=41.258131, exponent=-3.7287, rmr=0.024023
Sample tb=281.84 K, log(mass)=-1.4271, 1/(kT)=41.162085, exponent=-3.6826, rmr=0.025157
Sample tb=289.81 K, log(mass)=-1.4271, 1/(kT)=40.029006, exponent=-3.1388, rmr=0.043336
Sample tb=292.72 K, log(mass)=-1.4271, 1/(kT)=39.631079, exponent=-2.9478, rmr=0.052457
Sample tb=279.90 K, log(mass)=-1.4271, 1/(kT)=41.446283, exponent=-3.8191, rmr=0.021949
MR results: 0 NA, 0 infinite, 0 negative, 0 zero
Energy calculations: 5774 non-zero gains, 11035 non-zero losses out of 11035 observations
Saved results to output/results/C1/1960/M/eb_results_MB_1960_C1_A1.rds

Processing: Species=MB, Year=1961, Origin=C1, Climate=A1, Sex=M
Looking for climate data at: /mmfs1/gscratch/biology/jmsmith/targeted_microclimate/A1/simplified_A1_1961.rds
Directory /mmfs1/gscratch/biology/jmsmith/targeted_microclimate/A1 exists. Contents:
simplified_A1_1945.rds
simplified_A1_1946.rds
simplified_A1_1947.rds
simplified_A1_1948.rds
simplified_A1_1949.rds
simplified_A1_1950.rds
simplified_A1_1951.rds
simplified_A1_1952.rds
simplified_A1_1953.rds
simplified_A1_1954.rds
simplified_A1_1955.rds
simplified_A1_1956.rds
simplified_A1_1957.rds
simplified_A1_1958.rds
simplified_A1_1959.rds
simplified_A1_1960.rds
simplified_A1_1961.rds
simplified_A1_1962.rds
simplified_A1_1963.rds
simplified_A1_1964.rds
simplified_A1_2005.rds
simplified_A1_2006.rds
simplified_A1_2007.rds
simplified_A1_2008.rds
simplified_A1_2009.rds
simplified_A1_2010.rds
simplified_A1_2011.rds
simplified_A1_2012.rds
simplified_A1_2013.rds
simplified_A1_2014.rds
simplified_A1_2015.rds
simplified_A1_2016.rds
simplified_A1_2017.rds
simplified_A1_2018.rds
simplified_A1_2019.rds
simplified_A1_2020.rds
simplified_A1_2021.rds
simplified_A1_2022.rds
simplified_A1_2023.rds
simplified_A1_2024.rds
Processing batch 1/12 (rows 1-1000)
  Calculated 1000 temperatures. Range: 0.59 to 48.07
Processing batch 2/12 (rows 1001-2000)
  Calculated 1000 temperatures. Range: 3.67 to 50.84
Processing batch 3/12 (rows 2001-3000)
  Calculated 1000 temperatures. Range: 2.27 to 44.85
Processing batch 4/12 (rows 3001-4000)
  Calculated 1000 temperatures. Range: 4.88 to 41.63
Processing batch 5/12 (rows 4001-5000)
  Calculated 1000 temperatures. Range: 1.98 to 39.02
Processing batch 6/12 (rows 5001-6000)
  Calculated 1000 temperatures. Range: 4.56 to 38.06
Processing batch 7/12 (rows 6001-7000)
  Calculated 1000 temperatures. Range: 1.78 to 38.93
Processing batch 8/12 (rows 7001-8000)
  Calculated 1000 temperatures. Range: 3.78 to 20.12
Processing batch 9/12 (rows 8001-9000)
  Calculated 1000 temperatures. Range: 2.85 to 20.18
Processing batch 10/12 (rows 9001-10000)
  Calculated 1000 temperatures. Range: 5.32 to 24.75
Processing batch 11/12 (rows 10001-11000)
  Calculated 1000 temperatures. Range: 4.97 to 24.47
Processing batch 12/12 (rows 11001-11035)
  Calculated 35 temperatures. Range: 9.22 to 19.07
Total observations: 11035, Unique timestamps: 2207
MR parameters: mass=0.24, elev=3014.0, b0=17.10, b1=0.98, b2=-0.48, b3=0.000124
Sample tb=278.17 K, log(mass)=-1.4271, 1/(kT)=41.704512, exponent=-3.9430, rmr=0.019390
Sample tb=289.69 K, log(mass)=-1.4271, 1/(kT)=40.045791, exponent=-3.1468, rmr=0.042989
Sample tb=287.28 K, log(mass)=-1.4271, 1/(kT)=40.381405, exponent=-3.3079, rmr=0.036592
Sample tb=279.20 K, log(mass)=-1.4271, 1/(kT)=41.551026, exponent=-3.8693, rmr=0.020872
Sample tb=282.84 K, log(mass)=-1.4271, 1/(kT)=41.015756, exponent=-3.6124, rmr=0.026987
MR results: 0 NA, 0 infinite, 0 negative, 0 zero
Energy calculations: 5780 non-zero gains, 11035 non-zero losses out of 11035 observations
Saved results to output/results/C1/1961/M/eb_results_MB_1961_C1_A1.rds

Processing: Species=MB, Year=1962, Origin=C1, Climate=A1, Sex=M
Looking for climate data at: /mmfs1/gscratch/biology/jmsmith/targeted_microclimate/A1/simplified_A1_1962.rds
Directory /mmfs1/gscratch/biology/jmsmith/targeted_microclimate/A1 exists. Contents:
simplified_A1_1945.rds
simplified_A1_1946.rds
simplified_A1_1947.rds
simplified_A1_1948.rds
simplified_A1_1949.rds
simplified_A1_1950.rds
simplified_A1_1951.rds
simplified_A1_1952.rds
simplified_A1_1953.rds
simplified_A1_1954.rds
simplified_A1_1955.rds
simplified_A1_1956.rds
simplified_A1_1957.rds
simplified_A1_1958.rds
simplified_A1_1959.rds
simplified_A1_1960.rds
simplified_A1_1961.rds
simplified_A1_1962.rds
simplified_A1_1963.rds
simplified_A1_1964.rds
simplified_A1_2005.rds
simplified_A1_2006.rds
simplified_A1_2007.rds
simplified_A1_2008.rds
simplified_A1_2009.rds
simplified_A1_2010.rds
simplified_A1_2011.rds
simplified_A1_2012.rds
simplified_A1_2013.rds
simplified_A1_2014.rds
simplified_A1_2015.rds
simplified_A1_2016.rds
simplified_A1_2017.rds
simplified_A1_2018.rds
simplified_A1_2019.rds
simplified_A1_2020.rds
simplified_A1_2021.rds
simplified_A1_2022.rds
simplified_A1_2023.rds
simplified_A1_2024.rds
Processing batch 1/12 (rows 1-1000)
  Calculated 1000 temperatures. Range: 0.31 to 57.13
Processing batch 2/12 (rows 1001-2000)
  Calculated 1000 temperatures. Range: 4.22 to 60.00
Processing batch 3/12 (rows 2001-3000)
  Calculated 1000 temperatures. Range: 1.78 to 57.48
Processing batch 4/12 (rows 3001-4000)
  Calculated 1000 temperatures. Range: 6.47 to 49.94
Processing batch 5/12 (rows 4001-5000)
  Calculated 1000 temperatures. Range: 1.72 to 45.42
Processing batch 6/12 (rows 5001-6000)
  Calculated 1000 temperatures. Range: 6.15 to 44.27
Processing batch 7/12 (rows 6001-7000)
  Calculated 1000 temperatures. Range: 1.49 to 38.68
Processing batch 8/12 (rows 7001-8000)
  Calculated 1000 temperatures. Range: 2.21 to 19.96
Processing batch 9/12 (rows 8001-9000)
  Calculated 1000 temperatures. Range: 2.84 to 21.14
Processing batch 10/12 (rows 9001-10000)
  Calculated 1000 temperatures. Range: 2.31 to 23.88
Processing batch 11/12 (rows 10001-11000)
  Calculated 1000 temperatures. Range: 5.41 to 26.46
Processing batch 12/12 (rows 11001-11035)
  Calculated 35 temperatures. Range: 4.82 to 16.77
Total observations: 11035, Unique timestamps: 2207
MR parameters: mass=0.24, elev=3014.0, b0=17.10, b1=0.98, b2=-0.48, b3=0.000124
Sample tb=280.82 K, log(mass)=-1.4271, 1/(kT)=41.311001, exponent=-3.7541, rmr=0.023421
Sample tb=283.53 K, log(mass)=-1.4271, 1/(kT)=40.916164, exponent=-3.5646, rmr=0.028308
Sample tb=286.28 K, log(mass)=-1.4271, 1/(kT)=40.522333, exponent=-3.3756, rmr=0.034199
Sample tb=301.15 K, log(mass)=-1.4271, 1/(kT)=38.522123, exponent=-2.4155, rmr=0.089327
Sample tb=285.44 K, log(mass)=-1.4271, 1/(kT)=40.642852, exponent=-3.4334, rmr=0.032277
MR results: 0 NA, 0 infinite, 0 negative, 0 zero
Energy calculations: 5481 non-zero gains, 11035 non-zero losses out of 11035 observations
Saved results to output/results/C1/1962/M/eb_results_MB_1962_C1_A1.rds

Processing: Species=MB, Year=1963, Origin=C1, Climate=A1, Sex=M
Looking for climate data at: /mmfs1/gscratch/biology/jmsmith/targeted_microclimate/A1/simplified_A1_1963.rds
Directory /mmfs1/gscratch/biology/jmsmith/targeted_microclimate/A1 exists. Contents:
simplified_A1_1945.rds
simplified_A1_1946.rds
simplified_A1_1947.rds
simplified_A1_1948.rds
simplified_A1_1949.rds
simplified_A1_1950.rds
simplified_A1_1951.rds
simplified_A1_1952.rds
simplified_A1_1953.rds
simplified_A1_1954.rds
simplified_A1_1955.rds
simplified_A1_1956.rds
simplified_A1_1957.rds
simplified_A1_1958.rds
simplified_A1_1959.rds
simplified_A1_1960.rds
simplified_A1_1961.rds
simplified_A1_1962.rds
simplified_A1_1963.rds
simplified_A1_1964.rds
simplified_A1_2005.rds
simplified_A1_2006.rds
simplified_A1_2007.rds
simplified_A1_2008.rds
simplified_A1_2009.rds
simplified_A1_2010.rds
simplified_A1_2011.rds
simplified_A1_2012.rds
simplified_A1_2013.rds
simplified_A1_2014.rds
simplified_A1_2015.rds
simplified_A1_2016.rds
simplified_A1_2017.rds
simplified_A1_2018.rds
simplified_A1_2019.rds
simplified_A1_2020.rds
simplified_A1_2021.rds
simplified_A1_2022.rds
simplified_A1_2023.rds
simplified_A1_2024.rds
Processing batch 1/12 (rows 1-1000)
  Calculated 1000 temperatures. Range: 2.31 to 60.00
Processing batch 2/12 (rows 1001-2000)
  Calculated 1000 temperatures. Range: 5.78 to 50.82
Processing batch 3/12 (rows 2001-3000)
  Calculated 1000 temperatures. Range: 3.85 to 50.13
Processing batch 4/12 (rows 3001-4000)
  Calculated 1000 temperatures. Range: 7.15 to 42.56
Processing batch 5/12 (rows 4001-5000)
  Calculated 1000 temperatures. Range: 3.63 to 38.29
Processing batch 6/12 (rows 5001-6000)
  Calculated 1000 temperatures. Range: 6.41 to 47.22
Processing batch 7/12 (rows 6001-7000)
  Calculated 1000 temperatures. Range: 3.34 to 35.49
Processing batch 8/12 (rows 7001-8000)
  Calculated 1000 temperatures. Range: 4.34 to 21.25
Processing batch 9/12 (rows 8001-9000)
  Calculated 1000 temperatures. Range: 4.45 to 21.52
Processing batch 10/12 (rows 9001-10000)
  Calculated 1000 temperatures. Range: 5.04 to 26.29
Processing batch 11/12 (rows 10001-11000)
  Calculated 1000 temperatures. Range: 7.52 to 25.87
Processing batch 12/12 (rows 11001-11035)
  Calculated 35 temperatures. Range: 8.92 to 19.00
Total observations: 11035, Unique timestamps: 2207
MR parameters: mass=0.24, elev=3014.0, b0=17.10, b1=0.98, b2=-0.48, b3=0.000124
Sample tb=290.73 K, log(mass)=-1.4271, 1/(kT)=39.902225, exponent=-3.0779, rmr=0.046056
Sample tb=295.47 K, log(mass)=-1.4271, 1/(kT)=39.262874, exponent=-2.7710, rmr=0.062598
Sample tb=283.68 K, log(mass)=-1.4271, 1/(kT)=40.894341, exponent=-3.5541, rmr=0.028606
Sample tb=285.07 K, log(mass)=-1.4271, 1/(kT)=40.694372, exponent=-3.4581, rmr=0.031488
Sample tb=295.32 K, log(mass)=-1.4271, 1/(kT)=39.283226, exponent=-2.7808, rmr=0.061990
MR results: 0 NA, 0 infinite, 0 negative, 0 zero
Energy calculations: 6034 non-zero gains, 11035 non-zero losses out of 11035 observations
Saved results to output/results/C1/1963/M/eb_results_MB_1963_C1_A1.rds

Processing: Species=MB, Year=1964, Origin=C1, Climate=A1, Sex=M
Looking for climate data at: /mmfs1/gscratch/biology/jmsmith/targeted_microclimate/A1/simplified_A1_1964.rds
Directory /mmfs1/gscratch/biology/jmsmith/targeted_microclimate/A1 exists. Contents:
simplified_A1_1945.rds
simplified_A1_1946.rds
simplified_A1_1947.rds
simplified_A1_1948.rds
simplified_A1_1949.rds
simplified_A1_1950.rds
simplified_A1_1951.rds
simplified_A1_1952.rds
simplified_A1_1953.rds
simplified_A1_1954.rds
simplified_A1_1955.rds
simplified_A1_1956.rds
simplified_A1_1957.rds
simplified_A1_1958.rds
simplified_A1_1959.rds
simplified_A1_1960.rds
simplified_A1_1961.rds
simplified_A1_1962.rds
simplified_A1_1963.rds
simplified_A1_1964.rds
simplified_A1_2005.rds
simplified_A1_2006.rds
simplified_A1_2007.rds
simplified_A1_2008.rds
simplified_A1_2009.rds
simplified_A1_2010.rds
simplified_A1_2011.rds
simplified_A1_2012.rds
simplified_A1_2013.rds
simplified_A1_2014.rds
simplified_A1_2015.rds
simplified_A1_2016.rds
simplified_A1_2017.rds
simplified_A1_2018.rds
simplified_A1_2019.rds
simplified_A1_2020.rds
simplified_A1_2021.rds
simplified_A1_2022.rds
simplified_A1_2023.rds
simplified_A1_2024.rds
Processing batch 1/12 (rows 1-1000)
  Calculated 1000 temperatures. Range: 0.98 to 48.36
Processing batch 2/12 (rows 1001-2000)
  Calculated 1000 temperatures. Range: 0.73 to 49.28
Processing batch 3/12 (rows 2001-3000)
  Calculated 1000 temperatures. Range: -0.57 to 40.45
Processing batch 4/12 (rows 3001-4000)
  Calculated 1000 temperatures. Range: 6.20 to 42.56
Processing batch 5/12 (rows 4001-5000)
  Calculated 1000 temperatures. Range: 1.58 to 36.13
Processing batch 6/12 (rows 5001-6000)
  Calculated 1000 temperatures. Range: 5.09 to 39.05
Processing batch 7/12 (rows 6001-7000)
  Calculated 1000 temperatures. Range: 1.00 to 34.88
Processing batch 8/12 (rows 7001-8000)
  Calculated 1000 temperatures. Range: 1.97 to 20.65
Processing batch 9/12 (rows 8001-9000)
  Calculated 1000 temperatures. Range: 1.16 to 22.44
Processing batch 10/12 (rows 9001-10000)
  Calculated 1000 temperatures. Range: 3.45 to 25.33
Processing batch 11/12 (rows 10001-11000)
  Calculated 1000 temperatures. Range: 3.34 to 25.06
Processing batch 12/12 (rows 11001-11035)
  Calculated 35 temperatures. Range: 4.12 to 23.35
Total observations: 11035, Unique timestamps: 2207
MR parameters: mass=0.24, elev=3014.0, b0=17.10, b1=0.98, b2=-0.48, b3=0.000124
Sample tb=313.48 K, log(mass)=-1.4271, 1/(kT)=37.007108, exponent=-1.6882, rmr=0.184843
Sample tb=291.08 K, log(mass)=-1.4271, 1/(kT)=39.855278, exponent=-3.0554, rmr=0.047105
Sample tb=282.65 K, log(mass)=-1.4271, 1/(kT)=41.043568, exponent=-3.6258, rmr=0.026629
Sample tb=300.85 K, log(mass)=-1.4271, 1/(kT)=38.560132, exponent=-2.4337, rmr=0.087712
Sample tb=279.12 K, log(mass)=-1.4271, 1/(kT)=41.562106, exponent=-3.8746, rmr=0.020762
MR results: 0 NA, 0 infinite, 0 negative, 0 zero
Energy calculations: 5694 non-zero gains, 11035 non-zero losses out of 11035 observations
Saved results to output/results/C1/1964/M/eb_results_MB_1964_C1_A1.rds

All years processed.
