Arguments received:
Species: MS
Years: 2005, 2006, 2007, 2008, 2009, 2010, 2011, 2012, 2013, 2014, 2015, 2016, 2017, 2018, 2019, 2020, 2021, 2022, 2023, 2024
Origin site: A1
Climate site: A1
Sex: F
Output directory: output/results/A1
Library paths:
[1] "/gscratch/biology/jmsmith/R"                          
[2] "/mmfs1/home/smithju/R/x86_64-pc-linux-gnu-library/4.4"
[3] "/usr/local/lib/R/site-library"                        
[4] "/usr/local/lib/R/library"                             
Package tidyverse loaded successfully
Package TrenchR loaded successfully
Package rTPC loaded successfully
Package lubridate loaded successfully

Processing: Species=MS, Year=2005, Origin=A1, Climate=A1, Sex=F
Looking for climate data at: /mmfs1/gscratch/biology/jmsmith/targeted_microclimate/A1/simplified_A1_2005.rds
Directory /mmfs1/gscratch/biology/jmsmith/targeted_microclimate/A1 exists. Contents:
simplified_A1_1945.rds
simplified_A1_1946.rds
simplified_A1_1947.rds
simplified_A1_1948.rds
simplified_A1_1949.rds
simplified_A1_1950.rds
simplified_A1_1951.rds
simplified_A1_1952.rds
simplified_A1_1953.rds
simplified_A1_1954.rds
simplified_A1_1955.rds
simplified_A1_1956.rds
simplified_A1_1957.rds
simplified_A1_1958.rds
simplified_A1_1959.rds
simplified_A1_1960.rds
simplified_A1_1961.rds
simplified_A1_1962.rds
simplified_A1_1963.rds
simplified_A1_1964.rds
simplified_A1_2005.rds
simplified_A1_2006.rds
simplified_A1_2007.rds
simplified_A1_2008.rds
simplified_A1_2009.rds
simplified_A1_2010.rds
simplified_A1_2011.rds
simplified_A1_2012.rds
simplified_A1_2013.rds
simplified_A1_2014.rds
simplified_A1_2015.rds
simplified_A1_2016.rds
simplified_A1_2017.rds
simplified_A1_2018.rds
simplified_A1_2019.rds
simplified_A1_2020.rds
simplified_A1_2021.rds
simplified_A1_2022.rds
simplified_A1_2023.rds
simplified_A1_2024.rds
Processing batch 1/12 (rows 1-1000)
  Calculated 1000 temperatures. Range: 0.42 to 60.00
Processing batch 2/12 (rows 1001-2000)
  Calculated 1000 temperatures. Range: 4.82 to 60.00
Processing batch 3/12 (rows 2001-3000)
  Calculated 1000 temperatures. Range: 1.77 to 46.90
Processing batch 4/12 (rows 3001-4000)
  Calculated 1000 temperatures. Range: 5.82 to 54.14
Processing batch 5/12 (rows 4001-5000)
  Calculated 1000 temperatures. Range: 1.80 to 39.88
Processing batch 6/12 (rows 5001-6000)
  Calculated 1000 temperatures. Range: 4.80 to 40.82
Processing batch 7/12 (rows 6001-7000)
  Calculated 1000 temperatures. Range: 1.30 to 39.02
Processing batch 8/12 (rows 7001-8000)
  Calculated 1000 temperatures. Range: 4.29 to 22.54
Processing batch 9/12 (rows 8001-9000)
  Calculated 1000 temperatures. Range: 3.35 to 20.70
Processing batch 10/12 (rows 9001-10000)
  Calculated 1000 temperatures. Range: 2.71 to 27.11
Processing batch 11/12 (rows 10001-11000)
  Calculated 1000 temperatures. Range: 6.16 to 27.75
Processing batch 12/12 (rows 11001-11035)
  Calculated 35 temperatures. Range: 5.07 to 24.96
Total observations: 11035, Unique timestamps: 2207
MR parameters: mass=0.33, elev=2195.0, b0=16.50, b1=0.85, b2=-0.47, b3=0.000108
Sample tb=280.88 K, log(mass)=-1.1087, 1/(kT)=41.302107, exponent=-3.6173, rmr=0.026855
Sample tb=285.79 K, log(mass)=-1.1087, 1/(kT)=40.591977, exponent=-3.2835, rmr=0.037496
Sample tb=305.28 K, log(mass)=-1.1087, 1/(kT)=38.000558, exponent=-2.0656, rmr=0.126747
Sample tb=287.23 K, log(mass)=-1.1087, 1/(kT)=40.389328, exponent=-3.1883, rmr=0.041242
Sample tb=280.92 K, log(mass)=-1.1087, 1/(kT)=41.296595, exponent=-3.6147, rmr=0.026925
MR results: 0 NA, 0 infinite, 0 negative, 0 zero
Energy calculations: 6873 non-zero gains, 11035 non-zero losses out of 11035 observations
Saved results to output/results/A1/2005/F/eb_results_MS_2005_A1_A1.rds

Processing: Species=MS, Year=2006, Origin=A1, Climate=A1, Sex=F
Looking for climate data at: /mmfs1/gscratch/biology/jmsmith/targeted_microclimate/A1/simplified_A1_2006.rds
Directory /mmfs1/gscratch/biology/jmsmith/targeted_microclimate/A1 exists. Contents:
simplified_A1_1945.rds
simplified_A1_1946.rds
simplified_A1_1947.rds
simplified_A1_1948.rds
simplified_A1_1949.rds
simplified_A1_1950.rds
simplified_A1_1951.rds
simplified_A1_1952.rds
simplified_A1_1953.rds
simplified_A1_1954.rds
simplified_A1_1955.rds
simplified_A1_1956.rds
simplified_A1_1957.rds
simplified_A1_1958.rds
simplified_A1_1959.rds
simplified_A1_1960.rds
simplified_A1_1961.rds
simplified_A1_1962.rds
simplified_A1_1963.rds
simplified_A1_1964.rds
simplified_A1_2005.rds
simplified_A1_2006.rds
simplified_A1_2007.rds
simplified_A1_2008.rds
simplified_A1_2009.rds
simplified_A1_2010.rds
simplified_A1_2011.rds
simplified_A1_2012.rds
simplified_A1_2013.rds
simplified_A1_2014.rds
simplified_A1_2015.rds
simplified_A1_2016.rds
simplified_A1_2017.rds
simplified_A1_2018.rds
simplified_A1_2019.rds
simplified_A1_2020.rds
simplified_A1_2021.rds
simplified_A1_2022.rds
simplified_A1_2023.rds
simplified_A1_2024.rds
Processing batch 1/12 (rows 1-1000)
  Calculated 1000 temperatures. Range: 3.58 to 55.25
Processing batch 2/12 (rows 1001-2000)
  Calculated 1000 temperatures. Range: 5.76 to 59.02
Processing batch 3/12 (rows 2001-3000)
  Calculated 1000 temperatures. Range: 3.33 to 46.27
Processing batch 4/12 (rows 3001-4000)
  Calculated 1000 temperatures. Range: 8.22 to 48.37
Processing batch 5/12 (rows 4001-5000)
  Calculated 1000 temperatures. Range: 4.55 to 42.33
Processing batch 6/12 (rows 5001-6000)
  Calculated 1000 temperatures. Range: 5.66 to 45.61
Processing batch 7/12 (rows 6001-7000)
  Calculated 1000 temperatures. Range: 4.72 to 40.05
Processing batch 8/12 (rows 7001-8000)
  Calculated 1000 temperatures. Range: 4.09 to 21.56
Processing batch 9/12 (rows 8001-9000)
  Calculated 1000 temperatures. Range: 4.54 to 24.78
Processing batch 10/12 (rows 9001-10000)
  Calculated 1000 temperatures. Range: 4.76 to 27.88
Processing batch 11/12 (rows 10001-11000)
  Calculated 1000 temperatures. Range: 5.85 to 27.08
Processing batch 12/12 (rows 11001-11035)
  Calculated 35 temperatures. Range: 9.09 to 22.99
Total observations: 11035, Unique timestamps: 2207
MR parameters: mass=0.33, elev=2195.0, b0=16.50, b1=0.85, b2=-0.47, b3=0.000108
Sample tb=290.70 K, log(mass)=-1.1087, 1/(kT)=39.906682, exponent=-2.9614, rmr=0.051744
Sample tb=279.63 K, log(mass)=-1.1087, 1/(kT)=41.487094, exponent=-3.7042, rmr=0.024619
Sample tb=278.21 K, log(mass)=-1.1087, 1/(kT)=41.698937, exponent=-3.8038, rmr=0.022286
Sample tb=285.68 K, log(mass)=-1.1087, 1/(kT)=40.608153, exponent=-3.2911, rmr=0.037212
Sample tb=282.67 K, log(mass)=-1.1087, 1/(kT)=41.040207, exponent=-3.4942, rmr=0.030373
MR results: 0 NA, 0 infinite, 0 negative, 0 zero
Energy calculations: 7716 non-zero gains, 11035 non-zero losses out of 11035 observations
Saved results to output/results/A1/2006/F/eb_results_MS_2006_A1_A1.rds

Processing: Species=MS, Year=2007, Origin=A1, Climate=A1, Sex=F
Looking for climate data at: /mmfs1/gscratch/biology/jmsmith/targeted_microclimate/A1/simplified_A1_2007.rds
Directory /mmfs1/gscratch/biology/jmsmith/targeted_microclimate/A1 exists. Contents:
simplified_A1_1945.rds
simplified_A1_1946.rds
simplified_A1_1947.rds
simplified_A1_1948.rds
simplified_A1_1949.rds
simplified_A1_1950.rds
simplified_A1_1951.rds
simplified_A1_1952.rds
simplified_A1_1953.rds
simplified_A1_1954.rds
simplified_A1_1955.rds
simplified_A1_1956.rds
simplified_A1_1957.rds
simplified_A1_1958.rds
simplified_A1_1959.rds
simplified_A1_1960.rds
simplified_A1_1961.rds
simplified_A1_1962.rds
simplified_A1_1963.rds
simplified_A1_1964.rds
simplified_A1_2005.rds
simplified_A1_2006.rds
simplified_A1_2007.rds
simplified_A1_2008.rds
simplified_A1_2009.rds
simplified_A1_2010.rds
simplified_A1_2011.rds
simplified_A1_2012.rds
simplified_A1_2013.rds
simplified_A1_2014.rds
simplified_A1_2015.rds
simplified_A1_2016.rds
simplified_A1_2017.rds
simplified_A1_2018.rds
simplified_A1_2019.rds
simplified_A1_2020.rds
simplified_A1_2021.rds
simplified_A1_2022.rds
simplified_A1_2023.rds
simplified_A1_2024.rds
Processing batch 1/12 (rows 1-1000)
  Calculated 1000 temperatures. Range: -1.98 to 60.00
Processing batch 2/12 (rows 1001-2000)
  Calculated 1000 temperatures. Range: 7.05 to 48.02
Processing batch 3/12 (rows 2001-3000)
  Calculated 1000 temperatures. Range: -0.27 to 49.13
Processing batch 4/12 (rows 3001-4000)
  Calculated 1000 temperatures. Range: 8.52 to 39.88
Processing batch 5/12 (rows 4001-5000)
  Calculated 1000 temperatures. Range: -0.43 to 48.22
Processing batch 6/12 (rows 5001-6000)
  Calculated 1000 temperatures. Range: 7.74 to 40.82
Processing batch 7/12 (rows 6001-7000)
  Calculated 1000 temperatures. Range: -0.29 to 38.14
Processing batch 8/12 (rows 7001-8000)
  Calculated 1000 temperatures. Range: 3.80 to 21.51
Processing batch 9/12 (rows 8001-9000)
  Calculated 1000 temperatures. Range: 3.16 to 21.19
Processing batch 10/12 (rows 9001-10000)
  Calculated 1000 temperatures. Range: 0.69 to 27.04
Processing batch 11/12 (rows 10001-11000)
  Calculated 1000 temperatures. Range: 8.62 to 25.81
Processing batch 12/12 (rows 11001-11035)
  Calculated 35 temperatures. Range: 9.57 to 23.53
Total observations: 11035, Unique timestamps: 2207
MR parameters: mass=0.33, elev=2195.0, b0=16.50, b1=0.85, b2=-0.47, b3=0.000108
Sample tb=303.91 K, log(mass)=-1.1087, 1/(kT)=38.171706, exponent=-2.1460, rmr=0.116950
Sample tb=291.86 K, log(mass)=-1.1087, 1/(kT)=39.747959, exponent=-2.8868, rmr=0.055752
Sample tb=299.18 K, log(mass)=-1.1087, 1/(kT)=38.775488, exponent=-2.4298, rmr=0.088056
Sample tb=293.54 K, log(mass)=-1.1087, 1/(kT)=39.520736, exponent=-2.7800, rmr=0.062035
Sample tb=281.49 K, log(mass)=-1.1087, 1/(kT)=41.212782, exponent=-3.5753, rmr=0.028007
MR results: 0 NA, 0 infinite, 0 negative, 0 zero
Energy calculations: 7956 non-zero gains, 11035 non-zero losses out of 11035 observations
Saved results to output/results/A1/2007/F/eb_results_MS_2007_A1_A1.rds

Processing: Species=MS, Year=2008, Origin=A1, Climate=A1, Sex=F
Looking for climate data at: /mmfs1/gscratch/biology/jmsmith/targeted_microclimate/A1/simplified_A1_2008.rds
Directory /mmfs1/gscratch/biology/jmsmith/targeted_microclimate/A1 exists. Contents:
simplified_A1_1945.rds
simplified_A1_1946.rds
simplified_A1_1947.rds
simplified_A1_1948.rds
simplified_A1_1949.rds
simplified_A1_1950.rds
simplified_A1_1951.rds
simplified_A1_1952.rds
simplified_A1_1953.rds
simplified_A1_1954.rds
simplified_A1_1955.rds
simplified_A1_1956.rds
simplified_A1_1957.rds
simplified_A1_1958.rds
simplified_A1_1959.rds
simplified_A1_1960.rds
simplified_A1_1961.rds
simplified_A1_1962.rds
simplified_A1_1963.rds
simplified_A1_1964.rds
simplified_A1_2005.rds
simplified_A1_2006.rds
simplified_A1_2007.rds
simplified_A1_2008.rds
simplified_A1_2009.rds
simplified_A1_2010.rds
simplified_A1_2011.rds
simplified_A1_2012.rds
simplified_A1_2013.rds
simplified_A1_2014.rds
simplified_A1_2015.rds
simplified_A1_2016.rds
simplified_A1_2017.rds
simplified_A1_2018.rds
simplified_A1_2019.rds
simplified_A1_2020.rds
simplified_A1_2021.rds
simplified_A1_2022.rds
simplified_A1_2023.rds
simplified_A1_2024.rds
Processing batch 1/12 (rows 1-1000)
  Calculated 1000 temperatures. Range: -1.64 to 60.00
Processing batch 2/12 (rows 1001-2000)
  Calculated 1000 temperatures. Range: 4.32 to 60.00
Processing batch 3/12 (rows 2001-3000)
  Calculated 1000 temperatures. Range: 0.61 to 47.88
Processing batch 4/12 (rows 3001-4000)
  Calculated 1000 temperatures. Range: 5.90 to 52.59
Processing batch 5/12 (rows 4001-5000)
  Calculated 1000 temperatures. Range: 0.04 to 46.97
Processing batch 6/12 (rows 5001-6000)
  Calculated 1000 temperatures. Range: 4.05 to 44.98
Processing batch 7/12 (rows 6001-7000)
  Calculated 1000 temperatures. Range: -0.27 to 38.09
Processing batch 8/12 (rows 7001-8000)
  Calculated 1000 temperatures. Range: 3.72 to 20.63
Processing batch 9/12 (rows 8001-9000)
  Calculated 1000 temperatures. Range: 5.15 to 21.80
Processing batch 10/12 (rows 9001-10000)
  Calculated 1000 temperatures. Range: 1.29 to 25.46
Processing batch 11/12 (rows 10001-11000)
  Calculated 1000 temperatures. Range: 6.13 to 26.45
Processing batch 12/12 (rows 11001-11035)
  Calculated 35 temperatures. Range: 9.39 to 22.28
Total observations: 11035, Unique timestamps: 2207
MR parameters: mass=0.33, elev=2195.0, b0=16.50, b1=0.85, b2=-0.47, b3=0.000108
Sample tb=284.66 K, log(mass)=-1.1087, 1/(kT)=40.754046, exponent=-3.3597, rmr=0.034746
Sample tb=297.49 K, log(mass)=-1.1087, 1/(kT)=38.996227, exponent=-2.5335, rmr=0.079378
Sample tb=287.37 K, log(mass)=-1.1087, 1/(kT)=40.368725, exponent=-3.1786, rmr=0.041644
Sample tb=285.44 K, log(mass)=-1.1087, 1/(kT)=40.641563, exponent=-3.3068, rmr=0.036632
Sample tb=286.33 K, log(mass)=-1.1087, 1/(kT)=40.516510, exponent=-3.2481, rmr=0.038849
MR results: 0 NA, 0 infinite, 0 negative, 0 zero
Energy calculations: 6978 non-zero gains, 11035 non-zero losses out of 11035 observations
Saved results to output/results/A1/2008/F/eb_results_MS_2008_A1_A1.rds

Processing: Species=MS, Year=2009, Origin=A1, Climate=A1, Sex=F
Looking for climate data at: /mmfs1/gscratch/biology/jmsmith/targeted_microclimate/A1/simplified_A1_2009.rds
Directory /mmfs1/gscratch/biology/jmsmith/targeted_microclimate/A1 exists. Contents:
simplified_A1_1945.rds
simplified_A1_1946.rds
simplified_A1_1947.rds
simplified_A1_1948.rds
simplified_A1_1949.rds
simplified_A1_1950.rds
simplified_A1_1951.rds
simplified_A1_1952.rds
simplified_A1_1953.rds
simplified_A1_1954.rds
simplified_A1_1955.rds
simplified_A1_1956.rds
simplified_A1_1957.rds
simplified_A1_1958.rds
simplified_A1_1959.rds
simplified_A1_1960.rds
simplified_A1_1961.rds
simplified_A1_1962.rds
simplified_A1_1963.rds
simplified_A1_1964.rds
simplified_A1_2005.rds
simplified_A1_2006.rds
simplified_A1_2007.rds
simplified_A1_2008.rds
simplified_A1_2009.rds
simplified_A1_2010.rds
simplified_A1_2011.rds
simplified_A1_2012.rds
simplified_A1_2013.rds
simplified_A1_2014.rds
simplified_A1_2015.rds
simplified_A1_2016.rds
simplified_A1_2017.rds
simplified_A1_2018.rds
simplified_A1_2019.rds
simplified_A1_2020.rds
simplified_A1_2021.rds
simplified_A1_2022.rds
simplified_A1_2023.rds
simplified_A1_2024.rds
Processing batch 1/12 (rows 1-1000)
  Calculated 1000 temperatures. Range: 1.49 to 47.60
Processing batch 2/12 (rows 1001-2000)
  Calculated 1000 temperatures. Range: 2.84 to 47.23
Processing batch 3/12 (rows 2001-3000)
  Calculated 1000 temperatures. Range: 2.86 to 40.16
Processing batch 4/12 (rows 3001-4000)
  Calculated 1000 temperatures. Range: 5.87 to 40.13
Processing batch 5/12 (rows 4001-5000)
  Calculated 1000 temperatures. Range: 2.73 to 40.59
Processing batch 6/12 (rows 5001-6000)
  Calculated 1000 temperatures. Range: 5.68 to 39.89
Processing batch 7/12 (rows 6001-7000)
  Calculated 1000 temperatures. Range: 2.06 to 39.73
Processing batch 8/12 (rows 7001-8000)
  Calculated 1000 temperatures. Range: 4.75 to 20.15
Processing batch 9/12 (rows 8001-9000)
  Calculated 1000 temperatures. Range: 3.79 to 20.75
Processing batch 10/12 (rows 9001-10000)
  Calculated 1000 temperatures. Range: 3.37 to 24.46
Processing batch 11/12 (rows 10001-11000)
  Calculated 1000 temperatures. Range: 4.89 to 25.88
Processing batch 12/12 (rows 11001-11035)
  Calculated 35 temperatures. Range: 7.52 to 21.23
Total observations: 11035, Unique timestamps: 2207
MR parameters: mass=0.33, elev=2195.0, b0=16.50, b1=0.85, b2=-0.47, b3=0.000108
Sample tb=300.58 K, log(mass)=-1.1087, 1/(kT)=38.595457, exponent=-2.3452, rmr=0.095831
Sample tb=286.22 K, log(mass)=-1.1087, 1/(kT)=40.531850, exponent=-3.2553, rmr=0.038570
Sample tb=284.74 K, log(mass)=-1.1087, 1/(kT)=40.742204, exponent=-3.3541, rmr=0.034939
Sample tb=293.58 K, log(mass)=-1.1087, 1/(kT)=39.514962, exponent=-2.7773, rmr=0.062204
Sample tb=284.77 K, log(mass)=-1.1087, 1/(kT)=40.737360, exponent=-3.3519, rmr=0.035019
MR results: 0 NA, 0 infinite, 0 negative, 0 zero
Energy calculations: 6384 non-zero gains, 11035 non-zero losses out of 11035 observations
Saved results to output/results/A1/2009/F/eb_results_MS_2009_A1_A1.rds

Processing: Species=MS, Year=2010, Origin=A1, Climate=A1, Sex=F
Looking for climate data at: /mmfs1/gscratch/biology/jmsmith/targeted_microclimate/A1/simplified_A1_2010.rds
Directory /mmfs1/gscratch/biology/jmsmith/targeted_microclimate/A1 exists. Contents:
simplified_A1_1945.rds
simplified_A1_1946.rds
simplified_A1_1947.rds
simplified_A1_1948.rds
simplified_A1_1949.rds
simplified_A1_1950.rds
simplified_A1_1951.rds
simplified_A1_1952.rds
simplified_A1_1953.rds
simplified_A1_1954.rds
simplified_A1_1955.rds
simplified_A1_1956.rds
simplified_A1_1957.rds
simplified_A1_1958.rds
simplified_A1_1959.rds
simplified_A1_1960.rds
simplified_A1_1961.rds
simplified_A1_1962.rds
simplified_A1_1963.rds
simplified_A1_1964.rds
simplified_A1_2005.rds
simplified_A1_2006.rds
simplified_A1_2007.rds
simplified_A1_2008.rds
simplified_A1_2009.rds
simplified_A1_2010.rds
simplified_A1_2011.rds
simplified_A1_2012.rds
simplified_A1_2013.rds
simplified_A1_2014.rds
simplified_A1_2015.rds
simplified_A1_2016.rds
simplified_A1_2017.rds
simplified_A1_2018.rds
simplified_A1_2019.rds
simplified_A1_2020.rds
simplified_A1_2021.rds
simplified_A1_2022.rds
simplified_A1_2023.rds
simplified_A1_2024.rds
Processing batch 1/12 (rows 1-1000)
  Calculated 1000 temperatures. Range: 2.35 to 60.00
Processing batch 2/12 (rows 1001-2000)
  Calculated 1000 temperatures. Range: 5.18 to 57.31
Processing batch 3/12 (rows 2001-3000)
  Calculated 1000 temperatures. Range: 4.10 to 52.53
Processing batch 4/12 (rows 3001-4000)
  Calculated 1000 temperatures. Range: 6.06 to 47.27
Processing batch 5/12 (rows 4001-5000)
  Calculated 1000 temperatures. Range: 4.19 to 43.10
Processing batch 6/12 (rows 5001-6000)
  Calculated 1000 temperatures. Range: 5.73 to 43.41
Processing batch 7/12 (rows 6001-7000)
  Calculated 1000 temperatures. Range: 3.65 to 39.92
Processing batch 8/12 (rows 7001-8000)
  Calculated 1000 temperatures. Range: 3.80 to 21.00
Processing batch 9/12 (rows 8001-9000)
  Calculated 1000 temperatures. Range: 5.40 to 23.72
Processing batch 10/12 (rows 9001-10000)
  Calculated 1000 temperatures. Range: 4.80 to 26.21
Processing batch 11/12 (rows 10001-11000)
  Calculated 1000 temperatures. Range: 6.99 to 25.72
Processing batch 12/12 (rows 11001-11035)
  Calculated 35 temperatures. Range: 7.64 to 20.23
Total observations: 11035, Unique timestamps: 2207
MR parameters: mass=0.33, elev=2195.0, b0=16.50, b1=0.85, b2=-0.47, b3=0.000108
Sample tb=286.61 K, log(mass)=-1.1087, 1/(kT)=40.476617, exponent=-3.2293, rmr=0.039585
Sample tb=290.96 K, log(mass)=-1.1087, 1/(kT)=39.871455, exponent=-2.9449, rmr=0.052608
Sample tb=288.13 K, log(mass)=-1.1087, 1/(kT)=40.263420, exponent=-3.1291, rmr=0.043757
Sample tb=282.17 K, log(mass)=-1.1087, 1/(kT)=41.113197, exponent=-3.5285, rmr=0.029349
Sample tb=290.93 K, log(mass)=-1.1087, 1/(kT)=39.875961, exponent=-2.9470, rmr=0.052497
MR results: 0 NA, 0 infinite, 0 negative, 0 zero
Energy calculations: 7439 non-zero gains, 11035 non-zero losses out of 11035 observations
Saved results to output/results/A1/2010/F/eb_results_MS_2010_A1_A1.rds

Processing: Species=MS, Year=2011, Origin=A1, Climate=A1, Sex=F
Looking for climate data at: /mmfs1/gscratch/biology/jmsmith/targeted_microclimate/A1/simplified_A1_2011.rds
Directory /mmfs1/gscratch/biology/jmsmith/targeted_microclimate/A1 exists. Contents:
simplified_A1_1945.rds
simplified_A1_1946.rds
simplified_A1_1947.rds
simplified_A1_1948.rds
simplified_A1_1949.rds
simplified_A1_1950.rds
simplified_A1_1951.rds
simplified_A1_1952.rds
simplified_A1_1953.rds
simplified_A1_1954.rds
simplified_A1_1955.rds
simplified_A1_1956.rds
simplified_A1_1957.rds
simplified_A1_1958.rds
simplified_A1_1959.rds
simplified_A1_1960.rds
simplified_A1_1961.rds
simplified_A1_1962.rds
simplified_A1_1963.rds
simplified_A1_1964.rds
simplified_A1_2005.rds
simplified_A1_2006.rds
simplified_A1_2007.rds
simplified_A1_2008.rds
simplified_A1_2009.rds
simplified_A1_2010.rds
simplified_A1_2011.rds
simplified_A1_2012.rds
simplified_A1_2013.rds
simplified_A1_2014.rds
simplified_A1_2015.rds
simplified_A1_2016.rds
simplified_A1_2017.rds
simplified_A1_2018.rds
simplified_A1_2019.rds
simplified_A1_2020.rds
simplified_A1_2021.rds
simplified_A1_2022.rds
simplified_A1_2023.rds
simplified_A1_2024.rds
Processing batch 1/12 (rows 1-1000)
  Calculated 1000 temperatures. Range: 1.29 to 52.29
Processing batch 2/12 (rows 1001-2000)
  Calculated 1000 temperatures. Range: 5.20 to 56.28
Processing batch 3/12 (rows 2001-3000)
  Calculated 1000 temperatures. Range: 3.32 to 44.07
Processing batch 4/12 (rows 3001-4000)
  Calculated 1000 temperatures. Range: 7.40 to 43.63
Processing batch 5/12 (rows 4001-5000)
  Calculated 1000 temperatures. Range: 2.91 to 47.51
Processing batch 6/12 (rows 5001-6000)
  Calculated 1000 temperatures. Range: 6.22 to 40.61
Processing batch 7/12 (rows 6001-7000)
  Calculated 1000 temperatures. Range: 2.42 to 46.72
Processing batch 8/12 (rows 7001-8000)
  Calculated 1000 temperatures. Range: 4.04 to 21.33
Processing batch 9/12 (rows 8001-9000)
  Calculated 1000 temperatures. Range: 4.78 to 23.34
Processing batch 10/12 (rows 9001-10000)
  Calculated 1000 temperatures. Range: 4.02 to 25.60
Processing batch 11/12 (rows 10001-11000)
  Calculated 1000 temperatures. Range: 7.80 to 25.80
Processing batch 12/12 (rows 11001-11035)
  Calculated 35 temperatures. Range: 10.60 to 25.46
Total observations: 11035, Unique timestamps: 2207
MR parameters: mass=0.33, elev=2195.0, b0=16.50, b1=0.85, b2=-0.47, b3=0.000108
Sample tb=289.85 K, log(mass)=-1.1087, 1/(kT)=40.023808, exponent=-3.0165, rmr=0.048973
Sample tb=283.58 K, log(mass)=-1.1087, 1/(kT)=40.909154, exponent=-3.4326, rmr=0.032303
Sample tb=296.77 K, log(mass)=-1.1087, 1/(kT)=39.090972, exponent=-2.5781, rmr=0.075921
Sample tb=307.24 K, log(mass)=-1.1087, 1/(kT)=37.758095, exponent=-1.9516, rmr=0.142046
Sample tb=308.70 K, log(mass)=-1.1087, 1/(kT)=37.579791, exponent=-1.8678, rmr=0.154462
MR results: 0 NA, 0 infinite, 0 negative, 0 zero
Energy calculations: 7713 non-zero gains, 11035 non-zero losses out of 11035 observations
Saved results to output/results/A1/2011/F/eb_results_MS_2011_A1_A1.rds

Processing: Species=MS, Year=2012, Origin=A1, Climate=A1, Sex=F
Looking for climate data at: /mmfs1/gscratch/biology/jmsmith/targeted_microclimate/A1/simplified_A1_2012.rds
Directory /mmfs1/gscratch/biology/jmsmith/targeted_microclimate/A1 exists. Contents:
simplified_A1_1945.rds
simplified_A1_1946.rds
simplified_A1_1947.rds
simplified_A1_1948.rds
simplified_A1_1949.rds
simplified_A1_1950.rds
simplified_A1_1951.rds
simplified_A1_1952.rds
simplified_A1_1953.rds
simplified_A1_1954.rds
simplified_A1_1955.rds
simplified_A1_1956.rds
simplified_A1_1957.rds
simplified_A1_1958.rds
simplified_A1_1959.rds
simplified_A1_1960.rds
simplified_A1_1961.rds
simplified_A1_1962.rds
simplified_A1_1963.rds
simplified_A1_1964.rds
simplified_A1_2005.rds
simplified_A1_2006.rds
simplified_A1_2007.rds
simplified_A1_2008.rds
simplified_A1_2009.rds
simplified_A1_2010.rds
simplified_A1_2011.rds
simplified_A1_2012.rds
simplified_A1_2013.rds
simplified_A1_2014.rds
simplified_A1_2015.rds
simplified_A1_2016.rds
simplified_A1_2017.rds
simplified_A1_2018.rds
simplified_A1_2019.rds
simplified_A1_2020.rds
simplified_A1_2021.rds
simplified_A1_2022.rds
simplified_A1_2023.rds
simplified_A1_2024.rds
Processing batch 1/12 (rows 1-1000)
  Calculated 1000 temperatures. Range: -0.52 to 60.00
Processing batch 2/12 (rows 1001-2000)
  Calculated 1000 temperatures. Range: 2.70 to 48.24
Processing batch 3/12 (rows 2001-3000)
  Calculated 1000 temperatures. Range: 1.94 to 52.16
Processing batch 4/12 (rows 3001-4000)
  Calculated 1000 temperatures. Range: 6.94 to 40.52
Processing batch 5/12 (rows 4001-5000)
  Calculated 1000 temperatures. Range: 1.17 to 51.54
Processing batch 6/12 (rows 5001-6000)
  Calculated 1000 temperatures. Range: 6.39 to 52.16
Processing batch 7/12 (rows 6001-7000)
  Calculated 1000 temperatures. Range: 1.02 to 41.42
Processing batch 8/12 (rows 7001-8000)
  Calculated 1000 temperatures. Range: 5.32 to 22.23
Processing batch 9/12 (rows 8001-9000)
  Calculated 1000 temperatures. Range: 4.05 to 23.97
Processing batch 10/12 (rows 9001-10000)
  Calculated 1000 temperatures. Range: 2.80 to 28.43
Processing batch 11/12 (rows 10001-11000)
  Calculated 1000 temperatures. Range: 5.51 to 26.29
Processing batch 12/12 (rows 11001-11035)
  Calculated 35 temperatures. Range: 9.08 to 22.97
Total observations: 11035, Unique timestamps: 2207
MR parameters: mass=0.33, elev=2195.0, b0=16.50, b1=0.85, b2=-0.47, b3=0.000108
Sample tb=277.25 K, log(mass)=-1.1087, 1/(kT)=41.842172, exponent=-3.8711, rmr=0.020835
Sample tb=306.57 K, log(mass)=-1.1087, 1/(kT)=37.840739, exponent=-1.9905, rmr=0.136634
Sample tb=290.52 K, log(mass)=-1.1087, 1/(kT)=39.931960, exponent=-2.9733, rmr=0.051133
Sample tb=285.45 K, log(mass)=-1.1087, 1/(kT)=40.641189, exponent=-3.3067, rmr=0.036638
Sample tb=282.87 K, log(mass)=-1.1087, 1/(kT)=41.011816, exponent=-3.4809, rmr=0.030781
MR results: 0 NA, 0 infinite, 0 negative, 0 zero
Energy calculations: 8072 non-zero gains, 11035 non-zero losses out of 11035 observations
Saved results to output/results/A1/2012/F/eb_results_MS_2012_A1_A1.rds

Processing: Species=MS, Year=2013, Origin=A1, Climate=A1, Sex=F
Looking for climate data at: /mmfs1/gscratch/biology/jmsmith/targeted_microclimate/A1/simplified_A1_2013.rds
Directory /mmfs1/gscratch/biology/jmsmith/targeted_microclimate/A1 exists. Contents:
simplified_A1_1945.rds
simplified_A1_1946.rds
simplified_A1_1947.rds
simplified_A1_1948.rds
simplified_A1_1949.rds
simplified_A1_1950.rds
simplified_A1_1951.rds
simplified_A1_1952.rds
simplified_A1_1953.rds
simplified_A1_1954.rds
simplified_A1_1955.rds
simplified_A1_1956.rds
simplified_A1_1957.rds
simplified_A1_1958.rds
simplified_A1_1959.rds
simplified_A1_1960.rds
simplified_A1_1961.rds
simplified_A1_1962.rds
simplified_A1_1963.rds
simplified_A1_1964.rds
simplified_A1_2005.rds
simplified_A1_2006.rds
simplified_A1_2007.rds
simplified_A1_2008.rds
simplified_A1_2009.rds
simplified_A1_2010.rds
simplified_A1_2011.rds
simplified_A1_2012.rds
simplified_A1_2013.rds
simplified_A1_2014.rds
simplified_A1_2015.rds
simplified_A1_2016.rds
simplified_A1_2017.rds
simplified_A1_2018.rds
simplified_A1_2019.rds
simplified_A1_2020.rds
simplified_A1_2021.rds
simplified_A1_2022.rds
simplified_A1_2023.rds
simplified_A1_2024.rds
Processing batch 1/12 (rows 1-1000)
  Calculated 1000 temperatures. Range: 0.39 to 60.00
Processing batch 2/12 (rows 1001-2000)
  Calculated 1000 temperatures. Range: 5.41 to 58.03
Processing batch 3/12 (rows 2001-3000)
  Calculated 1000 temperatures. Range: 1.94 to 56.15
Processing batch 4/12 (rows 3001-4000)
  Calculated 1000 temperatures. Range: 7.03 to 46.91
Processing batch 5/12 (rows 4001-5000)
  Calculated 1000 temperatures. Range: 1.87 to 48.54
Processing batch 6/12 (rows 5001-6000)
  Calculated 1000 temperatures. Range: 6.89 to 51.88
Processing batch 7/12 (rows 6001-7000)
  Calculated 1000 temperatures. Range: 2.00 to 38.65
Processing batch 8/12 (rows 7001-8000)
  Calculated 1000 temperatures. Range: 4.44 to 21.74
Processing batch 9/12 (rows 8001-9000)
  Calculated 1000 temperatures. Range: 2.98 to 22.98
Processing batch 10/12 (rows 9001-10000)
  Calculated 1000 temperatures. Range: 5.89 to 26.86
Processing batch 11/12 (rows 10001-11000)
  Calculated 1000 temperatures. Range: 7.37 to 25.80
Processing batch 12/12 (rows 11001-11035)
  Calculated 35 temperatures. Range: 12.22 to 23.08
Total observations: 11035, Unique timestamps: 2207
MR parameters: mass=0.33, elev=2195.0, b0=16.50, b1=0.85, b2=-0.47, b3=0.000108
Sample tb=288.17 K, log(mass)=-1.1087, 1/(kT)=40.257524, exponent=-3.1263, rmr=0.043878
Sample tb=282.71 K, log(mass)=-1.1087, 1/(kT)=41.034146, exponent=-3.4914, rmr=0.030460
Sample tb=296.26 K, log(mass)=-1.1087, 1/(kT)=39.157433, exponent=-2.6093, rmr=0.073586
Sample tb=304.53 K, log(mass)=-1.1087, 1/(kT)=38.094550, exponent=-2.1097, rmr=0.121269
Sample tb=322.05 K, log(mass)=-1.1087, 1/(kT)=36.022283, exponent=-1.1358, rmr=0.321173
MR results: 0 NA, 0 infinite, 0 negative, 0 zero
Energy calculations: 7972 non-zero gains, 11035 non-zero losses out of 11035 observations
Saved results to output/results/A1/2013/F/eb_results_MS_2013_A1_A1.rds

Processing: Species=MS, Year=2014, Origin=A1, Climate=A1, Sex=F
Looking for climate data at: /mmfs1/gscratch/biology/jmsmith/targeted_microclimate/A1/simplified_A1_2014.rds
Directory /mmfs1/gscratch/biology/jmsmith/targeted_microclimate/A1 exists. Contents:
simplified_A1_1945.rds
simplified_A1_1946.rds
simplified_A1_1947.rds
simplified_A1_1948.rds
simplified_A1_1949.rds
simplified_A1_1950.rds
simplified_A1_1951.rds
simplified_A1_1952.rds
simplified_A1_1953.rds
simplified_A1_1954.rds
simplified_A1_1955.rds
simplified_A1_1956.rds
simplified_A1_1957.rds
simplified_A1_1958.rds
simplified_A1_1959.rds
simplified_A1_1960.rds
simplified_A1_1961.rds
simplified_A1_1962.rds
simplified_A1_1963.rds
simplified_A1_1964.rds
simplified_A1_2005.rds
simplified_A1_2006.rds
simplified_A1_2007.rds
simplified_A1_2008.rds
simplified_A1_2009.rds
simplified_A1_2010.rds
simplified_A1_2011.rds
simplified_A1_2012.rds
simplified_A1_2013.rds
simplified_A1_2014.rds
simplified_A1_2015.rds
simplified_A1_2016.rds
simplified_A1_2017.rds
simplified_A1_2018.rds
simplified_A1_2019.rds
simplified_A1_2020.rds
simplified_A1_2021.rds
simplified_A1_2022.rds
simplified_A1_2023.rds
simplified_A1_2024.rds
Processing batch 1/12 (rows 1-1000)
  Calculated 1000 temperatures. Range: 0.43 to 44.64
Processing batch 2/12 (rows 1001-2000)
  Calculated 1000 temperatures. Range: 5.75 to 44.74
Processing batch 3/12 (rows 2001-3000)
  Calculated 1000 temperatures. Range: 2.20 to 38.89
Processing batch 4/12 (rows 3001-4000)
  Calculated 1000 temperatures. Range: 7.46 to 40.05
Processing batch 5/12 (rows 4001-5000)
  Calculated 1000 temperatures. Range: 1.93 to 37.48
Processing batch 6/12 (rows 5001-6000)
  Calculated 1000 temperatures. Range: 6.92 to 38.58
Processing batch 7/12 (rows 6001-7000)
  Calculated 1000 temperatures. Range: 1.49 to 37.04
Processing batch 8/12 (rows 7001-8000)
  Calculated 1000 temperatures. Range: 3.51 to 21.13
Processing batch 9/12 (rows 8001-9000)
  Calculated 1000 temperatures. Range: 5.36 to 22.71
Processing batch 10/12 (rows 9001-10000)
  Calculated 1000 temperatures. Range: 2.58 to 26.29
Processing batch 11/12 (rows 10001-11000)
  Calculated 1000 temperatures. Range: 6.72 to 25.32
Processing batch 12/12 (rows 11001-11035)
  Calculated 35 temperatures. Range: 6.98 to 21.63
Total observations: 11035, Unique timestamps: 2207
MR parameters: mass=0.33, elev=2195.0, b0=16.50, b1=0.85, b2=-0.47, b3=0.000108
Sample tb=290.89 K, log(mass)=-1.1087, 1/(kT)=39.880493, exponent=-2.9491, rmr=0.052385
Sample tb=285.17 K, log(mass)=-1.1087, 1/(kT)=40.680557, exponent=-3.3252, rmr=0.035967
Sample tb=289.23 K, log(mass)=-1.1087, 1/(kT)=40.110202, exponent=-3.0571, rmr=0.047024
Sample tb=282.50 K, log(mass)=-1.1087, 1/(kT)=41.064554, exponent=-3.5056, rmr=0.030027
Sample tb=286.03 K, log(mass)=-1.1087, 1/(kT)=40.558007, exponent=-3.2676, rmr=0.038099
MR results: 0 NA, 0 infinite, 0 negative, 0 zero
Energy calculations: 7085 non-zero gains, 11035 non-zero losses out of 11035 observations
Saved results to output/results/A1/2014/F/eb_results_MS_2014_A1_A1.rds

Processing: Species=MS, Year=2015, Origin=A1, Climate=A1, Sex=F
Looking for climate data at: /mmfs1/gscratch/biology/jmsmith/targeted_microclimate/A1/simplified_A1_2015.rds
Directory /mmfs1/gscratch/biology/jmsmith/targeted_microclimate/A1 exists. Contents:
simplified_A1_1945.rds
simplified_A1_1946.rds
simplified_A1_1947.rds
simplified_A1_1948.rds
simplified_A1_1949.rds
simplified_A1_1950.rds
simplified_A1_1951.rds
simplified_A1_1952.rds
simplified_A1_1953.rds
simplified_A1_1954.rds
simplified_A1_1955.rds
simplified_A1_1956.rds
simplified_A1_1957.rds
simplified_A1_1958.rds
simplified_A1_1959.rds
simplified_A1_1960.rds
simplified_A1_1961.rds
simplified_A1_1962.rds
simplified_A1_1963.rds
simplified_A1_1964.rds
simplified_A1_2005.rds
simplified_A1_2006.rds
simplified_A1_2007.rds
simplified_A1_2008.rds
simplified_A1_2009.rds
simplified_A1_2010.rds
simplified_A1_2011.rds
simplified_A1_2012.rds
simplified_A1_2013.rds
simplified_A1_2014.rds
simplified_A1_2015.rds
simplified_A1_2016.rds
simplified_A1_2017.rds
simplified_A1_2018.rds
simplified_A1_2019.rds
simplified_A1_2020.rds
simplified_A1_2021.rds
simplified_A1_2022.rds
simplified_A1_2023.rds
simplified_A1_2024.rds
Processing batch 1/12 (rows 1-1000)
  Calculated 1000 temperatures. Range: 4.15 to 59.71
Processing batch 2/12 (rows 1001-2000)
  Calculated 1000 temperatures. Range: 2.85 to 52.73
Processing batch 3/12 (rows 2001-3000)
  Calculated 1000 temperatures. Range: 1.90 to 60.00
Processing batch 4/12 (rows 3001-4000)
  Calculated 1000 temperatures. Range: 8.04 to 42.93
Processing batch 5/12 (rows 4001-5000)
  Calculated 1000 temperatures. Range: 3.79 to 51.30
Processing batch 6/12 (rows 5001-6000)
  Calculated 1000 temperatures. Range: 7.45 to 39.60
Processing batch 7/12 (rows 6001-7000)
  Calculated 1000 temperatures. Range: 3.50 to 40.01
Processing batch 8/12 (rows 7001-8000)
  Calculated 1000 temperatures. Range: 6.74 to 21.61
Processing batch 9/12 (rows 8001-9000)
  Calculated 1000 temperatures. Range: 3.90 to 22.55
Processing batch 10/12 (rows 9001-10000)
  Calculated 1000 temperatures. Range: 6.35 to 25.67
Processing batch 11/12 (rows 10001-11000)
  Calculated 1000 temperatures. Range: 5.00 to 25.81
Processing batch 12/12 (rows 11001-11035)
  Calculated 35 temperatures. Range: 11.17 to 24.16
Total observations: 11035, Unique timestamps: 2207
MR parameters: mass=0.33, elev=2195.0, b0=16.50, b1=0.85, b2=-0.47, b3=0.000108
Sample tb=294.04 K, log(mass)=-1.1087, 1/(kT)=39.453753, exponent=-2.7486, rmr=0.064020
Sample tb=299.90 K, log(mass)=-1.1087, 1/(kT)=38.683155, exponent=-2.3864, rmr=0.091961
Sample tb=292.34 K, log(mass)=-1.1087, 1/(kT)=39.682878, exponent=-2.8563, rmr=0.057484
Sample tb=305.57 K, log(mass)=-1.1087, 1/(kT)=37.965366, exponent=-2.0490, rmr=0.128860
Sample tb=288.23 K, log(mass)=-1.1087, 1/(kT)=40.249419, exponent=-3.1225, rmr=0.044046
MR results: 0 NA, 0 infinite, 0 negative, 0 zero
Energy calculations: 7820 non-zero gains, 11035 non-zero losses out of 11035 observations
Saved results to output/results/A1/2015/F/eb_results_MS_2015_A1_A1.rds

Processing: Species=MS, Year=2016, Origin=A1, Climate=A1, Sex=F
Looking for climate data at: /mmfs1/gscratch/biology/jmsmith/targeted_microclimate/A1/simplified_A1_2016.rds
Directory /mmfs1/gscratch/biology/jmsmith/targeted_microclimate/A1 exists. Contents:
simplified_A1_1945.rds
simplified_A1_1946.rds
simplified_A1_1947.rds
simplified_A1_1948.rds
simplified_A1_1949.rds
simplified_A1_1950.rds
simplified_A1_1951.rds
simplified_A1_1952.rds
simplified_A1_1953.rds
simplified_A1_1954.rds
simplified_A1_1955.rds
simplified_A1_1956.rds
simplified_A1_1957.rds
simplified_A1_1958.rds
simplified_A1_1959.rds
simplified_A1_1960.rds
simplified_A1_1961.rds
simplified_A1_1962.rds
simplified_A1_1963.rds
simplified_A1_1964.rds
simplified_A1_2005.rds
simplified_A1_2006.rds
simplified_A1_2007.rds
simplified_A1_2008.rds
simplified_A1_2009.rds
simplified_A1_2010.rds
simplified_A1_2011.rds
simplified_A1_2012.rds
simplified_A1_2013.rds
simplified_A1_2014.rds
simplified_A1_2015.rds
simplified_A1_2016.rds
simplified_A1_2017.rds
simplified_A1_2018.rds
simplified_A1_2019.rds
simplified_A1_2020.rds
simplified_A1_2021.rds
simplified_A1_2022.rds
simplified_A1_2023.rds
simplified_A1_2024.rds
Processing batch 1/12 (rows 1-1000)
  Calculated 1000 temperatures. Range: 3.97 to 60.00
Processing batch 2/12 (rows 1001-2000)
  Calculated 1000 temperatures. Range: 3.71 to 49.86
Processing batch 3/12 (rows 2001-3000)
  Calculated 1000 temperatures. Range: 2.47 to 57.32
Processing batch 4/12 (rows 3001-4000)
  Calculated 1000 temperatures. Range: 6.77 to 43.91
Processing batch 5/12 (rows 4001-5000)
  Calculated 1000 temperatures. Range: 4.12 to 43.85
Processing batch 6/12 (rows 5001-6000)
  Calculated 1000 temperatures. Range: 6.83 to 42.41
Processing batch 7/12 (rows 6001-7000)
  Calculated 1000 temperatures. Range: 3.92 to 39.20
Processing batch 8/12 (rows 7001-8000)
  Calculated 1000 temperatures. Range: 5.95 to 21.95
Processing batch 9/12 (rows 8001-9000)
  Calculated 1000 temperatures. Range: 3.75 to 20.91
Processing batch 10/12 (rows 9001-10000)
  Calculated 1000 temperatures. Range: 6.52 to 27.14
Processing batch 11/12 (rows 10001-11000)
  Calculated 1000 temperatures. Range: 4.85 to 26.05
Processing batch 12/12 (rows 11001-11035)
  Calculated 35 temperatures. Range: 7.40 to 19.64
Total observations: 11035, Unique timestamps: 2207
MR parameters: mass=0.33, elev=2195.0, b0=16.50, b1=0.85, b2=-0.47, b3=0.000108
Sample tb=309.34 K, log(mass)=-1.1087, 1/(kT)=37.502424, exponent=-1.8314, rmr=0.160182
Sample tb=288.37 K, log(mass)=-1.1087, 1/(kT)=40.229611, exponent=-3.1132, rmr=0.044458
Sample tb=291.32 K, log(mass)=-1.1087, 1/(kT)=39.822222, exponent=-2.9217, rmr=0.053840
Sample tb=281.79 K, log(mass)=-1.1087, 1/(kT)=41.168972, exponent=-3.5547, rmr=0.028589
Sample tb=286.40 K, log(mass)=-1.1087, 1/(kT)=40.505546, exponent=-3.2429, rmr=0.039050
MR results: 0 NA, 0 infinite, 0 negative, 0 zero
Energy calculations: 7888 non-zero gains, 11035 non-zero losses out of 11035 observations
Saved results to output/results/A1/2016/F/eb_results_MS_2016_A1_A1.rds

Processing: Species=MS, Year=2017, Origin=A1, Climate=A1, Sex=F
Looking for climate data at: /mmfs1/gscratch/biology/jmsmith/targeted_microclimate/A1/simplified_A1_2017.rds
Directory /mmfs1/gscratch/biology/jmsmith/targeted_microclimate/A1 exists. Contents:
simplified_A1_1945.rds
simplified_A1_1946.rds
simplified_A1_1947.rds
simplified_A1_1948.rds
simplified_A1_1949.rds
simplified_A1_1950.rds
simplified_A1_1951.rds
simplified_A1_1952.rds
simplified_A1_1953.rds
simplified_A1_1954.rds
simplified_A1_1955.rds
simplified_A1_1956.rds
simplified_A1_1957.rds
simplified_A1_1958.rds
simplified_A1_1959.rds
simplified_A1_1960.rds
simplified_A1_1961.rds
simplified_A1_1962.rds
simplified_A1_1963.rds
simplified_A1_1964.rds
simplified_A1_2005.rds
simplified_A1_2006.rds
simplified_A1_2007.rds
simplified_A1_2008.rds
simplified_A1_2009.rds
simplified_A1_2010.rds
simplified_A1_2011.rds
simplified_A1_2012.rds
simplified_A1_2013.rds
simplified_A1_2014.rds
simplified_A1_2015.rds
simplified_A1_2016.rds
simplified_A1_2017.rds
simplified_A1_2018.rds
simplified_A1_2019.rds
simplified_A1_2020.rds
simplified_A1_2021.rds
simplified_A1_2022.rds
simplified_A1_2023.rds
simplified_A1_2024.rds
Processing batch 1/12 (rows 1-1000)
  Calculated 1000 temperatures. Range: 2.61 to 58.59
Processing batch 2/12 (rows 1001-2000)
  Calculated 1000 temperatures. Range: 6.18 to 48.39
Processing batch 3/12 (rows 2001-3000)
  Calculated 1000 temperatures. Range: 5.23 to 47.53
Processing batch 4/12 (rows 3001-4000)
  Calculated 1000 temperatures. Range: 7.47 to 42.20
Processing batch 5/12 (rows 4001-5000)
  Calculated 1000 temperatures. Range: 4.36 to 40.08
Processing batch 6/12 (rows 5001-6000)
  Calculated 1000 temperatures. Range: 5.09 to 41.74
Processing batch 7/12 (rows 6001-7000)
  Calculated 1000 temperatures. Range: 3.71 to 39.43
Processing batch 8/12 (rows 7001-8000)
  Calculated 1000 temperatures. Range: 4.52 to 22.14
Processing batch 9/12 (rows 8001-9000)
  Calculated 1000 temperatures. Range: 5.82 to 20.94
Processing batch 10/12 (rows 9001-10000)
  Calculated 1000 temperatures. Range: 5.65 to 26.16
Processing batch 11/12 (rows 10001-11000)
  Calculated 1000 temperatures. Range: 7.79 to 25.54
Processing batch 12/12 (rows 11001-11035)
  Calculated 35 temperatures. Range: 8.98 to 21.94
Total observations: 11035, Unique timestamps: 2207
MR parameters: mass=0.33, elev=2195.0, b0=16.50, b1=0.85, b2=-0.47, b3=0.000108
Sample tb=280.95 K, log(mass)=-1.1087, 1/(kT)=41.292128, exponent=-3.6126, rmr=0.026982
Sample tb=286.63 K, log(mass)=-1.1087, 1/(kT)=40.472959, exponent=-3.2276, rmr=0.039653
Sample tb=291.23 K, log(mass)=-1.1087, 1/(kT)=39.833799, exponent=-2.9272, rmr=0.053547
Sample tb=304.48 K, log(mass)=-1.1087, 1/(kT)=38.100675, exponent=-2.1126, rmr=0.120921
Sample tb=288.84 K, log(mass)=-1.1087, 1/(kT)=40.163658, exponent=-3.0822, rmr=0.045857
MR results: 0 NA, 0 infinite, 0 negative, 0 zero
Energy calculations: 7630 non-zero gains, 11035 non-zero losses out of 11035 observations
Saved results to output/results/A1/2017/F/eb_results_MS_2017_A1_A1.rds

Processing: Species=MS, Year=2018, Origin=A1, Climate=A1, Sex=F
Looking for climate data at: /mmfs1/gscratch/biology/jmsmith/targeted_microclimate/A1/simplified_A1_2018.rds
Directory /mmfs1/gscratch/biology/jmsmith/targeted_microclimate/A1 exists. Contents:
simplified_A1_1945.rds
simplified_A1_1946.rds
simplified_A1_1947.rds
simplified_A1_1948.rds
simplified_A1_1949.rds
simplified_A1_1950.rds
simplified_A1_1951.rds
simplified_A1_1952.rds
simplified_A1_1953.rds
simplified_A1_1954.rds
simplified_A1_1955.rds
simplified_A1_1956.rds
simplified_A1_1957.rds
simplified_A1_1958.rds
simplified_A1_1959.rds
simplified_A1_1960.rds
simplified_A1_1961.rds
simplified_A1_1962.rds
simplified_A1_1963.rds
simplified_A1_1964.rds
simplified_A1_2005.rds
simplified_A1_2006.rds
simplified_A1_2007.rds
simplified_A1_2008.rds
simplified_A1_2009.rds
simplified_A1_2010.rds
simplified_A1_2011.rds
simplified_A1_2012.rds
simplified_A1_2013.rds
simplified_A1_2014.rds
simplified_A1_2015.rds
simplified_A1_2016.rds
simplified_A1_2017.rds
simplified_A1_2018.rds
simplified_A1_2019.rds
simplified_A1_2020.rds
simplified_A1_2021.rds
simplified_A1_2022.rds
simplified_A1_2023.rds
simplified_A1_2024.rds
Processing batch 1/12 (rows 1-1000)
  Calculated 1000 temperatures. Range: 1.94 to 60.00
Processing batch 2/12 (rows 1001-2000)
  Calculated 1000 temperatures. Range: 4.24 to 50.56
Processing batch 3/12 (rows 2001-3000)
  Calculated 1000 temperatures. Range: 4.02 to 49.74
Processing batch 4/12 (rows 3001-4000)
  Calculated 1000 temperatures. Range: 8.05 to 44.37
Processing batch 5/12 (rows 4001-5000)
  Calculated 1000 temperatures. Range: 3.53 to 45.37
Processing batch 6/12 (rows 5001-6000)
  Calculated 1000 temperatures. Range: 5.51 to 42.91
Processing batch 7/12 (rows 6001-7000)
  Calculated 1000 temperatures. Range: 3.19 to 35.98
Processing batch 8/12 (rows 7001-8000)
  Calculated 1000 temperatures. Range: 4.85 to 22.31
Processing batch 9/12 (rows 8001-9000)
  Calculated 1000 temperatures. Range: 4.64 to 24.30
Processing batch 10/12 (rows 9001-10000)
  Calculated 1000 temperatures. Range: 6.00 to 27.82
Processing batch 11/12 (rows 10001-11000)
  Calculated 1000 temperatures. Range: 5.88 to 26.83
Processing batch 12/12 (rows 11001-11035)
  Calculated 35 temperatures. Range: 9.64 to 23.42
Total observations: 11035, Unique timestamps: 2207
MR parameters: mass=0.33, elev=2195.0, b0=16.50, b1=0.85, b2=-0.47, b3=0.000108
Sample tb=280.62 K, log(mass)=-1.1087, 1/(kT)=41.341035, exponent=-3.6356, rmr=0.026368
Sample tb=283.93 K, log(mass)=-1.1087, 1/(kT)=40.858409, exponent=-3.4088, rmr=0.033082
Sample tb=285.54 K, log(mass)=-1.1087, 1/(kT)=40.628109, exponent=-3.3005, rmr=0.036864
Sample tb=282.85 K, log(mass)=-1.1087, 1/(kT)=41.014654, exponent=-3.4822, rmr=0.030740
Sample tb=314.79 K, log(mass)=-1.1087, 1/(kT)=36.852688, exponent=-1.5261, rmr=0.217389
MR results: 0 NA, 0 infinite, 0 negative, 0 zero
Energy calculations: 7882 non-zero gains, 11035 non-zero losses out of 11035 observations
Saved results to output/results/A1/2018/F/eb_results_MS_2018_A1_A1.rds

Processing: Species=MS, Year=2019, Origin=A1, Climate=A1, Sex=F
Looking for climate data at: /mmfs1/gscratch/biology/jmsmith/targeted_microclimate/A1/simplified_A1_2019.rds
Directory /mmfs1/gscratch/biology/jmsmith/targeted_microclimate/A1 exists. Contents:
simplified_A1_1945.rds
simplified_A1_1946.rds
simplified_A1_1947.rds
simplified_A1_1948.rds
simplified_A1_1949.rds
simplified_A1_1950.rds
simplified_A1_1951.rds
simplified_A1_1952.rds
simplified_A1_1953.rds
simplified_A1_1954.rds
simplified_A1_1955.rds
simplified_A1_1956.rds
simplified_A1_1957.rds
simplified_A1_1958.rds
simplified_A1_1959.rds
simplified_A1_1960.rds
simplified_A1_1961.rds
simplified_A1_1962.rds
simplified_A1_1963.rds
simplified_A1_1964.rds
simplified_A1_2005.rds
simplified_A1_2006.rds
simplified_A1_2007.rds
simplified_A1_2008.rds
simplified_A1_2009.rds
simplified_A1_2010.rds
simplified_A1_2011.rds
simplified_A1_2012.rds
simplified_A1_2013.rds
simplified_A1_2014.rds
simplified_A1_2015.rds
simplified_A1_2016.rds
simplified_A1_2017.rds
simplified_A1_2018.rds
simplified_A1_2019.rds
simplified_A1_2020.rds
simplified_A1_2021.rds
simplified_A1_2022.rds
simplified_A1_2023.rds
simplified_A1_2024.rds
Processing batch 1/12 (rows 1-1000)
  Calculated 1000 temperatures. Range: 0.71 to 50.06
Processing batch 2/12 (rows 1001-2000)
  Calculated 1000 temperatures. Range: 4.74 to 60.00
Processing batch 3/12 (rows 2001-3000)
  Calculated 1000 temperatures. Range: 1.95 to 46.15
Processing batch 4/12 (rows 3001-4000)
  Calculated 1000 temperatures. Range: 7.70 to 59.62
Processing batch 5/12 (rows 4001-5000)
  Calculated 1000 temperatures. Range: 1.93 to 49.34
Processing batch 6/12 (rows 5001-6000)
  Calculated 1000 temperatures. Range: 5.80 to 45.47
Processing batch 7/12 (rows 6001-7000)
  Calculated 1000 temperatures. Range: 1.50 to 40.12
Processing batch 8/12 (rows 7001-8000)
  Calculated 1000 temperatures. Range: 2.67 to 21.90
Processing batch 9/12 (rows 8001-9000)
  Calculated 1000 temperatures. Range: 5.53 to 21.87
Processing batch 10/12 (rows 9001-10000)
  Calculated 1000 temperatures. Range: 2.39 to 27.05
Processing batch 11/12 (rows 10001-11000)
  Calculated 1000 temperatures. Range: 7.50 to 27.66
Processing batch 12/12 (rows 11001-11035)
  Calculated 35 temperatures. Range: 9.96 to 24.10
Total observations: 11035, Unique timestamps: 2207
MR parameters: mass=0.33, elev=2195.0, b0=16.50, b1=0.85, b2=-0.47, b3=0.000108
Sample tb=288.04 K, log(mass)=-1.1087, 1/(kT)=40.275834, exponent=-3.1349, rmr=0.043502
Sample tb=287.34 K, log(mass)=-1.1087, 1/(kT)=40.374203, exponent=-3.1812, rmr=0.041537
Sample tb=285.51 K, log(mass)=-1.1087, 1/(kT)=40.632647, exponent=-3.3026, rmr=0.036786
Sample tb=285.74 K, log(mass)=-1.1087, 1/(kT)=40.600254, exponent=-3.2874, rmr=0.037350
Sample tb=285.50 K, log(mass)=-1.1087, 1/(kT)=40.633254, exponent=-3.3029, rmr=0.036775
MR results: 0 NA, 0 infinite, 0 negative, 0 zero
Energy calculations: 7669 non-zero gains, 11035 non-zero losses out of 11035 observations
Saved results to output/results/A1/2019/F/eb_results_MS_2019_A1_A1.rds

Processing: Species=MS, Year=2020, Origin=A1, Climate=A1, Sex=F
Looking for climate data at: /mmfs1/gscratch/biology/jmsmith/targeted_microclimate/A1/simplified_A1_2020.rds
Directory /mmfs1/gscratch/biology/jmsmith/targeted_microclimate/A1 exists. Contents:
simplified_A1_1945.rds
simplified_A1_1946.rds
simplified_A1_1947.rds
simplified_A1_1948.rds
simplified_A1_1949.rds
simplified_A1_1950.rds
simplified_A1_1951.rds
simplified_A1_1952.rds
simplified_A1_1953.rds
simplified_A1_1954.rds
simplified_A1_1955.rds
simplified_A1_1956.rds
simplified_A1_1957.rds
simplified_A1_1958.rds
simplified_A1_1959.rds
simplified_A1_1960.rds
simplified_A1_1961.rds
simplified_A1_1962.rds
simplified_A1_1963.rds
simplified_A1_1964.rds
simplified_A1_2005.rds
simplified_A1_2006.rds
simplified_A1_2007.rds
simplified_A1_2008.rds
simplified_A1_2009.rds
simplified_A1_2010.rds
simplified_A1_2011.rds
simplified_A1_2012.rds
simplified_A1_2013.rds
simplified_A1_2014.rds
simplified_A1_2015.rds
simplified_A1_2016.rds
simplified_A1_2017.rds
simplified_A1_2018.rds
simplified_A1_2019.rds
simplified_A1_2020.rds
simplified_A1_2021.rds
simplified_A1_2022.rds
simplified_A1_2023.rds
simplified_A1_2024.rds
Processing batch 1/12 (rows 1-1000)
  Calculated 1000 temperatures. Range: 1.33 to 60.00
Processing batch 2/12 (rows 1001-2000)
  Calculated 1000 temperatures. Range: 6.21 to 57.36
Processing batch 3/12 (rows 2001-3000)
  Calculated 1000 temperatures. Range: 2.42 to 46.21
Processing batch 4/12 (rows 3001-4000)
  Calculated 1000 temperatures. Range: 7.98 to 49.81
Processing batch 5/12 (rows 4001-5000)
  Calculated 1000 temperatures. Range: 2.88 to 46.69
Processing batch 6/12 (rows 5001-6000)
  Calculated 1000 temperatures. Range: 4.26 to 43.11
Processing batch 7/12 (rows 6001-7000)
  Calculated 1000 temperatures. Range: 2.43 to 42.63
Processing batch 8/12 (rows 7001-8000)
  Calculated 1000 temperatures. Range: 3.08 to 21.20
Processing batch 9/12 (rows 8001-9000)
  Calculated 1000 temperatures. Range: 3.77 to 24.33
Processing batch 10/12 (rows 9001-10000)
  Calculated 1000 temperatures. Range: 4.09 to 27.04
Processing batch 11/12 (rows 10001-11000)
  Calculated 1000 temperatures. Range: 8.44 to 26.76
Processing batch 12/12 (rows 11001-11035)
  Calculated 35 temperatures. Range: 5.20 to 23.50
Total observations: 11035, Unique timestamps: 2207
MR parameters: mass=0.33, elev=2195.0, b0=16.50, b1=0.85, b2=-0.47, b3=0.000108
Sample tb=302.82 K, log(mass)=-1.1087, 1/(kT)=38.309026, exponent=-2.2105, rmr=0.109641
Sample tb=304.51 K, log(mass)=-1.1087, 1/(kT)=38.097273, exponent=-2.1110, rmr=0.121114
Sample tb=288.13 K, log(mass)=-1.1087, 1/(kT)=40.262809, exponent=-3.1288, rmr=0.043769
Sample tb=285.46 K, log(mass)=-1.1087, 1/(kT)=40.639165, exponent=-3.3057, rmr=0.036673
Sample tb=333.15 K, log(mass)=-1.1087, 1/(kT)=34.821936, exponent=-0.5716, rmr=0.564614
MR results: 0 NA, 0 infinite, 0 negative, 0 zero
Energy calculations: 7949 non-zero gains, 11035 non-zero losses out of 11035 observations
Saved results to output/results/A1/2020/F/eb_results_MS_2020_A1_A1.rds

Processing: Species=MS, Year=2021, Origin=A1, Climate=A1, Sex=F
Looking for climate data at: /mmfs1/gscratch/biology/jmsmith/targeted_microclimate/A1/simplified_A1_2021.rds
Directory /mmfs1/gscratch/biology/jmsmith/targeted_microclimate/A1 exists. Contents:
simplified_A1_1945.rds
simplified_A1_1946.rds
simplified_A1_1947.rds
simplified_A1_1948.rds
simplified_A1_1949.rds
simplified_A1_1950.rds
simplified_A1_1951.rds
simplified_A1_1952.rds
simplified_A1_1953.rds
simplified_A1_1954.rds
simplified_A1_1955.rds
simplified_A1_1956.rds
simplified_A1_1957.rds
simplified_A1_1958.rds
simplified_A1_1959.rds
simplified_A1_1960.rds
simplified_A1_1961.rds
simplified_A1_1962.rds
simplified_A1_1963.rds
simplified_A1_1964.rds
simplified_A1_2005.rds
simplified_A1_2006.rds
simplified_A1_2007.rds
simplified_A1_2008.rds
simplified_A1_2009.rds
simplified_A1_2010.rds
simplified_A1_2011.rds
simplified_A1_2012.rds
simplified_A1_2013.rds
simplified_A1_2014.rds
simplified_A1_2015.rds
simplified_A1_2016.rds
simplified_A1_2017.rds
simplified_A1_2018.rds
simplified_A1_2019.rds
simplified_A1_2020.rds
simplified_A1_2021.rds
simplified_A1_2022.rds
simplified_A1_2023.rds
simplified_A1_2024.rds
Processing batch 1/12 (rows 1-1000)
  Calculated 1000 temperatures. Range: 2.05 to 56.56
Processing batch 2/12 (rows 1001-2000)
  Calculated 1000 temperatures. Range: 5.76 to 55.68
Processing batch 3/12 (rows 2001-3000)
  Calculated 1000 temperatures. Range: 2.80 to 47.38
Processing batch 4/12 (rows 3001-4000)
  Calculated 1000 temperatures. Range: 8.32 to 45.66
Processing batch 5/12 (rows 4001-5000)
  Calculated 1000 temperatures. Range: 2.78 to 41.99
Processing batch 6/12 (rows 5001-6000)
  Calculated 1000 temperatures. Range: 6.17 to 40.46
Processing batch 7/12 (rows 6001-7000)
  Calculated 1000 temperatures. Range: 2.36 to 38.18
Processing batch 8/12 (rows 7001-8000)
  Calculated 1000 temperatures. Range: 5.28 to 22.52
Processing batch 9/12 (rows 8001-9000)
  Calculated 1000 temperatures. Range: 2.97 to 23.70
Processing batch 10/12 (rows 9001-10000)
  Calculated 1000 temperatures. Range: 4.32 to 26.90
Processing batch 11/12 (rows 10001-11000)
  Calculated 1000 temperatures. Range: 7.90 to 27.25
Processing batch 12/12 (rows 11001-11035)
  Calculated 35 temperatures. Range: 8.24 to 24.62
Total observations: 11035, Unique timestamps: 2207
MR parameters: mass=0.33, elev=2195.0, b0=16.50, b1=0.85, b2=-0.47, b3=0.000108
Sample tb=281.10 K, log(mass)=-1.1087, 1/(kT)=41.269508, exponent=-3.6020, rmr=0.027270
Sample tb=302.37 K, log(mass)=-1.1087, 1/(kT)=38.366464, exponent=-2.2375, rmr=0.106721
Sample tb=291.93 K, log(mass)=-1.1087, 1/(kT)=39.739317, exponent=-2.8828, rmr=0.055979
Sample tb=286.14 K, log(mass)=-1.1087, 1/(kT)=40.543436, exponent=-3.2607, rmr=0.038361
Sample tb=302.56 K, log(mass)=-1.1087, 1/(kT)=38.342300, exponent=-2.2262, rmr=0.107939
MR results: 0 NA, 0 infinite, 0 negative, 0 zero
Energy calculations: 7937 non-zero gains, 11035 non-zero losses out of 11035 observations
Saved results to output/results/A1/2021/F/eb_results_MS_2021_A1_A1.rds

Processing: Species=MS, Year=2022, Origin=A1, Climate=A1, Sex=F
Looking for climate data at: /mmfs1/gscratch/biology/jmsmith/targeted_microclimate/A1/simplified_A1_2022.rds
Directory /mmfs1/gscratch/biology/jmsmith/targeted_microclimate/A1 exists. Contents:
simplified_A1_1945.rds
simplified_A1_1946.rds
simplified_A1_1947.rds
simplified_A1_1948.rds
simplified_A1_1949.rds
simplified_A1_1950.rds
simplified_A1_1951.rds
simplified_A1_1952.rds
simplified_A1_1953.rds
simplified_A1_1954.rds
simplified_A1_1955.rds
simplified_A1_1956.rds
simplified_A1_1957.rds
simplified_A1_1958.rds
simplified_A1_1959.rds
simplified_A1_1960.rds
simplified_A1_1961.rds
simplified_A1_1962.rds
simplified_A1_1963.rds
simplified_A1_1964.rds
simplified_A1_2005.rds
simplified_A1_2006.rds
simplified_A1_2007.rds
simplified_A1_2008.rds
simplified_A1_2009.rds
simplified_A1_2010.rds
simplified_A1_2011.rds
simplified_A1_2012.rds
simplified_A1_2013.rds
simplified_A1_2014.rds
simplified_A1_2015.rds
simplified_A1_2016.rds
simplified_A1_2017.rds
simplified_A1_2018.rds
simplified_A1_2019.rds
simplified_A1_2020.rds
simplified_A1_2021.rds
simplified_A1_2022.rds
simplified_A1_2023.rds
simplified_A1_2024.rds
Processing batch 1/12 (rows 1-1000)
  Calculated 1000 temperatures. Range: 1.99 to 49.86
Processing batch 2/12 (rows 1001-2000)
  Calculated 1000 temperatures. Range: 6.96 to 49.20
Processing batch 3/12 (rows 2001-3000)
  Calculated 1000 temperatures. Range: 3.11 to 46.04
Processing batch 4/12 (rows 3001-4000)
  Calculated 1000 temperatures. Range: 9.30 to 43.35
Processing batch 5/12 (rows 4001-5000)
  Calculated 1000 temperatures. Range: 2.87 to 39.94
Processing batch 6/12 (rows 5001-6000)
  Calculated 1000 temperatures. Range: 6.28 to 42.30
Processing batch 7/12 (rows 6001-7000)
  Calculated 1000 temperatures. Range: 2.62 to 38.08
Processing batch 8/12 (rows 7001-8000)
  Calculated 1000 temperatures. Range: 3.90 to 22.46
Processing batch 9/12 (rows 8001-9000)
  Calculated 1000 temperatures. Range: 3.12 to 21.72
Processing batch 10/12 (rows 9001-10000)
  Calculated 1000 temperatures. Range: 5.78 to 27.11
Processing batch 11/12 (rows 10001-11000)
  Calculated 1000 temperatures. Range: 8.79 to 26.08
Processing batch 12/12 (rows 11001-11035)
  Calculated 35 temperatures. Range: 8.87 to 24.07
Total observations: 11035, Unique timestamps: 2207
MR parameters: mass=0.33, elev=2195.0, b0=16.50, b1=0.85, b2=-0.47, b3=0.000108
Sample tb=292.81 K, log(mass)=-1.1087, 1/(kT)=39.619296, exponent=-2.8264, rmr=0.059227
Sample tb=280.38 K, log(mass)=-1.1087, 1/(kT)=41.375513, exponent=-3.6518, rmr=0.025945
Sample tb=284.92 K, log(mass)=-1.1087, 1/(kT)=40.716448, exponent=-3.3420, rmr=0.035365
Sample tb=307.96 K, log(mass)=-1.1087, 1/(kT)=37.670259, exponent=-1.9103, rmr=0.148032
Sample tb=295.20 K, log(mass)=-1.1087, 1/(kT)=39.297882, exponent=-2.6753, rmr=0.068886
MR results: 0 NA, 0 infinite, 0 negative, 0 zero
Energy calculations: 8369 non-zero gains, 11035 non-zero losses out of 11035 observations
Saved results to output/results/A1/2022/F/eb_results_MS_2022_A1_A1.rds

Processing: Species=MS, Year=2023, Origin=A1, Climate=A1, Sex=F
Looking for climate data at: /mmfs1/gscratch/biology/jmsmith/targeted_microclimate/A1/simplified_A1_2023.rds
Directory /mmfs1/gscratch/biology/jmsmith/targeted_microclimate/A1 exists. Contents:
simplified_A1_1945.rds
simplified_A1_1946.rds
simplified_A1_1947.rds
simplified_A1_1948.rds
simplified_A1_1949.rds
simplified_A1_1950.rds
simplified_A1_1951.rds
simplified_A1_1952.rds
simplified_A1_1953.rds
simplified_A1_1954.rds
simplified_A1_1955.rds
simplified_A1_1956.rds
simplified_A1_1957.rds
simplified_A1_1958.rds
simplified_A1_1959.rds
simplified_A1_1960.rds
simplified_A1_1961.rds
simplified_A1_1962.rds
simplified_A1_1963.rds
simplified_A1_1964.rds
simplified_A1_2005.rds
simplified_A1_2006.rds
simplified_A1_2007.rds
simplified_A1_2008.rds
simplified_A1_2009.rds
simplified_A1_2010.rds
simplified_A1_2011.rds
simplified_A1_2012.rds
simplified_A1_2013.rds
simplified_A1_2014.rds
simplified_A1_2015.rds
simplified_A1_2016.rds
simplified_A1_2017.rds
simplified_A1_2018.rds
simplified_A1_2019.rds
simplified_A1_2020.rds
simplified_A1_2021.rds
simplified_A1_2022.rds
simplified_A1_2023.rds
simplified_A1_2024.rds
Processing batch 1/12 (rows 1-1000)
  Calculated 1000 temperatures. Range: 3.32 to 45.39
Processing batch 2/12 (rows 1001-2000)
  Calculated 1000 temperatures. Range: 4.97 to 48.36
Processing batch 3/12 (rows 2001-3000)
  Calculated 1000 temperatures. Range: 5.55 to 43.94
Processing batch 4/12 (rows 3001-4000)
  Calculated 1000 temperatures. Range: 6.55 to 41.88
Processing batch 5/12 (rows 4001-5000)
  Calculated 1000 temperatures. Range: 4.97 to 39.61
Processing batch 6/12 (rows 5001-6000)
  Calculated 1000 temperatures. Range: 6.27 to 40.70
Processing batch 7/12 (rows 6001-7000)
  Calculated 1000 temperatures. Range: 4.10 to 37.39
Processing batch 8/12 (rows 7001-8000)
  Calculated 1000 temperatures. Range: 4.04 to 22.04
Processing batch 9/12 (rows 8001-9000)
  Calculated 1000 temperatures. Range: 5.91 to 21.50
Processing batch 10/12 (rows 9001-10000)
  Calculated 1000 temperatures. Range: 5.06 to 26.84
Processing batch 11/12 (rows 10001-11000)
  Calculated 1000 temperatures. Range: 7.08 to 26.73
Processing batch 12/12 (rows 11001-11035)
  Calculated 35 temperatures. Range: 10.28 to 25.25
Total observations: 11035, Unique timestamps: 2207
MR parameters: mass=0.33, elev=2195.0, b0=16.50, b1=0.85, b2=-0.47, b3=0.000108
Sample tb=282.15 K, log(mass)=-1.1087, 1/(kT)=41.116132, exponent=-3.5299, rmr=0.029308
Sample tb=295.31 K, log(mass)=-1.1087, 1/(kT)=39.283324, exponent=-2.6685, rmr=0.069359
Sample tb=285.16 K, log(mass)=-1.1087, 1/(kT)=40.682293, exponent=-3.3260, rmr=0.035937
Sample tb=284.33 K, log(mass)=-1.1087, 1/(kT)=40.800606, exponent=-3.3816, rmr=0.033993
Sample tb=299.21 K, log(mass)=-1.1087, 1/(kT)=38.771954, exponent=-2.4281, rmr=0.088202
MR results: 0 NA, 0 infinite, 0 negative, 0 zero
Energy calculations: 7578 non-zero gains, 11035 non-zero losses out of 11035 observations
Saved results to output/results/A1/2023/F/eb_results_MS_2023_A1_A1.rds

Processing: Species=MS, Year=2024, Origin=A1, Climate=A1, Sex=F
Looking for climate data at: /mmfs1/gscratch/biology/jmsmith/targeted_microclimate/A1/simplified_A1_2024.rds
Directory /mmfs1/gscratch/biology/jmsmith/targeted_microclimate/A1 exists. Contents:
simplified_A1_1945.rds
simplified_A1_1946.rds
simplified_A1_1947.rds
simplified_A1_1948.rds
simplified_A1_1949.rds
simplified_A1_1950.rds
simplified_A1_1951.rds
simplified_A1_1952.rds
simplified_A1_1953.rds
simplified_A1_1954.rds
simplified_A1_1955.rds
simplified_A1_1956.rds
simplified_A1_1957.rds
simplified_A1_1958.rds
simplified_A1_1959.rds
simplified_A1_1960.rds
simplified_A1_1961.rds
simplified_A1_1962.rds
simplified_A1_1963.rds
simplified_A1_1964.rds
simplified_A1_2005.rds
simplified_A1_2006.rds
simplified_A1_2007.rds
simplified_A1_2008.rds
simplified_A1_2009.rds
simplified_A1_2010.rds
simplified_A1_2011.rds
simplified_A1_2012.rds
simplified_A1_2013.rds
simplified_A1_2014.rds
simplified_A1_2015.rds
simplified_A1_2016.rds
simplified_A1_2017.rds
simplified_A1_2018.rds
simplified_A1_2019.rds
simplified_A1_2020.rds
simplified_A1_2021.rds
simplified_A1_2022.rds
simplified_A1_2023.rds
simplified_A1_2024.rds
Processing batch 1/12 (rows 1-1000)
  Calculated 1000 temperatures. Range: 2.35 to 57.12
Processing batch 2/12 (rows 1001-2000)
  Calculated 1000 temperatures. Range: 6.89 to 60.00
Processing batch 3/12 (rows 2001-3000)
  Calculated 1000 temperatures. Range: 4.61 to 42.96
Processing batch 4/12 (rows 3001-4000)
  Calculated 1000 temperatures. Range: 6.69 to 55.88
Processing batch 5/12 (rows 4001-5000)
  Calculated 1000 temperatures. Range: 4.06 to 42.90
Processing batch 6/12 (rows 5001-6000)
  Calculated 1000 temperatures. Range: 5.87 to 48.67
Processing batch 7/12 (rows 6001-7000)
  Calculated 1000 temperatures. Range: 5.19 to 41.52
Processing batch 8/12 (rows 7001-8000)
  Calculated 1000 temperatures. Range: 3.72 to 22.04
Processing batch 9/12 (rows 8001-9000)
  Calculated 1000 temperatures. Range: 6.04 to 23.71
Processing batch 10/12 (rows 9001-10000)
  Calculated 1000 temperatures. Range: 5.38 to 27.74
Processing batch 11/12 (rows 10001-11000)
  Calculated 1000 temperatures. Range: 7.91 to 26.74
Processing batch 12/12 (rows 11001-11035)
  Calculated 35 temperatures. Range: 7.62 to 23.26
Total observations: 11035, Unique timestamps: 2207
MR parameters: mass=0.33, elev=2195.0, b0=16.50, b1=0.85, b2=-0.47, b3=0.000108
Sample tb=282.82 K, log(mass)=-1.1087, 1/(kT)=41.019352, exponent=-3.4844, rmr=0.030672
Sample tb=302.67 K, log(mass)=-1.1087, 1/(kT)=38.328809, exponent=-2.2198, rmr=0.108626
Sample tb=291.66 K, log(mass)=-1.1087, 1/(kT)=39.775073, exponent=-2.8996, rmr=0.055046
Sample tb=285.12 K, log(mass)=-1.1087, 1/(kT)=40.687486, exponent=-3.3284, rmr=0.035850
Sample tb=304.66 K, log(mass)=-1.1087, 1/(kT)=38.078380, exponent=-2.1021, rmr=0.122194
MR results: 0 NA, 0 infinite, 0 negative, 0 zero
Energy calculations: 8292 non-zero gains, 11035 non-zero losses out of 11035 observations
Saved results to output/results/A1/2024/F/eb_results_MS_2024_A1_A1.rds

All years processed.
