Arguments received:
Species: MS
Years: 2005, 2006, 2007, 2008, 2009, 2010, 2011, 2012, 2013, 2014, 2015, 2016, 2017, 2018, 2019, 2020, 2021, 2022, 2023, 2024
Origin site: Eldo
Climate site: B1
Sex: F
Output directory: output/results/Eldo
Library paths:
[1] "/gscratch/biology/jmsmith/R"                          
[2] "/mmfs1/home/smithju/R/x86_64-pc-linux-gnu-library/4.4"
[3] "/usr/local/lib/R/site-library"                        
[4] "/usr/local/lib/R/library"                             
Package tidyverse loaded successfully
Package TrenchR loaded successfully
Package rTPC loaded successfully
Package lubridate loaded successfully

Processing: Species=MS, Year=2005, Origin=Eldo, Climate=B1, Sex=F
Looking for climate data at: /mmfs1/gscratch/biology/jmsmith/targeted_microclimate/B1/simplified_B1_2005.rds
Directory /mmfs1/gscratch/biology/jmsmith/targeted_microclimate/B1 exists. Contents:
simplified_B1_1945.rds
simplified_B1_1946.rds
simplified_B1_1947.rds
simplified_B1_1948.rds
simplified_B1_1949.rds
simplified_B1_1950.rds
simplified_B1_1951.rds
simplified_B1_1952.rds
simplified_B1_1953.rds
simplified_B1_1954.rds
simplified_B1_1955.rds
simplified_B1_1956.rds
simplified_B1_1957.rds
simplified_B1_1958.rds
simplified_B1_1959.rds
simplified_B1_1960.rds
simplified_B1_1961.rds
simplified_B1_1962.rds
simplified_B1_1963.rds
simplified_B1_1964.rds
simplified_B1_2005.rds
simplified_B1_2006.rds
simplified_B1_2007.rds
simplified_B1_2008.rds
simplified_B1_2009.rds
simplified_B1_2010.rds
simplified_B1_2011.rds
simplified_B1_2012.rds
simplified_B1_2013.rds
simplified_B1_2014.rds
simplified_B1_2015.rds
simplified_B1_2016.rds
simplified_B1_2017.rds
simplified_B1_2018.rds
simplified_B1_2019.rds
simplified_B1_2020.rds
simplified_B1_2021.rds
simplified_B1_2022.rds
simplified_B1_2023.rds
simplified_B1_2024.rds
Processing batch 1/12 (rows 1-1000)
  Calculated 1000 temperatures. Range: -2.79 to 59.51
Processing batch 2/12 (rows 1001-2000)
  Calculated 1000 temperatures. Range: 1.78 to 59.73
Processing batch 3/12 (rows 2001-3000)
  Calculated 1000 temperatures. Range: -1.10 to 59.00
Processing batch 4/12 (rows 3001-4000)
  Calculated 1000 temperatures. Range: 2.45 to 48.60
Processing batch 5/12 (rows 4001-5000)
  Calculated 1000 temperatures. Range: -1.00 to 47.95
Processing batch 6/12 (rows 5001-6000)
  Calculated 1000 temperatures. Range: 2.19 to 45.63
Processing batch 7/12 (rows 6001-7000)
  Calculated 1000 temperatures. Range: -0.51 to 45.02
Processing batch 8/12 (rows 7001-8000)
  Calculated 1000 temperatures. Range: 2.23 to 19.74
Processing batch 9/12 (rows 8001-9000)
  Calculated 1000 temperatures. Range: 1.54 to 18.06
Processing batch 10/12 (rows 9001-10000)
  Calculated 1000 temperatures. Range: -0.21 to 24.71
Processing batch 11/12 (rows 10001-11000)
  Calculated 1000 temperatures. Range: 3.31 to 24.88
Processing batch 12/12 (rows 11001-11035)
  Calculated 35 temperatures. Range: 2.71 to 20.67
Total observations: 11035, Unique timestamps: 2207
MR parameters: mass=0.31, elev=1740.0, b0=16.50, b1=0.85, b2=-0.47, b3=0.000108
Sample tb=280.16 K, log(mass)=-1.1712, 1/(kT)=41.407855, exponent=-3.7693, rmr=0.023069
Sample tb=278.19 K, log(mass)=-1.1712, 1/(kT)=41.701314, exponent=-3.9072, rmr=0.020097
Sample tb=277.77 K, log(mass)=-1.1712, 1/(kT)=41.763774, exponent=-3.9366, rmr=0.019515
Sample tb=301.02 K, log(mass)=-1.1712, 1/(kT)=38.539322, exponent=-2.4211, rmr=0.088827
Sample tb=308.64 K, log(mass)=-1.1712, 1/(kT)=37.587777, exponent=-1.9738, rmr=0.138922
MR results: 0 NA, 0 infinite, 0 negative, 0 zero
Energy calculations: 4243 non-zero gains, 11035 non-zero losses out of 11035 observations
Saved results to output/results/Eldo/2005/F/eb_results_MS_2005_Eldo_B1.rds

Processing: Species=MS, Year=2006, Origin=Eldo, Climate=B1, Sex=F
Looking for climate data at: /mmfs1/gscratch/biology/jmsmith/targeted_microclimate/B1/simplified_B1_2006.rds
Directory /mmfs1/gscratch/biology/jmsmith/targeted_microclimate/B1 exists. Contents:
simplified_B1_1945.rds
simplified_B1_1946.rds
simplified_B1_1947.rds
simplified_B1_1948.rds
simplified_B1_1949.rds
simplified_B1_1950.rds
simplified_B1_1951.rds
simplified_B1_1952.rds
simplified_B1_1953.rds
simplified_B1_1954.rds
simplified_B1_1955.rds
simplified_B1_1956.rds
simplified_B1_1957.rds
simplified_B1_1958.rds
simplified_B1_1959.rds
simplified_B1_1960.rds
simplified_B1_1961.rds
simplified_B1_1962.rds
simplified_B1_1963.rds
simplified_B1_1964.rds
simplified_B1_2005.rds
simplified_B1_2006.rds
simplified_B1_2007.rds
simplified_B1_2008.rds
simplified_B1_2009.rds
simplified_B1_2010.rds
simplified_B1_2011.rds
simplified_B1_2012.rds
simplified_B1_2013.rds
simplified_B1_2014.rds
simplified_B1_2015.rds
simplified_B1_2016.rds
simplified_B1_2017.rds
simplified_B1_2018.rds
simplified_B1_2019.rds
simplified_B1_2020.rds
simplified_B1_2021.rds
simplified_B1_2022.rds
simplified_B1_2023.rds
simplified_B1_2024.rds
Processing batch 1/12 (rows 1-1000)
  Calculated 1000 temperatures. Range: -0.57 to 58.74
Processing batch 2/12 (rows 1001-2000)
  Calculated 1000 temperatures. Range: 4.00 to 60.00
Processing batch 3/12 (rows 2001-3000)
  Calculated 1000 temperatures. Range: 0.77 to 55.89
Processing batch 4/12 (rows 3001-4000)
  Calculated 1000 temperatures. Range: 5.31 to 55.00
Processing batch 5/12 (rows 4001-5000)
  Calculated 1000 temperatures. Range: 1.47 to 45.23
Processing batch 6/12 (rows 5001-6000)
  Calculated 1000 temperatures. Range: 2.74 to 51.16
Processing batch 7/12 (rows 6001-7000)
  Calculated 1000 temperatures. Range: 2.37 to 46.06
Processing batch 8/12 (rows 7001-8000)
  Calculated 1000 temperatures. Range: 1.64 to 20.07
Processing batch 9/12 (rows 8001-9000)
  Calculated 1000 temperatures. Range: 2.77 to 21.90
Processing batch 10/12 (rows 9001-10000)
  Calculated 1000 temperatures. Range: 1.98 to 23.49
Processing batch 11/12 (rows 10001-11000)
  Calculated 1000 temperatures. Range: 3.23 to 23.29
Processing batch 12/12 (rows 11001-11035)
  Calculated 35 temperatures. Range: 5.95 to 19.50
Total observations: 11035, Unique timestamps: 2207
MR parameters: mass=0.31, elev=1740.0, b0=16.50, b1=0.85, b2=-0.47, b3=0.000108
Sample tb=288.21 K, log(mass)=-1.1712, 1/(kT)=40.251318, exponent=-3.2257, rmr=0.039728
Sample tb=281.34 K, log(mass)=-1.1712, 1/(kT)=41.233963, exponent=-3.6875, rmr=0.025033
Sample tb=297.75 K, log(mass)=-1.1712, 1/(kT)=38.962343, exponent=-2.6199, rmr=0.072811
Sample tb=281.36 K, log(mass)=-1.1712, 1/(kT)=41.231345, exponent=-3.6863, rmr=0.025064
Sample tb=310.07 K, log(mass)=-1.1712, 1/(kT)=37.413754, exponent=-1.8920, rmr=0.150762
MR results: 0 NA, 0 infinite, 0 negative, 0 zero
Energy calculations: 4493 non-zero gains, 11035 non-zero losses out of 11035 observations
Saved results to output/results/Eldo/2006/F/eb_results_MS_2006_Eldo_B1.rds

Processing: Species=MS, Year=2007, Origin=Eldo, Climate=B1, Sex=F
Looking for climate data at: /mmfs1/gscratch/biology/jmsmith/targeted_microclimate/B1/simplified_B1_2007.rds
Directory /mmfs1/gscratch/biology/jmsmith/targeted_microclimate/B1 exists. Contents:
simplified_B1_1945.rds
simplified_B1_1946.rds
simplified_B1_1947.rds
simplified_B1_1948.rds
simplified_B1_1949.rds
simplified_B1_1950.rds
simplified_B1_1951.rds
simplified_B1_1952.rds
simplified_B1_1953.rds
simplified_B1_1954.rds
simplified_B1_1955.rds
simplified_B1_1956.rds
simplified_B1_1957.rds
simplified_B1_1958.rds
simplified_B1_1959.rds
simplified_B1_1960.rds
simplified_B1_1961.rds
simplified_B1_1962.rds
simplified_B1_1963.rds
simplified_B1_1964.rds
simplified_B1_2005.rds
simplified_B1_2006.rds
simplified_B1_2007.rds
simplified_B1_2008.rds
simplified_B1_2009.rds
simplified_B1_2010.rds
simplified_B1_2011.rds
simplified_B1_2012.rds
simplified_B1_2013.rds
simplified_B1_2014.rds
simplified_B1_2015.rds
simplified_B1_2016.rds
simplified_B1_2017.rds
simplified_B1_2018.rds
simplified_B1_2019.rds
simplified_B1_2020.rds
simplified_B1_2021.rds
simplified_B1_2022.rds
simplified_B1_2023.rds
simplified_B1_2024.rds
Processing batch 1/12 (rows 1-1000)
  Calculated 1000 temperatures. Range: -4.35 to 60.00
Processing batch 2/12 (rows 1001-2000)
  Calculated 1000 temperatures. Range: 3.98 to 59.77
Processing batch 3/12 (rows 2001-3000)
  Calculated 1000 temperatures. Range: -3.52 to 50.44
Processing batch 4/12 (rows 3001-4000)
  Calculated 1000 temperatures. Range: 4.89 to 50.59
Processing batch 5/12 (rows 4001-5000)
  Calculated 1000 temperatures. Range: -2.84 to 46.57
Processing batch 6/12 (rows 5001-6000)
  Calculated 1000 temperatures. Range: 5.24 to 46.55
Processing batch 7/12 (rows 6001-7000)
  Calculated 1000 temperatures. Range: -1.68 to 42.83
Processing batch 8/12 (rows 7001-8000)
  Calculated 1000 temperatures. Range: 1.75 to 19.49
Processing batch 9/12 (rows 8001-9000)
  Calculated 1000 temperatures. Range: 0.55 to 19.21
Processing batch 10/12 (rows 9001-10000)
  Calculated 1000 temperatures. Range: -1.91 to 23.41
Processing batch 11/12 (rows 10001-11000)
  Calculated 1000 temperatures. Range: 5.88 to 23.13
Processing batch 12/12 (rows 11001-11035)
  Calculated 35 temperatures. Range: 6.82 to 20.68
Total observations: 11035, Unique timestamps: 2207
MR parameters: mass=0.31, elev=1740.0, b0=16.50, b1=0.85, b2=-0.47, b3=0.000108
Sample tb=302.99 K, log(mass)=-1.1712, 1/(kT)=38.288688, exponent=-2.3033, rmr=0.099932
Sample tb=278.89 K, log(mass)=-1.1712, 1/(kT)=41.596105, exponent=-3.8578, rmr=0.021115
Sample tb=282.54 K, log(mass)=-1.1712, 1/(kT)=41.059527, exponent=-3.6056, rmr=0.027172
Sample tb=279.65 K, log(mass)=-1.1712, 1/(kT)=41.483214, exponent=-3.8047, rmr=0.022266
Sample tb=282.60 K, log(mass)=-1.1712, 1/(kT)=41.051358, exponent=-3.6017, rmr=0.027277
MR results: 0 NA, 0 infinite, 0 negative, 0 zero
Energy calculations: 4671 non-zero gains, 11035 non-zero losses out of 11035 observations
Saved results to output/results/Eldo/2007/F/eb_results_MS_2007_Eldo_B1.rds

Processing: Species=MS, Year=2008, Origin=Eldo, Climate=B1, Sex=F
Looking for climate data at: /mmfs1/gscratch/biology/jmsmith/targeted_microclimate/B1/simplified_B1_2008.rds
Directory /mmfs1/gscratch/biology/jmsmith/targeted_microclimate/B1 exists. Contents:
simplified_B1_1945.rds
simplified_B1_1946.rds
simplified_B1_1947.rds
simplified_B1_1948.rds
simplified_B1_1949.rds
simplified_B1_1950.rds
simplified_B1_1951.rds
simplified_B1_1952.rds
simplified_B1_1953.rds
simplified_B1_1954.rds
simplified_B1_1955.rds
simplified_B1_1956.rds
simplified_B1_1957.rds
simplified_B1_1958.rds
simplified_B1_1959.rds
simplified_B1_1960.rds
simplified_B1_1961.rds
simplified_B1_1962.rds
simplified_B1_1963.rds
simplified_B1_1964.rds
simplified_B1_2005.rds
simplified_B1_2006.rds
simplified_B1_2007.rds
simplified_B1_2008.rds
simplified_B1_2009.rds
simplified_B1_2010.rds
simplified_B1_2011.rds
simplified_B1_2012.rds
simplified_B1_2013.rds
simplified_B1_2014.rds
simplified_B1_2015.rds
simplified_B1_2016.rds
simplified_B1_2017.rds
simplified_B1_2018.rds
simplified_B1_2019.rds
simplified_B1_2020.rds
simplified_B1_2021.rds
simplified_B1_2022.rds
simplified_B1_2023.rds
simplified_B1_2024.rds
Processing batch 1/12 (rows 1-1000)
  Calculated 1000 temperatures. Range: -5.23 to 60.00
Processing batch 2/12 (rows 1001-2000)
  Calculated 1000 temperatures. Range: 1.29 to 60.00
Processing batch 3/12 (rows 2001-3000)
  Calculated 1000 temperatures. Range: -3.44 to 56.87
Processing batch 4/12 (rows 3001-4000)
  Calculated 1000 temperatures. Range: 2.36 to 49.80
Processing batch 5/12 (rows 4001-5000)
  Calculated 1000 temperatures. Range: -3.32 to 46.61
Processing batch 6/12 (rows 5001-6000)
  Calculated 1000 temperatures. Range: 1.65 to 46.54
Processing batch 7/12 (rows 6001-7000)
  Calculated 1000 temperatures. Range: -2.56 to 43.58
Processing batch 8/12 (rows 7001-8000)
  Calculated 1000 temperatures. Range: 2.19 to 18.74
Processing batch 9/12 (rows 8001-9000)
  Calculated 1000 temperatures. Range: 1.93 to 18.68
Processing batch 10/12 (rows 9001-10000)
  Calculated 1000 temperatures. Range: -1.87 to 21.79
Processing batch 11/12 (rows 10001-11000)
  Calculated 1000 temperatures. Range: 3.65 to 22.93
Processing batch 12/12 (rows 11001-11035)
  Calculated 35 temperatures. Range: 6.55 to 19.84
Total observations: 11035, Unique timestamps: 2207
MR parameters: mass=0.31, elev=1740.0, b0=16.50, b1=0.85, b2=-0.47, b3=0.000108
Sample tb=303.57 K, log(mass)=-1.1712, 1/(kT)=38.215185, exponent=-2.2687, rmr=0.103444
Sample tb=278.81 K, log(mass)=-1.1712, 1/(kT)=41.609241, exponent=-3.8639, rmr=0.020985
Sample tb=280.15 K, log(mass)=-1.1712, 1/(kT)=41.409901, exponent=-3.7702, rmr=0.023047
Sample tb=291.04 K, log(mass)=-1.1712, 1/(kT)=39.860739, exponent=-3.0421, rmr=0.047733
Sample tb=283.29 K, log(mass)=-1.1712, 1/(kT)=40.950179, exponent=-3.5542, rmr=0.028605
MR results: 0 NA, 0 infinite, 0 negative, 0 zero
Energy calculations: 4306 non-zero gains, 11035 non-zero losses out of 11035 observations
Saved results to output/results/Eldo/2008/F/eb_results_MS_2008_Eldo_B1.rds

Processing: Species=MS, Year=2009, Origin=Eldo, Climate=B1, Sex=F
Looking for climate data at: /mmfs1/gscratch/biology/jmsmith/targeted_microclimate/B1/simplified_B1_2009.rds
Directory /mmfs1/gscratch/biology/jmsmith/targeted_microclimate/B1 exists. Contents:
simplified_B1_1945.rds
simplified_B1_1946.rds
simplified_B1_1947.rds
simplified_B1_1948.rds
simplified_B1_1949.rds
simplified_B1_1950.rds
simplified_B1_1951.rds
simplified_B1_1952.rds
simplified_B1_1953.rds
simplified_B1_1954.rds
simplified_B1_1955.rds
simplified_B1_1956.rds
simplified_B1_1957.rds
simplified_B1_1958.rds
simplified_B1_1959.rds
simplified_B1_1960.rds
simplified_B1_1961.rds
simplified_B1_1962.rds
simplified_B1_1963.rds
simplified_B1_1964.rds
simplified_B1_2005.rds
simplified_B1_2006.rds
simplified_B1_2007.rds
simplified_B1_2008.rds
simplified_B1_2009.rds
simplified_B1_2010.rds
simplified_B1_2011.rds
simplified_B1_2012.rds
simplified_B1_2013.rds
simplified_B1_2014.rds
simplified_B1_2015.rds
simplified_B1_2016.rds
simplified_B1_2017.rds
simplified_B1_2018.rds
simplified_B1_2019.rds
simplified_B1_2020.rds
simplified_B1_2021.rds
simplified_B1_2022.rds
simplified_B1_2023.rds
simplified_B1_2024.rds
Processing batch 1/12 (rows 1-1000)
  Calculated 1000 temperatures. Range: -1.58 to 60.00
Processing batch 2/12 (rows 1001-2000)
  Calculated 1000 temperatures. Range: 0.04 to 60.00
Processing batch 3/12 (rows 2001-3000)
  Calculated 1000 temperatures. Range: -0.57 to 54.50
Processing batch 4/12 (rows 3001-4000)
  Calculated 1000 temperatures. Range: 3.08 to 50.04
Processing batch 5/12 (rows 4001-5000)
  Calculated 1000 temperatures. Range: -0.04 to 46.69
Processing batch 6/12 (rows 5001-6000)
  Calculated 1000 temperatures. Range: 3.74 to 47.08
Processing batch 7/12 (rows 6001-7000)
  Calculated 1000 temperatures. Range: 0.27 to 43.83
Processing batch 8/12 (rows 7001-8000)
  Calculated 1000 temperatures. Range: 2.73 to 18.57
Processing batch 9/12 (rows 8001-9000)
  Calculated 1000 temperatures. Range: 0.78 to 18.58
Processing batch 10/12 (rows 9001-10000)
  Calculated 1000 temperatures. Range: 0.70 to 21.03
Processing batch 11/12 (rows 10001-11000)
  Calculated 1000 temperatures. Range: 2.38 to 23.18
Processing batch 12/12 (rows 11001-11035)
  Calculated 35 temperatures. Range: 4.78 to 17.95
Total observations: 11035, Unique timestamps: 2207
MR parameters: mass=0.31, elev=1740.0, b0=16.50, b1=0.85, b2=-0.47, b3=0.000108
Sample tb=280.62 K, log(mass)=-1.1712, 1/(kT)=41.341011, exponent=-3.7379, rmr=0.023805
Sample tb=300.56 K, log(mass)=-1.1712, 1/(kT)=38.597850, exponent=-2.4486, rmr=0.086417
Sample tb=282.24 K, log(mass)=-1.1712, 1/(kT)=41.103721, exponent=-3.6263, rmr=0.026614
Sample tb=280.29 K, log(mass)=-1.1712, 1/(kT)=41.388523, exponent=-3.7602, rmr=0.023279
Sample tb=314.24 K, log(mass)=-1.1712, 1/(kT)=36.917025, exponent=-1.6586, rmr=0.190408
MR results: 0 NA, 0 infinite, 0 negative, 0 zero
Energy calculations: 3952 non-zero gains, 11035 non-zero losses out of 11035 observations
Saved results to output/results/Eldo/2009/F/eb_results_MS_2009_Eldo_B1.rds

Processing: Species=MS, Year=2010, Origin=Eldo, Climate=B1, Sex=F
Looking for climate data at: /mmfs1/gscratch/biology/jmsmith/targeted_microclimate/B1/simplified_B1_2010.rds
Directory /mmfs1/gscratch/biology/jmsmith/targeted_microclimate/B1 exists. Contents:
simplified_B1_1945.rds
simplified_B1_1946.rds
simplified_B1_1947.rds
simplified_B1_1948.rds
simplified_B1_1949.rds
simplified_B1_1950.rds
simplified_B1_1951.rds
simplified_B1_1952.rds
simplified_B1_1953.rds
simplified_B1_1954.rds
simplified_B1_1955.rds
simplified_B1_1956.rds
simplified_B1_1957.rds
simplified_B1_1958.rds
simplified_B1_1959.rds
simplified_B1_1960.rds
simplified_B1_1961.rds
simplified_B1_1962.rds
simplified_B1_1963.rds
simplified_B1_1964.rds
simplified_B1_2005.rds
simplified_B1_2006.rds
simplified_B1_2007.rds
simplified_B1_2008.rds
simplified_B1_2009.rds
simplified_B1_2010.rds
simplified_B1_2011.rds
simplified_B1_2012.rds
simplified_B1_2013.rds
simplified_B1_2014.rds
simplified_B1_2015.rds
simplified_B1_2016.rds
simplified_B1_2017.rds
simplified_B1_2018.rds
simplified_B1_2019.rds
simplified_B1_2020.rds
simplified_B1_2021.rds
simplified_B1_2022.rds
simplified_B1_2023.rds
simplified_B1_2024.rds
Processing batch 1/12 (rows 1-1000)
  Calculated 1000 temperatures. Range: -2.50 to 60.00
Processing batch 2/12 (rows 1001-2000)
  Calculated 1000 temperatures. Range: 1.38 to 60.00
Processing batch 3/12 (rows 2001-3000)
  Calculated 1000 temperatures. Range: -0.52 to 53.27
Processing batch 4/12 (rows 3001-4000)
  Calculated 1000 temperatures. Range: 2.84 to 51.47
Processing batch 5/12 (rows 4001-5000)
  Calculated 1000 temperatures. Range: -0.01 to 47.13
Processing batch 6/12 (rows 5001-6000)
  Calculated 1000 temperatures. Range: 3.30 to 48.23
Processing batch 7/12 (rows 6001-7000)
  Calculated 1000 temperatures. Range: 1.50 to 44.21
Processing batch 8/12 (rows 7001-8000)
  Calculated 1000 temperatures. Range: 1.69 to 19.06
Processing batch 9/12 (rows 8001-9000)
  Calculated 1000 temperatures. Range: 1.99 to 20.74
Processing batch 10/12 (rows 9001-10000)
  Calculated 1000 temperatures. Range: 2.19 to 23.04
Processing batch 11/12 (rows 10001-11000)
  Calculated 1000 temperatures. Range: 4.09 to 22.53
Processing batch 12/12 (rows 11001-11035)
  Calculated 35 temperatures. Range: 4.58 to 16.89
Total observations: 11035, Unique timestamps: 2207
MR parameters: mass=0.31, elev=1740.0, b0=16.50, b1=0.85, b2=-0.47, b3=0.000108
Sample tb=283.03 K, log(mass)=-1.1712, 1/(kT)=40.987956, exponent=-3.5719, rmr=0.028102
Sample tb=278.99 K, log(mass)=-1.1712, 1/(kT)=41.582506, exponent=-3.8514, rmr=0.021251
Sample tb=318.20 K, log(mass)=-1.1712, 1/(kT)=36.458086, exponent=-1.4429, rmr=0.236245
Sample tb=277.21 K, log(mass)=-1.1712, 1/(kT)=41.849538, exponent=-3.9769, rmr=0.018744
Sample tb=285.51 K, log(mass)=-1.1712, 1/(kT)=40.632021, exponent=-3.4046, rmr=0.033219
MR results: 0 NA, 0 infinite, 0 negative, 0 zero
Energy calculations: 4468 non-zero gains, 11035 non-zero losses out of 11035 observations
Saved results to output/results/Eldo/2010/F/eb_results_MS_2010_Eldo_B1.rds

Processing: Species=MS, Year=2011, Origin=Eldo, Climate=B1, Sex=F
Looking for climate data at: /mmfs1/gscratch/biology/jmsmith/targeted_microclimate/B1/simplified_B1_2011.rds
Directory /mmfs1/gscratch/biology/jmsmith/targeted_microclimate/B1 exists. Contents:
simplified_B1_1945.rds
simplified_B1_1946.rds
simplified_B1_1947.rds
simplified_B1_1948.rds
simplified_B1_1949.rds
simplified_B1_1950.rds
simplified_B1_1951.rds
simplified_B1_1952.rds
simplified_B1_1953.rds
simplified_B1_1954.rds
simplified_B1_1955.rds
simplified_B1_1956.rds
simplified_B1_1957.rds
simplified_B1_1958.rds
simplified_B1_1959.rds
simplified_B1_1960.rds
simplified_B1_1961.rds
simplified_B1_1962.rds
simplified_B1_1963.rds
simplified_B1_1964.rds
simplified_B1_2005.rds
simplified_B1_2006.rds
simplified_B1_2007.rds
simplified_B1_2008.rds
simplified_B1_2009.rds
simplified_B1_2010.rds
simplified_B1_2011.rds
simplified_B1_2012.rds
simplified_B1_2013.rds
simplified_B1_2014.rds
simplified_B1_2015.rds
simplified_B1_2016.rds
simplified_B1_2017.rds
simplified_B1_2018.rds
simplified_B1_2019.rds
simplified_B1_2020.rds
simplified_B1_2021.rds
simplified_B1_2022.rds
simplified_B1_2023.rds
simplified_B1_2024.rds
Processing batch 1/12 (rows 1-1000)
  Calculated 1000 temperatures. Range: -1.85 to 56.73
Processing batch 2/12 (rows 1001-2000)
  Calculated 1000 temperatures. Range: 2.10 to 59.16
Processing batch 3/12 (rows 2001-3000)
  Calculated 1000 temperatures. Range: -0.49 to 55.02
Processing batch 4/12 (rows 3001-4000)
  Calculated 1000 temperatures. Range: 4.20 to 48.26
Processing batch 5/12 (rows 4001-5000)
  Calculated 1000 temperatures. Range: -0.09 to 46.86
Processing batch 6/12 (rows 5001-6000)
  Calculated 1000 temperatures. Range: 4.23 to 44.97
Processing batch 7/12 (rows 6001-7000)
  Calculated 1000 temperatures. Range: 0.90 to 43.72
Processing batch 8/12 (rows 7001-8000)
  Calculated 1000 temperatures. Range: 2.09 to 19.45
Processing batch 9/12 (rows 8001-9000)
  Calculated 1000 temperatures. Range: 2.45 to 20.19
Processing batch 10/12 (rows 9001-10000)
  Calculated 1000 temperatures. Range: 1.15 to 22.32
Processing batch 11/12 (rows 10001-11000)
  Calculated 1000 temperatures. Range: 4.94 to 22.60
Processing batch 12/12 (rows 11001-11035)
  Calculated 35 temperatures. Range: 7.56 to 21.21
Total observations: 11035, Unique timestamps: 2207
MR parameters: mass=0.31, elev=1740.0, b0=16.50, b1=0.85, b2=-0.47, b3=0.000108
Sample tb=309.61 K, log(mass)=-1.1712, 1/(kT)=37.469591, exponent=-1.9183, rmr=0.146857
Sample tb=278.74 K, log(mass)=-1.1712, 1/(kT)=41.619417, exponent=-3.8687, rmr=0.020885
Sample tb=306.51 K, log(mass)=-1.1712, 1/(kT)=37.848786, exponent=-2.0965, rmr=0.122884
Sample tb=299.28 K, log(mass)=-1.1712, 1/(kT)=38.762686, exponent=-2.5260, rmr=0.079974
Sample tb=286.36 K, log(mass)=-1.1712, 1/(kT)=40.511651, exponent=-3.3481, rmr=0.035152
MR results: 0 NA, 0 infinite, 0 negative, 0 zero
Energy calculations: 4616 non-zero gains, 11035 non-zero losses out of 11035 observations
Saved results to output/results/Eldo/2011/F/eb_results_MS_2011_Eldo_B1.rds

Processing: Species=MS, Year=2012, Origin=Eldo, Climate=B1, Sex=F
Looking for climate data at: /mmfs1/gscratch/biology/jmsmith/targeted_microclimate/B1/simplified_B1_2012.rds
Directory /mmfs1/gscratch/biology/jmsmith/targeted_microclimate/B1 exists. Contents:
simplified_B1_1945.rds
simplified_B1_1946.rds
simplified_B1_1947.rds
simplified_B1_1948.rds
simplified_B1_1949.rds
simplified_B1_1950.rds
simplified_B1_1951.rds
simplified_B1_1952.rds
simplified_B1_1953.rds
simplified_B1_1954.rds
simplified_B1_1955.rds
simplified_B1_1956.rds
simplified_B1_1957.rds
simplified_B1_1958.rds
simplified_B1_1959.rds
simplified_B1_1960.rds
simplified_B1_1961.rds
simplified_B1_1962.rds
simplified_B1_1963.rds
simplified_B1_1964.rds
simplified_B1_2005.rds
simplified_B1_2006.rds
simplified_B1_2007.rds
simplified_B1_2008.rds
simplified_B1_2009.rds
simplified_B1_2010.rds
simplified_B1_2011.rds
simplified_B1_2012.rds
simplified_B1_2013.rds
simplified_B1_2014.rds
simplified_B1_2015.rds
simplified_B1_2016.rds
simplified_B1_2017.rds
simplified_B1_2018.rds
simplified_B1_2019.rds
simplified_B1_2020.rds
simplified_B1_2021.rds
simplified_B1_2022.rds
simplified_B1_2023.rds
simplified_B1_2024.rds
Processing batch 1/12 (rows 1-1000)
  Calculated 1000 temperatures. Range: -3.92 to 59.47
Processing batch 2/12 (rows 1001-2000)
  Calculated 1000 temperatures. Range: -0.01 to 60.00
Processing batch 3/12 (rows 2001-3000)
  Calculated 1000 temperatures. Range: -2.06 to 57.78
Processing batch 4/12 (rows 3001-4000)
  Calculated 1000 temperatures. Range: 3.83 to 49.48
Processing batch 5/12 (rows 4001-5000)
  Calculated 1000 temperatures. Range: -1.78 to 47.90
Processing batch 6/12 (rows 5001-6000)
  Calculated 1000 temperatures. Range: 4.13 to 46.83
Processing batch 7/12 (rows 6001-7000)
  Calculated 1000 temperatures. Range: -0.70 to 44.60
Processing batch 8/12 (rows 7001-8000)
  Calculated 1000 temperatures. Range: 2.35 to 19.66
Processing batch 9/12 (rows 8001-9000)
  Calculated 1000 temperatures. Range: 2.99 to 20.51
Processing batch 10/12 (rows 9001-10000)
  Calculated 1000 temperatures. Range: -0.22 to 24.62
Processing batch 11/12 (rows 10001-11000)
  Calculated 1000 temperatures. Range: 2.89 to 23.23
Processing batch 12/12 (rows 11001-11035)
  Calculated 35 temperatures. Range: 6.35 to 20.01
Total observations: 11035, Unique timestamps: 2207
MR parameters: mass=0.31, elev=1740.0, b0=16.50, b1=0.85, b2=-0.47, b3=0.000108
Sample tb=306.84 K, log(mass)=-1.1712, 1/(kT)=37.807315, exponent=-2.0770, rmr=0.125303
Sample tb=304.95 K, log(mass)=-1.1712, 1/(kT)=38.041926, exponent=-2.1873, rmr=0.112220
Sample tb=301.64 K, log(mass)=-1.1712, 1/(kT)=38.459038, exponent=-2.3833, rmr=0.092243
Sample tb=284.05 K, log(mass)=-1.1712, 1/(kT)=40.841359, exponent=-3.5030, rmr=0.030106
Sample tb=278.96 K, log(mass)=-1.1712, 1/(kT)=41.586838, exponent=-3.8534, rmr=0.021208
MR results: 0 NA, 0 infinite, 0 negative, 0 zero
Energy calculations: 4784 non-zero gains, 11035 non-zero losses out of 11035 observations
Saved results to output/results/Eldo/2012/F/eb_results_MS_2012_Eldo_B1.rds

Processing: Species=MS, Year=2013, Origin=Eldo, Climate=B1, Sex=F
Looking for climate data at: /mmfs1/gscratch/biology/jmsmith/targeted_microclimate/B1/simplified_B1_2013.rds
Directory /mmfs1/gscratch/biology/jmsmith/targeted_microclimate/B1 exists. Contents:
simplified_B1_1945.rds
simplified_B1_1946.rds
simplified_B1_1947.rds
simplified_B1_1948.rds
simplified_B1_1949.rds
simplified_B1_1950.rds
simplified_B1_1951.rds
simplified_B1_1952.rds
simplified_B1_1953.rds
simplified_B1_1954.rds
simplified_B1_1955.rds
simplified_B1_1956.rds
simplified_B1_1957.rds
simplified_B1_1958.rds
simplified_B1_1959.rds
simplified_B1_1960.rds
simplified_B1_1961.rds
simplified_B1_1962.rds
simplified_B1_1963.rds
simplified_B1_1964.rds
simplified_B1_2005.rds
simplified_B1_2006.rds
simplified_B1_2007.rds
simplified_B1_2008.rds
simplified_B1_2009.rds
simplified_B1_2010.rds
simplified_B1_2011.rds
simplified_B1_2012.rds
simplified_B1_2013.rds
simplified_B1_2014.rds
simplified_B1_2015.rds
simplified_B1_2016.rds
simplified_B1_2017.rds
simplified_B1_2018.rds
simplified_B1_2019.rds
simplified_B1_2020.rds
simplified_B1_2021.rds
simplified_B1_2022.rds
simplified_B1_2023.rds
simplified_B1_2024.rds
Processing batch 1/12 (rows 1-1000)
  Calculated 1000 temperatures. Range: -2.93 to 60.00
Processing batch 2/12 (rows 1001-2000)
  Calculated 1000 temperatures. Range: 2.15 to 58.38
Processing batch 3/12 (rows 2001-3000)
  Calculated 1000 temperatures. Range: -1.72 to 54.37
Processing batch 4/12 (rows 3001-4000)
  Calculated 1000 temperatures. Range: 3.48 to 47.88
Processing batch 5/12 (rows 4001-5000)
  Calculated 1000 temperatures. Range: -1.12 to 46.33
Processing batch 6/12 (rows 5001-6000)
  Calculated 1000 temperatures. Range: 4.24 to 50.21
Processing batch 7/12 (rows 6001-7000)
  Calculated 1000 temperatures. Range: 0.45 to 42.98
Processing batch 8/12 (rows 7001-8000)
  Calculated 1000 temperatures. Range: 2.13 to 19.10
Processing batch 9/12 (rows 8001-9000)
  Calculated 1000 temperatures. Range: 0.28 to 18.88
Processing batch 10/12 (rows 9001-10000)
  Calculated 1000 temperatures. Range: 3.01 to 23.33
Processing batch 11/12 (rows 10001-11000)
  Calculated 1000 temperatures. Range: 4.46 to 22.52
Processing batch 12/12 (rows 11001-11035)
  Calculated 35 temperatures. Range: 9.16 to 20.36
Total observations: 11035, Unique timestamps: 2207
MR parameters: mass=0.31, elev=1740.0, b0=16.50, b1=0.85, b2=-0.47, b3=0.000108
Sample tb=303.68 K, log(mass)=-1.1712, 1/(kT)=38.200854, exponent=-2.2620, rmr=0.104143
Sample tb=280.24 K, log(mass)=-1.1712, 1/(kT)=41.396614, exponent=-3.7640, rmr=0.023191
Sample tb=286.53 K, log(mass)=-1.1712, 1/(kT)=40.487360, exponent=-3.3366, rmr=0.035556
Sample tb=302.85 K, log(mass)=-1.1712, 1/(kT)=38.306306, exponent=-2.3115, rmr=0.099108
Sample tb=291.66 K, log(mass)=-1.1712, 1/(kT)=39.775524, exponent=-3.0021, rmr=0.049684
MR results: 0 NA, 0 infinite, 0 negative, 0 zero
Energy calculations: 4598 non-zero gains, 11035 non-zero losses out of 11035 observations
Saved results to output/results/Eldo/2013/F/eb_results_MS_2013_Eldo_B1.rds

Processing: Species=MS, Year=2014, Origin=Eldo, Climate=B1, Sex=F
Looking for climate data at: /mmfs1/gscratch/biology/jmsmith/targeted_microclimate/B1/simplified_B1_2014.rds
Directory /mmfs1/gscratch/biology/jmsmith/targeted_microclimate/B1 exists. Contents:
simplified_B1_1945.rds
simplified_B1_1946.rds
simplified_B1_1947.rds
simplified_B1_1948.rds
simplified_B1_1949.rds
simplified_B1_1950.rds
simplified_B1_1951.rds
simplified_B1_1952.rds
simplified_B1_1953.rds
simplified_B1_1954.rds
simplified_B1_1955.rds
simplified_B1_1956.rds
simplified_B1_1957.rds
simplified_B1_1958.rds
simplified_B1_1959.rds
simplified_B1_1960.rds
simplified_B1_1961.rds
simplified_B1_1962.rds
simplified_B1_1963.rds
simplified_B1_1964.rds
simplified_B1_2005.rds
simplified_B1_2006.rds
simplified_B1_2007.rds
simplified_B1_2008.rds
simplified_B1_2009.rds
simplified_B1_2010.rds
simplified_B1_2011.rds
simplified_B1_2012.rds
simplified_B1_2013.rds
simplified_B1_2014.rds
simplified_B1_2015.rds
simplified_B1_2016.rds
simplified_B1_2017.rds
simplified_B1_2018.rds
simplified_B1_2019.rds
simplified_B1_2020.rds
simplified_B1_2021.rds
simplified_B1_2022.rds
simplified_B1_2023.rds
simplified_B1_2024.rds
Processing batch 1/12 (rows 1-1000)
  Calculated 1000 temperatures. Range: -2.69 to 59.05
Processing batch 2/12 (rows 1001-2000)
  Calculated 1000 temperatures. Range: 2.52 to 58.26
Processing batch 3/12 (rows 2001-3000)
  Calculated 1000 temperatures. Range: -1.15 to 47.35
Processing batch 4/12 (rows 3001-4000)
  Calculated 1000 temperatures. Range: 3.93 to 48.76
Processing batch 5/12 (rows 4001-5000)
  Calculated 1000 temperatures. Range: -0.85 to 43.36
Processing batch 6/12 (rows 5001-6000)
  Calculated 1000 temperatures. Range: 3.87 to 44.88
Processing batch 7/12 (rows 6001-7000)
  Calculated 1000 temperatures. Range: -0.19 to 41.02
Processing batch 8/12 (rows 7001-8000)
  Calculated 1000 temperatures. Range: 1.51 to 18.40
Processing batch 9/12 (rows 8001-9000)
  Calculated 1000 temperatures. Range: 2.87 to 18.78
Processing batch 10/12 (rows 9001-10000)
  Calculated 1000 temperatures. Range: 0.08 to 21.93
Processing batch 11/12 (rows 10001-11000)
  Calculated 1000 temperatures. Range: 4.03 to 21.89
Processing batch 12/12 (rows 11001-11035)
  Calculated 35 temperatures. Range: 4.16 to 17.93
Total observations: 11035, Unique timestamps: 2207
MR parameters: mass=0.31, elev=1740.0, b0=16.50, b1=0.85, b2=-0.47, b3=0.000108
Sample tb=289.30 K, log(mass)=-1.1712, 1/(kT)=40.100223, exponent=-3.1547, rmr=0.042652
Sample tb=301.37 K, log(mass)=-1.1712, 1/(kT)=38.494497, exponent=-2.4000, rmr=0.090718
Sample tb=303.45 K, log(mass)=-1.1712, 1/(kT)=38.229857, exponent=-2.2756, rmr=0.102733
Sample tb=282.76 K, log(mass)=-1.1712, 1/(kT)=41.026775, exponent=-3.5902, rmr=0.027594
Sample tb=281.30 K, log(mass)=-1.1712, 1/(kT)=41.240155, exponent=-3.6905, rmr=0.024961
MR results: 0 NA, 0 infinite, 0 negative, 0 zero
Energy calculations: 4122 non-zero gains, 11035 non-zero losses out of 11035 observations
Saved results to output/results/Eldo/2014/F/eb_results_MS_2014_Eldo_B1.rds

Processing: Species=MS, Year=2015, Origin=Eldo, Climate=B1, Sex=F
Looking for climate data at: /mmfs1/gscratch/biology/jmsmith/targeted_microclimate/B1/simplified_B1_2015.rds
Directory /mmfs1/gscratch/biology/jmsmith/targeted_microclimate/B1 exists. Contents:
simplified_B1_1945.rds
simplified_B1_1946.rds
simplified_B1_1947.rds
simplified_B1_1948.rds
simplified_B1_1949.rds
simplified_B1_1950.rds
simplified_B1_1951.rds
simplified_B1_1952.rds
simplified_B1_1953.rds
simplified_B1_1954.rds
simplified_B1_1955.rds
simplified_B1_1956.rds
simplified_B1_1957.rds
simplified_B1_1958.rds
simplified_B1_1959.rds
simplified_B1_1960.rds
simplified_B1_1961.rds
simplified_B1_1962.rds
simplified_B1_1963.rds
simplified_B1_1964.rds
simplified_B1_2005.rds
simplified_B1_2006.rds
simplified_B1_2007.rds
simplified_B1_2008.rds
simplified_B1_2009.rds
simplified_B1_2010.rds
simplified_B1_2011.rds
simplified_B1_2012.rds
simplified_B1_2013.rds
simplified_B1_2014.rds
simplified_B1_2015.rds
simplified_B1_2016.rds
simplified_B1_2017.rds
simplified_B1_2018.rds
simplified_B1_2019.rds
simplified_B1_2020.rds
simplified_B1_2021.rds
simplified_B1_2022.rds
simplified_B1_2023.rds
simplified_B1_2024.rds
Processing batch 1/12 (rows 1-1000)
  Calculated 1000 temperatures. Range: 1.30 to 60.00
Processing batch 2/12 (rows 1001-2000)
  Calculated 1000 temperatures. Range: 0.95 to 58.61
Processing batch 3/12 (rows 2001-3000)
  Calculated 1000 temperatures. Range: 0.16 to 55.25
Processing batch 4/12 (rows 3001-4000)
  Calculated 1000 temperatures. Range: 4.26 to 48.02
Processing batch 5/12 (rows 4001-5000)
  Calculated 1000 temperatures. Range: 1.31 to 48.16
Processing batch 6/12 (rows 5001-6000)
  Calculated 1000 temperatures. Range: 4.71 to 45.58
Processing batch 7/12 (rows 6001-7000)
  Calculated 1000 temperatures. Range: 1.78 to 44.44
Processing batch 8/12 (rows 7001-8000)
  Calculated 1000 temperatures. Range: 4.66 to 19.88
Processing batch 9/12 (rows 8001-9000)
  Calculated 1000 temperatures. Range: 2.51 to 19.66
Processing batch 10/12 (rows 9001-10000)
  Calculated 1000 temperatures. Range: 3.64 to 22.51
Processing batch 11/12 (rows 10001-11000)
  Calculated 1000 temperatures. Range: 2.79 to 23.15
Processing batch 12/12 (rows 11001-11035)
  Calculated 35 temperatures. Range: 7.74 to 21.39
Total observations: 11035, Unique timestamps: 2207
MR parameters: mass=0.31, elev=1740.0, b0=16.50, b1=0.85, b2=-0.47, b3=0.000108
Sample tb=278.42 K, log(mass)=-1.1712, 1/(kT)=41.667171, exponent=-3.8912, rmr=0.020422
Sample tb=283.41 K, log(mass)=-1.1712, 1/(kT)=40.933957, exponent=-3.5465, rmr=0.028824
Sample tb=283.63 K, log(mass)=-1.1712, 1/(kT)=40.901058, exponent=-3.5311, rmr=0.029273
Sample tb=283.68 K, log(mass)=-1.1712, 1/(kT)=40.894073, exponent=-3.5278, rmr=0.029369
Sample tb=279.76 K, log(mass)=-1.1712, 1/(kT)=41.467541, exponent=-3.7973, rmr=0.022431
MR results: 0 NA, 0 infinite, 0 negative, 0 zero
Energy calculations: 4525 non-zero gains, 11035 non-zero losses out of 11035 observations
Saved results to output/results/Eldo/2015/F/eb_results_MS_2015_Eldo_B1.rds

Processing: Species=MS, Year=2016, Origin=Eldo, Climate=B1, Sex=F
Looking for climate data at: /mmfs1/gscratch/biology/jmsmith/targeted_microclimate/B1/simplified_B1_2016.rds
Directory /mmfs1/gscratch/biology/jmsmith/targeted_microclimate/B1 exists. Contents:
simplified_B1_1945.rds
simplified_B1_1946.rds
simplified_B1_1947.rds
simplified_B1_1948.rds
simplified_B1_1949.rds
simplified_B1_1950.rds
simplified_B1_1951.rds
simplified_B1_1952.rds
simplified_B1_1953.rds
simplified_B1_1954.rds
simplified_B1_1955.rds
simplified_B1_1956.rds
simplified_B1_1957.rds
simplified_B1_1958.rds
simplified_B1_1959.rds
simplified_B1_1960.rds
simplified_B1_1961.rds
simplified_B1_1962.rds
simplified_B1_1963.rds
simplified_B1_1964.rds
simplified_B1_2005.rds
simplified_B1_2006.rds
simplified_B1_2007.rds
simplified_B1_2008.rds
simplified_B1_2009.rds
simplified_B1_2010.rds
simplified_B1_2011.rds
simplified_B1_2012.rds
simplified_B1_2013.rds
simplified_B1_2014.rds
simplified_B1_2015.rds
simplified_B1_2016.rds
simplified_B1_2017.rds
simplified_B1_2018.rds
simplified_B1_2019.rds
simplified_B1_2020.rds
simplified_B1_2021.rds
simplified_B1_2022.rds
simplified_B1_2023.rds
simplified_B1_2024.rds
Processing batch 1/12 (rows 1-1000)
  Calculated 1000 temperatures. Range: 1.21 to 60.00
Processing batch 2/12 (rows 1001-2000)
  Calculated 1000 temperatures. Range: 2.24 to 59.70
Processing batch 3/12 (rows 2001-3000)
  Calculated 1000 temperatures. Range: -0.37 to 50.26
Processing batch 4/12 (rows 3001-4000)
  Calculated 1000 temperatures. Range: 3.78 to 49.27
Processing batch 5/12 (rows 4001-5000)
  Calculated 1000 temperatures. Range: 0.57 to 47.03
Processing batch 6/12 (rows 5001-6000)
  Calculated 1000 temperatures. Range: 4.13 to 46.90
Processing batch 7/12 (rows 6001-7000)
  Calculated 1000 temperatures. Range: 1.16 to 44.95
Processing batch 8/12 (rows 7001-8000)
  Calculated 1000 temperatures. Range: 3.80 to 20.18
Processing batch 9/12 (rows 8001-9000)
  Calculated 1000 temperatures. Range: 2.32 to 19.08
Processing batch 10/12 (rows 9001-10000)
  Calculated 1000 temperatures. Range: 3.69 to 24.00
Processing batch 11/12 (rows 10001-11000)
  Calculated 1000 temperatures. Range: 2.26 to 22.96
Processing batch 12/12 (rows 11001-11035)
  Calculated 35 temperatures. Range: 4.55 to 16.87
Total observations: 11035, Unique timestamps: 2207
MR parameters: mass=0.31, elev=1740.0, b0=16.50, b1=0.85, b2=-0.47, b3=0.000108
Sample tb=279.80 K, log(mass)=-1.1712, 1/(kT)=41.461301, exponent=-3.7944, rmr=0.022496
Sample tb=295.80 K, log(mass)=-1.1712, 1/(kT)=39.218166, exponent=-2.7401, rmr=0.064562
Sample tb=283.34 K, log(mass)=-1.1712, 1/(kT)=40.943662, exponent=-3.5511, rmr=0.028693
Sample tb=319.99 K, log(mass)=-1.1712, 1/(kT)=36.254418, exponent=-1.3472, rmr=0.259977
Sample tb=307.19 K, log(mass)=-1.1712, 1/(kT)=37.764324, exponent=-2.0568, rmr=0.127860
MR results: 0 NA, 0 infinite, 0 negative, 0 zero
Energy calculations: 4610 non-zero gains, 11035 non-zero losses out of 11035 observations
Saved results to output/results/Eldo/2016/F/eb_results_MS_2016_Eldo_B1.rds

Processing: Species=MS, Year=2017, Origin=Eldo, Climate=B1, Sex=F
Looking for climate data at: /mmfs1/gscratch/biology/jmsmith/targeted_microclimate/B1/simplified_B1_2017.rds
Directory /mmfs1/gscratch/biology/jmsmith/targeted_microclimate/B1 exists. Contents:
simplified_B1_1945.rds
simplified_B1_1946.rds
simplified_B1_1947.rds
simplified_B1_1948.rds
simplified_B1_1949.rds
simplified_B1_1950.rds
simplified_B1_1951.rds
simplified_B1_1952.rds
simplified_B1_1953.rds
simplified_B1_1954.rds
simplified_B1_1955.rds
simplified_B1_1956.rds
simplified_B1_1957.rds
simplified_B1_1958.rds
simplified_B1_1959.rds
simplified_B1_1960.rds
simplified_B1_1961.rds
simplified_B1_1962.rds
simplified_B1_1963.rds
simplified_B1_1964.rds
simplified_B1_2005.rds
simplified_B1_2006.rds
simplified_B1_2007.rds
simplified_B1_2008.rds
simplified_B1_2009.rds
simplified_B1_2010.rds
simplified_B1_2011.rds
simplified_B1_2012.rds
simplified_B1_2013.rds
simplified_B1_2014.rds
simplified_B1_2015.rds
simplified_B1_2016.rds
simplified_B1_2017.rds
simplified_B1_2018.rds
simplified_B1_2019.rds
simplified_B1_2020.rds
simplified_B1_2021.rds
simplified_B1_2022.rds
simplified_B1_2023.rds
simplified_B1_2024.rds
Processing batch 1/12 (rows 1-1000)
  Calculated 1000 temperatures. Range: -1.13 to 60.00
Processing batch 2/12 (rows 1001-2000)
  Calculated 1000 temperatures. Range: 3.68 to 60.00
Processing batch 3/12 (rows 2001-3000)
  Calculated 1000 temperatures. Range: 1.01 to 56.09
Processing batch 4/12 (rows 3001-4000)
  Calculated 1000 temperatures. Range: 4.75 to 50.42
Processing batch 5/12 (rows 4001-5000)
  Calculated 1000 temperatures. Range: 0.95 to 47.94
Processing batch 6/12 (rows 5001-6000)
  Calculated 1000 temperatures. Range: 2.33 to 46.61
Processing batch 7/12 (rows 6001-7000)
  Calculated 1000 temperatures. Range: 1.52 to 44.79
Processing batch 8/12 (rows 7001-8000)
  Calculated 1000 temperatures. Range: 2.68 to 20.43
Processing batch 9/12 (rows 8001-9000)
  Calculated 1000 temperatures. Range: 3.49 to 18.69
Processing batch 10/12 (rows 9001-10000)
  Calculated 1000 temperatures. Range: 2.57 to 23.35
Processing batch 11/12 (rows 10001-11000)
  Calculated 1000 temperatures. Range: 5.28 to 22.68
Processing batch 12/12 (rows 11001-11035)
  Calculated 35 temperatures. Range: 5.85 to 19.08
Total observations: 11035, Unique timestamps: 2207
MR parameters: mass=0.31, elev=1740.0, b0=16.50, b1=0.85, b2=-0.47, b3=0.000108
Sample tb=280.57 K, log(mass)=-1.1712, 1/(kT)=41.346990, exponent=-3.7407, rmr=0.023738
Sample tb=281.65 K, log(mass)=-1.1712, 1/(kT)=41.189561, exponent=-3.6667, rmr=0.025561
Sample tb=287.79 K, log(mass)=-1.1712, 1/(kT)=40.310387, exponent=-3.2535, rmr=0.038640
Sample tb=293.19 K, log(mass)=-1.1712, 1/(kT)=39.567514, exponent=-2.9043, rmr=0.054786
Sample tb=300.97 K, log(mass)=-1.1712, 1/(kT)=38.545051, exponent=-2.4238, rmr=0.088588
MR results: 0 NA, 0 infinite, 0 negative, 0 zero
Energy calculations: 4524 non-zero gains, 11035 non-zero losses out of 11035 observations
Saved results to output/results/Eldo/2017/F/eb_results_MS_2017_Eldo_B1.rds

Processing: Species=MS, Year=2018, Origin=Eldo, Climate=B1, Sex=F
Looking for climate data at: /mmfs1/gscratch/biology/jmsmith/targeted_microclimate/B1/simplified_B1_2018.rds
Directory /mmfs1/gscratch/biology/jmsmith/targeted_microclimate/B1 exists. Contents:
simplified_B1_1945.rds
simplified_B1_1946.rds
simplified_B1_1947.rds
simplified_B1_1948.rds
simplified_B1_1949.rds
simplified_B1_1950.rds
simplified_B1_1951.rds
simplified_B1_1952.rds
simplified_B1_1953.rds
simplified_B1_1954.rds
simplified_B1_1955.rds
simplified_B1_1956.rds
simplified_B1_1957.rds
simplified_B1_1958.rds
simplified_B1_1959.rds
simplified_B1_1960.rds
simplified_B1_1961.rds
simplified_B1_1962.rds
simplified_B1_1963.rds
simplified_B1_1964.rds
simplified_B1_2005.rds
simplified_B1_2006.rds
simplified_B1_2007.rds
simplified_B1_2008.rds
simplified_B1_2009.rds
simplified_B1_2010.rds
simplified_B1_2011.rds
simplified_B1_2012.rds
simplified_B1_2013.rds
simplified_B1_2014.rds
simplified_B1_2015.rds
simplified_B1_2016.rds
simplified_B1_2017.rds
simplified_B1_2018.rds
simplified_B1_2019.rds
simplified_B1_2020.rds
simplified_B1_2021.rds
simplified_B1_2022.rds
simplified_B1_2023.rds
simplified_B1_2024.rds
Processing batch 1/12 (rows 1-1000)
  Calculated 1000 temperatures. Range: -1.35 to 60.00
Processing batch 2/12 (rows 1001-2000)
  Calculated 1000 temperatures. Range: 1.68 to 59.43
Processing batch 3/12 (rows 2001-3000)
  Calculated 1000 temperatures. Range: 0.24 to 51.67
Processing batch 4/12 (rows 3001-4000)
  Calculated 1000 temperatures. Range: 3.67 to 48.29
Processing batch 5/12 (rows 4001-5000)
  Calculated 1000 temperatures. Range: 0.30 to 46.88
Processing batch 6/12 (rows 5001-6000)
  Calculated 1000 temperatures. Range: 2.81 to 45.47
Processing batch 7/12 (rows 6001-7000)
  Calculated 1000 temperatures. Range: 1.07 to 39.61
Processing batch 8/12 (rows 7001-8000)
  Calculated 1000 temperatures. Range: 2.99 to 20.00
Processing batch 9/12 (rows 8001-9000)
  Calculated 1000 temperatures. Range: 1.62 to 21.13
Processing batch 10/12 (rows 9001-10000)
  Calculated 1000 temperatures. Range: 3.14 to 24.05
Processing batch 11/12 (rows 10001-11000)
  Calculated 1000 temperatures. Range: 2.98 to 22.95
Processing batch 12/12 (rows 11001-11035)
  Calculated 35 temperatures. Range: 6.54 to 19.76
Total observations: 11035, Unique timestamps: 2207
MR parameters: mass=0.31, elev=1740.0, b0=16.50, b1=0.85, b2=-0.47, b3=0.000108
Sample tb=298.48 K, log(mass)=-1.1712, 1/(kT)=38.866106, exponent=-2.5747, rmr=0.076180
Sample tb=281.94 K, log(mass)=-1.1712, 1/(kT)=41.146146, exponent=-3.6463, rmr=0.026088
Sample tb=280.25 K, log(mass)=-1.1712, 1/(kT)=41.395151, exponent=-3.7633, rmr=0.023207
Sample tb=281.75 K, log(mass)=-1.1712, 1/(kT)=41.174539, exponent=-3.6596, rmr=0.025742
Sample tb=280.53 K, log(mass)=-1.1712, 1/(kT)=41.353420, exponent=-3.7437, rmr=0.023667
MR results: 0 NA, 0 infinite, 0 negative, 0 zero
Energy calculations: 4722 non-zero gains, 11035 non-zero losses out of 11035 observations
Saved results to output/results/Eldo/2018/F/eb_results_MS_2018_Eldo_B1.rds

Processing: Species=MS, Year=2019, Origin=Eldo, Climate=B1, Sex=F
Looking for climate data at: /mmfs1/gscratch/biology/jmsmith/targeted_microclimate/B1/simplified_B1_2019.rds
Directory /mmfs1/gscratch/biology/jmsmith/targeted_microclimate/B1 exists. Contents:
simplified_B1_1945.rds
simplified_B1_1946.rds
simplified_B1_1947.rds
simplified_B1_1948.rds
simplified_B1_1949.rds
simplified_B1_1950.rds
simplified_B1_1951.rds
simplified_B1_1952.rds
simplified_B1_1953.rds
simplified_B1_1954.rds
simplified_B1_1955.rds
simplified_B1_1956.rds
simplified_B1_1957.rds
simplified_B1_1958.rds
simplified_B1_1959.rds
simplified_B1_1960.rds
simplified_B1_1961.rds
simplified_B1_1962.rds
simplified_B1_1963.rds
simplified_B1_1964.rds
simplified_B1_2005.rds
simplified_B1_2006.rds
simplified_B1_2007.rds
simplified_B1_2008.rds
simplified_B1_2009.rds
simplified_B1_2010.rds
simplified_B1_2011.rds
simplified_B1_2012.rds
simplified_B1_2013.rds
simplified_B1_2014.rds
simplified_B1_2015.rds
simplified_B1_2016.rds
simplified_B1_2017.rds
simplified_B1_2018.rds
simplified_B1_2019.rds
simplified_B1_2020.rds
simplified_B1_2021.rds
simplified_B1_2022.rds
simplified_B1_2023.rds
simplified_B1_2024.rds
Processing batch 1/12 (rows 1-1000)
  Calculated 1000 temperatures. Range: -1.08 to 60.00
Processing batch 2/12 (rows 1001-2000)
  Calculated 1000 temperatures. Range: 2.89 to 60.00
Processing batch 3/12 (rows 2001-3000)
  Calculated 1000 temperatures. Range: -1.01 to 51.52
Processing batch 4/12 (rows 3001-4000)
  Calculated 1000 temperatures. Range: 4.42 to 53.01
Processing batch 5/12 (rows 4001-5000)
  Calculated 1000 temperatures. Range: -0.06 to 44.80
Processing batch 6/12 (rows 5001-6000)
  Calculated 1000 temperatures. Range: 3.33 to 49.21
Processing batch 7/12 (rows 6001-7000)
  Calculated 1000 temperatures. Range: 0.63 to 44.75
Processing batch 8/12 (rows 7001-8000)
  Calculated 1000 temperatures. Range: 0.82 to 20.21
Processing batch 9/12 (rows 8001-9000)
  Calculated 1000 temperatures. Range: 2.83 to 19.56
Processing batch 10/12 (rows 9001-10000)
  Calculated 1000 temperatures. Range: 0.02 to 24.25
Processing batch 11/12 (rows 10001-11000)
  Calculated 1000 temperatures. Range: 4.87 to 24.67
Processing batch 12/12 (rows 11001-11035)
  Calculated 35 temperatures. Range: 6.93 to 20.17
Total observations: 11035, Unique timestamps: 2207
MR parameters: mass=0.31, elev=1740.0, b0=16.50, b1=0.85, b2=-0.47, b3=0.000108
Sample tb=283.83 K, log(mass)=-1.1712, 1/(kT)=40.872106, exponent=-3.5175, rmr=0.029674
Sample tb=301.30 K, log(mass)=-1.1712, 1/(kT)=38.502599, exponent=-2.4038, rmr=0.090373
Sample tb=306.27 K, log(mass)=-1.1712, 1/(kT)=37.878407, exponent=-2.1104, rmr=0.121185
Sample tb=276.83 K, log(mass)=-1.1712, 1/(kT)=41.905971, exponent=-4.0034, rmr=0.018254
Sample tb=283.75 K, log(mass)=-1.1712, 1/(kT)=40.884058, exponent=-3.5231, rmr=0.029508
MR results: 0 NA, 0 infinite, 0 negative, 0 zero
Energy calculations: 4581 non-zero gains, 11035 non-zero losses out of 11035 observations
Saved results to output/results/Eldo/2019/F/eb_results_MS_2019_Eldo_B1.rds

Processing: Species=MS, Year=2020, Origin=Eldo, Climate=B1, Sex=F
Looking for climate data at: /mmfs1/gscratch/biology/jmsmith/targeted_microclimate/B1/simplified_B1_2020.rds
Directory /mmfs1/gscratch/biology/jmsmith/targeted_microclimate/B1 exists. Contents:
simplified_B1_1945.rds
simplified_B1_1946.rds
simplified_B1_1947.rds
simplified_B1_1948.rds
simplified_B1_1949.rds
simplified_B1_1950.rds
simplified_B1_1951.rds
simplified_B1_1952.rds
simplified_B1_1953.rds
simplified_B1_1954.rds
simplified_B1_1955.rds
simplified_B1_1956.rds
simplified_B1_1957.rds
simplified_B1_1958.rds
simplified_B1_1959.rds
simplified_B1_1960.rds
simplified_B1_1961.rds
simplified_B1_1962.rds
simplified_B1_1963.rds
simplified_B1_1964.rds
simplified_B1_2005.rds
simplified_B1_2006.rds
simplified_B1_2007.rds
simplified_B1_2008.rds
simplified_B1_2009.rds
simplified_B1_2010.rds
simplified_B1_2011.rds
simplified_B1_2012.rds
simplified_B1_2013.rds
simplified_B1_2014.rds
simplified_B1_2015.rds
simplified_B1_2016.rds
simplified_B1_2017.rds
simplified_B1_2018.rds
simplified_B1_2019.rds
simplified_B1_2020.rds
simplified_B1_2021.rds
simplified_B1_2022.rds
simplified_B1_2023.rds
simplified_B1_2024.rds
Processing batch 1/12 (rows 1-1000)
  Calculated 1000 temperatures. Range: -1.53 to 59.84
Processing batch 2/12 (rows 1001-2000)
  Calculated 1000 temperatures. Range: 3.32 to 58.93
Processing batch 3/12 (rows 2001-3000)
  Calculated 1000 temperatures. Range: -0.09 to 55.48
Processing batch 4/12 (rows 3001-4000)
  Calculated 1000 temperatures. Range: 4.23 to 48.32
Processing batch 5/12 (rows 4001-5000)
  Calculated 1000 temperatures. Range: 0.11 to 47.01
Processing batch 6/12 (rows 5001-6000)
  Calculated 1000 temperatures. Range: 1.69 to 45.22
Processing batch 7/12 (rows 6001-7000)
  Calculated 1000 temperatures. Range: 0.38 to 45.36
Processing batch 8/12 (rows 7001-8000)
  Calculated 1000 temperatures. Range: 0.95 to 18.96
Processing batch 9/12 (rows 8001-9000)
  Calculated 1000 temperatures. Range: 1.67 to 21.53
Processing batch 10/12 (rows 9001-10000)
  Calculated 1000 temperatures. Range: 1.11 to 23.02
Processing batch 11/12 (rows 10001-11000)
  Calculated 1000 temperatures. Range: 5.88 to 22.96
Processing batch 12/12 (rows 11001-11035)
  Calculated 35 temperatures. Range: 2.19 to 18.97
Total observations: 11035, Unique timestamps: 2207
MR parameters: mass=0.31, elev=1740.0, b0=16.50, b1=0.85, b2=-0.47, b3=0.000108
Sample tb=293.66 K, log(mass)=-1.1712, 1/(kT)=39.504925, exponent=-2.8749, rmr=0.056422
Sample tb=295.10 K, log(mass)=-1.1712, 1/(kT)=39.311760, exponent=-2.7841, rmr=0.061784
Sample tb=284.47 K, log(mass)=-1.1712, 1/(kT)=40.781387, exponent=-3.4748, rmr=0.030967
Sample tb=284.95 K, log(mass)=-1.1712, 1/(kT)=40.711646, exponent=-3.4421, rmr=0.031999
Sample tb=282.14 K, log(mass)=-1.1712, 1/(kT)=41.118071, exponent=-3.6331, rmr=0.026435
MR results: 0 NA, 0 infinite, 0 negative, 0 zero
Energy calculations: 4745 non-zero gains, 11035 non-zero losses out of 11035 observations
Saved results to output/results/Eldo/2020/F/eb_results_MS_2020_Eldo_B1.rds

Processing: Species=MS, Year=2021, Origin=Eldo, Climate=B1, Sex=F
Looking for climate data at: /mmfs1/gscratch/biology/jmsmith/targeted_microclimate/B1/simplified_B1_2021.rds
Directory /mmfs1/gscratch/biology/jmsmith/targeted_microclimate/B1 exists. Contents:
simplified_B1_1945.rds
simplified_B1_1946.rds
simplified_B1_1947.rds
simplified_B1_1948.rds
simplified_B1_1949.rds
simplified_B1_1950.rds
simplified_B1_1951.rds
simplified_B1_1952.rds
simplified_B1_1953.rds
simplified_B1_1954.rds
simplified_B1_1955.rds
simplified_B1_1956.rds
simplified_B1_1957.rds
simplified_B1_1958.rds
simplified_B1_1959.rds
simplified_B1_1960.rds
simplified_B1_1961.rds
simplified_B1_1962.rds
simplified_B1_1963.rds
simplified_B1_1964.rds
simplified_B1_2005.rds
simplified_B1_2006.rds
simplified_B1_2007.rds
simplified_B1_2008.rds
simplified_B1_2009.rds
simplified_B1_2010.rds
simplified_B1_2011.rds
simplified_B1_2012.rds
simplified_B1_2013.rds
simplified_B1_2014.rds
simplified_B1_2015.rds
simplified_B1_2016.rds
simplified_B1_2017.rds
simplified_B1_2018.rds
simplified_B1_2019.rds
simplified_B1_2020.rds
simplified_B1_2021.rds
simplified_B1_2022.rds
simplified_B1_2023.rds
simplified_B1_2024.rds
Processing batch 1/12 (rows 1-1000)
  Calculated 1000 temperatures. Range: -3.68 to 60.00
Processing batch 2/12 (rows 1001-2000)
  Calculated 1000 temperatures. Range: 3.56 to 60.00
Processing batch 3/12 (rows 2001-3000)
  Calculated 1000 temperatures. Range: -2.24 to 52.63
Processing batch 4/12 (rows 3001-4000)
  Calculated 1000 temperatures. Range: 5.15 to 50.12
Processing batch 5/12 (rows 4001-5000)
  Calculated 1000 temperatures. Range: -0.01 to 48.51
Processing batch 6/12 (rows 5001-6000)
  Calculated 1000 temperatures. Range: 3.93 to 47.30
Processing batch 7/12 (rows 6001-7000)
  Calculated 1000 temperatures. Range: 1.00 to 42.25
Processing batch 8/12 (rows 7001-8000)
  Calculated 1000 temperatures. Range: 3.64 to 19.40
Processing batch 9/12 (rows 8001-9000)
  Calculated 1000 temperatures. Range: 0.49 to 20.94
Processing batch 10/12 (rows 9001-10000)
  Calculated 1000 temperatures. Range: 1.35 to 23.71
Processing batch 11/12 (rows 10001-11000)
  Calculated 1000 temperatures. Range: 4.71 to 23.26
Processing batch 12/12 (rows 11001-11035)
  Calculated 35 temperatures. Range: 5.09 to 21.36
Total observations: 11035, Unique timestamps: 2207
MR parameters: mass=0.31, elev=1740.0, b0=16.50, b1=0.85, b2=-0.47, b3=0.000108
Sample tb=307.91 K, log(mass)=-1.1712, 1/(kT)=37.676957, exponent=-2.0158, rmr=0.133220
Sample tb=300.24 K, log(mass)=-1.1712, 1/(kT)=38.639008, exponent=-2.4679, rmr=0.084761
Sample tb=284.62 K, log(mass)=-1.1712, 1/(kT)=40.759004, exponent=-3.4643, rmr=0.031294
Sample tb=297.33 K, log(mass)=-1.1712, 1/(kT)=39.017022, exponent=-2.6456, rmr=0.070964
Sample tb=280.04 K, log(mass)=-1.1712, 1/(kT)=41.425638, exponent=-3.7776, rmr=0.022877
MR results: 0 NA, 0 infinite, 0 negative, 0 zero
Energy calculations: 4791 non-zero gains, 11035 non-zero losses out of 11035 observations
Saved results to output/results/Eldo/2021/F/eb_results_MS_2021_Eldo_B1.rds

Processing: Species=MS, Year=2022, Origin=Eldo, Climate=B1, Sex=F
Looking for climate data at: /mmfs1/gscratch/biology/jmsmith/targeted_microclimate/B1/simplified_B1_2022.rds
Directory /mmfs1/gscratch/biology/jmsmith/targeted_microclimate/B1 exists. Contents:
simplified_B1_1945.rds
simplified_B1_1946.rds
simplified_B1_1947.rds
simplified_B1_1948.rds
simplified_B1_1949.rds
simplified_B1_1950.rds
simplified_B1_1951.rds
simplified_B1_1952.rds
simplified_B1_1953.rds
simplified_B1_1954.rds
simplified_B1_1955.rds
simplified_B1_1956.rds
simplified_B1_1957.rds
simplified_B1_1958.rds
simplified_B1_1959.rds
simplified_B1_1960.rds
simplified_B1_1961.rds
simplified_B1_1962.rds
simplified_B1_1963.rds
simplified_B1_1964.rds
simplified_B1_2005.rds
simplified_B1_2006.rds
simplified_B1_2007.rds
simplified_B1_2008.rds
simplified_B1_2009.rds
simplified_B1_2010.rds
simplified_B1_2011.rds
simplified_B1_2012.rds
simplified_B1_2013.rds
simplified_B1_2014.rds
simplified_B1_2015.rds
simplified_B1_2016.rds
simplified_B1_2017.rds
simplified_B1_2018.rds
simplified_B1_2019.rds
simplified_B1_2020.rds
simplified_B1_2021.rds
simplified_B1_2022.rds
simplified_B1_2023.rds
simplified_B1_2024.rds
Processing batch 1/12 (rows 1-1000)
  Calculated 1000 temperatures. Range: -5.08 to 60.00
Processing batch 2/12 (rows 1001-2000)
  Calculated 1000 temperatures. Range: 3.90 to 59.04
Processing batch 3/12 (rows 2001-3000)
  Calculated 1000 temperatures. Range: -3.33 to 57.51
Processing batch 4/12 (rows 3001-4000)
  Calculated 1000 temperatures. Range: 6.10 to 51.35
Processing batch 5/12 (rows 4001-5000)
  Calculated 1000 temperatures. Range: -2.50 to 46.68
Processing batch 6/12 (rows 5001-6000)
  Calculated 1000 temperatures. Range: 3.48 to 47.62
Processing batch 7/12 (rows 6001-7000)
  Calculated 1000 temperatures. Range: -2.38 to 43.61
Processing batch 8/12 (rows 7001-8000)
  Calculated 1000 temperatures. Range: 1.70 to 20.22
Processing batch 9/12 (rows 8001-9000)
  Calculated 1000 temperatures. Range: -1.84 to 19.53
Processing batch 10/12 (rows 9001-10000)
  Calculated 1000 temperatures. Range: 2.51 to 23.73
Processing batch 11/12 (rows 10001-11000)
  Calculated 1000 temperatures. Range: 5.87 to 23.25
Processing batch 12/12 (rows 11001-11035)
  Calculated 35 temperatures. Range: 5.86 to 21.07
Total observations: 11035, Unique timestamps: 2207
MR parameters: mass=0.31, elev=1740.0, b0=16.50, b1=0.85, b2=-0.47, b3=0.000108
Sample tb=292.79 K, log(mass)=-1.1712, 1/(kT)=39.621356, exponent=-2.9296, rmr=0.053417
Sample tb=292.06 K, log(mass)=-1.1712, 1/(kT)=39.720542, exponent=-2.9762, rmr=0.050984
Sample tb=288.26 K, log(mass)=-1.1712, 1/(kT)=40.244867, exponent=-3.2227, rmr=0.039848
Sample tb=286.84 K, log(mass)=-1.1712, 1/(kT)=40.444041, exponent=-3.3163, rmr=0.036287
Sample tb=305.45 K, log(mass)=-1.1712, 1/(kT)=37.980307, exponent=-2.1583, rmr=0.115518
MR results: 0 NA, 0 infinite, 0 negative, 0 zero
Energy calculations: 4812 non-zero gains, 11035 non-zero losses out of 11035 observations
Saved results to output/results/Eldo/2022/F/eb_results_MS_2022_Eldo_B1.rds

Processing: Species=MS, Year=2023, Origin=Eldo, Climate=B1, Sex=F
Looking for climate data at: /mmfs1/gscratch/biology/jmsmith/targeted_microclimate/B1/simplified_B1_2023.rds
Directory /mmfs1/gscratch/biology/jmsmith/targeted_microclimate/B1 exists. Contents:
simplified_B1_1945.rds
simplified_B1_1946.rds
simplified_B1_1947.rds
simplified_B1_1948.rds
simplified_B1_1949.rds
simplified_B1_1950.rds
simplified_B1_1951.rds
simplified_B1_1952.rds
simplified_B1_1953.rds
simplified_B1_1954.rds
simplified_B1_1955.rds
simplified_B1_1956.rds
simplified_B1_1957.rds
simplified_B1_1958.rds
simplified_B1_1959.rds
simplified_B1_1960.rds
simplified_B1_1961.rds
simplified_B1_1962.rds
simplified_B1_1963.rds
simplified_B1_1964.rds
simplified_B1_2005.rds
simplified_B1_2006.rds
simplified_B1_2007.rds
simplified_B1_2008.rds
simplified_B1_2009.rds
simplified_B1_2010.rds
simplified_B1_2011.rds
simplified_B1_2012.rds
simplified_B1_2013.rds
simplified_B1_2014.rds
simplified_B1_2015.rds
simplified_B1_2016.rds
simplified_B1_2017.rds
simplified_B1_2018.rds
simplified_B1_2019.rds
simplified_B1_2020.rds
simplified_B1_2021.rds
simplified_B1_2022.rds
simplified_B1_2023.rds
simplified_B1_2024.rds
Processing batch 1/12 (rows 1-1000)
  Calculated 1000 temperatures. Range: -0.27 to 57.00
Processing batch 2/12 (rows 1001-2000)
  Calculated 1000 temperatures. Range: 2.84 to 58.82
Processing batch 3/12 (rows 2001-3000)
  Calculated 1000 temperatures. Range: 1.73 to 51.11
Processing batch 4/12 (rows 3001-4000)
  Calculated 1000 temperatures. Range: 3.64 to 49.15
Processing batch 5/12 (rows 4001-5000)
  Calculated 1000 temperatures. Range: 1.51 to 45.78
Processing batch 6/12 (rows 5001-6000)
  Calculated 1000 temperatures. Range: 3.73 to 46.11
Processing batch 7/12 (rows 6001-7000)
  Calculated 1000 temperatures. Range: 2.54 to 43.01
Processing batch 8/12 (rows 7001-8000)
  Calculated 1000 temperatures. Range: 1.44 to 20.02
Processing batch 9/12 (rows 8001-9000)
  Calculated 1000 temperatures. Range: 4.19 to 19.48
Processing batch 10/12 (rows 9001-10000)
  Calculated 1000 temperatures. Range: 2.65 to 23.41
Processing batch 11/12 (rows 10001-11000)
  Calculated 1000 temperatures. Range: 4.56 to 24.18
Processing batch 12/12 (rows 11001-11035)
  Calculated 35 temperatures. Range: 7.15 to 21.75
Total observations: 11035, Unique timestamps: 2207
MR parameters: mass=0.31, elev=1740.0, b0=16.50, b1=0.85, b2=-0.47, b3=0.000108
Sample tb=281.43 K, log(mass)=-1.1712, 1/(kT)=41.221493, exponent=-3.6817, rmr=0.025180
Sample tb=315.74 K, log(mass)=-1.1712, 1/(kT)=36.741840, exponent=-1.5763, rmr=0.206749
Sample tb=278.07 K, log(mass)=-1.1712, 1/(kT)=41.719146, exponent=-3.9156, rmr=0.019929
Sample tb=283.82 K, log(mass)=-1.1712, 1/(kT)=40.873654, exponent=-3.5182, rmr=0.029653
Sample tb=283.61 K, log(mass)=-1.1712, 1/(kT)=40.904949, exponent=-3.5329, rmr=0.029220
MR results: 0 NA, 0 infinite, 0 negative, 0 zero
Energy calculations: 4462 non-zero gains, 11035 non-zero losses out of 11035 observations
Saved results to output/results/Eldo/2023/F/eb_results_MS_2023_Eldo_B1.rds

Processing: Species=MS, Year=2024, Origin=Eldo, Climate=B1, Sex=F
Looking for climate data at: /mmfs1/gscratch/biology/jmsmith/targeted_microclimate/B1/simplified_B1_2024.rds
Directory /mmfs1/gscratch/biology/jmsmith/targeted_microclimate/B1 exists. Contents:
simplified_B1_1945.rds
simplified_B1_1946.rds
simplified_B1_1947.rds
simplified_B1_1948.rds
simplified_B1_1949.rds
simplified_B1_1950.rds
simplified_B1_1951.rds
simplified_B1_1952.rds
simplified_B1_1953.rds
simplified_B1_1954.rds
simplified_B1_1955.rds
simplified_B1_1956.rds
simplified_B1_1957.rds
simplified_B1_1958.rds
simplified_B1_1959.rds
simplified_B1_1960.rds
simplified_B1_1961.rds
simplified_B1_1962.rds
simplified_B1_1963.rds
simplified_B1_1964.rds
simplified_B1_2005.rds
simplified_B1_2006.rds
simplified_B1_2007.rds
simplified_B1_2008.rds
simplified_B1_2009.rds
simplified_B1_2010.rds
simplified_B1_2011.rds
simplified_B1_2012.rds
simplified_B1_2013.rds
simplified_B1_2014.rds
simplified_B1_2015.rds
simplified_B1_2016.rds
simplified_B1_2017.rds
simplified_B1_2018.rds
simplified_B1_2019.rds
simplified_B1_2020.rds
simplified_B1_2021.rds
simplified_B1_2022.rds
simplified_B1_2023.rds
simplified_B1_2024.rds
Processing batch 1/12 (rows 1-1000)
  Calculated 1000 temperatures. Range: -1.72 to 60.00
Processing batch 2/12 (rows 1001-2000)
  Calculated 1000 temperatures. Range: 4.62 to 60.00
Processing batch 3/12 (rows 2001-3000)
  Calculated 1000 temperatures. Range: 0.33 to 51.67
Processing batch 4/12 (rows 3001-4000)
  Calculated 1000 temperatures. Range: 2.64 to 50.54
Processing batch 5/12 (rows 4001-5000)
  Calculated 1000 temperatures. Range: 0.02 to 47.69
Processing batch 6/12 (rows 5001-6000)
  Calculated 1000 temperatures. Range: 3.28 to 46.40
Processing batch 7/12 (rows 6001-7000)
  Calculated 1000 temperatures. Range: 3.50 to 47.76
Processing batch 8/12 (rows 7001-8000)
  Calculated 1000 temperatures. Range: -0.10 to 19.22
Processing batch 9/12 (rows 8001-9000)
  Calculated 1000 temperatures. Range: 4.05 to 20.61
Processing batch 10/12 (rows 9001-10000)
  Calculated 1000 temperatures. Range: 1.31 to 24.32
Processing batch 11/12 (rows 10001-11000)
  Calculated 1000 temperatures. Range: 5.05 to 23.55
Processing batch 12/12 (rows 11001-11035)
  Calculated 35 temperatures. Range: 4.74 to 19.58
Total observations: 11035, Unique timestamps: 2207
MR parameters: mass=0.31, elev=1740.0, b0=16.50, b1=0.85, b2=-0.47, b3=0.000108
Sample tb=292.44 K, log(mass)=-1.1712, 1/(kT)=39.669851, exponent=-2.9524, rmr=0.052213
Sample tb=293.53 K, log(mass)=-1.1712, 1/(kT)=39.521771, exponent=-2.8828, rmr=0.055977
Sample tb=279.59 K, log(mass)=-1.1712, 1/(kT)=41.493175, exponent=-3.8094, rmr=0.022162
Sample tb=301.15 K, log(mass)=-1.1712, 1/(kT)=38.521941, exponent=-2.4129, rmr=0.089555
Sample tb=282.52 K, log(mass)=-1.1712, 1/(kT)=41.061643, exponent=-3.6066, rmr=0.027145
MR results: 0 NA, 0 infinite, 0 negative, 0 zero
Energy calculations: 4803 non-zero gains, 11035 non-zero losses out of 11035 observations
Saved results to output/results/Eldo/2024/F/eb_results_MS_2024_Eldo_B1.rds

All years processed.
