Arguments received:
Species: MB
Years: 1945, 1946, 1947, 1948, 1949, 1950, 1951, 1952, 1953, 1954, 1955, 1956, 1957, 1958, 1959, 1960, 1961, 1962, 1963, 1964
Origin site: B1
Climate site: A1
Sex: F
Output directory: output/results/B1
Library paths:
[1] "/gscratch/biology/jmsmith/R"                          
[2] "/mmfs1/home/smithju/R/x86_64-pc-linux-gnu-library/4.4"
[3] "/usr/local/lib/R/site-library"                        
[4] "/usr/local/lib/R/library"                             
Package tidyverse loaded successfully
Package TrenchR loaded successfully
Package rTPC loaded successfully
Package lubridate loaded successfully

Processing: Species=MB, Year=1945, Origin=B1, Climate=A1, Sex=F
Looking for climate data at: /mmfs1/gscratch/biology/jmsmith/targeted_microclimate/A1/simplified_A1_1945.rds
Directory /mmfs1/gscratch/biology/jmsmith/targeted_microclimate/A1 exists. Contents:
simplified_A1_1945.rds
simplified_A1_1946.rds
simplified_A1_1947.rds
simplified_A1_1948.rds
simplified_A1_1949.rds
simplified_A1_1950.rds
simplified_A1_1951.rds
simplified_A1_1952.rds
simplified_A1_1953.rds
simplified_A1_1954.rds
simplified_A1_1955.rds
simplified_A1_1956.rds
simplified_A1_1957.rds
simplified_A1_1958.rds
simplified_A1_1959.rds
simplified_A1_1960.rds
simplified_A1_1961.rds
simplified_A1_1962.rds
simplified_A1_1963.rds
simplified_A1_1964.rds
simplified_A1_2005.rds
simplified_A1_2006.rds
simplified_A1_2007.rds
simplified_A1_2008.rds
simplified_A1_2009.rds
simplified_A1_2010.rds
simplified_A1_2011.rds
simplified_A1_2012.rds
simplified_A1_2013.rds
simplified_A1_2014.rds
simplified_A1_2015.rds
simplified_A1_2016.rds
simplified_A1_2017.rds
simplified_A1_2018.rds
simplified_A1_2019.rds
simplified_A1_2020.rds
simplified_A1_2021.rds
simplified_A1_2022.rds
simplified_A1_2023.rds
simplified_A1_2024.rds
Processing batch 1/12 (rows 1-1000)
  Calculated 1000 temperatures. Range: -6.06 to 42.86
Processing batch 2/12 (rows 1001-2000)
  Calculated 1000 temperatures. Range: 5.29 to 50.70
Processing batch 3/12 (rows 2001-3000)
  Calculated 1000 temperatures. Range: -4.59 to 41.47
Processing batch 4/12 (rows 3001-4000)
  Calculated 1000 temperatures. Range: 5.96 to 41.84
Processing batch 5/12 (rows 4001-5000)
  Calculated 1000 temperatures. Range: -4.63 to 40.61
Processing batch 6/12 (rows 5001-6000)
  Calculated 1000 temperatures. Range: 4.50 to 39.09
Processing batch 7/12 (rows 6001-7000)
  Calculated 1000 temperatures. Range: -3.48 to 38.10
Processing batch 8/12 (rows 7001-8000)
  Calculated 1000 temperatures. Range: -4.57 to 19.53
Processing batch 9/12 (rows 8001-9000)
  Calculated 1000 temperatures. Range: 2.87 to 20.28
Processing batch 10/12 (rows 9001-10000)
  Calculated 1000 temperatures. Range: -3.78 to 22.19
Processing batch 11/12 (rows 10001-11000)
  Calculated 1000 temperatures. Range: 7.09 to 23.64
Processing batch 12/12 (rows 11001-11035)
  Calculated 35 temperatures. Range: 9.34 to 21.87
Total observations: 11035, Unique timestamps: 2207
MR parameters: mass=0.28, elev=2591.0, b0=17.10, b1=0.98, b2=-0.48, b3=0.000124
Sample tb=282.47 K, log(mass)=-1.2730, 1/(kT)=41.069191, exponent=-3.5394, rmr=0.029030
Sample tb=287.34 K, log(mass)=-1.2730, 1/(kT)=40.373462, exponent=-3.2055, rmr=0.040539
Sample tb=280.93 K, log(mass)=-1.2730, 1/(kT)=41.295328, exponent=-3.6480, rmr=0.026044
Sample tb=280.71 K, log(mass)=-1.2730, 1/(kT)=41.327695, exponent=-3.6635, rmr=0.025642
Sample tb=313.81 K, log(mass)=-1.2730, 1/(kT)=36.967869, exponent=-1.5708, rmr=0.207879
MR results: 0 NA, 0 infinite, 0 negative, 0 zero
Energy calculations: 5693 non-zero gains, 11035 non-zero losses out of 11035 observations
Saved results to output/results/B1/1945/F/eb_results_MB_1945_B1_A1.rds

Processing: Species=MB, Year=1946, Origin=B1, Climate=A1, Sex=F
Looking for climate data at: /mmfs1/gscratch/biology/jmsmith/targeted_microclimate/A1/simplified_A1_1946.rds
Directory /mmfs1/gscratch/biology/jmsmith/targeted_microclimate/A1 exists. Contents:
simplified_A1_1945.rds
simplified_A1_1946.rds
simplified_A1_1947.rds
simplified_A1_1948.rds
simplified_A1_1949.rds
simplified_A1_1950.rds
simplified_A1_1951.rds
simplified_A1_1952.rds
simplified_A1_1953.rds
simplified_A1_1954.rds
simplified_A1_1955.rds
simplified_A1_1956.rds
simplified_A1_1957.rds
simplified_A1_1958.rds
simplified_A1_1959.rds
simplified_A1_1960.rds
simplified_A1_1961.rds
simplified_A1_1962.rds
simplified_A1_1963.rds
simplified_A1_1964.rds
simplified_A1_2005.rds
simplified_A1_2006.rds
simplified_A1_2007.rds
simplified_A1_2008.rds
simplified_A1_2009.rds
simplified_A1_2010.rds
simplified_A1_2011.rds
simplified_A1_2012.rds
simplified_A1_2013.rds
simplified_A1_2014.rds
simplified_A1_2015.rds
simplified_A1_2016.rds
simplified_A1_2017.rds
simplified_A1_2018.rds
simplified_A1_2019.rds
simplified_A1_2020.rds
simplified_A1_2021.rds
simplified_A1_2022.rds
simplified_A1_2023.rds
simplified_A1_2024.rds
Processing batch 1/12 (rows 1-1000)
  Calculated 1000 temperatures. Range: -0.90 to 47.58
Processing batch 2/12 (rows 1001-2000)
  Calculated 1000 temperatures. Range: 5.86 to 51.48
Processing batch 3/12 (rows 2001-3000)
  Calculated 1000 temperatures. Range: 0.83 to 39.88
Processing batch 4/12 (rows 3001-4000)
  Calculated 1000 temperatures. Range: 6.84 to 44.05
Processing batch 5/12 (rows 4001-5000)
  Calculated 1000 temperatures. Range: 0.70 to 36.84
Processing batch 6/12 (rows 5001-6000)
  Calculated 1000 temperatures. Range: 3.98 to 41.03
Processing batch 7/12 (rows 6001-7000)
  Calculated 1000 temperatures. Range: 1.86 to 38.58
Processing batch 8/12 (rows 7001-8000)
  Calculated 1000 temperatures. Range: 0.57 to 20.95
Processing batch 9/12 (rows 8001-9000)
  Calculated 1000 temperatures. Range: 2.87 to 22.86
Processing batch 10/12 (rows 9001-10000)
  Calculated 1000 temperatures. Range: 1.61 to 25.43
Processing batch 11/12 (rows 10001-11000)
  Calculated 1000 temperatures. Range: 6.56 to 24.30
Processing batch 12/12 (rows 11001-11035)
  Calculated 35 temperatures. Range: 6.60 to 17.88
Total observations: 11035, Unique timestamps: 2207
MR parameters: mass=0.28, elev=2591.0, b0=17.10, b1=0.98, b2=-0.48, b3=0.000124
Sample tb=287.03 K, log(mass)=-1.2730, 1/(kT)=40.417363, exponent=-3.2266, rmr=0.039694
Sample tb=306.69 K, log(mass)=-1.2730, 1/(kT)=37.826806, exponent=-1.9831, rmr=0.137643
Sample tb=286.30 K, log(mass)=-1.2730, 1/(kT)=40.519541, exponent=-3.2756, rmr=0.037794
Sample tb=298.71 K, log(mass)=-1.2730, 1/(kT)=38.837278, exponent=-2.4681, rmr=0.084744
Sample tb=284.97 K, log(mass)=-1.2730, 1/(kT)=40.709458, exponent=-3.3668, rmr=0.034501
MR results: 0 NA, 0 infinite, 0 negative, 0 zero
Energy calculations: 6208 non-zero gains, 11035 non-zero losses out of 11035 observations
Saved results to output/results/B1/1946/F/eb_results_MB_1946_B1_A1.rds

Processing: Species=MB, Year=1947, Origin=B1, Climate=A1, Sex=F
Looking for climate data at: /mmfs1/gscratch/biology/jmsmith/targeted_microclimate/A1/simplified_A1_1947.rds
Directory /mmfs1/gscratch/biology/jmsmith/targeted_microclimate/A1 exists. Contents:
simplified_A1_1945.rds
simplified_A1_1946.rds
simplified_A1_1947.rds
simplified_A1_1948.rds
simplified_A1_1949.rds
simplified_A1_1950.rds
simplified_A1_1951.rds
simplified_A1_1952.rds
simplified_A1_1953.rds
simplified_A1_1954.rds
simplified_A1_1955.rds
simplified_A1_1956.rds
simplified_A1_1957.rds
simplified_A1_1958.rds
simplified_A1_1959.rds
simplified_A1_1960.rds
simplified_A1_1961.rds
simplified_A1_1962.rds
simplified_A1_1963.rds
simplified_A1_1964.rds
simplified_A1_2005.rds
simplified_A1_2006.rds
simplified_A1_2007.rds
simplified_A1_2008.rds
simplified_A1_2009.rds
simplified_A1_2010.rds
simplified_A1_2011.rds
simplified_A1_2012.rds
simplified_A1_2013.rds
simplified_A1_2014.rds
simplified_A1_2015.rds
simplified_A1_2016.rds
simplified_A1_2017.rds
simplified_A1_2018.rds
simplified_A1_2019.rds
simplified_A1_2020.rds
simplified_A1_2021.rds
simplified_A1_2022.rds
simplified_A1_2023.rds
simplified_A1_2024.rds
Processing batch 1/12 (rows 1-1000)
  Calculated 1000 temperatures. Range: -5.39 to 46.29
Processing batch 2/12 (rows 1001-2000)
  Calculated 1000 temperatures. Range: 5.48 to 48.73
Processing batch 3/12 (rows 2001-3000)
  Calculated 1000 temperatures. Range: -3.85 to 41.55
Processing batch 4/12 (rows 3001-4000)
  Calculated 1000 temperatures. Range: 6.94 to 41.60
Processing batch 5/12 (rows 4001-5000)
  Calculated 1000 temperatures. Range: -4.11 to 36.04
Processing batch 6/12 (rows 5001-6000)
  Calculated 1000 temperatures. Range: 4.38 to 38.15
Processing batch 7/12 (rows 6001-7000)
  Calculated 1000 temperatures. Range: -4.41 to 36.67
Processing batch 8/12 (rows 7001-8000)
  Calculated 1000 temperatures. Range: 2.38 to 19.32
Processing batch 9/12 (rows 8001-9000)
  Calculated 1000 temperatures. Range: 3.32 to 21.09
Processing batch 10/12 (rows 9001-10000)
  Calculated 1000 temperatures. Range: -3.41 to 23.38
Processing batch 11/12 (rows 10001-11000)
  Calculated 1000 temperatures. Range: 7.09 to 24.32
Processing batch 12/12 (rows 11001-11035)
  Calculated 35 temperatures. Range: 9.26 to 20.24
Total observations: 11035, Unique timestamps: 2207
MR parameters: mass=0.28, elev=2591.0, b0=17.10, b1=0.98, b2=-0.48, b3=0.000124
Sample tb=277.48 K, log(mass)=-1.2730, 1/(kT)=41.807775, exponent=-3.8940, rmr=0.020365
Sample tb=300.94 K, log(mass)=-1.2730, 1/(kT)=38.549270, exponent=-2.3299, rmr=0.097308
Sample tb=284.06 K, log(mass)=-1.2730, 1/(kT)=40.839759, exponent=-3.4293, rmr=0.032409
Sample tb=278.17 K, log(mass)=-1.2730, 1/(kT)=41.704956, exponent=-3.8446, rmr=0.021395
Sample tb=284.32 K, log(mass)=-1.2730, 1/(kT)=40.801651, exponent=-3.4110, rmr=0.033008
MR results: 0 NA, 0 infinite, 0 negative, 0 zero
Energy calculations: 5910 non-zero gains, 11035 non-zero losses out of 11035 observations
Saved results to output/results/B1/1947/F/eb_results_MB_1947_B1_A1.rds

Processing: Species=MB, Year=1948, Origin=B1, Climate=A1, Sex=F
Looking for climate data at: /mmfs1/gscratch/biology/jmsmith/targeted_microclimate/A1/simplified_A1_1948.rds
Directory /mmfs1/gscratch/biology/jmsmith/targeted_microclimate/A1 exists. Contents:
simplified_A1_1945.rds
simplified_A1_1946.rds
simplified_A1_1947.rds
simplified_A1_1948.rds
simplified_A1_1949.rds
simplified_A1_1950.rds
simplified_A1_1951.rds
simplified_A1_1952.rds
simplified_A1_1953.rds
simplified_A1_1954.rds
simplified_A1_1955.rds
simplified_A1_1956.rds
simplified_A1_1957.rds
simplified_A1_1958.rds
simplified_A1_1959.rds
simplified_A1_1960.rds
simplified_A1_1961.rds
simplified_A1_1962.rds
simplified_A1_1963.rds
simplified_A1_1964.rds
simplified_A1_2005.rds
simplified_A1_2006.rds
simplified_A1_2007.rds
simplified_A1_2008.rds
simplified_A1_2009.rds
simplified_A1_2010.rds
simplified_A1_2011.rds
simplified_A1_2012.rds
simplified_A1_2013.rds
simplified_A1_2014.rds
simplified_A1_2015.rds
simplified_A1_2016.rds
simplified_A1_2017.rds
simplified_A1_2018.rds
simplified_A1_2019.rds
simplified_A1_2020.rds
simplified_A1_2021.rds
simplified_A1_2022.rds
simplified_A1_2023.rds
simplified_A1_2024.rds
Processing batch 1/12 (rows 1-1000)
  Calculated 1000 temperatures. Range: 2.92 to 51.13
Processing batch 2/12 (rows 1001-2000)
  Calculated 1000 temperatures. Range: 3.47 to 49.96
Processing batch 3/12 (rows 2001-3000)
  Calculated 1000 temperatures. Range: 4.01 to 49.67
Processing batch 4/12 (rows 3001-4000)
  Calculated 1000 temperatures. Range: 6.08 to 43.70
Processing batch 5/12 (rows 4001-5000)
  Calculated 1000 temperatures. Range: 4.64 to 43.06
Processing batch 6/12 (rows 5001-6000)
  Calculated 1000 temperatures. Range: 4.57 to 40.46
Processing batch 7/12 (rows 6001-7000)
  Calculated 1000 temperatures. Range: 4.52 to 39.17
Processing batch 8/12 (rows 7001-8000)
  Calculated 1000 temperatures. Range: 3.94 to 19.45
Processing batch 9/12 (rows 8001-9000)
  Calculated 1000 temperatures. Range: 4.73 to 21.81
Processing batch 10/12 (rows 9001-10000)
  Calculated 1000 temperatures. Range: 5.41 to 23.68
Processing batch 11/12 (rows 10001-11000)
  Calculated 1000 temperatures. Range: 6.85 to 24.68
Processing batch 12/12 (rows 11001-11035)
  Calculated 35 temperatures. Range: 8.54 to 24.69
Total observations: 11035, Unique timestamps: 2207
MR parameters: mass=0.28, elev=2591.0, b0=17.10, b1=0.98, b2=-0.48, b3=0.000124
Sample tb=301.28 K, log(mass)=-1.2730, 1/(kT)=38.505030, exponent=-2.3086, rmr=0.099397
Sample tb=296.59 K, log(mass)=-1.2730, 1/(kT)=39.114269, exponent=-2.6011, rmr=0.074194
Sample tb=289.65 K, log(mass)=-1.2730, 1/(kT)=40.051703, exponent=-3.0510, rmr=0.047310
Sample tb=279.91 K, log(mass)=-1.2730, 1/(kT)=41.445102, exponent=-3.7199, rmr=0.024237
Sample tb=284.92 K, log(mass)=-1.2730, 1/(kT)=40.716796, exponent=-3.3703, rmr=0.034380
MR results: 0 NA, 0 infinite, 0 negative, 0 zero
Energy calculations: 6026 non-zero gains, 11035 non-zero losses out of 11035 observations
Saved results to output/results/B1/1948/F/eb_results_MB_1948_B1_A1.rds

Processing: Species=MB, Year=1949, Origin=B1, Climate=A1, Sex=F
Looking for climate data at: /mmfs1/gscratch/biology/jmsmith/targeted_microclimate/A1/simplified_A1_1949.rds
Directory /mmfs1/gscratch/biology/jmsmith/targeted_microclimate/A1 exists. Contents:
simplified_A1_1945.rds
simplified_A1_1946.rds
simplified_A1_1947.rds
simplified_A1_1948.rds
simplified_A1_1949.rds
simplified_A1_1950.rds
simplified_A1_1951.rds
simplified_A1_1952.rds
simplified_A1_1953.rds
simplified_A1_1954.rds
simplified_A1_1955.rds
simplified_A1_1956.rds
simplified_A1_1957.rds
simplified_A1_1958.rds
simplified_A1_1959.rds
simplified_A1_1960.rds
simplified_A1_1961.rds
simplified_A1_1962.rds
simplified_A1_1963.rds
simplified_A1_1964.rds
simplified_A1_2005.rds
simplified_A1_2006.rds
simplified_A1_2007.rds
simplified_A1_2008.rds
simplified_A1_2009.rds
simplified_A1_2010.rds
simplified_A1_2011.rds
simplified_A1_2012.rds
simplified_A1_2013.rds
simplified_A1_2014.rds
simplified_A1_2015.rds
simplified_A1_2016.rds
simplified_A1_2017.rds
simplified_A1_2018.rds
simplified_A1_2019.rds
simplified_A1_2020.rds
simplified_A1_2021.rds
simplified_A1_2022.rds
simplified_A1_2023.rds
simplified_A1_2024.rds
Processing batch 1/12 (rows 1-1000)
  Calculated 1000 temperatures. Range: -0.09 to 56.82
Processing batch 2/12 (rows 1001-2000)
  Calculated 1000 temperatures. Range: 3.78 to 56.01
Processing batch 3/12 (rows 2001-3000)
  Calculated 1000 temperatures. Range: 1.93 to 44.49
Processing batch 4/12 (rows 3001-4000)
  Calculated 1000 temperatures. Range: 7.53 to 40.21
Processing batch 5/12 (rows 4001-5000)
  Calculated 1000 temperatures. Range: 1.39 to 45.74
Processing batch 6/12 (rows 5001-6000)
  Calculated 1000 temperatures. Range: 5.54 to 35.99
Processing batch 7/12 (rows 6001-7000)
  Calculated 1000 temperatures. Range: 1.14 to 37.30
Processing batch 8/12 (rows 7001-8000)
  Calculated 1000 temperatures. Range: 4.79 to 20.28
Processing batch 9/12 (rows 8001-9000)
  Calculated 1000 temperatures. Range: 2.65 to 19.91
Processing batch 10/12 (rows 9001-10000)
  Calculated 1000 temperatures. Range: 6.47 to 24.64
Processing batch 11/12 (rows 10001-11000)
  Calculated 1000 temperatures. Range: 6.76 to 25.11
Processing batch 12/12 (rows 11001-11035)
  Calculated 35 temperatures. Range: 7.54 to 17.82
Total observations: 11035, Unique timestamps: 2207
MR parameters: mass=0.28, elev=2591.0, b0=17.10, b1=0.98, b2=-0.48, b3=0.000124
Sample tb=280.72 K, log(mass)=-1.2730, 1/(kT)=41.324993, exponent=-3.6622, rmr=0.025675
Sample tb=286.34 K, log(mass)=-1.2730, 1/(kT)=40.514624, exponent=-3.2732, rmr=0.037883
Sample tb=284.16 K, log(mass)=-1.2730, 1/(kT)=40.824832, exponent=-3.4221, rmr=0.032642
Sample tb=284.50 K, log(mass)=-1.2730, 1/(kT)=40.776400, exponent=-3.3989, rmr=0.033410
Sample tb=288.71 K, log(mass)=-1.2730, 1/(kT)=40.182620, exponent=-3.1139, rmr=0.044428
MR results: 0 NA, 0 infinite, 0 negative, 0 zero
Energy calculations: 6005 non-zero gains, 11035 non-zero losses out of 11035 observations
Saved results to output/results/B1/1949/F/eb_results_MB_1949_B1_A1.rds

Processing: Species=MB, Year=1950, Origin=B1, Climate=A1, Sex=F
Looking for climate data at: /mmfs1/gscratch/biology/jmsmith/targeted_microclimate/A1/simplified_A1_1950.rds
Directory /mmfs1/gscratch/biology/jmsmith/targeted_microclimate/A1 exists. Contents:
simplified_A1_1945.rds
simplified_A1_1946.rds
simplified_A1_1947.rds
simplified_A1_1948.rds
simplified_A1_1949.rds
simplified_A1_1950.rds
simplified_A1_1951.rds
simplified_A1_1952.rds
simplified_A1_1953.rds
simplified_A1_1954.rds
simplified_A1_1955.rds
simplified_A1_1956.rds
simplified_A1_1957.rds
simplified_A1_1958.rds
simplified_A1_1959.rds
simplified_A1_1960.rds
simplified_A1_1961.rds
simplified_A1_1962.rds
simplified_A1_1963.rds
simplified_A1_1964.rds
simplified_A1_2005.rds
simplified_A1_2006.rds
simplified_A1_2007.rds
simplified_A1_2008.rds
simplified_A1_2009.rds
simplified_A1_2010.rds
simplified_A1_2011.rds
simplified_A1_2012.rds
simplified_A1_2013.rds
simplified_A1_2014.rds
simplified_A1_2015.rds
simplified_A1_2016.rds
simplified_A1_2017.rds
simplified_A1_2018.rds
simplified_A1_2019.rds
simplified_A1_2020.rds
simplified_A1_2021.rds
simplified_A1_2022.rds
simplified_A1_2023.rds
simplified_A1_2024.rds
Processing batch 1/12 (rows 1-1000)
  Calculated 1000 temperatures. Range: -4.64 to 60.00
Processing batch 2/12 (rows 1001-2000)
  Calculated 1000 temperatures. Range: 3.72 to 50.25
Processing batch 3/12 (rows 2001-3000)
  Calculated 1000 temperatures. Range: -2.94 to 46.94
Processing batch 4/12 (rows 3001-4000)
  Calculated 1000 temperatures. Range: 6.03 to 42.41
Processing batch 5/12 (rows 4001-5000)
  Calculated 1000 temperatures. Range: -2.99 to 45.06
Processing batch 6/12 (rows 5001-6000)
  Calculated 1000 temperatures. Range: 5.29 to 37.81
Processing batch 7/12 (rows 6001-7000)
  Calculated 1000 temperatures. Range: -2.50 to 39.40
Processing batch 8/12 (rows 7001-8000)
  Calculated 1000 temperatures. Range: 4.26 to 19.51
Processing batch 9/12 (rows 8001-9000)
  Calculated 1000 temperatures. Range: -1.82 to 22.65
Processing batch 10/12 (rows 9001-10000)
  Calculated 1000 temperatures. Range: 1.03 to 23.80
Processing batch 11/12 (rows 10001-11000)
  Calculated 1000 temperatures. Range: 4.72 to 22.91
Processing batch 12/12 (rows 11001-11035)
  Calculated 35 temperatures. Range: 6.44 to 22.48
Total observations: 11035, Unique timestamps: 2207
MR parameters: mass=0.28, elev=2591.0, b0=17.10, b1=0.98, b2=-0.48, b3=0.000124
Sample tb=284.97 K, log(mass)=-1.2730, 1/(kT)=40.708648, exponent=-3.3664, rmr=0.034515
Sample tb=291.95 K, log(mass)=-1.2730, 1/(kT)=39.736682, exponent=-2.8998, rmr=0.055033
Sample tb=290.30 K, log(mass)=-1.2730, 1/(kT)=39.961216, exponent=-3.0076, rmr=0.049410
Sample tb=284.22 K, log(mass)=-1.2730, 1/(kT)=40.817027, exponent=-3.4184, rmr=0.032765
Sample tb=291.16 K, log(mass)=-1.2730, 1/(kT)=39.844273, exponent=-2.9515, rmr=0.052263
MR results: 0 NA, 0 infinite, 0 negative, 0 zero
Energy calculations: 5536 non-zero gains, 11035 non-zero losses out of 11035 observations
Saved results to output/results/B1/1950/F/eb_results_MB_1950_B1_A1.rds

Processing: Species=MB, Year=1951, Origin=B1, Climate=A1, Sex=F
Looking for climate data at: /mmfs1/gscratch/biology/jmsmith/targeted_microclimate/A1/simplified_A1_1951.rds
Directory /mmfs1/gscratch/biology/jmsmith/targeted_microclimate/A1 exists. Contents:
simplified_A1_1945.rds
simplified_A1_1946.rds
simplified_A1_1947.rds
simplified_A1_1948.rds
simplified_A1_1949.rds
simplified_A1_1950.rds
simplified_A1_1951.rds
simplified_A1_1952.rds
simplified_A1_1953.rds
simplified_A1_1954.rds
simplified_A1_1955.rds
simplified_A1_1956.rds
simplified_A1_1957.rds
simplified_A1_1958.rds
simplified_A1_1959.rds
simplified_A1_1960.rds
simplified_A1_1961.rds
simplified_A1_1962.rds
simplified_A1_1963.rds
simplified_A1_1964.rds
simplified_A1_2005.rds
simplified_A1_2006.rds
simplified_A1_2007.rds
simplified_A1_2008.rds
simplified_A1_2009.rds
simplified_A1_2010.rds
simplified_A1_2011.rds
simplified_A1_2012.rds
simplified_A1_2013.rds
simplified_A1_2014.rds
simplified_A1_2015.rds
simplified_A1_2016.rds
simplified_A1_2017.rds
simplified_A1_2018.rds
simplified_A1_2019.rds
simplified_A1_2020.rds
simplified_A1_2021.rds
simplified_A1_2022.rds
simplified_A1_2023.rds
simplified_A1_2024.rds
Processing batch 1/12 (rows 1-1000)
  Calculated 1000 temperatures. Range: -4.36 to 60.00
Processing batch 2/12 (rows 1001-2000)
  Calculated 1000 temperatures. Range: 4.82 to 48.99
Processing batch 3/12 (rows 2001-3000)
  Calculated 1000 temperatures. Range: -3.26 to 42.01
Processing batch 4/12 (rows 3001-4000)
  Calculated 1000 temperatures. Range: 6.77 to 50.24
Processing batch 5/12 (rows 4001-5000)
  Calculated 1000 temperatures. Range: -3.47 to 37.14
Processing batch 6/12 (rows 5001-6000)
  Calculated 1000 temperatures. Range: 4.69 to 43.47
Processing batch 7/12 (rows 6001-7000)
  Calculated 1000 temperatures. Range: -3.79 to 34.20
Processing batch 8/12 (rows 7001-8000)
  Calculated 1000 temperatures. Range: 3.72 to 21.48
Processing batch 9/12 (rows 8001-9000)
  Calculated 1000 temperatures. Range: -3.17 to 20.57
Processing batch 10/12 (rows 9001-10000)
  Calculated 1000 temperatures. Range: 2.26 to 25.74
Processing batch 11/12 (rows 10001-11000)
  Calculated 1000 temperatures. Range: 7.10 to 25.65
Processing batch 12/12 (rows 11001-11035)
  Calculated 35 temperatures. Range: 7.53 to 20.10
Total observations: 11035, Unique timestamps: 2207
MR parameters: mass=0.28, elev=2591.0, b0=17.10, b1=0.98, b2=-0.48, b3=0.000124
Sample tb=290.14 K, log(mass)=-1.2730, 1/(kT)=39.983756, exponent=-3.0184, rmr=0.048878
Sample tb=283.43 K, log(mass)=-1.2730, 1/(kT)=40.930580, exponent=-3.4729, rmr=0.031027
Sample tb=289.72 K, log(mass)=-1.2730, 1/(kT)=40.041847, exponent=-3.0463, rmr=0.047534
Sample tb=281.34 K, log(mass)=-1.2730, 1/(kT)=41.235018, exponent=-3.6190, rmr=0.026809
Sample tb=307.81 K, log(mass)=-1.2730, 1/(kT)=37.688916, exponent=-1.9169, rmr=0.147062
MR results: 0 NA, 0 infinite, 0 negative, 0 zero
Energy calculations: 5898 non-zero gains, 11035 non-zero losses out of 11035 observations
Saved results to output/results/B1/1951/F/eb_results_MB_1951_B1_A1.rds

Processing: Species=MB, Year=1952, Origin=B1, Climate=A1, Sex=F
Looking for climate data at: /mmfs1/gscratch/biology/jmsmith/targeted_microclimate/A1/simplified_A1_1952.rds
Directory /mmfs1/gscratch/biology/jmsmith/targeted_microclimate/A1 exists. Contents:
simplified_A1_1945.rds
simplified_A1_1946.rds
simplified_A1_1947.rds
simplified_A1_1948.rds
simplified_A1_1949.rds
simplified_A1_1950.rds
simplified_A1_1951.rds
simplified_A1_1952.rds
simplified_A1_1953.rds
simplified_A1_1954.rds
simplified_A1_1955.rds
simplified_A1_1956.rds
simplified_A1_1957.rds
simplified_A1_1958.rds
simplified_A1_1959.rds
simplified_A1_1960.rds
simplified_A1_1961.rds
simplified_A1_1962.rds
simplified_A1_1963.rds
simplified_A1_1964.rds
simplified_A1_2005.rds
simplified_A1_2006.rds
simplified_A1_2007.rds
simplified_A1_2008.rds
simplified_A1_2009.rds
simplified_A1_2010.rds
simplified_A1_2011.rds
simplified_A1_2012.rds
simplified_A1_2013.rds
simplified_A1_2014.rds
simplified_A1_2015.rds
simplified_A1_2016.rds
simplified_A1_2017.rds
simplified_A1_2018.rds
simplified_A1_2019.rds
simplified_A1_2020.rds
simplified_A1_2021.rds
simplified_A1_2022.rds
simplified_A1_2023.rds
simplified_A1_2024.rds
Processing batch 1/12 (rows 1-1000)
  Calculated 1000 temperatures. Range: 3.10 to 60.00
Processing batch 2/12 (rows 1001-2000)
  Calculated 1000 temperatures. Range: 6.15 to 60.00
Processing batch 3/12 (rows 2001-3000)
  Calculated 1000 temperatures. Range: 1.75 to 53.53
Processing batch 4/12 (rows 3001-4000)
  Calculated 1000 temperatures. Range: 5.26 to 49.54
Processing batch 5/12 (rows 4001-5000)
  Calculated 1000 temperatures. Range: 4.39 to 52.42
Processing batch 6/12 (rows 5001-6000)
  Calculated 1000 temperatures. Range: 4.83 to 39.81
Processing batch 7/12 (rows 6001-7000)
  Calculated 1000 temperatures. Range: 2.25 to 38.95
Processing batch 8/12 (rows 7001-8000)
  Calculated 1000 temperatures. Range: 3.58 to 20.06
Processing batch 9/12 (rows 8001-9000)
  Calculated 1000 temperatures. Range: 3.27 to 23.91
Processing batch 10/12 (rows 9001-10000)
  Calculated 1000 temperatures. Range: 5.01 to 25.24
Processing batch 11/12 (rows 10001-11000)
  Calculated 1000 temperatures. Range: 8.01 to 25.06
Processing batch 12/12 (rows 11001-11035)
  Calculated 35 temperatures. Range: 5.20 to 21.57
Total observations: 11035, Unique timestamps: 2207
MR parameters: mass=0.28, elev=2591.0, b0=17.10, b1=0.98, b2=-0.48, b3=0.000124
Sample tb=303.17 K, log(mass)=-1.2730, 1/(kT)=38.265188, exponent=-2.1935, rmr=0.111524
Sample tb=281.50 K, log(mass)=-1.2730, 1/(kT)=41.211579, exponent=-3.6078, rmr=0.027112
Sample tb=295.60 K, log(mass)=-1.2730, 1/(kT)=39.245265, exponent=-2.6639, rmr=0.069672
Sample tb=285.67 K, log(mass)=-1.2730, 1/(kT)=40.609693, exponent=-3.3189, rmr=0.036194
Sample tb=283.51 K, log(mass)=-1.2730, 1/(kT)=40.918304, exponent=-3.4670, rmr=0.031210
MR results: 0 NA, 0 infinite, 0 negative, 0 zero
Energy calculations: 6539 non-zero gains, 11035 non-zero losses out of 11035 observations
Saved results to output/results/B1/1952/F/eb_results_MB_1952_B1_A1.rds

Processing: Species=MB, Year=1953, Origin=B1, Climate=A1, Sex=F
Looking for climate data at: /mmfs1/gscratch/biology/jmsmith/targeted_microclimate/A1/simplified_A1_1953.rds
Directory /mmfs1/gscratch/biology/jmsmith/targeted_microclimate/A1 exists. Contents:
simplified_A1_1945.rds
simplified_A1_1946.rds
simplified_A1_1947.rds
simplified_A1_1948.rds
simplified_A1_1949.rds
simplified_A1_1950.rds
simplified_A1_1951.rds
simplified_A1_1952.rds
simplified_A1_1953.rds
simplified_A1_1954.rds
simplified_A1_1955.rds
simplified_A1_1956.rds
simplified_A1_1957.rds
simplified_A1_1958.rds
simplified_A1_1959.rds
simplified_A1_1960.rds
simplified_A1_1961.rds
simplified_A1_1962.rds
simplified_A1_1963.rds
simplified_A1_1964.rds
simplified_A1_2005.rds
simplified_A1_2006.rds
simplified_A1_2007.rds
simplified_A1_2008.rds
simplified_A1_2009.rds
simplified_A1_2010.rds
simplified_A1_2011.rds
simplified_A1_2012.rds
simplified_A1_2013.rds
simplified_A1_2014.rds
simplified_A1_2015.rds
simplified_A1_2016.rds
simplified_A1_2017.rds
simplified_A1_2018.rds
simplified_A1_2019.rds
simplified_A1_2020.rds
simplified_A1_2021.rds
simplified_A1_2022.rds
simplified_A1_2023.rds
simplified_A1_2024.rds
Processing batch 1/12 (rows 1-1000)
  Calculated 1000 temperatures. Range: 0.78 to 50.22
Processing batch 2/12 (rows 1001-2000)
  Calculated 1000 temperatures. Range: 4.02 to 46.98
Processing batch 3/12 (rows 2001-3000)
  Calculated 1000 temperatures. Range: 3.16 to 43.53
Processing batch 4/12 (rows 3001-4000)
  Calculated 1000 temperatures. Range: 7.45 to 40.45
Processing batch 5/12 (rows 4001-5000)
  Calculated 1000 temperatures. Range: 2.61 to 37.56
Processing batch 6/12 (rows 5001-6000)
  Calculated 1000 temperatures. Range: 5.74 to 39.37
Processing batch 7/12 (rows 6001-7000)
  Calculated 1000 temperatures. Range: 2.32 to 35.33
Processing batch 8/12 (rows 7001-8000)
  Calculated 1000 temperatures. Range: 4.61 to 20.60
Processing batch 9/12 (rows 8001-9000)
  Calculated 1000 temperatures. Range: 3.97 to 19.99
Processing batch 10/12 (rows 9001-10000)
  Calculated 1000 temperatures. Range: 5.53 to 25.16
Processing batch 11/12 (rows 10001-11000)
  Calculated 1000 temperatures. Range: 6.41 to 24.76
Processing batch 12/12 (rows 11001-11035)
  Calculated 35 temperatures. Range: 8.64 to 21.58
Total observations: 11035, Unique timestamps: 2207
MR parameters: mass=0.28, elev=2591.0, b0=17.10, b1=0.98, b2=-0.48, b3=0.000124
Sample tb=297.67 K, log(mass)=-1.2730, 1/(kT)=38.972631, exponent=-2.5331, rmr=0.079414
Sample tb=307.77 K, log(mass)=-1.2730, 1/(kT)=37.693392, exponent=-1.9191, rmr=0.146746
Sample tb=297.65 K, log(mass)=-1.2730, 1/(kT)=38.975203, exponent=-2.5343, rmr=0.079316
Sample tb=284.37 K, log(mass)=-1.2730, 1/(kT)=40.795651, exponent=-3.4081, rmr=0.033103
Sample tb=302.83 K, log(mass)=-1.2730, 1/(kT)=38.308227, exponent=-2.2142, rmr=0.109244
MR results: 0 NA, 0 infinite, 0 negative, 0 zero
Energy calculations: 6601 non-zero gains, 11035 non-zero losses out of 11035 observations
Saved results to output/results/B1/1953/F/eb_results_MB_1953_B1_A1.rds

Processing: Species=MB, Year=1954, Origin=B1, Climate=A1, Sex=F
Looking for climate data at: /mmfs1/gscratch/biology/jmsmith/targeted_microclimate/A1/simplified_A1_1954.rds
Directory /mmfs1/gscratch/biology/jmsmith/targeted_microclimate/A1 exists. Contents:
simplified_A1_1945.rds
simplified_A1_1946.rds
simplified_A1_1947.rds
simplified_A1_1948.rds
simplified_A1_1949.rds
simplified_A1_1950.rds
simplified_A1_1951.rds
simplified_A1_1952.rds
simplified_A1_1953.rds
simplified_A1_1954.rds
simplified_A1_1955.rds
simplified_A1_1956.rds
simplified_A1_1957.rds
simplified_A1_1958.rds
simplified_A1_1959.rds
simplified_A1_1960.rds
simplified_A1_1961.rds
simplified_A1_1962.rds
simplified_A1_1963.rds
simplified_A1_1964.rds
simplified_A1_2005.rds
simplified_A1_2006.rds
simplified_A1_2007.rds
simplified_A1_2008.rds
simplified_A1_2009.rds
simplified_A1_2010.rds
simplified_A1_2011.rds
simplified_A1_2012.rds
simplified_A1_2013.rds
simplified_A1_2014.rds
simplified_A1_2015.rds
simplified_A1_2016.rds
simplified_A1_2017.rds
simplified_A1_2018.rds
simplified_A1_2019.rds
simplified_A1_2020.rds
simplified_A1_2021.rds
simplified_A1_2022.rds
simplified_A1_2023.rds
simplified_A1_2024.rds
Processing batch 1/12 (rows 1-1000)
  Calculated 1000 temperatures. Range: -2.57 to 60.00
Processing batch 2/12 (rows 1001-2000)
  Calculated 1000 temperatures. Range: 4.53 to 60.00
Processing batch 3/12 (rows 2001-3000)
  Calculated 1000 temperatures. Range: -0.19 to 57.88
Processing batch 4/12 (rows 3001-4000)
  Calculated 1000 temperatures. Range: 7.35 to 53.32
Processing batch 5/12 (rows 4001-5000)
  Calculated 1000 temperatures. Range: -0.51 to 51.68
Processing batch 6/12 (rows 5001-6000)
  Calculated 1000 temperatures. Range: 6.23 to 47.66
Processing batch 7/12 (rows 6001-7000)
  Calculated 1000 temperatures. Range: -0.12 to 36.51
Processing batch 8/12 (rows 7001-8000)
  Calculated 1000 temperatures. Range: 5.42 to 22.31
Processing batch 9/12 (rows 8001-9000)
  Calculated 1000 temperatures. Range: 1.15 to 23.09
Processing batch 10/12 (rows 9001-10000)
  Calculated 1000 temperatures. Range: 2.51 to 28.56
Processing batch 11/12 (rows 10001-11000)
  Calculated 1000 temperatures. Range: 6.36 to 26.02
Processing batch 12/12 (rows 11001-11035)
  Calculated 35 temperatures. Range: 8.61 to 23.81
Total observations: 11035, Unique timestamps: 2207
MR parameters: mass=0.28, elev=2591.0, b0=17.10, b1=0.98, b2=-0.48, b3=0.000124
Sample tb=280.68 K, log(mass)=-1.2730, 1/(kT)=41.330881, exponent=-3.6650, rmr=0.025603
Sample tb=290.41 K, log(mass)=-1.2730, 1/(kT)=39.946845, exponent=-3.0007, rmr=0.049752
Sample tb=278.79 K, log(mass)=-1.2730, 1/(kT)=41.611679, exponent=-3.7998, rmr=0.022375
Sample tb=298.39 K, log(mass)=-1.2730, 1/(kT)=38.878597, exponent=-2.4879, rmr=0.083080
Sample tb=281.56 K, log(mass)=-1.2730, 1/(kT)=41.201834, exponent=-3.6031, rmr=0.027239
MR results: 0 NA, 0 infinite, 0 negative, 0 zero
Energy calculations: 6849 non-zero gains, 11035 non-zero losses out of 11035 observations
Saved results to output/results/B1/1954/F/eb_results_MB_1954_B1_A1.rds

Processing: Species=MB, Year=1955, Origin=B1, Climate=A1, Sex=F
Looking for climate data at: /mmfs1/gscratch/biology/jmsmith/targeted_microclimate/A1/simplified_A1_1955.rds
Directory /mmfs1/gscratch/biology/jmsmith/targeted_microclimate/A1 exists. Contents:
simplified_A1_1945.rds
simplified_A1_1946.rds
simplified_A1_1947.rds
simplified_A1_1948.rds
simplified_A1_1949.rds
simplified_A1_1950.rds
simplified_A1_1951.rds
simplified_A1_1952.rds
simplified_A1_1953.rds
simplified_A1_1954.rds
simplified_A1_1955.rds
simplified_A1_1956.rds
simplified_A1_1957.rds
simplified_A1_1958.rds
simplified_A1_1959.rds
simplified_A1_1960.rds
simplified_A1_1961.rds
simplified_A1_1962.rds
simplified_A1_1963.rds
simplified_A1_1964.rds
simplified_A1_2005.rds
simplified_A1_2006.rds
simplified_A1_2007.rds
simplified_A1_2008.rds
simplified_A1_2009.rds
simplified_A1_2010.rds
simplified_A1_2011.rds
simplified_A1_2012.rds
simplified_A1_2013.rds
simplified_A1_2014.rds
simplified_A1_2015.rds
simplified_A1_2016.rds
simplified_A1_2017.rds
simplified_A1_2018.rds
simplified_A1_2019.rds
simplified_A1_2020.rds
simplified_A1_2021.rds
simplified_A1_2022.rds
simplified_A1_2023.rds
simplified_A1_2024.rds
Processing batch 1/12 (rows 1-1000)
  Calculated 1000 temperatures. Range: 0.62 to 60.00
Processing batch 2/12 (rows 1001-2000)
  Calculated 1000 temperatures. Range: 4.46 to 53.81
Processing batch 3/12 (rows 2001-3000)
  Calculated 1000 temperatures. Range: 2.31 to 50.99
Processing batch 4/12 (rows 3001-4000)
  Calculated 1000 temperatures. Range: 7.27 to 54.10
Processing batch 5/12 (rows 4001-5000)
  Calculated 1000 temperatures. Range: 1.94 to 43.11
Processing batch 6/12 (rows 5001-6000)
  Calculated 1000 temperatures. Range: 3.93 to 49.57
Processing batch 7/12 (rows 6001-7000)
  Calculated 1000 temperatures. Range: 1.50 to 39.96
Processing batch 8/12 (rows 7001-8000)
  Calculated 1000 temperatures. Range: 3.41 to 20.42
Processing batch 9/12 (rows 8001-9000)
  Calculated 1000 temperatures. Range: 2.75 to 21.84
Processing batch 10/12 (rows 9001-10000)
  Calculated 1000 temperatures. Range: 3.36 to 26.57
Processing batch 11/12 (rows 10001-11000)
  Calculated 1000 temperatures. Range: 6.07 to 24.73
Processing batch 12/12 (rows 11001-11035)
  Calculated 35 temperatures. Range: 6.32 to 22.21
Total observations: 11035, Unique timestamps: 2207
MR parameters: mass=0.28, elev=2591.0, b0=17.10, b1=0.98, b2=-0.48, b3=0.000124
Sample tb=288.47 K, log(mass)=-1.2730, 1/(kT)=40.215533, exponent=-3.1297, rmr=0.043732
Sample tb=280.24 K, log(mass)=-1.2730, 1/(kT)=41.396894, exponent=-3.6967, rmr=0.024804
Sample tb=278.87 K, log(mass)=-1.2730, 1/(kT)=41.599117, exponent=-3.7938, rmr=0.022510
Sample tb=286.55 K, log(mass)=-1.2730, 1/(kT)=40.485130, exponent=-3.2591, rmr=0.038424
Sample tb=282.12 K, log(mass)=-1.2730, 1/(kT)=41.120264, exponent=-3.5639, rmr=0.028327
MR results: 0 NA, 0 infinite, 0 negative, 0 zero
Energy calculations: 6353 non-zero gains, 11035 non-zero losses out of 11035 observations
Saved results to output/results/B1/1955/F/eb_results_MB_1955_B1_A1.rds

Processing: Species=MB, Year=1956, Origin=B1, Climate=A1, Sex=F
Looking for climate data at: /mmfs1/gscratch/biology/jmsmith/targeted_microclimate/A1/simplified_A1_1956.rds
Directory /mmfs1/gscratch/biology/jmsmith/targeted_microclimate/A1 exists. Contents:
simplified_A1_1945.rds
simplified_A1_1946.rds
simplified_A1_1947.rds
simplified_A1_1948.rds
simplified_A1_1949.rds
simplified_A1_1950.rds
simplified_A1_1951.rds
simplified_A1_1952.rds
simplified_A1_1953.rds
simplified_A1_1954.rds
simplified_A1_1955.rds
simplified_A1_1956.rds
simplified_A1_1957.rds
simplified_A1_1958.rds
simplified_A1_1959.rds
simplified_A1_1960.rds
simplified_A1_1961.rds
simplified_A1_1962.rds
simplified_A1_1963.rds
simplified_A1_1964.rds
simplified_A1_2005.rds
simplified_A1_2006.rds
simplified_A1_2007.rds
simplified_A1_2008.rds
simplified_A1_2009.rds
simplified_A1_2010.rds
simplified_A1_2011.rds
simplified_A1_2012.rds
simplified_A1_2013.rds
simplified_A1_2014.rds
simplified_A1_2015.rds
simplified_A1_2016.rds
simplified_A1_2017.rds
simplified_A1_2018.rds
simplified_A1_2019.rds
simplified_A1_2020.rds
simplified_A1_2021.rds
simplified_A1_2022.rds
simplified_A1_2023.rds
simplified_A1_2024.rds
Processing batch 1/12 (rows 1-1000)
  Calculated 1000 temperatures. Range: 2.48 to 60.00
Processing batch 2/12 (rows 1001-2000)
  Calculated 1000 temperatures. Range: 4.55 to 46.46
Processing batch 3/12 (rows 2001-3000)
  Calculated 1000 temperatures. Range: -0.56 to 50.54
Processing batch 4/12 (rows 3001-4000)
  Calculated 1000 temperatures. Range: 7.05 to 40.57
Processing batch 5/12 (rows 4001-5000)
  Calculated 1000 temperatures. Range: 1.36 to 40.38
Processing batch 6/12 (rows 5001-6000)
  Calculated 1000 temperatures. Range: 6.53 to 36.95
Processing batch 7/12 (rows 6001-7000)
  Calculated 1000 temperatures. Range: 1.08 to 35.43
Processing batch 8/12 (rows 7001-8000)
  Calculated 1000 temperatures. Range: 4.12 to 20.22
Processing batch 9/12 (rows 8001-9000)
  Calculated 1000 temperatures. Range: 1.37 to 22.22
Processing batch 10/12 (rows 9001-10000)
  Calculated 1000 temperatures. Range: 6.51 to 26.01
Processing batch 11/12 (rows 10001-11000)
  Calculated 1000 temperatures. Range: 6.69 to 23.79
Processing batch 12/12 (rows 11001-11035)
  Calculated 35 temperatures. Range: 2.45 to 19.57
Total observations: 11035, Unique timestamps: 2207
MR parameters: mass=0.28, elev=2591.0, b0=17.10, b1=0.98, b2=-0.48, b3=0.000124
Sample tb=281.70 K, log(mass)=-1.2730, 1/(kT)=41.181954, exponent=-3.5936, rmr=0.027500
Sample tb=284.90 K, log(mass)=-1.2730, 1/(kT)=40.719521, exponent=-3.3716, rmr=0.034335
Sample tb=294.51 K, log(mass)=-1.2730, 1/(kT)=39.391102, exponent=-2.7340, rmr=0.064962
Sample tb=284.39 K, log(mass)=-1.2730, 1/(kT)=40.792399, exponent=-3.4066, rmr=0.033155
Sample tb=282.35 K, log(mass)=-1.2730, 1/(kT)=41.087136, exponent=-3.5480, rmr=0.028781
MR results: 0 NA, 0 infinite, 0 negative, 0 zero
Energy calculations: 6209 non-zero gains, 11035 non-zero losses out of 11035 observations
Saved results to output/results/B1/1956/F/eb_results_MB_1956_B1_A1.rds

Processing: Species=MB, Year=1957, Origin=B1, Climate=A1, Sex=F
Looking for climate data at: /mmfs1/gscratch/biology/jmsmith/targeted_microclimate/A1/simplified_A1_1957.rds
Directory /mmfs1/gscratch/biology/jmsmith/targeted_microclimate/A1 exists. Contents:
simplified_A1_1945.rds
simplified_A1_1946.rds
simplified_A1_1947.rds
simplified_A1_1948.rds
simplified_A1_1949.rds
simplified_A1_1950.rds
simplified_A1_1951.rds
simplified_A1_1952.rds
simplified_A1_1953.rds
simplified_A1_1954.rds
simplified_A1_1955.rds
simplified_A1_1956.rds
simplified_A1_1957.rds
simplified_A1_1958.rds
simplified_A1_1959.rds
simplified_A1_1960.rds
simplified_A1_1961.rds
simplified_A1_1962.rds
simplified_A1_1963.rds
simplified_A1_1964.rds
simplified_A1_2005.rds
simplified_A1_2006.rds
simplified_A1_2007.rds
simplified_A1_2008.rds
simplified_A1_2009.rds
simplified_A1_2010.rds
simplified_A1_2011.rds
simplified_A1_2012.rds
simplified_A1_2013.rds
simplified_A1_2014.rds
simplified_A1_2015.rds
simplified_A1_2016.rds
simplified_A1_2017.rds
simplified_A1_2018.rds
simplified_A1_2019.rds
simplified_A1_2020.rds
simplified_A1_2021.rds
simplified_A1_2022.rds
simplified_A1_2023.rds
simplified_A1_2024.rds
Processing batch 1/12 (rows 1-1000)
  Calculated 1000 temperatures. Range: 0.83 to 60.00
Processing batch 2/12 (rows 1001-2000)
  Calculated 1000 temperatures. Range: 6.23 to 48.31
Processing batch 3/12 (rows 2001-3000)
  Calculated 1000 temperatures. Range: 2.78 to 46.61
Processing batch 4/12 (rows 3001-4000)
  Calculated 1000 temperatures. Range: 6.68 to 53.78
Processing batch 5/12 (rows 4001-5000)
  Calculated 1000 temperatures. Range: 2.26 to 37.80
Processing batch 6/12 (rows 5001-6000)
  Calculated 1000 temperatures. Range: 5.83 to 51.92
Processing batch 7/12 (rows 6001-7000)
  Calculated 1000 temperatures. Range: 2.44 to 34.60
Processing batch 8/12 (rows 7001-8000)
  Calculated 1000 temperatures. Range: 1.75 to 20.41
Processing batch 9/12 (rows 8001-9000)
  Calculated 1000 temperatures. Range: 4.82 to 21.75
Processing batch 10/12 (rows 9001-10000)
  Calculated 1000 temperatures. Range: 3.20 to 25.68
Processing batch 11/12 (rows 10001-11000)
  Calculated 1000 temperatures. Range: 7.04 to 24.15
Processing batch 12/12 (rows 11001-11035)
  Calculated 35 temperatures. Range: 8.13 to 17.67
Total observations: 11035, Unique timestamps: 2207
MR parameters: mass=0.28, elev=2591.0, b0=17.10, b1=0.98, b2=-0.48, b3=0.000124
Sample tb=285.26 K, log(mass)=-1.2730, 1/(kT)=40.667351, exponent=-3.3466, rmr=0.035206
Sample tb=322.41 K, log(mass)=-1.2730, 1/(kT)=35.981894, exponent=-1.0975, rmr=0.333694
Sample tb=283.00 K, log(mass)=-1.2730, 1/(kT)=40.992869, exponent=-3.5028, rmr=0.030113
Sample tb=285.93 K, log(mass)=-1.2730, 1/(kT)=40.573067, exponent=-3.3013, rmr=0.036835
Sample tb=298.37 K, log(mass)=-1.2730, 1/(kT)=38.881336, exponent=-2.4893, rmr=0.082971
MR results: 0 NA, 0 infinite, 0 negative, 0 zero
Energy calculations: 6391 non-zero gains, 11035 non-zero losses out of 11035 observations
Saved results to output/results/B1/1957/F/eb_results_MB_1957_B1_A1.rds

Processing: Species=MB, Year=1958, Origin=B1, Climate=A1, Sex=F
Looking for climate data at: /mmfs1/gscratch/biology/jmsmith/targeted_microclimate/A1/simplified_A1_1958.rds
Directory /mmfs1/gscratch/biology/jmsmith/targeted_microclimate/A1 exists. Contents:
simplified_A1_1945.rds
simplified_A1_1946.rds
simplified_A1_1947.rds
simplified_A1_1948.rds
simplified_A1_1949.rds
simplified_A1_1950.rds
simplified_A1_1951.rds
simplified_A1_1952.rds
simplified_A1_1953.rds
simplified_A1_1954.rds
simplified_A1_1955.rds
simplified_A1_1956.rds
simplified_A1_1957.rds
simplified_A1_1958.rds
simplified_A1_1959.rds
simplified_A1_1960.rds
simplified_A1_1961.rds
simplified_A1_1962.rds
simplified_A1_1963.rds
simplified_A1_1964.rds
simplified_A1_2005.rds
simplified_A1_2006.rds
simplified_A1_2007.rds
simplified_A1_2008.rds
simplified_A1_2009.rds
simplified_A1_2010.rds
simplified_A1_2011.rds
simplified_A1_2012.rds
simplified_A1_2013.rds
simplified_A1_2014.rds
simplified_A1_2015.rds
simplified_A1_2016.rds
simplified_A1_2017.rds
simplified_A1_2018.rds
simplified_A1_2019.rds
simplified_A1_2020.rds
simplified_A1_2021.rds
simplified_A1_2022.rds
simplified_A1_2023.rds
simplified_A1_2024.rds
Processing batch 1/12 (rows 1-1000)
  Calculated 1000 temperatures. Range: 2.27 to 50.41
Processing batch 2/12 (rows 1001-2000)
  Calculated 1000 temperatures. Range: 4.89 to 57.51
Processing batch 3/12 (rows 2001-3000)
  Calculated 1000 temperatures. Range: 3.29 to 42.84
Processing batch 4/12 (rows 3001-4000)
  Calculated 1000 temperatures. Range: 6.84 to 45.59
Processing batch 5/12 (rows 4001-5000)
  Calculated 1000 temperatures. Range: 3.95 to 37.69
Processing batch 6/12 (rows 5001-6000)
  Calculated 1000 temperatures. Range: 4.77 to 38.60
Processing batch 7/12 (rows 6001-7000)
  Calculated 1000 temperatures. Range: 3.18 to 39.98
Processing batch 8/12 (rows 7001-8000)
  Calculated 1000 temperatures. Range: 4.04 to 20.41
Processing batch 9/12 (rows 8001-9000)
  Calculated 1000 temperatures. Range: 4.42 to 24.37
Processing batch 10/12 (rows 9001-10000)
  Calculated 1000 temperatures. Range: 5.13 to 25.43
Processing batch 11/12 (rows 10001-11000)
  Calculated 1000 temperatures. Range: 6.99 to 25.17
Processing batch 12/12 (rows 11001-11035)
  Calculated 35 temperatures. Range: 6.18 to 20.96
Total observations: 11035, Unique timestamps: 2207
MR parameters: mass=0.28, elev=2591.0, b0=17.10, b1=0.98, b2=-0.48, b3=0.000124
Sample tb=306.40 K, log(mass)=-1.2730, 1/(kT)=37.861582, exponent=-1.9998, rmr=0.135365
Sample tb=307.61 K, log(mass)=-1.2730, 1/(kT)=37.713040, exponent=-1.9285, rmr=0.145369
Sample tb=300.87 K, log(mass)=-1.2730, 1/(kT)=38.557586, exponent=-2.3339, rmr=0.096921
Sample tb=283.65 K, log(mass)=-1.2730, 1/(kT)=40.899412, exponent=-3.4579, rmr=0.031495
Sample tb=283.58 K, log(mass)=-1.2730, 1/(kT)=40.908718, exponent=-3.4624, rmr=0.031354
MR results: 0 NA, 0 infinite, 0 negative, 0 zero
Energy calculations: 6119 non-zero gains, 11035 non-zero losses out of 11035 observations
Saved results to output/results/B1/1958/F/eb_results_MB_1958_B1_A1.rds

Processing: Species=MB, Year=1959, Origin=B1, Climate=A1, Sex=F
Looking for climate data at: /mmfs1/gscratch/biology/jmsmith/targeted_microclimate/A1/simplified_A1_1959.rds
Directory /mmfs1/gscratch/biology/jmsmith/targeted_microclimate/A1 exists. Contents:
simplified_A1_1945.rds
simplified_A1_1946.rds
simplified_A1_1947.rds
simplified_A1_1948.rds
simplified_A1_1949.rds
simplified_A1_1950.rds
simplified_A1_1951.rds
simplified_A1_1952.rds
simplified_A1_1953.rds
simplified_A1_1954.rds
simplified_A1_1955.rds
simplified_A1_1956.rds
simplified_A1_1957.rds
simplified_A1_1958.rds
simplified_A1_1959.rds
simplified_A1_1960.rds
simplified_A1_1961.rds
simplified_A1_1962.rds
simplified_A1_1963.rds
simplified_A1_1964.rds
simplified_A1_2005.rds
simplified_A1_2006.rds
simplified_A1_2007.rds
simplified_A1_2008.rds
simplified_A1_2009.rds
simplified_A1_2010.rds
simplified_A1_2011.rds
simplified_A1_2012.rds
simplified_A1_2013.rds
simplified_A1_2014.rds
simplified_A1_2015.rds
simplified_A1_2016.rds
simplified_A1_2017.rds
simplified_A1_2018.rds
simplified_A1_2019.rds
simplified_A1_2020.rds
simplified_A1_2021.rds
simplified_A1_2022.rds
simplified_A1_2023.rds
simplified_A1_2024.rds
Processing batch 1/12 (rows 1-1000)
  Calculated 1000 temperatures. Range: 0.62 to 49.08
Processing batch 2/12 (rows 1001-2000)
  Calculated 1000 temperatures. Range: 5.65 to 54.49
Processing batch 3/12 (rows 2001-3000)
  Calculated 1000 temperatures. Range: 2.14 to 44.62
Processing batch 4/12 (rows 3001-4000)
  Calculated 1000 temperatures. Range: 6.00 to 46.09
Processing batch 5/12 (rows 4001-5000)
  Calculated 1000 temperatures. Range: 1.87 to 40.00
Processing batch 6/12 (rows 5001-6000)
  Calculated 1000 temperatures. Range: 5.07 to 43.04
Processing batch 7/12 (rows 6001-7000)
  Calculated 1000 temperatures. Range: 2.04 to 42.24
Processing batch 8/12 (rows 7001-8000)
  Calculated 1000 temperatures. Range: 4.55 to 20.54
Processing batch 9/12 (rows 8001-9000)
  Calculated 1000 temperatures. Range: 2.95 to 23.55
Processing batch 10/12 (rows 9001-10000)
  Calculated 1000 temperatures. Range: 5.73 to 24.01
Processing batch 11/12 (rows 10001-11000)
  Calculated 1000 temperatures. Range: 7.65 to 24.87
Processing batch 12/12 (rows 11001-11035)
  Calculated 35 temperatures. Range: 7.81 to 22.26
Total observations: 11035, Unique timestamps: 2207
MR parameters: mass=0.28, elev=2591.0, b0=17.10, b1=0.98, b2=-0.48, b3=0.000124
Sample tb=288.97 K, log(mass)=-1.2730, 1/(kT)=40.146286, exponent=-3.0964, rmr=0.045210
Sample tb=287.25 K, log(mass)=-1.2730, 1/(kT)=40.386307, exponent=-3.2116, rmr=0.040290
Sample tb=304.71 K, log(mass)=-1.2730, 1/(kT)=38.071687, exponent=-2.1006, rmr=0.122379
Sample tb=277.61 K, log(mass)=-1.2730, 1/(kT)=41.787987, exponent=-3.8845, rmr=0.020559
Sample tb=284.65 K, log(mass)=-1.2730, 1/(kT)=40.755160, exponent=-3.3887, rmr=0.033753
MR results: 0 NA, 0 infinite, 0 negative, 0 zero
Energy calculations: 6563 non-zero gains, 11035 non-zero losses out of 11035 observations
Saved results to output/results/B1/1959/F/eb_results_MB_1959_B1_A1.rds

Processing: Species=MB, Year=1960, Origin=B1, Climate=A1, Sex=F
Looking for climate data at: /mmfs1/gscratch/biology/jmsmith/targeted_microclimate/A1/simplified_A1_1960.rds
Directory /mmfs1/gscratch/biology/jmsmith/targeted_microclimate/A1 exists. Contents:
simplified_A1_1945.rds
simplified_A1_1946.rds
simplified_A1_1947.rds
simplified_A1_1948.rds
simplified_A1_1949.rds
simplified_A1_1950.rds
simplified_A1_1951.rds
simplified_A1_1952.rds
simplified_A1_1953.rds
simplified_A1_1954.rds
simplified_A1_1955.rds
simplified_A1_1956.rds
simplified_A1_1957.rds
simplified_A1_1958.rds
simplified_A1_1959.rds
simplified_A1_1960.rds
simplified_A1_1961.rds
simplified_A1_1962.rds
simplified_A1_1963.rds
simplified_A1_1964.rds
simplified_A1_2005.rds
simplified_A1_2006.rds
simplified_A1_2007.rds
simplified_A1_2008.rds
simplified_A1_2009.rds
simplified_A1_2010.rds
simplified_A1_2011.rds
simplified_A1_2012.rds
simplified_A1_2013.rds
simplified_A1_2014.rds
simplified_A1_2015.rds
simplified_A1_2016.rds
simplified_A1_2017.rds
simplified_A1_2018.rds
simplified_A1_2019.rds
simplified_A1_2020.rds
simplified_A1_2021.rds
simplified_A1_2022.rds
simplified_A1_2023.rds
simplified_A1_2024.rds
Processing batch 1/12 (rows 1-1000)
  Calculated 1000 temperatures. Range: 2.43 to 58.46
Processing batch 2/12 (rows 1001-2000)
  Calculated 1000 temperatures. Range: 1.12 to 50.71
Processing batch 3/12 (rows 2001-3000)
  Calculated 1000 temperatures. Range: 2.22 to 54.67
Processing batch 4/12 (rows 3001-4000)
  Calculated 1000 temperatures. Range: 6.65 to 43.01
Processing batch 5/12 (rows 4001-5000)
  Calculated 1000 temperatures. Range: 3.72 to 44.60
Processing batch 6/12 (rows 5001-6000)
  Calculated 1000 temperatures. Range: 5.62 to 39.95
Processing batch 7/12 (rows 6001-7000)
  Calculated 1000 temperatures. Range: 2.98 to 36.78
Processing batch 8/12 (rows 7001-8000)
  Calculated 1000 temperatures. Range: 3.47 to 21.26
Processing batch 9/12 (rows 8001-9000)
  Calculated 1000 temperatures. Range: 2.31 to 22.53
Processing batch 10/12 (rows 9001-10000)
  Calculated 1000 temperatures. Range: 5.04 to 26.07
Processing batch 11/12 (rows 10001-11000)
  Calculated 1000 temperatures. Range: 4.28 to 26.42
Processing batch 12/12 (rows 11001-11035)
  Calculated 35 temperatures. Range: 7.70 to 25.14
Total observations: 11035, Unique timestamps: 2207
MR parameters: mass=0.28, elev=2591.0, b0=17.10, b1=0.98, b2=-0.48, b3=0.000124
Sample tb=280.43 K, log(mass)=-1.2730, 1/(kT)=41.369018, exponent=-3.6834, rmr=0.025139
Sample tb=282.97 K, log(mass)=-1.2730, 1/(kT)=40.996638, exponent=-3.5046, rmr=0.030059
Sample tb=296.71 K, log(mass)=-1.2730, 1/(kT)=39.098319, exponent=-2.5934, rmr=0.074764
Sample tb=297.81 K, log(mass)=-1.2730, 1/(kT)=38.954137, exponent=-2.5242, rmr=0.080122
Sample tb=297.64 K, log(mass)=-1.2730, 1/(kT)=38.976480, exponent=-2.5349, rmr=0.079267
MR results: 0 NA, 0 infinite, 0 negative, 0 zero
Energy calculations: 6360 non-zero gains, 11035 non-zero losses out of 11035 observations
Saved results to output/results/B1/1960/F/eb_results_MB_1960_B1_A1.rds

Processing: Species=MB, Year=1961, Origin=B1, Climate=A1, Sex=F
Looking for climate data at: /mmfs1/gscratch/biology/jmsmith/targeted_microclimate/A1/simplified_A1_1961.rds
Directory /mmfs1/gscratch/biology/jmsmith/targeted_microclimate/A1 exists. Contents:
simplified_A1_1945.rds
simplified_A1_1946.rds
simplified_A1_1947.rds
simplified_A1_1948.rds
simplified_A1_1949.rds
simplified_A1_1950.rds
simplified_A1_1951.rds
simplified_A1_1952.rds
simplified_A1_1953.rds
simplified_A1_1954.rds
simplified_A1_1955.rds
simplified_A1_1956.rds
simplified_A1_1957.rds
simplified_A1_1958.rds
simplified_A1_1959.rds
simplified_A1_1960.rds
simplified_A1_1961.rds
simplified_A1_1962.rds
simplified_A1_1963.rds
simplified_A1_1964.rds
simplified_A1_2005.rds
simplified_A1_2006.rds
simplified_A1_2007.rds
simplified_A1_2008.rds
simplified_A1_2009.rds
simplified_A1_2010.rds
simplified_A1_2011.rds
simplified_A1_2012.rds
simplified_A1_2013.rds
simplified_A1_2014.rds
simplified_A1_2015.rds
simplified_A1_2016.rds
simplified_A1_2017.rds
simplified_A1_2018.rds
simplified_A1_2019.rds
simplified_A1_2020.rds
simplified_A1_2021.rds
simplified_A1_2022.rds
simplified_A1_2023.rds
simplified_A1_2024.rds
Processing batch 1/12 (rows 1-1000)
  Calculated 1000 temperatures. Range: 0.59 to 48.07
Processing batch 2/12 (rows 1001-2000)
  Calculated 1000 temperatures. Range: 3.67 to 50.84
Processing batch 3/12 (rows 2001-3000)
  Calculated 1000 temperatures. Range: 2.27 to 44.85
Processing batch 4/12 (rows 3001-4000)
  Calculated 1000 temperatures. Range: 4.88 to 41.63
Processing batch 5/12 (rows 4001-5000)
  Calculated 1000 temperatures. Range: 1.98 to 39.02
Processing batch 6/12 (rows 5001-6000)
  Calculated 1000 temperatures. Range: 4.56 to 38.06
Processing batch 7/12 (rows 6001-7000)
  Calculated 1000 temperatures. Range: 1.78 to 38.93
Processing batch 8/12 (rows 7001-8000)
  Calculated 1000 temperatures. Range: 3.78 to 20.12
Processing batch 9/12 (rows 8001-9000)
  Calculated 1000 temperatures. Range: 2.85 to 20.18
Processing batch 10/12 (rows 9001-10000)
  Calculated 1000 temperatures. Range: 5.32 to 24.75
Processing batch 11/12 (rows 10001-11000)
  Calculated 1000 temperatures. Range: 4.97 to 24.47
Processing batch 12/12 (rows 11001-11035)
  Calculated 35 temperatures. Range: 9.22 to 19.07
Total observations: 11035, Unique timestamps: 2207
MR parameters: mass=0.28, elev=2591.0, b0=17.10, b1=0.98, b2=-0.48, b3=0.000124
Sample tb=283.83 K, log(mass)=-1.2730, 1/(kT)=40.872240, exponent=-3.4449, rmr=0.031908
Sample tb=306.09 K, log(mass)=-1.2730, 1/(kT)=37.900294, exponent=-2.0184, rmr=0.132873
Sample tb=284.39 K, log(mass)=-1.2730, 1/(kT)=40.791982, exponent=-3.4064, rmr=0.033161
Sample tb=285.71 K, log(mass)=-1.2730, 1/(kT)=40.604411, exponent=-3.3163, rmr=0.036285
Sample tb=300.38 K, log(mass)=-1.2730, 1/(kT)=38.620243, exponent=-2.3639, rmr=0.094049
MR results: 0 NA, 0 infinite, 0 negative, 0 zero
Energy calculations: 6381 non-zero gains, 11035 non-zero losses out of 11035 observations
Saved results to output/results/B1/1961/F/eb_results_MB_1961_B1_A1.rds

Processing: Species=MB, Year=1962, Origin=B1, Climate=A1, Sex=F
Looking for climate data at: /mmfs1/gscratch/biology/jmsmith/targeted_microclimate/A1/simplified_A1_1962.rds
Directory /mmfs1/gscratch/biology/jmsmith/targeted_microclimate/A1 exists. Contents:
simplified_A1_1945.rds
simplified_A1_1946.rds
simplified_A1_1947.rds
simplified_A1_1948.rds
simplified_A1_1949.rds
simplified_A1_1950.rds
simplified_A1_1951.rds
simplified_A1_1952.rds
simplified_A1_1953.rds
simplified_A1_1954.rds
simplified_A1_1955.rds
simplified_A1_1956.rds
simplified_A1_1957.rds
simplified_A1_1958.rds
simplified_A1_1959.rds
simplified_A1_1960.rds
simplified_A1_1961.rds
simplified_A1_1962.rds
simplified_A1_1963.rds
simplified_A1_1964.rds
simplified_A1_2005.rds
simplified_A1_2006.rds
simplified_A1_2007.rds
simplified_A1_2008.rds
simplified_A1_2009.rds
simplified_A1_2010.rds
simplified_A1_2011.rds
simplified_A1_2012.rds
simplified_A1_2013.rds
simplified_A1_2014.rds
simplified_A1_2015.rds
simplified_A1_2016.rds
simplified_A1_2017.rds
simplified_A1_2018.rds
simplified_A1_2019.rds
simplified_A1_2020.rds
simplified_A1_2021.rds
simplified_A1_2022.rds
simplified_A1_2023.rds
simplified_A1_2024.rds
Processing batch 1/12 (rows 1-1000)
  Calculated 1000 temperatures. Range: 0.31 to 57.13
Processing batch 2/12 (rows 1001-2000)
  Calculated 1000 temperatures. Range: 4.22 to 60.00
Processing batch 3/12 (rows 2001-3000)
  Calculated 1000 temperatures. Range: 1.78 to 57.48
Processing batch 4/12 (rows 3001-4000)
  Calculated 1000 temperatures. Range: 6.47 to 49.94
Processing batch 5/12 (rows 4001-5000)
  Calculated 1000 temperatures. Range: 1.72 to 45.42
Processing batch 6/12 (rows 5001-6000)
  Calculated 1000 temperatures. Range: 6.15 to 44.27
Processing batch 7/12 (rows 6001-7000)
  Calculated 1000 temperatures. Range: 1.49 to 38.68
Processing batch 8/12 (rows 7001-8000)
  Calculated 1000 temperatures. Range: 2.21 to 19.96
Processing batch 9/12 (rows 8001-9000)
  Calculated 1000 temperatures. Range: 2.84 to 21.14
Processing batch 10/12 (rows 9001-10000)
  Calculated 1000 temperatures. Range: 2.31 to 23.88
Processing batch 11/12 (rows 10001-11000)
  Calculated 1000 temperatures. Range: 5.41 to 26.46
Processing batch 12/12 (rows 11001-11035)
  Calculated 35 temperatures. Range: 4.82 to 16.77
Total observations: 11035, Unique timestamps: 2207
MR parameters: mass=0.28, elev=2591.0, b0=17.10, b1=0.98, b2=-0.48, b3=0.000124
Sample tb=279.96 K, log(mass)=-1.2730, 1/(kT)=41.437873, exponent=-3.7164, rmr=0.024321
Sample tb=303.20 K, log(mass)=-1.2730, 1/(kT)=38.261562, exponent=-2.1918, rmr=0.111719
Sample tb=300.09 K, log(mass)=-1.2730, 1/(kT)=38.658130, exponent=-2.3821, rmr=0.092354
Sample tb=283.73 K, log(mass)=-1.2730, 1/(kT)=40.887094, exponent=-3.4520, rmr=0.031681
Sample tb=277.92 K, log(mass)=-1.2730, 1/(kT)=41.741829, exponent=-3.8623, rmr=0.021020
MR results: 0 NA, 0 infinite, 0 negative, 0 zero
Energy calculations: 5983 non-zero gains, 11035 non-zero losses out of 11035 observations
Saved results to output/results/B1/1962/F/eb_results_MB_1962_B1_A1.rds

Processing: Species=MB, Year=1963, Origin=B1, Climate=A1, Sex=F
Looking for climate data at: /mmfs1/gscratch/biology/jmsmith/targeted_microclimate/A1/simplified_A1_1963.rds
Directory /mmfs1/gscratch/biology/jmsmith/targeted_microclimate/A1 exists. Contents:
simplified_A1_1945.rds
simplified_A1_1946.rds
simplified_A1_1947.rds
simplified_A1_1948.rds
simplified_A1_1949.rds
simplified_A1_1950.rds
simplified_A1_1951.rds
simplified_A1_1952.rds
simplified_A1_1953.rds
simplified_A1_1954.rds
simplified_A1_1955.rds
simplified_A1_1956.rds
simplified_A1_1957.rds
simplified_A1_1958.rds
simplified_A1_1959.rds
simplified_A1_1960.rds
simplified_A1_1961.rds
simplified_A1_1962.rds
simplified_A1_1963.rds
simplified_A1_1964.rds
simplified_A1_2005.rds
simplified_A1_2006.rds
simplified_A1_2007.rds
simplified_A1_2008.rds
simplified_A1_2009.rds
simplified_A1_2010.rds
simplified_A1_2011.rds
simplified_A1_2012.rds
simplified_A1_2013.rds
simplified_A1_2014.rds
simplified_A1_2015.rds
simplified_A1_2016.rds
simplified_A1_2017.rds
simplified_A1_2018.rds
simplified_A1_2019.rds
simplified_A1_2020.rds
simplified_A1_2021.rds
simplified_A1_2022.rds
simplified_A1_2023.rds
simplified_A1_2024.rds
Processing batch 1/12 (rows 1-1000)
  Calculated 1000 temperatures. Range: 2.31 to 60.00
Processing batch 2/12 (rows 1001-2000)
  Calculated 1000 temperatures. Range: 5.78 to 50.82
Processing batch 3/12 (rows 2001-3000)
  Calculated 1000 temperatures. Range: 3.85 to 50.13
Processing batch 4/12 (rows 3001-4000)
  Calculated 1000 temperatures. Range: 7.15 to 42.56
Processing batch 5/12 (rows 4001-5000)
  Calculated 1000 temperatures. Range: 3.63 to 38.29
Processing batch 6/12 (rows 5001-6000)
  Calculated 1000 temperatures. Range: 6.41 to 47.22
Processing batch 7/12 (rows 6001-7000)
  Calculated 1000 temperatures. Range: 3.34 to 35.49
Processing batch 8/12 (rows 7001-8000)
  Calculated 1000 temperatures. Range: 4.34 to 21.25
Processing batch 9/12 (rows 8001-9000)
  Calculated 1000 temperatures. Range: 4.45 to 21.52
Processing batch 10/12 (rows 9001-10000)
  Calculated 1000 temperatures. Range: 5.04 to 26.29
Processing batch 11/12 (rows 10001-11000)
  Calculated 1000 temperatures. Range: 7.52 to 25.87
Processing batch 12/12 (rows 11001-11035)
  Calculated 35 temperatures. Range: 8.92 to 19.00
Total observations: 11035, Unique timestamps: 2207
MR parameters: mass=0.28, elev=2591.0, b0=17.10, b1=0.98, b2=-0.48, b3=0.000124
Sample tb=282.19 K, log(mass)=-1.2730, 1/(kT)=41.109848, exponent=-3.5589, rmr=0.028469
Sample tb=279.66 K, log(mass)=-1.2730, 1/(kT)=41.481950, exponent=-3.7376, rmr=0.023812
Sample tb=288.05 K, log(mass)=-1.2730, 1/(kT)=40.274124, exponent=-3.1578, rmr=0.042519
Sample tb=280.15 K, log(mass)=-1.2730, 1/(kT)=41.408970, exponent=-3.7025, rmr=0.024661
Sample tb=302.44 K, log(mass)=-1.2730, 1/(kT)=38.358387, exponent=-2.2382, rmr=0.106645
MR results: 0 NA, 0 infinite, 0 negative, 0 zero
Energy calculations: 6729 non-zero gains, 11035 non-zero losses out of 11035 observations
Saved results to output/results/B1/1963/F/eb_results_MB_1963_B1_A1.rds

Processing: Species=MB, Year=1964, Origin=B1, Climate=A1, Sex=F
Looking for climate data at: /mmfs1/gscratch/biology/jmsmith/targeted_microclimate/A1/simplified_A1_1964.rds
Directory /mmfs1/gscratch/biology/jmsmith/targeted_microclimate/A1 exists. Contents:
simplified_A1_1945.rds
simplified_A1_1946.rds
simplified_A1_1947.rds
simplified_A1_1948.rds
simplified_A1_1949.rds
simplified_A1_1950.rds
simplified_A1_1951.rds
simplified_A1_1952.rds
simplified_A1_1953.rds
simplified_A1_1954.rds
simplified_A1_1955.rds
simplified_A1_1956.rds
simplified_A1_1957.rds
simplified_A1_1958.rds
simplified_A1_1959.rds
simplified_A1_1960.rds
simplified_A1_1961.rds
simplified_A1_1962.rds
simplified_A1_1963.rds
simplified_A1_1964.rds
simplified_A1_2005.rds
simplified_A1_2006.rds
simplified_A1_2007.rds
simplified_A1_2008.rds
simplified_A1_2009.rds
simplified_A1_2010.rds
simplified_A1_2011.rds
simplified_A1_2012.rds
simplified_A1_2013.rds
simplified_A1_2014.rds
simplified_A1_2015.rds
simplified_A1_2016.rds
simplified_A1_2017.rds
simplified_A1_2018.rds
simplified_A1_2019.rds
simplified_A1_2020.rds
simplified_A1_2021.rds
simplified_A1_2022.rds
simplified_A1_2023.rds
simplified_A1_2024.rds
Processing batch 1/12 (rows 1-1000)
  Calculated 1000 temperatures. Range: 0.98 to 48.36
Processing batch 2/12 (rows 1001-2000)
  Calculated 1000 temperatures. Range: 0.73 to 49.28
Processing batch 3/12 (rows 2001-3000)
  Calculated 1000 temperatures. Range: -0.57 to 40.45
Processing batch 4/12 (rows 3001-4000)
  Calculated 1000 temperatures. Range: 6.20 to 42.56
Processing batch 5/12 (rows 4001-5000)
  Calculated 1000 temperatures. Range: 1.58 to 36.13
Processing batch 6/12 (rows 5001-6000)
  Calculated 1000 temperatures. Range: 5.09 to 39.05
Processing batch 7/12 (rows 6001-7000)
  Calculated 1000 temperatures. Range: 1.00 to 34.88
Processing batch 8/12 (rows 7001-8000)
  Calculated 1000 temperatures. Range: 1.97 to 20.65
Processing batch 9/12 (rows 8001-9000)
  Calculated 1000 temperatures. Range: 1.16 to 22.44
Processing batch 10/12 (rows 9001-10000)
  Calculated 1000 temperatures. Range: 3.45 to 25.33
Processing batch 11/12 (rows 10001-11000)
  Calculated 1000 temperatures. Range: 3.34 to 25.06
Processing batch 12/12 (rows 11001-11035)
  Calculated 35 temperatures. Range: 4.12 to 23.35
Total observations: 11035, Unique timestamps: 2207
MR parameters: mass=0.28, elev=2591.0, b0=17.10, b1=0.98, b2=-0.48, b3=0.000124
Sample tb=280.15 K, log(mass)=-1.2730, 1/(kT)=41.410267, exponent=-3.7032, rmr=0.024646
Sample tb=282.90 K, log(mass)=-1.2730, 1/(kT)=41.007323, exponent=-3.5097, rmr=0.029905
Sample tb=289.74 K, log(mass)=-1.2730, 1/(kT)=40.039075, exponent=-3.0450, rmr=0.047597
Sample tb=290.33 K, log(mass)=-1.2730, 1/(kT)=39.957716, exponent=-3.0059, rmr=0.049493
Sample tb=288.71 K, log(mass)=-1.2730, 1/(kT)=40.181431, exponent=-3.1133, rmr=0.044454
MR results: 0 NA, 0 infinite, 0 negative, 0 zero
Energy calculations: 6227 non-zero gains, 11035 non-zero losses out of 11035 observations
Saved results to output/results/B1/1964/F/eb_results_MB_1964_B1_A1.rds

All years processed.
