Arguments received:
Species: MB
Years: 2005, 2006, 2007, 2008, 2009, 2010, 2011, 2012, 2013, 2014, 2015, 2016, 2017, 2018, 2019, 2020, 2021, 2022, 2023, 2024
Origin site: B1
Climate site: C1
Sex: F
Output directory: output/results/B1
Library paths:
[1] "/gscratch/biology/jmsmith/R"                          
[2] "/mmfs1/home/smithju/R/x86_64-pc-linux-gnu-library/4.4"
[3] "/usr/local/lib/R/site-library"                        
[4] "/usr/local/lib/R/library"                             
Package tidyverse loaded successfully
Package TrenchR loaded successfully
Package rTPC loaded successfully
Package lubridate loaded successfully

Processing: Species=MB, Year=2005, Origin=B1, Climate=C1, Sex=F
Looking for climate data at: /mmfs1/gscratch/biology/jmsmith/targeted_microclimate/C1/simplified_C1_2005.rds
Directory /mmfs1/gscratch/biology/jmsmith/targeted_microclimate/C1 exists. Contents:
simplified_C1_1945.rds
simplified_C1_1946.rds
simplified_C1_1947.rds
simplified_C1_1948.rds
simplified_C1_1949.rds
simplified_C1_1950.rds
simplified_C1_1951.rds
simplified_C1_1952.rds
simplified_C1_1953.rds
simplified_C1_1954.rds
simplified_C1_1955.rds
simplified_C1_1956.rds
simplified_C1_1957.rds
simplified_C1_1958.rds
simplified_C1_1959.rds
simplified_C1_1960.rds
simplified_C1_1961.rds
simplified_C1_1962.rds
simplified_C1_1963.rds
simplified_C1_1964.rds
simplified_C1_2005.rds
simplified_C1_2006.rds
simplified_C1_2007.rds
simplified_C1_2008.rds
simplified_C1_2009.rds
simplified_C1_2010.rds
simplified_C1_2011.rds
simplified_C1_2012.rds
simplified_C1_2013.rds
simplified_C1_2014.rds
simplified_C1_2015.rds
simplified_C1_2016.rds
simplified_C1_2017.rds
simplified_C1_2018.rds
simplified_C1_2019.rds
simplified_C1_2020.rds
simplified_C1_2021.rds
simplified_C1_2022.rds
simplified_C1_2023.rds
simplified_C1_2024.rds
Processing batch 1/12 (rows 1-1000)
  Calculated 1000 temperatures. Range: -5.98 to 52.11
Processing batch 2/12 (rows 1001-2000)
  Calculated 1000 temperatures. Range: -0.91 to 51.50
Processing batch 3/12 (rows 2001-3000)
  Calculated 1000 temperatures. Range: -4.56 to 49.01
Processing batch 4/12 (rows 3001-4000)
  Calculated 1000 temperatures. Range: -0.67 to 41.97
Processing batch 5/12 (rows 4001-5000)
  Calculated 1000 temperatures. Range: -5.04 to 39.36
Processing batch 6/12 (rows 5001-6000)
  Calculated 1000 temperatures. Range: -0.95 to 41.66
Processing batch 7/12 (rows 6001-7000)
  Calculated 1000 temperatures. Range: -4.44 to 39.02
Processing batch 8/12 (rows 7001-8000)
  Calculated 1000 temperatures. Range: -0.61 to 17.17
Processing batch 9/12 (rows 8001-9000)
  Calculated 1000 temperatures. Range: -2.64 to 15.29
Processing batch 10/12 (rows 9001-10000)
  Calculated 1000 temperatures. Range: -4.03 to 20.48
Processing batch 11/12 (rows 10001-11000)
  Calculated 1000 temperatures. Range: 0.82 to 21.73
Processing batch 12/12 (rows 11001-11035)
  Calculated 35 temperatures. Range: -0.32 to 17.58
Total observations: 11035, Unique timestamps: 2207
MR parameters: mass=0.28, elev=2591.0, b0=17.10, b1=0.98, b2=-0.48, b3=0.000124
Sample tb=276.18 K, log(mass)=-1.2730, 1/(kT)=42.005469, exponent=-3.9888, rmr=0.018521
Sample tb=287.47 K, log(mass)=-1.2730, 1/(kT)=40.355504, exponent=-3.1969, rmr=0.040890
Sample tb=310.99 K, log(mass)=-1.2730, 1/(kT)=37.302677, exponent=-1.7315, rmr=0.177017
Sample tb=273.52 K, log(mass)=-1.2730, 1/(kT)=42.413039, exponent=-4.1845, rmr=0.015230
Sample tb=275.21 K, log(mass)=-1.2730, 1/(kT)=42.153336, exponent=-4.0598, rmr=0.017252
MR results: 0 NA, 0 infinite, 0 negative, 0 zero
Energy calculations: 4099 non-zero gains, 11035 non-zero losses out of 11035 observations
Saved results to output/results/B1/2005/F/eb_results_MB_2005_B1_C1.rds

Processing: Species=MB, Year=2006, Origin=B1, Climate=C1, Sex=F
Looking for climate data at: /mmfs1/gscratch/biology/jmsmith/targeted_microclimate/C1/simplified_C1_2006.rds
Directory /mmfs1/gscratch/biology/jmsmith/targeted_microclimate/C1 exists. Contents:
simplified_C1_1945.rds
simplified_C1_1946.rds
simplified_C1_1947.rds
simplified_C1_1948.rds
simplified_C1_1949.rds
simplified_C1_1950.rds
simplified_C1_1951.rds
simplified_C1_1952.rds
simplified_C1_1953.rds
simplified_C1_1954.rds
simplified_C1_1955.rds
simplified_C1_1956.rds
simplified_C1_1957.rds
simplified_C1_1958.rds
simplified_C1_1959.rds
simplified_C1_1960.rds
simplified_C1_1961.rds
simplified_C1_1962.rds
simplified_C1_1963.rds
simplified_C1_1964.rds
simplified_C1_2005.rds
simplified_C1_2006.rds
simplified_C1_2007.rds
simplified_C1_2008.rds
simplified_C1_2009.rds
simplified_C1_2010.rds
simplified_C1_2011.rds
simplified_C1_2012.rds
simplified_C1_2013.rds
simplified_C1_2014.rds
simplified_C1_2015.rds
simplified_C1_2016.rds
simplified_C1_2017.rds
simplified_C1_2018.rds
simplified_C1_2019.rds
simplified_C1_2020.rds
simplified_C1_2021.rds
simplified_C1_2022.rds
simplified_C1_2023.rds
simplified_C1_2024.rds
Processing batch 1/12 (rows 1-1000)
  Calculated 1000 temperatures. Range: -3.00 to 52.08
Processing batch 2/12 (rows 1001-2000)
  Calculated 1000 temperatures. Range: 0.62 to 53.17
Processing batch 3/12 (rows 2001-3000)
  Calculated 1000 temperatures. Range: -2.36 to 50.12
Processing batch 4/12 (rows 3001-4000)
  Calculated 1000 temperatures. Range: 2.17 to 44.14
Processing batch 5/12 (rows 4001-5000)
  Calculated 1000 temperatures. Range: -1.30 to 39.27
Processing batch 6/12 (rows 5001-6000)
  Calculated 1000 temperatures. Range: -0.59 to 43.53
Processing batch 7/12 (rows 6001-7000)
  Calculated 1000 temperatures. Range: -0.83 to 39.71
Processing batch 8/12 (rows 7001-8000)
  Calculated 1000 temperatures. Range: -1.28 to 16.97
Processing batch 9/12 (rows 8001-9000)
  Calculated 1000 temperatures. Range: -0.58 to 18.45
Processing batch 10/12 (rows 9001-10000)
  Calculated 1000 temperatures. Range: -1.17 to 20.74
Processing batch 11/12 (rows 10001-11000)
  Calculated 1000 temperatures. Range: 0.26 to 21.11
Processing batch 12/12 (rows 11001-11035)
  Calculated 35 temperatures. Range: 3.28 to 16.41
Total observations: 11035, Unique timestamps: 2207
MR parameters: mass=0.28, elev=2591.0, b0=17.10, b1=0.98, b2=-0.48, b3=0.000124
Sample tb=281.69 K, log(mass)=-1.2730, 1/(kT)=41.182925, exponent=-3.5940, rmr=0.027487
Sample tb=288.67 K, log(mass)=-1.2730, 1/(kT)=40.186960, exponent=-3.1160, rmr=0.044336
Sample tb=277.05 K, log(mass)=-1.2730, 1/(kT)=41.872496, exponent=-3.9250, rmr=0.019742
Sample tb=283.16 K, log(mass)=-1.2730, 1/(kT)=40.969711, exponent=-3.4917, rmr=0.030450
Sample tb=301.86 K, log(mass)=-1.2730, 1/(kT)=38.430918, exponent=-2.2731, rmr=0.102996
MR results: 0 NA, 0 infinite, 0 negative, 0 zero
Energy calculations: 4346 non-zero gains, 11035 non-zero losses out of 11035 observations
Saved results to output/results/B1/2006/F/eb_results_MB_2006_B1_C1.rds

Processing: Species=MB, Year=2007, Origin=B1, Climate=C1, Sex=F
Looking for climate data at: /mmfs1/gscratch/biology/jmsmith/targeted_microclimate/C1/simplified_C1_2007.rds
Directory /mmfs1/gscratch/biology/jmsmith/targeted_microclimate/C1 exists. Contents:
simplified_C1_1945.rds
simplified_C1_1946.rds
simplified_C1_1947.rds
simplified_C1_1948.rds
simplified_C1_1949.rds
simplified_C1_1950.rds
simplified_C1_1951.rds
simplified_C1_1952.rds
simplified_C1_1953.rds
simplified_C1_1954.rds
simplified_C1_1955.rds
simplified_C1_1956.rds
simplified_C1_1957.rds
simplified_C1_1958.rds
simplified_C1_1959.rds
simplified_C1_1960.rds
simplified_C1_1961.rds
simplified_C1_1962.rds
simplified_C1_1963.rds
simplified_C1_1964.rds
simplified_C1_2005.rds
simplified_C1_2006.rds
simplified_C1_2007.rds
simplified_C1_2008.rds
simplified_C1_2009.rds
simplified_C1_2010.rds
simplified_C1_2011.rds
simplified_C1_2012.rds
simplified_C1_2013.rds
simplified_C1_2014.rds
simplified_C1_2015.rds
simplified_C1_2016.rds
simplified_C1_2017.rds
simplified_C1_2018.rds
simplified_C1_2019.rds
simplified_C1_2020.rds
simplified_C1_2021.rds
simplified_C1_2022.rds
simplified_C1_2023.rds
simplified_C1_2024.rds
Processing batch 1/12 (rows 1-1000)
  Calculated 1000 temperatures. Range: -8.11 to 56.87
Processing batch 2/12 (rows 1001-2000)
  Calculated 1000 temperatures. Range: 1.38 to 48.61
Processing batch 3/12 (rows 2001-3000)
  Calculated 1000 temperatures. Range: -6.99 to 45.65
Processing batch 4/12 (rows 3001-4000)
  Calculated 1000 temperatures. Range: 2.21 to 40.61
Processing batch 5/12 (rows 4001-5000)
  Calculated 1000 temperatures. Range: -6.44 to 45.72
Processing batch 6/12 (rows 5001-6000)
  Calculated 1000 temperatures. Range: 2.34 to 41.69
Processing batch 7/12 (rows 6001-7000)
  Calculated 1000 temperatures. Range: -5.00 to 39.16
Processing batch 8/12 (rows 7001-8000)
  Calculated 1000 temperatures. Range: -1.45 to 16.61
Processing batch 9/12 (rows 8001-9000)
  Calculated 1000 temperatures. Range: -2.72 to 16.20
Processing batch 10/12 (rows 9001-10000)
  Calculated 1000 temperatures. Range: -5.15 to 20.41
Processing batch 11/12 (rows 10001-11000)
  Calculated 1000 temperatures. Range: 3.02 to 19.99
Processing batch 12/12 (rows 11001-11035)
  Calculated 35 temperatures. Range: 4.16 to 17.41
Total observations: 11035, Unique timestamps: 2207
MR parameters: mass=0.28, elev=2591.0, b0=17.10, b1=0.98, b2=-0.48, b3=0.000124
Sample tb=295.30 K, log(mass)=-1.2730, 1/(kT)=39.285322, exponent=-2.6832, rmr=0.068346
Sample tb=281.38 K, log(mass)=-1.2730, 1/(kT)=41.228188, exponent=-3.6158, rmr=0.026897
Sample tb=279.18 K, log(mass)=-1.2730, 1/(kT)=41.553474, exponent=-3.7719, rmr=0.023009
Sample tb=279.48 K, log(mass)=-1.2730, 1/(kT)=41.508846, exponent=-3.7505, rmr=0.023507
Sample tb=274.20 K, log(mass)=-1.2730, 1/(kT)=42.307589, exponent=-4.1339, rmr=0.016021
MR results: 0 NA, 0 infinite, 0 negative, 0 zero
Energy calculations: 4579 non-zero gains, 11035 non-zero losses out of 11035 observations
Saved results to output/results/B1/2007/F/eb_results_MB_2007_B1_C1.rds

Processing: Species=MB, Year=2008, Origin=B1, Climate=C1, Sex=F
Looking for climate data at: /mmfs1/gscratch/biology/jmsmith/targeted_microclimate/C1/simplified_C1_2008.rds
Directory /mmfs1/gscratch/biology/jmsmith/targeted_microclimate/C1 exists. Contents:
simplified_C1_1945.rds
simplified_C1_1946.rds
simplified_C1_1947.rds
simplified_C1_1948.rds
simplified_C1_1949.rds
simplified_C1_1950.rds
simplified_C1_1951.rds
simplified_C1_1952.rds
simplified_C1_1953.rds
simplified_C1_1954.rds
simplified_C1_1955.rds
simplified_C1_1956.rds
simplified_C1_1957.rds
simplified_C1_1958.rds
simplified_C1_1959.rds
simplified_C1_1960.rds
simplified_C1_1961.rds
simplified_C1_1962.rds
simplified_C1_1963.rds
simplified_C1_1964.rds
simplified_C1_2005.rds
simplified_C1_2006.rds
simplified_C1_2007.rds
simplified_C1_2008.rds
simplified_C1_2009.rds
simplified_C1_2010.rds
simplified_C1_2011.rds
simplified_C1_2012.rds
simplified_C1_2013.rds
simplified_C1_2014.rds
simplified_C1_2015.rds
simplified_C1_2016.rds
simplified_C1_2017.rds
simplified_C1_2018.rds
simplified_C1_2019.rds
simplified_C1_2020.rds
simplified_C1_2021.rds
simplified_C1_2022.rds
simplified_C1_2023.rds
simplified_C1_2024.rds
Processing batch 1/12 (rows 1-1000)
  Calculated 1000 temperatures. Range: -8.14 to 60.00
Processing batch 2/12 (rows 1001-2000)
  Calculated 1000 temperatures. Range: -1.52 to 52.27
Processing batch 3/12 (rows 2001-3000)
  Calculated 1000 temperatures. Range: -6.57 to 48.11
Processing batch 4/12 (rows 3001-4000)
  Calculated 1000 temperatures. Range: -0.52 to 42.03
Processing batch 5/12 (rows 4001-5000)
  Calculated 1000 temperatures. Range: -6.59 to 45.27
Processing batch 6/12 (rows 5001-6000)
  Calculated 1000 temperatures. Range: -1.37 to 42.07
Processing batch 7/12 (rows 6001-7000)
  Calculated 1000 temperatures. Range: -6.05 to 38.18
Processing batch 8/12 (rows 7001-8000)
  Calculated 1000 temperatures. Range: -0.88 to 15.84
Processing batch 9/12 (rows 8001-9000)
  Calculated 1000 temperatures. Range: -1.41 to 15.81
Processing batch 10/12 (rows 9001-10000)
  Calculated 1000 temperatures. Range: -5.33 to 18.69
Processing batch 11/12 (rows 10001-11000)
  Calculated 1000 temperatures. Range: 0.97 to 19.64
Processing batch 12/12 (rows 11001-11035)
  Calculated 35 temperatures. Range: 3.99 to 16.41
Total observations: 11035, Unique timestamps: 2207
MR parameters: mass=0.28, elev=2591.0, b0=17.10, b1=0.98, b2=-0.48, b3=0.000124
Sample tb=300.44 K, log(mass)=-1.2730, 1/(kT)=38.613590, exponent=-2.3607, rmr=0.094350
Sample tb=274.88 K, log(mass)=-1.2730, 1/(kT)=42.204221, exponent=-4.0842, rmr=0.016836
Sample tb=284.40 K, log(mass)=-1.2730, 1/(kT)=40.791242, exponent=-3.4060, rmr=0.033173
Sample tb=280.36 K, log(mass)=-1.2730, 1/(kT)=41.379027, exponent=-3.6882, rmr=0.025018
Sample tb=287.68 K, log(mass)=-1.2730, 1/(kT)=40.325483, exponent=-3.1825, rmr=0.041484
MR results: 0 NA, 0 infinite, 0 negative, 0 zero
Energy calculations: 4173 non-zero gains, 11035 non-zero losses out of 11035 observations
Saved results to output/results/B1/2008/F/eb_results_MB_2008_B1_C1.rds

Processing: Species=MB, Year=2009, Origin=B1, Climate=C1, Sex=F
Looking for climate data at: /mmfs1/gscratch/biology/jmsmith/targeted_microclimate/C1/simplified_C1_2009.rds
Directory /mmfs1/gscratch/biology/jmsmith/targeted_microclimate/C1 exists. Contents:
simplified_C1_1945.rds
simplified_C1_1946.rds
simplified_C1_1947.rds
simplified_C1_1948.rds
simplified_C1_1949.rds
simplified_C1_1950.rds
simplified_C1_1951.rds
simplified_C1_1952.rds
simplified_C1_1953.rds
simplified_C1_1954.rds
simplified_C1_1955.rds
simplified_C1_1956.rds
simplified_C1_1957.rds
simplified_C1_1958.rds
simplified_C1_1959.rds
simplified_C1_1960.rds
simplified_C1_1961.rds
simplified_C1_1962.rds
simplified_C1_1963.rds
simplified_C1_1964.rds
simplified_C1_2005.rds
simplified_C1_2006.rds
simplified_C1_2007.rds
simplified_C1_2008.rds
simplified_C1_2009.rds
simplified_C1_2010.rds
simplified_C1_2011.rds
simplified_C1_2012.rds
simplified_C1_2013.rds
simplified_C1_2014.rds
simplified_C1_2015.rds
simplified_C1_2016.rds
simplified_C1_2017.rds
simplified_C1_2018.rds
simplified_C1_2019.rds
simplified_C1_2020.rds
simplified_C1_2021.rds
simplified_C1_2022.rds
simplified_C1_2023.rds
simplified_C1_2024.rds
Processing batch 1/12 (rows 1-1000)
  Calculated 1000 temperatures. Range: -6.03 to 49.82
Processing batch 2/12 (rows 1001-2000)
  Calculated 1000 temperatures. Range: -3.33 to 54.68
Processing batch 3/12 (rows 2001-3000)
  Calculated 1000 temperatures. Range: -4.63 to 39.12
Processing batch 4/12 (rows 3001-4000)
  Calculated 1000 temperatures. Range: -0.82 to 43.66
Processing batch 5/12 (rows 4001-5000)
  Calculated 1000 temperatures. Range: -4.29 to 41.07
Processing batch 6/12 (rows 5001-6000)
  Calculated 1000 temperatures. Range: 0.12 to 43.74
Processing batch 7/12 (rows 6001-7000)
  Calculated 1000 temperatures. Range: -3.51 to 41.12
Processing batch 8/12 (rows 7001-8000)
  Calculated 1000 temperatures. Range: -0.15 to 15.55
Processing batch 9/12 (rows 8001-9000)
  Calculated 1000 temperatures. Range: -2.74 to 15.44
Processing batch 10/12 (rows 9001-10000)
  Calculated 1000 temperatures. Range: -3.16 to 18.10
Processing batch 11/12 (rows 10001-11000)
  Calculated 1000 temperatures. Range: -1.06 to 19.78
Processing batch 12/12 (rows 11001-11035)
  Calculated 35 temperatures. Range: 1.83 to 15.06
Total observations: 11035, Unique timestamps: 2207
MR parameters: mass=0.28, elev=2591.0, b0=17.10, b1=0.98, b2=-0.48, b3=0.000124
Sample tb=289.47 K, log(mass)=-1.2730, 1/(kT)=40.077056, exponent=-3.0632, rmr=0.046737
Sample tb=310.55 K, log(mass)=-1.2730, 1/(kT)=37.356421, exponent=-1.7573, rmr=0.172509
Sample tb=279.68 K, log(mass)=-1.2730, 1/(kT)=41.478970, exponent=-3.7361, rmr=0.023846
Sample tb=295.08 K, log(mass)=-1.2730, 1/(kT)=39.314209, exponent=-2.6970, rmr=0.067405
Sample tb=274.61 K, log(mass)=-1.2730, 1/(kT)=42.245122, exponent=-4.1039, rmr=0.016508
MR results: 0 NA, 0 infinite, 0 negative, 0 zero
Energy calculations: 3864 non-zero gains, 11035 non-zero losses out of 11035 observations
Saved results to output/results/B1/2009/F/eb_results_MB_2009_B1_C1.rds

Processing: Species=MB, Year=2010, Origin=B1, Climate=C1, Sex=F
Looking for climate data at: /mmfs1/gscratch/biology/jmsmith/targeted_microclimate/C1/simplified_C1_2010.rds
Directory /mmfs1/gscratch/biology/jmsmith/targeted_microclimate/C1 exists. Contents:
simplified_C1_1945.rds
simplified_C1_1946.rds
simplified_C1_1947.rds
simplified_C1_1948.rds
simplified_C1_1949.rds
simplified_C1_1950.rds
simplified_C1_1951.rds
simplified_C1_1952.rds
simplified_C1_1953.rds
simplified_C1_1954.rds
simplified_C1_1955.rds
simplified_C1_1956.rds
simplified_C1_1957.rds
simplified_C1_1958.rds
simplified_C1_1959.rds
simplified_C1_1960.rds
simplified_C1_1961.rds
simplified_C1_1962.rds
simplified_C1_1963.rds
simplified_C1_1964.rds
simplified_C1_2005.rds
simplified_C1_2006.rds
simplified_C1_2007.rds
simplified_C1_2008.rds
simplified_C1_2009.rds
simplified_C1_2010.rds
simplified_C1_2011.rds
simplified_C1_2012.rds
simplified_C1_2013.rds
simplified_C1_2014.rds
simplified_C1_2015.rds
simplified_C1_2016.rds
simplified_C1_2017.rds
simplified_C1_2018.rds
simplified_C1_2019.rds
simplified_C1_2020.rds
simplified_C1_2021.rds
simplified_C1_2022.rds
simplified_C1_2023.rds
simplified_C1_2024.rds
Processing batch 1/12 (rows 1-1000)
  Calculated 1000 temperatures. Range: -5.58 to 53.63
Processing batch 2/12 (rows 1001-2000)
  Calculated 1000 temperatures. Range: -0.95 to 51.24
Processing batch 3/12 (rows 2001-3000)
  Calculated 1000 temperatures. Range: -3.47 to 46.22
Processing batch 4/12 (rows 3001-4000)
  Calculated 1000 temperatures. Range: 0.03 to 41.01
Processing batch 5/12 (rows 4001-5000)
  Calculated 1000 temperatures. Range: -3.16 to 38.93
Processing batch 6/12 (rows 5001-6000)
  Calculated 1000 temperatures. Range: 0.37 to 40.77
Processing batch 7/12 (rows 6001-7000)
  Calculated 1000 temperatures. Range: -1.55 to 41.01
Processing batch 8/12 (rows 7001-8000)
  Calculated 1000 temperatures. Range: -1.73 to 16.45
Processing batch 9/12 (rows 8001-9000)
  Calculated 1000 temperatures. Range: -1.01 to 17.73
Processing batch 10/12 (rows 9001-10000)
  Calculated 1000 temperatures. Range: -1.33 to 19.50
Processing batch 11/12 (rows 10001-11000)
  Calculated 1000 temperatures. Range: 1.08 to 19.78
Processing batch 12/12 (rows 11001-11035)
  Calculated 35 temperatures. Range: 1.54 to 13.42
Total observations: 11035, Unique timestamps: 2207
MR parameters: mass=0.28, elev=2591.0, b0=17.10, b1=0.98, b2=-0.48, b3=0.000124
Sample tb=274.60 K, log(mass)=-1.2730, 1/(kT)=42.247193, exponent=-4.1049, rmr=0.016492
Sample tb=277.54 K, log(mass)=-1.2730, 1/(kT)=41.798821, exponent=-3.8897, rmr=0.020452
Sample tb=301.96 K, log(mass)=-1.2730, 1/(kT)=38.418625, exponent=-2.2672, rmr=0.103606
Sample tb=282.44 K, log(mass)=-1.2730, 1/(kT)=41.074283, exponent=-3.5419, rmr=0.028959
Sample tb=277.95 K, log(mass)=-1.2730, 1/(kT)=41.737759, exponent=-3.8603, rmr=0.021061
MR results: 0 NA, 0 infinite, 0 negative, 0 zero
Energy calculations: 4321 non-zero gains, 11035 non-zero losses out of 11035 observations
Saved results to output/results/B1/2010/F/eb_results_MB_2010_B1_C1.rds

Processing: Species=MB, Year=2011, Origin=B1, Climate=C1, Sex=F
Looking for climate data at: /mmfs1/gscratch/biology/jmsmith/targeted_microclimate/C1/simplified_C1_2011.rds
Directory /mmfs1/gscratch/biology/jmsmith/targeted_microclimate/C1 exists. Contents:
simplified_C1_1945.rds
simplified_C1_1946.rds
simplified_C1_1947.rds
simplified_C1_1948.rds
simplified_C1_1949.rds
simplified_C1_1950.rds
simplified_C1_1951.rds
simplified_C1_1952.rds
simplified_C1_1953.rds
simplified_C1_1954.rds
simplified_C1_1955.rds
simplified_C1_1956.rds
simplified_C1_1957.rds
simplified_C1_1958.rds
simplified_C1_1959.rds
simplified_C1_1960.rds
simplified_C1_1961.rds
simplified_C1_1962.rds
simplified_C1_1963.rds
simplified_C1_1964.rds
simplified_C1_2005.rds
simplified_C1_2006.rds
simplified_C1_2007.rds
simplified_C1_2008.rds
simplified_C1_2009.rds
simplified_C1_2010.rds
simplified_C1_2011.rds
simplified_C1_2012.rds
simplified_C1_2013.rds
simplified_C1_2014.rds
simplified_C1_2015.rds
simplified_C1_2016.rds
simplified_C1_2017.rds
simplified_C1_2018.rds
simplified_C1_2019.rds
simplified_C1_2020.rds
simplified_C1_2021.rds
simplified_C1_2022.rds
simplified_C1_2023.rds
simplified_C1_2024.rds
Processing batch 1/12 (rows 1-1000)
  Calculated 1000 temperatures. Range: -5.55 to 52.45
Processing batch 2/12 (rows 1001-2000)
  Calculated 1000 temperatures. Range: -1.12 to 55.16
Processing batch 3/12 (rows 2001-3000)
  Calculated 1000 temperatures. Range: -4.13 to 45.40
Processing batch 4/12 (rows 3001-4000)
  Calculated 1000 temperatures. Range: 1.28 to 44.86
Processing batch 5/12 (rows 4001-5000)
  Calculated 1000 temperatures. Range: -3.78 to 42.73
Processing batch 6/12 (rows 5001-6000)
  Calculated 1000 temperatures. Range: 0.90 to 44.55
Processing batch 7/12 (rows 6001-7000)
  Calculated 1000 temperatures. Range: -2.89 to 41.90
Processing batch 8/12 (rows 7001-8000)
  Calculated 1000 temperatures. Range: -0.83 to 16.67
Processing batch 9/12 (rows 8001-9000)
  Calculated 1000 temperatures. Range: -1.30 to 16.39
Processing batch 10/12 (rows 9001-10000)
  Calculated 1000 temperatures. Range: -2.58 to 19.27
Processing batch 11/12 (rows 10001-11000)
  Calculated 1000 temperatures. Range: 2.27 to 19.54
Processing batch 12/12 (rows 11001-11035)
  Calculated 35 temperatures. Range: 4.64 to 18.07
Total observations: 11035, Unique timestamps: 2207
MR parameters: mass=0.28, elev=2591.0, b0=17.10, b1=0.98, b2=-0.48, b3=0.000124
Sample tb=311.69 K, log(mass)=-1.2730, 1/(kT)=37.219340, exponent=-1.6915, rmr=0.184242
Sample tb=311.83 K, log(mass)=-1.2730, 1/(kT)=37.203214, exponent=-1.6838, rmr=0.185674
Sample tb=282.19 K, log(mass)=-1.2730, 1/(kT)=41.110151, exponent=-3.5591, rmr=0.028465
Sample tb=286.93 K, log(mass)=-1.2730, 1/(kT)=40.430966, exponent=-3.2331, rmr=0.039436
Sample tb=279.81 K, log(mass)=-1.2730, 1/(kT)=41.459539, exponent=-3.7268, rmr=0.024070
MR results: 0 NA, 0 infinite, 0 negative, 0 zero
Energy calculations: 4448 non-zero gains, 11035 non-zero losses out of 11035 observations
Saved results to output/results/B1/2011/F/eb_results_MB_2011_B1_C1.rds

Processing: Species=MB, Year=2012, Origin=B1, Climate=C1, Sex=F
Looking for climate data at: /mmfs1/gscratch/biology/jmsmith/targeted_microclimate/C1/simplified_C1_2012.rds
Directory /mmfs1/gscratch/biology/jmsmith/targeted_microclimate/C1 exists. Contents:
simplified_C1_1945.rds
simplified_C1_1946.rds
simplified_C1_1947.rds
simplified_C1_1948.rds
simplified_C1_1949.rds
simplified_C1_1950.rds
simplified_C1_1951.rds
simplified_C1_1952.rds
simplified_C1_1953.rds
simplified_C1_1954.rds
simplified_C1_1955.rds
simplified_C1_1956.rds
simplified_C1_1957.rds
simplified_C1_1958.rds
simplified_C1_1959.rds
simplified_C1_1960.rds
simplified_C1_1961.rds
simplified_C1_1962.rds
simplified_C1_1963.rds
simplified_C1_1964.rds
simplified_C1_2005.rds
simplified_C1_2006.rds
simplified_C1_2007.rds
simplified_C1_2008.rds
simplified_C1_2009.rds
simplified_C1_2010.rds
simplified_C1_2011.rds
simplified_C1_2012.rds
simplified_C1_2013.rds
simplified_C1_2014.rds
simplified_C1_2015.rds
simplified_C1_2016.rds
simplified_C1_2017.rds
simplified_C1_2018.rds
simplified_C1_2019.rds
simplified_C1_2020.rds
simplified_C1_2021.rds
simplified_C1_2022.rds
simplified_C1_2023.rds
simplified_C1_2024.rds
Processing batch 1/12 (rows 1-1000)
  Calculated 1000 temperatures. Range: -7.37 to 59.52
Processing batch 2/12 (rows 1001-2000)
  Calculated 1000 temperatures. Range: -2.99 to 56.29
Processing batch 3/12 (rows 2001-3000)
  Calculated 1000 temperatures. Range: -5.65 to 51.94
Processing batch 4/12 (rows 3001-4000)
  Calculated 1000 temperatures. Range: 0.93 to 45.10
Processing batch 5/12 (rows 4001-5000)
  Calculated 1000 temperatures. Range: -5.28 to 42.40
Processing batch 6/12 (rows 5001-6000)
  Calculated 1000 temperatures. Range: 1.32 to 45.40
Processing batch 7/12 (rows 6001-7000)
  Calculated 1000 temperatures. Range: -4.12 to 41.88
Processing batch 8/12 (rows 7001-8000)
  Calculated 1000 temperatures. Range: 0.35 to 17.04
Processing batch 9/12 (rows 8001-9000)
  Calculated 1000 temperatures. Range: 0.11 to 17.10
Processing batch 10/12 (rows 9001-10000)
  Calculated 1000 temperatures. Range: -3.77 to 21.20
Processing batch 11/12 (rows 10001-11000)
  Calculated 1000 temperatures. Range: 0.11 to 20.24
Processing batch 12/12 (rows 11001-11035)
  Calculated 35 temperatures. Range: 3.43 to 16.80
Total observations: 11035, Unique timestamps: 2207
MR parameters: mass=0.28, elev=2591.0, b0=17.10, b1=0.98, b2=-0.48, b3=0.000124
Sample tb=275.87 K, log(mass)=-1.2730, 1/(kT)=42.052913, exponent=-4.0116, rmr=0.018104
Sample tb=287.53 K, log(mass)=-1.2730, 1/(kT)=40.346524, exponent=-3.1926, rmr=0.041067
Sample tb=284.30 K, log(mass)=-1.2730, 1/(kT)=40.805895, exponent=-3.4131, rmr=0.032941
Sample tb=278.09 K, log(mass)=-1.2730, 1/(kT)=41.715817, exponent=-3.8498, rmr=0.021284
Sample tb=277.63 K, log(mass)=-1.2730, 1/(kT)=41.786308, exponent=-3.8837, rmr=0.020576
MR results: 0 NA, 0 infinite, 0 negative, 0 zero
Energy calculations: 4622 non-zero gains, 11035 non-zero losses out of 11035 observations
Saved results to output/results/B1/2012/F/eb_results_MB_2012_B1_C1.rds

Processing: Species=MB, Year=2013, Origin=B1, Climate=C1, Sex=F
Looking for climate data at: /mmfs1/gscratch/biology/jmsmith/targeted_microclimate/C1/simplified_C1_2013.rds
Directory /mmfs1/gscratch/biology/jmsmith/targeted_microclimate/C1 exists. Contents:
simplified_C1_1945.rds
simplified_C1_1946.rds
simplified_C1_1947.rds
simplified_C1_1948.rds
simplified_C1_1949.rds
simplified_C1_1950.rds
simplified_C1_1951.rds
simplified_C1_1952.rds
simplified_C1_1953.rds
simplified_C1_1954.rds
simplified_C1_1955.rds
simplified_C1_1956.rds
simplified_C1_1957.rds
simplified_C1_1958.rds
simplified_C1_1959.rds
simplified_C1_1960.rds
simplified_C1_1961.rds
simplified_C1_1962.rds
simplified_C1_1963.rds
simplified_C1_1964.rds
simplified_C1_2005.rds
simplified_C1_2006.rds
simplified_C1_2007.rds
simplified_C1_2008.rds
simplified_C1_2009.rds
simplified_C1_2010.rds
simplified_C1_2011.rds
simplified_C1_2012.rds
simplified_C1_2013.rds
simplified_C1_2014.rds
simplified_C1_2015.rds
simplified_C1_2016.rds
simplified_C1_2017.rds
simplified_C1_2018.rds
simplified_C1_2019.rds
simplified_C1_2020.rds
simplified_C1_2021.rds
simplified_C1_2022.rds
simplified_C1_2023.rds
simplified_C1_2024.rds
Processing batch 1/12 (rows 1-1000)
  Calculated 1000 temperatures. Range: -6.77 to 59.14
Processing batch 2/12 (rows 1001-2000)
  Calculated 1000 temperatures. Range: -0.73 to 51.06
Processing batch 3/12 (rows 2001-3000)
  Calculated 1000 temperatures. Range: -5.35 to 47.67
Processing batch 4/12 (rows 3001-4000)
  Calculated 1000 temperatures. Range: 0.51 to 41.53
Processing batch 5/12 (rows 4001-5000)
  Calculated 1000 temperatures. Range: -4.83 to 37.94
Processing batch 6/12 (rows 5001-6000)
  Calculated 1000 temperatures. Range: 0.86 to 46.11
Processing batch 7/12 (rows 6001-7000)
  Calculated 1000 temperatures. Range: -3.67 to 37.54
Processing batch 8/12 (rows 7001-8000)
  Calculated 1000 temperatures. Range: -0.94 to 16.76
Processing batch 9/12 (rows 8001-9000)
  Calculated 1000 temperatures. Range: -3.19 to 15.94
Processing batch 10/12 (rows 9001-10000)
  Calculated 1000 temperatures. Range: 0.02 to 20.37
Processing batch 11/12 (rows 10001-11000)
  Calculated 1000 temperatures. Range: 1.60 to 19.94
Processing batch 12/12 (rows 11001-11035)
  Calculated 35 temperatures. Range: 6.45 to 17.47
Total observations: 11035, Unique timestamps: 2207
MR parameters: mass=0.28, elev=2591.0, b0=17.10, b1=0.98, b2=-0.48, b3=0.000124
Sample tb=290.34 K, log(mass)=-1.2730, 1/(kT)=39.955878, exponent=-3.0050, rmr=0.049537
Sample tb=277.36 K, log(mass)=-1.2730, 1/(kT)=41.825706, exponent=-3.9026, rmr=0.020190
Sample tb=271.14 K, log(mass)=-1.2730, 1/(kT)=42.784992, exponent=-4.3630, rmr=0.012740
Sample tb=286.74 K, log(mass)=-1.2730, 1/(kT)=40.458480, exponent=-3.2463, rmr=0.038918
Sample tb=293.98 K, log(mass)=-1.2730, 1/(kT)=39.461977, exponent=-2.7680, rmr=0.062789
MR results: 0 NA, 0 infinite, 0 negative, 0 zero
Energy calculations: 4437 non-zero gains, 11035 non-zero losses out of 11035 observations
Saved results to output/results/B1/2013/F/eb_results_MB_2013_B1_C1.rds

Processing: Species=MB, Year=2014, Origin=B1, Climate=C1, Sex=F
Looking for climate data at: /mmfs1/gscratch/biology/jmsmith/targeted_microclimate/C1/simplified_C1_2014.rds
Directory /mmfs1/gscratch/biology/jmsmith/targeted_microclimate/C1 exists. Contents:
simplified_C1_1945.rds
simplified_C1_1946.rds
simplified_C1_1947.rds
simplified_C1_1948.rds
simplified_C1_1949.rds
simplified_C1_1950.rds
simplified_C1_1951.rds
simplified_C1_1952.rds
simplified_C1_1953.rds
simplified_C1_1954.rds
simplified_C1_1955.rds
simplified_C1_1956.rds
simplified_C1_1957.rds
simplified_C1_1958.rds
simplified_C1_1959.rds
simplified_C1_1960.rds
simplified_C1_1961.rds
simplified_C1_1962.rds
simplified_C1_1963.rds
simplified_C1_1964.rds
simplified_C1_2005.rds
simplified_C1_2006.rds
simplified_C1_2007.rds
simplified_C1_2008.rds
simplified_C1_2009.rds
simplified_C1_2010.rds
simplified_C1_2011.rds
simplified_C1_2012.rds
simplified_C1_2013.rds
simplified_C1_2014.rds
simplified_C1_2015.rds
simplified_C1_2016.rds
simplified_C1_2017.rds
simplified_C1_2018.rds
simplified_C1_2019.rds
simplified_C1_2020.rds
simplified_C1_2021.rds
simplified_C1_2022.rds
simplified_C1_2023.rds
simplified_C1_2024.rds
Processing batch 1/12 (rows 1-1000)
  Calculated 1000 temperatures. Range: -6.78 to 50.36
Processing batch 2/12 (rows 1001-2000)
  Calculated 1000 temperatures. Range: -0.10 to 49.99
Processing batch 3/12 (rows 2001-3000)
  Calculated 1000 temperatures. Range: -5.04 to 42.16
Processing batch 4/12 (rows 3001-4000)
  Calculated 1000 temperatures. Range: 0.84 to 40.81
Processing batch 5/12 (rows 4001-5000)
  Calculated 1000 temperatures. Range: -4.73 to 39.86
Processing batch 6/12 (rows 5001-6000)
  Calculated 1000 temperatures. Range: 1.18 to 40.49
Processing batch 7/12 (rows 6001-7000)
  Calculated 1000 temperatures. Range: -3.71 to 36.68
Processing batch 8/12 (rows 7001-8000)
  Calculated 1000 temperatures. Range: -2.11 to 15.76
Processing batch 9/12 (rows 8001-9000)
  Calculated 1000 temperatures. Range: -0.31 to 14.99
Processing batch 10/12 (rows 9001-10000)
  Calculated 1000 temperatures. Range: -3.35 to 18.85
Processing batch 11/12 (rows 10001-11000)
  Calculated 1000 temperatures. Range: 1.50 to 19.12
Processing batch 12/12 (rows 11001-11035)
  Calculated 35 temperatures. Range: 1.53 to 14.83
Total observations: 11035, Unique timestamps: 2207
MR parameters: mass=0.28, elev=2591.0, b0=17.10, b1=0.98, b2=-0.48, b3=0.000124
Sample tb=301.18 K, log(mass)=-1.2730, 1/(kT)=38.518560, exponent=-2.3151, rmr=0.098753
Sample tb=282.93 K, log(mass)=-1.2730, 1/(kT)=41.002791, exponent=-3.5076, rmr=0.029970
Sample tb=280.49 K, log(mass)=-1.2730, 1/(kT)=41.359115, exponent=-3.6786, rmr=0.025258
Sample tb=303.19 K, log(mass)=-1.2730, 1/(kT)=38.262850, exponent=-2.1924, rmr=0.111650
Sample tb=299.43 K, log(mass)=-1.2730, 1/(kT)=38.743559, exponent=-2.4231, rmr=0.088644
MR results: 0 NA, 0 infinite, 0 negative, 0 zero
Energy calculations: 3947 non-zero gains, 11035 non-zero losses out of 11035 observations
Saved results to output/results/B1/2014/F/eb_results_MB_2014_B1_C1.rds

Processing: Species=MB, Year=2015, Origin=B1, Climate=C1, Sex=F
Looking for climate data at: /mmfs1/gscratch/biology/jmsmith/targeted_microclimate/C1/simplified_C1_2015.rds
Directory /mmfs1/gscratch/biology/jmsmith/targeted_microclimate/C1 exists. Contents:
simplified_C1_1945.rds
simplified_C1_1946.rds
simplified_C1_1947.rds
simplified_C1_1948.rds
simplified_C1_1949.rds
simplified_C1_1950.rds
simplified_C1_1951.rds
simplified_C1_1952.rds
simplified_C1_1953.rds
simplified_C1_1954.rds
simplified_C1_1955.rds
simplified_C1_1956.rds
simplified_C1_1957.rds
simplified_C1_1958.rds
simplified_C1_1959.rds
simplified_C1_1960.rds
simplified_C1_1961.rds
simplified_C1_1962.rds
simplified_C1_1963.rds
simplified_C1_1964.rds
simplified_C1_2005.rds
simplified_C1_2006.rds
simplified_C1_2007.rds
simplified_C1_2008.rds
simplified_C1_2009.rds
simplified_C1_2010.rds
simplified_C1_2011.rds
simplified_C1_2012.rds
simplified_C1_2013.rds
simplified_C1_2014.rds
simplified_C1_2015.rds
simplified_C1_2016.rds
simplified_C1_2017.rds
simplified_C1_2018.rds
simplified_C1_2019.rds
simplified_C1_2020.rds
simplified_C1_2021.rds
simplified_C1_2022.rds
simplified_C1_2023.rds
simplified_C1_2024.rds
Processing batch 1/12 (rows 1-1000)
  Calculated 1000 temperatures. Range: -1.44 to 54.37
Processing batch 2/12 (rows 1001-2000)
  Calculated 1000 temperatures. Range: -2.33 to 50.18
Processing batch 3/12 (rows 2001-3000)
  Calculated 1000 temperatures. Range: -2.21 to 48.20
Processing batch 4/12 (rows 3001-4000)
  Calculated 1000 temperatures. Range: 1.70 to 39.97
Processing batch 5/12 (rows 4001-5000)
  Calculated 1000 temperatures. Range: -1.56 to 43.59
Processing batch 6/12 (rows 5001-6000)
  Calculated 1000 temperatures. Range: 1.79 to 42.37
Processing batch 7/12 (rows 6001-7000)
  Calculated 1000 temperatures. Range: -0.83 to 41.02
Processing batch 8/12 (rows 7001-8000)
  Calculated 1000 temperatures. Range: 1.86 to 16.73
Processing batch 9/12 (rows 8001-9000)
  Calculated 1000 temperatures. Range: -0.11 to 17.14
Processing batch 10/12 (rows 9001-10000)
  Calculated 1000 temperatures. Range: 0.64 to 19.93
Processing batch 11/12 (rows 10001-11000)
  Calculated 1000 temperatures. Range: -0.22 to 20.15
Processing batch 12/12 (rows 11001-11035)
  Calculated 35 temperatures. Range: 5.11 to 17.75
Total observations: 11035, Unique timestamps: 2207
MR parameters: mass=0.28, elev=2591.0, b0=17.10, b1=0.98, b2=-0.48, b3=0.000124
Sample tb=279.15 K, log(mass)=-1.2730, 1/(kT)=41.557898, exponent=-3.7740, rmr=0.022960
Sample tb=282.62 K, log(mass)=-1.2730, 1/(kT)=41.048158, exponent=-3.5293, rmr=0.029324
Sample tb=285.85 K, log(mass)=-1.2730, 1/(kT)=40.583363, exponent=-3.3062, rmr=0.036654
Sample tb=285.01 K, log(mass)=-1.2730, 1/(kT)=40.703407, exponent=-3.3639, rmr=0.034602
Sample tb=287.37 K, log(mass)=-1.2730, 1/(kT)=40.368774, exponent=-3.2032, rmr=0.040631
MR results: 0 NA, 0 infinite, 0 negative, 0 zero
Energy calculations: 4405 non-zero gains, 11035 non-zero losses out of 11035 observations
Saved results to output/results/B1/2015/F/eb_results_MB_2015_B1_C1.rds

Processing: Species=MB, Year=2016, Origin=B1, Climate=C1, Sex=F
Looking for climate data at: /mmfs1/gscratch/biology/jmsmith/targeted_microclimate/C1/simplified_C1_2016.rds
Directory /mmfs1/gscratch/biology/jmsmith/targeted_microclimate/C1 exists. Contents:
simplified_C1_1945.rds
simplified_C1_1946.rds
simplified_C1_1947.rds
simplified_C1_1948.rds
simplified_C1_1949.rds
simplified_C1_1950.rds
simplified_C1_1951.rds
simplified_C1_1952.rds
simplified_C1_1953.rds
simplified_C1_1954.rds
simplified_C1_1955.rds
simplified_C1_1956.rds
simplified_C1_1957.rds
simplified_C1_1958.rds
simplified_C1_1959.rds
simplified_C1_1960.rds
simplified_C1_1961.rds
simplified_C1_1962.rds
simplified_C1_1963.rds
simplified_C1_1964.rds
simplified_C1_2005.rds
simplified_C1_2006.rds
simplified_C1_2007.rds
simplified_C1_2008.rds
simplified_C1_2009.rds
simplified_C1_2010.rds
simplified_C1_2011.rds
simplified_C1_2012.rds
simplified_C1_2013.rds
simplified_C1_2014.rds
simplified_C1_2015.rds
simplified_C1_2016.rds
simplified_C1_2017.rds
simplified_C1_2018.rds
simplified_C1_2019.rds
simplified_C1_2020.rds
simplified_C1_2021.rds
simplified_C1_2022.rds
simplified_C1_2023.rds
simplified_C1_2024.rds
Processing batch 1/12 (rows 1-1000)
  Calculated 1000 temperatures. Range: -2.22 to 54.87
Processing batch 2/12 (rows 1001-2000)
  Calculated 1000 temperatures. Range: -0.71 to 50.28
Processing batch 3/12 (rows 2001-3000)
  Calculated 1000 temperatures. Range: -3.22 to 43.70
Processing batch 4/12 (rows 3001-4000)
  Calculated 1000 temperatures. Range: 0.43 to 43.85
Processing batch 5/12 (rows 4001-5000)
  Calculated 1000 temperatures. Range: -2.30 to 42.90
Processing batch 6/12 (rows 5001-6000)
  Calculated 1000 temperatures. Range: 0.55 to 44.21
Processing batch 7/12 (rows 6001-7000)
  Calculated 1000 temperatures. Range: -1.72 to 39.31
Processing batch 8/12 (rows 7001-8000)
  Calculated 1000 temperatures. Range: 0.67 to 17.39
Processing batch 9/12 (rows 8001-9000)
  Calculated 1000 temperatures. Range: -0.58 to 15.97
Processing batch 10/12 (rows 9001-10000)
  Calculated 1000 temperatures. Range: 0.44 to 21.16
Processing batch 11/12 (rows 10001-11000)
  Calculated 1000 temperatures. Range: -0.67 to 19.46
Processing batch 12/12 (rows 11001-11035)
  Calculated 35 temperatures. Range: 1.45 to 14.55
Total observations: 11035, Unique timestamps: 2207
MR parameters: mass=0.28, elev=2591.0, b0=17.10, b1=0.98, b2=-0.48, b3=0.000124
Sample tb=284.97 K, log(mass)=-1.2730, 1/(kT)=40.709297, exponent=-3.3667, rmr=0.034504
Sample tb=283.31 K, log(mass)=-1.2730, 1/(kT)=40.947507, exponent=-3.4810, rmr=0.030776
Sample tb=284.54 K, log(mass)=-1.2730, 1/(kT)=40.770565, exponent=-3.3961, rmr=0.033504
Sample tb=276.58 K, log(mass)=-1.2730, 1/(kT)=41.943768, exponent=-3.9592, rmr=0.019078
Sample tb=310.59 K, log(mass)=-1.2730, 1/(kT)=37.351482, exponent=-1.7549, rmr=0.172919
MR results: 0 NA, 0 infinite, 0 negative, 0 zero
Energy calculations: 4427 non-zero gains, 11035 non-zero losses out of 11035 observations
Saved results to output/results/B1/2016/F/eb_results_MB_2016_B1_C1.rds

Processing: Species=MB, Year=2017, Origin=B1, Climate=C1, Sex=F
Looking for climate data at: /mmfs1/gscratch/biology/jmsmith/targeted_microclimate/C1/simplified_C1_2017.rds
Directory /mmfs1/gscratch/biology/jmsmith/targeted_microclimate/C1 exists. Contents:
simplified_C1_1945.rds
simplified_C1_1946.rds
simplified_C1_1947.rds
simplified_C1_1948.rds
simplified_C1_1949.rds
simplified_C1_1950.rds
simplified_C1_1951.rds
simplified_C1_1952.rds
simplified_C1_1953.rds
simplified_C1_1954.rds
simplified_C1_1955.rds
simplified_C1_1956.rds
simplified_C1_1957.rds
simplified_C1_1958.rds
simplified_C1_1959.rds
simplified_C1_1960.rds
simplified_C1_1961.rds
simplified_C1_1962.rds
simplified_C1_1963.rds
simplified_C1_1964.rds
simplified_C1_2005.rds
simplified_C1_2006.rds
simplified_C1_2007.rds
simplified_C1_2008.rds
simplified_C1_2009.rds
simplified_C1_2010.rds
simplified_C1_2011.rds
simplified_C1_2012.rds
simplified_C1_2013.rds
simplified_C1_2014.rds
simplified_C1_2015.rds
simplified_C1_2016.rds
simplified_C1_2017.rds
simplified_C1_2018.rds
simplified_C1_2019.rds
simplified_C1_2020.rds
simplified_C1_2021.rds
simplified_C1_2022.rds
simplified_C1_2023.rds
simplified_C1_2024.rds
Processing batch 1/12 (rows 1-1000)
  Calculated 1000 temperatures. Range: -4.13 to 56.60
Processing batch 2/12 (rows 1001-2000)
  Calculated 1000 temperatures. Range: 0.82 to 48.78
Processing batch 3/12 (rows 2001-3000)
  Calculated 1000 temperatures. Range: -2.11 to 44.62
Processing batch 4/12 (rows 3001-4000)
  Calculated 1000 temperatures. Range: 1.64 to 39.02
Processing batch 5/12 (rows 4001-5000)
  Calculated 1000 temperatures. Range: -2.09 to 39.86
Processing batch 6/12 (rows 5001-6000)
  Calculated 1000 temperatures. Range: -0.92 to 45.09
Processing batch 7/12 (rows 6001-7000)
  Calculated 1000 temperatures. Range: -1.54 to 38.92
Processing batch 8/12 (rows 7001-8000)
  Calculated 1000 temperatures. Range: -0.39 to 17.44
Processing batch 9/12 (rows 8001-9000)
  Calculated 1000 temperatures. Range: 0.05 to 15.82
Processing batch 10/12 (rows 9001-10000)
  Calculated 1000 temperatures. Range: -0.62 to 20.73
Processing batch 11/12 (rows 10001-11000)
  Calculated 1000 temperatures. Range: 2.07 to 19.59
Processing batch 12/12 (rows 11001-11035)
  Calculated 35 temperatures. Range: 3.28 to 16.53
Total observations: 11035, Unique timestamps: 2207
MR parameters: mass=0.28, elev=2591.0, b0=17.10, b1=0.98, b2=-0.48, b3=0.000124
Sample tb=287.11 K, log(mass)=-1.2730, 1/(kT)=40.405669, exponent=-3.2209, rmr=0.039917
Sample tb=279.21 K, log(mass)=-1.2730, 1/(kT)=41.548749, exponent=-3.7696, rmr=0.023061
Sample tb=286.41 K, log(mass)=-1.2730, 1/(kT)=40.504956, exponent=-3.2686, rmr=0.038060
Sample tb=276.52 K, log(mass)=-1.2730, 1/(kT)=41.952923, exponent=-3.9636, rmr=0.018994
Sample tb=284.31 K, log(mass)=-1.2730, 1/(kT)=40.804237, exponent=-3.4123, rmr=0.032967
MR results: 0 NA, 0 infinite, 0 negative, 0 zero
Energy calculations: 4360 non-zero gains, 11035 non-zero losses out of 11035 observations
Saved results to output/results/B1/2017/F/eb_results_MB_2017_B1_C1.rds

Processing: Species=MB, Year=2018, Origin=B1, Climate=C1, Sex=F
Looking for climate data at: /mmfs1/gscratch/biology/jmsmith/targeted_microclimate/C1/simplified_C1_2018.rds
Directory /mmfs1/gscratch/biology/jmsmith/targeted_microclimate/C1 exists. Contents:
simplified_C1_1945.rds
simplified_C1_1946.rds
simplified_C1_1947.rds
simplified_C1_1948.rds
simplified_C1_1949.rds
simplified_C1_1950.rds
simplified_C1_1951.rds
simplified_C1_1952.rds
simplified_C1_1953.rds
simplified_C1_1954.rds
simplified_C1_1955.rds
simplified_C1_1956.rds
simplified_C1_1957.rds
simplified_C1_1958.rds
simplified_C1_1959.rds
simplified_C1_1960.rds
simplified_C1_1961.rds
simplified_C1_1962.rds
simplified_C1_1963.rds
simplified_C1_1964.rds
simplified_C1_2005.rds
simplified_C1_2006.rds
simplified_C1_2007.rds
simplified_C1_2008.rds
simplified_C1_2009.rds
simplified_C1_2010.rds
simplified_C1_2011.rds
simplified_C1_2012.rds
simplified_C1_2013.rds
simplified_C1_2014.rds
simplified_C1_2015.rds
simplified_C1_2016.rds
simplified_C1_2017.rds
simplified_C1_2018.rds
simplified_C1_2019.rds
simplified_C1_2020.rds
simplified_C1_2021.rds
simplified_C1_2022.rds
simplified_C1_2023.rds
simplified_C1_2024.rds
Processing batch 1/12 (rows 1-1000)
  Calculated 1000 temperatures. Range: -4.38 to 56.30
Processing batch 2/12 (rows 1001-2000)
  Calculated 1000 temperatures. Range: -1.12 to 48.20
Processing batch 3/12 (rows 2001-3000)
  Calculated 1000 temperatures. Range: -2.96 to 44.94
Processing batch 4/12 (rows 3001-4000)
  Calculated 1000 temperatures. Range: 0.98 to 38.87
Processing batch 5/12 (rows 4001-5000)
  Calculated 1000 temperatures. Range: -2.72 to 44.82
Processing batch 6/12 (rows 5001-6000)
  Calculated 1000 temperatures. Range: -0.74 to 39.56
Processing batch 7/12 (rows 6001-7000)
  Calculated 1000 temperatures. Range: -2.01 to 38.82
Processing batch 8/12 (rows 7001-8000)
  Calculated 1000 temperatures. Range: -0.38 to 17.64
Processing batch 9/12 (rows 8001-9000)
  Calculated 1000 temperatures. Range: -1.55 to 17.88
Processing batch 10/12 (rows 9001-10000)
  Calculated 1000 temperatures. Range: 0.19 to 21.19
Processing batch 11/12 (rows 10001-11000)
  Calculated 1000 temperatures. Range: -0.01 to 20.33
Processing batch 12/12 (rows 11001-11035)
  Calculated 35 temperatures. Range: 3.70 to 16.67
Total observations: 11035, Unique timestamps: 2207
MR parameters: mass=0.28, elev=2591.0, b0=17.10, b1=0.98, b2=-0.48, b3=0.000124
Sample tb=276.93 K, log(mass)=-1.2730, 1/(kT)=41.890649, exponent=-3.9337, rmr=0.019570
Sample tb=284.89 K, log(mass)=-1.2730, 1/(kT)=40.720317, exponent=-3.3720, rmr=0.034322
Sample tb=279.17 K, log(mass)=-1.2730, 1/(kT)=41.555523, exponent=-3.7729, rmr=0.022986
Sample tb=302.18 K, log(mass)=-1.2730, 1/(kT)=38.390580, exponent=-2.2537, rmr=0.105010
Sample tb=292.43 K, log(mass)=-1.2730, 1/(kT)=39.670932, exponent=-2.8683, rmr=0.056797
MR results: 0 NA, 0 infinite, 0 negative, 0 zero
Energy calculations: 4576 non-zero gains, 11035 non-zero losses out of 11035 observations
Saved results to output/results/B1/2018/F/eb_results_MB_2018_B1_C1.rds

Processing: Species=MB, Year=2019, Origin=B1, Climate=C1, Sex=F
Looking for climate data at: /mmfs1/gscratch/biology/jmsmith/targeted_microclimate/C1/simplified_C1_2019.rds
Directory /mmfs1/gscratch/biology/jmsmith/targeted_microclimate/C1 exists. Contents:
simplified_C1_1945.rds
simplified_C1_1946.rds
simplified_C1_1947.rds
simplified_C1_1948.rds
simplified_C1_1949.rds
simplified_C1_1950.rds
simplified_C1_1951.rds
simplified_C1_1952.rds
simplified_C1_1953.rds
simplified_C1_1954.rds
simplified_C1_1955.rds
simplified_C1_1956.rds
simplified_C1_1957.rds
simplified_C1_1958.rds
simplified_C1_1959.rds
simplified_C1_1960.rds
simplified_C1_1961.rds
simplified_C1_1962.rds
simplified_C1_1963.rds
simplified_C1_1964.rds
simplified_C1_2005.rds
simplified_C1_2006.rds
simplified_C1_2007.rds
simplified_C1_2008.rds
simplified_C1_2009.rds
simplified_C1_2010.rds
simplified_C1_2011.rds
simplified_C1_2012.rds
simplified_C1_2013.rds
simplified_C1_2014.rds
simplified_C1_2015.rds
simplified_C1_2016.rds
simplified_C1_2017.rds
simplified_C1_2018.rds
simplified_C1_2019.rds
simplified_C1_2020.rds
simplified_C1_2021.rds
simplified_C1_2022.rds
simplified_C1_2023.rds
simplified_C1_2024.rds
Processing batch 1/12 (rows 1-1000)
  Calculated 1000 temperatures. Range: -4.50 to 51.74
Processing batch 2/12 (rows 1001-2000)
  Calculated 1000 temperatures. Range: -0.36 to 55.89
Processing batch 3/12 (rows 2001-3000)
  Calculated 1000 temperatures. Range: -4.47 to 44.09
Processing batch 4/12 (rows 3001-4000)
  Calculated 1000 temperatures. Range: 1.59 to 45.71
Processing batch 5/12 (rows 4001-5000)
  Calculated 1000 temperatures. Range: -3.42 to 37.98
Processing batch 6/12 (rows 5001-6000)
  Calculated 1000 temperatures. Range: 0.16 to 45.05
Processing batch 7/12 (rows 6001-7000)
  Calculated 1000 temperatures. Range: -2.78 to 39.34
Processing batch 8/12 (rows 7001-8000)
  Calculated 1000 temperatures. Range: -2.63 to 17.58
Processing batch 9/12 (rows 8001-9000)
  Calculated 1000 temperatures. Range: -0.52 to 16.96
Processing batch 10/12 (rows 9001-10000)
  Calculated 1000 temperatures. Range: -3.45 to 20.36
Processing batch 11/12 (rows 10001-11000)
  Calculated 1000 temperatures. Range: 1.92 to 21.67
Processing batch 12/12 (rows 11001-11035)
  Calculated 35 temperatures. Range: 4.13 to 17.95
Total observations: 11035, Unique timestamps: 2207
MR parameters: mass=0.28, elev=2591.0, b0=17.10, b1=0.98, b2=-0.48, b3=0.000124
Sample tb=303.75 K, log(mass)=-1.2730, 1/(kT)=38.192189, exponent=-2.1585, rmr=0.115501
Sample tb=282.93 K, log(mass)=-1.2730, 1/(kT)=41.002569, exponent=-3.5075, rmr=0.029973
Sample tb=281.69 K, log(mass)=-1.2730, 1/(kT)=41.183713, exponent=-3.5944, rmr=0.027477
Sample tb=277.96 K, log(mass)=-1.2730, 1/(kT)=41.735812, exponent=-3.8594, rmr=0.021080
Sample tb=287.73 K, log(mass)=-1.2730, 1/(kT)=40.318347, exponent=-3.1790, rmr=0.041626
MR results: 0 NA, 0 infinite, 0 negative, 0 zero
Energy calculations: 4451 non-zero gains, 11035 non-zero losses out of 11035 observations
Saved results to output/results/B1/2019/F/eb_results_MB_2019_B1_C1.rds

Processing: Species=MB, Year=2020, Origin=B1, Climate=C1, Sex=F
Looking for climate data at: /mmfs1/gscratch/biology/jmsmith/targeted_microclimate/C1/simplified_C1_2020.rds
Directory /mmfs1/gscratch/biology/jmsmith/targeted_microclimate/C1 exists. Contents:
simplified_C1_1945.rds
simplified_C1_1946.rds
simplified_C1_1947.rds
simplified_C1_1948.rds
simplified_C1_1949.rds
simplified_C1_1950.rds
simplified_C1_1951.rds
simplified_C1_1952.rds
simplified_C1_1953.rds
simplified_C1_1954.rds
simplified_C1_1955.rds
simplified_C1_1956.rds
simplified_C1_1957.rds
simplified_C1_1958.rds
simplified_C1_1959.rds
simplified_C1_1960.rds
simplified_C1_1961.rds
simplified_C1_1962.rds
simplified_C1_1963.rds
simplified_C1_1964.rds
simplified_C1_2005.rds
simplified_C1_2006.rds
simplified_C1_2007.rds
simplified_C1_2008.rds
simplified_C1_2009.rds
simplified_C1_2010.rds
simplified_C1_2011.rds
simplified_C1_2012.rds
simplified_C1_2013.rds
simplified_C1_2014.rds
simplified_C1_2015.rds
simplified_C1_2016.rds
simplified_C1_2017.rds
simplified_C1_2018.rds
simplified_C1_2019.rds
simplified_C1_2020.rds
simplified_C1_2021.rds
simplified_C1_2022.rds
simplified_C1_2023.rds
simplified_C1_2024.rds
Processing batch 1/12 (rows 1-1000)
  Calculated 1000 temperatures. Range: -5.19 to 55.84
Processing batch 2/12 (rows 1001-2000)
  Calculated 1000 temperatures. Range: 0.23 to 51.49
Processing batch 3/12 (rows 2001-3000)
  Calculated 1000 temperatures. Range: -3.86 to 48.25
Processing batch 4/12 (rows 3001-4000)
  Calculated 1000 temperatures. Range: 1.29 to 41.82
Processing batch 5/12 (rows 4001-5000)
  Calculated 1000 temperatures. Range: -3.69 to 44.91
Processing batch 6/12 (rows 5001-6000)
  Calculated 1000 temperatures. Range: -1.48 to 41.27
Processing batch 7/12 (rows 6001-7000)
  Calculated 1000 temperatures. Range: -4.21 to 41.76
Processing batch 8/12 (rows 7001-8000)
  Calculated 1000 temperatures. Range: -2.03 to 16.06
Processing batch 9/12 (rows 8001-9000)
  Calculated 1000 temperatures. Range: -0.78 to 18.30
Processing batch 10/12 (rows 9001-10000)
  Calculated 1000 temperatures. Range: -3.28 to 19.98
Processing batch 11/12 (rows 10001-11000)
  Calculated 1000 temperatures. Range: 3.03 to 20.42
Processing batch 12/12 (rows 11001-11035)
  Calculated 35 temperatures. Range: -0.25 to 16.17
Total observations: 11035, Unique timestamps: 2207
MR parameters: mass=0.28, elev=2591.0, b0=17.10, b1=0.98, b2=-0.48, b3=0.000124
Sample tb=303.15 K, log(mass)=-1.2730, 1/(kT)=38.268404, exponent=-2.1951, rmr=0.111352
Sample tb=277.69 K, log(mass)=-1.2730, 1/(kT)=41.776427, exponent=-3.8789, rmr=0.020673
Sample tb=285.83 K, log(mass)=-1.2730, 1/(kT)=40.587190, exponent=-3.3081, rmr=0.036587
Sample tb=288.49 K, log(mass)=-1.2730, 1/(kT)=40.212103, exponent=-3.1280, rmr=0.043804
Sample tb=283.88 K, log(mass)=-1.2730, 1/(kT)=40.865835, exponent=-3.4418, rmr=0.032006
MR results: 0 NA, 0 infinite, 0 negative, 0 zero
Energy calculations: 4575 non-zero gains, 11035 non-zero losses out of 11035 observations
Saved results to output/results/B1/2020/F/eb_results_MB_2020_B1_C1.rds

Processing: Species=MB, Year=2021, Origin=B1, Climate=C1, Sex=F
Looking for climate data at: /mmfs1/gscratch/biology/jmsmith/targeted_microclimate/C1/simplified_C1_2021.rds
Directory /mmfs1/gscratch/biology/jmsmith/targeted_microclimate/C1 exists. Contents:
simplified_C1_1945.rds
simplified_C1_1946.rds
simplified_C1_1947.rds
simplified_C1_1948.rds
simplified_C1_1949.rds
simplified_C1_1950.rds
simplified_C1_1951.rds
simplified_C1_1952.rds
simplified_C1_1953.rds
simplified_C1_1954.rds
simplified_C1_1955.rds
simplified_C1_1956.rds
simplified_C1_1957.rds
simplified_C1_1958.rds
simplified_C1_1959.rds
simplified_C1_1960.rds
simplified_C1_1961.rds
simplified_C1_1962.rds
simplified_C1_1963.rds
simplified_C1_1964.rds
simplified_C1_2005.rds
simplified_C1_2006.rds
simplified_C1_2007.rds
simplified_C1_2008.rds
simplified_C1_2009.rds
simplified_C1_2010.rds
simplified_C1_2011.rds
simplified_C1_2012.rds
simplified_C1_2013.rds
simplified_C1_2014.rds
simplified_C1_2015.rds
simplified_C1_2016.rds
simplified_C1_2017.rds
simplified_C1_2018.rds
simplified_C1_2019.rds
simplified_C1_2020.rds
simplified_C1_2021.rds
simplified_C1_2022.rds
simplified_C1_2023.rds
simplified_C1_2024.rds
Processing batch 1/12 (rows 1-1000)
  Calculated 1000 temperatures. Range: -5.82 to 53.29
Processing batch 2/12 (rows 1001-2000)
  Calculated 1000 temperatures. Range: 0.60 to 54.15
Processing batch 3/12 (rows 2001-3000)
  Calculated 1000 temperatures. Range: -4.63 to 45.54
Processing batch 4/12 (rows 3001-4000)
  Calculated 1000 temperatures. Range: 2.15 to 43.49
Processing batch 5/12 (rows 4001-5000)
  Calculated 1000 temperatures. Range: -4.71 to 43.55
Processing batch 6/12 (rows 5001-6000)
  Calculated 1000 temperatures. Range: 0.75 to 43.54
Processing batch 7/12 (rows 6001-7000)
  Calculated 1000 temperatures. Range: -4.45 to 39.85
Processing batch 8/12 (rows 7001-8000)
  Calculated 1000 temperatures. Range: 0.74 to 17.40
Processing batch 9/12 (rows 8001-9000)
  Calculated 1000 temperatures. Range: -3.92 to 18.14
Processing batch 10/12 (rows 9001-10000)
  Calculated 1000 temperatures. Range: -1.56 to 20.89
Processing batch 11/12 (rows 10001-11000)
  Calculated 1000 temperatures. Range: 1.79 to 21.21
Processing batch 12/12 (rows 11001-11035)
  Calculated 35 temperatures. Range: 2.38 to 17.88
Total observations: 11035, Unique timestamps: 2207
MR parameters: mass=0.28, elev=2591.0, b0=17.10, b1=0.98, b2=-0.48, b3=0.000124
Sample tb=278.74 K, log(mass)=-1.2730, 1/(kT)=41.618887, exponent=-3.8033, rmr=0.022297
Sample tb=277.08 K, log(mass)=-1.2730, 1/(kT)=41.868146, exponent=-3.9229, rmr=0.019783
Sample tb=280.85 K, log(mass)=-1.2730, 1/(kT)=41.307086, exponent=-3.6536, rmr=0.025897
Sample tb=280.38 K, log(mass)=-1.2730, 1/(kT)=41.375451, exponent=-3.6864, rmr=0.025061
Sample tb=293.70 K, log(mass)=-1.2730, 1/(kT)=39.498985, exponent=-2.7857, rmr=0.061684
MR results: 0 NA, 0 infinite, 0 negative, 0 zero
Energy calculations: 4698 non-zero gains, 11035 non-zero losses out of 11035 observations
Saved results to output/results/B1/2021/F/eb_results_MB_2021_B1_C1.rds

Processing: Species=MB, Year=2022, Origin=B1, Climate=C1, Sex=F
Looking for climate data at: /mmfs1/gscratch/biology/jmsmith/targeted_microclimate/C1/simplified_C1_2022.rds
Directory /mmfs1/gscratch/biology/jmsmith/targeted_microclimate/C1 exists. Contents:
simplified_C1_1945.rds
simplified_C1_1946.rds
simplified_C1_1947.rds
simplified_C1_1948.rds
simplified_C1_1949.rds
simplified_C1_1950.rds
simplified_C1_1951.rds
simplified_C1_1952.rds
simplified_C1_1953.rds
simplified_C1_1954.rds
simplified_C1_1955.rds
simplified_C1_1956.rds
simplified_C1_1957.rds
simplified_C1_1958.rds
simplified_C1_1959.rds
simplified_C1_1960.rds
simplified_C1_1961.rds
simplified_C1_1962.rds
simplified_C1_1963.rds
simplified_C1_1964.rds
simplified_C1_2005.rds
simplified_C1_2006.rds
simplified_C1_2007.rds
simplified_C1_2008.rds
simplified_C1_2009.rds
simplified_C1_2010.rds
simplified_C1_2011.rds
simplified_C1_2012.rds
simplified_C1_2013.rds
simplified_C1_2014.rds
simplified_C1_2015.rds
simplified_C1_2016.rds
simplified_C1_2017.rds
simplified_C1_2018.rds
simplified_C1_2019.rds
simplified_C1_2020.rds
simplified_C1_2021.rds
simplified_C1_2022.rds
simplified_C1_2023.rds
simplified_C1_2024.rds
Processing batch 1/12 (rows 1-1000)
  Calculated 1000 temperatures. Range: -5.42 to 57.10
Processing batch 2/12 (rows 1001-2000)
  Calculated 1000 temperatures. Range: 1.10 to 53.90
Processing batch 3/12 (rows 2001-3000)
  Calculated 1000 temperatures. Range: -4.58 to 52.93
Processing batch 4/12 (rows 3001-4000)
  Calculated 1000 temperatures. Range: 3.17 to 46.38
Processing batch 5/12 (rows 4001-5000)
  Calculated 1000 temperatures. Range: -5.34 to 42.46
Processing batch 6/12 (rows 5001-6000)
  Calculated 1000 temperatures. Range: 0.43 to 46.12
Processing batch 7/12 (rows 6001-7000)
  Calculated 1000 temperatures. Range: -5.28 to 42.18
Processing batch 8/12 (rows 7001-8000)
  Calculated 1000 temperatures. Range: -1.50 to 17.60
Processing batch 9/12 (rows 8001-9000)
  Calculated 1000 temperatures. Range: -4.53 to 16.90
Processing batch 10/12 (rows 9001-10000)
  Calculated 1000 temperatures. Range: -1.70 to 20.75
Processing batch 11/12 (rows 10001-11000)
  Calculated 1000 temperatures. Range: 3.08 to 20.07
Processing batch 12/12 (rows 11001-11035)
  Calculated 35 temperatures. Range: 2.98 to 17.95
Total observations: 11035, Unique timestamps: 2207
MR parameters: mass=0.28, elev=2591.0, b0=17.10, b1=0.98, b2=-0.48, b3=0.000124
Sample tb=278.43 K, log(mass)=-1.2730, 1/(kT)=41.665474, exponent=-3.8256, rmr=0.021804
Sample tb=279.43 K, log(mass)=-1.2730, 1/(kT)=41.515772, exponent=-3.7538, rmr=0.023429
Sample tb=274.05 K, log(mass)=-1.2730, 1/(kT)=42.332108, exponent=-4.1456, rmr=0.015833
Sample tb=288.15 K, log(mass)=-1.2730, 1/(kT)=40.260564, exponent=-3.1513, rmr=0.042797
Sample tb=286.37 K, log(mass)=-1.2730, 1/(kT)=40.510147, exponent=-3.2711, rmr=0.037965
MR results: 0 NA, 0 infinite, 0 negative, 0 zero
Energy calculations: 4623 non-zero gains, 11035 non-zero losses out of 11035 observations
Saved results to output/results/B1/2022/F/eb_results_MB_2022_B1_C1.rds

Processing: Species=MB, Year=2023, Origin=B1, Climate=C1, Sex=F
Looking for climate data at: /mmfs1/gscratch/biology/jmsmith/targeted_microclimate/C1/simplified_C1_2023.rds
Directory /mmfs1/gscratch/biology/jmsmith/targeted_microclimate/C1 exists. Contents:
simplified_C1_1945.rds
simplified_C1_1946.rds
simplified_C1_1947.rds
simplified_C1_1948.rds
simplified_C1_1949.rds
simplified_C1_1950.rds
simplified_C1_1951.rds
simplified_C1_1952.rds
simplified_C1_1953.rds
simplified_C1_1954.rds
simplified_C1_1955.rds
simplified_C1_1956.rds
simplified_C1_1957.rds
simplified_C1_1958.rds
simplified_C1_1959.rds
simplified_C1_1960.rds
simplified_C1_1961.rds
simplified_C1_1962.rds
simplified_C1_1963.rds
simplified_C1_1964.rds
simplified_C1_2005.rds
simplified_C1_2006.rds
simplified_C1_2007.rds
simplified_C1_2008.rds
simplified_C1_2009.rds
simplified_C1_2010.rds
simplified_C1_2011.rds
simplified_C1_2012.rds
simplified_C1_2013.rds
simplified_C1_2014.rds
simplified_C1_2015.rds
simplified_C1_2016.rds
simplified_C1_2017.rds
simplified_C1_2018.rds
simplified_C1_2019.rds
simplified_C1_2020.rds
simplified_C1_2021.rds
simplified_C1_2022.rds
simplified_C1_2023.rds
simplified_C1_2024.rds
Processing batch 1/12 (rows 1-1000)
  Calculated 1000 temperatures. Range: -3.64 to 50.73
Processing batch 2/12 (rows 1001-2000)
  Calculated 1000 temperatures. Range: 0.05 to 53.53
Processing batch 3/12 (rows 2001-3000)
  Calculated 1000 temperatures. Range: -1.69 to 45.10
Processing batch 4/12 (rows 3001-4000)
  Calculated 1000 temperatures. Range: 1.02 to 43.57
Processing batch 5/12 (rows 4001-5000)
  Calculated 1000 temperatures. Range: -1.70 to 36.87
Processing batch 6/12 (rows 5001-6000)
  Calculated 1000 temperatures. Range: 0.59 to 43.63
Processing batch 7/12 (rows 6001-7000)
  Calculated 1000 temperatures. Range: -0.29 to 38.08
Processing batch 8/12 (rows 7001-8000)
  Calculated 1000 temperatures. Range: -1.77 to 17.41
Processing batch 9/12 (rows 8001-9000)
  Calculated 1000 temperatures. Range: 0.65 to 16.79
Processing batch 10/12 (rows 9001-10000)
  Calculated 1000 temperatures. Range: -0.67 to 20.51
Processing batch 11/12 (rows 10001-11000)
  Calculated 1000 temperatures. Range: 1.89 to 21.03
Processing batch 12/12 (rows 11001-11035)
  Calculated 35 temperatures. Range: 4.73 to 18.99
Total observations: 11035, Unique timestamps: 2207
MR parameters: mass=0.28, elev=2591.0, b0=17.10, b1=0.98, b2=-0.48, b3=0.000124
Sample tb=277.27 K, log(mass)=-1.2730, 1/(kT)=41.840066, exponent=-3.9095, rmr=0.020051
Sample tb=280.32 K, log(mass)=-1.2730, 1/(kT)=41.384053, exponent=-3.6906, rmr=0.024958
Sample tb=319.52 K, log(mass)=-1.2730, 1/(kT)=36.307338, exponent=-1.2537, rmr=0.285434
Sample tb=285.37 K, log(mass)=-1.2730, 1/(kT)=40.652931, exponent=-3.3396, rmr=0.035450
Sample tb=300.55 K, log(mass)=-1.2730, 1/(kT)=38.599602, exponent=-2.3540, rmr=0.094985
MR results: 0 NA, 0 infinite, 0 negative, 0 zero
Energy calculations: 4363 non-zero gains, 11035 non-zero losses out of 11035 observations
Saved results to output/results/B1/2023/F/eb_results_MB_2023_B1_C1.rds

Processing: Species=MB, Year=2024, Origin=B1, Climate=C1, Sex=F
Looking for climate data at: /mmfs1/gscratch/biology/jmsmith/targeted_microclimate/C1/simplified_C1_2024.rds
Directory /mmfs1/gscratch/biology/jmsmith/targeted_microclimate/C1 exists. Contents:
simplified_C1_1945.rds
simplified_C1_1946.rds
simplified_C1_1947.rds
simplified_C1_1948.rds
simplified_C1_1949.rds
simplified_C1_1950.rds
simplified_C1_1951.rds
simplified_C1_1952.rds
simplified_C1_1953.rds
simplified_C1_1954.rds
simplified_C1_1955.rds
simplified_C1_1956.rds
simplified_C1_1957.rds
simplified_C1_1958.rds
simplified_C1_1959.rds
simplified_C1_1960.rds
simplified_C1_1961.rds
simplified_C1_1962.rds
simplified_C1_1963.rds
simplified_C1_1964.rds
simplified_C1_2005.rds
simplified_C1_2006.rds
simplified_C1_2007.rds
simplified_C1_2008.rds
simplified_C1_2009.rds
simplified_C1_2010.rds
simplified_C1_2011.rds
simplified_C1_2012.rds
simplified_C1_2013.rds
simplified_C1_2014.rds
simplified_C1_2015.rds
simplified_C1_2016.rds
simplified_C1_2017.rds
simplified_C1_2018.rds
simplified_C1_2019.rds
simplified_C1_2020.rds
simplified_C1_2021.rds
simplified_C1_2022.rds
simplified_C1_2023.rds
simplified_C1_2024.rds
Processing batch 1/12 (rows 1-1000)
  Calculated 1000 temperatures. Range: -3.61 to 52.33
Processing batch 2/12 (rows 1001-2000)
  Calculated 1000 temperatures. Range: 1.05 to 51.78
Processing batch 3/12 (rows 2001-3000)
  Calculated 1000 temperatures. Range: -2.10 to 43.00
Processing batch 4/12 (rows 3001-4000)
  Calculated 1000 temperatures. Range: -0.67 to 42.59
Processing batch 5/12 (rows 4001-5000)
  Calculated 1000 temperatures. Range: -2.17 to 42.53
Processing batch 6/12 (rows 5001-6000)
  Calculated 1000 temperatures. Range: -0.11 to 42.14
Processing batch 7/12 (rows 6001-7000)
  Calculated 1000 temperatures. Range: 0.07 to 41.86
Processing batch 8/12 (rows 7001-8000)
  Calculated 1000 temperatures. Range: -2.29 to 16.43
Processing batch 9/12 (rows 8001-9000)
  Calculated 1000 temperatures. Range: 0.68 to 17.44
Processing batch 10/12 (rows 9001-10000)
  Calculated 1000 temperatures. Range: -1.34 to 20.74
Processing batch 11/12 (rows 10001-11000)
  Calculated 1000 temperatures. Range: 2.16 to 20.55
Processing batch 12/12 (rows 11001-11035)
  Calculated 35 temperatures. Range: 1.89 to 16.85
Total observations: 11035, Unique timestamps: 2207
MR parameters: mass=0.28, elev=2591.0, b0=17.10, b1=0.98, b2=-0.48, b3=0.000124
Sample tb=302.30 K, log(mass)=-1.2730, 1/(kT)=38.375355, exponent=-2.2464, rmr=0.105780
Sample tb=312.57 K, log(mass)=-1.2730, 1/(kT)=37.114492, exponent=-1.6412, rmr=0.193752
Sample tb=279.22 K, log(mass)=-1.2730, 1/(kT)=41.547130, exponent=-3.7688, rmr=0.023079
Sample tb=292.58 K, log(mass)=-1.2730, 1/(kT)=39.649820, exponent=-2.8581, rmr=0.057376
Sample tb=279.66 K, log(mass)=-1.2730, 1/(kT)=41.482136, exponent=-3.7376, rmr=0.023810
MR results: 0 NA, 0 infinite, 0 negative, 0 zero
Energy calculations: 4627 non-zero gains, 11035 non-zero losses out of 11035 observations
Saved results to output/results/B1/2024/F/eb_results_MB_2024_B1_C1.rds

All years processed.
