Arguments received:
Species: MS
Years: 1945, 1946, 1947, 1948, 1949, 1950, 1951, 1952, 1953, 1954, 1955, 1956, 1957, 1958, 1959, 1960, 1961, 1962, 1963, 1964
Origin site: A1
Climate site: B1
Sex: M
Output directory: output/results/A1
Library paths:
[1] "/gscratch/biology/jmsmith/R"                          
[2] "/mmfs1/home/smithju/R/x86_64-pc-linux-gnu-library/4.4"
[3] "/usr/local/lib/R/site-library"                        
[4] "/usr/local/lib/R/library"                             
Package tidyverse loaded successfully
Package TrenchR loaded successfully
Package rTPC loaded successfully
Package lubridate loaded successfully

Processing: Species=MS, Year=1945, Origin=A1, Climate=B1, Sex=M
Looking for climate data at: /mmfs1/gscratch/biology/jmsmith/targeted_microclimate/B1/simplified_B1_1945.rds
Directory /mmfs1/gscratch/biology/jmsmith/targeted_microclimate/B1 exists. Contents:
simplified_B1_1945.rds
simplified_B1_1946.rds
simplified_B1_1947.rds
simplified_B1_1948.rds
simplified_B1_1949.rds
simplified_B1_1950.rds
simplified_B1_1951.rds
simplified_B1_1952.rds
simplified_B1_1953.rds
simplified_B1_1954.rds
simplified_B1_1955.rds
simplified_B1_1956.rds
simplified_B1_1957.rds
simplified_B1_1958.rds
simplified_B1_1959.rds
simplified_B1_1960.rds
simplified_B1_1961.rds
simplified_B1_1962.rds
simplified_B1_1963.rds
simplified_B1_1964.rds
simplified_B1_2005.rds
simplified_B1_2006.rds
simplified_B1_2007.rds
simplified_B1_2008.rds
simplified_B1_2009.rds
simplified_B1_2010.rds
simplified_B1_2011.rds
simplified_B1_2012.rds
simplified_B1_2013.rds
simplified_B1_2014.rds
simplified_B1_2015.rds
simplified_B1_2016.rds
simplified_B1_2017.rds
simplified_B1_2018.rds
simplified_B1_2019.rds
simplified_B1_2020.rds
simplified_B1_2021.rds
simplified_B1_2022.rds
simplified_B1_2023.rds
simplified_B1_2024.rds
Processing batch 1/12 (rows 1-1000)
  Calculated 1000 temperatures. Range: -9.60 to 54.93
Processing batch 2/12 (rows 1001-2000)
  Calculated 1000 temperatures. Range: 2.65 to 59.15
Processing batch 3/12 (rows 2001-3000)
  Calculated 1000 temperatures. Range: -8.71 to 52.63
Processing batch 4/12 (rows 3001-4000)
  Calculated 1000 temperatures. Range: 2.92 to 47.63
Processing batch 5/12 (rows 4001-5000)
  Calculated 1000 temperatures. Range: -7.94 to 48.64
Processing batch 6/12 (rows 5001-6000)
  Calculated 1000 temperatures. Range: 1.36 to 44.19
Processing batch 7/12 (rows 6001-7000)
  Calculated 1000 temperatures. Range: -5.96 to 45.38
Processing batch 8/12 (rows 7001-8000)
  Calculated 1000 temperatures. Range: -6.08 to 17.72
Processing batch 9/12 (rows 8001-9000)
  Calculated 1000 temperatures. Range: 0.46 to 18.59
Processing batch 10/12 (rows 9001-10000)
  Calculated 1000 temperatures. Range: -6.61 to 20.04
Processing batch 11/12 (rows 10001-11000)
  Calculated 1000 temperatures. Range: 4.25 to 20.83
Processing batch 12/12 (rows 11001-11035)
  Calculated 35 temperatures. Range: 6.32 to 19.34
Total observations: 11035, Unique timestamps: 2207
MR parameters: mass=0.33, elev=2195.0, b0=16.50, b1=0.85, b2=-0.47, b3=0.000108
Sample tb=281.00 K, log(mass)=-1.1087, 1/(kT)=41.284628, exponent=-3.6091, rmr=0.027077
Sample tb=273.66 K, log(mass)=-1.1087, 1/(kT)=42.391972, exponent=-4.1295, rmr=0.016090
Sample tb=288.75 K, log(mass)=-1.1087, 1/(kT)=40.176534, exponent=-3.0883, rmr=0.045581
Sample tb=279.14 K, log(mass)=-1.1087, 1/(kT)=41.558925, exponent=-3.7380, rmr=0.023802
Sample tb=279.54 K, log(mass)=-1.1087, 1/(kT)=41.500217, exponent=-3.7104, rmr=0.024468
MR results: 0 NA, 0 infinite, 0 negative, 0 zero
Energy calculations: 4971 non-zero gains, 11035 non-zero losses out of 11035 observations
Saved results to output/results/A1/1945/M/eb_results_MS_1945_A1_B1.rds

Processing: Species=MS, Year=1946, Origin=A1, Climate=B1, Sex=M
Looking for climate data at: /mmfs1/gscratch/biology/jmsmith/targeted_microclimate/B1/simplified_B1_1946.rds
Directory /mmfs1/gscratch/biology/jmsmith/targeted_microclimate/B1 exists. Contents:
simplified_B1_1945.rds
simplified_B1_1946.rds
simplified_B1_1947.rds
simplified_B1_1948.rds
simplified_B1_1949.rds
simplified_B1_1950.rds
simplified_B1_1951.rds
simplified_B1_1952.rds
simplified_B1_1953.rds
simplified_B1_1954.rds
simplified_B1_1955.rds
simplified_B1_1956.rds
simplified_B1_1957.rds
simplified_B1_1958.rds
simplified_B1_1959.rds
simplified_B1_1960.rds
simplified_B1_1961.rds
simplified_B1_1962.rds
simplified_B1_1963.rds
simplified_B1_1964.rds
simplified_B1_2005.rds
simplified_B1_2006.rds
simplified_B1_2007.rds
simplified_B1_2008.rds
simplified_B1_2009.rds
simplified_B1_2010.rds
simplified_B1_2011.rds
simplified_B1_2012.rds
simplified_B1_2013.rds
simplified_B1_2014.rds
simplified_B1_2015.rds
simplified_B1_2016.rds
simplified_B1_2017.rds
simplified_B1_2018.rds
simplified_B1_2019.rds
simplified_B1_2020.rds
simplified_B1_2021.rds
simplified_B1_2022.rds
simplified_B1_2023.rds
simplified_B1_2024.rds
Processing batch 1/12 (rows 1-1000)
  Calculated 1000 temperatures. Range: -3.49 to 60.00
Processing batch 2/12 (rows 1001-2000)
  Calculated 1000 temperatures. Range: 3.55 to 59.02
Processing batch 3/12 (rows 2001-3000)
  Calculated 1000 temperatures. Range: -2.56 to 49.14
Processing batch 4/12 (rows 3001-4000)
  Calculated 1000 temperatures. Range: 2.56 to 49.12
Processing batch 5/12 (rows 4001-5000)
  Calculated 1000 temperatures. Range: -1.95 to 43.06
Processing batch 6/12 (rows 5001-6000)
  Calculated 1000 temperatures. Range: 0.65 to 45.28
Processing batch 7/12 (rows 6001-7000)
  Calculated 1000 temperatures. Range: -0.10 to 40.59
Processing batch 8/12 (rows 7001-8000)
  Calculated 1000 temperatures. Range: -1.07 to 19.01
Processing batch 9/12 (rows 8001-9000)
  Calculated 1000 temperatures. Range: 0.35 to 19.26
Processing batch 10/12 (rows 9001-10000)
  Calculated 1000 temperatures. Range: -1.06 to 22.47
Processing batch 11/12 (rows 10001-11000)
  Calculated 1000 temperatures. Range: 4.02 to 21.17
Processing batch 12/12 (rows 11001-11035)
  Calculated 35 temperatures. Range: 3.81 to 15.02
Total observations: 11035, Unique timestamps: 2207
MR parameters: mass=0.33, elev=2195.0, b0=16.50, b1=0.85, b2=-0.47, b3=0.000108
Sample tb=287.91 K, log(mass)=-1.1087, 1/(kT)=40.293380, exponent=-3.1432, rmr=0.043145
Sample tb=276.27 K, log(mass)=-1.1087, 1/(kT)=41.990823, exponent=-3.9410, rmr=0.019429
Sample tb=285.40 K, log(mass)=-1.1087, 1/(kT)=40.648622, exponent=-3.3102, rmr=0.036510
Sample tb=291.64 K, log(mass)=-1.1087, 1/(kT)=39.778345, exponent=-2.9011, rmr=0.054961
Sample tb=290.38 K, log(mass)=-1.1087, 1/(kT)=39.951513, exponent=-2.9825, rmr=0.050665
MR results: 0 NA, 0 infinite, 0 negative, 0 zero
Energy calculations: 5391 non-zero gains, 11035 non-zero losses out of 11035 observations
Saved results to output/results/A1/1946/M/eb_results_MS_1946_A1_B1.rds

Processing: Species=MS, Year=1947, Origin=A1, Climate=B1, Sex=M
Looking for climate data at: /mmfs1/gscratch/biology/jmsmith/targeted_microclimate/B1/simplified_B1_1947.rds
Directory /mmfs1/gscratch/biology/jmsmith/targeted_microclimate/B1 exists. Contents:
simplified_B1_1945.rds
simplified_B1_1946.rds
simplified_B1_1947.rds
simplified_B1_1948.rds
simplified_B1_1949.rds
simplified_B1_1950.rds
simplified_B1_1951.rds
simplified_B1_1952.rds
simplified_B1_1953.rds
simplified_B1_1954.rds
simplified_B1_1955.rds
simplified_B1_1956.rds
simplified_B1_1957.rds
simplified_B1_1958.rds
simplified_B1_1959.rds
simplified_B1_1960.rds
simplified_B1_1961.rds
simplified_B1_1962.rds
simplified_B1_1963.rds
simplified_B1_1964.rds
simplified_B1_2005.rds
simplified_B1_2006.rds
simplified_B1_2007.rds
simplified_B1_2008.rds
simplified_B1_2009.rds
simplified_B1_2010.rds
simplified_B1_2011.rds
simplified_B1_2012.rds
simplified_B1_2013.rds
simplified_B1_2014.rds
simplified_B1_2015.rds
simplified_B1_2016.rds
simplified_B1_2017.rds
simplified_B1_2018.rds
simplified_B1_2019.rds
simplified_B1_2020.rds
simplified_B1_2021.rds
simplified_B1_2022.rds
simplified_B1_2023.rds
simplified_B1_2024.rds
Processing batch 1/12 (rows 1-1000)
  Calculated 1000 temperatures. Range: -8.28 to 60.00
Processing batch 2/12 (rows 1001-2000)
  Calculated 1000 temperatures. Range: 2.79 to 60.00
Processing batch 3/12 (rows 2001-3000)
  Calculated 1000 temperatures. Range: -7.54 to 53.41
Processing batch 4/12 (rows 3001-4000)
  Calculated 1000 temperatures. Range: 3.76 to 49.08
Processing batch 5/12 (rows 4001-5000)
  Calculated 1000 temperatures. Range: -7.66 to 42.94
Processing batch 6/12 (rows 5001-6000)
  Calculated 1000 temperatures. Range: 1.57 to 46.35
Processing batch 7/12 (rows 6001-7000)
  Calculated 1000 temperatures. Range: -6.53 to 40.44
Processing batch 8/12 (rows 7001-8000)
  Calculated 1000 temperatures. Range: 0.57 to 17.83
Processing batch 9/12 (rows 8001-9000)
  Calculated 1000 temperatures. Range: 0.79 to 18.88
Processing batch 10/12 (rows 9001-10000)
  Calculated 1000 temperatures. Range: -6.70 to 20.73
Processing batch 11/12 (rows 10001-11000)
  Calculated 1000 temperatures. Range: 4.39 to 21.76
Processing batch 12/12 (rows 11001-11035)
  Calculated 35 temperatures. Range: 6.64 to 17.73
Total observations: 11035, Unique timestamps: 2207
MR parameters: mass=0.33, elev=2195.0, b0=16.50, b1=0.85, b2=-0.47, b3=0.000108
Sample tb=285.86 K, log(mass)=-1.1087, 1/(kT)=40.582261, exponent=-3.2790, rmr=0.037667
Sample tb=283.41 K, log(mass)=-1.1087, 1/(kT)=40.933132, exponent=-3.4439, rmr=0.031941
Sample tb=280.35 K, log(mass)=-1.1087, 1/(kT)=41.379666, exponent=-3.6537, rmr=0.025894
Sample tb=277.68 K, log(mass)=-1.1087, 1/(kT)=41.777686, exponent=-3.8408, rmr=0.021476
Sample tb=278.15 K, log(mass)=-1.1087, 1/(kT)=41.707165, exponent=-3.8077, rmr=0.022200
MR results: 0 NA, 0 infinite, 0 negative, 0 zero
Energy calculations: 5050 non-zero gains, 11035 non-zero losses out of 11035 observations
Saved results to output/results/A1/1947/M/eb_results_MS_1947_A1_B1.rds

Processing: Species=MS, Year=1948, Origin=A1, Climate=B1, Sex=M
Looking for climate data at: /mmfs1/gscratch/biology/jmsmith/targeted_microclimate/B1/simplified_B1_1948.rds
Directory /mmfs1/gscratch/biology/jmsmith/targeted_microclimate/B1 exists. Contents:
simplified_B1_1945.rds
simplified_B1_1946.rds
simplified_B1_1947.rds
simplified_B1_1948.rds
simplified_B1_1949.rds
simplified_B1_1950.rds
simplified_B1_1951.rds
simplified_B1_1952.rds
simplified_B1_1953.rds
simplified_B1_1954.rds
simplified_B1_1955.rds
simplified_B1_1956.rds
simplified_B1_1957.rds
simplified_B1_1958.rds
simplified_B1_1959.rds
simplified_B1_1960.rds
simplified_B1_1961.rds
simplified_B1_1962.rds
simplified_B1_1963.rds
simplified_B1_1964.rds
simplified_B1_2005.rds
simplified_B1_2006.rds
simplified_B1_2007.rds
simplified_B1_2008.rds
simplified_B1_2009.rds
simplified_B1_2010.rds
simplified_B1_2011.rds
simplified_B1_2012.rds
simplified_B1_2013.rds
simplified_B1_2014.rds
simplified_B1_2015.rds
simplified_B1_2016.rds
simplified_B1_2017.rds
simplified_B1_2018.rds
simplified_B1_2019.rds
simplified_B1_2020.rds
simplified_B1_2021.rds
simplified_B1_2022.rds
simplified_B1_2023.rds
simplified_B1_2024.rds
Processing batch 1/12 (rows 1-1000)
  Calculated 1000 temperatures. Range: 0.03 to 59.87
Processing batch 2/12 (rows 1001-2000)
  Calculated 1000 temperatures. Range: 1.18 to 58.05
Processing batch 3/12 (rows 2001-3000)
  Calculated 1000 temperatures. Range: 1.29 to 51.10
Processing batch 4/12 (rows 3001-4000)
  Calculated 1000 temperatures. Range: 2.87 to 47.10
Processing batch 5/12 (rows 4001-5000)
  Calculated 1000 temperatures. Range: 1.71 to 46.89
Processing batch 6/12 (rows 5001-6000)
  Calculated 1000 temperatures. Range: 1.84 to 44.31
Processing batch 7/12 (rows 6001-7000)
  Calculated 1000 temperatures. Range: 2.65 to 44.07
Processing batch 8/12 (rows 7001-8000)
  Calculated 1000 temperatures. Range: 1.78 to 17.44
Processing batch 9/12 (rows 8001-9000)
  Calculated 1000 temperatures. Range: 2.26 to 19.39
Processing batch 10/12 (rows 9001-10000)
  Calculated 1000 temperatures. Range: 2.53 to 20.57
Processing batch 11/12 (rows 10001-11000)
  Calculated 1000 temperatures. Range: 3.66 to 21.87
Processing batch 12/12 (rows 11001-11035)
  Calculated 35 temperatures. Range: 5.25 to 21.60
Total observations: 11035, Unique timestamps: 2207
MR parameters: mass=0.33, elev=2195.0, b0=16.50, b1=0.85, b2=-0.47, b3=0.000108
Sample tb=283.62 K, log(mass)=-1.1087, 1/(kT)=40.902981, exponent=-3.4297, rmr=0.032397
Sample tb=283.93 K, log(mass)=-1.1087, 1/(kT)=40.857755, exponent=-3.4084, rmr=0.033093
Sample tb=277.85 K, log(mass)=-1.1087, 1/(kT)=41.753073, exponent=-3.8292, rmr=0.021726
Sample tb=288.04 K, log(mass)=-1.1087, 1/(kT)=40.275810, exponent=-3.1349, rmr=0.043503
Sample tb=279.93 K, log(mass)=-1.1087, 1/(kT)=41.442145, exponent=-3.6831, rmr=0.025145
MR results: 0 NA, 0 infinite, 0 negative, 0 zero
Energy calculations: 5272 non-zero gains, 11035 non-zero losses out of 11035 observations
Saved results to output/results/A1/1948/M/eb_results_MS_1948_A1_B1.rds

Processing: Species=MS, Year=1949, Origin=A1, Climate=B1, Sex=M
Looking for climate data at: /mmfs1/gscratch/biology/jmsmith/targeted_microclimate/B1/simplified_B1_1949.rds
Directory /mmfs1/gscratch/biology/jmsmith/targeted_microclimate/B1 exists. Contents:
simplified_B1_1945.rds
simplified_B1_1946.rds
simplified_B1_1947.rds
simplified_B1_1948.rds
simplified_B1_1949.rds
simplified_B1_1950.rds
simplified_B1_1951.rds
simplified_B1_1952.rds
simplified_B1_1953.rds
simplified_B1_1954.rds
simplified_B1_1955.rds
simplified_B1_1956.rds
simplified_B1_1957.rds
simplified_B1_1958.rds
simplified_B1_1959.rds
simplified_B1_1960.rds
simplified_B1_1961.rds
simplified_B1_1962.rds
simplified_B1_1963.rds
simplified_B1_1964.rds
simplified_B1_2005.rds
simplified_B1_2006.rds
simplified_B1_2007.rds
simplified_B1_2008.rds
simplified_B1_2009.rds
simplified_B1_2010.rds
simplified_B1_2011.rds
simplified_B1_2012.rds
simplified_B1_2013.rds
simplified_B1_2014.rds
simplified_B1_2015.rds
simplified_B1_2016.rds
simplified_B1_2017.rds
simplified_B1_2018.rds
simplified_B1_2019.rds
simplified_B1_2020.rds
simplified_B1_2021.rds
simplified_B1_2022.rds
simplified_B1_2023.rds
simplified_B1_2024.rds
Processing batch 1/12 (rows 1-1000)
  Calculated 1000 temperatures. Range: -4.04 to 54.83
Processing batch 2/12 (rows 1001-2000)
  Calculated 1000 temperatures. Range: 0.94 to 59.49
Processing batch 3/12 (rows 2001-3000)
  Calculated 1000 temperatures. Range: -2.29 to 53.76
Processing batch 4/12 (rows 3001-4000)
  Calculated 1000 temperatures. Range: 4.13 to 47.43
Processing batch 5/12 (rows 4001-5000)
  Calculated 1000 temperatures. Range: -2.15 to 47.97
Processing batch 6/12 (rows 5001-6000)
  Calculated 1000 temperatures. Range: 2.62 to 44.42
Processing batch 7/12 (rows 6001-7000)
  Calculated 1000 temperatures. Range: -1.18 to 44.80
Processing batch 8/12 (rows 7001-8000)
  Calculated 1000 temperatures. Range: 2.46 to 18.10
Processing batch 9/12 (rows 8001-9000)
  Calculated 1000 temperatures. Range: -0.65 to 17.57
Processing batch 10/12 (rows 9001-10000)
  Calculated 1000 temperatures. Range: 3.65 to 21.04
Processing batch 11/12 (rows 10001-11000)
  Calculated 1000 temperatures. Range: 3.76 to 21.59
Processing batch 12/12 (rows 11001-11035)
  Calculated 35 temperatures. Range: 4.22 to 14.95
Total observations: 11035, Unique timestamps: 2207
MR parameters: mass=0.33, elev=2195.0, b0=16.50, b1=0.85, b2=-0.47, b3=0.000108
Sample tb=280.94 K, log(mass)=-1.1087, 1/(kT)=41.293697, exponent=-3.6133, rmr=0.026962
Sample tb=315.88 K, log(mass)=-1.1087, 1/(kT)=36.725214, exponent=-1.4662, rmr=0.230812
Sample tb=287.42 K, log(mass)=-1.1087, 1/(kT)=40.362747, exponent=-3.1758, rmr=0.041761
Sample tb=285.93 K, log(mass)=-1.1087, 1/(kT)=40.572263, exponent=-3.2743, rmr=0.037845
Sample tb=277.28 K, log(mass)=-1.1087, 1/(kT)=41.838232, exponent=-3.8693, rmr=0.020874
MR results: 0 NA, 0 infinite, 0 negative, 0 zero
Energy calculations: 5231 non-zero gains, 11035 non-zero losses out of 11035 observations
Saved results to output/results/A1/1949/M/eb_results_MS_1949_A1_B1.rds

Processing: Species=MS, Year=1950, Origin=A1, Climate=B1, Sex=M
Looking for climate data at: /mmfs1/gscratch/biology/jmsmith/targeted_microclimate/B1/simplified_B1_1950.rds
Directory /mmfs1/gscratch/biology/jmsmith/targeted_microclimate/B1 exists. Contents:
simplified_B1_1945.rds
simplified_B1_1946.rds
simplified_B1_1947.rds
simplified_B1_1948.rds
simplified_B1_1949.rds
simplified_B1_1950.rds
simplified_B1_1951.rds
simplified_B1_1952.rds
simplified_B1_1953.rds
simplified_B1_1954.rds
simplified_B1_1955.rds
simplified_B1_1956.rds
simplified_B1_1957.rds
simplified_B1_1958.rds
simplified_B1_1959.rds
simplified_B1_1960.rds
simplified_B1_1961.rds
simplified_B1_1962.rds
simplified_B1_1963.rds
simplified_B1_1964.rds
simplified_B1_2005.rds
simplified_B1_2006.rds
simplified_B1_2007.rds
simplified_B1_2008.rds
simplified_B1_2009.rds
simplified_B1_2010.rds
simplified_B1_2011.rds
simplified_B1_2012.rds
simplified_B1_2013.rds
simplified_B1_2014.rds
simplified_B1_2015.rds
simplified_B1_2016.rds
simplified_B1_2017.rds
simplified_B1_2018.rds
simplified_B1_2019.rds
simplified_B1_2020.rds
simplified_B1_2021.rds
simplified_B1_2022.rds
simplified_B1_2023.rds
simplified_B1_2024.rds
Processing batch 1/12 (rows 1-1000)
  Calculated 1000 temperatures. Range: -8.27 to 60.00
Processing batch 2/12 (rows 1001-2000)
  Calculated 1000 temperatures. Range: 1.57 to 57.46
Processing batch 3/12 (rows 2001-3000)
  Calculated 1000 temperatures. Range: -7.17 to 54.66
Processing batch 4/12 (rows 3001-4000)
  Calculated 1000 temperatures. Range: 2.97 to 47.34
Processing batch 5/12 (rows 4001-5000)
  Calculated 1000 temperatures. Range: -6.90 to 46.19
Processing batch 6/12 (rows 5001-6000)
  Calculated 1000 temperatures. Range: 1.98 to 44.57
Processing batch 7/12 (rows 6001-7000)
  Calculated 1000 temperatures. Range: -4.24 to 42.25
Processing batch 8/12 (rows 7001-8000)
  Calculated 1000 temperatures. Range: 2.26 to 17.44
Processing batch 9/12 (rows 8001-9000)
  Calculated 1000 temperatures. Range: -4.75 to 19.87
Processing batch 10/12 (rows 9001-10000)
  Calculated 1000 temperatures. Range: -2.28 to 20.38
Processing batch 11/12 (rows 10001-11000)
  Calculated 1000 temperatures. Range: 2.08 to 19.78
Processing batch 12/12 (rows 11001-11035)
  Calculated 35 temperatures. Range: 3.42 to 19.87
Total observations: 11035, Unique timestamps: 2207
MR parameters: mass=0.33, elev=2195.0, b0=16.50, b1=0.85, b2=-0.47, b3=0.000108
Sample tb=278.96 K, log(mass)=-1.1087, 1/(kT)=41.586552, exponent=-3.7510, rmr=0.023495
Sample tb=284.87 K, log(mass)=-1.1087, 1/(kT)=40.723869, exponent=-3.3455, rmr=0.035242
Sample tb=280.58 K, log(mass)=-1.1087, 1/(kT)=41.346841, exponent=-3.6383, rmr=0.026297
Sample tb=309.31 K, log(mass)=-1.1087, 1/(kT)=37.505802, exponent=-1.8330, rmr=0.159928
Sample tb=276.11 K, log(mass)=-1.1087, 1/(kT)=42.016036, exponent=-3.9528, rmr=0.019200
MR results: 0 NA, 0 infinite, 0 negative, 0 zero
Energy calculations: 4831 non-zero gains, 11035 non-zero losses out of 11035 observations
Saved results to output/results/A1/1950/M/eb_results_MS_1950_A1_B1.rds

Processing: Species=MS, Year=1951, Origin=A1, Climate=B1, Sex=M
Looking for climate data at: /mmfs1/gscratch/biology/jmsmith/targeted_microclimate/B1/simplified_B1_1951.rds
Directory /mmfs1/gscratch/biology/jmsmith/targeted_microclimate/B1 exists. Contents:
simplified_B1_1945.rds
simplified_B1_1946.rds
simplified_B1_1947.rds
simplified_B1_1948.rds
simplified_B1_1949.rds
simplified_B1_1950.rds
simplified_B1_1951.rds
simplified_B1_1952.rds
simplified_B1_1953.rds
simplified_B1_1954.rds
simplified_B1_1955.rds
simplified_B1_1956.rds
simplified_B1_1957.rds
simplified_B1_1958.rds
simplified_B1_1959.rds
simplified_B1_1960.rds
simplified_B1_1961.rds
simplified_B1_1962.rds
simplified_B1_1963.rds
simplified_B1_1964.rds
simplified_B1_2005.rds
simplified_B1_2006.rds
simplified_B1_2007.rds
simplified_B1_2008.rds
simplified_B1_2009.rds
simplified_B1_2010.rds
simplified_B1_2011.rds
simplified_B1_2012.rds
simplified_B1_2013.rds
simplified_B1_2014.rds
simplified_B1_2015.rds
simplified_B1_2016.rds
simplified_B1_2017.rds
simplified_B1_2018.rds
simplified_B1_2019.rds
simplified_B1_2020.rds
simplified_B1_2021.rds
simplified_B1_2022.rds
simplified_B1_2023.rds
simplified_B1_2024.rds
Processing batch 1/12 (rows 1-1000)
  Calculated 1000 temperatures. Range: -7.24 to 60.00
Processing batch 2/12 (rows 1001-2000)
  Calculated 1000 temperatures. Range: 2.63 to 60.00
Processing batch 3/12 (rows 2001-3000)
  Calculated 1000 temperatures. Range: -7.10 to 47.66
Processing batch 4/12 (rows 3001-4000)
  Calculated 1000 temperatures. Range: 3.88 to 51.76
Processing batch 5/12 (rows 4001-5000)
  Calculated 1000 temperatures. Range: -6.36 to 42.86
Processing batch 6/12 (rows 5001-6000)
  Calculated 1000 temperatures. Range: 1.99 to 48.41
Processing batch 7/12 (rows 6001-7000)
  Calculated 1000 temperatures. Range: -6.18 to 40.84
Processing batch 8/12 (rows 7001-8000)
  Calculated 1000 temperatures. Range: 1.47 to 19.88
Processing batch 9/12 (rows 8001-9000)
  Calculated 1000 temperatures. Range: -6.17 to 19.24
Processing batch 10/12 (rows 9001-10000)
  Calculated 1000 temperatures. Range: -0.55 to 23.28
Processing batch 11/12 (rows 10001-11000)
  Calculated 1000 temperatures. Range: 4.50 to 22.80
Processing batch 12/12 (rows 11001-11035)
  Calculated 35 temperatures. Range: 4.74 to 17.24
Total observations: 11035, Unique timestamps: 2207
MR parameters: mass=0.33, elev=2195.0, b0=16.50, b1=0.85, b2=-0.47, b3=0.000108
Sample tb=315.74 K, log(mass)=-1.1087, 1/(kT)=36.741642, exponent=-1.4739, rmr=0.229036
Sample tb=271.17 K, log(mass)=-1.1087, 1/(kT)=42.781489, exponent=-4.3126, rmr=0.013399
Sample tb=269.31 K, log(mass)=-1.1087, 1/(kT)=43.076138, exponent=-4.4511, rmr=0.011666
Sample tb=298.80 K, log(mass)=-1.1087, 1/(kT)=38.824903, exponent=-2.4530, rmr=0.086034
Sample tb=280.48 K, log(mass)=-1.1087, 1/(kT)=41.360901, exponent=-3.6449, rmr=0.026123
MR results: 0 NA, 0 infinite, 0 negative, 0 zero
Energy calculations: 5153 non-zero gains, 11035 non-zero losses out of 11035 observations
Saved results to output/results/A1/1951/M/eb_results_MS_1951_A1_B1.rds

Processing: Species=MS, Year=1952, Origin=A1, Climate=B1, Sex=M
Looking for climate data at: /mmfs1/gscratch/biology/jmsmith/targeted_microclimate/B1/simplified_B1_1952.rds
Directory /mmfs1/gscratch/biology/jmsmith/targeted_microclimate/B1 exists. Contents:
simplified_B1_1945.rds
simplified_B1_1946.rds
simplified_B1_1947.rds
simplified_B1_1948.rds
simplified_B1_1949.rds
simplified_B1_1950.rds
simplified_B1_1951.rds
simplified_B1_1952.rds
simplified_B1_1953.rds
simplified_B1_1954.rds
simplified_B1_1955.rds
simplified_B1_1956.rds
simplified_B1_1957.rds
simplified_B1_1958.rds
simplified_B1_1959.rds
simplified_B1_1960.rds
simplified_B1_1961.rds
simplified_B1_1962.rds
simplified_B1_1963.rds
simplified_B1_1964.rds
simplified_B1_2005.rds
simplified_B1_2006.rds
simplified_B1_2007.rds
simplified_B1_2008.rds
simplified_B1_2009.rds
simplified_B1_2010.rds
simplified_B1_2011.rds
simplified_B1_2012.rds
simplified_B1_2013.rds
simplified_B1_2014.rds
simplified_B1_2015.rds
simplified_B1_2016.rds
simplified_B1_2017.rds
simplified_B1_2018.rds
simplified_B1_2019.rds
simplified_B1_2020.rds
simplified_B1_2021.rds
simplified_B1_2022.rds
simplified_B1_2023.rds
simplified_B1_2024.rds
Processing batch 1/12 (rows 1-1000)
  Calculated 1000 temperatures. Range: -3.92 to 60.00
Processing batch 2/12 (rows 1001-2000)
  Calculated 1000 temperatures. Range: 3.62 to 60.00
Processing batch 3/12 (rows 2001-3000)
  Calculated 1000 temperatures. Range: -1.39 to 56.95
Processing batch 4/12 (rows 3001-4000)
  Calculated 1000 temperatures. Range: 1.72 to 50.78
Processing batch 5/12 (rows 4001-5000)
  Calculated 1000 temperatures. Range: -1.16 to 51.11
Processing batch 6/12 (rows 5001-6000)
  Calculated 1000 temperatures. Range: 1.94 to 47.34
Processing batch 7/12 (rows 6001-7000)
  Calculated 1000 temperatures. Range: 0.04 to 44.14
Processing batch 8/12 (rows 7001-8000)
  Calculated 1000 temperatures. Range: 1.06 to 18.17
Processing batch 9/12 (rows 8001-9000)
  Calculated 1000 temperatures. Range: 1.31 to 20.31
Processing batch 10/12 (rows 9001-10000)
  Calculated 1000 temperatures. Range: 1.55 to 21.62
Processing batch 11/12 (rows 10001-11000)
  Calculated 1000 temperatures. Range: 5.28 to 22.27
Processing batch 12/12 (rows 11001-11035)
  Calculated 35 temperatures. Range: 2.32 to 17.54
Total observations: 11035, Unique timestamps: 2207
MR parameters: mass=0.33, elev=2195.0, b0=16.50, b1=0.85, b2=-0.47, b3=0.000108
Sample tb=284.23 K, log(mass)=-1.1087, 1/(kT)=40.815567, exponent=-3.3886, rmr=0.033755
Sample tb=305.34 K, log(mass)=-1.1087, 1/(kT)=37.992857, exponent=-2.0619, rmr=0.127206
Sample tb=294.39 K, log(mass)=-1.1087, 1/(kT)=39.407213, exponent=-2.7267, rmr=0.065435
Sample tb=274.76 K, log(mass)=-1.1087, 1/(kT)=42.221822, exponent=-4.0496, rmr=0.017430
Sample tb=278.58 K, log(mass)=-1.1087, 1/(kT)=41.643346, exponent=-3.7777, rmr=0.022876
MR results: 0 NA, 0 infinite, 0 negative, 0 zero
Energy calculations: 5582 non-zero gains, 11035 non-zero losses out of 11035 observations
Saved results to output/results/A1/1952/M/eb_results_MS_1952_A1_B1.rds

Processing: Species=MS, Year=1953, Origin=A1, Climate=B1, Sex=M
Looking for climate data at: /mmfs1/gscratch/biology/jmsmith/targeted_microclimate/B1/simplified_B1_1953.rds
Directory /mmfs1/gscratch/biology/jmsmith/targeted_microclimate/B1 exists. Contents:
simplified_B1_1945.rds
simplified_B1_1946.rds
simplified_B1_1947.rds
simplified_B1_1948.rds
simplified_B1_1949.rds
simplified_B1_1950.rds
simplified_B1_1951.rds
simplified_B1_1952.rds
simplified_B1_1953.rds
simplified_B1_1954.rds
simplified_B1_1955.rds
simplified_B1_1956.rds
simplified_B1_1957.rds
simplified_B1_1958.rds
simplified_B1_1959.rds
simplified_B1_1960.rds
simplified_B1_1961.rds
simplified_B1_1962.rds
simplified_B1_1963.rds
simplified_B1_1964.rds
simplified_B1_2005.rds
simplified_B1_2006.rds
simplified_B1_2007.rds
simplified_B1_2008.rds
simplified_B1_2009.rds
simplified_B1_2010.rds
simplified_B1_2011.rds
simplified_B1_2012.rds
simplified_B1_2013.rds
simplified_B1_2014.rds
simplified_B1_2015.rds
simplified_B1_2016.rds
simplified_B1_2017.rds
simplified_B1_2018.rds
simplified_B1_2019.rds
simplified_B1_2020.rds
simplified_B1_2021.rds
simplified_B1_2022.rds
simplified_B1_2023.rds
simplified_B1_2024.rds
Processing batch 1/12 (rows 1-1000)
  Calculated 1000 temperatures. Range: -3.38 to 59.86
Processing batch 2/12 (rows 1001-2000)
  Calculated 1000 temperatures. Range: 1.77 to 60.00
Processing batch 3/12 (rows 2001-3000)
  Calculated 1000 temperatures. Range: -0.78 to 50.21
Processing batch 4/12 (rows 3001-4000)
  Calculated 1000 temperatures. Range: 4.54 to 48.74
Processing batch 5/12 (rows 4001-5000)
  Calculated 1000 temperatures. Range: -0.95 to 42.56
Processing batch 6/12 (rows 5001-6000)
  Calculated 1000 temperatures. Range: 2.98 to 46.04
Processing batch 7/12 (rows 6001-7000)
  Calculated 1000 temperatures. Range: 0.00 to 46.51
Processing batch 8/12 (rows 7001-8000)
  Calculated 1000 temperatures. Range: 1.93 to 18.79
Processing batch 9/12 (rows 8001-9000)
  Calculated 1000 temperatures. Range: 1.20 to 18.11
Processing batch 10/12 (rows 9001-10000)
  Calculated 1000 temperatures. Range: 2.25 to 21.64
Processing batch 11/12 (rows 10001-11000)
  Calculated 1000 temperatures. Range: 3.78 to 21.76
Processing batch 12/12 (rows 11001-11035)
  Calculated 35 temperatures. Range: 5.54 to 18.77
Total observations: 11035, Unique timestamps: 2207
MR parameters: mass=0.33, elev=2195.0, b0=16.50, b1=0.85, b2=-0.47, b3=0.000108
Sample tb=287.21 K, log(mass)=-1.1087, 1/(kT)=40.391552, exponent=-3.1893, rmr=0.041199
Sample tb=318.24 K, log(mass)=-1.1087, 1/(kT)=36.452958, exponent=-1.3382, rmr=0.262319
Sample tb=282.30 K, log(mass)=-1.1087, 1/(kT)=41.094607, exponent=-3.5198, rmr=0.029606
Sample tb=286.52 K, log(mass)=-1.1087, 1/(kT)=40.489445, exponent=-3.2353, rmr=0.039347
Sample tb=280.64 K, log(mass)=-1.1087, 1/(kT)=41.337410, exponent=-3.6339, rmr=0.026413
MR results: 0 NA, 0 infinite, 0 negative, 0 zero
Energy calculations: 5655 non-zero gains, 11035 non-zero losses out of 11035 observations
Saved results to output/results/A1/1953/M/eb_results_MS_1953_A1_B1.rds

Processing: Species=MS, Year=1954, Origin=A1, Climate=B1, Sex=M
Looking for climate data at: /mmfs1/gscratch/biology/jmsmith/targeted_microclimate/B1/simplified_B1_1954.rds
Directory /mmfs1/gscratch/biology/jmsmith/targeted_microclimate/B1 exists. Contents:
simplified_B1_1945.rds
simplified_B1_1946.rds
simplified_B1_1947.rds
simplified_B1_1948.rds
simplified_B1_1949.rds
simplified_B1_1950.rds
simplified_B1_1951.rds
simplified_B1_1952.rds
simplified_B1_1953.rds
simplified_B1_1954.rds
simplified_B1_1955.rds
simplified_B1_1956.rds
simplified_B1_1957.rds
simplified_B1_1958.rds
simplified_B1_1959.rds
simplified_B1_1960.rds
simplified_B1_1961.rds
simplified_B1_1962.rds
simplified_B1_1963.rds
simplified_B1_1964.rds
simplified_B1_2005.rds
simplified_B1_2006.rds
simplified_B1_2007.rds
simplified_B1_2008.rds
simplified_B1_2009.rds
simplified_B1_2010.rds
simplified_B1_2011.rds
simplified_B1_2012.rds
simplified_B1_2013.rds
simplified_B1_2014.rds
simplified_B1_2015.rds
simplified_B1_2016.rds
simplified_B1_2017.rds
simplified_B1_2018.rds
simplified_B1_2019.rds
simplified_B1_2020.rds
simplified_B1_2021.rds
simplified_B1_2022.rds
simplified_B1_2023.rds
simplified_B1_2024.rds
Processing batch 1/12 (rows 1-1000)
  Calculated 1000 temperatures. Range: -5.78 to 60.00
Processing batch 2/12 (rows 1001-2000)
  Calculated 1000 temperatures. Range: 1.46 to 60.00
Processing batch 3/12 (rows 2001-3000)
  Calculated 1000 temperatures. Range: -4.17 to 58.92
Processing batch 4/12 (rows 3001-4000)
  Calculated 1000 temperatures. Range: 3.72 to 51.75
Processing batch 5/12 (rows 4001-5000)
  Calculated 1000 temperatures. Range: -3.46 to 48.50
Processing batch 6/12 (rows 5001-6000)
  Calculated 1000 temperatures. Range: 3.78 to 47.92
Processing batch 7/12 (rows 6001-7000)
  Calculated 1000 temperatures. Range: -1.75 to 45.47
Processing batch 8/12 (rows 7001-8000)
  Calculated 1000 temperatures. Range: 2.71 to 20.07
Processing batch 9/12 (rows 8001-9000)
  Calculated 1000 temperatures. Range: -1.39 to 19.02
Processing batch 10/12 (rows 9001-10000)
  Calculated 1000 temperatures. Range: -0.89 to 25.35
Processing batch 11/12 (rows 10001-11000)
  Calculated 1000 temperatures. Range: 3.28 to 22.30
Processing batch 12/12 (rows 11001-11035)
  Calculated 35 temperatures. Range: 5.26 to 20.74
Total observations: 11035, Unique timestamps: 2207
MR parameters: mass=0.33, elev=2195.0, b0=16.50, b1=0.85, b2=-0.47, b3=0.000108
Sample tb=288.79 K, log(mass)=-1.1087, 1/(kT)=40.171036, exponent=-3.0857, rmr=0.045698
Sample tb=286.36 K, log(mass)=-1.1087, 1/(kT)=40.511257, exponent=-3.2456, rmr=0.038945
Sample tb=282.62 K, log(mass)=-1.1087, 1/(kT)=41.047168, exponent=-3.4975, rmr=0.030274
Sample tb=281.51 K, log(mass)=-1.1087, 1/(kT)=41.209935, exponent=-3.5740, rmr=0.028044
Sample tb=286.84 K, log(mass)=-1.1087, 1/(kT)=40.443987, exponent=-3.2140, rmr=0.040196
MR results: 0 NA, 0 infinite, 0 negative, 0 zero
Energy calculations: 5810 non-zero gains, 11035 non-zero losses out of 11035 observations
Saved results to output/results/A1/1954/M/eb_results_MS_1954_A1_B1.rds

Processing: Species=MS, Year=1955, Origin=A1, Climate=B1, Sex=M
Looking for climate data at: /mmfs1/gscratch/biology/jmsmith/targeted_microclimate/B1/simplified_B1_1955.rds
Directory /mmfs1/gscratch/biology/jmsmith/targeted_microclimate/B1 exists. Contents:
simplified_B1_1945.rds
simplified_B1_1946.rds
simplified_B1_1947.rds
simplified_B1_1948.rds
simplified_B1_1949.rds
simplified_B1_1950.rds
simplified_B1_1951.rds
simplified_B1_1952.rds
simplified_B1_1953.rds
simplified_B1_1954.rds
simplified_B1_1955.rds
simplified_B1_1956.rds
simplified_B1_1957.rds
simplified_B1_1958.rds
simplified_B1_1959.rds
simplified_B1_1960.rds
simplified_B1_1961.rds
simplified_B1_1962.rds
simplified_B1_1963.rds
simplified_B1_1964.rds
simplified_B1_2005.rds
simplified_B1_2006.rds
simplified_B1_2007.rds
simplified_B1_2008.rds
simplified_B1_2009.rds
simplified_B1_2010.rds
simplified_B1_2011.rds
simplified_B1_2012.rds
simplified_B1_2013.rds
simplified_B1_2014.rds
simplified_B1_2015.rds
simplified_B1_2016.rds
simplified_B1_2017.rds
simplified_B1_2018.rds
simplified_B1_2019.rds
simplified_B1_2020.rds
simplified_B1_2021.rds
simplified_B1_2022.rds
simplified_B1_2023.rds
simplified_B1_2024.rds
Processing batch 1/12 (rows 1-1000)
  Calculated 1000 temperatures. Range: -5.04 to 57.24
Processing batch 2/12 (rows 1001-2000)
  Calculated 1000 temperatures. Range: -0.07 to 58.06
Processing batch 3/12 (rows 2001-3000)
  Calculated 1000 temperatures. Range: -2.76 to 54.28
Processing batch 4/12 (rows 3001-4000)
  Calculated 1000 temperatures. Range: 2.52 to 47.42
Processing batch 5/12 (rows 4001-5000)
  Calculated 1000 temperatures. Range: -1.15 to 45.06
Processing batch 6/12 (rows 5001-6000)
  Calculated 1000 temperatures. Range: 1.14 to 44.22
Processing batch 7/12 (rows 6001-7000)
  Calculated 1000 temperatures. Range: -0.73 to 42.91
Processing batch 8/12 (rows 7001-8000)
  Calculated 1000 temperatures. Range: 1.32 to 18.01
Processing batch 9/12 (rows 8001-9000)
  Calculated 1000 temperatures. Range: -0.26 to 18.06
Processing batch 10/12 (rows 9001-10000)
  Calculated 1000 temperatures. Range: 0.60 to 23.45
Processing batch 11/12 (rows 10001-11000)
  Calculated 1000 temperatures. Range: 3.67 to 21.55
Processing batch 12/12 (rows 11001-11035)
  Calculated 35 temperatures. Range: 3.51 to 18.73
Total observations: 11035, Unique timestamps: 2207
MR parameters: mass=0.33, elev=2195.0, b0=16.50, b1=0.85, b2=-0.47, b3=0.000108
Sample tb=291.92 K, log(mass)=-1.1087, 1/(kT)=39.740723, exponent=-2.8834, rmr=0.055942
Sample tb=281.52 K, log(mass)=-1.1087, 1/(kT)=41.208830, exponent=-3.5735, rmr=0.028059
Sample tb=289.24 K, log(mass)=-1.1087, 1/(kT)=40.108315, exponent=-3.0562, rmr=0.047066
Sample tb=280.69 K, log(mass)=-1.1087, 1/(kT)=41.330259, exponent=-3.6305, rmr=0.026502
Sample tb=282.09 K, log(mass)=-1.1087, 1/(kT)=41.124320, exponent=-3.5337, rmr=0.029196
MR results: 0 NA, 0 infinite, 0 negative, 0 zero
Energy calculations: 5389 non-zero gains, 11035 non-zero losses out of 11035 observations
Saved results to output/results/A1/1955/M/eb_results_MS_1955_A1_B1.rds

Processing: Species=MS, Year=1956, Origin=A1, Climate=B1, Sex=M
Looking for climate data at: /mmfs1/gscratch/biology/jmsmith/targeted_microclimate/B1/simplified_B1_1956.rds
Directory /mmfs1/gscratch/biology/jmsmith/targeted_microclimate/B1 exists. Contents:
simplified_B1_1945.rds
simplified_B1_1946.rds
simplified_B1_1947.rds
simplified_B1_1948.rds
simplified_B1_1949.rds
simplified_B1_1950.rds
simplified_B1_1951.rds
simplified_B1_1952.rds
simplified_B1_1953.rds
simplified_B1_1954.rds
simplified_B1_1955.rds
simplified_B1_1956.rds
simplified_B1_1957.rds
simplified_B1_1958.rds
simplified_B1_1959.rds
simplified_B1_1960.rds
simplified_B1_1961.rds
simplified_B1_1962.rds
simplified_B1_1963.rds
simplified_B1_1964.rds
simplified_B1_2005.rds
simplified_B1_2006.rds
simplified_B1_2007.rds
simplified_B1_2008.rds
simplified_B1_2009.rds
simplified_B1_2010.rds
simplified_B1_2011.rds
simplified_B1_2012.rds
simplified_B1_2013.rds
simplified_B1_2014.rds
simplified_B1_2015.rds
simplified_B1_2016.rds
simplified_B1_2017.rds
simplified_B1_2018.rds
simplified_B1_2019.rds
simplified_B1_2020.rds
simplified_B1_2021.rds
simplified_B1_2022.rds
simplified_B1_2023.rds
simplified_B1_2024.rds
Processing batch 1/12 (rows 1-1000)
  Calculated 1000 temperatures. Range: -0.20 to 60.00
Processing batch 2/12 (rows 1001-2000)
  Calculated 1000 temperatures. Range: 1.67 to 57.60
Processing batch 3/12 (rows 2001-3000)
  Calculated 1000 temperatures. Range: -2.97 to 56.10
Processing batch 4/12 (rows 3001-4000)
  Calculated 1000 temperatures. Range: 3.09 to 46.94
Processing batch 5/12 (rows 4001-5000)
  Calculated 1000 temperatures. Range: -1.84 to 48.08
Processing batch 6/12 (rows 5001-6000)
  Calculated 1000 temperatures. Range: 3.39 to 43.90
Processing batch 7/12 (rows 6001-7000)
  Calculated 1000 temperatures. Range: -1.26 to 43.75
Processing batch 8/12 (rows 7001-8000)
  Calculated 1000 temperatures. Range: 1.42 to 17.56
Processing batch 9/12 (rows 8001-9000)
  Calculated 1000 temperatures. Range: -0.18 to 19.17
Processing batch 10/12 (rows 9001-10000)
  Calculated 1000 temperatures. Range: 3.26 to 20.99
Processing batch 11/12 (rows 10001-11000)
  Calculated 1000 temperatures. Range: 3.79 to 20.88
Processing batch 12/12 (rows 11001-11035)
  Calculated 35 temperatures. Range: -0.22 to 14.78
Total observations: 11035, Unique timestamps: 2207
MR parameters: mass=0.33, elev=2195.0, b0=16.50, b1=0.85, b2=-0.47, b3=0.000108
Sample tb=282.58 K, log(mass)=-1.1087, 1/(kT)=41.053825, exponent=-3.5006, rmr=0.030179
Sample tb=287.76 K, log(mass)=-1.1087, 1/(kT)=40.314749, exponent=-3.1532, rmr=0.042714
Sample tb=281.16 K, log(mass)=-1.1087, 1/(kT)=41.261376, exponent=-3.5981, rmr=0.027374
Sample tb=284.79 K, log(mass)=-1.1087, 1/(kT)=40.735021, exponent=-3.3508, rmr=0.035058
Sample tb=283.16 K, log(mass)=-1.1087, 1/(kT)=40.970144, exponent=-3.4613, rmr=0.031390
MR results: 0 NA, 0 infinite, 0 negative, 0 zero
Energy calculations: 5366 non-zero gains, 11035 non-zero losses out of 11035 observations
Saved results to output/results/A1/1956/M/eb_results_MS_1956_A1_B1.rds

Processing: Species=MS, Year=1957, Origin=A1, Climate=B1, Sex=M
Looking for climate data at: /mmfs1/gscratch/biology/jmsmith/targeted_microclimate/B1/simplified_B1_1957.rds
Directory /mmfs1/gscratch/biology/jmsmith/targeted_microclimate/B1 exists. Contents:
simplified_B1_1945.rds
simplified_B1_1946.rds
simplified_B1_1947.rds
simplified_B1_1948.rds
simplified_B1_1949.rds
simplified_B1_1950.rds
simplified_B1_1951.rds
simplified_B1_1952.rds
simplified_B1_1953.rds
simplified_B1_1954.rds
simplified_B1_1955.rds
simplified_B1_1956.rds
simplified_B1_1957.rds
simplified_B1_1958.rds
simplified_B1_1959.rds
simplified_B1_1960.rds
simplified_B1_1961.rds
simplified_B1_1962.rds
simplified_B1_1963.rds
simplified_B1_1964.rds
simplified_B1_2005.rds
simplified_B1_2006.rds
simplified_B1_2007.rds
simplified_B1_2008.rds
simplified_B1_2009.rds
simplified_B1_2010.rds
simplified_B1_2011.rds
simplified_B1_2012.rds
simplified_B1_2013.rds
simplified_B1_2014.rds
simplified_B1_2015.rds
simplified_B1_2016.rds
simplified_B1_2017.rds
simplified_B1_2018.rds
simplified_B1_2019.rds
simplified_B1_2020.rds
simplified_B1_2021.rds
simplified_B1_2022.rds
simplified_B1_2023.rds
simplified_B1_2024.rds
Processing batch 1/12 (rows 1-1000)
  Calculated 1000 temperatures. Range: -2.22 to 60.00
Processing batch 2/12 (rows 1001-2000)
  Calculated 1000 temperatures. Range: 2.96 to 59.79
Processing batch 3/12 (rows 2001-3000)
  Calculated 1000 temperatures. Range: -0.83 to 58.99
Processing batch 4/12 (rows 3001-4000)
  Calculated 1000 temperatures. Range: 2.90 to 49.51
Processing batch 5/12 (rows 4001-5000)
  Calculated 1000 temperatures. Range: -0.56 to 47.32
Processing batch 6/12 (rows 5001-6000)
  Calculated 1000 temperatures. Range: 3.03 to 45.81
Processing batch 7/12 (rows 6001-7000)
  Calculated 1000 temperatures. Range: 0.65 to 44.56
Processing batch 8/12 (rows 7001-8000)
  Calculated 1000 temperatures. Range: -0.35 to 17.93
Processing batch 9/12 (rows 8001-9000)
  Calculated 1000 temperatures. Range: 2.03 to 18.86
Processing batch 10/12 (rows 9001-10000)
  Calculated 1000 temperatures. Range: 0.18 to 22.17
Processing batch 11/12 (rows 10001-11000)
  Calculated 1000 temperatures. Range: 4.22 to 21.45
Processing batch 12/12 (rows 11001-11035)
  Calculated 35 temperatures. Range: 5.12 to 14.73
Total observations: 11035, Unique timestamps: 2207
MR parameters: mass=0.33, elev=2195.0, b0=16.50, b1=0.85, b2=-0.47, b3=0.000108
Sample tb=287.00 K, log(mass)=-1.1087, 1/(kT)=40.420831, exponent=-3.2031, rmr=0.040636
Sample tb=303.99 K, log(mass)=-1.1087, 1/(kT)=38.162575, exponent=-2.1417, rmr=0.117453
Sample tb=281.83 K, log(mass)=-1.1087, 1/(kT)=41.163159, exponent=-3.5520, rmr=0.028668
Sample tb=287.46 K, log(mass)=-1.1087, 1/(kT)=40.356667, exponent=-3.1729, rmr=0.041880
Sample tb=328.58 K, log(mass)=-1.1087, 1/(kT)=35.305770, exponent=-0.7990, rmr=0.449772
MR results: 0 NA, 0 infinite, 0 negative, 0 zero
Energy calculations: 5440 non-zero gains, 11035 non-zero losses out of 11035 observations
Saved results to output/results/A1/1957/M/eb_results_MS_1957_A1_B1.rds

Processing: Species=MS, Year=1958, Origin=A1, Climate=B1, Sex=M
Looking for climate data at: /mmfs1/gscratch/biology/jmsmith/targeted_microclimate/B1/simplified_B1_1958.rds
Directory /mmfs1/gscratch/biology/jmsmith/targeted_microclimate/B1 exists. Contents:
simplified_B1_1945.rds
simplified_B1_1946.rds
simplified_B1_1947.rds
simplified_B1_1948.rds
simplified_B1_1949.rds
simplified_B1_1950.rds
simplified_B1_1951.rds
simplified_B1_1952.rds
simplified_B1_1953.rds
simplified_B1_1954.rds
simplified_B1_1955.rds
simplified_B1_1956.rds
simplified_B1_1957.rds
simplified_B1_1958.rds
simplified_B1_1959.rds
simplified_B1_1960.rds
simplified_B1_1961.rds
simplified_B1_1962.rds
simplified_B1_1963.rds
simplified_B1_1964.rds
simplified_B1_2005.rds
simplified_B1_2006.rds
simplified_B1_2007.rds
simplified_B1_2008.rds
simplified_B1_2009.rds
simplified_B1_2010.rds
simplified_B1_2011.rds
simplified_B1_2012.rds
simplified_B1_2013.rds
simplified_B1_2014.rds
simplified_B1_2015.rds
simplified_B1_2016.rds
simplified_B1_2017.rds
simplified_B1_2018.rds
simplified_B1_2019.rds
simplified_B1_2020.rds
simplified_B1_2021.rds
simplified_B1_2022.rds
simplified_B1_2023.rds
simplified_B1_2024.rds
Processing batch 1/12 (rows 1-1000)
  Calculated 1000 temperatures. Range: -0.71 to 56.75
Processing batch 2/12 (rows 1001-2000)
  Calculated 1000 temperatures. Range: 1.79 to 59.81
Processing batch 3/12 (rows 2001-3000)
  Calculated 1000 temperatures. Range: 0.80 to 49.27
Processing batch 4/12 (rows 3001-4000)
  Calculated 1000 temperatures. Range: 3.45 to 48.83
Processing batch 5/12 (rows 4001-5000)
  Calculated 1000 temperatures. Range: 1.22 to 42.50
Processing batch 6/12 (rows 5001-6000)
  Calculated 1000 temperatures. Range: 2.19 to 45.51
Processing batch 7/12 (rows 6001-7000)
  Calculated 1000 temperatures. Range: 1.41 to 45.54
Processing batch 8/12 (rows 7001-8000)
  Calculated 1000 temperatures. Range: 2.03 to 17.11
Processing batch 9/12 (rows 8001-9000)
  Calculated 1000 temperatures. Range: 2.80 to 20.03
Processing batch 10/12 (rows 9001-10000)
  Calculated 1000 temperatures. Range: 2.09 to 21.07
Processing batch 11/12 (rows 10001-11000)
  Calculated 1000 temperatures. Range: 4.49 to 22.01
Processing batch 12/12 (rows 11001-11035)
  Calculated 35 temperatures. Range: 3.48 to 17.90
Total observations: 11035, Unique timestamps: 2207
MR parameters: mass=0.33, elev=2195.0, b0=16.50, b1=0.85, b2=-0.47, b3=0.000108
Sample tb=280.68 K, log(mass)=-1.1087, 1/(kT)=41.331573, exponent=-3.6311, rmr=0.026486
Sample tb=276.16 K, log(mass)=-1.1087, 1/(kT)=42.008443, exponent=-3.9493, rmr=0.019269
Sample tb=286.47 K, log(mass)=-1.1087, 1/(kT)=40.496626, exponent=-3.2387, rmr=0.039214
Sample tb=279.38 K, log(mass)=-1.1087, 1/(kT)=41.523277, exponent=-3.7212, rmr=0.024204
Sample tb=317.17 K, log(mass)=-1.1087, 1/(kT)=36.576440, exponent=-1.3962, rmr=0.247528
MR results: 0 NA, 0 infinite, 0 negative, 0 zero
Energy calculations: 5302 non-zero gains, 11035 non-zero losses out of 11035 observations
Saved results to output/results/A1/1958/M/eb_results_MS_1958_A1_B1.rds

Processing: Species=MS, Year=1959, Origin=A1, Climate=B1, Sex=M
Looking for climate data at: /mmfs1/gscratch/biology/jmsmith/targeted_microclimate/B1/simplified_B1_1959.rds
Directory /mmfs1/gscratch/biology/jmsmith/targeted_microclimate/B1 exists. Contents:
simplified_B1_1945.rds
simplified_B1_1946.rds
simplified_B1_1947.rds
simplified_B1_1948.rds
simplified_B1_1949.rds
simplified_B1_1950.rds
simplified_B1_1951.rds
simplified_B1_1952.rds
simplified_B1_1953.rds
simplified_B1_1954.rds
simplified_B1_1955.rds
simplified_B1_1956.rds
simplified_B1_1957.rds
simplified_B1_1958.rds
simplified_B1_1959.rds
simplified_B1_1960.rds
simplified_B1_1961.rds
simplified_B1_1962.rds
simplified_B1_1963.rds
simplified_B1_1964.rds
simplified_B1_2005.rds
simplified_B1_2006.rds
simplified_B1_2007.rds
simplified_B1_2008.rds
simplified_B1_2009.rds
simplified_B1_2010.rds
simplified_B1_2011.rds
simplified_B1_2012.rds
simplified_B1_2013.rds
simplified_B1_2014.rds
simplified_B1_2015.rds
simplified_B1_2016.rds
simplified_B1_2017.rds
simplified_B1_2018.rds
simplified_B1_2019.rds
simplified_B1_2020.rds
simplified_B1_2021.rds
simplified_B1_2022.rds
simplified_B1_2023.rds
simplified_B1_2024.rds
Processing batch 1/12 (rows 1-1000)
  Calculated 1000 temperatures. Range: -2.36 to 60.00
Processing batch 2/12 (rows 1001-2000)
  Calculated 1000 temperatures. Range: 3.66 to 60.00
Processing batch 3/12 (rows 2001-3000)
  Calculated 1000 temperatures. Range: -1.53 to 50.58
Processing batch 4/12 (rows 3001-4000)
  Calculated 1000 temperatures. Range: 2.25 to 50.14
Processing batch 5/12 (rows 4001-5000)
  Calculated 1000 temperatures. Range: -0.69 to 48.15
Processing batch 6/12 (rows 5001-6000)
  Calculated 1000 temperatures. Range: 2.27 to 47.01
Processing batch 7/12 (rows 6001-7000)
  Calculated 1000 temperatures. Range: 0.93 to 46.90
Processing batch 8/12 (rows 7001-8000)
  Calculated 1000 temperatures. Range: 2.08 to 18.84
Processing batch 9/12 (rows 8001-9000)
  Calculated 1000 temperatures. Range: 0.51 to 21.15
Processing batch 10/12 (rows 9001-10000)
  Calculated 1000 temperatures. Range: 3.31 to 21.15
Processing batch 11/12 (rows 10001-11000)
  Calculated 1000 temperatures. Range: 4.85 to 22.14
Processing batch 12/12 (rows 11001-11035)
  Calculated 35 temperatures. Range: 4.88 to 18.93
Total observations: 11035, Unique timestamps: 2207
MR parameters: mass=0.33, elev=2195.0, b0=16.50, b1=0.85, b2=-0.47, b3=0.000108
Sample tb=283.62 K, log(mass)=-1.1087, 1/(kT)=40.903616, exponent=-3.4300, rmr=0.032387
Sample tb=307.88 K, log(mass)=-1.1087, 1/(kT)=37.679766, exponent=-1.9148, rmr=0.147372
Sample tb=277.95 K, log(mass)=-1.1087, 1/(kT)=41.736878, exponent=-3.8216, rmr=0.021892
Sample tb=296.70 K, log(mass)=-1.1087, 1/(kT)=39.100281, exponent=-2.5824, rmr=0.075590
Sample tb=289.48 K, log(mass)=-1.1087, 1/(kT)=40.074833, exponent=-3.0405, rmr=0.047812
MR results: 0 NA, 0 infinite, 0 negative, 0 zero
Energy calculations: 5743 non-zero gains, 11035 non-zero losses out of 11035 observations
Saved results to output/results/A1/1959/M/eb_results_MS_1959_A1_B1.rds

Processing: Species=MS, Year=1960, Origin=A1, Climate=B1, Sex=M
Looking for climate data at: /mmfs1/gscratch/biology/jmsmith/targeted_microclimate/B1/simplified_B1_1960.rds
Directory /mmfs1/gscratch/biology/jmsmith/targeted_microclimate/B1 exists. Contents:
simplified_B1_1945.rds
simplified_B1_1946.rds
simplified_B1_1947.rds
simplified_B1_1948.rds
simplified_B1_1949.rds
simplified_B1_1950.rds
simplified_B1_1951.rds
simplified_B1_1952.rds
simplified_B1_1953.rds
simplified_B1_1954.rds
simplified_B1_1955.rds
simplified_B1_1956.rds
simplified_B1_1957.rds
simplified_B1_1958.rds
simplified_B1_1959.rds
simplified_B1_1960.rds
simplified_B1_1961.rds
simplified_B1_1962.rds
simplified_B1_1963.rds
simplified_B1_1964.rds
simplified_B1_2005.rds
simplified_B1_2006.rds
simplified_B1_2007.rds
simplified_B1_2008.rds
simplified_B1_2009.rds
simplified_B1_2010.rds
simplified_B1_2011.rds
simplified_B1_2012.rds
simplified_B1_2013.rds
simplified_B1_2014.rds
simplified_B1_2015.rds
simplified_B1_2016.rds
simplified_B1_2017.rds
simplified_B1_2018.rds
simplified_B1_2019.rds
simplified_B1_2020.rds
simplified_B1_2021.rds
simplified_B1_2022.rds
simplified_B1_2023.rds
simplified_B1_2024.rds
Processing batch 1/12 (rows 1-1000)
  Calculated 1000 temperatures. Range: -0.51 to 60.00
Processing batch 2/12 (rows 1001-2000)
  Calculated 1000 temperatures. Range: -1.93 to 59.96
Processing batch 3/12 (rows 2001-3000)
  Calculated 1000 temperatures. Range: -0.70 to 57.05
Processing batch 4/12 (rows 3001-4000)
  Calculated 1000 temperatures. Range: 3.39 to 50.63
Processing batch 5/12 (rows 4001-5000)
  Calculated 1000 temperatures. Range: -0.08 to 46.93
Processing batch 6/12 (rows 5001-6000)
  Calculated 1000 temperatures. Range: 3.32 to 47.39
Processing batch 7/12 (rows 6001-7000)
  Calculated 1000 temperatures. Range: -0.08 to 43.30
Processing batch 8/12 (rows 7001-8000)
  Calculated 1000 temperatures. Range: 0.86 to 18.19
Processing batch 9/12 (rows 8001-9000)
  Calculated 1000 temperatures. Range: 0.20 to 19.48
Processing batch 10/12 (rows 9001-10000)
  Calculated 1000 temperatures. Range: 1.80 to 21.95
Processing batch 11/12 (rows 10001-11000)
  Calculated 1000 temperatures. Range: 1.15 to 22.38
Processing batch 12/12 (rows 11001-11035)
  Calculated 35 temperatures. Range: 4.20 to 22.11
Total observations: 11035, Unique timestamps: 2207
MR parameters: mass=0.33, elev=2195.0, b0=16.50, b1=0.85, b2=-0.47, b3=0.000108
Sample tb=276.03 K, log(mass)=-1.1087, 1/(kT)=42.027171, exponent=-3.9581, rmr=0.019100
Sample tb=278.09 K, log(mass)=-1.1087, 1/(kT)=41.715971, exponent=-3.8118, rmr=0.022108
Sample tb=279.26 K, log(mass)=-1.1087, 1/(kT)=41.541238, exponent=-3.7297, rmr=0.024000
Sample tb=288.27 K, log(mass)=-1.1087, 1/(kT)=40.242744, exponent=-3.1194, rmr=0.044184
Sample tb=283.72 K, log(mass)=-1.1087, 1/(kT)=40.888788, exponent=-3.4230, rmr=0.032613
MR results: 0 NA, 0 infinite, 0 negative, 0 zero
Energy calculations: 5461 non-zero gains, 11035 non-zero losses out of 11035 observations
Saved results to output/results/A1/1960/M/eb_results_MS_1960_A1_B1.rds

Processing: Species=MS, Year=1961, Origin=A1, Climate=B1, Sex=M
Looking for climate data at: /mmfs1/gscratch/biology/jmsmith/targeted_microclimate/B1/simplified_B1_1961.rds
Directory /mmfs1/gscratch/biology/jmsmith/targeted_microclimate/B1 exists. Contents:
simplified_B1_1945.rds
simplified_B1_1946.rds
simplified_B1_1947.rds
simplified_B1_1948.rds
simplified_B1_1949.rds
simplified_B1_1950.rds
simplified_B1_1951.rds
simplified_B1_1952.rds
simplified_B1_1953.rds
simplified_B1_1954.rds
simplified_B1_1955.rds
simplified_B1_1956.rds
simplified_B1_1957.rds
simplified_B1_1958.rds
simplified_B1_1959.rds
simplified_B1_1960.rds
simplified_B1_1961.rds
simplified_B1_1962.rds
simplified_B1_1963.rds
simplified_B1_1964.rds
simplified_B1_2005.rds
simplified_B1_2006.rds
simplified_B1_2007.rds
simplified_B1_2008.rds
simplified_B1_2009.rds
simplified_B1_2010.rds
simplified_B1_2011.rds
simplified_B1_2012.rds
simplified_B1_2013.rds
simplified_B1_2014.rds
simplified_B1_2015.rds
simplified_B1_2016.rds
simplified_B1_2017.rds
simplified_B1_2018.rds
simplified_B1_2019.rds
simplified_B1_2020.rds
simplified_B1_2021.rds
simplified_B1_2022.rds
simplified_B1_2023.rds
simplified_B1_2024.rds
Processing batch 1/12 (rows 1-1000)
  Calculated 1000 temperatures. Range: -3.30 to 58.03
Processing batch 2/12 (rows 1001-2000)
  Calculated 1000 temperatures. Range: 1.80 to 60.00
Processing batch 3/12 (rows 2001-3000)
  Calculated 1000 temperatures. Range: -1.85 to 51.92
Processing batch 4/12 (rows 3001-4000)
  Calculated 1000 temperatures. Range: 2.13 to 50.77
Processing batch 5/12 (rows 4001-5000)
  Calculated 1000 temperatures. Range: -1.62 to 45.38
Processing batch 6/12 (rows 5001-6000)
  Calculated 1000 temperatures. Range: 2.54 to 47.76
Processing batch 7/12 (rows 6001-7000)
  Calculated 1000 temperatures. Range: -0.21 to 45.24
Processing batch 8/12 (rows 7001-8000)
  Calculated 1000 temperatures. Range: 2.21 to 18.49
Processing batch 9/12 (rows 8001-9000)
  Calculated 1000 temperatures. Range: -0.09 to 18.20
Processing batch 10/12 (rows 9001-10000)
  Calculated 1000 temperatures. Range: 2.44 to 21.22
Processing batch 11/12 (rows 10001-11000)
  Calculated 1000 temperatures. Range: 2.36 to 21.81
Processing batch 12/12 (rows 11001-11035)
  Calculated 35 temperatures. Range: 6.39 to 16.14
Total observations: 11035, Unique timestamps: 2207
MR parameters: mass=0.33, elev=2195.0, b0=16.50, b1=0.85, b2=-0.47, b3=0.000108
Sample tb=285.11 K, log(mass)=-1.1087, 1/(kT)=40.689305, exponent=-3.3293, rmr=0.035819
Sample tb=317.99 K, log(mass)=-1.1087, 1/(kT)=36.481706, exponent=-1.3517, rmr=0.258799
Sample tb=308.75 K, log(mass)=-1.1087, 1/(kT)=37.573999, exponent=-1.8651, rmr=0.154883
Sample tb=292.44 K, log(mass)=-1.1087, 1/(kT)=39.669555, exponent=-2.8500, rmr=0.057845
Sample tb=277.92 K, log(mass)=-1.1087, 1/(kT)=41.741480, exponent=-3.8238, rmr=0.021845
MR results: 0 NA, 0 infinite, 0 negative, 0 zero
Energy calculations: 5589 non-zero gains, 11035 non-zero losses out of 11035 observations
Saved results to output/results/A1/1961/M/eb_results_MS_1961_A1_B1.rds

Processing: Species=MS, Year=1962, Origin=A1, Climate=B1, Sex=M
Looking for climate data at: /mmfs1/gscratch/biology/jmsmith/targeted_microclimate/B1/simplified_B1_1962.rds
Directory /mmfs1/gscratch/biology/jmsmith/targeted_microclimate/B1 exists. Contents:
simplified_B1_1945.rds
simplified_B1_1946.rds
simplified_B1_1947.rds
simplified_B1_1948.rds
simplified_B1_1949.rds
simplified_B1_1950.rds
simplified_B1_1951.rds
simplified_B1_1952.rds
simplified_B1_1953.rds
simplified_B1_1954.rds
simplified_B1_1955.rds
simplified_B1_1956.rds
simplified_B1_1957.rds
simplified_B1_1958.rds
simplified_B1_1959.rds
simplified_B1_1960.rds
simplified_B1_1961.rds
simplified_B1_1962.rds
simplified_B1_1963.rds
simplified_B1_1964.rds
simplified_B1_2005.rds
simplified_B1_2006.rds
simplified_B1_2007.rds
simplified_B1_2008.rds
simplified_B1_2009.rds
simplified_B1_2010.rds
simplified_B1_2011.rds
simplified_B1_2012.rds
simplified_B1_2013.rds
simplified_B1_2014.rds
simplified_B1_2015.rds
simplified_B1_2016.rds
simplified_B1_2017.rds
simplified_B1_2018.rds
simplified_B1_2019.rds
simplified_B1_2020.rds
simplified_B1_2021.rds
simplified_B1_2022.rds
simplified_B1_2023.rds
simplified_B1_2024.rds
Processing batch 1/12 (rows 1-1000)
  Calculated 1000 temperatures. Range: -4.06 to 60.00
Processing batch 2/12 (rows 1001-2000)
  Calculated 1000 temperatures. Range: 1.07 to 58.05
Processing batch 3/12 (rows 2001-3000)
  Calculated 1000 temperatures. Range: -2.85 to 59.01
Processing batch 4/12 (rows 3001-4000)
  Calculated 1000 temperatures. Range: 3.16 to 49.34
Processing batch 5/12 (rows 4001-5000)
  Calculated 1000 temperatures. Range: -1.58 to 48.16
Processing batch 6/12 (rows 5001-6000)
  Calculated 1000 temperatures. Range: 3.56 to 45.82
Processing batch 7/12 (rows 6001-7000)
  Calculated 1000 temperatures. Range: -0.78 to 44.95
Processing batch 8/12 (rows 7001-8000)
  Calculated 1000 temperatures. Range: -0.07 to 17.90
Processing batch 9/12 (rows 8001-9000)
  Calculated 1000 temperatures. Range: 0.06 to 17.58
Processing batch 10/12 (rows 9001-10000)
  Calculated 1000 temperatures. Range: -0.36 to 21.01
Processing batch 11/12 (rows 10001-11000)
  Calculated 1000 temperatures. Range: 2.61 to 22.35
Processing batch 12/12 (rows 11001-11035)
  Calculated 35 temperatures. Range: 1.95 to 13.99
Total observations: 11035, Unique timestamps: 2207
MR parameters: mass=0.33, elev=2195.0, b0=16.50, b1=0.85, b2=-0.47, b3=0.000108
Sample tb=296.74 K, log(mass)=-1.1087, 1/(kT)=39.094828, exponent=-2.5799, rmr=0.075784
Sample tb=306.56 K, log(mass)=-1.1087, 1/(kT)=37.842637, exponent=-1.9913, rmr=0.136512
Sample tb=282.06 K, log(mass)=-1.1087, 1/(kT)=41.129596, exponent=-3.5362, rmr=0.029123
Sample tb=280.07 K, log(mass)=-1.1087, 1/(kT)=41.422150, exponent=-3.6737, rmr=0.025382
Sample tb=288.40 K, log(mass)=-1.1087, 1/(kT)=40.225618, exponent=-3.1113, rmr=0.044541
MR results: 0 NA, 0 infinite, 0 negative, 0 zero
Energy calculations: 5243 non-zero gains, 11035 non-zero losses out of 11035 observations
Saved results to output/results/A1/1962/M/eb_results_MS_1962_A1_B1.rds

Processing: Species=MS, Year=1963, Origin=A1, Climate=B1, Sex=M
Looking for climate data at: /mmfs1/gscratch/biology/jmsmith/targeted_microclimate/B1/simplified_B1_1963.rds
Directory /mmfs1/gscratch/biology/jmsmith/targeted_microclimate/B1 exists. Contents:
simplified_B1_1945.rds
simplified_B1_1946.rds
simplified_B1_1947.rds
simplified_B1_1948.rds
simplified_B1_1949.rds
simplified_B1_1950.rds
simplified_B1_1951.rds
simplified_B1_1952.rds
simplified_B1_1953.rds
simplified_B1_1954.rds
simplified_B1_1955.rds
simplified_B1_1956.rds
simplified_B1_1957.rds
simplified_B1_1958.rds
simplified_B1_1959.rds
simplified_B1_1960.rds
simplified_B1_1961.rds
simplified_B1_1962.rds
simplified_B1_1963.rds
simplified_B1_1964.rds
simplified_B1_2005.rds
simplified_B1_2006.rds
simplified_B1_2007.rds
simplified_B1_2008.rds
simplified_B1_2009.rds
simplified_B1_2010.rds
simplified_B1_2011.rds
simplified_B1_2012.rds
simplified_B1_2013.rds
simplified_B1_2014.rds
simplified_B1_2015.rds
simplified_B1_2016.rds
simplified_B1_2017.rds
simplified_B1_2018.rds
simplified_B1_2019.rds
simplified_B1_2020.rds
simplified_B1_2021.rds
simplified_B1_2022.rds
simplified_B1_2023.rds
simplified_B1_2024.rds
Processing batch 1/12 (rows 1-1000)
  Calculated 1000 temperatures. Range: -1.41 to 58.96
Processing batch 2/12 (rows 1001-2000)
  Calculated 1000 temperatures. Range: 3.45 to 59.59
Processing batch 3/12 (rows 2001-3000)
  Calculated 1000 temperatures. Range: -0.19 to 56.65
Processing batch 4/12 (rows 3001-4000)
  Calculated 1000 temperatures. Range: 3.98 to 48.61
Processing batch 5/12 (rows 4001-5000)
  Calculated 1000 temperatures. Range: 0.25 to 46.02
Processing batch 6/12 (rows 5001-6000)
  Calculated 1000 temperatures. Range: 2.99 to 45.82
Processing batch 7/12 (rows 6001-7000)
  Calculated 1000 temperatures. Range: 1.20 to 43.43
Processing batch 8/12 (rows 7001-8000)
  Calculated 1000 temperatures. Range: 2.45 to 19.34
Processing batch 9/12 (rows 8001-9000)
  Calculated 1000 temperatures. Range: 1.70 to 18.98
Processing batch 10/12 (rows 9001-10000)
  Calculated 1000 temperatures. Range: 1.97 to 23.23
Processing batch 11/12 (rows 10001-11000)
  Calculated 1000 temperatures. Range: 4.87 to 23.40
Processing batch 12/12 (rows 11001-11035)
  Calculated 35 temperatures. Range: 5.93 to 16.46
Total observations: 11035, Unique timestamps: 2207
MR parameters: mass=0.33, elev=2195.0, b0=16.50, b1=0.85, b2=-0.47, b3=0.000108
Sample tb=281.22 K, log(mass)=-1.1087, 1/(kT)=41.252091, exponent=-3.5938, rmr=0.027494
Sample tb=281.92 K, log(mass)=-1.1087, 1/(kT)=41.149603, exponent=-3.5456, rmr=0.028851
Sample tb=282.13 K, log(mass)=-1.1087, 1/(kT)=41.118782, exponent=-3.5311, rmr=0.029272
Sample tb=287.62 K, log(mass)=-1.1087, 1/(kT)=40.334109, exponent=-3.1623, rmr=0.042327
Sample tb=290.12 K, log(mass)=-1.1087, 1/(kT)=39.986973, exponent=-2.9992, rmr=0.049828
MR results: 0 NA, 0 infinite, 0 negative, 0 zero
Energy calculations: 5789 non-zero gains, 11035 non-zero losses out of 11035 observations
Saved results to output/results/A1/1963/M/eb_results_MS_1963_A1_B1.rds

Processing: Species=MS, Year=1964, Origin=A1, Climate=B1, Sex=M
Looking for climate data at: /mmfs1/gscratch/biology/jmsmith/targeted_microclimate/B1/simplified_B1_1964.rds
Directory /mmfs1/gscratch/biology/jmsmith/targeted_microclimate/B1 exists. Contents:
simplified_B1_1945.rds
simplified_B1_1946.rds
simplified_B1_1947.rds
simplified_B1_1948.rds
simplified_B1_1949.rds
simplified_B1_1950.rds
simplified_B1_1951.rds
simplified_B1_1952.rds
simplified_B1_1953.rds
simplified_B1_1954.rds
simplified_B1_1955.rds
simplified_B1_1956.rds
simplified_B1_1957.rds
simplified_B1_1958.rds
simplified_B1_1959.rds
simplified_B1_1960.rds
simplified_B1_1961.rds
simplified_B1_1962.rds
simplified_B1_1963.rds
simplified_B1_1964.rds
simplified_B1_2005.rds
simplified_B1_2006.rds
simplified_B1_2007.rds
simplified_B1_2008.rds
simplified_B1_2009.rds
simplified_B1_2010.rds
simplified_B1_2011.rds
simplified_B1_2012.rds
simplified_B1_2013.rds
simplified_B1_2014.rds
simplified_B1_2015.rds
simplified_B1_2016.rds
simplified_B1_2017.rds
simplified_B1_2018.rds
simplified_B1_2019.rds
simplified_B1_2020.rds
simplified_B1_2021.rds
simplified_B1_2022.rds
simplified_B1_2023.rds
simplified_B1_2024.rds
Processing batch 1/12 (rows 1-1000)
  Calculated 1000 temperatures. Range: -4.76 to 60.00
Processing batch 2/12 (rows 1001-2000)
  Calculated 1000 temperatures. Range: -1.88 to 58.58
Processing batch 3/12 (rows 2001-3000)
  Calculated 1000 temperatures. Range: -3.43 to 50.34
Processing batch 4/12 (rows 3001-4000)
  Calculated 1000 temperatures. Range: 3.05 to 48.74
Processing batch 5/12 (rows 4001-5000)
  Calculated 1000 temperatures. Range: -3.61 to 47.41
Processing batch 6/12 (rows 5001-6000)
  Calculated 1000 temperatures. Range: 2.32 to 46.81
Processing batch 7/12 (rows 6001-7000)
  Calculated 1000 temperatures. Range: -4.39 to 44.41
Processing batch 8/12 (rows 7001-8000)
  Calculated 1000 temperatures. Range: -0.28 to 18.72
Processing batch 9/12 (rows 8001-9000)
  Calculated 1000 temperatures. Range: -3.31 to 19.77
Processing batch 10/12 (rows 9001-10000)
  Calculated 1000 temperatures. Range: 0.36 to 22.07
Processing batch 11/12 (rows 10001-11000)
  Calculated 1000 temperatures. Range: 0.29 to 21.85
Processing batch 12/12 (rows 11001-11035)
  Calculated 35 temperatures. Range: 0.71 to 18.83
Total observations: 11035, Unique timestamps: 2207
MR parameters: mass=0.33, elev=2195.0, b0=16.50, b1=0.85, b2=-0.47, b3=0.000108
Sample tb=279.62 K, log(mass)=-1.1087, 1/(kT)=41.487632, exponent=-3.7045, rmr=0.024613
Sample tb=274.79 K, log(mass)=-1.1087, 1/(kT)=42.216881, exponent=-4.0472, rmr=0.017471
Sample tb=295.14 K, log(mass)=-1.1087, 1/(kT)=39.306038, exponent=-2.6791, rmr=0.068622
Sample tb=284.04 K, log(mass)=-1.1087, 1/(kT)=40.842365, exponent=-3.4012, rmr=0.033333
Sample tb=279.28 K, log(mass)=-1.1087, 1/(kT)=41.538942, exponent=-3.7286, rmr=0.024026
MR results: 0 NA, 0 infinite, 0 negative, 0 zero
Energy calculations: 5425 non-zero gains, 11035 non-zero losses out of 11035 observations
Saved results to output/results/A1/1964/M/eb_results_MS_1964_A1_B1.rds

All years processed.
