Arguments received:
Species: MS
Years: 1945, 1946, 1947, 1948, 1949, 1950, 1951, 1952, 1953, 1954, 1955, 1956, 1957, 1958, 1959, 1960, 1961, 1962, 1963, 1964
Origin site: B1
Climate site: A1
Sex: F
Output directory: output/results/B1
Library paths:
[1] "/gscratch/biology/jmsmith/R"                          
[2] "/mmfs1/home/smithju/R/x86_64-pc-linux-gnu-library/4.4"
[3] "/usr/local/lib/R/site-library"                        
[4] "/usr/local/lib/R/library"                             
Package tidyverse loaded successfully
Package TrenchR loaded successfully
Package rTPC loaded successfully
Package lubridate loaded successfully

Processing: Species=MS, Year=1945, Origin=B1, Climate=A1, Sex=F
Looking for climate data at: /mmfs1/gscratch/biology/jmsmith/targeted_microclimate/A1/simplified_A1_1945.rds
Directory /mmfs1/gscratch/biology/jmsmith/targeted_microclimate/A1 exists. Contents:
simplified_A1_1945.rds
simplified_A1_1946.rds
simplified_A1_1947.rds
simplified_A1_1948.rds
simplified_A1_1949.rds
simplified_A1_1950.rds
simplified_A1_1951.rds
simplified_A1_1952.rds
simplified_A1_1953.rds
simplified_A1_1954.rds
simplified_A1_1955.rds
simplified_A1_1956.rds
simplified_A1_1957.rds
simplified_A1_1958.rds
simplified_A1_1959.rds
simplified_A1_1960.rds
simplified_A1_1961.rds
simplified_A1_1962.rds
simplified_A1_1963.rds
simplified_A1_1964.rds
simplified_A1_2005.rds
simplified_A1_2006.rds
simplified_A1_2007.rds
simplified_A1_2008.rds
simplified_A1_2009.rds
simplified_A1_2010.rds
simplified_A1_2011.rds
simplified_A1_2012.rds
simplified_A1_2013.rds
simplified_A1_2014.rds
simplified_A1_2015.rds
simplified_A1_2016.rds
simplified_A1_2017.rds
simplified_A1_2018.rds
simplified_A1_2019.rds
simplified_A1_2020.rds
simplified_A1_2021.rds
simplified_A1_2022.rds
simplified_A1_2023.rds
simplified_A1_2024.rds
Processing batch 1/12 (rows 1-1000)
  Calculated 1000 temperatures. Range: -6.06 to 42.86
Processing batch 2/12 (rows 1001-2000)
  Calculated 1000 temperatures. Range: 5.29 to 50.70
Processing batch 3/12 (rows 2001-3000)
  Calculated 1000 temperatures. Range: -4.59 to 41.47
Processing batch 4/12 (rows 3001-4000)
  Calculated 1000 temperatures. Range: 5.96 to 41.84
Processing batch 5/12 (rows 4001-5000)
  Calculated 1000 temperatures. Range: -4.63 to 40.61
Processing batch 6/12 (rows 5001-6000)
  Calculated 1000 temperatures. Range: 4.53 to 41.75
Processing batch 7/12 (rows 6001-7000)
  Calculated 1000 temperatures. Range: -3.48 to 40.25
Processing batch 8/12 (rows 7001-8000)
  Calculated 1000 temperatures. Range: -4.57 to 19.53
Processing batch 9/12 (rows 8001-9000)
  Calculated 1000 temperatures. Range: 2.87 to 20.28
Processing batch 10/12 (rows 9001-10000)
  Calculated 1000 temperatures. Range: -3.78 to 22.19
Processing batch 11/12 (rows 10001-11000)
  Calculated 1000 temperatures. Range: 7.09 to 23.64
Processing batch 12/12 (rows 11001-11035)
  Calculated 35 temperatures. Range: 9.34 to 21.87
Saved results to output/results/B1/1945/F/eb_results_MS_1945_B1_A1.rds

Processing: Species=MS, Year=1946, Origin=B1, Climate=A1, Sex=F
Looking for climate data at: /mmfs1/gscratch/biology/jmsmith/targeted_microclimate/A1/simplified_A1_1946.rds
Directory /mmfs1/gscratch/biology/jmsmith/targeted_microclimate/A1 exists. Contents:
simplified_A1_1945.rds
simplified_A1_1946.rds
simplified_A1_1947.rds
simplified_A1_1948.rds
simplified_A1_1949.rds
simplified_A1_1950.rds
simplified_A1_1951.rds
simplified_A1_1952.rds
simplified_A1_1953.rds
simplified_A1_1954.rds
simplified_A1_1955.rds
simplified_A1_1956.rds
simplified_A1_1957.rds
simplified_A1_1958.rds
simplified_A1_1959.rds
simplified_A1_1960.rds
simplified_A1_1961.rds
simplified_A1_1962.rds
simplified_A1_1963.rds
simplified_A1_1964.rds
simplified_A1_2005.rds
simplified_A1_2006.rds
simplified_A1_2007.rds
simplified_A1_2008.rds
simplified_A1_2009.rds
simplified_A1_2010.rds
simplified_A1_2011.rds
simplified_A1_2012.rds
simplified_A1_2013.rds
simplified_A1_2014.rds
simplified_A1_2015.rds
simplified_A1_2016.rds
simplified_A1_2017.rds
simplified_A1_2018.rds
simplified_A1_2019.rds
simplified_A1_2020.rds
simplified_A1_2021.rds
simplified_A1_2022.rds
simplified_A1_2023.rds
simplified_A1_2024.rds
Processing batch 1/12 (rows 1-1000)
  Calculated 1000 temperatures. Range: -0.90 to 47.58
Processing batch 2/12 (rows 1001-2000)
  Calculated 1000 temperatures. Range: 5.86 to 51.48
Processing batch 3/12 (rows 2001-3000)
  Calculated 1000 temperatures. Range: 0.83 to 39.88
Processing batch 4/12 (rows 3001-4000)
  Calculated 1000 temperatures. Range: 6.84 to 44.05
Processing batch 5/12 (rows 4001-5000)
  Calculated 1000 temperatures. Range: 0.70 to 37.43
Processing batch 6/12 (rows 5001-6000)
  Calculated 1000 temperatures. Range: 4.08 to 43.45
Processing batch 7/12 (rows 6001-7000)
  Calculated 1000 temperatures. Range: 1.86 to 40.81
Processing batch 8/12 (rows 7001-8000)
  Calculated 1000 temperatures. Range: 0.57 to 20.95
Processing batch 9/12 (rows 8001-9000)
  Calculated 1000 temperatures. Range: 2.87 to 22.86
Processing batch 10/12 (rows 9001-10000)
  Calculated 1000 temperatures. Range: 1.61 to 25.43
Processing batch 11/12 (rows 10001-11000)
  Calculated 1000 temperatures. Range: 6.56 to 24.30
Processing batch 12/12 (rows 11001-11035)
  Calculated 35 temperatures. Range: 6.60 to 17.88
Saved results to output/results/B1/1946/F/eb_results_MS_1946_B1_A1.rds

Processing: Species=MS, Year=1947, Origin=B1, Climate=A1, Sex=F
Looking for climate data at: /mmfs1/gscratch/biology/jmsmith/targeted_microclimate/A1/simplified_A1_1947.rds
Directory /mmfs1/gscratch/biology/jmsmith/targeted_microclimate/A1 exists. Contents:
simplified_A1_1945.rds
simplified_A1_1946.rds
simplified_A1_1947.rds
simplified_A1_1948.rds
simplified_A1_1949.rds
simplified_A1_1950.rds
simplified_A1_1951.rds
simplified_A1_1952.rds
simplified_A1_1953.rds
simplified_A1_1954.rds
simplified_A1_1955.rds
simplified_A1_1956.rds
simplified_A1_1957.rds
simplified_A1_1958.rds
simplified_A1_1959.rds
simplified_A1_1960.rds
simplified_A1_1961.rds
simplified_A1_1962.rds
simplified_A1_1963.rds
simplified_A1_1964.rds
simplified_A1_2005.rds
simplified_A1_2006.rds
simplified_A1_2007.rds
simplified_A1_2008.rds
simplified_A1_2009.rds
simplified_A1_2010.rds
simplified_A1_2011.rds
simplified_A1_2012.rds
simplified_A1_2013.rds
simplified_A1_2014.rds
simplified_A1_2015.rds
simplified_A1_2016.rds
simplified_A1_2017.rds
simplified_A1_2018.rds
simplified_A1_2019.rds
simplified_A1_2020.rds
simplified_A1_2021.rds
simplified_A1_2022.rds
simplified_A1_2023.rds
simplified_A1_2024.rds
Processing batch 1/12 (rows 1-1000)
  Calculated 1000 temperatures. Range: -5.39 to 46.29
Processing batch 2/12 (rows 1001-2000)
  Calculated 1000 temperatures. Range: 5.48 to 48.73
Processing batch 3/12 (rows 2001-3000)
  Calculated 1000 temperatures. Range: -3.85 to 41.55
Processing batch 4/12 (rows 3001-4000)
  Calculated 1000 temperatures. Range: 6.94 to 41.60
Processing batch 5/12 (rows 4001-5000)
  Calculated 1000 temperatures. Range: -4.08 to 36.33
Processing batch 6/12 (rows 5001-6000)
  Calculated 1000 temperatures. Range: 4.44 to 40.53
Processing batch 7/12 (rows 6001-7000)
  Calculated 1000 temperatures. Range: -4.41 to 38.79
Processing batch 8/12 (rows 7001-8000)
  Calculated 1000 temperatures. Range: 2.38 to 19.32
Processing batch 9/12 (rows 8001-9000)
  Calculated 1000 temperatures. Range: 3.32 to 21.09
Processing batch 10/12 (rows 9001-10000)
  Calculated 1000 temperatures. Range: -3.41 to 23.38
Processing batch 11/12 (rows 10001-11000)
  Calculated 1000 temperatures. Range: 7.09 to 24.32
Processing batch 12/12 (rows 11001-11035)
  Calculated 35 temperatures. Range: 9.26 to 20.24
Saved results to output/results/B1/1947/F/eb_results_MS_1947_B1_A1.rds

Processing: Species=MS, Year=1948, Origin=B1, Climate=A1, Sex=F
Looking for climate data at: /mmfs1/gscratch/biology/jmsmith/targeted_microclimate/A1/simplified_A1_1948.rds
Directory /mmfs1/gscratch/biology/jmsmith/targeted_microclimate/A1 exists. Contents:
simplified_A1_1945.rds
simplified_A1_1946.rds
simplified_A1_1947.rds
simplified_A1_1948.rds
simplified_A1_1949.rds
simplified_A1_1950.rds
simplified_A1_1951.rds
simplified_A1_1952.rds
simplified_A1_1953.rds
simplified_A1_1954.rds
simplified_A1_1955.rds
simplified_A1_1956.rds
simplified_A1_1957.rds
simplified_A1_1958.rds
simplified_A1_1959.rds
simplified_A1_1960.rds
simplified_A1_1961.rds
simplified_A1_1962.rds
simplified_A1_1963.rds
simplified_A1_1964.rds
simplified_A1_2005.rds
simplified_A1_2006.rds
simplified_A1_2007.rds
simplified_A1_2008.rds
simplified_A1_2009.rds
simplified_A1_2010.rds
simplified_A1_2011.rds
simplified_A1_2012.rds
simplified_A1_2013.rds
simplified_A1_2014.rds
simplified_A1_2015.rds
simplified_A1_2016.rds
simplified_A1_2017.rds
simplified_A1_2018.rds
simplified_A1_2019.rds
simplified_A1_2020.rds
simplified_A1_2021.rds
simplified_A1_2022.rds
simplified_A1_2023.rds
simplified_A1_2024.rds
Processing batch 1/12 (rows 1-1000)
  Calculated 1000 temperatures. Range: 2.92 to 51.13
Processing batch 2/12 (rows 1001-2000)
  Calculated 1000 temperatures. Range: 3.47 to 49.96
Processing batch 3/12 (rows 2001-3000)
  Calculated 1000 temperatures. Range: 4.01 to 49.67
Processing batch 4/12 (rows 3001-4000)
  Calculated 1000 temperatures. Range: 6.08 to 43.70
Processing batch 5/12 (rows 4001-5000)
  Calculated 1000 temperatures. Range: 4.64 to 43.06
Processing batch 6/12 (rows 5001-6000)
  Calculated 1000 temperatures. Range: 4.57 to 42.84
Processing batch 7/12 (rows 6001-7000)
  Calculated 1000 temperatures. Range: 4.52 to 41.53
Processing batch 8/12 (rows 7001-8000)
  Calculated 1000 temperatures. Range: 3.94 to 19.45
Processing batch 9/12 (rows 8001-9000)
  Calculated 1000 temperatures. Range: 4.73 to 21.81
Processing batch 10/12 (rows 9001-10000)
  Calculated 1000 temperatures. Range: 5.41 to 23.68
Processing batch 11/12 (rows 10001-11000)
  Calculated 1000 temperatures. Range: 6.85 to 24.68
Processing batch 12/12 (rows 11001-11035)
  Calculated 35 temperatures. Range: 8.54 to 24.69
Saved results to output/results/B1/1948/F/eb_results_MS_1948_B1_A1.rds

Processing: Species=MS, Year=1949, Origin=B1, Climate=A1, Sex=F
Looking for climate data at: /mmfs1/gscratch/biology/jmsmith/targeted_microclimate/A1/simplified_A1_1949.rds
Directory /mmfs1/gscratch/biology/jmsmith/targeted_microclimate/A1 exists. Contents:
simplified_A1_1945.rds
simplified_A1_1946.rds
simplified_A1_1947.rds
simplified_A1_1948.rds
simplified_A1_1949.rds
simplified_A1_1950.rds
simplified_A1_1951.rds
simplified_A1_1952.rds
simplified_A1_1953.rds
simplified_A1_1954.rds
simplified_A1_1955.rds
simplified_A1_1956.rds
simplified_A1_1957.rds
simplified_A1_1958.rds
simplified_A1_1959.rds
simplified_A1_1960.rds
simplified_A1_1961.rds
simplified_A1_1962.rds
simplified_A1_1963.rds
simplified_A1_1964.rds
simplified_A1_2005.rds
simplified_A1_2006.rds
simplified_A1_2007.rds
simplified_A1_2008.rds
simplified_A1_2009.rds
simplified_A1_2010.rds
simplified_A1_2011.rds
simplified_A1_2012.rds
simplified_A1_2013.rds
simplified_A1_2014.rds
simplified_A1_2015.rds
simplified_A1_2016.rds
simplified_A1_2017.rds
simplified_A1_2018.rds
simplified_A1_2019.rds
simplified_A1_2020.rds
simplified_A1_2021.rds
simplified_A1_2022.rds
simplified_A1_2023.rds
simplified_A1_2024.rds
Processing batch 1/12 (rows 1-1000)
  Calculated 1000 temperatures. Range: -0.09 to 56.82
Processing batch 2/12 (rows 1001-2000)
  Calculated 1000 temperatures. Range: 3.78 to 56.01
Processing batch 3/12 (rows 2001-3000)
  Calculated 1000 temperatures. Range: 1.93 to 44.49
Processing batch 4/12 (rows 3001-4000)
  Calculated 1000 temperatures. Range: 7.53 to 40.21
Processing batch 5/12 (rows 4001-5000)
  Calculated 1000 temperatures. Range: 1.39 to 45.74
Processing batch 6/12 (rows 5001-6000)
  Calculated 1000 temperatures. Range: 5.54 to 38.35
Processing batch 7/12 (rows 6001-7000)
  Calculated 1000 temperatures. Range: 1.14 to 39.85
Processing batch 8/12 (rows 7001-8000)
  Calculated 1000 temperatures. Range: 4.79 to 20.28
Processing batch 9/12 (rows 8001-9000)
  Calculated 1000 temperatures. Range: 2.65 to 19.91
Processing batch 10/12 (rows 9001-10000)
  Calculated 1000 temperatures. Range: 6.47 to 24.64
Processing batch 11/12 (rows 10001-11000)
  Calculated 1000 temperatures. Range: 6.76 to 25.11
Processing batch 12/12 (rows 11001-11035)
  Calculated 35 temperatures. Range: 7.54 to 17.82
Saved results to output/results/B1/1949/F/eb_results_MS_1949_B1_A1.rds

Processing: Species=MS, Year=1950, Origin=B1, Climate=A1, Sex=F
Looking for climate data at: /mmfs1/gscratch/biology/jmsmith/targeted_microclimate/A1/simplified_A1_1950.rds
Directory /mmfs1/gscratch/biology/jmsmith/targeted_microclimate/A1 exists. Contents:
simplified_A1_1945.rds
simplified_A1_1946.rds
simplified_A1_1947.rds
simplified_A1_1948.rds
simplified_A1_1949.rds
simplified_A1_1950.rds
simplified_A1_1951.rds
simplified_A1_1952.rds
simplified_A1_1953.rds
simplified_A1_1954.rds
simplified_A1_1955.rds
simplified_A1_1956.rds
simplified_A1_1957.rds
simplified_A1_1958.rds
simplified_A1_1959.rds
simplified_A1_1960.rds
simplified_A1_1961.rds
simplified_A1_1962.rds
simplified_A1_1963.rds
simplified_A1_1964.rds
simplified_A1_2005.rds
simplified_A1_2006.rds
simplified_A1_2007.rds
simplified_A1_2008.rds
simplified_A1_2009.rds
simplified_A1_2010.rds
simplified_A1_2011.rds
simplified_A1_2012.rds
simplified_A1_2013.rds
simplified_A1_2014.rds
simplified_A1_2015.rds
simplified_A1_2016.rds
simplified_A1_2017.rds
simplified_A1_2018.rds
simplified_A1_2019.rds
simplified_A1_2020.rds
simplified_A1_2021.rds
simplified_A1_2022.rds
simplified_A1_2023.rds
simplified_A1_2024.rds
Processing batch 1/12 (rows 1-1000)
  Calculated 1000 temperatures. Range: -4.64 to 60.00
Processing batch 2/12 (rows 1001-2000)
  Calculated 1000 temperatures. Range: 3.72 to 50.25
Processing batch 3/12 (rows 2001-3000)
  Calculated 1000 temperatures. Range: -2.94 to 46.94
Processing batch 4/12 (rows 3001-4000)
  Calculated 1000 temperatures. Range: 6.03 to 42.41
Processing batch 5/12 (rows 4001-5000)
  Calculated 1000 temperatures. Range: -2.91 to 46.51
Processing batch 6/12 (rows 5001-6000)
  Calculated 1000 temperatures. Range: 5.36 to 40.28
Processing batch 7/12 (rows 6001-7000)
  Calculated 1000 temperatures. Range: -2.50 to 41.60
Processing batch 8/12 (rows 7001-8000)
  Calculated 1000 temperatures. Range: 4.26 to 19.51
Processing batch 9/12 (rows 8001-9000)
  Calculated 1000 temperatures. Range: -1.82 to 22.65
Processing batch 10/12 (rows 9001-10000)
  Calculated 1000 temperatures. Range: 1.03 to 23.80
Processing batch 11/12 (rows 10001-11000)
  Calculated 1000 temperatures. Range: 4.72 to 22.91
Processing batch 12/12 (rows 11001-11035)
  Calculated 35 temperatures. Range: 6.44 to 22.48
Saved results to output/results/B1/1950/F/eb_results_MS_1950_B1_A1.rds

Processing: Species=MS, Year=1951, Origin=B1, Climate=A1, Sex=F
Looking for climate data at: /mmfs1/gscratch/biology/jmsmith/targeted_microclimate/A1/simplified_A1_1951.rds
Directory /mmfs1/gscratch/biology/jmsmith/targeted_microclimate/A1 exists. Contents:
simplified_A1_1945.rds
simplified_A1_1946.rds
simplified_A1_1947.rds
simplified_A1_1948.rds
simplified_A1_1949.rds
simplified_A1_1950.rds
simplified_A1_1951.rds
simplified_A1_1952.rds
simplified_A1_1953.rds
simplified_A1_1954.rds
simplified_A1_1955.rds
simplified_A1_1956.rds
simplified_A1_1957.rds
simplified_A1_1958.rds
simplified_A1_1959.rds
simplified_A1_1960.rds
simplified_A1_1961.rds
simplified_A1_1962.rds
simplified_A1_1963.rds
simplified_A1_1964.rds
simplified_A1_2005.rds
simplified_A1_2006.rds
simplified_A1_2007.rds
simplified_A1_2008.rds
simplified_A1_2009.rds
simplified_A1_2010.rds
simplified_A1_2011.rds
simplified_A1_2012.rds
simplified_A1_2013.rds
simplified_A1_2014.rds
simplified_A1_2015.rds
simplified_A1_2016.rds
simplified_A1_2017.rds
simplified_A1_2018.rds
simplified_A1_2019.rds
simplified_A1_2020.rds
simplified_A1_2021.rds
simplified_A1_2022.rds
simplified_A1_2023.rds
simplified_A1_2024.rds
Processing batch 1/12 (rows 1-1000)
  Calculated 1000 temperatures. Range: -4.36 to 60.00
Processing batch 2/12 (rows 1001-2000)
  Calculated 1000 temperatures. Range: 4.82 to 48.99
Processing batch 3/12 (rows 2001-3000)
  Calculated 1000 temperatures. Range: -3.26 to 42.01
Processing batch 4/12 (rows 3001-4000)
  Calculated 1000 temperatures. Range: 6.77 to 50.24
Processing batch 5/12 (rows 4001-5000)
  Calculated 1000 temperatures. Range: -3.47 to 37.50
Processing batch 6/12 (rows 5001-6000)
  Calculated 1000 temperatures. Range: 4.69 to 45.16
Processing batch 7/12 (rows 6001-7000)
  Calculated 1000 temperatures. Range: -3.79 to 36.13
Processing batch 8/12 (rows 7001-8000)
  Calculated 1000 temperatures. Range: 3.72 to 21.48
Processing batch 9/12 (rows 8001-9000)
  Calculated 1000 temperatures. Range: -3.17 to 20.57
Processing batch 10/12 (rows 9001-10000)
  Calculated 1000 temperatures. Range: 2.26 to 25.74
Processing batch 11/12 (rows 10001-11000)
  Calculated 1000 temperatures. Range: 7.10 to 25.65
Processing batch 12/12 (rows 11001-11035)
  Calculated 35 temperatures. Range: 7.53 to 20.10
Saved results to output/results/B1/1951/F/eb_results_MS_1951_B1_A1.rds

Processing: Species=MS, Year=1952, Origin=B1, Climate=A1, Sex=F
Looking for climate data at: /mmfs1/gscratch/biology/jmsmith/targeted_microclimate/A1/simplified_A1_1952.rds
Directory /mmfs1/gscratch/biology/jmsmith/targeted_microclimate/A1 exists. Contents:
simplified_A1_1945.rds
simplified_A1_1946.rds
simplified_A1_1947.rds
simplified_A1_1948.rds
simplified_A1_1949.rds
simplified_A1_1950.rds
simplified_A1_1951.rds
simplified_A1_1952.rds
simplified_A1_1953.rds
simplified_A1_1954.rds
simplified_A1_1955.rds
simplified_A1_1956.rds
simplified_A1_1957.rds
simplified_A1_1958.rds
simplified_A1_1959.rds
simplified_A1_1960.rds
simplified_A1_1961.rds
simplified_A1_1962.rds
simplified_A1_1963.rds
simplified_A1_1964.rds
simplified_A1_2005.rds
simplified_A1_2006.rds
simplified_A1_2007.rds
simplified_A1_2008.rds
simplified_A1_2009.rds
simplified_A1_2010.rds
simplified_A1_2011.rds
simplified_A1_2012.rds
simplified_A1_2013.rds
simplified_A1_2014.rds
simplified_A1_2015.rds
simplified_A1_2016.rds
simplified_A1_2017.rds
simplified_A1_2018.rds
simplified_A1_2019.rds
simplified_A1_2020.rds
simplified_A1_2021.rds
simplified_A1_2022.rds
simplified_A1_2023.rds
simplified_A1_2024.rds
Processing batch 1/12 (rows 1-1000)
  Calculated 1000 temperatures. Range: 3.10 to 60.00
Processing batch 2/12 (rows 1001-2000)
  Calculated 1000 temperatures. Range: 6.15 to 60.00
Processing batch 3/12 (rows 2001-3000)
  Calculated 1000 temperatures. Range: 1.75 to 53.53
Processing batch 4/12 (rows 3001-4000)
  Calculated 1000 temperatures. Range: 5.26 to 49.54
Processing batch 5/12 (rows 4001-5000)
  Calculated 1000 temperatures. Range: 4.39 to 54.36
Processing batch 6/12 (rows 5001-6000)
  Calculated 1000 temperatures. Range: 4.83 to 41.19
Processing batch 7/12 (rows 6001-7000)
  Calculated 1000 temperatures. Range: 2.25 to 41.10
Processing batch 8/12 (rows 7001-8000)
  Calculated 1000 temperatures. Range: 3.58 to 20.06
Processing batch 9/12 (rows 8001-9000)
  Calculated 1000 temperatures. Range: 3.27 to 23.91
Processing batch 10/12 (rows 9001-10000)
  Calculated 1000 temperatures. Range: 5.01 to 25.24
Processing batch 11/12 (rows 10001-11000)
  Calculated 1000 temperatures. Range: 8.01 to 25.06
Processing batch 12/12 (rows 11001-11035)
  Calculated 35 temperatures. Range: 5.20 to 21.57
Saved results to output/results/B1/1952/F/eb_results_MS_1952_B1_A1.rds

Processing: Species=MS, Year=1953, Origin=B1, Climate=A1, Sex=F
Looking for climate data at: /mmfs1/gscratch/biology/jmsmith/targeted_microclimate/A1/simplified_A1_1953.rds
Directory /mmfs1/gscratch/biology/jmsmith/targeted_microclimate/A1 exists. Contents:
simplified_A1_1945.rds
simplified_A1_1946.rds
simplified_A1_1947.rds
simplified_A1_1948.rds
simplified_A1_1949.rds
simplified_A1_1950.rds
simplified_A1_1951.rds
simplified_A1_1952.rds
simplified_A1_1953.rds
simplified_A1_1954.rds
simplified_A1_1955.rds
simplified_A1_1956.rds
simplified_A1_1957.rds
simplified_A1_1958.rds
simplified_A1_1959.rds
simplified_A1_1960.rds
simplified_A1_1961.rds
simplified_A1_1962.rds
simplified_A1_1963.rds
simplified_A1_1964.rds
simplified_A1_2005.rds
simplified_A1_2006.rds
simplified_A1_2007.rds
simplified_A1_2008.rds
simplified_A1_2009.rds
simplified_A1_2010.rds
simplified_A1_2011.rds
simplified_A1_2012.rds
simplified_A1_2013.rds
simplified_A1_2014.rds
simplified_A1_2015.rds
simplified_A1_2016.rds
simplified_A1_2017.rds
simplified_A1_2018.rds
simplified_A1_2019.rds
simplified_A1_2020.rds
simplified_A1_2021.rds
simplified_A1_2022.rds
simplified_A1_2023.rds
simplified_A1_2024.rds
Processing batch 1/12 (rows 1-1000)
  Calculated 1000 temperatures. Range: 0.78 to 50.22
Processing batch 2/12 (rows 1001-2000)
  Calculated 1000 temperatures. Range: 4.02 to 46.98
Processing batch 3/12 (rows 2001-3000)
  Calculated 1000 temperatures. Range: 3.16 to 43.53
Processing batch 4/12 (rows 3001-4000)
  Calculated 1000 temperatures. Range: 7.45 to 40.45
Processing batch 5/12 (rows 4001-5000)
  Calculated 1000 temperatures. Range: 2.61 to 38.30
Processing batch 6/12 (rows 5001-6000)
  Calculated 1000 temperatures. Range: 5.74 to 42.12
Processing batch 7/12 (rows 6001-7000)
  Calculated 1000 temperatures. Range: 2.32 to 37.50
Processing batch 8/12 (rows 7001-8000)
  Calculated 1000 temperatures. Range: 4.61 to 20.60
Processing batch 9/12 (rows 8001-9000)
  Calculated 1000 temperatures. Range: 3.97 to 19.99
Processing batch 10/12 (rows 9001-10000)
  Calculated 1000 temperatures. Range: 5.53 to 25.16
Processing batch 11/12 (rows 10001-11000)
  Calculated 1000 temperatures. Range: 6.41 to 24.76
Processing batch 12/12 (rows 11001-11035)
  Calculated 35 temperatures. Range: 8.64 to 21.58
Saved results to output/results/B1/1953/F/eb_results_MS_1953_B1_A1.rds

Processing: Species=MS, Year=1954, Origin=B1, Climate=A1, Sex=F
Looking for climate data at: /mmfs1/gscratch/biology/jmsmith/targeted_microclimate/A1/simplified_A1_1954.rds
Directory /mmfs1/gscratch/biology/jmsmith/targeted_microclimate/A1 exists. Contents:
simplified_A1_1945.rds
simplified_A1_1946.rds
simplified_A1_1947.rds
simplified_A1_1948.rds
simplified_A1_1949.rds
simplified_A1_1950.rds
simplified_A1_1951.rds
simplified_A1_1952.rds
simplified_A1_1953.rds
simplified_A1_1954.rds
simplified_A1_1955.rds
simplified_A1_1956.rds
simplified_A1_1957.rds
simplified_A1_1958.rds
simplified_A1_1959.rds
simplified_A1_1960.rds
simplified_A1_1961.rds
simplified_A1_1962.rds
simplified_A1_1963.rds
simplified_A1_1964.rds
simplified_A1_2005.rds
simplified_A1_2006.rds
simplified_A1_2007.rds
simplified_A1_2008.rds
simplified_A1_2009.rds
simplified_A1_2010.rds
simplified_A1_2011.rds
simplified_A1_2012.rds
simplified_A1_2013.rds
simplified_A1_2014.rds
simplified_A1_2015.rds
simplified_A1_2016.rds
simplified_A1_2017.rds
simplified_A1_2018.rds
simplified_A1_2019.rds
simplified_A1_2020.rds
simplified_A1_2021.rds
simplified_A1_2022.rds
simplified_A1_2023.rds
simplified_A1_2024.rds
Processing batch 1/12 (rows 1-1000)
  Calculated 1000 temperatures. Range: -2.57 to 60.00
Processing batch 2/12 (rows 1001-2000)
  Calculated 1000 temperatures. Range: 4.53 to 60.00
Processing batch 3/12 (rows 2001-3000)
  Calculated 1000 temperatures. Range: -0.19 to 57.88
Processing batch 4/12 (rows 3001-4000)
  Calculated 1000 temperatures. Range: 7.35 to 53.32
Processing batch 5/12 (rows 4001-5000)
  Calculated 1000 temperatures. Range: -0.51 to 53.62
Processing batch 6/12 (rows 5001-6000)
  Calculated 1000 temperatures. Range: 6.23 to 49.30
Processing batch 7/12 (rows 6001-7000)
  Calculated 1000 temperatures. Range: -0.12 to 38.60
Processing batch 8/12 (rows 7001-8000)
  Calculated 1000 temperatures. Range: 5.42 to 22.31
Processing batch 9/12 (rows 8001-9000)
  Calculated 1000 temperatures. Range: 1.15 to 23.09
Processing batch 10/12 (rows 9001-10000)
  Calculated 1000 temperatures. Range: 2.51 to 28.56
Processing batch 11/12 (rows 10001-11000)
  Calculated 1000 temperatures. Range: 6.36 to 26.02
Processing batch 12/12 (rows 11001-11035)
  Calculated 35 temperatures. Range: 8.61 to 23.81
Saved results to output/results/B1/1954/F/eb_results_MS_1954_B1_A1.rds

Processing: Species=MS, Year=1955, Origin=B1, Climate=A1, Sex=F
Looking for climate data at: /mmfs1/gscratch/biology/jmsmith/targeted_microclimate/A1/simplified_A1_1955.rds
Directory /mmfs1/gscratch/biology/jmsmith/targeted_microclimate/A1 exists. Contents:
simplified_A1_1945.rds
simplified_A1_1946.rds
simplified_A1_1947.rds
simplified_A1_1948.rds
simplified_A1_1949.rds
simplified_A1_1950.rds
simplified_A1_1951.rds
simplified_A1_1952.rds
simplified_A1_1953.rds
simplified_A1_1954.rds
simplified_A1_1955.rds
simplified_A1_1956.rds
simplified_A1_1957.rds
simplified_A1_1958.rds
simplified_A1_1959.rds
simplified_A1_1960.rds
simplified_A1_1961.rds
simplified_A1_1962.rds
simplified_A1_1963.rds
simplified_A1_1964.rds
simplified_A1_2005.rds
simplified_A1_2006.rds
simplified_A1_2007.rds
simplified_A1_2008.rds
simplified_A1_2009.rds
simplified_A1_2010.rds
simplified_A1_2011.rds
simplified_A1_2012.rds
simplified_A1_2013.rds
simplified_A1_2014.rds
simplified_A1_2015.rds
simplified_A1_2016.rds
simplified_A1_2017.rds
simplified_A1_2018.rds
simplified_A1_2019.rds
simplified_A1_2020.rds
simplified_A1_2021.rds
simplified_A1_2022.rds
simplified_A1_2023.rds
simplified_A1_2024.rds
Processing batch 1/12 (rows 1-1000)
  Calculated 1000 temperatures. Range: 0.62 to 60.00
Processing batch 2/12 (rows 1001-2000)
  Calculated 1000 temperatures. Range: 4.46 to 53.81
Processing batch 3/12 (rows 2001-3000)
  Calculated 1000 temperatures. Range: 2.31 to 50.99
Processing batch 4/12 (rows 3001-4000)
  Calculated 1000 temperatures. Range: 7.27 to 54.10
Processing batch 5/12 (rows 4001-5000)
  Calculated 1000 temperatures. Range: 1.94 to 43.11
Processing batch 6/12 (rows 5001-6000)
  Calculated 1000 temperatures. Range: 3.93 to 51.16
Processing batch 7/12 (rows 6001-7000)
  Calculated 1000 temperatures. Range: 1.50 to 42.12
Processing batch 8/12 (rows 7001-8000)
  Calculated 1000 temperatures. Range: 3.41 to 20.42
Processing batch 9/12 (rows 8001-9000)
  Calculated 1000 temperatures. Range: 2.75 to 21.84
Processing batch 10/12 (rows 9001-10000)
  Calculated 1000 temperatures. Range: 3.36 to 26.57
Processing batch 11/12 (rows 10001-11000)
  Calculated 1000 temperatures. Range: 6.07 to 24.73
Processing batch 12/12 (rows 11001-11035)
  Calculated 35 temperatures. Range: 6.32 to 22.21
Saved results to output/results/B1/1955/F/eb_results_MS_1955_B1_A1.rds

Processing: Species=MS, Year=1956, Origin=B1, Climate=A1, Sex=F
Looking for climate data at: /mmfs1/gscratch/biology/jmsmith/targeted_microclimate/A1/simplified_A1_1956.rds
Directory /mmfs1/gscratch/biology/jmsmith/targeted_microclimate/A1 exists. Contents:
simplified_A1_1945.rds
simplified_A1_1946.rds
simplified_A1_1947.rds
simplified_A1_1948.rds
simplified_A1_1949.rds
simplified_A1_1950.rds
simplified_A1_1951.rds
simplified_A1_1952.rds
simplified_A1_1953.rds
simplified_A1_1954.rds
simplified_A1_1955.rds
simplified_A1_1956.rds
simplified_A1_1957.rds
simplified_A1_1958.rds
simplified_A1_1959.rds
simplified_A1_1960.rds
simplified_A1_1961.rds
simplified_A1_1962.rds
simplified_A1_1963.rds
simplified_A1_1964.rds
simplified_A1_2005.rds
simplified_A1_2006.rds
simplified_A1_2007.rds
simplified_A1_2008.rds
simplified_A1_2009.rds
simplified_A1_2010.rds
simplified_A1_2011.rds
simplified_A1_2012.rds
simplified_A1_2013.rds
simplified_A1_2014.rds
simplified_A1_2015.rds
simplified_A1_2016.rds
simplified_A1_2017.rds
simplified_A1_2018.rds
simplified_A1_2019.rds
simplified_A1_2020.rds
simplified_A1_2021.rds
simplified_A1_2022.rds
simplified_A1_2023.rds
simplified_A1_2024.rds
Processing batch 1/12 (rows 1-1000)
  Calculated 1000 temperatures. Range: 2.48 to 60.00
Processing batch 2/12 (rows 1001-2000)
  Calculated 1000 temperatures. Range: 4.55 to 46.46
Processing batch 3/12 (rows 2001-3000)
  Calculated 1000 temperatures. Range: -0.56 to 50.54
Processing batch 4/12 (rows 3001-4000)
  Calculated 1000 temperatures. Range: 7.05 to 40.57
Processing batch 5/12 (rows 4001-5000)
  Calculated 1000 temperatures. Range: 1.36 to 43.00
Processing batch 6/12 (rows 5001-6000)
  Calculated 1000 temperatures. Range: 6.53 to 39.26
Processing batch 7/12 (rows 6001-7000)
  Calculated 1000 temperatures. Range: 1.08 to 37.57
Processing batch 8/12 (rows 7001-8000)
  Calculated 1000 temperatures. Range: 4.12 to 20.22
Processing batch 9/12 (rows 8001-9000)
  Calculated 1000 temperatures. Range: 1.37 to 22.22
Processing batch 10/12 (rows 9001-10000)
  Calculated 1000 temperatures. Range: 6.51 to 26.01
Processing batch 11/12 (rows 10001-11000)
  Calculated 1000 temperatures. Range: 6.69 to 23.79
Processing batch 12/12 (rows 11001-11035)
  Calculated 35 temperatures. Range: 2.45 to 19.57
Saved results to output/results/B1/1956/F/eb_results_MS_1956_B1_A1.rds

Processing: Species=MS, Year=1957, Origin=B1, Climate=A1, Sex=F
Looking for climate data at: /mmfs1/gscratch/biology/jmsmith/targeted_microclimate/A1/simplified_A1_1957.rds
Directory /mmfs1/gscratch/biology/jmsmith/targeted_microclimate/A1 exists. Contents:
simplified_A1_1945.rds
simplified_A1_1946.rds
simplified_A1_1947.rds
simplified_A1_1948.rds
simplified_A1_1949.rds
simplified_A1_1950.rds
simplified_A1_1951.rds
simplified_A1_1952.rds
simplified_A1_1953.rds
simplified_A1_1954.rds
simplified_A1_1955.rds
simplified_A1_1956.rds
simplified_A1_1957.rds
simplified_A1_1958.rds
simplified_A1_1959.rds
simplified_A1_1960.rds
simplified_A1_1961.rds
simplified_A1_1962.rds
simplified_A1_1963.rds
simplified_A1_1964.rds
simplified_A1_2005.rds
simplified_A1_2006.rds
simplified_A1_2007.rds
simplified_A1_2008.rds
simplified_A1_2009.rds
simplified_A1_2010.rds
simplified_A1_2011.rds
simplified_A1_2012.rds
simplified_A1_2013.rds
simplified_A1_2014.rds
simplified_A1_2015.rds
simplified_A1_2016.rds
simplified_A1_2017.rds
simplified_A1_2018.rds
simplified_A1_2019.rds
simplified_A1_2020.rds
simplified_A1_2021.rds
simplified_A1_2022.rds
simplified_A1_2023.rds
simplified_A1_2024.rds
Processing batch 1/12 (rows 1-1000)
  Calculated 1000 temperatures. Range: 0.83 to 60.00
Processing batch 2/12 (rows 1001-2000)
  Calculated 1000 temperatures. Range: 6.23 to 48.31
Processing batch 3/12 (rows 2001-3000)
  Calculated 1000 temperatures. Range: 2.78 to 46.61
Processing batch 4/12 (rows 3001-4000)
  Calculated 1000 temperatures. Range: 6.68 to 53.78
Processing batch 5/12 (rows 4001-5000)
  Calculated 1000 temperatures. Range: 2.26 to 37.80
Processing batch 6/12 (rows 5001-6000)
  Calculated 1000 temperatures. Range: 5.83 to 53.79
Processing batch 7/12 (rows 6001-7000)
  Calculated 1000 temperatures. Range: 2.44 to 36.79
Processing batch 8/12 (rows 7001-8000)
  Calculated 1000 temperatures. Range: 1.75 to 20.41
Processing batch 9/12 (rows 8001-9000)
  Calculated 1000 temperatures. Range: 4.82 to 21.75
Processing batch 10/12 (rows 9001-10000)
  Calculated 1000 temperatures. Range: 3.20 to 25.68
Processing batch 11/12 (rows 10001-11000)
  Calculated 1000 temperatures. Range: 7.04 to 24.15
Processing batch 12/12 (rows 11001-11035)
  Calculated 35 temperatures. Range: 8.13 to 17.67
Saved results to output/results/B1/1957/F/eb_results_MS_1957_B1_A1.rds

Processing: Species=MS, Year=1958, Origin=B1, Climate=A1, Sex=F
Looking for climate data at: /mmfs1/gscratch/biology/jmsmith/targeted_microclimate/A1/simplified_A1_1958.rds
Directory /mmfs1/gscratch/biology/jmsmith/targeted_microclimate/A1 exists. Contents:
simplified_A1_1945.rds
simplified_A1_1946.rds
simplified_A1_1947.rds
simplified_A1_1948.rds
simplified_A1_1949.rds
simplified_A1_1950.rds
simplified_A1_1951.rds
simplified_A1_1952.rds
simplified_A1_1953.rds
simplified_A1_1954.rds
simplified_A1_1955.rds
simplified_A1_1956.rds
simplified_A1_1957.rds
simplified_A1_1958.rds
simplified_A1_1959.rds
simplified_A1_1960.rds
simplified_A1_1961.rds
simplified_A1_1962.rds
simplified_A1_1963.rds
simplified_A1_1964.rds
simplified_A1_2005.rds
simplified_A1_2006.rds
simplified_A1_2007.rds
simplified_A1_2008.rds
simplified_A1_2009.rds
simplified_A1_2010.rds
simplified_A1_2011.rds
simplified_A1_2012.rds
simplified_A1_2013.rds
simplified_A1_2014.rds
simplified_A1_2015.rds
simplified_A1_2016.rds
simplified_A1_2017.rds
simplified_A1_2018.rds
simplified_A1_2019.rds
simplified_A1_2020.rds
simplified_A1_2021.rds
simplified_A1_2022.rds
simplified_A1_2023.rds
simplified_A1_2024.rds
Processing batch 1/12 (rows 1-1000)
  Calculated 1000 temperatures. Range: 2.27 to 50.41
Processing batch 2/12 (rows 1001-2000)
  Calculated 1000 temperatures. Range: 4.89 to 57.51
Processing batch 3/12 (rows 2001-3000)
  Calculated 1000 temperatures. Range: 3.29 to 42.84
Processing batch 4/12 (rows 3001-4000)
  Calculated 1000 temperatures. Range: 6.84 to 45.59
Processing batch 5/12 (rows 4001-5000)
  Calculated 1000 temperatures. Range: 3.95 to 37.69
Processing batch 6/12 (rows 5001-6000)
  Calculated 1000 temperatures. Range: 4.77 to 41.12
Processing batch 7/12 (rows 6001-7000)
  Calculated 1000 temperatures. Range: 3.18 to 41.35
Processing batch 8/12 (rows 7001-8000)
  Calculated 1000 temperatures. Range: 4.04 to 20.41
Processing batch 9/12 (rows 8001-9000)
  Calculated 1000 temperatures. Range: 4.42 to 24.37
Processing batch 10/12 (rows 9001-10000)
  Calculated 1000 temperatures. Range: 5.13 to 25.43
Processing batch 11/12 (rows 10001-11000)
  Calculated 1000 temperatures. Range: 6.99 to 25.17
Processing batch 12/12 (rows 11001-11035)
  Calculated 35 temperatures. Range: 6.18 to 20.96
Saved results to output/results/B1/1958/F/eb_results_MS_1958_B1_A1.rds

Processing: Species=MS, Year=1959, Origin=B1, Climate=A1, Sex=F
Looking for climate data at: /mmfs1/gscratch/biology/jmsmith/targeted_microclimate/A1/simplified_A1_1959.rds
Directory /mmfs1/gscratch/biology/jmsmith/targeted_microclimate/A1 exists. Contents:
simplified_A1_1945.rds
simplified_A1_1946.rds
simplified_A1_1947.rds
simplified_A1_1948.rds
simplified_A1_1949.rds
simplified_A1_1950.rds
simplified_A1_1951.rds
simplified_A1_1952.rds
simplified_A1_1953.rds
simplified_A1_1954.rds
simplified_A1_1955.rds
simplified_A1_1956.rds
simplified_A1_1957.rds
simplified_A1_1958.rds
simplified_A1_1959.rds
simplified_A1_1960.rds
simplified_A1_1961.rds
simplified_A1_1962.rds
simplified_A1_1963.rds
simplified_A1_1964.rds
simplified_A1_2005.rds
simplified_A1_2006.rds
simplified_A1_2007.rds
simplified_A1_2008.rds
simplified_A1_2009.rds
simplified_A1_2010.rds
simplified_A1_2011.rds
simplified_A1_2012.rds
simplified_A1_2013.rds
simplified_A1_2014.rds
simplified_A1_2015.rds
simplified_A1_2016.rds
simplified_A1_2017.rds
simplified_A1_2018.rds
simplified_A1_2019.rds
simplified_A1_2020.rds
simplified_A1_2021.rds
simplified_A1_2022.rds
simplified_A1_2023.rds
simplified_A1_2024.rds
Processing batch 1/12 (rows 1-1000)
  Calculated 1000 temperatures. Range: 0.62 to 49.08
Processing batch 2/12 (rows 1001-2000)
  Calculated 1000 temperatures. Range: 5.65 to 54.49
Processing batch 3/12 (rows 2001-3000)
  Calculated 1000 temperatures. Range: 2.14 to 44.62
Processing batch 4/12 (rows 3001-4000)
  Calculated 1000 temperatures. Range: 6.00 to 46.09
Processing batch 5/12 (rows 4001-5000)
  Calculated 1000 temperatures. Range: 1.87 to 40.60
Processing batch 6/12 (rows 5001-6000)
  Calculated 1000 temperatures. Range: 5.07 to 45.61
Processing batch 7/12 (rows 6001-7000)
  Calculated 1000 temperatures. Range: 2.04 to 44.60
Processing batch 8/12 (rows 7001-8000)
  Calculated 1000 temperatures. Range: 4.55 to 20.54
Processing batch 9/12 (rows 8001-9000)
  Calculated 1000 temperatures. Range: 2.95 to 23.55
Processing batch 10/12 (rows 9001-10000)
  Calculated 1000 temperatures. Range: 5.73 to 24.01
Processing batch 11/12 (rows 10001-11000)
  Calculated 1000 temperatures. Range: 7.65 to 24.87
Processing batch 12/12 (rows 11001-11035)
  Calculated 35 temperatures. Range: 7.81 to 22.26
Saved results to output/results/B1/1959/F/eb_results_MS_1959_B1_A1.rds

Processing: Species=MS, Year=1960, Origin=B1, Climate=A1, Sex=F
Looking for climate data at: /mmfs1/gscratch/biology/jmsmith/targeted_microclimate/A1/simplified_A1_1960.rds
Directory /mmfs1/gscratch/biology/jmsmith/targeted_microclimate/A1 exists. Contents:
simplified_A1_1945.rds
simplified_A1_1946.rds
simplified_A1_1947.rds
simplified_A1_1948.rds
simplified_A1_1949.rds
simplified_A1_1950.rds
simplified_A1_1951.rds
simplified_A1_1952.rds
simplified_A1_1953.rds
simplified_A1_1954.rds
simplified_A1_1955.rds
simplified_A1_1956.rds
simplified_A1_1957.rds
simplified_A1_1958.rds
simplified_A1_1959.rds
simplified_A1_1960.rds
simplified_A1_1961.rds
simplified_A1_1962.rds
simplified_A1_1963.rds
simplified_A1_1964.rds
simplified_A1_2005.rds
simplified_A1_2006.rds
simplified_A1_2007.rds
simplified_A1_2008.rds
simplified_A1_2009.rds
simplified_A1_2010.rds
simplified_A1_2011.rds
simplified_A1_2012.rds
simplified_A1_2013.rds
simplified_A1_2014.rds
simplified_A1_2015.rds
simplified_A1_2016.rds
simplified_A1_2017.rds
simplified_A1_2018.rds
simplified_A1_2019.rds
simplified_A1_2020.rds
simplified_A1_2021.rds
simplified_A1_2022.rds
simplified_A1_2023.rds
simplified_A1_2024.rds
Processing batch 1/12 (rows 1-1000)
  Calculated 1000 temperatures. Range: 2.43 to 58.46
Processing batch 2/12 (rows 1001-2000)
  Calculated 1000 temperatures. Range: 1.12 to 50.71
Processing batch 3/12 (rows 2001-3000)
  Calculated 1000 temperatures. Range: 2.22 to 54.67
Processing batch 4/12 (rows 3001-4000)
  Calculated 1000 temperatures. Range: 6.65 to 43.01
Processing batch 5/12 (rows 4001-5000)
  Calculated 1000 temperatures. Range: 3.72 to 44.60
Processing batch 6/12 (rows 5001-6000)
  Calculated 1000 temperatures. Range: 5.62 to 42.28
Processing batch 7/12 (rows 6001-7000)
  Calculated 1000 temperatures. Range: 2.98 to 39.06
Processing batch 8/12 (rows 7001-8000)
  Calculated 1000 temperatures. Range: 3.47 to 21.26
Processing batch 9/12 (rows 8001-9000)
  Calculated 1000 temperatures. Range: 2.31 to 22.53
Processing batch 10/12 (rows 9001-10000)
  Calculated 1000 temperatures. Range: 5.04 to 26.07
Processing batch 11/12 (rows 10001-11000)
  Calculated 1000 temperatures. Range: 4.28 to 26.42
Processing batch 12/12 (rows 11001-11035)
  Calculated 35 temperatures. Range: 7.70 to 25.14
Saved results to output/results/B1/1960/F/eb_results_MS_1960_B1_A1.rds

Processing: Species=MS, Year=1961, Origin=B1, Climate=A1, Sex=F
Looking for climate data at: /mmfs1/gscratch/biology/jmsmith/targeted_microclimate/A1/simplified_A1_1961.rds
Directory /mmfs1/gscratch/biology/jmsmith/targeted_microclimate/A1 exists. Contents:
simplified_A1_1945.rds
simplified_A1_1946.rds
simplified_A1_1947.rds
simplified_A1_1948.rds
simplified_A1_1949.rds
simplified_A1_1950.rds
simplified_A1_1951.rds
simplified_A1_1952.rds
simplified_A1_1953.rds
simplified_A1_1954.rds
simplified_A1_1955.rds
simplified_A1_1956.rds
simplified_A1_1957.rds
simplified_A1_1958.rds
simplified_A1_1959.rds
simplified_A1_1960.rds
simplified_A1_1961.rds
simplified_A1_1962.rds
simplified_A1_1963.rds
simplified_A1_1964.rds
simplified_A1_2005.rds
simplified_A1_2006.rds
simplified_A1_2007.rds
simplified_A1_2008.rds
simplified_A1_2009.rds
simplified_A1_2010.rds
simplified_A1_2011.rds
simplified_A1_2012.rds
simplified_A1_2013.rds
simplified_A1_2014.rds
simplified_A1_2015.rds
simplified_A1_2016.rds
simplified_A1_2017.rds
simplified_A1_2018.rds
simplified_A1_2019.rds
simplified_A1_2020.rds
simplified_A1_2021.rds
simplified_A1_2022.rds
simplified_A1_2023.rds
simplified_A1_2024.rds
Processing batch 1/12 (rows 1-1000)
  Calculated 1000 temperatures. Range: 0.59 to 48.07
Processing batch 2/12 (rows 1001-2000)
  Calculated 1000 temperatures. Range: 3.67 to 50.84
Processing batch 3/12 (rows 2001-3000)
  Calculated 1000 temperatures. Range: 2.27 to 44.85
Processing batch 4/12 (rows 3001-4000)
  Calculated 1000 temperatures. Range: 4.88 to 41.63
Processing batch 5/12 (rows 4001-5000)
  Calculated 1000 temperatures. Range: 1.98 to 39.02
Processing batch 6/12 (rows 5001-6000)
  Calculated 1000 temperatures. Range: 4.60 to 40.21
Processing batch 7/12 (rows 6001-7000)
  Calculated 1000 temperatures. Range: 1.78 to 41.50
Processing batch 8/12 (rows 7001-8000)
  Calculated 1000 temperatures. Range: 3.78 to 20.12
Processing batch 9/12 (rows 8001-9000)
  Calculated 1000 temperatures. Range: 2.85 to 20.18
Processing batch 10/12 (rows 9001-10000)
  Calculated 1000 temperatures. Range: 5.32 to 24.75
Processing batch 11/12 (rows 10001-11000)
  Calculated 1000 temperatures. Range: 4.97 to 24.47
Processing batch 12/12 (rows 11001-11035)
  Calculated 35 temperatures. Range: 9.22 to 19.07
Saved results to output/results/B1/1961/F/eb_results_MS_1961_B1_A1.rds

Processing: Species=MS, Year=1962, Origin=B1, Climate=A1, Sex=F
Looking for climate data at: /mmfs1/gscratch/biology/jmsmith/targeted_microclimate/A1/simplified_A1_1962.rds
Directory /mmfs1/gscratch/biology/jmsmith/targeted_microclimate/A1 exists. Contents:
simplified_A1_1945.rds
simplified_A1_1946.rds
simplified_A1_1947.rds
simplified_A1_1948.rds
simplified_A1_1949.rds
simplified_A1_1950.rds
simplified_A1_1951.rds
simplified_A1_1952.rds
simplified_A1_1953.rds
simplified_A1_1954.rds
simplified_A1_1955.rds
simplified_A1_1956.rds
simplified_A1_1957.rds
simplified_A1_1958.rds
simplified_A1_1959.rds
simplified_A1_1960.rds
simplified_A1_1961.rds
simplified_A1_1962.rds
simplified_A1_1963.rds
simplified_A1_1964.rds
simplified_A1_2005.rds
simplified_A1_2006.rds
simplified_A1_2007.rds
simplified_A1_2008.rds
simplified_A1_2009.rds
simplified_A1_2010.rds
simplified_A1_2011.rds
simplified_A1_2012.rds
simplified_A1_2013.rds
simplified_A1_2014.rds
simplified_A1_2015.rds
simplified_A1_2016.rds
simplified_A1_2017.rds
simplified_A1_2018.rds
simplified_A1_2019.rds
simplified_A1_2020.rds
simplified_A1_2021.rds
simplified_A1_2022.rds
simplified_A1_2023.rds
simplified_A1_2024.rds
Processing batch 1/12 (rows 1-1000)
  Calculated 1000 temperatures. Range: 0.31 to 57.13
Processing batch 2/12 (rows 1001-2000)
  Calculated 1000 temperatures. Range: 4.22 to 60.00
Processing batch 3/12 (rows 2001-3000)
  Calculated 1000 temperatures. Range: 1.78 to 57.48
Processing batch 4/12 (rows 3001-4000)
  Calculated 1000 temperatures. Range: 6.47 to 49.94
Processing batch 5/12 (rows 4001-5000)
  Calculated 1000 temperatures. Range: 1.72 to 45.42
Processing batch 6/12 (rows 5001-6000)
  Calculated 1000 temperatures. Range: 6.15 to 47.21
Processing batch 7/12 (rows 6001-7000)
  Calculated 1000 temperatures. Range: 1.49 to 40.33
Processing batch 8/12 (rows 7001-8000)
  Calculated 1000 temperatures. Range: 2.21 to 19.96
Processing batch 9/12 (rows 8001-9000)
  Calculated 1000 temperatures. Range: 2.84 to 21.14
Processing batch 10/12 (rows 9001-10000)
  Calculated 1000 temperatures. Range: 2.31 to 23.88
Processing batch 11/12 (rows 10001-11000)
  Calculated 1000 temperatures. Range: 5.41 to 26.46
Processing batch 12/12 (rows 11001-11035)
  Calculated 35 temperatures. Range: 4.82 to 16.77
Saved results to output/results/B1/1962/F/eb_results_MS_1962_B1_A1.rds

Processing: Species=MS, Year=1963, Origin=B1, Climate=A1, Sex=F
Looking for climate data at: /mmfs1/gscratch/biology/jmsmith/targeted_microclimate/A1/simplified_A1_1963.rds
Directory /mmfs1/gscratch/biology/jmsmith/targeted_microclimate/A1 exists. Contents:
simplified_A1_1945.rds
simplified_A1_1946.rds
simplified_A1_1947.rds
simplified_A1_1948.rds
simplified_A1_1949.rds
simplified_A1_1950.rds
simplified_A1_1951.rds
simplified_A1_1952.rds
simplified_A1_1953.rds
simplified_A1_1954.rds
simplified_A1_1955.rds
simplified_A1_1956.rds
simplified_A1_1957.rds
simplified_A1_1958.rds
simplified_A1_1959.rds
simplified_A1_1960.rds
simplified_A1_1961.rds
simplified_A1_1962.rds
simplified_A1_1963.rds
simplified_A1_1964.rds
simplified_A1_2005.rds
simplified_A1_2006.rds
simplified_A1_2007.rds
simplified_A1_2008.rds
simplified_A1_2009.rds
simplified_A1_2010.rds
simplified_A1_2011.rds
simplified_A1_2012.rds
simplified_A1_2013.rds
simplified_A1_2014.rds
simplified_A1_2015.rds
simplified_A1_2016.rds
simplified_A1_2017.rds
simplified_A1_2018.rds
simplified_A1_2019.rds
simplified_A1_2020.rds
simplified_A1_2021.rds
simplified_A1_2022.rds
simplified_A1_2023.rds
simplified_A1_2024.rds
Processing batch 1/12 (rows 1-1000)
  Calculated 1000 temperatures. Range: 2.31 to 60.00
Processing batch 2/12 (rows 1001-2000)
  Calculated 1000 temperatures. Range: 5.78 to 50.82
Processing batch 3/12 (rows 2001-3000)
  Calculated 1000 temperatures. Range: 3.85 to 50.13
Processing batch 4/12 (rows 3001-4000)
  Calculated 1000 temperatures. Range: 7.15 to 42.56
Processing batch 5/12 (rows 4001-5000)
  Calculated 1000 temperatures. Range: 3.63 to 39.06
Processing batch 6/12 (rows 5001-6000)
  Calculated 1000 temperatures. Range: 6.41 to 48.86
Processing batch 7/12 (rows 6001-7000)
  Calculated 1000 temperatures. Range: 3.34 to 37.80
Processing batch 8/12 (rows 7001-8000)
  Calculated 1000 temperatures. Range: 4.34 to 21.25
Processing batch 9/12 (rows 8001-9000)
  Calculated 1000 temperatures. Range: 4.45 to 21.52
Processing batch 10/12 (rows 9001-10000)
  Calculated 1000 temperatures. Range: 5.04 to 26.29
Processing batch 11/12 (rows 10001-11000)
  Calculated 1000 temperatures. Range: 7.52 to 25.87
Processing batch 12/12 (rows 11001-11035)
  Calculated 35 temperatures. Range: 8.92 to 19.00
Saved results to output/results/B1/1963/F/eb_results_MS_1963_B1_A1.rds

Processing: Species=MS, Year=1964, Origin=B1, Climate=A1, Sex=F
Looking for climate data at: /mmfs1/gscratch/biology/jmsmith/targeted_microclimate/A1/simplified_A1_1964.rds
Directory /mmfs1/gscratch/biology/jmsmith/targeted_microclimate/A1 exists. Contents:
simplified_A1_1945.rds
simplified_A1_1946.rds
simplified_A1_1947.rds
simplified_A1_1948.rds
simplified_A1_1949.rds
simplified_A1_1950.rds
simplified_A1_1951.rds
simplified_A1_1952.rds
simplified_A1_1953.rds
simplified_A1_1954.rds
simplified_A1_1955.rds
simplified_A1_1956.rds
simplified_A1_1957.rds
simplified_A1_1958.rds
simplified_A1_1959.rds
simplified_A1_1960.rds
simplified_A1_1961.rds
simplified_A1_1962.rds
simplified_A1_1963.rds
simplified_A1_1964.rds
simplified_A1_2005.rds
simplified_A1_2006.rds
simplified_A1_2007.rds
simplified_A1_2008.rds
simplified_A1_2009.rds
simplified_A1_2010.rds
simplified_A1_2011.rds
simplified_A1_2012.rds
simplified_A1_2013.rds
simplified_A1_2014.rds
simplified_A1_2015.rds
simplified_A1_2016.rds
simplified_A1_2017.rds
simplified_A1_2018.rds
simplified_A1_2019.rds
simplified_A1_2020.rds
simplified_A1_2021.rds
simplified_A1_2022.rds
simplified_A1_2023.rds
simplified_A1_2024.rds
Processing batch 1/12 (rows 1-1000)
  Calculated 1000 temperatures. Range: 0.98 to 48.36
Processing batch 2/12 (rows 1001-2000)
  Calculated 1000 temperatures. Range: 0.73 to 49.28
Processing batch 3/12 (rows 2001-3000)
  Calculated 1000 temperatures. Range: -0.57 to 40.45
Processing batch 4/12 (rows 3001-4000)
  Calculated 1000 temperatures. Range: 6.20 to 42.56
Processing batch 5/12 (rows 4001-5000)
  Calculated 1000 temperatures. Range: 1.64 to 38.70
Processing batch 6/12 (rows 5001-6000)
  Calculated 1000 temperatures. Range: 5.09 to 41.37
Processing batch 7/12 (rows 6001-7000)
  Calculated 1000 temperatures. Range: 1.00 to 36.79
Processing batch 8/12 (rows 7001-8000)
  Calculated 1000 temperatures. Range: 1.97 to 20.65
Processing batch 9/12 (rows 8001-9000)
  Calculated 1000 temperatures. Range: 1.16 to 22.44
Processing batch 10/12 (rows 9001-10000)
  Calculated 1000 temperatures. Range: 3.45 to 25.33
Processing batch 11/12 (rows 10001-11000)
  Calculated 1000 temperatures. Range: 3.34 to 25.06
Processing batch 12/12 (rows 11001-11035)
  Calculated 35 temperatures. Range: 4.12 to 23.35
Saved results to output/results/B1/1964/F/eb_results_MS_1964_B1_A1.rds

All years processed.
