Arguments received:
Species: MB
Years: 2005, 2006, 2007, 2008, 2009, 2010, 2011, 2012, 2013, 2014, 2015, 2016, 2017, 2018, 2019, 2020, 2021, 2022, 2023, 2024
Origin site: C1
Climate site: C1
Sex: F
Output directory: output/results/C1
Library paths:
[1] "/gscratch/biology/jmsmith/R"                          
[2] "/mmfs1/home/smithju/R/x86_64-pc-linux-gnu-library/4.4"
[3] "/usr/local/lib/R/site-library"                        
[4] "/usr/local/lib/R/library"                             
Package tidyverse loaded successfully
Package TrenchR loaded successfully
Package rTPC loaded successfully
Package lubridate loaded successfully

Processing: Species=MB, Year=2005, Origin=C1, Climate=C1, Sex=F
Looking for climate data at: /mmfs1/gscratch/biology/jmsmith/targeted_microclimate/C1/simplified_C1_2005.rds
Directory /mmfs1/gscratch/biology/jmsmith/targeted_microclimate/C1 exists. Contents:
simplified_C1_1945.rds
simplified_C1_1946.rds
simplified_C1_1947.rds
simplified_C1_1948.rds
simplified_C1_1949.rds
simplified_C1_1950.rds
simplified_C1_1951.rds
simplified_C1_1952.rds
simplified_C1_1953.rds
simplified_C1_1954.rds
simplified_C1_1955.rds
simplified_C1_1956.rds
simplified_C1_1957.rds
simplified_C1_1958.rds
simplified_C1_1959.rds
simplified_C1_1960.rds
simplified_C1_1961.rds
simplified_C1_1962.rds
simplified_C1_1963.rds
simplified_C1_1964.rds
simplified_C1_2005.rds
simplified_C1_2006.rds
simplified_C1_2007.rds
simplified_C1_2008.rds
simplified_C1_2009.rds
simplified_C1_2010.rds
simplified_C1_2011.rds
simplified_C1_2012.rds
simplified_C1_2013.rds
simplified_C1_2014.rds
simplified_C1_2015.rds
simplified_C1_2016.rds
simplified_C1_2017.rds
simplified_C1_2018.rds
simplified_C1_2019.rds
simplified_C1_2020.rds
simplified_C1_2021.rds
simplified_C1_2022.rds
simplified_C1_2023.rds
simplified_C1_2024.rds
Processing batch 1/12 (rows 1-1000)
  Calculated 1000 temperatures. Range: -5.98 to 52.11
Processing batch 2/12 (rows 1001-2000)
  Calculated 1000 temperatures. Range: -0.91 to 51.50
Processing batch 3/12 (rows 2001-3000)
  Calculated 1000 temperatures. Range: -4.56 to 49.01
Processing batch 4/12 (rows 3001-4000)
  Calculated 1000 temperatures. Range: -0.67 to 41.97
Processing batch 5/12 (rows 4001-5000)
  Calculated 1000 temperatures. Range: -5.08 to 39.36
Processing batch 6/12 (rows 5001-6000)
  Calculated 1000 temperatures. Range: -0.99 to 39.01
Processing batch 7/12 (rows 6001-7000)
  Calculated 1000 temperatures. Range: -4.44 to 36.15
Processing batch 8/12 (rows 7001-8000)
  Calculated 1000 temperatures. Range: -0.61 to 17.17
Processing batch 9/12 (rows 8001-9000)
  Calculated 1000 temperatures. Range: -2.64 to 15.29
Processing batch 10/12 (rows 9001-10000)
  Calculated 1000 temperatures. Range: -4.03 to 20.48
Processing batch 11/12 (rows 10001-11000)
  Calculated 1000 temperatures. Range: 0.82 to 21.73
Processing batch 12/12 (rows 11001-11035)
  Calculated 35 temperatures. Range: -0.32 to 17.58
Total observations: 11035, Unique timestamps: 2207
MR parameters: mass=0.24, elev=3014.0, b0=17.10, b1=0.98, b2=-0.48, b3=0.000124
Sample tb=278.12 K, log(mass)=-1.4271, 1/(kT)=41.711228, exponent=-3.9462, rmr=0.019327
Sample tb=287.97 K, log(mass)=-1.4271, 1/(kT)=40.284896, exponent=-3.2616, rmr=0.038327
Sample tb=295.95 K, log(mass)=-1.4271, 1/(kT)=39.198460, exponent=-2.7401, rmr=0.064564
Sample tb=299.79 K, log(mass)=-1.4271, 1/(kT)=38.696835, exponent=-2.4993, rmr=0.082141
Sample tb=297.14 K, log(mass)=-1.4271, 1/(kT)=39.041694, exponent=-2.6649, rmr=0.069610
MR results: 0 NA, 0 infinite, 0 negative, 0 zero
Energy calculations: 3725 non-zero gains, 11035 non-zero losses out of 11035 observations
Saved results to output/results/C1/2005/F/eb_results_MB_2005_C1_C1.rds

Processing: Species=MB, Year=2006, Origin=C1, Climate=C1, Sex=F
Looking for climate data at: /mmfs1/gscratch/biology/jmsmith/targeted_microclimate/C1/simplified_C1_2006.rds
Directory /mmfs1/gscratch/biology/jmsmith/targeted_microclimate/C1 exists. Contents:
simplified_C1_1945.rds
simplified_C1_1946.rds
simplified_C1_1947.rds
simplified_C1_1948.rds
simplified_C1_1949.rds
simplified_C1_1950.rds
simplified_C1_1951.rds
simplified_C1_1952.rds
simplified_C1_1953.rds
simplified_C1_1954.rds
simplified_C1_1955.rds
simplified_C1_1956.rds
simplified_C1_1957.rds
simplified_C1_1958.rds
simplified_C1_1959.rds
simplified_C1_1960.rds
simplified_C1_1961.rds
simplified_C1_1962.rds
simplified_C1_1963.rds
simplified_C1_1964.rds
simplified_C1_2005.rds
simplified_C1_2006.rds
simplified_C1_2007.rds
simplified_C1_2008.rds
simplified_C1_2009.rds
simplified_C1_2010.rds
simplified_C1_2011.rds
simplified_C1_2012.rds
simplified_C1_2013.rds
simplified_C1_2014.rds
simplified_C1_2015.rds
simplified_C1_2016.rds
simplified_C1_2017.rds
simplified_C1_2018.rds
simplified_C1_2019.rds
simplified_C1_2020.rds
simplified_C1_2021.rds
simplified_C1_2022.rds
simplified_C1_2023.rds
simplified_C1_2024.rds
Processing batch 1/12 (rows 1-1000)
  Calculated 1000 temperatures. Range: -3.00 to 52.08
Processing batch 2/12 (rows 1001-2000)
  Calculated 1000 temperatures. Range: 0.62 to 53.17
Processing batch 3/12 (rows 2001-3000)
  Calculated 1000 temperatures. Range: -2.36 to 50.12
Processing batch 4/12 (rows 3001-4000)
  Calculated 1000 temperatures. Range: 2.17 to 44.14
Processing batch 5/12 (rows 4001-5000)
  Calculated 1000 temperatures. Range: -1.30 to 39.27
Processing batch 6/12 (rows 5001-6000)
  Calculated 1000 temperatures. Range: -0.59 to 40.58
Processing batch 7/12 (rows 6001-7000)
  Calculated 1000 temperatures. Range: -0.83 to 36.97
Processing batch 8/12 (rows 7001-8000)
  Calculated 1000 temperatures. Range: -1.28 to 16.97
Processing batch 9/12 (rows 8001-9000)
  Calculated 1000 temperatures. Range: -0.58 to 18.45
Processing batch 10/12 (rows 9001-10000)
  Calculated 1000 temperatures. Range: -1.17 to 20.74
Processing batch 11/12 (rows 10001-11000)
  Calculated 1000 temperatures. Range: 0.26 to 21.11
Processing batch 12/12 (rows 11001-11035)
  Calculated 35 temperatures. Range: 3.28 to 16.41
Total observations: 11035, Unique timestamps: 2207
MR parameters: mass=0.24, elev=3014.0, b0=17.10, b1=0.98, b2=-0.48, b3=0.000124
Sample tb=287.33 K, log(mass)=-1.4271, 1/(kT)=40.375442, exponent=-3.3051, rmr=0.036697
Sample tb=278.68 K, log(mass)=-1.4271, 1/(kT)=41.628028, exponent=-3.9063, rmr=0.020115
Sample tb=280.79 K, log(mass)=-1.4271, 1/(kT)=41.315761, exponent=-3.7564, rmr=0.023368
Sample tb=305.41 K, log(mass)=-1.4271, 1/(kT)=37.984795, exponent=-2.1575, rmr=0.115609
Sample tb=282.61 K, log(mass)=-1.4271, 1/(kT)=41.048877, exponent=-3.6283, rmr=0.026561
MR results: 0 NA, 0 infinite, 0 negative, 0 zero
Energy calculations: 3935 non-zero gains, 11035 non-zero losses out of 11035 observations
Saved results to output/results/C1/2006/F/eb_results_MB_2006_C1_C1.rds

Processing: Species=MB, Year=2007, Origin=C1, Climate=C1, Sex=F
Looking for climate data at: /mmfs1/gscratch/biology/jmsmith/targeted_microclimate/C1/simplified_C1_2007.rds
Directory /mmfs1/gscratch/biology/jmsmith/targeted_microclimate/C1 exists. Contents:
simplified_C1_1945.rds
simplified_C1_1946.rds
simplified_C1_1947.rds
simplified_C1_1948.rds
simplified_C1_1949.rds
simplified_C1_1950.rds
simplified_C1_1951.rds
simplified_C1_1952.rds
simplified_C1_1953.rds
simplified_C1_1954.rds
simplified_C1_1955.rds
simplified_C1_1956.rds
simplified_C1_1957.rds
simplified_C1_1958.rds
simplified_C1_1959.rds
simplified_C1_1960.rds
simplified_C1_1961.rds
simplified_C1_1962.rds
simplified_C1_1963.rds
simplified_C1_1964.rds
simplified_C1_2005.rds
simplified_C1_2006.rds
simplified_C1_2007.rds
simplified_C1_2008.rds
simplified_C1_2009.rds
simplified_C1_2010.rds
simplified_C1_2011.rds
simplified_C1_2012.rds
simplified_C1_2013.rds
simplified_C1_2014.rds
simplified_C1_2015.rds
simplified_C1_2016.rds
simplified_C1_2017.rds
simplified_C1_2018.rds
simplified_C1_2019.rds
simplified_C1_2020.rds
simplified_C1_2021.rds
simplified_C1_2022.rds
simplified_C1_2023.rds
simplified_C1_2024.rds
Processing batch 1/12 (rows 1-1000)
  Calculated 1000 temperatures. Range: -8.11 to 56.87
Processing batch 2/12 (rows 1001-2000)
  Calculated 1000 temperatures. Range: 1.38 to 48.61
Processing batch 3/12 (rows 2001-3000)
  Calculated 1000 temperatures. Range: -6.99 to 45.65
Processing batch 4/12 (rows 3001-4000)
  Calculated 1000 temperatures. Range: 2.21 to 40.61
Processing batch 5/12 (rows 4001-5000)
  Calculated 1000 temperatures. Range: -6.44 to 42.45
Processing batch 6/12 (rows 5001-6000)
  Calculated 1000 temperatures. Range: 2.32 to 38.78
Processing batch 7/12 (rows 6001-7000)
  Calculated 1000 temperatures. Range: -5.00 to 36.46
Processing batch 8/12 (rows 7001-8000)
  Calculated 1000 temperatures. Range: -1.45 to 16.61
Processing batch 9/12 (rows 8001-9000)
  Calculated 1000 temperatures. Range: -2.72 to 16.20
Processing batch 10/12 (rows 9001-10000)
  Calculated 1000 temperatures. Range: -5.15 to 20.41
Processing batch 11/12 (rows 10001-11000)
  Calculated 1000 temperatures. Range: 3.02 to 19.99
Processing batch 12/12 (rows 11001-11035)
  Calculated 35 temperatures. Range: 4.16 to 17.41
Total observations: 11035, Unique timestamps: 2207
MR parameters: mass=0.24, elev=3014.0, b0=17.10, b1=0.98, b2=-0.48, b3=0.000124
Sample tb=286.15 K, log(mass)=-1.4271, 1/(kT)=40.541483, exponent=-3.3847, rmr=0.033886
Sample tb=280.08 K, log(mass)=-1.4271, 1/(kT)=41.420674, exponent=-3.8068, rmr=0.022220
Sample tb=278.59 K, log(mass)=-1.4271, 1/(kT)=41.641712, exponent=-3.9129, rmr=0.019983
Sample tb=273.87 K, log(mass)=-1.4271, 1/(kT)=42.358782, exponent=-4.2571, rmr=0.014164
Sample tb=285.13 K, log(mass)=-1.4271, 1/(kT)=40.686835, exponent=-3.4545, rmr=0.031603
MR results: 0 NA, 0 infinite, 0 negative, 0 zero
Energy calculations: 4123 non-zero gains, 11035 non-zero losses out of 11035 observations
Saved results to output/results/C1/2007/F/eb_results_MB_2007_C1_C1.rds

Processing: Species=MB, Year=2008, Origin=C1, Climate=C1, Sex=F
Looking for climate data at: /mmfs1/gscratch/biology/jmsmith/targeted_microclimate/C1/simplified_C1_2008.rds
Directory /mmfs1/gscratch/biology/jmsmith/targeted_microclimate/C1 exists. Contents:
simplified_C1_1945.rds
simplified_C1_1946.rds
simplified_C1_1947.rds
simplified_C1_1948.rds
simplified_C1_1949.rds
simplified_C1_1950.rds
simplified_C1_1951.rds
simplified_C1_1952.rds
simplified_C1_1953.rds
simplified_C1_1954.rds
simplified_C1_1955.rds
simplified_C1_1956.rds
simplified_C1_1957.rds
simplified_C1_1958.rds
simplified_C1_1959.rds
simplified_C1_1960.rds
simplified_C1_1961.rds
simplified_C1_1962.rds
simplified_C1_1963.rds
simplified_C1_1964.rds
simplified_C1_2005.rds
simplified_C1_2006.rds
simplified_C1_2007.rds
simplified_C1_2008.rds
simplified_C1_2009.rds
simplified_C1_2010.rds
simplified_C1_2011.rds
simplified_C1_2012.rds
simplified_C1_2013.rds
simplified_C1_2014.rds
simplified_C1_2015.rds
simplified_C1_2016.rds
simplified_C1_2017.rds
simplified_C1_2018.rds
simplified_C1_2019.rds
simplified_C1_2020.rds
simplified_C1_2021.rds
simplified_C1_2022.rds
simplified_C1_2023.rds
simplified_C1_2024.rds
Processing batch 1/12 (rows 1-1000)
  Calculated 1000 temperatures. Range: -8.14 to 60.00
Processing batch 2/12 (rows 1001-2000)
  Calculated 1000 temperatures. Range: -1.52 to 52.27
Processing batch 3/12 (rows 2001-3000)
  Calculated 1000 temperatures. Range: -6.57 to 48.11
Processing batch 4/12 (rows 3001-4000)
  Calculated 1000 temperatures. Range: -0.52 to 42.03
Processing batch 5/12 (rows 4001-5000)
  Calculated 1000 temperatures. Range: -6.59 to 43.41
Processing batch 6/12 (rows 5001-6000)
  Calculated 1000 temperatures. Range: -1.41 to 39.14
Processing batch 7/12 (rows 6001-7000)
  Calculated 1000 temperatures. Range: -6.05 to 35.59
Processing batch 8/12 (rows 7001-8000)
  Calculated 1000 temperatures. Range: -0.88 to 15.84
Processing batch 9/12 (rows 8001-9000)
  Calculated 1000 temperatures. Range: -1.41 to 15.81
Processing batch 10/12 (rows 9001-10000)
  Calculated 1000 temperatures. Range: -5.33 to 18.69
Processing batch 11/12 (rows 10001-11000)
  Calculated 1000 temperatures. Range: 0.97 to 19.64
Processing batch 12/12 (rows 11001-11035)
  Calculated 35 temperatures. Range: 3.99 to 16.41
Total observations: 11035, Unique timestamps: 2207
MR parameters: mass=0.24, elev=3014.0, b0=17.10, b1=0.98, b2=-0.48, b3=0.000124
Sample tb=284.08 K, log(mass)=-1.4271, 1/(kT)=40.836749, exponent=-3.5265, rmr=0.029408
Sample tb=277.36 K, log(mass)=-1.4271, 1/(kT)=41.825792, exponent=-4.0012, rmr=0.018293
Sample tb=279.79 K, log(mass)=-1.4271, 1/(kT)=41.462932, exponent=-3.8270, rmr=0.021774
Sample tb=280.21 K, log(mass)=-1.4271, 1/(kT)=41.401000, exponent=-3.7973, rmr=0.022431
Sample tb=278.29 K, log(mass)=-1.4271, 1/(kT)=41.686883, exponent=-3.9345, rmr=0.019555
MR results: 0 NA, 0 infinite, 0 negative, 0 zero
Energy calculations: 3771 non-zero gains, 11035 non-zero losses out of 11035 observations
Saved results to output/results/C1/2008/F/eb_results_MB_2008_C1_C1.rds

Processing: Species=MB, Year=2009, Origin=C1, Climate=C1, Sex=F
Looking for climate data at: /mmfs1/gscratch/biology/jmsmith/targeted_microclimate/C1/simplified_C1_2009.rds
Directory /mmfs1/gscratch/biology/jmsmith/targeted_microclimate/C1 exists. Contents:
simplified_C1_1945.rds
simplified_C1_1946.rds
simplified_C1_1947.rds
simplified_C1_1948.rds
simplified_C1_1949.rds
simplified_C1_1950.rds
simplified_C1_1951.rds
simplified_C1_1952.rds
simplified_C1_1953.rds
simplified_C1_1954.rds
simplified_C1_1955.rds
simplified_C1_1956.rds
simplified_C1_1957.rds
simplified_C1_1958.rds
simplified_C1_1959.rds
simplified_C1_1960.rds
simplified_C1_1961.rds
simplified_C1_1962.rds
simplified_C1_1963.rds
simplified_C1_1964.rds
simplified_C1_2005.rds
simplified_C1_2006.rds
simplified_C1_2007.rds
simplified_C1_2008.rds
simplified_C1_2009.rds
simplified_C1_2010.rds
simplified_C1_2011.rds
simplified_C1_2012.rds
simplified_C1_2013.rds
simplified_C1_2014.rds
simplified_C1_2015.rds
simplified_C1_2016.rds
simplified_C1_2017.rds
simplified_C1_2018.rds
simplified_C1_2019.rds
simplified_C1_2020.rds
simplified_C1_2021.rds
simplified_C1_2022.rds
simplified_C1_2023.rds
simplified_C1_2024.rds
Processing batch 1/12 (rows 1-1000)
  Calculated 1000 temperatures. Range: -6.03 to 49.82
Processing batch 2/12 (rows 1001-2000)
  Calculated 1000 temperatures. Range: -3.33 to 54.68
Processing batch 3/12 (rows 2001-3000)
  Calculated 1000 temperatures. Range: -4.63 to 39.12
Processing batch 4/12 (rows 3001-4000)
  Calculated 1000 temperatures. Range: -0.82 to 43.66
Processing batch 5/12 (rows 4001-5000)
  Calculated 1000 temperatures. Range: -4.30 to 41.07
Processing batch 6/12 (rows 5001-6000)
  Calculated 1000 temperatures. Range: 0.12 to 40.64
Processing batch 7/12 (rows 6001-7000)
  Calculated 1000 temperatures. Range: -3.51 to 38.31
Processing batch 8/12 (rows 7001-8000)
  Calculated 1000 temperatures. Range: -0.15 to 15.55
Processing batch 9/12 (rows 8001-9000)
  Calculated 1000 temperatures. Range: -2.74 to 15.44
Processing batch 10/12 (rows 9001-10000)
  Calculated 1000 temperatures. Range: -3.16 to 18.10
Processing batch 11/12 (rows 10001-11000)
  Calculated 1000 temperatures. Range: -1.06 to 19.78
Processing batch 12/12 (rows 11001-11035)
  Calculated 35 temperatures. Range: 1.83 to 15.06
Total observations: 11035, Unique timestamps: 2207
MR parameters: mass=0.24, elev=3014.0, b0=17.10, b1=0.98, b2=-0.48, b3=0.000124
Sample tb=282.49 K, log(mass)=-1.4271, 1/(kT)=41.067362, exponent=-3.6372, rmr=0.026327
Sample tb=283.50 K, log(mass)=-1.4271, 1/(kT)=40.919801, exponent=-3.5663, rmr=0.028259
Sample tb=284.60 K, log(mass)=-1.4271, 1/(kT)=40.761558, exponent=-3.4904, rmr=0.030489
Sample tb=275.78 K, log(mass)=-1.4271, 1/(kT)=42.065630, exponent=-4.1163, rmr=0.016304
Sample tb=304.50 K, log(mass)=-1.4271, 1/(kT)=38.098453, exponent=-2.2121, rmr=0.109471
MR results: 0 NA, 0 infinite, 0 negative, 0 zero
Energy calculations: 3481 non-zero gains, 11035 non-zero losses out of 11035 observations
Saved results to output/results/C1/2009/F/eb_results_MB_2009_C1_C1.rds

Processing: Species=MB, Year=2010, Origin=C1, Climate=C1, Sex=F
Looking for climate data at: /mmfs1/gscratch/biology/jmsmith/targeted_microclimate/C1/simplified_C1_2010.rds
Directory /mmfs1/gscratch/biology/jmsmith/targeted_microclimate/C1 exists. Contents:
simplified_C1_1945.rds
simplified_C1_1946.rds
simplified_C1_1947.rds
simplified_C1_1948.rds
simplified_C1_1949.rds
simplified_C1_1950.rds
simplified_C1_1951.rds
simplified_C1_1952.rds
simplified_C1_1953.rds
simplified_C1_1954.rds
simplified_C1_1955.rds
simplified_C1_1956.rds
simplified_C1_1957.rds
simplified_C1_1958.rds
simplified_C1_1959.rds
simplified_C1_1960.rds
simplified_C1_1961.rds
simplified_C1_1962.rds
simplified_C1_1963.rds
simplified_C1_1964.rds
simplified_C1_2005.rds
simplified_C1_2006.rds
simplified_C1_2007.rds
simplified_C1_2008.rds
simplified_C1_2009.rds
simplified_C1_2010.rds
simplified_C1_2011.rds
simplified_C1_2012.rds
simplified_C1_2013.rds
simplified_C1_2014.rds
simplified_C1_2015.rds
simplified_C1_2016.rds
simplified_C1_2017.rds
simplified_C1_2018.rds
simplified_C1_2019.rds
simplified_C1_2020.rds
simplified_C1_2021.rds
simplified_C1_2022.rds
simplified_C1_2023.rds
simplified_C1_2024.rds
Processing batch 1/12 (rows 1-1000)
  Calculated 1000 temperatures. Range: -5.58 to 53.63
Processing batch 2/12 (rows 1001-2000)
  Calculated 1000 temperatures. Range: -0.95 to 51.24
Processing batch 3/12 (rows 2001-3000)
  Calculated 1000 temperatures. Range: -3.47 to 46.22
Processing batch 4/12 (rows 3001-4000)
  Calculated 1000 temperatures. Range: 0.03 to 41.01
Processing batch 5/12 (rows 4001-5000)
  Calculated 1000 temperatures. Range: -3.16 to 38.93
Processing batch 6/12 (rows 5001-6000)
  Calculated 1000 temperatures. Range: 0.35 to 38.03
Processing batch 7/12 (rows 6001-7000)
  Calculated 1000 temperatures. Range: -1.55 to 38.24
Processing batch 8/12 (rows 7001-8000)
  Calculated 1000 temperatures. Range: -1.73 to 16.45
Processing batch 9/12 (rows 8001-9000)
  Calculated 1000 temperatures. Range: -1.01 to 17.73
Processing batch 10/12 (rows 9001-10000)
  Calculated 1000 temperatures. Range: -1.33 to 19.50
Processing batch 11/12 (rows 10001-11000)
  Calculated 1000 temperatures. Range: 1.08 to 19.78
Processing batch 12/12 (rows 11001-11035)
  Calculated 35 temperatures. Range: 1.54 to 13.42
Total observations: 11035, Unique timestamps: 2207
MR parameters: mass=0.24, elev=3014.0, b0=17.10, b1=0.98, b2=-0.48, b3=0.000124
Sample tb=275.89 K, log(mass)=-1.4271, 1/(kT)=42.049794, exponent=-4.1087, rmr=0.016428
Sample tb=275.91 K, log(mass)=-1.4271, 1/(kT)=42.045728, exponent=-4.1068, rmr=0.016461
Sample tb=281.66 K, log(mass)=-1.4271, 1/(kT)=41.187399, exponent=-3.6948, rmr=0.024853
Sample tb=307.38 K, log(mass)=-1.4271, 1/(kT)=37.741753, exponent=-2.0409, rmr=0.129914
Sample tb=278.64 K, log(mass)=-1.4271, 1/(kT)=41.634762, exponent=-3.9095, rmr=0.020050
MR results: 0 NA, 0 infinite, 0 negative, 0 zero
Energy calculations: 3896 non-zero gains, 11035 non-zero losses out of 11035 observations
Saved results to output/results/C1/2010/F/eb_results_MB_2010_C1_C1.rds

Processing: Species=MB, Year=2011, Origin=C1, Climate=C1, Sex=F
Looking for climate data at: /mmfs1/gscratch/biology/jmsmith/targeted_microclimate/C1/simplified_C1_2011.rds
Directory /mmfs1/gscratch/biology/jmsmith/targeted_microclimate/C1 exists. Contents:
simplified_C1_1945.rds
simplified_C1_1946.rds
simplified_C1_1947.rds
simplified_C1_1948.rds
simplified_C1_1949.rds
simplified_C1_1950.rds
simplified_C1_1951.rds
simplified_C1_1952.rds
simplified_C1_1953.rds
simplified_C1_1954.rds
simplified_C1_1955.rds
simplified_C1_1956.rds
simplified_C1_1957.rds
simplified_C1_1958.rds
simplified_C1_1959.rds
simplified_C1_1960.rds
simplified_C1_1961.rds
simplified_C1_1962.rds
simplified_C1_1963.rds
simplified_C1_1964.rds
simplified_C1_2005.rds
simplified_C1_2006.rds
simplified_C1_2007.rds
simplified_C1_2008.rds
simplified_C1_2009.rds
simplified_C1_2010.rds
simplified_C1_2011.rds
simplified_C1_2012.rds
simplified_C1_2013.rds
simplified_C1_2014.rds
simplified_C1_2015.rds
simplified_C1_2016.rds
simplified_C1_2017.rds
simplified_C1_2018.rds
simplified_C1_2019.rds
simplified_C1_2020.rds
simplified_C1_2021.rds
simplified_C1_2022.rds
simplified_C1_2023.rds
simplified_C1_2024.rds
Processing batch 1/12 (rows 1-1000)
  Calculated 1000 temperatures. Range: -5.55 to 52.45
Processing batch 2/12 (rows 1001-2000)
  Calculated 1000 temperatures. Range: -1.12 to 55.16
Processing batch 3/12 (rows 2001-3000)
  Calculated 1000 temperatures. Range: -4.13 to 45.40
Processing batch 4/12 (rows 3001-4000)
  Calculated 1000 temperatures. Range: 1.28 to 44.86
Processing batch 5/12 (rows 4001-5000)
  Calculated 1000 temperatures. Range: -3.81 to 42.73
Processing batch 6/12 (rows 5001-6000)
  Calculated 1000 temperatures. Range: 0.90 to 41.56
Processing batch 7/12 (rows 6001-7000)
  Calculated 1000 temperatures. Range: -2.89 to 39.31
Processing batch 8/12 (rows 7001-8000)
  Calculated 1000 temperatures. Range: -0.83 to 16.67
Processing batch 9/12 (rows 8001-9000)
  Calculated 1000 temperatures. Range: -1.30 to 16.39
Processing batch 10/12 (rows 9001-10000)
  Calculated 1000 temperatures. Range: -2.58 to 19.27
Processing batch 11/12 (rows 10001-11000)
  Calculated 1000 temperatures. Range: 2.27 to 19.54
Processing batch 12/12 (rows 11001-11035)
  Calculated 35 temperatures. Range: 4.64 to 18.07
Total observations: 11035, Unique timestamps: 2207
MR parameters: mass=0.24, elev=3014.0, b0=17.10, b1=0.98, b2=-0.48, b3=0.000124
Sample tb=306.05 K, log(mass)=-1.4271, 1/(kT)=37.905481, exponent=-2.1195, rmr=0.120095
Sample tb=284.34 K, log(mass)=-1.4271, 1/(kT)=40.798871, exponent=-3.5083, rmr=0.029948
Sample tb=274.32 K, log(mass)=-1.4271, 1/(kT)=42.290343, exponent=-4.2242, rmr=0.014637
Sample tb=283.58 K, log(mass)=-1.4271, 1/(kT)=40.909097, exponent=-3.5612, rmr=0.028405
Sample tb=314.48 K, log(mass)=-1.4271, 1/(kT)=36.889579, exponent=-1.6318, rmr=0.195570
MR results: 0 NA, 0 infinite, 0 negative, 0 zero
Energy calculations: 4043 non-zero gains, 11035 non-zero losses out of 11035 observations
Saved results to output/results/C1/2011/F/eb_results_MB_2011_C1_C1.rds

Processing: Species=MB, Year=2012, Origin=C1, Climate=C1, Sex=F
Looking for climate data at: /mmfs1/gscratch/biology/jmsmith/targeted_microclimate/C1/simplified_C1_2012.rds
Directory /mmfs1/gscratch/biology/jmsmith/targeted_microclimate/C1 exists. Contents:
simplified_C1_1945.rds
simplified_C1_1946.rds
simplified_C1_1947.rds
simplified_C1_1948.rds
simplified_C1_1949.rds
simplified_C1_1950.rds
simplified_C1_1951.rds
simplified_C1_1952.rds
simplified_C1_1953.rds
simplified_C1_1954.rds
simplified_C1_1955.rds
simplified_C1_1956.rds
simplified_C1_1957.rds
simplified_C1_1958.rds
simplified_C1_1959.rds
simplified_C1_1960.rds
simplified_C1_1961.rds
simplified_C1_1962.rds
simplified_C1_1963.rds
simplified_C1_1964.rds
simplified_C1_2005.rds
simplified_C1_2006.rds
simplified_C1_2007.rds
simplified_C1_2008.rds
simplified_C1_2009.rds
simplified_C1_2010.rds
simplified_C1_2011.rds
simplified_C1_2012.rds
simplified_C1_2013.rds
simplified_C1_2014.rds
simplified_C1_2015.rds
simplified_C1_2016.rds
simplified_C1_2017.rds
simplified_C1_2018.rds
simplified_C1_2019.rds
simplified_C1_2020.rds
simplified_C1_2021.rds
simplified_C1_2022.rds
simplified_C1_2023.rds
simplified_C1_2024.rds
Processing batch 1/12 (rows 1-1000)
  Calculated 1000 temperatures. Range: -7.37 to 59.52
Processing batch 2/12 (rows 1001-2000)
  Calculated 1000 temperatures. Range: -2.99 to 56.29
Processing batch 3/12 (rows 2001-3000)
  Calculated 1000 temperatures. Range: -5.65 to 51.94
Processing batch 4/12 (rows 3001-4000)
  Calculated 1000 temperatures. Range: 0.93 to 45.10
Processing batch 5/12 (rows 4001-5000)
  Calculated 1000 temperatures. Range: -5.28 to 42.40
Processing batch 6/12 (rows 5001-6000)
  Calculated 1000 temperatures. Range: 1.32 to 42.33
Processing batch 7/12 (rows 6001-7000)
  Calculated 1000 temperatures. Range: -4.12 to 39.15
Processing batch 8/12 (rows 7001-8000)
  Calculated 1000 temperatures. Range: 0.35 to 17.04
Processing batch 9/12 (rows 8001-9000)
  Calculated 1000 temperatures. Range: 0.11 to 17.10
Processing batch 10/12 (rows 9001-10000)
  Calculated 1000 temperatures. Range: -3.77 to 21.20
Processing batch 11/12 (rows 10001-11000)
  Calculated 1000 temperatures. Range: 0.11 to 20.24
Processing batch 12/12 (rows 11001-11035)
  Calculated 35 temperatures. Range: 3.43 to 16.80
Total observations: 11035, Unique timestamps: 2207
MR parameters: mass=0.24, elev=3014.0, b0=17.10, b1=0.98, b2=-0.48, b3=0.000124
Sample tb=299.58 K, log(mass)=-1.4271, 1/(kT)=38.723857, exponent=-2.5123, rmr=0.081082
Sample tb=283.81 K, log(mass)=-1.4271, 1/(kT)=40.875179, exponent=-3.5449, rmr=0.028871
Sample tb=286.88 K, log(mass)=-1.4271, 1/(kT)=40.438602, exponent=-3.3354, rmr=0.035602
Sample tb=281.85 K, log(mass)=-1.4271, 1/(kT)=41.159876, exponent=-3.6816, rmr=0.025183
Sample tb=293.22 K, log(mass)=-1.4271, 1/(kT)=39.564268, exponent=-2.9157, rmr=0.054167
MR results: 0 NA, 0 infinite, 0 negative, 0 zero
Energy calculations: 4200 non-zero gains, 11035 non-zero losses out of 11035 observations
Saved results to output/results/C1/2012/F/eb_results_MB_2012_C1_C1.rds

Processing: Species=MB, Year=2013, Origin=C1, Climate=C1, Sex=F
Looking for climate data at: /mmfs1/gscratch/biology/jmsmith/targeted_microclimate/C1/simplified_C1_2013.rds
Directory /mmfs1/gscratch/biology/jmsmith/targeted_microclimate/C1 exists. Contents:
simplified_C1_1945.rds
simplified_C1_1946.rds
simplified_C1_1947.rds
simplified_C1_1948.rds
simplified_C1_1949.rds
simplified_C1_1950.rds
simplified_C1_1951.rds
simplified_C1_1952.rds
simplified_C1_1953.rds
simplified_C1_1954.rds
simplified_C1_1955.rds
simplified_C1_1956.rds
simplified_C1_1957.rds
simplified_C1_1958.rds
simplified_C1_1959.rds
simplified_C1_1960.rds
simplified_C1_1961.rds
simplified_C1_1962.rds
simplified_C1_1963.rds
simplified_C1_1964.rds
simplified_C1_2005.rds
simplified_C1_2006.rds
simplified_C1_2007.rds
simplified_C1_2008.rds
simplified_C1_2009.rds
simplified_C1_2010.rds
simplified_C1_2011.rds
simplified_C1_2012.rds
simplified_C1_2013.rds
simplified_C1_2014.rds
simplified_C1_2015.rds
simplified_C1_2016.rds
simplified_C1_2017.rds
simplified_C1_2018.rds
simplified_C1_2019.rds
simplified_C1_2020.rds
simplified_C1_2021.rds
simplified_C1_2022.rds
simplified_C1_2023.rds
simplified_C1_2024.rds
Processing batch 1/12 (rows 1-1000)
  Calculated 1000 temperatures. Range: -6.77 to 59.14
Processing batch 2/12 (rows 1001-2000)
  Calculated 1000 temperatures. Range: -0.73 to 51.06
Processing batch 3/12 (rows 2001-3000)
  Calculated 1000 temperatures. Range: -5.35 to 47.67
Processing batch 4/12 (rows 3001-4000)
  Calculated 1000 temperatures. Range: 0.51 to 41.53
Processing batch 5/12 (rows 4001-5000)
  Calculated 1000 temperatures. Range: -4.83 to 37.94
Processing batch 6/12 (rows 5001-6000)
  Calculated 1000 temperatures. Range: 0.82 to 42.85
Processing batch 7/12 (rows 6001-7000)
  Calculated 1000 temperatures. Range: -3.67 to 35.14
Processing batch 8/12 (rows 7001-8000)
  Calculated 1000 temperatures. Range: -0.94 to 16.76
Processing batch 9/12 (rows 8001-9000)
  Calculated 1000 temperatures. Range: -3.19 to 15.94
Processing batch 10/12 (rows 9001-10000)
  Calculated 1000 temperatures. Range: 0.02 to 20.37
Processing batch 11/12 (rows 10001-11000)
  Calculated 1000 temperatures. Range: 1.60 to 19.94
Processing batch 12/12 (rows 11001-11035)
  Calculated 35 temperatures. Range: 6.45 to 17.47
Total observations: 11035, Unique timestamps: 2207
MR parameters: mass=0.24, elev=3014.0, b0=17.10, b1=0.98, b2=-0.48, b3=0.000124
Sample tb=284.56 K, log(mass)=-1.4271, 1/(kT)=40.768047, exponent=-3.4935, rmr=0.030394
Sample tb=298.00 K, log(mass)=-1.4271, 1/(kT)=38.929615, exponent=-2.6111, rmr=0.073457
Sample tb=280.94 K, log(mass)=-1.4271, 1/(kT)=41.293780, exponent=-3.7459, rmr=0.023615
Sample tb=286.93 K, log(mass)=-1.4271, 1/(kT)=40.431720, exponent=-3.3321, rmr=0.035719
Sample tb=278.51 K, log(mass)=-1.4271, 1/(kT)=41.653102, exponent=-3.9183, rmr=0.019874
MR results: 0 NA, 0 infinite, 0 negative, 0 zero
Energy calculations: 4032 non-zero gains, 11035 non-zero losses out of 11035 observations
Saved results to output/results/C1/2013/F/eb_results_MB_2013_C1_C1.rds

Processing: Species=MB, Year=2014, Origin=C1, Climate=C1, Sex=F
Looking for climate data at: /mmfs1/gscratch/biology/jmsmith/targeted_microclimate/C1/simplified_C1_2014.rds
Directory /mmfs1/gscratch/biology/jmsmith/targeted_microclimate/C1 exists. Contents:
simplified_C1_1945.rds
simplified_C1_1946.rds
simplified_C1_1947.rds
simplified_C1_1948.rds
simplified_C1_1949.rds
simplified_C1_1950.rds
simplified_C1_1951.rds
simplified_C1_1952.rds
simplified_C1_1953.rds
simplified_C1_1954.rds
simplified_C1_1955.rds
simplified_C1_1956.rds
simplified_C1_1957.rds
simplified_C1_1958.rds
simplified_C1_1959.rds
simplified_C1_1960.rds
simplified_C1_1961.rds
simplified_C1_1962.rds
simplified_C1_1963.rds
simplified_C1_1964.rds
simplified_C1_2005.rds
simplified_C1_2006.rds
simplified_C1_2007.rds
simplified_C1_2008.rds
simplified_C1_2009.rds
simplified_C1_2010.rds
simplified_C1_2011.rds
simplified_C1_2012.rds
simplified_C1_2013.rds
simplified_C1_2014.rds
simplified_C1_2015.rds
simplified_C1_2016.rds
simplified_C1_2017.rds
simplified_C1_2018.rds
simplified_C1_2019.rds
simplified_C1_2020.rds
simplified_C1_2021.rds
simplified_C1_2022.rds
simplified_C1_2023.rds
simplified_C1_2024.rds
Processing batch 1/12 (rows 1-1000)
  Calculated 1000 temperatures. Range: -6.78 to 50.36
Processing batch 2/12 (rows 1001-2000)
  Calculated 1000 temperatures. Range: -0.10 to 49.99
Processing batch 3/12 (rows 2001-3000)
  Calculated 1000 temperatures. Range: -5.04 to 42.16
Processing batch 4/12 (rows 3001-4000)
  Calculated 1000 temperatures. Range: 0.84 to 40.81
Processing batch 5/12 (rows 4001-5000)
  Calculated 1000 temperatures. Range: -4.73 to 36.68
Processing batch 6/12 (rows 5001-6000)
  Calculated 1000 temperatures. Range: 1.15 to 37.63
Processing batch 7/12 (rows 6001-7000)
  Calculated 1000 temperatures. Range: -3.71 to 34.49
Processing batch 8/12 (rows 7001-8000)
  Calculated 1000 temperatures. Range: -2.11 to 15.76
Processing batch 9/12 (rows 8001-9000)
  Calculated 1000 temperatures. Range: -0.31 to 14.99
Processing batch 10/12 (rows 9001-10000)
  Calculated 1000 temperatures. Range: -3.35 to 18.85
Processing batch 11/12 (rows 10001-11000)
  Calculated 1000 temperatures. Range: 1.50 to 19.12
Processing batch 12/12 (rows 11001-11035)
  Calculated 35 temperatures. Range: 1.53 to 14.83
Total observations: 11035, Unique timestamps: 2207
MR parameters: mass=0.24, elev=3014.0, b0=17.10, b1=0.98, b2=-0.48, b3=0.000124
Sample tb=280.89 K, log(mass)=-1.4271, 1/(kT)=41.301206, exponent=-3.7494, rmr=0.023531
Sample tb=291.32 K, log(mass)=-1.4271, 1/(kT)=39.821327, exponent=-3.0391, rmr=0.047879
Sample tb=279.28 K, log(mass)=-1.4271, 1/(kT)=41.539179, exponent=-3.8636, rmr=0.020991
Sample tb=277.25 K, log(mass)=-1.4271, 1/(kT)=41.842151, exponent=-4.0091, rmr=0.018150
Sample tb=279.57 K, log(mass)=-1.4271, 1/(kT)=41.496081, exponent=-3.8430, rmr=0.021430
MR results: 0 NA, 0 infinite, 0 negative, 0 zero
Energy calculations: 3559 non-zero gains, 11035 non-zero losses out of 11035 observations
Saved results to output/results/C1/2014/F/eb_results_MB_2014_C1_C1.rds

Processing: Species=MB, Year=2015, Origin=C1, Climate=C1, Sex=F
Looking for climate data at: /mmfs1/gscratch/biology/jmsmith/targeted_microclimate/C1/simplified_C1_2015.rds
Directory /mmfs1/gscratch/biology/jmsmith/targeted_microclimate/C1 exists. Contents:
simplified_C1_1945.rds
simplified_C1_1946.rds
simplified_C1_1947.rds
simplified_C1_1948.rds
simplified_C1_1949.rds
simplified_C1_1950.rds
simplified_C1_1951.rds
simplified_C1_1952.rds
simplified_C1_1953.rds
simplified_C1_1954.rds
simplified_C1_1955.rds
simplified_C1_1956.rds
simplified_C1_1957.rds
simplified_C1_1958.rds
simplified_C1_1959.rds
simplified_C1_1960.rds
simplified_C1_1961.rds
simplified_C1_1962.rds
simplified_C1_1963.rds
simplified_C1_1964.rds
simplified_C1_2005.rds
simplified_C1_2006.rds
simplified_C1_2007.rds
simplified_C1_2008.rds
simplified_C1_2009.rds
simplified_C1_2010.rds
simplified_C1_2011.rds
simplified_C1_2012.rds
simplified_C1_2013.rds
simplified_C1_2014.rds
simplified_C1_2015.rds
simplified_C1_2016.rds
simplified_C1_2017.rds
simplified_C1_2018.rds
simplified_C1_2019.rds
simplified_C1_2020.rds
simplified_C1_2021.rds
simplified_C1_2022.rds
simplified_C1_2023.rds
simplified_C1_2024.rds
Processing batch 1/12 (rows 1-1000)
  Calculated 1000 temperatures. Range: -1.44 to 54.37
Processing batch 2/12 (rows 1001-2000)
  Calculated 1000 temperatures. Range: -2.33 to 50.18
Processing batch 3/12 (rows 2001-3000)
  Calculated 1000 temperatures. Range: -2.21 to 48.20
Processing batch 4/12 (rows 3001-4000)
  Calculated 1000 temperatures. Range: 1.70 to 39.97
Processing batch 5/12 (rows 4001-5000)
  Calculated 1000 temperatures. Range: -1.56 to 41.60
Processing batch 6/12 (rows 5001-6000)
  Calculated 1000 temperatures. Range: 1.78 to 39.42
Processing batch 7/12 (rows 6001-7000)
  Calculated 1000 temperatures. Range: -0.83 to 38.30
Processing batch 8/12 (rows 7001-8000)
  Calculated 1000 temperatures. Range: 1.86 to 16.73
Processing batch 9/12 (rows 8001-9000)
  Calculated 1000 temperatures. Range: -0.11 to 17.14
Processing batch 10/12 (rows 9001-10000)
  Calculated 1000 temperatures. Range: 0.64 to 19.93
Processing batch 11/12 (rows 10001-11000)
  Calculated 1000 temperatures. Range: -0.22 to 20.15
Processing batch 12/12 (rows 11001-11035)
  Calculated 35 temperatures. Range: 5.11 to 17.75
Total observations: 11035, Unique timestamps: 2207
MR parameters: mass=0.24, elev=3014.0, b0=17.10, b1=0.98, b2=-0.48, b3=0.000124
Sample tb=285.53 K, log(mass)=-1.4271, 1/(kT)=40.630101, exponent=-3.4273, rmr=0.032475
Sample tb=288.20 K, log(mass)=-1.4271, 1/(kT)=40.253148, exponent=-3.2463, rmr=0.038916
Sample tb=287.98 K, log(mass)=-1.4271, 1/(kT)=40.283276, exponent=-3.2608, rmr=0.038357
Sample tb=290.90 K, log(mass)=-1.4271, 1/(kT)=39.879158, exponent=-3.0668, rmr=0.046568
Sample tb=281.75 K, log(mass)=-1.4271, 1/(kT)=41.174435, exponent=-3.6886, rmr=0.025008
MR results: 0 NA, 0 infinite, 0 negative, 0 zero
Energy calculations: 3976 non-zero gains, 11035 non-zero losses out of 11035 observations
Saved results to output/results/C1/2015/F/eb_results_MB_2015_C1_C1.rds

Processing: Species=MB, Year=2016, Origin=C1, Climate=C1, Sex=F
Looking for climate data at: /mmfs1/gscratch/biology/jmsmith/targeted_microclimate/C1/simplified_C1_2016.rds
Directory /mmfs1/gscratch/biology/jmsmith/targeted_microclimate/C1 exists. Contents:
simplified_C1_1945.rds
simplified_C1_1946.rds
simplified_C1_1947.rds
simplified_C1_1948.rds
simplified_C1_1949.rds
simplified_C1_1950.rds
simplified_C1_1951.rds
simplified_C1_1952.rds
simplified_C1_1953.rds
simplified_C1_1954.rds
simplified_C1_1955.rds
simplified_C1_1956.rds
simplified_C1_1957.rds
simplified_C1_1958.rds
simplified_C1_1959.rds
simplified_C1_1960.rds
simplified_C1_1961.rds
simplified_C1_1962.rds
simplified_C1_1963.rds
simplified_C1_1964.rds
simplified_C1_2005.rds
simplified_C1_2006.rds
simplified_C1_2007.rds
simplified_C1_2008.rds
simplified_C1_2009.rds
simplified_C1_2010.rds
simplified_C1_2011.rds
simplified_C1_2012.rds
simplified_C1_2013.rds
simplified_C1_2014.rds
simplified_C1_2015.rds
simplified_C1_2016.rds
simplified_C1_2017.rds
simplified_C1_2018.rds
simplified_C1_2019.rds
simplified_C1_2020.rds
simplified_C1_2021.rds
simplified_C1_2022.rds
simplified_C1_2023.rds
simplified_C1_2024.rds
Processing batch 1/12 (rows 1-1000)
  Calculated 1000 temperatures. Range: -2.22 to 54.87
Processing batch 2/12 (rows 1001-2000)
  Calculated 1000 temperatures. Range: -0.71 to 50.28
Processing batch 3/12 (rows 2001-3000)
  Calculated 1000 temperatures. Range: -3.22 to 43.70
Processing batch 4/12 (rows 3001-4000)
  Calculated 1000 temperatures. Range: 0.43 to 43.85
Processing batch 5/12 (rows 4001-5000)
  Calculated 1000 temperatures. Range: -2.30 to 39.89
Processing batch 6/12 (rows 5001-6000)
  Calculated 1000 temperatures. Range: 0.52 to 41.25
Processing batch 7/12 (rows 6001-7000)
  Calculated 1000 temperatures. Range: -1.72 to 36.71
Processing batch 8/12 (rows 7001-8000)
  Calculated 1000 temperatures. Range: 0.67 to 17.39
Processing batch 9/12 (rows 8001-9000)
  Calculated 1000 temperatures. Range: -0.58 to 15.97
Processing batch 10/12 (rows 9001-10000)
  Calculated 1000 temperatures. Range: 0.44 to 21.16
Processing batch 11/12 (rows 10001-11000)
  Calculated 1000 temperatures. Range: -0.67 to 19.46
Processing batch 12/12 (rows 11001-11035)
  Calculated 35 temperatures. Range: 1.45 to 14.55
Total observations: 11035, Unique timestamps: 2207
MR parameters: mass=0.24, elev=3014.0, b0=17.10, b1=0.98, b2=-0.48, b3=0.000124
Sample tb=277.49 K, log(mass)=-1.4271, 1/(kT)=41.806012, exponent=-3.9917, rmr=0.018468
Sample tb=277.29 K, log(mass)=-1.4271, 1/(kT)=41.836117, exponent=-4.0062, rmr=0.018203
Sample tb=289.02 K, log(mass)=-1.4271, 1/(kT)=40.138215, exponent=-3.1912, rmr=0.041123
Sample tb=276.92 K, log(mass)=-1.4271, 1/(kT)=41.892956, exponent=-4.0335, rmr=0.017713
Sample tb=275.05 K, log(mass)=-1.4271, 1/(kT)=42.177904, exponent=-4.1702, rmr=0.015449
MR results: 0 NA, 0 infinite, 0 negative, 0 zero
Energy calculations: 4039 non-zero gains, 11035 non-zero losses out of 11035 observations
Saved results to output/results/C1/2016/F/eb_results_MB_2016_C1_C1.rds

Processing: Species=MB, Year=2017, Origin=C1, Climate=C1, Sex=F
Looking for climate data at: /mmfs1/gscratch/biology/jmsmith/targeted_microclimate/C1/simplified_C1_2017.rds
Directory /mmfs1/gscratch/biology/jmsmith/targeted_microclimate/C1 exists. Contents:
simplified_C1_1945.rds
simplified_C1_1946.rds
simplified_C1_1947.rds
simplified_C1_1948.rds
simplified_C1_1949.rds
simplified_C1_1950.rds
simplified_C1_1951.rds
simplified_C1_1952.rds
simplified_C1_1953.rds
simplified_C1_1954.rds
simplified_C1_1955.rds
simplified_C1_1956.rds
simplified_C1_1957.rds
simplified_C1_1958.rds
simplified_C1_1959.rds
simplified_C1_1960.rds
simplified_C1_1961.rds
simplified_C1_1962.rds
simplified_C1_1963.rds
simplified_C1_1964.rds
simplified_C1_2005.rds
simplified_C1_2006.rds
simplified_C1_2007.rds
simplified_C1_2008.rds
simplified_C1_2009.rds
simplified_C1_2010.rds
simplified_C1_2011.rds
simplified_C1_2012.rds
simplified_C1_2013.rds
simplified_C1_2014.rds
simplified_C1_2015.rds
simplified_C1_2016.rds
simplified_C1_2017.rds
simplified_C1_2018.rds
simplified_C1_2019.rds
simplified_C1_2020.rds
simplified_C1_2021.rds
simplified_C1_2022.rds
simplified_C1_2023.rds
simplified_C1_2024.rds
Processing batch 1/12 (rows 1-1000)
  Calculated 1000 temperatures. Range: -4.13 to 56.60
Processing batch 2/12 (rows 1001-2000)
  Calculated 1000 temperatures. Range: 0.82 to 48.78
Processing batch 3/12 (rows 2001-3000)
  Calculated 1000 temperatures. Range: -2.11 to 44.62
Processing batch 4/12 (rows 3001-4000)
  Calculated 1000 temperatures. Range: 1.64 to 39.02
Processing batch 5/12 (rows 4001-5000)
  Calculated 1000 temperatures. Range: -2.09 to 37.23
Processing batch 6/12 (rows 5001-6000)
  Calculated 1000 temperatures. Range: -0.96 to 41.71
Processing batch 7/12 (rows 6001-7000)
  Calculated 1000 temperatures. Range: -1.54 to 36.17
Processing batch 8/12 (rows 7001-8000)
  Calculated 1000 temperatures. Range: -0.39 to 17.44
Processing batch 9/12 (rows 8001-9000)
  Calculated 1000 temperatures. Range: 0.05 to 15.82
Processing batch 10/12 (rows 9001-10000)
  Calculated 1000 temperatures. Range: -0.62 to 20.73
Processing batch 11/12 (rows 10001-11000)
  Calculated 1000 temperatures. Range: 2.07 to 19.59
Processing batch 12/12 (rows 11001-11035)
  Calculated 35 temperatures. Range: 3.28 to 16.53
Total observations: 11035, Unique timestamps: 2207
MR parameters: mass=0.24, elev=3014.0, b0=17.10, b1=0.98, b2=-0.48, b3=0.000124
Sample tb=281.81 K, log(mass)=-1.4271, 1/(kT)=41.166062, exponent=-3.6845, rmr=0.025109
Sample tb=281.54 K, log(mass)=-1.4271, 1/(kT)=41.204694, exponent=-3.7031, rmr=0.024647
Sample tb=302.94 K, log(mass)=-1.4271, 1/(kT)=38.294144, exponent=-2.3060, rmr=0.099656
Sample tb=284.93 K, log(mass)=-1.4271, 1/(kT)=40.715238, exponent=-3.4682, rmr=0.031175
Sample tb=278.94 K, log(mass)=-1.4271, 1/(kT)=41.589318, exponent=-3.8877, rmr=0.020492
MR results: 0 NA, 0 infinite, 0 negative, 0 zero
Energy calculations: 3960 non-zero gains, 11035 non-zero losses out of 11035 observations
Saved results to output/results/C1/2017/F/eb_results_MB_2017_C1_C1.rds

Processing: Species=MB, Year=2018, Origin=C1, Climate=C1, Sex=F
Looking for climate data at: /mmfs1/gscratch/biology/jmsmith/targeted_microclimate/C1/simplified_C1_2018.rds
Directory /mmfs1/gscratch/biology/jmsmith/targeted_microclimate/C1 exists. Contents:
simplified_C1_1945.rds
simplified_C1_1946.rds
simplified_C1_1947.rds
simplified_C1_1948.rds
simplified_C1_1949.rds
simplified_C1_1950.rds
simplified_C1_1951.rds
simplified_C1_1952.rds
simplified_C1_1953.rds
simplified_C1_1954.rds
simplified_C1_1955.rds
simplified_C1_1956.rds
simplified_C1_1957.rds
simplified_C1_1958.rds
simplified_C1_1959.rds
simplified_C1_1960.rds
simplified_C1_1961.rds
simplified_C1_1962.rds
simplified_C1_1963.rds
simplified_C1_1964.rds
simplified_C1_2005.rds
simplified_C1_2006.rds
simplified_C1_2007.rds
simplified_C1_2008.rds
simplified_C1_2009.rds
simplified_C1_2010.rds
simplified_C1_2011.rds
simplified_C1_2012.rds
simplified_C1_2013.rds
simplified_C1_2014.rds
simplified_C1_2015.rds
simplified_C1_2016.rds
simplified_C1_2017.rds
simplified_C1_2018.rds
simplified_C1_2019.rds
simplified_C1_2020.rds
simplified_C1_2021.rds
simplified_C1_2022.rds
simplified_C1_2023.rds
simplified_C1_2024.rds
Processing batch 1/12 (rows 1-1000)
  Calculated 1000 temperatures. Range: -4.38 to 56.30
Processing batch 2/12 (rows 1001-2000)
  Calculated 1000 temperatures. Range: -1.12 to 48.20
Processing batch 3/12 (rows 2001-3000)
  Calculated 1000 temperatures. Range: -2.96 to 44.94
Processing batch 4/12 (rows 3001-4000)
  Calculated 1000 temperatures. Range: 0.98 to 38.87
Processing batch 5/12 (rows 4001-5000)
  Calculated 1000 temperatures. Range: -2.72 to 41.69
Processing batch 6/12 (rows 5001-6000)
  Calculated 1000 temperatures. Range: -0.74 to 37.03
Processing batch 7/12 (rows 6001-7000)
  Calculated 1000 temperatures. Range: -2.01 to 36.43
Processing batch 8/12 (rows 7001-8000)
  Calculated 1000 temperatures. Range: -0.38 to 17.64
Processing batch 9/12 (rows 8001-9000)
  Calculated 1000 temperatures. Range: -1.55 to 17.88
Processing batch 10/12 (rows 9001-10000)
  Calculated 1000 temperatures. Range: 0.19 to 21.19
Processing batch 11/12 (rows 10001-11000)
  Calculated 1000 temperatures. Range: -0.01 to 20.33
Processing batch 12/12 (rows 11001-11035)
  Calculated 35 temperatures. Range: 3.70 to 16.67
Total observations: 11035, Unique timestamps: 2207
MR parameters: mass=0.24, elev=3014.0, b0=17.10, b1=0.98, b2=-0.48, b3=0.000124
Sample tb=302.47 K, log(mass)=-1.4271, 1/(kT)=38.353511, exponent=-2.3345, rmr=0.096857
Sample tb=278.05 K, log(mass)=-1.4271, 1/(kT)=41.722380, exponent=-3.9516, rmr=0.019224
Sample tb=278.78 K, log(mass)=-1.4271, 1/(kT)=41.613216, exponent=-3.8992, rmr=0.020258
Sample tb=284.85 K, log(mass)=-1.4271, 1/(kT)=40.726558, exponent=-3.4736, rmr=0.031006
Sample tb=279.41 K, log(mass)=-1.4271, 1/(kT)=41.519560, exponent=-3.8542, rmr=0.021190
MR results: 0 NA, 0 infinite, 0 negative, 0 zero
Energy calculations: 4158 non-zero gains, 11035 non-zero losses out of 11035 observations
Saved results to output/results/C1/2018/F/eb_results_MB_2018_C1_C1.rds

Processing: Species=MB, Year=2019, Origin=C1, Climate=C1, Sex=F
Looking for climate data at: /mmfs1/gscratch/biology/jmsmith/targeted_microclimate/C1/simplified_C1_2019.rds
Directory /mmfs1/gscratch/biology/jmsmith/targeted_microclimate/C1 exists. Contents:
simplified_C1_1945.rds
simplified_C1_1946.rds
simplified_C1_1947.rds
simplified_C1_1948.rds
simplified_C1_1949.rds
simplified_C1_1950.rds
simplified_C1_1951.rds
simplified_C1_1952.rds
simplified_C1_1953.rds
simplified_C1_1954.rds
simplified_C1_1955.rds
simplified_C1_1956.rds
simplified_C1_1957.rds
simplified_C1_1958.rds
simplified_C1_1959.rds
simplified_C1_1960.rds
simplified_C1_1961.rds
simplified_C1_1962.rds
simplified_C1_1963.rds
simplified_C1_1964.rds
simplified_C1_2005.rds
simplified_C1_2006.rds
simplified_C1_2007.rds
simplified_C1_2008.rds
simplified_C1_2009.rds
simplified_C1_2010.rds
simplified_C1_2011.rds
simplified_C1_2012.rds
simplified_C1_2013.rds
simplified_C1_2014.rds
simplified_C1_2015.rds
simplified_C1_2016.rds
simplified_C1_2017.rds
simplified_C1_2018.rds
simplified_C1_2019.rds
simplified_C1_2020.rds
simplified_C1_2021.rds
simplified_C1_2022.rds
simplified_C1_2023.rds
simplified_C1_2024.rds
Processing batch 1/12 (rows 1-1000)
  Calculated 1000 temperatures. Range: -4.50 to 51.74
Processing batch 2/12 (rows 1001-2000)
  Calculated 1000 temperatures. Range: -0.36 to 55.89
Processing batch 3/12 (rows 2001-3000)
  Calculated 1000 temperatures. Range: -4.47 to 44.09
Processing batch 4/12 (rows 3001-4000)
  Calculated 1000 temperatures. Range: 1.59 to 45.71
Processing batch 5/12 (rows 4001-5000)
  Calculated 1000 temperatures. Range: -3.47 to 37.98
Processing batch 6/12 (rows 5001-6000)
  Calculated 1000 temperatures. Range: 0.16 to 42.40
Processing batch 7/12 (rows 6001-7000)
  Calculated 1000 temperatures. Range: -2.78 to 36.91
Processing batch 8/12 (rows 7001-8000)
  Calculated 1000 temperatures. Range: -2.63 to 17.58
Processing batch 9/12 (rows 8001-9000)
  Calculated 1000 temperatures. Range: -0.52 to 16.96
Processing batch 10/12 (rows 9001-10000)
  Calculated 1000 temperatures. Range: -3.45 to 20.36
Processing batch 11/12 (rows 10001-11000)
  Calculated 1000 temperatures. Range: 1.92 to 21.67
Processing batch 12/12 (rows 11001-11035)
  Calculated 35 temperatures. Range: 4.13 to 17.95
Total observations: 11035, Unique timestamps: 2207
MR parameters: mass=0.24, elev=3014.0, b0=17.10, b1=0.98, b2=-0.48, b3=0.000124
Sample tb=279.42 K, log(mass)=-1.4271, 1/(kT)=41.518398, exponent=-3.8537, rmr=0.021202
Sample tb=278.78 K, log(mass)=-1.4271, 1/(kT)=41.613014, exponent=-3.8991, rmr=0.020260
Sample tb=295.95 K, log(mass)=-1.4271, 1/(kT)=39.198882, exponent=-2.7403, rmr=0.064551
Sample tb=284.25 K, log(mass)=-1.4271, 1/(kT)=40.813076, exponent=-3.5151, rmr=0.029744
Sample tb=279.18 K, log(mass)=-1.4271, 1/(kT)=41.553556, exponent=-3.8705, rmr=0.020847
MR results: 0 NA, 0 infinite, 0 negative, 0 zero
Energy calculations: 4038 non-zero gains, 11035 non-zero losses out of 11035 observations
Saved results to output/results/C1/2019/F/eb_results_MB_2019_C1_C1.rds

Processing: Species=MB, Year=2020, Origin=C1, Climate=C1, Sex=F
Looking for climate data at: /mmfs1/gscratch/biology/jmsmith/targeted_microclimate/C1/simplified_C1_2020.rds
Directory /mmfs1/gscratch/biology/jmsmith/targeted_microclimate/C1 exists. Contents:
simplified_C1_1945.rds
simplified_C1_1946.rds
simplified_C1_1947.rds
simplified_C1_1948.rds
simplified_C1_1949.rds
simplified_C1_1950.rds
simplified_C1_1951.rds
simplified_C1_1952.rds
simplified_C1_1953.rds
simplified_C1_1954.rds
simplified_C1_1955.rds
simplified_C1_1956.rds
simplified_C1_1957.rds
simplified_C1_1958.rds
simplified_C1_1959.rds
simplified_C1_1960.rds
simplified_C1_1961.rds
simplified_C1_1962.rds
simplified_C1_1963.rds
simplified_C1_1964.rds
simplified_C1_2005.rds
simplified_C1_2006.rds
simplified_C1_2007.rds
simplified_C1_2008.rds
simplified_C1_2009.rds
simplified_C1_2010.rds
simplified_C1_2011.rds
simplified_C1_2012.rds
simplified_C1_2013.rds
simplified_C1_2014.rds
simplified_C1_2015.rds
simplified_C1_2016.rds
simplified_C1_2017.rds
simplified_C1_2018.rds
simplified_C1_2019.rds
simplified_C1_2020.rds
simplified_C1_2021.rds
simplified_C1_2022.rds
simplified_C1_2023.rds
simplified_C1_2024.rds
Processing batch 1/12 (rows 1-1000)
  Calculated 1000 temperatures. Range: -5.19 to 55.84
Processing batch 2/12 (rows 1001-2000)
  Calculated 1000 temperatures. Range: 0.23 to 51.49
Processing batch 3/12 (rows 2001-3000)
  Calculated 1000 temperatures. Range: -3.86 to 48.25
Processing batch 4/12 (rows 3001-4000)
  Calculated 1000 temperatures. Range: 1.29 to 41.82
Processing batch 5/12 (rows 4001-5000)
  Calculated 1000 temperatures. Range: -3.74 to 41.74
Processing batch 6/12 (rows 5001-6000)
  Calculated 1000 temperatures. Range: -1.48 to 38.47
Processing batch 7/12 (rows 6001-7000)
  Calculated 1000 temperatures. Range: -4.21 to 39.26
Processing batch 8/12 (rows 7001-8000)
  Calculated 1000 temperatures. Range: -2.03 to 16.06
Processing batch 9/12 (rows 8001-9000)
  Calculated 1000 temperatures. Range: -0.78 to 18.30
Processing batch 10/12 (rows 9001-10000)
  Calculated 1000 temperatures. Range: -3.28 to 19.98
Processing batch 11/12 (rows 10001-11000)
  Calculated 1000 temperatures. Range: 3.03 to 20.42
Processing batch 12/12 (rows 11001-11035)
  Calculated 35 temperatures. Range: -0.25 to 16.17
Total observations: 11035, Unique timestamps: 2207
MR parameters: mass=0.24, elev=3014.0, b0=17.10, b1=0.98, b2=-0.48, b3=0.000124
Sample tb=278.57 K, log(mass)=-1.4271, 1/(kT)=41.644369, exponent=-3.9141, rmr=0.019958
Sample tb=277.06 K, log(mass)=-1.4271, 1/(kT)=41.871965, exponent=-4.0234, rmr=0.017892
Sample tb=288.05 K, log(mass)=-1.4271, 1/(kT)=40.274190, exponent=-3.2564, rmr=0.038525
Sample tb=278.34 K, log(mass)=-1.4271, 1/(kT)=41.678374, exponent=-3.9305, rmr=0.019635
Sample tb=282.88 K, log(mass)=-1.4271, 1/(kT)=41.010494, exponent=-3.6099, rmr=0.027055
MR results: 0 NA, 0 infinite, 0 negative, 0 zero
Energy calculations: 4120 non-zero gains, 11035 non-zero losses out of 11035 observations
Saved results to output/results/C1/2020/F/eb_results_MB_2020_C1_C1.rds

Processing: Species=MB, Year=2021, Origin=C1, Climate=C1, Sex=F
Looking for climate data at: /mmfs1/gscratch/biology/jmsmith/targeted_microclimate/C1/simplified_C1_2021.rds
Directory /mmfs1/gscratch/biology/jmsmith/targeted_microclimate/C1 exists. Contents:
simplified_C1_1945.rds
simplified_C1_1946.rds
simplified_C1_1947.rds
simplified_C1_1948.rds
simplified_C1_1949.rds
simplified_C1_1950.rds
simplified_C1_1951.rds
simplified_C1_1952.rds
simplified_C1_1953.rds
simplified_C1_1954.rds
simplified_C1_1955.rds
simplified_C1_1956.rds
simplified_C1_1957.rds
simplified_C1_1958.rds
simplified_C1_1959.rds
simplified_C1_1960.rds
simplified_C1_1961.rds
simplified_C1_1962.rds
simplified_C1_1963.rds
simplified_C1_1964.rds
simplified_C1_2005.rds
simplified_C1_2006.rds
simplified_C1_2007.rds
simplified_C1_2008.rds
simplified_C1_2009.rds
simplified_C1_2010.rds
simplified_C1_2011.rds
simplified_C1_2012.rds
simplified_C1_2013.rds
simplified_C1_2014.rds
simplified_C1_2015.rds
simplified_C1_2016.rds
simplified_C1_2017.rds
simplified_C1_2018.rds
simplified_C1_2019.rds
simplified_C1_2020.rds
simplified_C1_2021.rds
simplified_C1_2022.rds
simplified_C1_2023.rds
simplified_C1_2024.rds
Processing batch 1/12 (rows 1-1000)
  Calculated 1000 temperatures. Range: -5.82 to 53.29
Processing batch 2/12 (rows 1001-2000)
  Calculated 1000 temperatures. Range: 0.60 to 54.15
Processing batch 3/12 (rows 2001-3000)
  Calculated 1000 temperatures. Range: -4.63 to 45.54
Processing batch 4/12 (rows 3001-4000)
  Calculated 1000 temperatures. Range: 2.15 to 43.49
Processing batch 5/12 (rows 4001-5000)
  Calculated 1000 temperatures. Range: -4.71 to 40.81
Processing batch 6/12 (rows 5001-6000)
  Calculated 1000 temperatures. Range: 0.71 to 40.38
Processing batch 7/12 (rows 6001-7000)
  Calculated 1000 temperatures. Range: -4.45 to 37.05
Processing batch 8/12 (rows 7001-8000)
  Calculated 1000 temperatures. Range: 0.74 to 17.40
Processing batch 9/12 (rows 8001-9000)
  Calculated 1000 temperatures. Range: -3.92 to 18.14
Processing batch 10/12 (rows 9001-10000)
  Calculated 1000 temperatures. Range: -1.56 to 20.89
Processing batch 11/12 (rows 10001-11000)
  Calculated 1000 temperatures. Range: 1.79 to 21.21
Processing batch 12/12 (rows 11001-11035)
  Calculated 35 temperatures. Range: 2.38 to 17.88
Total observations: 11035, Unique timestamps: 2207
MR parameters: mass=0.24, elev=3014.0, b0=17.10, b1=0.98, b2=-0.48, b3=0.000124
Sample tb=282.47 K, log(mass)=-1.4271, 1/(kT)=41.070252, exponent=-3.6386, rmr=0.026290
Sample tb=278.41 K, log(mass)=-1.4271, 1/(kT)=41.668543, exponent=-3.9257, rmr=0.019728
Sample tb=284.57 K, log(mass)=-1.4271, 1/(kT)=40.766303, exponent=-3.4927, rmr=0.030420
Sample tb=284.34 K, log(mass)=-1.4271, 1/(kT)=40.799170, exponent=-3.5084, rmr=0.029944
Sample tb=286.41 K, log(mass)=-1.4271, 1/(kT)=40.504029, exponent=-3.3668, rmr=0.034501
MR results: 0 NA, 0 infinite, 0 negative, 0 zero
Energy calculations: 4256 non-zero gains, 11035 non-zero losses out of 11035 observations
Saved results to output/results/C1/2021/F/eb_results_MB_2021_C1_C1.rds

Processing: Species=MB, Year=2022, Origin=C1, Climate=C1, Sex=F
Looking for climate data at: /mmfs1/gscratch/biology/jmsmith/targeted_microclimate/C1/simplified_C1_2022.rds
Directory /mmfs1/gscratch/biology/jmsmith/targeted_microclimate/C1 exists. Contents:
simplified_C1_1945.rds
simplified_C1_1946.rds
simplified_C1_1947.rds
simplified_C1_1948.rds
simplified_C1_1949.rds
simplified_C1_1950.rds
simplified_C1_1951.rds
simplified_C1_1952.rds
simplified_C1_1953.rds
simplified_C1_1954.rds
simplified_C1_1955.rds
simplified_C1_1956.rds
simplified_C1_1957.rds
simplified_C1_1958.rds
simplified_C1_1959.rds
simplified_C1_1960.rds
simplified_C1_1961.rds
simplified_C1_1962.rds
simplified_C1_1963.rds
simplified_C1_1964.rds
simplified_C1_2005.rds
simplified_C1_2006.rds
simplified_C1_2007.rds
simplified_C1_2008.rds
simplified_C1_2009.rds
simplified_C1_2010.rds
simplified_C1_2011.rds
simplified_C1_2012.rds
simplified_C1_2013.rds
simplified_C1_2014.rds
simplified_C1_2015.rds
simplified_C1_2016.rds
simplified_C1_2017.rds
simplified_C1_2018.rds
simplified_C1_2019.rds
simplified_C1_2020.rds
simplified_C1_2021.rds
simplified_C1_2022.rds
simplified_C1_2023.rds
simplified_C1_2024.rds
Processing batch 1/12 (rows 1-1000)
  Calculated 1000 temperatures. Range: -5.42 to 57.10
Processing batch 2/12 (rows 1001-2000)
  Calculated 1000 temperatures. Range: 1.10 to 53.90
Processing batch 3/12 (rows 2001-3000)
  Calculated 1000 temperatures. Range: -4.58 to 52.93
Processing batch 4/12 (rows 3001-4000)
  Calculated 1000 temperatures. Range: 3.17 to 46.38
Processing batch 5/12 (rows 4001-5000)
  Calculated 1000 temperatures. Range: -5.37 to 42.46
Processing batch 6/12 (rows 5001-6000)
  Calculated 1000 temperatures. Range: 0.39 to 42.76
Processing batch 7/12 (rows 6001-7000)
  Calculated 1000 temperatures. Range: -5.28 to 39.19
Processing batch 8/12 (rows 7001-8000)
  Calculated 1000 temperatures. Range: -1.50 to 17.60
Processing batch 9/12 (rows 8001-9000)
  Calculated 1000 temperatures. Range: -4.53 to 16.90
Processing batch 10/12 (rows 9001-10000)
  Calculated 1000 temperatures. Range: -1.70 to 20.75
Processing batch 11/12 (rows 10001-11000)
  Calculated 1000 temperatures. Range: 3.08 to 20.07
Processing batch 12/12 (rows 11001-11035)
  Calculated 35 temperatures. Range: 2.98 to 17.95
Total observations: 11035, Unique timestamps: 2207
MR parameters: mass=0.24, elev=3014.0, b0=17.10, b1=0.98, b2=-0.48, b3=0.000124
Sample tb=300.36 K, log(mass)=-1.4271, 1/(kT)=38.624033, exponent=-2.4644, rmr=0.085062
Sample tb=279.09 K, log(mass)=-1.4271, 1/(kT)=41.567046, exponent=-3.8770, rmr=0.020712
Sample tb=280.75 K, log(mass)=-1.4271, 1/(kT)=41.320791, exponent=-3.7588, rmr=0.023311
Sample tb=311.81 K, log(mass)=-1.4271, 1/(kT)=37.204922, exponent=-1.7832, rmr=0.168099
Sample tb=284.63 K, log(mass)=-1.4271, 1/(kT)=40.758572, exponent=-3.4890, rmr=0.030533
MR results: 0 NA, 0 infinite, 0 negative, 0 zero
Energy calculations: 4232 non-zero gains, 11035 non-zero losses out of 11035 observations
Saved results to output/results/C1/2022/F/eb_results_MB_2022_C1_C1.rds

Processing: Species=MB, Year=2023, Origin=C1, Climate=C1, Sex=F
Looking for climate data at: /mmfs1/gscratch/biology/jmsmith/targeted_microclimate/C1/simplified_C1_2023.rds
Directory /mmfs1/gscratch/biology/jmsmith/targeted_microclimate/C1 exists. Contents:
simplified_C1_1945.rds
simplified_C1_1946.rds
simplified_C1_1947.rds
simplified_C1_1948.rds
simplified_C1_1949.rds
simplified_C1_1950.rds
simplified_C1_1951.rds
simplified_C1_1952.rds
simplified_C1_1953.rds
simplified_C1_1954.rds
simplified_C1_1955.rds
simplified_C1_1956.rds
simplified_C1_1957.rds
simplified_C1_1958.rds
simplified_C1_1959.rds
simplified_C1_1960.rds
simplified_C1_1961.rds
simplified_C1_1962.rds
simplified_C1_1963.rds
simplified_C1_1964.rds
simplified_C1_2005.rds
simplified_C1_2006.rds
simplified_C1_2007.rds
simplified_C1_2008.rds
simplified_C1_2009.rds
simplified_C1_2010.rds
simplified_C1_2011.rds
simplified_C1_2012.rds
simplified_C1_2013.rds
simplified_C1_2014.rds
simplified_C1_2015.rds
simplified_C1_2016.rds
simplified_C1_2017.rds
simplified_C1_2018.rds
simplified_C1_2019.rds
simplified_C1_2020.rds
simplified_C1_2021.rds
simplified_C1_2022.rds
simplified_C1_2023.rds
simplified_C1_2024.rds
Processing batch 1/12 (rows 1-1000)
  Calculated 1000 temperatures. Range: -3.64 to 50.73
Processing batch 2/12 (rows 1001-2000)
  Calculated 1000 temperatures. Range: 0.05 to 53.53
Processing batch 3/12 (rows 2001-3000)
  Calculated 1000 temperatures. Range: -1.69 to 45.10
Processing batch 4/12 (rows 3001-4000)
  Calculated 1000 temperatures. Range: 1.02 to 43.57
Processing batch 5/12 (rows 4001-5000)
  Calculated 1000 temperatures. Range: -1.70 to 36.87
Processing batch 6/12 (rows 5001-6000)
  Calculated 1000 temperatures. Range: 0.59 to 40.89
Processing batch 7/12 (rows 6001-7000)
  Calculated 1000 temperatures. Range: -0.29 to 35.84
Processing batch 8/12 (rows 7001-8000)
  Calculated 1000 temperatures. Range: -1.77 to 17.41
Processing batch 9/12 (rows 8001-9000)
  Calculated 1000 temperatures. Range: 0.65 to 16.79
Processing batch 10/12 (rows 9001-10000)
  Calculated 1000 temperatures. Range: -0.67 to 20.51
Processing batch 11/12 (rows 10001-11000)
  Calculated 1000 temperatures. Range: 1.89 to 21.03
Processing batch 12/12 (rows 11001-11035)
  Calculated 35 temperatures. Range: 4.73 to 18.99
Total observations: 11035, Unique timestamps: 2207
MR parameters: mass=0.24, elev=3014.0, b0=17.10, b1=0.98, b2=-0.48, b3=0.000124
Sample tb=281.30 K, log(mass)=-1.4271, 1/(kT)=41.240339, exponent=-3.7202, rmr=0.024229
Sample tb=295.56 K, log(mass)=-1.4271, 1/(kT)=39.251067, exponent=-2.7654, rmr=0.062954
Sample tb=283.76 K, log(mass)=-1.4271, 1/(kT)=40.882532, exponent=-3.5485, rmr=0.028769
Sample tb=278.52 K, log(mass)=-1.4271, 1/(kT)=41.651489, exponent=-3.9176, rmr=0.019890
Sample tb=278.33 K, log(mass)=-1.4271, 1/(kT)=41.680121, exponent=-3.9313, rmr=0.019618
MR results: 0 NA, 0 infinite, 0 negative, 0 zero
Energy calculations: 3926 non-zero gains, 11035 non-zero losses out of 11035 observations
Saved results to output/results/C1/2023/F/eb_results_MB_2023_C1_C1.rds

Processing: Species=MB, Year=2024, Origin=C1, Climate=C1, Sex=F
Looking for climate data at: /mmfs1/gscratch/biology/jmsmith/targeted_microclimate/C1/simplified_C1_2024.rds
Directory /mmfs1/gscratch/biology/jmsmith/targeted_microclimate/C1 exists. Contents:
simplified_C1_1945.rds
simplified_C1_1946.rds
simplified_C1_1947.rds
simplified_C1_1948.rds
simplified_C1_1949.rds
simplified_C1_1950.rds
simplified_C1_1951.rds
simplified_C1_1952.rds
simplified_C1_1953.rds
simplified_C1_1954.rds
simplified_C1_1955.rds
simplified_C1_1956.rds
simplified_C1_1957.rds
simplified_C1_1958.rds
simplified_C1_1959.rds
simplified_C1_1960.rds
simplified_C1_1961.rds
simplified_C1_1962.rds
simplified_C1_1963.rds
simplified_C1_1964.rds
simplified_C1_2005.rds
simplified_C1_2006.rds
simplified_C1_2007.rds
simplified_C1_2008.rds
simplified_C1_2009.rds
simplified_C1_2010.rds
simplified_C1_2011.rds
simplified_C1_2012.rds
simplified_C1_2013.rds
simplified_C1_2014.rds
simplified_C1_2015.rds
simplified_C1_2016.rds
simplified_C1_2017.rds
simplified_C1_2018.rds
simplified_C1_2019.rds
simplified_C1_2020.rds
simplified_C1_2021.rds
simplified_C1_2022.rds
simplified_C1_2023.rds
simplified_C1_2024.rds
Processing batch 1/12 (rows 1-1000)
  Calculated 1000 temperatures. Range: -3.61 to 52.33
Processing batch 2/12 (rows 1001-2000)
  Calculated 1000 temperatures. Range: 1.05 to 51.78
Processing batch 3/12 (rows 2001-3000)
  Calculated 1000 temperatures. Range: -2.10 to 43.00
Processing batch 4/12 (rows 3001-4000)
  Calculated 1000 temperatures. Range: -0.67 to 42.59
Processing batch 5/12 (rows 4001-5000)
  Calculated 1000 temperatures. Range: -2.19 to 40.81
Processing batch 6/12 (rows 5001-6000)
  Calculated 1000 temperatures. Range: -0.15 to 39.79
Processing batch 7/12 (rows 6001-7000)
  Calculated 1000 temperatures. Range: 0.07 to 38.99
Processing batch 8/12 (rows 7001-8000)
  Calculated 1000 temperatures. Range: -2.29 to 16.43
Processing batch 9/12 (rows 8001-9000)
  Calculated 1000 temperatures. Range: 0.68 to 17.44
Processing batch 10/12 (rows 9001-10000)
  Calculated 1000 temperatures. Range: -1.34 to 20.74
Processing batch 11/12 (rows 10001-11000)
  Calculated 1000 temperatures. Range: 2.16 to 20.55
Processing batch 12/12 (rows 11001-11035)
  Calculated 35 temperatures. Range: 1.89 to 16.85
Total observations: 11035, Unique timestamps: 2207
MR parameters: mass=0.24, elev=3014.0, b0=17.10, b1=0.98, b2=-0.48, b3=0.000124
Sample tb=277.54 K, log(mass)=-1.4271, 1/(kT)=41.799781, exponent=-3.9887, rmr=0.018523
Sample tb=281.46 K, log(mass)=-1.4271, 1/(kT)=41.216604, exponent=-3.7088, rmr=0.024507
Sample tb=289.62 K, log(mass)=-1.4271, 1/(kT)=40.055135, exponent=-3.1513, rmr=0.042796
Sample tb=305.72 K, log(mass)=-1.4271, 1/(kT)=37.946688, exponent=-2.1392, rmr=0.117743
Sample tb=279.63 K, log(mass)=-1.4271, 1/(kT)=41.486328, exponent=-3.8383, rmr=0.021531
MR results: 0 NA, 0 infinite, 0 negative, 0 zero
Energy calculations: 4189 non-zero gains, 11035 non-zero losses out of 11035 observations
Saved results to output/results/C1/2024/F/eb_results_MB_2024_C1_C1.rds

All years processed.
