Arguments received:
Species: MB
Years: 2005, 2006, 2007, 2008, 2009, 2010, 2011, 2012, 2013, 2014, 2015, 2016, 2017, 2018, 2019, 2020, 2021, 2022, 2023, 2024
Origin site: B1
Climate site: D1
Sex: F
Output directory: output/results/B1
Library paths:
[1] "/gscratch/biology/jmsmith/R"                          
[2] "/mmfs1/home/smithju/R/x86_64-pc-linux-gnu-library/4.4"
[3] "/usr/local/lib/R/site-library"                        
[4] "/usr/local/lib/R/library"                             
Package tidyverse loaded successfully
Package TrenchR loaded successfully
Package rTPC loaded successfully
Package lubridate loaded successfully

Processing: Species=MB, Year=2005, Origin=B1, Climate=D1, Sex=F
Looking for climate data at: /mmfs1/gscratch/biology/jmsmith/targeted_microclimate/D1/simplified_D1_2005.rds
Directory /mmfs1/gscratch/biology/jmsmith/targeted_microclimate/D1 exists. Contents:
simplified_D1_1945.rds
simplified_D1_1946.rds
simplified_D1_1947.rds
simplified_D1_1948.rds
simplified_D1_1949.rds
simplified_D1_1950.rds
simplified_D1_1951.rds
simplified_D1_1952.rds
simplified_D1_1953.rds
simplified_D1_1954.rds
simplified_D1_1955.rds
simplified_D1_1956.rds
simplified_D1_1957.rds
simplified_D1_1958.rds
simplified_D1_1959.rds
simplified_D1_1960.rds
simplified_D1_1961.rds
simplified_D1_1962.rds
simplified_D1_1963.rds
simplified_D1_1964.rds
simplified_D1_2005.rds
simplified_D1_2006.rds
simplified_D1_2007.rds
simplified_D1_2008.rds
simplified_D1_2009.rds
simplified_D1_2010.rds
simplified_D1_2011.rds
simplified_D1_2012.rds
simplified_D1_2013.rds
simplified_D1_2014.rds
simplified_D1_2015.rds
simplified_D1_2016.rds
simplified_D1_2017.rds
simplified_D1_2018.rds
simplified_D1_2019.rds
simplified_D1_2020.rds
simplified_D1_2021.rds
simplified_D1_2022.rds
simplified_D1_2023.rds
simplified_D1_2024.rds
Processing batch 1/12 (rows 1-1000)
  Calculated 1000 temperatures. Range: -10.15 to 52.20
Processing batch 2/12 (rows 1001-2000)
  Calculated 1000 temperatures. Range: -5.38 to 50.52
Processing batch 3/12 (rows 2001-3000)
  Calculated 1000 temperatures. Range: -9.72 to 42.43
Processing batch 4/12 (rows 3001-4000)
  Calculated 1000 temperatures. Range: -5.31 to 41.33
Processing batch 5/12 (rows 4001-5000)
  Calculated 1000 temperatures. Range: -8.71 to 36.64
Processing batch 6/12 (rows 5001-6000)
  Calculated 1000 temperatures. Range: -6.15 to 40.74
Processing batch 7/12 (rows 6001-7000)
  Calculated 1000 temperatures. Range: -8.30 to 38.90
Processing batch 8/12 (rows 7001-8000)
  Calculated 1000 temperatures. Range: -5.95 to 13.60
Processing batch 9/12 (rows 8001-9000)
  Calculated 1000 temperatures. Range: -6.78 to 11.69
Processing batch 10/12 (rows 9001-10000)
  Calculated 1000 temperatures. Range: -8.64 to 17.24
Processing batch 11/12 (rows 10001-11000)
  Calculated 1000 temperatures. Range: -3.77 to 17.37
Processing batch 12/12 (rows 11001-11035)
  Calculated 35 temperatures. Range: -5.28 to 13.82
Total observations: 11035, Unique timestamps: 2207
MR parameters: mass=0.28, elev=2591.0, b0=17.10, b1=0.98, b2=-0.48, b3=0.000124
Sample tb=273.44 K, log(mass)=-1.2730, 1/(kT)=42.426514, exponent=-4.1909, rmr=0.015132
Sample tb=287.76 K, log(mass)=-1.2730, 1/(kT)=40.314856, exponent=-3.1774, rmr=0.041696
Sample tb=281.79 K, log(mass)=-1.2730, 1/(kT)=41.168832, exponent=-3.5873, rmr=0.027674
Sample tb=282.44 K, log(mass)=-1.2730, 1/(kT)=41.073539, exponent=-3.5415, rmr=0.028969
Sample tb=270.87 K, log(mass)=-1.2730, 1/(kT)=42.828857, exponent=-4.3841, rmr=0.012474
MR results: 0 NA, 0 infinite, 0 negative, 0 zero
Energy calculations: 2701 non-zero gains, 11035 non-zero losses out of 11035 observations
Saved results to output/results/B1/2005/F/eb_results_MB_2005_B1_D1.rds

Processing: Species=MB, Year=2006, Origin=B1, Climate=D1, Sex=F
Looking for climate data at: /mmfs1/gscratch/biology/jmsmith/targeted_microclimate/D1/simplified_D1_2006.rds
Directory /mmfs1/gscratch/biology/jmsmith/targeted_microclimate/D1 exists. Contents:
simplified_D1_1945.rds
simplified_D1_1946.rds
simplified_D1_1947.rds
simplified_D1_1948.rds
simplified_D1_1949.rds
simplified_D1_1950.rds
simplified_D1_1951.rds
simplified_D1_1952.rds
simplified_D1_1953.rds
simplified_D1_1954.rds
simplified_D1_1955.rds
simplified_D1_1956.rds
simplified_D1_1957.rds
simplified_D1_1958.rds
simplified_D1_1959.rds
simplified_D1_1960.rds
simplified_D1_1961.rds
simplified_D1_1962.rds
simplified_D1_1963.rds
simplified_D1_1964.rds
simplified_D1_2005.rds
simplified_D1_2006.rds
simplified_D1_2007.rds
simplified_D1_2008.rds
simplified_D1_2009.rds
simplified_D1_2010.rds
simplified_D1_2011.rds
simplified_D1_2012.rds
simplified_D1_2013.rds
simplified_D1_2014.rds
simplified_D1_2015.rds
simplified_D1_2016.rds
simplified_D1_2017.rds
simplified_D1_2018.rds
simplified_D1_2019.rds
simplified_D1_2020.rds
simplified_D1_2021.rds
simplified_D1_2022.rds
simplified_D1_2023.rds
simplified_D1_2024.rds
Processing batch 1/12 (rows 1-1000)
  Calculated 1000 temperatures. Range: -7.23 to 52.48
Processing batch 2/12 (rows 1001-2000)
  Calculated 1000 temperatures. Range: -3.35 to 50.04
Processing batch 3/12 (rows 2001-3000)
  Calculated 1000 temperatures. Range: -6.80 to 48.34
Processing batch 4/12 (rows 3001-4000)
  Calculated 1000 temperatures. Range: -2.05 to 38.79
Processing batch 5/12 (rows 4001-5000)
  Calculated 1000 temperatures. Range: -6.60 to 38.64
Processing batch 6/12 (rows 5001-6000)
  Calculated 1000 temperatures. Range: -4.63 to 40.97
Processing batch 7/12 (rows 6001-7000)
  Calculated 1000 temperatures. Range: -7.24 to 38.27
Processing batch 8/12 (rows 7001-8000)
  Calculated 1000 temperatures. Range: -6.15 to 13.75
Processing batch 9/12 (rows 8001-9000)
  Calculated 1000 temperatures. Range: -6.84 to 13.94
Processing batch 10/12 (rows 9001-10000)
  Calculated 1000 temperatures. Range: -5.74 to 16.49
Processing batch 11/12 (rows 10001-11000)
  Calculated 1000 temperatures. Range: -4.72 to 16.96
Processing batch 12/12 (rows 11001-11035)
  Calculated 35 temperatures. Range: -0.56 to 12.65
Total observations: 11035, Unique timestamps: 2207
MR parameters: mass=0.28, elev=2591.0, b0=17.10, b1=0.98, b2=-0.48, b3=0.000124
Sample tb=294.32 K, log(mass)=-1.2730, 1/(kT)=39.415416, exponent=-2.7456, rmr=0.064208
Sample tb=277.18 K, log(mass)=-1.2730, 1/(kT)=41.854028, exponent=-3.9162, rmr=0.019918
Sample tb=278.23 K, log(mass)=-1.2730, 1/(kT)=41.695721, exponent=-3.8402, rmr=0.021490
Sample tb=271.19 K, log(mass)=-1.2730, 1/(kT)=42.778523, exponent=-4.3599, rmr=0.012779
Sample tb=281.70 K, log(mass)=-1.2730, 1/(kT)=41.182013, exponent=-3.5936, rmr=0.027499
MR results: 0 NA, 0 infinite, 0 negative, 0 zero
Energy calculations: 2970 non-zero gains, 11035 non-zero losses out of 11035 observations
Saved results to output/results/B1/2006/F/eb_results_MB_2006_B1_D1.rds

Processing: Species=MB, Year=2007, Origin=B1, Climate=D1, Sex=F
Looking for climate data at: /mmfs1/gscratch/biology/jmsmith/targeted_microclimate/D1/simplified_D1_2007.rds
Directory /mmfs1/gscratch/biology/jmsmith/targeted_microclimate/D1 exists. Contents:
simplified_D1_1945.rds
simplified_D1_1946.rds
simplified_D1_1947.rds
simplified_D1_1948.rds
simplified_D1_1949.rds
simplified_D1_1950.rds
simplified_D1_1951.rds
simplified_D1_1952.rds
simplified_D1_1953.rds
simplified_D1_1954.rds
simplified_D1_1955.rds
simplified_D1_1956.rds
simplified_D1_1957.rds
simplified_D1_1958.rds
simplified_D1_1959.rds
simplified_D1_1960.rds
simplified_D1_1961.rds
simplified_D1_1962.rds
simplified_D1_1963.rds
simplified_D1_1964.rds
simplified_D1_2005.rds
simplified_D1_2006.rds
simplified_D1_2007.rds
simplified_D1_2008.rds
simplified_D1_2009.rds
simplified_D1_2010.rds
simplified_D1_2011.rds
simplified_D1_2012.rds
simplified_D1_2013.rds
simplified_D1_2014.rds
simplified_D1_2015.rds
simplified_D1_2016.rds
simplified_D1_2017.rds
simplified_D1_2018.rds
simplified_D1_2019.rds
simplified_D1_2020.rds
simplified_D1_2021.rds
simplified_D1_2022.rds
simplified_D1_2023.rds
simplified_D1_2024.rds
Processing batch 1/12 (rows 1-1000)
  Calculated 1000 temperatures. Range: -11.08 to 48.78
Processing batch 2/12 (rows 1001-2000)
  Calculated 1000 temperatures. Range: -2.49 to 49.36
Processing batch 3/12 (rows 2001-3000)
  Calculated 1000 temperatures. Range: -10.85 to 49.50
Processing batch 4/12 (rows 3001-4000)
  Calculated 1000 temperatures. Range: -2.26 to 38.36
Processing batch 5/12 (rows 4001-5000)
  Calculated 1000 temperatures. Range: -10.58 to 37.83
Processing batch 6/12 (rows 5001-6000)
  Calculated 1000 temperatures. Range: -2.13 to 38.61
Processing batch 7/12 (rows 6001-7000)
  Calculated 1000 temperatures. Range: -9.62 to 38.37
Processing batch 8/12 (rows 7001-8000)
  Calculated 1000 temperatures. Range: -6.60 to 13.73
Processing batch 9/12 (rows 8001-9000)
  Calculated 1000 temperatures. Range: -7.14 to 13.12
Processing batch 10/12 (rows 9001-10000)
  Calculated 1000 temperatures. Range: -10.08 to 15.88
Processing batch 11/12 (rows 10001-11000)
  Calculated 1000 temperatures. Range: -1.43 to 16.41
Processing batch 12/12 (rows 11001-11035)
  Calculated 35 temperatures. Range: 0.08 to 13.50
Total observations: 11035, Unique timestamps: 2207
MR parameters: mass=0.28, elev=2591.0, b0=17.10, b1=0.98, b2=-0.48, b3=0.000124
Sample tb=280.45 K, log(mass)=-1.2730, 1/(kT)=41.365034, exponent=-3.6814, rmr=0.025187
Sample tb=292.09 K, log(mass)=-1.2730, 1/(kT)=39.717230, exponent=-2.8905, rmr=0.055549
Sample tb=291.31 K, log(mass)=-1.2730, 1/(kT)=39.823657, exponent=-2.9416, rmr=0.052782
Sample tb=274.16 K, log(mass)=-1.2730, 1/(kT)=42.314680, exponent=-4.1373, rmr=0.015966
Sample tb=272.63 K, log(mass)=-1.2730, 1/(kT)=42.551186, exponent=-4.2508, rmr=0.014253
MR results: 0 NA, 0 infinite, 0 negative, 0 zero
Energy calculations: 3005 non-zero gains, 11035 non-zero losses out of 11035 observations
Saved results to output/results/B1/2007/F/eb_results_MB_2007_B1_D1.rds

Processing: Species=MB, Year=2008, Origin=B1, Climate=D1, Sex=F
Looking for climate data at: /mmfs1/gscratch/biology/jmsmith/targeted_microclimate/D1/simplified_D1_2008.rds
Directory /mmfs1/gscratch/biology/jmsmith/targeted_microclimate/D1 exists. Contents:
simplified_D1_1945.rds
simplified_D1_1946.rds
simplified_D1_1947.rds
simplified_D1_1948.rds
simplified_D1_1949.rds
simplified_D1_1950.rds
simplified_D1_1951.rds
simplified_D1_1952.rds
simplified_D1_1953.rds
simplified_D1_1954.rds
simplified_D1_1955.rds
simplified_D1_1956.rds
simplified_D1_1957.rds
simplified_D1_1958.rds
simplified_D1_1959.rds
simplified_D1_1960.rds
simplified_D1_1961.rds
simplified_D1_1962.rds
simplified_D1_1963.rds
simplified_D1_1964.rds
simplified_D1_2005.rds
simplified_D1_2006.rds
simplified_D1_2007.rds
simplified_D1_2008.rds
simplified_D1_2009.rds
simplified_D1_2010.rds
simplified_D1_2011.rds
simplified_D1_2012.rds
simplified_D1_2013.rds
simplified_D1_2014.rds
simplified_D1_2015.rds
simplified_D1_2016.rds
simplified_D1_2017.rds
simplified_D1_2018.rds
simplified_D1_2019.rds
simplified_D1_2020.rds
simplified_D1_2021.rds
simplified_D1_2022.rds
simplified_D1_2023.rds
simplified_D1_2024.rds
Processing batch 1/12 (rows 1-1000)
  Calculated 1000 temperatures. Range: -13.16 to 51.50
Processing batch 2/12 (rows 1001-2000)
  Calculated 1000 temperatures. Range: -6.54 to 49.88
Processing batch 3/12 (rows 2001-3000)
  Calculated 1000 temperatures. Range: -11.72 to 44.63
Processing batch 4/12 (rows 3001-4000)
  Calculated 1000 temperatures. Range: -5.34 to 39.18
Processing batch 5/12 (rows 4001-5000)
  Calculated 1000 temperatures. Range: -10.63 to 36.37
Processing batch 6/12 (rows 5001-6000)
  Calculated 1000 temperatures. Range: -6.74 to 39.19
Processing batch 7/12 (rows 6001-7000)
  Calculated 1000 temperatures. Range: -10.82 to 36.25
Processing batch 8/12 (rows 7001-8000)
  Calculated 1000 temperatures. Range: -6.36 to 12.94
Processing batch 9/12 (rows 8001-9000)
  Calculated 1000 temperatures. Range: -7.07 to 11.92
Processing batch 10/12 (rows 9001-10000)
  Calculated 1000 temperatures. Range: -10.45 to 14.45
Processing batch 11/12 (rows 10001-11000)
  Calculated 1000 temperatures. Range: -3.46 to 15.45
Processing batch 12/12 (rows 11001-11035)
  Calculated 35 temperatures. Range: -0.27 to 12.51
Total observations: 11035, Unique timestamps: 2207
MR parameters: mass=0.28, elev=2591.0, b0=17.10, b1=0.98, b2=-0.48, b3=0.000124
Sample tb=292.64 K, log(mass)=-1.2730, 1/(kT)=39.642973, exponent=-2.8548, rmr=0.057564
Sample tb=293.38 K, log(mass)=-1.2730, 1/(kT)=39.542942, exponent=-2.8068, rmr=0.060396
Sample tb=275.73 K, log(mass)=-1.2730, 1/(kT)=42.074208, exponent=-4.0218, rmr=0.017920
Sample tb=275.51 K, log(mass)=-1.2730, 1/(kT)=42.107295, exponent=-4.0377, rmr=0.017638
Sample tb=275.99 K, log(mass)=-1.2730, 1/(kT)=42.034546, exponent=-4.0028, rmr=0.018264
MR results: 0 NA, 0 infinite, 0 negative, 0 zero
Energy calculations: 2714 non-zero gains, 11035 non-zero losses out of 11035 observations
Saved results to output/results/B1/2008/F/eb_results_MB_2008_B1_D1.rds

Processing: Species=MB, Year=2009, Origin=B1, Climate=D1, Sex=F
Looking for climate data at: /mmfs1/gscratch/biology/jmsmith/targeted_microclimate/D1/simplified_D1_2009.rds
Directory /mmfs1/gscratch/biology/jmsmith/targeted_microclimate/D1 exists. Contents:
simplified_D1_1945.rds
simplified_D1_1946.rds
simplified_D1_1947.rds
simplified_D1_1948.rds
simplified_D1_1949.rds
simplified_D1_1950.rds
simplified_D1_1951.rds
simplified_D1_1952.rds
simplified_D1_1953.rds
simplified_D1_1954.rds
simplified_D1_1955.rds
simplified_D1_1956.rds
simplified_D1_1957.rds
simplified_D1_1958.rds
simplified_D1_1959.rds
simplified_D1_1960.rds
simplified_D1_1961.rds
simplified_D1_1962.rds
simplified_D1_1963.rds
simplified_D1_1964.rds
simplified_D1_2005.rds
simplified_D1_2006.rds
simplified_D1_2007.rds
simplified_D1_2008.rds
simplified_D1_2009.rds
simplified_D1_2010.rds
simplified_D1_2011.rds
simplified_D1_2012.rds
simplified_D1_2013.rds
simplified_D1_2014.rds
simplified_D1_2015.rds
simplified_D1_2016.rds
simplified_D1_2017.rds
simplified_D1_2018.rds
simplified_D1_2019.rds
simplified_D1_2020.rds
simplified_D1_2021.rds
simplified_D1_2022.rds
simplified_D1_2023.rds
simplified_D1_2024.rds
Processing batch 1/12 (rows 1-1000)
  Calculated 1000 temperatures. Range: -9.51 to 49.08
Processing batch 2/12 (rows 1001-2000)
  Calculated 1000 temperatures. Range: -8.64 to 45.50
Processing batch 3/12 (rows 2001-3000)
  Calculated 1000 temperatures. Range: -8.76 to 36.96
Processing batch 4/12 (rows 3001-4000)
  Calculated 1000 temperatures. Range: -5.58 to 35.85
Processing batch 5/12 (rows 4001-5000)
  Calculated 1000 temperatures. Range: -8.54 to 33.38
Processing batch 6/12 (rows 5001-6000)
  Calculated 1000 temperatures. Range: -5.64 to 37.96
Processing batch 7/12 (rows 6001-7000)
  Calculated 1000 temperatures. Range: -8.29 to 34.49
Processing batch 8/12 (rows 7001-8000)
  Calculated 1000 temperatures. Range: -5.35 to 11.92
Processing batch 9/12 (rows 8001-9000)
  Calculated 1000 temperatures. Range: -6.90 to 11.82
Processing batch 10/12 (rows 9001-10000)
  Calculated 1000 temperatures. Range: -8.14 to 13.90
Processing batch 11/12 (rows 10001-11000)
  Calculated 1000 temperatures. Range: -6.84 to 15.36
Processing batch 12/12 (rows 11001-11035)
  Calculated 35 temperatures. Range: -2.66 to 10.76
Total observations: 11035, Unique timestamps: 2207
MR parameters: mass=0.28, elev=2591.0, b0=17.10, b1=0.98, b2=-0.48, b3=0.000124
Sample tb=274.11 K, log(mass)=-1.2730, 1/(kT)=42.321590, exponent=-4.1406, rmr=0.015914
Sample tb=285.94 K, log(mass)=-1.2730, 1/(kT)=40.570630, exponent=-3.3001, rmr=0.036879
Sample tb=273.10 K, log(mass)=-1.2730, 1/(kT)=42.479100, exponent=-4.2162, rmr=0.014755
Sample tb=289.06 K, log(mass)=-1.2730, 1/(kT)=40.133057, exponent=-3.0901, rmr=0.045498
Sample tb=293.54 K, log(mass)=-1.2730, 1/(kT)=39.521379, exponent=-2.7965, rmr=0.061024
MR results: 0 NA, 0 infinite, 0 negative, 0 zero
Energy calculations: 2431 non-zero gains, 11035 non-zero losses out of 11035 observations
Saved results to output/results/B1/2009/F/eb_results_MB_2009_B1_D1.rds

Processing: Species=MB, Year=2010, Origin=B1, Climate=D1, Sex=F
Looking for climate data at: /mmfs1/gscratch/biology/jmsmith/targeted_microclimate/D1/simplified_D1_2010.rds
Directory /mmfs1/gscratch/biology/jmsmith/targeted_microclimate/D1 exists. Contents:
simplified_D1_1945.rds
simplified_D1_1946.rds
simplified_D1_1947.rds
simplified_D1_1948.rds
simplified_D1_1949.rds
simplified_D1_1950.rds
simplified_D1_1951.rds
simplified_D1_1952.rds
simplified_D1_1953.rds
simplified_D1_1954.rds
simplified_D1_1955.rds
simplified_D1_1956.rds
simplified_D1_1957.rds
simplified_D1_1958.rds
simplified_D1_1959.rds
simplified_D1_1960.rds
simplified_D1_1961.rds
simplified_D1_1962.rds
simplified_D1_1963.rds
simplified_D1_1964.rds
simplified_D1_2005.rds
simplified_D1_2006.rds
simplified_D1_2007.rds
simplified_D1_2008.rds
simplified_D1_2009.rds
simplified_D1_2010.rds
simplified_D1_2011.rds
simplified_D1_2012.rds
simplified_D1_2013.rds
simplified_D1_2014.rds
simplified_D1_2015.rds
simplified_D1_2016.rds
simplified_D1_2017.rds
simplified_D1_2018.rds
simplified_D1_2019.rds
simplified_D1_2020.rds
simplified_D1_2021.rds
simplified_D1_2022.rds
simplified_D1_2023.rds
simplified_D1_2024.rds
Processing batch 1/12 (rows 1-1000)
  Calculated 1000 temperatures. Range: -8.62 to 46.10
Processing batch 2/12 (rows 1001-2000)
  Calculated 1000 temperatures. Range: -5.80 to 47.56
Processing batch 3/12 (rows 2001-3000)
  Calculated 1000 temperatures. Range: -6.87 to 39.13
Processing batch 4/12 (rows 3001-4000)
  Calculated 1000 temperatures. Range: -5.20 to 37.65
Processing batch 5/12 (rows 4001-5000)
  Calculated 1000 temperatures. Range: -7.44 to 35.21
Processing batch 6/12 (rows 5001-6000)
  Calculated 1000 temperatures. Range: -5.18 to 37.36
Processing batch 7/12 (rows 6001-7000)
  Calculated 1000 temperatures. Range: -7.24 to 37.03
Processing batch 8/12 (rows 7001-8000)
  Calculated 1000 temperatures. Range: -6.47 to 13.45
Processing batch 9/12 (rows 8001-9000)
  Calculated 1000 temperatures. Range: -6.04 to 14.10
Processing batch 10/12 (rows 9001-10000)
  Calculated 1000 temperatures. Range: -6.74 to 15.41
Processing batch 11/12 (rows 10001-11000)
  Calculated 1000 temperatures. Range: -4.10 to 15.81
Processing batch 12/12 (rows 11001-11035)
  Calculated 35 temperatures. Range: -2.75 to 9.18
Total observations: 11035, Unique timestamps: 2207
MR parameters: mass=0.28, elev=2591.0, b0=17.10, b1=0.98, b2=-0.48, b3=0.000124
Sample tb=271.30 K, log(mass)=-1.2730, 1/(kT)=42.760512, exponent=-4.3513, rmr=0.012890
Sample tb=283.21 K, log(mass)=-1.2730, 1/(kT)=40.961589, exponent=-3.4878, rmr=0.030569
Sample tb=274.16 K, log(mass)=-1.2730, 1/(kT)=42.314442, exponent=-4.1372, rmr=0.015968
Sample tb=277.82 K, log(mass)=-1.2730, 1/(kT)=41.757657, exponent=-3.8699, rmr=0.020861
Sample tb=286.82 K, log(mass)=-1.2730, 1/(kT)=40.447164, exponent=-3.2409, rmr=0.039130
MR results: 0 NA, 0 infinite, 0 negative, 0 zero
Energy calculations: 2840 non-zero gains, 11035 non-zero losses out of 11035 observations
Saved results to output/results/B1/2010/F/eb_results_MB_2010_B1_D1.rds

Processing: Species=MB, Year=2011, Origin=B1, Climate=D1, Sex=F
Looking for climate data at: /mmfs1/gscratch/biology/jmsmith/targeted_microclimate/D1/simplified_D1_2011.rds
Directory /mmfs1/gscratch/biology/jmsmith/targeted_microclimate/D1 exists. Contents:
simplified_D1_1945.rds
simplified_D1_1946.rds
simplified_D1_1947.rds
simplified_D1_1948.rds
simplified_D1_1949.rds
simplified_D1_1950.rds
simplified_D1_1951.rds
simplified_D1_1952.rds
simplified_D1_1953.rds
simplified_D1_1954.rds
simplified_D1_1955.rds
simplified_D1_1956.rds
simplified_D1_1957.rds
simplified_D1_1958.rds
simplified_D1_1959.rds
simplified_D1_1960.rds
simplified_D1_1961.rds
simplified_D1_1962.rds
simplified_D1_1963.rds
simplified_D1_1964.rds
simplified_D1_2005.rds
simplified_D1_2006.rds
simplified_D1_2007.rds
simplified_D1_2008.rds
simplified_D1_2009.rds
simplified_D1_2010.rds
simplified_D1_2011.rds
simplified_D1_2012.rds
simplified_D1_2013.rds
simplified_D1_2014.rds
simplified_D1_2015.rds
simplified_D1_2016.rds
simplified_D1_2017.rds
simplified_D1_2018.rds
simplified_D1_2019.rds
simplified_D1_2020.rds
simplified_D1_2021.rds
simplified_D1_2022.rds
simplified_D1_2023.rds
simplified_D1_2024.rds
Processing batch 1/12 (rows 1-1000)
  Calculated 1000 temperatures. Range: -9.71 to 47.47
Processing batch 2/12 (rows 1001-2000)
  Calculated 1000 temperatures. Range: -5.29 to 46.56
Processing batch 3/12 (rows 2001-3000)
  Calculated 1000 temperatures. Range: -8.97 to 50.24
Processing batch 4/12 (rows 3001-4000)
  Calculated 1000 temperatures. Range: -3.46 to 36.34
Processing batch 5/12 (rows 4001-5000)
  Calculated 1000 temperatures. Range: -8.67 to 40.20
Processing batch 6/12 (rows 5001-6000)
  Calculated 1000 temperatures. Range: -4.55 to 37.01
Processing batch 7/12 (rows 6001-7000)
  Calculated 1000 temperatures. Range: -7.83 to 39.71
Processing batch 8/12 (rows 7001-8000)
  Calculated 1000 temperatures. Range: -5.75 to 13.71
Processing batch 9/12 (rows 8001-9000)
  Calculated 1000 temperatures. Range: -7.09 to 13.23
Processing batch 10/12 (rows 9001-10000)
  Calculated 1000 temperatures. Range: -7.98 to 15.76
Processing batch 11/12 (rows 10001-11000)
  Calculated 1000 temperatures. Range: -2.50 to 15.73
Processing batch 12/12 (rows 11001-11035)
  Calculated 35 temperatures. Range: 0.07 to 14.37
Total observations: 11035, Unique timestamps: 2207
MR parameters: mass=0.28, elev=2591.0, b0=17.10, b1=0.98, b2=-0.48, b3=0.000124
Sample tb=294.05 K, log(mass)=-1.2730, 1/(kT)=39.451932, exponent=-2.7631, rmr=0.063093
Sample tb=274.07 K, log(mass)=-1.2730, 1/(kT)=42.327658, exponent=-4.1435, rmr=0.015867
Sample tb=283.91 K, log(mass)=-1.2730, 1/(kT)=40.861132, exponent=-3.4396, rmr=0.032079
Sample tb=274.69 K, log(mass)=-1.2730, 1/(kT)=42.232913, exponent=-4.0980, rmr=0.016606
Sample tb=279.14 K, log(mass)=-1.2730, 1/(kT)=41.559463, exponent=-3.7748, rmr=0.022942
MR results: 0 NA, 0 infinite, 0 negative, 0 zero
Energy calculations: 2997 non-zero gains, 11035 non-zero losses out of 11035 observations
Saved results to output/results/B1/2011/F/eb_results_MB_2011_B1_D1.rds

Processing: Species=MB, Year=2012, Origin=B1, Climate=D1, Sex=F
Looking for climate data at: /mmfs1/gscratch/biology/jmsmith/targeted_microclimate/D1/simplified_D1_2012.rds
Directory /mmfs1/gscratch/biology/jmsmith/targeted_microclimate/D1 exists. Contents:
simplified_D1_1945.rds
simplified_D1_1946.rds
simplified_D1_1947.rds
simplified_D1_1948.rds
simplified_D1_1949.rds
simplified_D1_1950.rds
simplified_D1_1951.rds
simplified_D1_1952.rds
simplified_D1_1953.rds
simplified_D1_1954.rds
simplified_D1_1955.rds
simplified_D1_1956.rds
simplified_D1_1957.rds
simplified_D1_1958.rds
simplified_D1_1959.rds
simplified_D1_1960.rds
simplified_D1_1961.rds
simplified_D1_1962.rds
simplified_D1_1963.rds
simplified_D1_1964.rds
simplified_D1_2005.rds
simplified_D1_2006.rds
simplified_D1_2007.rds
simplified_D1_2008.rds
simplified_D1_2009.rds
simplified_D1_2010.rds
simplified_D1_2011.rds
simplified_D1_2012.rds
simplified_D1_2013.rds
simplified_D1_2014.rds
simplified_D1_2015.rds
simplified_D1_2016.rds
simplified_D1_2017.rds
simplified_D1_2018.rds
simplified_D1_2019.rds
simplified_D1_2020.rds
simplified_D1_2021.rds
simplified_D1_2022.rds
simplified_D1_2023.rds
simplified_D1_2024.rds
Processing batch 1/12 (rows 1-1000)
  Calculated 1000 temperatures. Range: -10.62 to 51.27
Processing batch 2/12 (rows 1001-2000)
  Calculated 1000 temperatures. Range: -7.56 to 48.51
Processing batch 3/12 (rows 2001-3000)
  Calculated 1000 temperatures. Range: -9.98 to 50.94
Processing batch 4/12 (rows 3001-4000)
  Calculated 1000 temperatures. Range: -3.62 to 38.46
Processing batch 5/12 (rows 4001-5000)
  Calculated 1000 temperatures. Range: -9.72 to 40.23
Processing batch 6/12 (rows 5001-6000)
  Calculated 1000 temperatures. Range: -3.43 to 38.73
Processing batch 7/12 (rows 6001-7000)
  Calculated 1000 temperatures. Range: -8.76 to 40.00
Processing batch 8/12 (rows 7001-8000)
  Calculated 1000 temperatures. Range: -4.23 to 13.79
Processing batch 9/12 (rows 8001-9000)
  Calculated 1000 temperatures. Range: -5.08 to 13.22
Processing batch 10/12 (rows 9001-10000)
  Calculated 1000 temperatures. Range: -9.00 to 16.71
Processing batch 11/12 (rows 10001-11000)
  Calculated 1000 temperatures. Range: -4.95 to 16.36
Processing batch 12/12 (rows 11001-11035)
  Calculated 35 temperatures. Range: -0.95 to 12.76
Total observations: 11035, Unique timestamps: 2207
MR parameters: mass=0.28, elev=2591.0, b0=17.10, b1=0.98, b2=-0.48, b3=0.000124
Sample tb=276.89 K, log(mass)=-1.2730, 1/(kT)=41.896864, exponent=-3.9367, rmr=0.019512
Sample tb=290.96 K, log(mass)=-1.2730, 1/(kT)=39.871023, exponent=-2.9643, rmr=0.051596
Sample tb=278.87 K, log(mass)=-1.2730, 1/(kT)=41.600275, exponent=-3.7944, rmr=0.022497
Sample tb=280.90 K, log(mass)=-1.2730, 1/(kT)=41.299144, exponent=-3.6498, rmr=0.025996
Sample tb=296.62 K, log(mass)=-1.2730, 1/(kT)=39.110097, exponent=-2.5991, rmr=0.074343
MR results: 0 NA, 0 infinite, 0 negative, 0 zero
Energy calculations: 3092 non-zero gains, 11035 non-zero losses out of 11035 observations
Saved results to output/results/B1/2012/F/eb_results_MB_2012_B1_D1.rds

Processing: Species=MB, Year=2013, Origin=B1, Climate=D1, Sex=F
Looking for climate data at: /mmfs1/gscratch/biology/jmsmith/targeted_microclimate/D1/simplified_D1_2013.rds
Directory /mmfs1/gscratch/biology/jmsmith/targeted_microclimate/D1 exists. Contents:
simplified_D1_1945.rds
simplified_D1_1946.rds
simplified_D1_1947.rds
simplified_D1_1948.rds
simplified_D1_1949.rds
simplified_D1_1950.rds
simplified_D1_1951.rds
simplified_D1_1952.rds
simplified_D1_1953.rds
simplified_D1_1954.rds
simplified_D1_1955.rds
simplified_D1_1956.rds
simplified_D1_1957.rds
simplified_D1_1958.rds
simplified_D1_1959.rds
simplified_D1_1960.rds
simplified_D1_1961.rds
simplified_D1_1962.rds
simplified_D1_1963.rds
simplified_D1_1964.rds
simplified_D1_2005.rds
simplified_D1_2006.rds
simplified_D1_2007.rds
simplified_D1_2008.rds
simplified_D1_2009.rds
simplified_D1_2010.rds
simplified_D1_2011.rds
simplified_D1_2012.rds
simplified_D1_2013.rds
simplified_D1_2014.rds
simplified_D1_2015.rds
simplified_D1_2016.rds
simplified_D1_2017.rds
simplified_D1_2018.rds
simplified_D1_2019.rds
simplified_D1_2020.rds
simplified_D1_2021.rds
simplified_D1_2022.rds
simplified_D1_2023.rds
simplified_D1_2024.rds
Processing batch 1/12 (rows 1-1000)
  Calculated 1000 temperatures. Range: -9.79 to 60.00
Processing batch 2/12 (rows 1001-2000)
  Calculated 1000 temperatures. Range: -5.80 to 47.85
Processing batch 3/12 (rows 2001-3000)
  Calculated 1000 temperatures. Range: -9.37 to 51.28
Processing batch 4/12 (rows 3001-4000)
  Calculated 1000 temperatures. Range: -4.38 to 36.59
Processing batch 5/12 (rows 4001-5000)
  Calculated 1000 temperatures. Range: -9.00 to 36.67
Processing batch 6/12 (rows 5001-6000)
  Calculated 1000 temperatures. Range: -3.07 to 42.83
Processing batch 7/12 (rows 6001-7000)
  Calculated 1000 temperatures. Range: -7.99 to 36.46
Processing batch 8/12 (rows 7001-8000)
  Calculated 1000 temperatures. Range: -5.44 to 13.57
Processing batch 9/12 (rows 8001-9000)
  Calculated 1000 temperatures. Range: -8.33 to 13.08
Processing batch 10/12 (rows 9001-10000)
  Calculated 1000 temperatures. Range: -4.96 to 15.99
Processing batch 11/12 (rows 10001-11000)
  Calculated 1000 temperatures. Range: -3.35 to 15.50
Processing batch 12/12 (rows 11001-11035)
  Calculated 35 temperatures. Range: 2.53 to 13.85
Total observations: 11035, Unique timestamps: 2207
MR parameters: mass=0.28, elev=2591.0, b0=17.10, b1=0.98, b2=-0.48, b3=0.000124
Sample tb=280.41 K, log(mass)=-1.2730, 1/(kT)=41.371021, exponent=-3.6843, rmr=0.025114
Sample tb=274.10 K, log(mass)=-1.2730, 1/(kT)=42.323023, exponent=-4.1413, rmr=0.015903
Sample tb=283.60 K, log(mass)=-1.2730, 1/(kT)=40.905812, exponent=-3.4610, rmr=0.031398
Sample tb=289.84 K, log(mass)=-1.2730, 1/(kT)=40.025165, exponent=-3.0383, rmr=0.047916
Sample tb=274.14 K, log(mass)=-1.2730, 1/(kT)=42.317535, exponent=-4.1386, rmr=0.015945
MR results: 0 NA, 0 infinite, 0 negative, 0 zero
Energy calculations: 2985 non-zero gains, 11035 non-zero losses out of 11035 observations
Saved results to output/results/B1/2013/F/eb_results_MB_2013_B1_D1.rds

Processing: Species=MB, Year=2014, Origin=B1, Climate=D1, Sex=F
Looking for climate data at: /mmfs1/gscratch/biology/jmsmith/targeted_microclimate/D1/simplified_D1_2014.rds
Directory /mmfs1/gscratch/biology/jmsmith/targeted_microclimate/D1 exists. Contents:
simplified_D1_1945.rds
simplified_D1_1946.rds
simplified_D1_1947.rds
simplified_D1_1948.rds
simplified_D1_1949.rds
simplified_D1_1950.rds
simplified_D1_1951.rds
simplified_D1_1952.rds
simplified_D1_1953.rds
simplified_D1_1954.rds
simplified_D1_1955.rds
simplified_D1_1956.rds
simplified_D1_1957.rds
simplified_D1_1958.rds
simplified_D1_1959.rds
simplified_D1_1960.rds
simplified_D1_1961.rds
simplified_D1_1962.rds
simplified_D1_1963.rds
simplified_D1_1964.rds
simplified_D1_2005.rds
simplified_D1_2006.rds
simplified_D1_2007.rds
simplified_D1_2008.rds
simplified_D1_2009.rds
simplified_D1_2010.rds
simplified_D1_2011.rds
simplified_D1_2012.rds
simplified_D1_2013.rds
simplified_D1_2014.rds
simplified_D1_2015.rds
simplified_D1_2016.rds
simplified_D1_2017.rds
simplified_D1_2018.rds
simplified_D1_2019.rds
simplified_D1_2020.rds
simplified_D1_2021.rds
simplified_D1_2022.rds
simplified_D1_2023.rds
simplified_D1_2024.rds
Processing batch 1/12 (rows 1-1000)
  Calculated 1000 temperatures. Range: -10.29 to 47.24
Processing batch 2/12 (rows 1001-2000)
  Calculated 1000 temperatures. Range: -4.23 to 51.09
Processing batch 3/12 (rows 2001-3000)
  Calculated 1000 temperatures. Range: -9.22 to 41.92
Processing batch 4/12 (rows 3001-4000)
  Calculated 1000 temperatures. Range: -3.07 to 39.09
Processing batch 5/12 (rows 4001-5000)
  Calculated 1000 temperatures. Range: -9.02 to 34.96
Processing batch 6/12 (rows 5001-6000)
  Calculated 1000 temperatures. Range: -3.16 to 38.19
Processing batch 7/12 (rows 6001-7000)
  Calculated 1000 temperatures. Range: -8.36 to 39.71
Processing batch 8/12 (rows 7001-8000)
  Calculated 1000 temperatures. Range: -7.20 to 12.91
Processing batch 9/12 (rows 8001-9000)
  Calculated 1000 temperatures. Range: -5.61 to 11.56
Processing batch 10/12 (rows 9001-10000)
  Calculated 1000 temperatures. Range: -8.57 to 14.72
Processing batch 11/12 (rows 10001-11000)
  Calculated 1000 temperatures. Range: -3.27 to 15.82
Processing batch 12/12 (rows 11001-11035)
  Calculated 35 temperatures. Range: -3.22 to 11.29
Total observations: 11035, Unique timestamps: 2207
MR parameters: mass=0.28, elev=2591.0, b0=17.10, b1=0.98, b2=-0.48, b3=0.000124
Sample tb=285.74 K, log(mass)=-1.2730, 1/(kT)=40.600106, exponent=-3.3143, rmr=0.036360
Sample tb=290.90 K, log(mass)=-1.2730, 1/(kT)=39.879833, exponent=-2.9685, rmr=0.051378
Sample tb=275.18 K, log(mass)=-1.2730, 1/(kT)=42.156972, exponent=-4.0616, rmr=0.017222
Sample tb=274.12 K, log(mass)=-1.2730, 1/(kT)=42.321080, exponent=-4.1403, rmr=0.015917
Sample tb=270.80 K, log(mass)=-1.2730, 1/(kT)=42.840041, exponent=-4.3894, rmr=0.012408
MR results: 0 NA, 0 infinite, 0 negative, 0 zero
Energy calculations: 2631 non-zero gains, 11035 non-zero losses out of 11035 observations
Saved results to output/results/B1/2014/F/eb_results_MB_2014_B1_D1.rds

Processing: Species=MB, Year=2015, Origin=B1, Climate=D1, Sex=F
Looking for climate data at: /mmfs1/gscratch/biology/jmsmith/targeted_microclimate/D1/simplified_D1_2015.rds
Directory /mmfs1/gscratch/biology/jmsmith/targeted_microclimate/D1 exists. Contents:
simplified_D1_1945.rds
simplified_D1_1946.rds
simplified_D1_1947.rds
simplified_D1_1948.rds
simplified_D1_1949.rds
simplified_D1_1950.rds
simplified_D1_1951.rds
simplified_D1_1952.rds
simplified_D1_1953.rds
simplified_D1_1954.rds
simplified_D1_1955.rds
simplified_D1_1956.rds
simplified_D1_1957.rds
simplified_D1_1958.rds
simplified_D1_1959.rds
simplified_D1_1960.rds
simplified_D1_1961.rds
simplified_D1_1962.rds
simplified_D1_1963.rds
simplified_D1_1964.rds
simplified_D1_2005.rds
simplified_D1_2006.rds
simplified_D1_2007.rds
simplified_D1_2008.rds
simplified_D1_2009.rds
simplified_D1_2010.rds
simplified_D1_2011.rds
simplified_D1_2012.rds
simplified_D1_2013.rds
simplified_D1_2014.rds
simplified_D1_2015.rds
simplified_D1_2016.rds
simplified_D1_2017.rds
simplified_D1_2018.rds
simplified_D1_2019.rds
simplified_D1_2020.rds
simplified_D1_2021.rds
simplified_D1_2022.rds
simplified_D1_2023.rds
simplified_D1_2024.rds
Processing batch 1/12 (rows 1-1000)
  Calculated 1000 temperatures. Range: -6.75 to 49.91
Processing batch 2/12 (rows 1001-2000)
  Calculated 1000 temperatures. Range: -6.91 to 51.67
Processing batch 3/12 (rows 2001-3000)
  Calculated 1000 temperatures. Range: -7.12 to 47.36
Processing batch 4/12 (rows 3001-4000)
  Calculated 1000 temperatures. Range: -3.37 to 40.22
Processing batch 5/12 (rows 4001-5000)
  Calculated 1000 temperatures. Range: -6.10 to 38.79
Processing batch 6/12 (rows 5001-6000)
  Calculated 1000 temperatures. Range: -3.02 to 40.59
Processing batch 7/12 (rows 6001-7000)
  Calculated 1000 temperatures. Range: -5.72 to 38.02
Processing batch 8/12 (rows 7001-8000)
  Calculated 1000 temperatures. Range: -3.39 to 13.72
Processing batch 9/12 (rows 8001-9000)
  Calculated 1000 temperatures. Range: -5.48 to 13.67
Processing batch 10/12 (rows 9001-10000)
  Calculated 1000 temperatures. Range: -4.50 to 16.17
Processing batch 11/12 (rows 10001-11000)
  Calculated 1000 temperatures. Range: -5.22 to 16.24
Processing batch 12/12 (rows 11001-11035)
  Calculated 35 temperatures. Range: 1.20 to 14.12
Total observations: 11035, Unique timestamps: 2207
MR parameters: mass=0.28, elev=2591.0, b0=17.10, b1=0.98, b2=-0.48, b3=0.000124
Sample tb=274.72 K, log(mass)=-1.2730, 1/(kT)=42.228799, exponent=-4.0960, rmr=0.016638
Sample tb=275.18 K, log(mass)=-1.2730, 1/(kT)=42.158222, exponent=-4.0622, rmr=0.017212
Sample tb=281.16 K, log(mass)=-1.2730, 1/(kT)=41.260360, exponent=-3.6312, rmr=0.026485
Sample tb=284.33 K, log(mass)=-1.2730, 1/(kT)=40.801024, exponent=-3.4107, rmr=0.033018
Sample tb=271.89 K, log(mass)=-1.2730, 1/(kT)=42.667138, exponent=-4.3064, rmr=0.013481
MR results: 0 NA, 0 infinite, 0 negative, 0 zero
Energy calculations: 2922 non-zero gains, 11035 non-zero losses out of 11035 observations
Saved results to output/results/B1/2015/F/eb_results_MB_2015_B1_D1.rds

Processing: Species=MB, Year=2016, Origin=B1, Climate=D1, Sex=F
Looking for climate data at: /mmfs1/gscratch/biology/jmsmith/targeted_microclimate/D1/simplified_D1_2016.rds
Directory /mmfs1/gscratch/biology/jmsmith/targeted_microclimate/D1 exists. Contents:
simplified_D1_1945.rds
simplified_D1_1946.rds
simplified_D1_1947.rds
simplified_D1_1948.rds
simplified_D1_1949.rds
simplified_D1_1950.rds
simplified_D1_1951.rds
simplified_D1_1952.rds
simplified_D1_1953.rds
simplified_D1_1954.rds
simplified_D1_1955.rds
simplified_D1_1956.rds
simplified_D1_1957.rds
simplified_D1_1958.rds
simplified_D1_1959.rds
simplified_D1_1960.rds
simplified_D1_1961.rds
simplified_D1_1962.rds
simplified_D1_1963.rds
simplified_D1_1964.rds
simplified_D1_2005.rds
simplified_D1_2006.rds
simplified_D1_2007.rds
simplified_D1_2008.rds
simplified_D1_2009.rds
simplified_D1_2010.rds
simplified_D1_2011.rds
simplified_D1_2012.rds
simplified_D1_2013.rds
simplified_D1_2014.rds
simplified_D1_2015.rds
simplified_D1_2016.rds
simplified_D1_2017.rds
simplified_D1_2018.rds
simplified_D1_2019.rds
simplified_D1_2020.rds
simplified_D1_2021.rds
simplified_D1_2022.rds
simplified_D1_2023.rds
simplified_D1_2024.rds
Processing batch 1/12 (rows 1-1000)
  Calculated 1000 temperatures. Range: -7.57 to 52.13
Processing batch 2/12 (rows 1001-2000)
  Calculated 1000 temperatures. Range: -5.56 to 48.26
Processing batch 3/12 (rows 2001-3000)
  Calculated 1000 temperatures. Range: -7.17 to 42.66
Processing batch 4/12 (rows 3001-4000)
  Calculated 1000 temperatures. Range: -4.63 to 38.10
Processing batch 5/12 (rows 4001-5000)
  Calculated 1000 temperatures. Range: -6.22 to 37.21
Processing batch 6/12 (rows 5001-6000)
  Calculated 1000 temperatures. Range: -4.58 to 38.26
Processing batch 7/12 (rows 6001-7000)
  Calculated 1000 temperatures. Range: -6.40 to 35.57
Processing batch 8/12 (rows 7001-8000)
  Calculated 1000 temperatures. Range: -3.99 to 13.73
Processing batch 9/12 (rows 8001-9000)
  Calculated 1000 temperatures. Range: -5.52 to 12.68
Processing batch 10/12 (rows 9001-10000)
  Calculated 1000 temperatures. Range: -4.82 to 17.51
Processing batch 11/12 (rows 10001-11000)
  Calculated 1000 temperatures. Range: -5.43 to 15.74
Processing batch 12/12 (rows 11001-11035)
  Calculated 35 temperatures. Range: -3.22 to 10.69
Total observations: 11035, Unique timestamps: 2207
MR parameters: mass=0.28, elev=2591.0, b0=17.10, b1=0.98, b2=-0.48, b3=0.000124
Sample tb=272.61 K, log(mass)=-1.2730, 1/(kT)=42.555185, exponent=-4.2527, rmr=0.014226
Sample tb=268.76 K, log(mass)=-1.2730, 1/(kT)=43.164435, exponent=-4.5452, rmr=0.010619
Sample tb=288.28 K, log(mass)=-1.2730, 1/(kT)=40.242445, exponent=-3.1426, rmr=0.043171
Sample tb=273.18 K, log(mass)=-1.2730, 1/(kT)=42.465693, exponent=-4.2098, rmr=0.014850
Sample tb=273.76 K, log(mass)=-1.2730, 1/(kT)=42.376416, exponent=-4.1669, rmr=0.015500
MR results: 0 NA, 0 infinite, 0 negative, 0 zero
Energy calculations: 2961 non-zero gains, 11035 non-zero losses out of 11035 observations
Saved results to output/results/B1/2016/F/eb_results_MB_2016_B1_D1.rds

Processing: Species=MB, Year=2017, Origin=B1, Climate=D1, Sex=F
Looking for climate data at: /mmfs1/gscratch/biology/jmsmith/targeted_microclimate/D1/simplified_D1_2017.rds
Directory /mmfs1/gscratch/biology/jmsmith/targeted_microclimate/D1 exists. Contents:
simplified_D1_1945.rds
simplified_D1_1946.rds
simplified_D1_1947.rds
simplified_D1_1948.rds
simplified_D1_1949.rds
simplified_D1_1950.rds
simplified_D1_1951.rds
simplified_D1_1952.rds
simplified_D1_1953.rds
simplified_D1_1954.rds
simplified_D1_1955.rds
simplified_D1_1956.rds
simplified_D1_1957.rds
simplified_D1_1958.rds
simplified_D1_1959.rds
simplified_D1_1960.rds
simplified_D1_1961.rds
simplified_D1_1962.rds
simplified_D1_1963.rds
simplified_D1_1964.rds
simplified_D1_2005.rds
simplified_D1_2006.rds
simplified_D1_2007.rds
simplified_D1_2008.rds
simplified_D1_2009.rds
simplified_D1_2010.rds
simplified_D1_2011.rds
simplified_D1_2012.rds
simplified_D1_2013.rds
simplified_D1_2014.rds
simplified_D1_2015.rds
simplified_D1_2016.rds
simplified_D1_2017.rds
simplified_D1_2018.rds
simplified_D1_2019.rds
simplified_D1_2020.rds
simplified_D1_2021.rds
simplified_D1_2022.rds
simplified_D1_2023.rds
simplified_D1_2024.rds
Processing batch 1/12 (rows 1-1000)
  Calculated 1000 temperatures. Range: -8.04 to 48.64
Processing batch 2/12 (rows 1001-2000)
  Calculated 1000 temperatures. Range: -3.51 to 46.64
Processing batch 3/12 (rows 2001-3000)
  Calculated 1000 temperatures. Range: -6.62 to 46.28
Processing batch 4/12 (rows 3001-4000)
  Calculated 1000 temperatures. Range: -2.79 to 37.96
Processing batch 5/12 (rows 4001-5000)
  Calculated 1000 temperatures. Range: -6.60 to 37.57
Processing batch 6/12 (rows 5001-6000)
  Calculated 1000 temperatures. Range: -6.01 to 37.97
Processing batch 7/12 (rows 6001-7000)
  Calculated 1000 temperatures. Range: -6.18 to 36.24
Processing batch 8/12 (rows 7001-8000)
  Calculated 1000 temperatures. Range: -5.94 to 14.37
Processing batch 9/12 (rows 8001-9000)
  Calculated 1000 temperatures. Range: -5.61 to 12.34
Processing batch 10/12 (rows 9001-10000)
  Calculated 1000 temperatures. Range: -5.80 to 17.05
Processing batch 11/12 (rows 10001-11000)
  Calculated 1000 temperatures. Range: -2.53 to 15.73
Processing batch 12/12 (rows 11001-11035)
  Calculated 35 temperatures. Range: -0.75 to 12.56
Total observations: 11035, Unique timestamps: 2207
MR parameters: mass=0.28, elev=2591.0, b0=17.10, b1=0.98, b2=-0.48, b3=0.000124
Sample tb=274.98 K, log(mass)=-1.2730, 1/(kT)=42.187627, exponent=-4.0763, rmr=0.016970
Sample tb=272.43 K, log(mass)=-1.2730, 1/(kT)=42.583773, exponent=-4.2664, rmr=0.014032
Sample tb=283.31 K, log(mass)=-1.2730, 1/(kT)=40.948499, exponent=-3.4815, rmr=0.030761
Sample tb=280.68 K, log(mass)=-1.2730, 1/(kT)=41.331835, exponent=-3.6655, rmr=0.025591
Sample tb=314.52 K, log(mass)=-1.2730, 1/(kT)=36.884698, exponent=-1.5309, rmr=0.216346
MR results: 0 NA, 0 infinite, 0 negative, 0 zero
Energy calculations: 2962 non-zero gains, 11035 non-zero losses out of 11035 observations
Saved results to output/results/B1/2017/F/eb_results_MB_2017_B1_D1.rds

Processing: Species=MB, Year=2018, Origin=B1, Climate=D1, Sex=F
Looking for climate data at: /mmfs1/gscratch/biology/jmsmith/targeted_microclimate/D1/simplified_D1_2018.rds
Directory /mmfs1/gscratch/biology/jmsmith/targeted_microclimate/D1 exists. Contents:
simplified_D1_1945.rds
simplified_D1_1946.rds
simplified_D1_1947.rds
simplified_D1_1948.rds
simplified_D1_1949.rds
simplified_D1_1950.rds
simplified_D1_1951.rds
simplified_D1_1952.rds
simplified_D1_1953.rds
simplified_D1_1954.rds
simplified_D1_1955.rds
simplified_D1_1956.rds
simplified_D1_1957.rds
simplified_D1_1958.rds
simplified_D1_1959.rds
simplified_D1_1960.rds
simplified_D1_1961.rds
simplified_D1_1962.rds
simplified_D1_1963.rds
simplified_D1_1964.rds
simplified_D1_2005.rds
simplified_D1_2006.rds
simplified_D1_2007.rds
simplified_D1_2008.rds
simplified_D1_2009.rds
simplified_D1_2010.rds
simplified_D1_2011.rds
simplified_D1_2012.rds
simplified_D1_2013.rds
simplified_D1_2014.rds
simplified_D1_2015.rds
simplified_D1_2016.rds
simplified_D1_2017.rds
simplified_D1_2018.rds
simplified_D1_2019.rds
simplified_D1_2020.rds
simplified_D1_2021.rds
simplified_D1_2022.rds
simplified_D1_2023.rds
simplified_D1_2024.rds
Processing batch 1/12 (rows 1-1000)
  Calculated 1000 temperatures. Range: -7.87 to 51.59
Processing batch 2/12 (rows 1001-2000)
  Calculated 1000 temperatures. Range: -5.98 to 50.82
Processing batch 3/12 (rows 2001-3000)
  Calculated 1000 temperatures. Range: -7.38 to 43.39
Processing batch 4/12 (rows 3001-4000)
  Calculated 1000 temperatures. Range: -2.21 to 39.21
Processing batch 5/12 (rows 4001-5000)
  Calculated 1000 temperatures. Range: -7.13 to 37.94
Processing batch 6/12 (rows 5001-6000)
  Calculated 1000 temperatures. Range: -5.88 to 38.33
Processing batch 7/12 (rows 6001-7000)
  Calculated 1000 temperatures. Range: -7.00 to 39.97
Processing batch 8/12 (rows 7001-8000)
  Calculated 1000 temperatures. Range: -5.52 to 13.98
Processing batch 9/12 (rows 8001-9000)
  Calculated 1000 temperatures. Range: -6.96 to 12.81
Processing batch 10/12 (rows 9001-10000)
  Calculated 1000 temperatures. Range: -5.03 to 16.90
Processing batch 11/12 (rows 10001-11000)
  Calculated 1000 temperatures. Range: -4.60 to 15.94
Processing batch 12/12 (rows 11001-11035)
  Calculated 35 temperatures. Range: -0.49 to 12.98
Total observations: 11035, Unique timestamps: 2207
MR parameters: mass=0.28, elev=2591.0, b0=17.10, b1=0.98, b2=-0.48, b3=0.000124
Sample tb=314.56 K, log(mass)=-1.2730, 1/(kT)=36.879828, exponent=-1.5285, rmr=0.216852
Sample tb=278.65 K, log(mass)=-1.2730, 1/(kT)=41.632795, exponent=-3.8100, rmr=0.022149
Sample tb=276.69 K, log(mass)=-1.2730, 1/(kT)=41.927110, exponent=-3.9512, rmr=0.019231
Sample tb=270.64 K, log(mass)=-1.2730, 1/(kT)=42.865513, exponent=-4.4017, rmr=0.012257
Sample tb=280.29 K, log(mass)=-1.2730, 1/(kT)=41.389730, exponent=-3.6933, rmr=0.024890
MR results: 0 NA, 0 infinite, 0 negative, 0 zero
Energy calculations: 3087 non-zero gains, 11035 non-zero losses out of 11035 observations
Saved results to output/results/B1/2018/F/eb_results_MB_2018_B1_D1.rds

Processing: Species=MB, Year=2019, Origin=B1, Climate=D1, Sex=F
Looking for climate data at: /mmfs1/gscratch/biology/jmsmith/targeted_microclimate/D1/simplified_D1_2019.rds
Directory /mmfs1/gscratch/biology/jmsmith/targeted_microclimate/D1 exists. Contents:
simplified_D1_1945.rds
simplified_D1_1946.rds
simplified_D1_1947.rds
simplified_D1_1948.rds
simplified_D1_1949.rds
simplified_D1_1950.rds
simplified_D1_1951.rds
simplified_D1_1952.rds
simplified_D1_1953.rds
simplified_D1_1954.rds
simplified_D1_1955.rds
simplified_D1_1956.rds
simplified_D1_1957.rds
simplified_D1_1958.rds
simplified_D1_1959.rds
simplified_D1_1960.rds
simplified_D1_1961.rds
simplified_D1_1962.rds
simplified_D1_1963.rds
simplified_D1_1964.rds
simplified_D1_2005.rds
simplified_D1_2006.rds
simplified_D1_2007.rds
simplified_D1_2008.rds
simplified_D1_2009.rds
simplified_D1_2010.rds
simplified_D1_2011.rds
simplified_D1_2012.rds
simplified_D1_2013.rds
simplified_D1_2014.rds
simplified_D1_2015.rds
simplified_D1_2016.rds
simplified_D1_2017.rds
simplified_D1_2018.rds
simplified_D1_2019.rds
simplified_D1_2020.rds
simplified_D1_2021.rds
simplified_D1_2022.rds
simplified_D1_2023.rds
simplified_D1_2024.rds
Processing batch 1/12 (rows 1-1000)
  Calculated 1000 temperatures. Range: -9.53 to 45.75
Processing batch 2/12 (rows 1001-2000)
  Calculated 1000 temperatures. Range: -4.26 to 48.40
Processing batch 3/12 (rows 2001-3000)
  Calculated 1000 temperatures. Range: -9.67 to 43.01
Processing batch 4/12 (rows 3001-4000)
  Calculated 1000 temperatures. Range: -3.20 to 38.58
Processing batch 5/12 (rows 4001-5000)
  Calculated 1000 temperatures. Range: -9.16 to 35.19
Processing batch 6/12 (rows 5001-6000)
  Calculated 1000 temperatures. Range: -5.30 to 38.39
Processing batch 7/12 (rows 6001-7000)
  Calculated 1000 temperatures. Range: -8.37 to 38.52
Processing batch 8/12 (rows 7001-8000)
  Calculated 1000 temperatures. Range: -7.69 to 13.33
Processing batch 9/12 (rows 8001-9000)
  Calculated 1000 temperatures. Range: -5.36 to 13.68
Processing batch 10/12 (rows 9001-10000)
  Calculated 1000 temperatures. Range: -9.19 to 16.12
Processing batch 11/12 (rows 10001-11000)
  Calculated 1000 temperatures. Range: -2.91 to 16.95
Processing batch 12/12 (rows 11001-11035)
  Calculated 35 temperatures. Range: -0.13 to 14.08
Total observations: 11035, Unique timestamps: 2207
MR parameters: mass=0.28, elev=2591.0, b0=17.10, b1=0.98, b2=-0.48, b3=0.000124
Sample tb=269.51 K, log(mass)=-1.2730, 1/(kT)=43.044749, exponent=-4.4877, rmr=0.011246
Sample tb=269.41 K, log(mass)=-1.2730, 1/(kT)=43.060129, exponent=-4.4951, rmr=0.011164
Sample tb=275.36 K, log(mass)=-1.2730, 1/(kT)=42.130258, exponent=-4.0487, rmr=0.017444
Sample tb=295.47 K, log(mass)=-1.2730, 1/(kT)=39.263097, exponent=-2.6725, rmr=0.069079
Sample tb=295.93 K, log(mass)=-1.2730, 1/(kT)=39.202003, exponent=-2.6432, rmr=0.071134
MR results: 0 NA, 0 infinite, 0 negative, 0 zero
Energy calculations: 2935 non-zero gains, 11035 non-zero losses out of 11035 observations
Saved results to output/results/B1/2019/F/eb_results_MB_2019_B1_D1.rds

Processing: Species=MB, Year=2020, Origin=B1, Climate=D1, Sex=F
Looking for climate data at: /mmfs1/gscratch/biology/jmsmith/targeted_microclimate/D1/simplified_D1_2020.rds
Directory /mmfs1/gscratch/biology/jmsmith/targeted_microclimate/D1 exists. Contents:
simplified_D1_1945.rds
simplified_D1_1946.rds
simplified_D1_1947.rds
simplified_D1_1948.rds
simplified_D1_1949.rds
simplified_D1_1950.rds
simplified_D1_1951.rds
simplified_D1_1952.rds
simplified_D1_1953.rds
simplified_D1_1954.rds
simplified_D1_1955.rds
simplified_D1_1956.rds
simplified_D1_1957.rds
simplified_D1_1958.rds
simplified_D1_1959.rds
simplified_D1_1960.rds
simplified_D1_1961.rds
simplified_D1_1962.rds
simplified_D1_1963.rds
simplified_D1_1964.rds
simplified_D1_2005.rds
simplified_D1_2006.rds
simplified_D1_2007.rds
simplified_D1_2008.rds
simplified_D1_2009.rds
simplified_D1_2010.rds
simplified_D1_2011.rds
simplified_D1_2012.rds
simplified_D1_2013.rds
simplified_D1_2014.rds
simplified_D1_2015.rds
simplified_D1_2016.rds
simplified_D1_2017.rds
simplified_D1_2018.rds
simplified_D1_2019.rds
simplified_D1_2020.rds
simplified_D1_2021.rds
simplified_D1_2022.rds
simplified_D1_2023.rds
simplified_D1_2024.rds
Processing batch 1/12 (rows 1-1000)
  Calculated 1000 temperatures. Range: -9.19 to 46.31
Processing batch 2/12 (rows 1001-2000)
  Calculated 1000 temperatures. Range: -3.94 to 53.58
Processing batch 3/12 (rows 2001-3000)
  Calculated 1000 temperatures. Range: -8.92 to 47.64
Processing batch 4/12 (rows 3001-4000)
  Calculated 1000 temperatures. Range: -3.35 to 36.84
Processing batch 5/12 (rows 4001-5000)
  Calculated 1000 temperatures. Range: -8.64 to 41.38
Processing batch 6/12 (rows 5001-6000)
  Calculated 1000 temperatures. Range: -6.21 to 36.87
Processing batch 7/12 (rows 6001-7000)
  Calculated 1000 temperatures. Range: -8.19 to 39.67
Processing batch 8/12 (rows 7001-8000)
  Calculated 1000 temperatures. Range: -6.86 to 13.51
Processing batch 9/12 (rows 8001-9000)
  Calculated 1000 temperatures. Range: -5.51 to 13.94
Processing batch 10/12 (rows 9001-10000)
  Calculated 1000 temperatures. Range: -8.38 to 16.41
Processing batch 11/12 (rows 10001-11000)
  Calculated 1000 temperatures. Range: -1.37 to 16.17
Processing batch 12/12 (rows 11001-11035)
  Calculated 35 temperatures. Range: -4.80 to 11.80
Total observations: 11035, Unique timestamps: 2207
MR parameters: mass=0.28, elev=2591.0, b0=17.10, b1=0.98, b2=-0.48, b3=0.000124
Sample tb=276.63 K, log(mass)=-1.2730, 1/(kT)=41.937071, exponent=-3.9560, rmr=0.019139
Sample tb=281.01 K, log(mass)=-1.2730, 1/(kT)=41.282284, exponent=-3.6417, rmr=0.026207
Sample tb=275.46 K, log(mass)=-1.2730, 1/(kT)=42.115342, exponent=-4.0416, rmr=0.017570
Sample tb=277.65 K, log(mass)=-1.2730, 1/(kT)=41.782077, exponent=-3.8816, rmr=0.020617
Sample tb=282.20 K, log(mass)=-1.2730, 1/(kT)=41.108805, exponent=-3.5584, rmr=0.028483
MR results: 0 NA, 0 infinite, 0 negative, 0 zero
Energy calculations: 2957 non-zero gains, 11035 non-zero losses out of 11035 observations
Saved results to output/results/B1/2020/F/eb_results_MB_2020_B1_D1.rds

Processing: Species=MB, Year=2021, Origin=B1, Climate=D1, Sex=F
Looking for climate data at: /mmfs1/gscratch/biology/jmsmith/targeted_microclimate/D1/simplified_D1_2021.rds
Directory /mmfs1/gscratch/biology/jmsmith/targeted_microclimate/D1 exists. Contents:
simplified_D1_1945.rds
simplified_D1_1946.rds
simplified_D1_1947.rds
simplified_D1_1948.rds
simplified_D1_1949.rds
simplified_D1_1950.rds
simplified_D1_1951.rds
simplified_D1_1952.rds
simplified_D1_1953.rds
simplified_D1_1954.rds
simplified_D1_1955.rds
simplified_D1_1956.rds
simplified_D1_1957.rds
simplified_D1_1958.rds
simplified_D1_1959.rds
simplified_D1_1960.rds
simplified_D1_1961.rds
simplified_D1_1962.rds
simplified_D1_1963.rds
simplified_D1_1964.rds
simplified_D1_2005.rds
simplified_D1_2006.rds
simplified_D1_2007.rds
simplified_D1_2008.rds
simplified_D1_2009.rds
simplified_D1_2010.rds
simplified_D1_2011.rds
simplified_D1_2012.rds
simplified_D1_2013.rds
simplified_D1_2014.rds
simplified_D1_2015.rds
simplified_D1_2016.rds
simplified_D1_2017.rds
simplified_D1_2018.rds
simplified_D1_2019.rds
simplified_D1_2020.rds
simplified_D1_2021.rds
simplified_D1_2022.rds
simplified_D1_2023.rds
simplified_D1_2024.rds
Processing batch 1/12 (rows 1-1000)
  Calculated 1000 temperatures. Range: -10.34 to 52.16
Processing batch 2/12 (rows 1001-2000)
  Calculated 1000 temperatures. Range: -4.28 to 50.04
Processing batch 3/12 (rows 2001-3000)
  Calculated 1000 temperatures. Range: -9.36 to 40.71
Processing batch 4/12 (rows 3001-4000)
  Calculated 1000 temperatures. Range: -2.51 to 40.88
Processing batch 5/12 (rows 4001-5000)
  Calculated 1000 temperatures. Range: -9.25 to 35.71
Processing batch 6/12 (rows 5001-6000)
  Calculated 1000 temperatures. Range: -4.56 to 41.18
Processing batch 7/12 (rows 6001-7000)
  Calculated 1000 temperatures. Range: -8.05 to 38.87
Processing batch 8/12 (rows 7001-8000)
  Calculated 1000 temperatures. Range: -5.24 to 14.75
Processing batch 9/12 (rows 8001-9000)
  Calculated 1000 temperatures. Range: -8.18 to 13.75
Processing batch 10/12 (rows 9001-10000)
  Calculated 1000 temperatures. Range: -6.90 to 17.78
Processing batch 11/12 (rows 10001-11000)
  Calculated 1000 temperatures. Range: -3.22 to 16.55
Processing batch 12/12 (rows 11001-11035)
  Calculated 35 temperatures. Range: -2.05 to 13.22
Total observations: 11035, Unique timestamps: 2207
MR parameters: mass=0.28, elev=2591.0, b0=17.10, b1=0.98, b2=-0.48, b3=0.000124
Sample tb=273.95 K, log(mass)=-1.2730, 1/(kT)=42.346497, exponent=-4.1525, rmr=0.015724
Sample tb=276.51 K, log(mass)=-1.2730, 1/(kT)=41.954767, exponent=-3.9645, rmr=0.018977
Sample tb=276.02 K, log(mass)=-1.2730, 1/(kT)=42.028639, exponent=-4.0000, rmr=0.018316
Sample tb=281.79 K, log(mass)=-1.2730, 1/(kT)=41.168641, exponent=-3.5872, rmr=0.027677
Sample tb=277.33 K, log(mass)=-1.2730, 1/(kT)=41.831076, exponent=-3.9051, rmr=0.020138
MR results: 0 NA, 0 infinite, 0 negative, 0 zero
Energy calculations: 3182 non-zero gains, 11035 non-zero losses out of 11035 observations
Saved results to output/results/B1/2021/F/eb_results_MB_2021_B1_D1.rds

Processing: Species=MB, Year=2022, Origin=B1, Climate=D1, Sex=F
Looking for climate data at: /mmfs1/gscratch/biology/jmsmith/targeted_microclimate/D1/simplified_D1_2022.rds
Directory /mmfs1/gscratch/biology/jmsmith/targeted_microclimate/D1 exists. Contents:
simplified_D1_1945.rds
simplified_D1_1946.rds
simplified_D1_1947.rds
simplified_D1_1948.rds
simplified_D1_1949.rds
simplified_D1_1950.rds
simplified_D1_1951.rds
simplified_D1_1952.rds
simplified_D1_1953.rds
simplified_D1_1954.rds
simplified_D1_1955.rds
simplified_D1_1956.rds
simplified_D1_1957.rds
simplified_D1_1958.rds
simplified_D1_1959.rds
simplified_D1_1960.rds
simplified_D1_1961.rds
simplified_D1_1962.rds
simplified_D1_1963.rds
simplified_D1_1964.rds
simplified_D1_2005.rds
simplified_D1_2006.rds
simplified_D1_2007.rds
simplified_D1_2008.rds
simplified_D1_2009.rds
simplified_D1_2010.rds
simplified_D1_2011.rds
simplified_D1_2012.rds
simplified_D1_2013.rds
simplified_D1_2014.rds
simplified_D1_2015.rds
simplified_D1_2016.rds
simplified_D1_2017.rds
simplified_D1_2018.rds
simplified_D1_2019.rds
simplified_D1_2020.rds
simplified_D1_2021.rds
simplified_D1_2022.rds
simplified_D1_2023.rds
simplified_D1_2024.rds
Processing batch 1/12 (rows 1-1000)
  Calculated 1000 temperatures. Range: -8.97 to 52.22
Processing batch 2/12 (rows 1001-2000)
  Calculated 1000 temperatures. Range: -2.68 to 51.68
Processing batch 3/12 (rows 2001-3000)
  Calculated 1000 temperatures. Range: -8.59 to 48.92
Processing batch 4/12 (rows 3001-4000)
  Calculated 1000 temperatures. Range: -1.25 to 41.98
Processing batch 5/12 (rows 4001-5000)
  Calculated 1000 temperatures. Range: -8.62 to 36.92
Processing batch 6/12 (rows 5001-6000)
  Calculated 1000 temperatures. Range: -4.62 to 41.78
Processing batch 7/12 (rows 6001-7000)
  Calculated 1000 temperatures. Range: -8.67 to 38.29
Processing batch 8/12 (rows 7001-8000)
  Calculated 1000 temperatures. Range: -6.31 to 14.23
Processing batch 9/12 (rows 8001-9000)
  Calculated 1000 temperatures. Range: -8.35 to 13.77
Processing batch 10/12 (rows 9001-10000)
  Calculated 1000 temperatures. Range: -7.32 to 17.05
Processing batch 11/12 (rows 10001-11000)
  Calculated 1000 temperatures. Range: -1.04 to 16.33
Processing batch 12/12 (rows 11001-11035)
  Calculated 35 temperatures. Range: -1.26 to 14.11
Total observations: 11035, Unique timestamps: 2207
MR parameters: mass=0.28, elev=2591.0, b0=17.10, b1=0.98, b2=-0.48, b3=0.000124
Sample tb=286.38 K, log(mass)=-1.2730, 1/(kT)=40.508868, exponent=-3.2705, rmr=0.037988
Sample tb=319.82 K, log(mass)=-1.2730, 1/(kT)=36.272797, exponent=-1.2372, rmr=0.290206
Sample tb=303.07 K, log(mass)=-1.2730, 1/(kT)=38.278317, exponent=-2.1998, rmr=0.110824
Sample tb=274.23 K, log(mass)=-1.2730, 1/(kT)=42.303879, exponent=-4.1321, rmr=0.016049
Sample tb=274.79 K, log(mass)=-1.2730, 1/(kT)=42.217963, exponent=-4.0908, rmr=0.016725
MR results: 0 NA, 0 infinite, 0 negative, 0 zero
Energy calculations: 3163 non-zero gains, 11035 non-zero losses out of 11035 observations
Saved results to output/results/B1/2022/F/eb_results_MB_2022_B1_D1.rds

Processing: Species=MB, Year=2023, Origin=B1, Climate=D1, Sex=F
Looking for climate data at: /mmfs1/gscratch/biology/jmsmith/targeted_microclimate/D1/simplified_D1_2023.rds
Directory /mmfs1/gscratch/biology/jmsmith/targeted_microclimate/D1 exists. Contents:
simplified_D1_1945.rds
simplified_D1_1946.rds
simplified_D1_1947.rds
simplified_D1_1948.rds
simplified_D1_1949.rds
simplified_D1_1950.rds
simplified_D1_1951.rds
simplified_D1_1952.rds
simplified_D1_1953.rds
simplified_D1_1954.rds
simplified_D1_1955.rds
simplified_D1_1956.rds
simplified_D1_1957.rds
simplified_D1_1958.rds
simplified_D1_1959.rds
simplified_D1_1960.rds
simplified_D1_1961.rds
simplified_D1_1962.rds
simplified_D1_1963.rds
simplified_D1_1964.rds
simplified_D1_2005.rds
simplified_D1_2006.rds
simplified_D1_2007.rds
simplified_D1_2008.rds
simplified_D1_2009.rds
simplified_D1_2010.rds
simplified_D1_2011.rds
simplified_D1_2012.rds
simplified_D1_2013.rds
simplified_D1_2014.rds
simplified_D1_2015.rds
simplified_D1_2016.rds
simplified_D1_2017.rds
simplified_D1_2018.rds
simplified_D1_2019.rds
simplified_D1_2020.rds
simplified_D1_2021.rds
simplified_D1_2022.rds
simplified_D1_2023.rds
simplified_D1_2024.rds
Processing batch 1/12 (rows 1-1000)
  Calculated 1000 temperatures. Range: -7.32 to 45.92
Processing batch 2/12 (rows 1001-2000)
  Calculated 1000 temperatures. Range: -4.28 to 51.17
Processing batch 3/12 (rows 2001-3000)
  Calculated 1000 temperatures. Range: -6.35 to 42.84
Processing batch 4/12 (rows 3001-4000)
  Calculated 1000 temperatures. Range: -3.18 to 39.31
Processing batch 5/12 (rows 4001-5000)
  Calculated 1000 temperatures. Range: -6.36 to 36.45
Processing batch 6/12 (rows 5001-6000)
  Calculated 1000 temperatures. Range: -4.62 to 40.22
Processing batch 7/12 (rows 6001-7000)
  Calculated 1000 temperatures. Range: -5.53 to 36.97
Processing batch 8/12 (rows 7001-8000)
  Calculated 1000 temperatures. Range: -6.44 to 14.25
Processing batch 9/12 (rows 8001-9000)
  Calculated 1000 temperatures. Range: -4.94 to 14.05
Processing batch 10/12 (rows 9001-10000)
  Calculated 1000 temperatures. Range: -6.14 to 16.19
Processing batch 11/12 (rows 10001-11000)
  Calculated 1000 temperatures. Range: -2.47 to 17.18
Processing batch 12/12 (rows 11001-11035)
  Calculated 35 temperatures. Range: 0.95 to 15.90
Total observations: 11035, Unique timestamps: 2207
MR parameters: mass=0.28, elev=2591.0, b0=17.10, b1=0.98, b2=-0.48, b3=0.000124
Sample tb=276.78 K, log(mass)=-1.2730, 1/(kT)=41.913642, exponent=-3.9448, rmr=0.019356
Sample tb=295.02 K, log(mass)=-1.2730, 1/(kT)=39.322970, exponent=-2.7012, rmr=0.067122
Sample tb=316.28 K, log(mass)=-1.2730, 1/(kT)=36.679711, exponent=-1.4325, rmr=0.238715
Sample tb=298.94 K, log(mass)=-1.2730, 1/(kT)=38.806753, exponent=-2.4535, rmr=0.085995
Sample tb=282.17 K, log(mass)=-1.2730, 1/(kT)=41.113540, exponent=-3.5607, rmr=0.028418
MR results: 0 NA, 0 infinite, 0 negative, 0 zero
Energy calculations: 2919 non-zero gains, 11035 non-zero losses out of 11035 observations
Saved results to output/results/B1/2023/F/eb_results_MB_2023_B1_D1.rds

Processing: Species=MB, Year=2024, Origin=B1, Climate=D1, Sex=F
Looking for climate data at: /mmfs1/gscratch/biology/jmsmith/targeted_microclimate/D1/simplified_D1_2024.rds
Directory /mmfs1/gscratch/biology/jmsmith/targeted_microclimate/D1 exists. Contents:
simplified_D1_1945.rds
simplified_D1_1946.rds
simplified_D1_1947.rds
simplified_D1_1948.rds
simplified_D1_1949.rds
simplified_D1_1950.rds
simplified_D1_1951.rds
simplified_D1_1952.rds
simplified_D1_1953.rds
simplified_D1_1954.rds
simplified_D1_1955.rds
simplified_D1_1956.rds
simplified_D1_1957.rds
simplified_D1_1958.rds
simplified_D1_1959.rds
simplified_D1_1960.rds
simplified_D1_1961.rds
simplified_D1_1962.rds
simplified_D1_1963.rds
simplified_D1_1964.rds
simplified_D1_2005.rds
simplified_D1_2006.rds
simplified_D1_2007.rds
simplified_D1_2008.rds
simplified_D1_2009.rds
simplified_D1_2010.rds
simplified_D1_2011.rds
simplified_D1_2012.rds
simplified_D1_2013.rds
simplified_D1_2014.rds
simplified_D1_2015.rds
simplified_D1_2016.rds
simplified_D1_2017.rds
simplified_D1_2018.rds
simplified_D1_2019.rds
simplified_D1_2020.rds
simplified_D1_2021.rds
simplified_D1_2022.rds
simplified_D1_2023.rds
simplified_D1_2024.rds
Processing batch 1/12 (rows 1-1000)
  Calculated 1000 temperatures. Range: -7.76 to 52.03
Processing batch 2/12 (rows 1001-2000)
  Calculated 1000 temperatures. Range: -2.73 to 53.56
Processing batch 3/12 (rows 2001-3000)
  Calculated 1000 temperatures. Range: -6.46 to 43.82
Processing batch 4/12 (rows 3001-4000)
  Calculated 1000 temperatures. Range: -5.45 to 42.07
Processing batch 5/12 (rows 4001-5000)
  Calculated 1000 temperatures. Range: -6.38 to 41.01
Processing batch 6/12 (rows 5001-6000)
  Calculated 1000 temperatures. Range: -4.92 to 42.05
Processing batch 7/12 (rows 6001-7000)
  Calculated 1000 temperatures. Range: -5.71 to 39.06
Processing batch 8/12 (rows 7001-8000)
  Calculated 1000 temperatures. Range: -5.89 to 13.45
Processing batch 9/12 (rows 8001-9000)
  Calculated 1000 temperatures. Range: -5.03 to 14.35
Processing batch 10/12 (rows 9001-10000)
  Calculated 1000 temperatures. Range: -5.46 to 16.01
Processing batch 11/12 (rows 10001-11000)
  Calculated 1000 temperatures. Range: -2.58 to 16.37
Processing batch 12/12 (rows 11001-11035)
  Calculated 35 temperatures. Range: -2.80 to 12.11
Total observations: 11035, Unique timestamps: 2207
MR parameters: mass=0.28, elev=2591.0, b0=17.10, b1=0.98, b2=-0.48, b3=0.000124
Sample tb=280.53 K, log(mass)=-1.2730, 1/(kT)=41.353277, exponent=-3.6758, rmr=0.025329
Sample tb=281.41 K, log(mass)=-1.2730, 1/(kT)=41.224780, exponent=-3.6141, rmr=0.026941
Sample tb=271.93 K, log(mass)=-1.2730, 1/(kT)=42.661481, exponent=-4.3037, rmr=0.013518
Sample tb=270.60 K, log(mass)=-1.2730, 1/(kT)=42.870606, exponent=-4.4041, rmr=0.012227
Sample tb=287.21 K, log(mass)=-1.2730, 1/(kT)=40.392345, exponent=-3.2145, rmr=0.040173
MR results: 0 NA, 0 infinite, 0 negative, 0 zero
Energy calculations: 3048 non-zero gains, 11035 non-zero losses out of 11035 observations
Saved results to output/results/B1/2024/F/eb_results_MB_2024_B1_D1.rds

All years processed.
