Arguments received:
Species: MB
Years: 2005, 2006, 2007, 2008, 2009, 2010, 2011, 2012, 2013, 2014, 2015, 2016, 2017, 2018, 2019, 2020, 2021, 2022, 2023, 2024
Origin site: A1
Climate site: B1
Sex: M
Output directory: output/results/A1
Library paths:
[1] "/gscratch/biology/jmsmith/R"                          
[2] "/mmfs1/home/smithju/R/x86_64-pc-linux-gnu-library/4.4"
[3] "/usr/local/lib/R/site-library"                        
[4] "/usr/local/lib/R/library"                             
Package tidyverse loaded successfully
Package TrenchR loaded successfully
Package rTPC loaded successfully
Package lubridate loaded successfully

Processing: Species=MB, Year=2005, Origin=A1, Climate=B1, Sex=M
Looking for climate data at: /mmfs1/gscratch/biology/jmsmith/targeted_microclimate/B1/simplified_B1_2005.rds
Directory /mmfs1/gscratch/biology/jmsmith/targeted_microclimate/B1 exists. Contents:
simplified_B1_1945.rds
simplified_B1_1946.rds
simplified_B1_1947.rds
simplified_B1_1948.rds
simplified_B1_1949.rds
simplified_B1_1950.rds
simplified_B1_1951.rds
simplified_B1_1952.rds
simplified_B1_1953.rds
simplified_B1_1954.rds
simplified_B1_1955.rds
simplified_B1_1956.rds
simplified_B1_1957.rds
simplified_B1_1958.rds
simplified_B1_1959.rds
simplified_B1_1960.rds
simplified_B1_1961.rds
simplified_B1_1962.rds
simplified_B1_1963.rds
simplified_B1_1964.rds
simplified_B1_2005.rds
simplified_B1_2006.rds
simplified_B1_2007.rds
simplified_B1_2008.rds
simplified_B1_2009.rds
simplified_B1_2010.rds
simplified_B1_2011.rds
simplified_B1_2012.rds
simplified_B1_2013.rds
simplified_B1_2014.rds
simplified_B1_2015.rds
simplified_B1_2016.rds
simplified_B1_2017.rds
simplified_B1_2018.rds
simplified_B1_2019.rds
simplified_B1_2020.rds
simplified_B1_2021.rds
simplified_B1_2022.rds
simplified_B1_2023.rds
simplified_B1_2024.rds
Processing batch 1/12 (rows 1-1000)
  Calculated 1000 temperatures. Range: -2.79 to 59.51
Processing batch 2/12 (rows 1001-2000)
  Calculated 1000 temperatures. Range: 1.78 to 59.73
Processing batch 3/12 (rows 2001-3000)
  Calculated 1000 temperatures. Range: -1.10 to 59.00
Processing batch 4/12 (rows 3001-4000)
  Calculated 1000 temperatures. Range: 2.45 to 48.60
Processing batch 5/12 (rows 4001-5000)
  Calculated 1000 temperatures. Range: -1.00 to 47.95
Processing batch 6/12 (rows 5001-6000)
  Calculated 1000 temperatures. Range: 2.23 to 48.70
Processing batch 7/12 (rows 6001-7000)
  Calculated 1000 temperatures. Range: -0.51 to 47.97
Processing batch 8/12 (rows 7001-8000)
  Calculated 1000 temperatures. Range: 2.23 to 19.74
Processing batch 9/12 (rows 8001-9000)
  Calculated 1000 temperatures. Range: 1.54 to 18.06
Processing batch 10/12 (rows 9001-10000)
  Calculated 1000 temperatures. Range: -0.21 to 24.71
Processing batch 11/12 (rows 10001-11000)
  Calculated 1000 temperatures. Range: 3.31 to 24.88
Processing batch 12/12 (rows 11001-11035)
  Calculated 35 temperatures. Range: 2.71 to 20.67
Total observations: 11035, Unique timestamps: 2207
MR parameters: mass=0.33, elev=2195.0, b0=17.10, b1=0.98, b2=-0.48, b3=0.000124
Sample tb=298.68 K, log(mass)=-1.1087, 1/(kT)=38.840869, exponent=-2.3579, rmr=0.094616
Sample tb=318.16 K, log(mass)=-1.1087, 1/(kT)=36.462927, exponent=-1.2165, rmr=0.296261
Sample tb=281.34 K, log(mass)=-1.1087, 1/(kT)=41.234501, exponent=-3.5069, rmr=0.029991
Sample tb=281.75 K, log(mass)=-1.1087, 1/(kT)=41.174188, exponent=-3.4779, rmr=0.030872
Sample tb=275.32 K, log(mass)=-1.1087, 1/(kT)=42.135844, exponent=-3.9395, rmr=0.019458
MR results: 0 NA, 0 infinite, 0 negative, 0 zero
Energy calculations: 4700 non-zero gains, 11035 non-zero losses out of 11035 observations
Saved results to output/results/A1/2005/M/eb_results_MB_2005_A1_B1.rds

Processing: Species=MB, Year=2006, Origin=A1, Climate=B1, Sex=M
Looking for climate data at: /mmfs1/gscratch/biology/jmsmith/targeted_microclimate/B1/simplified_B1_2006.rds
Directory /mmfs1/gscratch/biology/jmsmith/targeted_microclimate/B1 exists. Contents:
simplified_B1_1945.rds
simplified_B1_1946.rds
simplified_B1_1947.rds
simplified_B1_1948.rds
simplified_B1_1949.rds
simplified_B1_1950.rds
simplified_B1_1951.rds
simplified_B1_1952.rds
simplified_B1_1953.rds
simplified_B1_1954.rds
simplified_B1_1955.rds
simplified_B1_1956.rds
simplified_B1_1957.rds
simplified_B1_1958.rds
simplified_B1_1959.rds
simplified_B1_1960.rds
simplified_B1_1961.rds
simplified_B1_1962.rds
simplified_B1_1963.rds
simplified_B1_1964.rds
simplified_B1_2005.rds
simplified_B1_2006.rds
simplified_B1_2007.rds
simplified_B1_2008.rds
simplified_B1_2009.rds
simplified_B1_2010.rds
simplified_B1_2011.rds
simplified_B1_2012.rds
simplified_B1_2013.rds
simplified_B1_2014.rds
simplified_B1_2015.rds
simplified_B1_2016.rds
simplified_B1_2017.rds
simplified_B1_2018.rds
simplified_B1_2019.rds
simplified_B1_2020.rds
simplified_B1_2021.rds
simplified_B1_2022.rds
simplified_B1_2023.rds
simplified_B1_2024.rds
Processing batch 1/12 (rows 1-1000)
  Calculated 1000 temperatures. Range: -0.57 to 58.74
Processing batch 2/12 (rows 1001-2000)
  Calculated 1000 temperatures. Range: 4.00 to 60.00
Processing batch 3/12 (rows 2001-3000)
  Calculated 1000 temperatures. Range: 0.77 to 55.89
Processing batch 4/12 (rows 3001-4000)
  Calculated 1000 temperatures. Range: 5.31 to 55.00
Processing batch 5/12 (rows 4001-5000)
  Calculated 1000 temperatures. Range: 1.47 to 45.97
Processing batch 6/12 (rows 5001-6000)
  Calculated 1000 temperatures. Range: 2.74 to 54.67
Processing batch 7/12 (rows 6001-7000)
  Calculated 1000 temperatures. Range: 2.37 to 49.01
Processing batch 8/12 (rows 7001-8000)
  Calculated 1000 temperatures. Range: 1.64 to 20.07
Processing batch 9/12 (rows 8001-9000)
  Calculated 1000 temperatures. Range: 2.77 to 21.90
Processing batch 10/12 (rows 9001-10000)
  Calculated 1000 temperatures. Range: 1.98 to 23.49
Processing batch 11/12 (rows 10001-11000)
  Calculated 1000 temperatures. Range: 3.23 to 23.29
Processing batch 12/12 (rows 11001-11035)
  Calculated 35 temperatures. Range: 5.95 to 19.50
Total observations: 11035, Unique timestamps: 2207
MR parameters: mass=0.33, elev=2195.0, b0=17.10, b1=0.98, b2=-0.48, b3=0.000124
Sample tb=276.86 K, log(mass)=-1.1087, 1/(kT)=41.902383, exponent=-3.8275, rmr=0.021765
Sample tb=287.08 K, log(mass)=-1.1087, 1/(kT)=40.410044, exponent=-3.1111, rmr=0.044551
Sample tb=279.32 K, log(mass)=-1.1087, 1/(kT)=41.533263, exponent=-3.6503, rmr=0.025984
Sample tb=304.02 K, log(mass)=-1.1087, 1/(kT)=38.158539, exponent=-2.0304, rmr=0.131282
Sample tb=282.18 K, log(mass)=-1.1087, 1/(kT)=41.112056, exponent=-3.4481, rmr=0.031806
MR results: 0 NA, 0 infinite, 0 negative, 0 zero
Energy calculations: 5044 non-zero gains, 11035 non-zero losses out of 11035 observations
Saved results to output/results/A1/2006/M/eb_results_MB_2006_A1_B1.rds

Processing: Species=MB, Year=2007, Origin=A1, Climate=B1, Sex=M
Looking for climate data at: /mmfs1/gscratch/biology/jmsmith/targeted_microclimate/B1/simplified_B1_2007.rds
Directory /mmfs1/gscratch/biology/jmsmith/targeted_microclimate/B1 exists. Contents:
simplified_B1_1945.rds
simplified_B1_1946.rds
simplified_B1_1947.rds
simplified_B1_1948.rds
simplified_B1_1949.rds
simplified_B1_1950.rds
simplified_B1_1951.rds
simplified_B1_1952.rds
simplified_B1_1953.rds
simplified_B1_1954.rds
simplified_B1_1955.rds
simplified_B1_1956.rds
simplified_B1_1957.rds
simplified_B1_1958.rds
simplified_B1_1959.rds
simplified_B1_1960.rds
simplified_B1_1961.rds
simplified_B1_1962.rds
simplified_B1_1963.rds
simplified_B1_1964.rds
simplified_B1_2005.rds
simplified_B1_2006.rds
simplified_B1_2007.rds
simplified_B1_2008.rds
simplified_B1_2009.rds
simplified_B1_2010.rds
simplified_B1_2011.rds
simplified_B1_2012.rds
simplified_B1_2013.rds
simplified_B1_2014.rds
simplified_B1_2015.rds
simplified_B1_2016.rds
simplified_B1_2017.rds
simplified_B1_2018.rds
simplified_B1_2019.rds
simplified_B1_2020.rds
simplified_B1_2021.rds
simplified_B1_2022.rds
simplified_B1_2023.rds
simplified_B1_2024.rds
Processing batch 1/12 (rows 1-1000)
  Calculated 1000 temperatures. Range: -4.35 to 60.00
Processing batch 2/12 (rows 1001-2000)
  Calculated 1000 temperatures. Range: 3.98 to 59.77
Processing batch 3/12 (rows 2001-3000)
  Calculated 1000 temperatures. Range: -3.52 to 50.44
Processing batch 4/12 (rows 3001-4000)
  Calculated 1000 temperatures. Range: 4.89 to 50.59
Processing batch 5/12 (rows 4001-5000)
  Calculated 1000 temperatures. Range: -2.84 to 49.70
Processing batch 6/12 (rows 5001-6000)
  Calculated 1000 temperatures. Range: 5.27 to 49.99
Processing batch 7/12 (rows 6001-7000)
  Calculated 1000 temperatures. Range: -1.68 to 45.47
Processing batch 8/12 (rows 7001-8000)
  Calculated 1000 temperatures. Range: 1.75 to 19.49
Processing batch 9/12 (rows 8001-9000)
  Calculated 1000 temperatures. Range: 0.55 to 19.21
Processing batch 10/12 (rows 9001-10000)
  Calculated 1000 temperatures. Range: -1.91 to 23.41
Processing batch 11/12 (rows 10001-11000)
  Calculated 1000 temperatures. Range: 5.88 to 23.13
Processing batch 12/12 (rows 11001-11035)
  Calculated 35 temperatures. Range: 6.82 to 20.68
Total observations: 11035, Unique timestamps: 2207
MR parameters: mass=0.33, elev=2195.0, b0=17.10, b1=0.98, b2=-0.48, b3=0.000124
Sample tb=280.93 K, log(mass)=-1.1087, 1/(kT)=41.294791, exponent=-3.5358, rmr=0.029135
Sample tb=286.96 K, log(mass)=-1.1087, 1/(kT)=40.427597, exponent=-3.1196, rmr=0.044177
Sample tb=281.53 K, log(mass)=-1.1087, 1/(kT)=41.206992, exponent=-3.4937, rmr=0.030389
Sample tb=274.08 K, log(mass)=-1.1087, 1/(kT)=42.326428, exponent=-4.0310, rmr=0.017757
Sample tb=301.35 K, log(mass)=-1.1087, 1/(kT)=38.496390, exponent=-2.1926, rmr=0.111629
MR results: 0 NA, 0 infinite, 0 negative, 0 zero
Energy calculations: 5175 non-zero gains, 11035 non-zero losses out of 11035 observations
Saved results to output/results/A1/2007/M/eb_results_MB_2007_A1_B1.rds

Processing: Species=MB, Year=2008, Origin=A1, Climate=B1, Sex=M
Looking for climate data at: /mmfs1/gscratch/biology/jmsmith/targeted_microclimate/B1/simplified_B1_2008.rds
Directory /mmfs1/gscratch/biology/jmsmith/targeted_microclimate/B1 exists. Contents:
simplified_B1_1945.rds
simplified_B1_1946.rds
simplified_B1_1947.rds
simplified_B1_1948.rds
simplified_B1_1949.rds
simplified_B1_1950.rds
simplified_B1_1951.rds
simplified_B1_1952.rds
simplified_B1_1953.rds
simplified_B1_1954.rds
simplified_B1_1955.rds
simplified_B1_1956.rds
simplified_B1_1957.rds
simplified_B1_1958.rds
simplified_B1_1959.rds
simplified_B1_1960.rds
simplified_B1_1961.rds
simplified_B1_1962.rds
simplified_B1_1963.rds
simplified_B1_1964.rds
simplified_B1_2005.rds
simplified_B1_2006.rds
simplified_B1_2007.rds
simplified_B1_2008.rds
simplified_B1_2009.rds
simplified_B1_2010.rds
simplified_B1_2011.rds
simplified_B1_2012.rds
simplified_B1_2013.rds
simplified_B1_2014.rds
simplified_B1_2015.rds
simplified_B1_2016.rds
simplified_B1_2017.rds
simplified_B1_2018.rds
simplified_B1_2019.rds
simplified_B1_2020.rds
simplified_B1_2021.rds
simplified_B1_2022.rds
simplified_B1_2023.rds
simplified_B1_2024.rds
Processing batch 1/12 (rows 1-1000)
  Calculated 1000 temperatures. Range: -5.23 to 60.00
Processing batch 2/12 (rows 1001-2000)
  Calculated 1000 temperatures. Range: 1.29 to 60.00
Processing batch 3/12 (rows 2001-3000)
  Calculated 1000 temperatures. Range: -3.44 to 56.87
Processing batch 4/12 (rows 3001-4000)
  Calculated 1000 temperatures. Range: 2.36 to 49.80
Processing batch 5/12 (rows 4001-5000)
  Calculated 1000 temperatures. Range: -3.32 to 48.74
Processing batch 6/12 (rows 5001-6000)
  Calculated 1000 temperatures. Range: 1.68 to 49.75
Processing batch 7/12 (rows 6001-7000)
  Calculated 1000 temperatures. Range: -2.56 to 46.35
Processing batch 8/12 (rows 7001-8000)
  Calculated 1000 temperatures. Range: 2.19 to 18.74
Processing batch 9/12 (rows 8001-9000)
  Calculated 1000 temperatures. Range: 1.93 to 18.68
Processing batch 10/12 (rows 9001-10000)
  Calculated 1000 temperatures. Range: -1.87 to 21.79
Processing batch 11/12 (rows 10001-11000)
  Calculated 1000 temperatures. Range: 3.65 to 22.93
Processing batch 12/12 (rows 11001-11035)
  Calculated 35 temperatures. Range: 6.55 to 19.84
Total observations: 11035, Unique timestamps: 2207
MR parameters: mass=0.33, elev=2195.0, b0=17.10, b1=0.98, b2=-0.48, b3=0.000124
Sample tb=280.00 K, log(mass)=-1.1087, 1/(kT)=41.432402, exponent=-3.6019, rmr=0.027273
Sample tb=300.63 K, log(mass)=-1.1087, 1/(kT)=38.588475, exponent=-2.2368, rmr=0.106802
Sample tb=278.28 K, log(mass)=-1.1087, 1/(kT)=41.688701, exponent=-3.7249, rmr=0.024116
Sample tb=274.54 K, log(mass)=-1.1087, 1/(kT)=42.255454, exponent=-3.9969, rmr=0.018372
Sample tb=300.34 K, log(mass)=-1.1087, 1/(kT)=38.625401, exponent=-2.2545, rmr=0.104926
MR results: 0 NA, 0 infinite, 0 negative, 0 zero
Energy calculations: 4755 non-zero gains, 11035 non-zero losses out of 11035 observations
Saved results to output/results/A1/2008/M/eb_results_MB_2008_A1_B1.rds

Processing: Species=MB, Year=2009, Origin=A1, Climate=B1, Sex=M
Looking for climate data at: /mmfs1/gscratch/biology/jmsmith/targeted_microclimate/B1/simplified_B1_2009.rds
Directory /mmfs1/gscratch/biology/jmsmith/targeted_microclimate/B1 exists. Contents:
simplified_B1_1945.rds
simplified_B1_1946.rds
simplified_B1_1947.rds
simplified_B1_1948.rds
simplified_B1_1949.rds
simplified_B1_1950.rds
simplified_B1_1951.rds
simplified_B1_1952.rds
simplified_B1_1953.rds
simplified_B1_1954.rds
simplified_B1_1955.rds
simplified_B1_1956.rds
simplified_B1_1957.rds
simplified_B1_1958.rds
simplified_B1_1959.rds
simplified_B1_1960.rds
simplified_B1_1961.rds
simplified_B1_1962.rds
simplified_B1_1963.rds
simplified_B1_1964.rds
simplified_B1_2005.rds
simplified_B1_2006.rds
simplified_B1_2007.rds
simplified_B1_2008.rds
simplified_B1_2009.rds
simplified_B1_2010.rds
simplified_B1_2011.rds
simplified_B1_2012.rds
simplified_B1_2013.rds
simplified_B1_2014.rds
simplified_B1_2015.rds
simplified_B1_2016.rds
simplified_B1_2017.rds
simplified_B1_2018.rds
simplified_B1_2019.rds
simplified_B1_2020.rds
simplified_B1_2021.rds
simplified_B1_2022.rds
simplified_B1_2023.rds
simplified_B1_2024.rds
Processing batch 1/12 (rows 1-1000)
  Calculated 1000 temperatures. Range: -1.58 to 60.00
Processing batch 2/12 (rows 1001-2000)
  Calculated 1000 temperatures. Range: 0.04 to 60.00
Processing batch 3/12 (rows 2001-3000)
  Calculated 1000 temperatures. Range: -0.57 to 54.50
Processing batch 4/12 (rows 3001-4000)
  Calculated 1000 temperatures. Range: 3.08 to 50.04
Processing batch 5/12 (rows 4001-5000)
  Calculated 1000 temperatures. Range: -0.04 to 46.69
Processing batch 6/12 (rows 5001-6000)
  Calculated 1000 temperatures. Range: 3.74 to 50.58
Processing batch 7/12 (rows 6001-7000)
  Calculated 1000 temperatures. Range: 0.27 to 46.59
Processing batch 8/12 (rows 7001-8000)
  Calculated 1000 temperatures. Range: 2.73 to 18.57
Processing batch 9/12 (rows 8001-9000)
  Calculated 1000 temperatures. Range: 0.78 to 18.58
Processing batch 10/12 (rows 9001-10000)
  Calculated 1000 temperatures. Range: 0.70 to 21.03
Processing batch 11/12 (rows 10001-11000)
  Calculated 1000 temperatures. Range: 2.38 to 23.18
Processing batch 12/12 (rows 11001-11035)
  Calculated 35 temperatures. Range: 4.78 to 17.95
Total observations: 11035, Unique timestamps: 2207
MR parameters: mass=0.33, elev=2195.0, b0=17.10, b1=0.98, b2=-0.48, b3=0.000124
Sample tb=288.29 K, log(mass)=-1.1087, 1/(kT)=40.240339, exponent=-3.0297, rmr=0.048331
Sample tb=280.39 K, log(mass)=-1.1087, 1/(kT)=41.374975, exponent=-3.5743, rmr=0.028035
Sample tb=306.19 K, log(mass)=-1.1087, 1/(kT)=37.888422, exponent=-1.9008, rmr=0.149456
Sample tb=271.66 K, log(mass)=-1.1087, 1/(kT)=42.703171, exponent=-4.2118, rmr=0.014819
Sample tb=280.99 K, log(mass)=-1.1087, 1/(kT)=41.286316, exponent=-3.5317, rmr=0.029254
MR results: 0 NA, 0 infinite, 0 negative, 0 zero
Energy calculations: 4369 non-zero gains, 11035 non-zero losses out of 11035 observations
Saved results to output/results/A1/2009/M/eb_results_MB_2009_A1_B1.rds

Processing: Species=MB, Year=2010, Origin=A1, Climate=B1, Sex=M
Looking for climate data at: /mmfs1/gscratch/biology/jmsmith/targeted_microclimate/B1/simplified_B1_2010.rds
Directory /mmfs1/gscratch/biology/jmsmith/targeted_microclimate/B1 exists. Contents:
simplified_B1_1945.rds
simplified_B1_1946.rds
simplified_B1_1947.rds
simplified_B1_1948.rds
simplified_B1_1949.rds
simplified_B1_1950.rds
simplified_B1_1951.rds
simplified_B1_1952.rds
simplified_B1_1953.rds
simplified_B1_1954.rds
simplified_B1_1955.rds
simplified_B1_1956.rds
simplified_B1_1957.rds
simplified_B1_1958.rds
simplified_B1_1959.rds
simplified_B1_1960.rds
simplified_B1_1961.rds
simplified_B1_1962.rds
simplified_B1_1963.rds
simplified_B1_1964.rds
simplified_B1_2005.rds
simplified_B1_2006.rds
simplified_B1_2007.rds
simplified_B1_2008.rds
simplified_B1_2009.rds
simplified_B1_2010.rds
simplified_B1_2011.rds
simplified_B1_2012.rds
simplified_B1_2013.rds
simplified_B1_2014.rds
simplified_B1_2015.rds
simplified_B1_2016.rds
simplified_B1_2017.rds
simplified_B1_2018.rds
simplified_B1_2019.rds
simplified_B1_2020.rds
simplified_B1_2021.rds
simplified_B1_2022.rds
simplified_B1_2023.rds
simplified_B1_2024.rds
Processing batch 1/12 (rows 1-1000)
  Calculated 1000 temperatures. Range: -2.50 to 60.00
Processing batch 2/12 (rows 1001-2000)
  Calculated 1000 temperatures. Range: 1.38 to 60.00
Processing batch 3/12 (rows 2001-3000)
  Calculated 1000 temperatures. Range: -0.52 to 53.27
Processing batch 4/12 (rows 3001-4000)
  Calculated 1000 temperatures. Range: 2.84 to 51.47
Processing batch 5/12 (rows 4001-5000)
  Calculated 1000 temperatures. Range: -0.01 to 47.13
Processing batch 6/12 (rows 5001-6000)
  Calculated 1000 temperatures. Range: 3.32 to 51.42
Processing batch 7/12 (rows 6001-7000)
  Calculated 1000 temperatures. Range: 1.50 to 47.16
Processing batch 8/12 (rows 7001-8000)
  Calculated 1000 temperatures. Range: 1.69 to 19.06
Processing batch 9/12 (rows 8001-9000)
  Calculated 1000 temperatures. Range: 1.99 to 20.74
Processing batch 10/12 (rows 9001-10000)
  Calculated 1000 temperatures. Range: 2.19 to 23.04
Processing batch 11/12 (rows 10001-11000)
  Calculated 1000 temperatures. Range: 4.09 to 22.53
Processing batch 12/12 (rows 11001-11035)
  Calculated 35 temperatures. Range: 4.58 to 16.89
Total observations: 11035, Unique timestamps: 2207
MR parameters: mass=0.33, elev=2195.0, b0=17.10, b1=0.98, b2=-0.48, b3=0.000124
Sample tb=274.72 K, log(mass)=-1.1087, 1/(kT)=42.228189, exponent=-3.9838, rmr=0.018614
Sample tb=279.37 K, log(mass)=-1.1087, 1/(kT)=41.525950, exponent=-3.6468, rmr=0.026075
Sample tb=283.26 K, log(mass)=-1.1087, 1/(kT)=40.954635, exponent=-3.3725, rmr=0.034303
Sample tb=284.76 K, log(mass)=-1.1087, 1/(kT)=40.739594, exponent=-3.2693, rmr=0.038032
Sample tb=277.21 K, log(mass)=-1.1087, 1/(kT)=41.848409, exponent=-3.8015, rmr=0.022336
MR results: 0 NA, 0 infinite, 0 negative, 0 zero
Energy calculations: 4959 non-zero gains, 11035 non-zero losses out of 11035 observations
Saved results to output/results/A1/2010/M/eb_results_MB_2010_A1_B1.rds

Processing: Species=MB, Year=2011, Origin=A1, Climate=B1, Sex=M
Looking for climate data at: /mmfs1/gscratch/biology/jmsmith/targeted_microclimate/B1/simplified_B1_2011.rds
Directory /mmfs1/gscratch/biology/jmsmith/targeted_microclimate/B1 exists. Contents:
simplified_B1_1945.rds
simplified_B1_1946.rds
simplified_B1_1947.rds
simplified_B1_1948.rds
simplified_B1_1949.rds
simplified_B1_1950.rds
simplified_B1_1951.rds
simplified_B1_1952.rds
simplified_B1_1953.rds
simplified_B1_1954.rds
simplified_B1_1955.rds
simplified_B1_1956.rds
simplified_B1_1957.rds
simplified_B1_1958.rds
simplified_B1_1959.rds
simplified_B1_1960.rds
simplified_B1_1961.rds
simplified_B1_1962.rds
simplified_B1_1963.rds
simplified_B1_1964.rds
simplified_B1_2005.rds
simplified_B1_2006.rds
simplified_B1_2007.rds
simplified_B1_2008.rds
simplified_B1_2009.rds
simplified_B1_2010.rds
simplified_B1_2011.rds
simplified_B1_2012.rds
simplified_B1_2013.rds
simplified_B1_2014.rds
simplified_B1_2015.rds
simplified_B1_2016.rds
simplified_B1_2017.rds
simplified_B1_2018.rds
simplified_B1_2019.rds
simplified_B1_2020.rds
simplified_B1_2021.rds
simplified_B1_2022.rds
simplified_B1_2023.rds
simplified_B1_2024.rds
Processing batch 1/12 (rows 1-1000)
  Calculated 1000 temperatures. Range: -1.85 to 56.73
Processing batch 2/12 (rows 1001-2000)
  Calculated 1000 temperatures. Range: 2.10 to 59.16
Processing batch 3/12 (rows 2001-3000)
  Calculated 1000 temperatures. Range: -0.49 to 55.02
Processing batch 4/12 (rows 3001-4000)
  Calculated 1000 temperatures. Range: 4.20 to 48.26
Processing batch 5/12 (rows 4001-5000)
  Calculated 1000 temperatures. Range: -0.05 to 46.86
Processing batch 6/12 (rows 5001-6000)
  Calculated 1000 temperatures. Range: 4.23 to 48.33
Processing batch 7/12 (rows 6001-7000)
  Calculated 1000 temperatures. Range: 0.90 to 46.15
Processing batch 8/12 (rows 7001-8000)
  Calculated 1000 temperatures. Range: 2.09 to 19.45
Processing batch 9/12 (rows 8001-9000)
  Calculated 1000 temperatures. Range: 2.45 to 20.19
Processing batch 10/12 (rows 9001-10000)
  Calculated 1000 temperatures. Range: 1.15 to 22.32
Processing batch 11/12 (rows 10001-11000)
  Calculated 1000 temperatures. Range: 4.94 to 22.60
Processing batch 12/12 (rows 11001-11035)
  Calculated 35 temperatures. Range: 7.56 to 21.21
Total observations: 11035, Unique timestamps: 2207
MR parameters: mass=0.33, elev=2195.0, b0=17.10, b1=0.98, b2=-0.48, b3=0.000124
Sample tb=281.77 K, log(mass)=-1.1087, 1/(kT)=41.172320, exponent=-3.4770, rmr=0.030899
Sample tb=279.30 K, log(mass)=-1.1087, 1/(kT)=41.535092, exponent=-3.6512, rmr=0.025961
Sample tb=281.36 K, log(mass)=-1.1087, 1/(kT)=41.231326, exponent=-3.5053, rmr=0.030036
Sample tb=281.82 K, log(mass)=-1.1087, 1/(kT)=41.164591, exponent=-3.4733, rmr=0.031014
Sample tb=284.13 K, log(mass)=-1.1087, 1/(kT)=40.830024, exponent=-3.3127, rmr=0.036417
MR results: 0 NA, 0 infinite, 0 negative, 0 zero
Energy calculations: 5122 non-zero gains, 11035 non-zero losses out of 11035 observations
Saved results to output/results/A1/2011/M/eb_results_MB_2011_A1_B1.rds

Processing: Species=MB, Year=2012, Origin=A1, Climate=B1, Sex=M
Looking for climate data at: /mmfs1/gscratch/biology/jmsmith/targeted_microclimate/B1/simplified_B1_2012.rds
Directory /mmfs1/gscratch/biology/jmsmith/targeted_microclimate/B1 exists. Contents:
simplified_B1_1945.rds
simplified_B1_1946.rds
simplified_B1_1947.rds
simplified_B1_1948.rds
simplified_B1_1949.rds
simplified_B1_1950.rds
simplified_B1_1951.rds
simplified_B1_1952.rds
simplified_B1_1953.rds
simplified_B1_1954.rds
simplified_B1_1955.rds
simplified_B1_1956.rds
simplified_B1_1957.rds
simplified_B1_1958.rds
simplified_B1_1959.rds
simplified_B1_1960.rds
simplified_B1_1961.rds
simplified_B1_1962.rds
simplified_B1_1963.rds
simplified_B1_1964.rds
simplified_B1_2005.rds
simplified_B1_2006.rds
simplified_B1_2007.rds
simplified_B1_2008.rds
simplified_B1_2009.rds
simplified_B1_2010.rds
simplified_B1_2011.rds
simplified_B1_2012.rds
simplified_B1_2013.rds
simplified_B1_2014.rds
simplified_B1_2015.rds
simplified_B1_2016.rds
simplified_B1_2017.rds
simplified_B1_2018.rds
simplified_B1_2019.rds
simplified_B1_2020.rds
simplified_B1_2021.rds
simplified_B1_2022.rds
simplified_B1_2023.rds
simplified_B1_2024.rds
Processing batch 1/12 (rows 1-1000)
  Calculated 1000 temperatures. Range: -3.92 to 59.47
Processing batch 2/12 (rows 1001-2000)
  Calculated 1000 temperatures. Range: -0.01 to 60.00
Processing batch 3/12 (rows 2001-3000)
  Calculated 1000 temperatures. Range: -2.06 to 57.78
Processing batch 4/12 (rows 3001-4000)
  Calculated 1000 temperatures. Range: 3.83 to 49.48
Processing batch 5/12 (rows 4001-5000)
  Calculated 1000 temperatures. Range: -1.78 to 47.90
Processing batch 6/12 (rows 5001-6000)
  Calculated 1000 temperatures. Range: 4.13 to 49.71
Processing batch 7/12 (rows 6001-7000)
  Calculated 1000 temperatures. Range: -0.70 to 47.34
Processing batch 8/12 (rows 7001-8000)
  Calculated 1000 temperatures. Range: 2.35 to 19.66
Processing batch 9/12 (rows 8001-9000)
  Calculated 1000 temperatures. Range: 2.99 to 20.51
Processing batch 10/12 (rows 9001-10000)
  Calculated 1000 temperatures. Range: -0.22 to 24.62
Processing batch 11/12 (rows 10001-11000)
  Calculated 1000 temperatures. Range: 2.89 to 23.23
Processing batch 12/12 (rows 11001-11035)
  Calculated 35 temperatures. Range: 6.35 to 20.01
Total observations: 11035, Unique timestamps: 2207
MR parameters: mass=0.33, elev=2195.0, b0=17.10, b1=0.98, b2=-0.48, b3=0.000124
Sample tb=295.80 K, log(mass)=-1.1087, 1/(kT)=39.218969, exponent=-2.5394, rmr=0.078913
Sample tb=286.33 K, log(mass)=-1.1087, 1/(kT)=40.516375, exponent=-3.1622, rmr=0.042334
Sample tb=289.11 K, log(mass)=-1.1087, 1/(kT)=40.126227, exponent=-2.9749, rmr=0.051053
Sample tb=293.68 K, log(mass)=-1.1087, 1/(kT)=39.501542, exponent=-2.6750, rmr=0.068903
Sample tb=282.67 K, log(mass)=-1.1087, 1/(kT)=41.041260, exponent=-3.4141, rmr=0.032906
MR results: 0 NA, 0 infinite, 0 negative, 0 zero
Energy calculations: 5290 non-zero gains, 11035 non-zero losses out of 11035 observations
Saved results to output/results/A1/2012/M/eb_results_MB_2012_A1_B1.rds

Processing: Species=MB, Year=2013, Origin=A1, Climate=B1, Sex=M
Looking for climate data at: /mmfs1/gscratch/biology/jmsmith/targeted_microclimate/B1/simplified_B1_2013.rds
Directory /mmfs1/gscratch/biology/jmsmith/targeted_microclimate/B1 exists. Contents:
simplified_B1_1945.rds
simplified_B1_1946.rds
simplified_B1_1947.rds
simplified_B1_1948.rds
simplified_B1_1949.rds
simplified_B1_1950.rds
simplified_B1_1951.rds
simplified_B1_1952.rds
simplified_B1_1953.rds
simplified_B1_1954.rds
simplified_B1_1955.rds
simplified_B1_1956.rds
simplified_B1_1957.rds
simplified_B1_1958.rds
simplified_B1_1959.rds
simplified_B1_1960.rds
simplified_B1_1961.rds
simplified_B1_1962.rds
simplified_B1_1963.rds
simplified_B1_1964.rds
simplified_B1_2005.rds
simplified_B1_2006.rds
simplified_B1_2007.rds
simplified_B1_2008.rds
simplified_B1_2009.rds
simplified_B1_2010.rds
simplified_B1_2011.rds
simplified_B1_2012.rds
simplified_B1_2013.rds
simplified_B1_2014.rds
simplified_B1_2015.rds
simplified_B1_2016.rds
simplified_B1_2017.rds
simplified_B1_2018.rds
simplified_B1_2019.rds
simplified_B1_2020.rds
simplified_B1_2021.rds
simplified_B1_2022.rds
simplified_B1_2023.rds
simplified_B1_2024.rds
Processing batch 1/12 (rows 1-1000)
  Calculated 1000 temperatures. Range: -2.93 to 60.00
Processing batch 2/12 (rows 1001-2000)
  Calculated 1000 temperatures. Range: 2.15 to 58.38
Processing batch 3/12 (rows 2001-3000)
  Calculated 1000 temperatures. Range: -1.72 to 54.37
Processing batch 4/12 (rows 3001-4000)
  Calculated 1000 temperatures. Range: 3.48 to 47.88
Processing batch 5/12 (rows 4001-5000)
  Calculated 1000 temperatures. Range: -1.08 to 46.33
Processing batch 6/12 (rows 5001-6000)
  Calculated 1000 temperatures. Range: 4.24 to 53.32
Processing batch 7/12 (rows 6001-7000)
  Calculated 1000 temperatures. Range: 0.45 to 45.64
Processing batch 8/12 (rows 7001-8000)
  Calculated 1000 temperatures. Range: 2.13 to 19.10
Processing batch 9/12 (rows 8001-9000)
  Calculated 1000 temperatures. Range: 0.28 to 18.88
Processing batch 10/12 (rows 9001-10000)
  Calculated 1000 temperatures. Range: 3.01 to 23.33
Processing batch 11/12 (rows 10001-11000)
  Calculated 1000 temperatures. Range: 4.46 to 22.52
Processing batch 12/12 (rows 11001-11035)
  Calculated 35 temperatures. Range: 9.16 to 20.36
Total observations: 11035, Unique timestamps: 2207
MR parameters: mass=0.33, elev=2195.0, b0=17.10, b1=0.98, b2=-0.48, b3=0.000124
Sample tb=299.70 K, log(mass)=-1.1087, 1/(kT)=38.709085, exponent=-2.2947, rmr=0.100795
Sample tb=282.63 K, log(mass)=-1.1087, 1/(kT)=41.045718, exponent=-3.4163, rmr=0.032835
Sample tb=281.82 K, log(mass)=-1.1087, 1/(kT)=41.164242, exponent=-3.4731, rmr=0.031019
Sample tb=286.20 K, log(mass)=-1.1087, 1/(kT)=40.534441, exponent=-3.1708, rmr=0.041968
Sample tb=284.82 K, log(mass)=-1.1087, 1/(kT)=40.730647, exponent=-3.2650, rmr=0.038196
MR results: 0 NA, 0 infinite, 0 negative, 0 zero
Energy calculations: 5128 non-zero gains, 11035 non-zero losses out of 11035 observations
Saved results to output/results/A1/2013/M/eb_results_MB_2013_A1_B1.rds

Processing: Species=MB, Year=2014, Origin=A1, Climate=B1, Sex=M
Looking for climate data at: /mmfs1/gscratch/biology/jmsmith/targeted_microclimate/B1/simplified_B1_2014.rds
Directory /mmfs1/gscratch/biology/jmsmith/targeted_microclimate/B1 exists. Contents:
simplified_B1_1945.rds
simplified_B1_1946.rds
simplified_B1_1947.rds
simplified_B1_1948.rds
simplified_B1_1949.rds
simplified_B1_1950.rds
simplified_B1_1951.rds
simplified_B1_1952.rds
simplified_B1_1953.rds
simplified_B1_1954.rds
simplified_B1_1955.rds
simplified_B1_1956.rds
simplified_B1_1957.rds
simplified_B1_1958.rds
simplified_B1_1959.rds
simplified_B1_1960.rds
simplified_B1_1961.rds
simplified_B1_1962.rds
simplified_B1_1963.rds
simplified_B1_1964.rds
simplified_B1_2005.rds
simplified_B1_2006.rds
simplified_B1_2007.rds
simplified_B1_2008.rds
simplified_B1_2009.rds
simplified_B1_2010.rds
simplified_B1_2011.rds
simplified_B1_2012.rds
simplified_B1_2013.rds
simplified_B1_2014.rds
simplified_B1_2015.rds
simplified_B1_2016.rds
simplified_B1_2017.rds
simplified_B1_2018.rds
simplified_B1_2019.rds
simplified_B1_2020.rds
simplified_B1_2021.rds
simplified_B1_2022.rds
simplified_B1_2023.rds
simplified_B1_2024.rds
Processing batch 1/12 (rows 1-1000)
  Calculated 1000 temperatures. Range: -2.69 to 59.05
Processing batch 2/12 (rows 1001-2000)
  Calculated 1000 temperatures. Range: 2.52 to 58.26
Processing batch 3/12 (rows 2001-3000)
  Calculated 1000 temperatures. Range: -1.15 to 47.35
Processing batch 4/12 (rows 3001-4000)
  Calculated 1000 temperatures. Range: 3.93 to 48.76
Processing batch 5/12 (rows 4001-5000)
  Calculated 1000 temperatures. Range: -0.85 to 43.36
Processing batch 6/12 (rows 5001-6000)
  Calculated 1000 temperatures. Range: 3.90 to 48.28
Processing batch 7/12 (rows 6001-7000)
  Calculated 1000 temperatures. Range: -0.19 to 43.69
Processing batch 8/12 (rows 7001-8000)
  Calculated 1000 temperatures. Range: 1.51 to 18.40
Processing batch 9/12 (rows 8001-9000)
  Calculated 1000 temperatures. Range: 2.87 to 18.78
Processing batch 10/12 (rows 9001-10000)
  Calculated 1000 temperatures. Range: 0.08 to 21.93
Processing batch 11/12 (rows 10001-11000)
  Calculated 1000 temperatures. Range: 4.03 to 21.89
Processing batch 12/12 (rows 11001-11035)
  Calculated 35 temperatures. Range: 4.16 to 17.93
Total observations: 11035, Unique timestamps: 2207
MR parameters: mass=0.33, elev=2195.0, b0=17.10, b1=0.98, b2=-0.48, b3=0.000124
Sample tb=308.91 K, log(mass)=-1.1087, 1/(kT)=37.554740, exponent=-1.7406, rmr=0.175418
Sample tb=277.90 K, log(mass)=-1.1087, 1/(kT)=41.745256, exponent=-3.7520, rmr=0.023470
Sample tb=279.87 K, log(mass)=-1.1087, 1/(kT)=41.451057, exponent=-3.6108, rmr=0.027030
Sample tb=316.06 K, log(mass)=-1.1087, 1/(kT)=36.704984, exponent=-1.3327, rmr=0.263764
Sample tb=288.52 K, log(mass)=-1.1087, 1/(kT)=40.208002, exponent=-3.0142, rmr=0.049088
MR results: 0 NA, 0 infinite, 0 negative, 0 zero
Energy calculations: 4601 non-zero gains, 11035 non-zero losses out of 11035 observations
Saved results to output/results/A1/2014/M/eb_results_MB_2014_A1_B1.rds

Processing: Species=MB, Year=2015, Origin=A1, Climate=B1, Sex=M
Looking for climate data at: /mmfs1/gscratch/biology/jmsmith/targeted_microclimate/B1/simplified_B1_2015.rds
Directory /mmfs1/gscratch/biology/jmsmith/targeted_microclimate/B1 exists. Contents:
simplified_B1_1945.rds
simplified_B1_1946.rds
simplified_B1_1947.rds
simplified_B1_1948.rds
simplified_B1_1949.rds
simplified_B1_1950.rds
simplified_B1_1951.rds
simplified_B1_1952.rds
simplified_B1_1953.rds
simplified_B1_1954.rds
simplified_B1_1955.rds
simplified_B1_1956.rds
simplified_B1_1957.rds
simplified_B1_1958.rds
simplified_B1_1959.rds
simplified_B1_1960.rds
simplified_B1_1961.rds
simplified_B1_1962.rds
simplified_B1_1963.rds
simplified_B1_1964.rds
simplified_B1_2005.rds
simplified_B1_2006.rds
simplified_B1_2007.rds
simplified_B1_2008.rds
simplified_B1_2009.rds
simplified_B1_2010.rds
simplified_B1_2011.rds
simplified_B1_2012.rds
simplified_B1_2013.rds
simplified_B1_2014.rds
simplified_B1_2015.rds
simplified_B1_2016.rds
simplified_B1_2017.rds
simplified_B1_2018.rds
simplified_B1_2019.rds
simplified_B1_2020.rds
simplified_B1_2021.rds
simplified_B1_2022.rds
simplified_B1_2023.rds
simplified_B1_2024.rds
Processing batch 1/12 (rows 1-1000)
  Calculated 1000 temperatures. Range: 1.30 to 60.00
Processing batch 2/12 (rows 1001-2000)
  Calculated 1000 temperatures. Range: 0.95 to 58.61
Processing batch 3/12 (rows 2001-3000)
  Calculated 1000 temperatures. Range: 0.16 to 55.25
Processing batch 4/12 (rows 3001-4000)
  Calculated 1000 temperatures. Range: 4.26 to 48.02
Processing batch 5/12 (rows 4001-5000)
  Calculated 1000 temperatures. Range: 1.31 to 49.00
Processing batch 6/12 (rows 5001-6000)
  Calculated 1000 temperatures. Range: 4.72 to 48.75
Processing batch 7/12 (rows 6001-7000)
  Calculated 1000 temperatures. Range: 1.78 to 47.37
Processing batch 8/12 (rows 7001-8000)
  Calculated 1000 temperatures. Range: 4.66 to 19.88
Processing batch 9/12 (rows 8001-9000)
  Calculated 1000 temperatures. Range: 2.51 to 19.66
Processing batch 10/12 (rows 9001-10000)
  Calculated 1000 temperatures. Range: 3.64 to 22.51
Processing batch 11/12 (rows 10001-11000)
  Calculated 1000 temperatures. Range: 2.79 to 23.15
Processing batch 12/12 (rows 11001-11035)
  Calculated 35 temperatures. Range: 7.74 to 21.39
Total observations: 11035, Unique timestamps: 2207
MR parameters: mass=0.33, elev=2195.0, b0=17.10, b1=0.98, b2=-0.48, b3=0.000124
Sample tb=281.65 K, log(mass)=-1.1087, 1/(kT)=41.188616, exponent=-3.4848, rmr=0.030659
Sample tb=298.32 K, log(mass)=-1.1087, 1/(kT)=38.887742, exponent=-2.3804, rmr=0.092511
Sample tb=281.93 K, log(mass)=-1.1087, 1/(kT)=41.148507, exponent=-3.4656, rmr=0.031254
Sample tb=292.32 K, log(mass)=-1.1087, 1/(kT)=39.686327, exponent=-2.7637, rmr=0.063055
Sample tb=308.02 K, log(mass)=-1.1087, 1/(kT)=37.662674, exponent=-1.7924, rmr=0.166561
MR results: 0 NA, 0 infinite, 0 negative, 0 zero
Energy calculations: 5008 non-zero gains, 11035 non-zero losses out of 11035 observations
Saved results to output/results/A1/2015/M/eb_results_MB_2015_A1_B1.rds

Processing: Species=MB, Year=2016, Origin=A1, Climate=B1, Sex=M
Looking for climate data at: /mmfs1/gscratch/biology/jmsmith/targeted_microclimate/B1/simplified_B1_2016.rds
Directory /mmfs1/gscratch/biology/jmsmith/targeted_microclimate/B1 exists. Contents:
simplified_B1_1945.rds
simplified_B1_1946.rds
simplified_B1_1947.rds
simplified_B1_1948.rds
simplified_B1_1949.rds
simplified_B1_1950.rds
simplified_B1_1951.rds
simplified_B1_1952.rds
simplified_B1_1953.rds
simplified_B1_1954.rds
simplified_B1_1955.rds
simplified_B1_1956.rds
simplified_B1_1957.rds
simplified_B1_1958.rds
simplified_B1_1959.rds
simplified_B1_1960.rds
simplified_B1_1961.rds
simplified_B1_1962.rds
simplified_B1_1963.rds
simplified_B1_1964.rds
simplified_B1_2005.rds
simplified_B1_2006.rds
simplified_B1_2007.rds
simplified_B1_2008.rds
simplified_B1_2009.rds
simplified_B1_2010.rds
simplified_B1_2011.rds
simplified_B1_2012.rds
simplified_B1_2013.rds
simplified_B1_2014.rds
simplified_B1_2015.rds
simplified_B1_2016.rds
simplified_B1_2017.rds
simplified_B1_2018.rds
simplified_B1_2019.rds
simplified_B1_2020.rds
simplified_B1_2021.rds
simplified_B1_2022.rds
simplified_B1_2023.rds
simplified_B1_2024.rds
Processing batch 1/12 (rows 1-1000)
  Calculated 1000 temperatures. Range: 1.21 to 60.00
Processing batch 2/12 (rows 1001-2000)
  Calculated 1000 temperatures. Range: 2.24 to 59.70
Processing batch 3/12 (rows 2001-3000)
  Calculated 1000 temperatures. Range: -0.37 to 50.26
Processing batch 4/12 (rows 3001-4000)
  Calculated 1000 temperatures. Range: 3.78 to 49.27
Processing batch 5/12 (rows 4001-5000)
  Calculated 1000 temperatures. Range: 0.57 to 50.00
Processing batch 6/12 (rows 5001-6000)
  Calculated 1000 temperatures. Range: 4.15 to 49.68
Processing batch 7/12 (rows 6001-7000)
  Calculated 1000 temperatures. Range: 1.16 to 47.95
Processing batch 8/12 (rows 7001-8000)
  Calculated 1000 temperatures. Range: 3.80 to 20.18
Processing batch 9/12 (rows 8001-9000)
  Calculated 1000 temperatures. Range: 2.32 to 19.08
Processing batch 10/12 (rows 9001-10000)
  Calculated 1000 temperatures. Range: 3.69 to 24.00
Processing batch 11/12 (rows 10001-11000)
  Calculated 1000 temperatures. Range: 2.26 to 22.96
Processing batch 12/12 (rows 11001-11035)
  Calculated 35 temperatures. Range: 4.55 to 16.87
Total observations: 11035, Unique timestamps: 2207
MR parameters: mass=0.33, elev=2195.0, b0=17.10, b1=0.98, b2=-0.48, b3=0.000124
Sample tb=303.65 K, log(mass)=-1.1087, 1/(kT)=38.204918, exponent=-2.0527, rmr=0.128392
Sample tb=287.19 K, log(mass)=-1.1087, 1/(kT)=40.395097, exponent=-3.1040, rmr=0.044871
Sample tb=277.27 K, log(mass)=-1.1087, 1/(kT)=41.840523, exponent=-3.7978, rmr=0.022421
Sample tb=278.98 K, log(mass)=-1.1087, 1/(kT)=41.583818, exponent=-3.6745, rmr=0.025361
Sample tb=304.76 K, log(mass)=-1.1087, 1/(kT)=38.066140, exponent=-1.9861, rmr=0.137236
MR results: 0 NA, 0 infinite, 0 negative, 0 zero
Energy calculations: 5101 non-zero gains, 11035 non-zero losses out of 11035 observations
Saved results to output/results/A1/2016/M/eb_results_MB_2016_A1_B1.rds

Processing: Species=MB, Year=2017, Origin=A1, Climate=B1, Sex=M
Looking for climate data at: /mmfs1/gscratch/biology/jmsmith/targeted_microclimate/B1/simplified_B1_2017.rds
Directory /mmfs1/gscratch/biology/jmsmith/targeted_microclimate/B1 exists. Contents:
simplified_B1_1945.rds
simplified_B1_1946.rds
simplified_B1_1947.rds
simplified_B1_1948.rds
simplified_B1_1949.rds
simplified_B1_1950.rds
simplified_B1_1951.rds
simplified_B1_1952.rds
simplified_B1_1953.rds
simplified_B1_1954.rds
simplified_B1_1955.rds
simplified_B1_1956.rds
simplified_B1_1957.rds
simplified_B1_1958.rds
simplified_B1_1959.rds
simplified_B1_1960.rds
simplified_B1_1961.rds
simplified_B1_1962.rds
simplified_B1_1963.rds
simplified_B1_1964.rds
simplified_B1_2005.rds
simplified_B1_2006.rds
simplified_B1_2007.rds
simplified_B1_2008.rds
simplified_B1_2009.rds
simplified_B1_2010.rds
simplified_B1_2011.rds
simplified_B1_2012.rds
simplified_B1_2013.rds
simplified_B1_2014.rds
simplified_B1_2015.rds
simplified_B1_2016.rds
simplified_B1_2017.rds
simplified_B1_2018.rds
simplified_B1_2019.rds
simplified_B1_2020.rds
simplified_B1_2021.rds
simplified_B1_2022.rds
simplified_B1_2023.rds
simplified_B1_2024.rds
Processing batch 1/12 (rows 1-1000)
  Calculated 1000 temperatures. Range: -1.13 to 60.00
Processing batch 2/12 (rows 1001-2000)
  Calculated 1000 temperatures. Range: 3.68 to 60.00
Processing batch 3/12 (rows 2001-3000)
  Calculated 1000 temperatures. Range: 1.01 to 56.09
Processing batch 4/12 (rows 3001-4000)
  Calculated 1000 temperatures. Range: 4.75 to 50.42
Processing batch 5/12 (rows 4001-5000)
  Calculated 1000 temperatures. Range: 0.99 to 48.62
Processing batch 6/12 (rows 5001-6000)
  Calculated 1000 temperatures. Range: 2.36 to 49.66
Processing batch 7/12 (rows 6001-7000)
  Calculated 1000 temperatures. Range: 1.52 to 47.97
Processing batch 8/12 (rows 7001-8000)
  Calculated 1000 temperatures. Range: 2.68 to 20.43
Processing batch 9/12 (rows 8001-9000)
  Calculated 1000 temperatures. Range: 3.49 to 18.69
Processing batch 10/12 (rows 9001-10000)
  Calculated 1000 temperatures. Range: 2.57 to 23.35
Processing batch 11/12 (rows 10001-11000)
  Calculated 1000 temperatures. Range: 5.28 to 22.68
Processing batch 12/12 (rows 11001-11035)
  Calculated 35 temperatures. Range: 5.85 to 19.08
Total observations: 11035, Unique timestamps: 2207
MR parameters: mass=0.33, elev=2195.0, b0=17.10, b1=0.98, b2=-0.48, b3=0.000124
Sample tb=286.71 K, log(mass)=-1.1087, 1/(kT)=40.461667, exponent=-3.1359, rmr=0.043460
Sample tb=311.68 K, log(mass)=-1.1087, 1/(kT)=37.220934, exponent=-1.5804, rmr=0.205901
Sample tb=277.85 K, log(mass)=-1.1087, 1/(kT)=41.752237, exponent=-3.7554, rmr=0.023391
Sample tb=288.75 K, log(mass)=-1.1087, 1/(kT)=40.176882, exponent=-2.9992, rmr=0.049826
Sample tb=283.78 K, log(mass)=-1.1087, 1/(kT)=40.880618, exponent=-3.3370, rmr=0.035543
MR results: 0 NA, 0 infinite, 0 negative, 0 zero
Energy calculations: 5073 non-zero gains, 11035 non-zero losses out of 11035 observations
Saved results to output/results/A1/2017/M/eb_results_MB_2017_A1_B1.rds

Processing: Species=MB, Year=2018, Origin=A1, Climate=B1, Sex=M
Looking for climate data at: /mmfs1/gscratch/biology/jmsmith/targeted_microclimate/B1/simplified_B1_2018.rds
Directory /mmfs1/gscratch/biology/jmsmith/targeted_microclimate/B1 exists. Contents:
simplified_B1_1945.rds
simplified_B1_1946.rds
simplified_B1_1947.rds
simplified_B1_1948.rds
simplified_B1_1949.rds
simplified_B1_1950.rds
simplified_B1_1951.rds
simplified_B1_1952.rds
simplified_B1_1953.rds
simplified_B1_1954.rds
simplified_B1_1955.rds
simplified_B1_1956.rds
simplified_B1_1957.rds
simplified_B1_1958.rds
simplified_B1_1959.rds
simplified_B1_1960.rds
simplified_B1_1961.rds
simplified_B1_1962.rds
simplified_B1_1963.rds
simplified_B1_1964.rds
simplified_B1_2005.rds
simplified_B1_2006.rds
simplified_B1_2007.rds
simplified_B1_2008.rds
simplified_B1_2009.rds
simplified_B1_2010.rds
simplified_B1_2011.rds
simplified_B1_2012.rds
simplified_B1_2013.rds
simplified_B1_2014.rds
simplified_B1_2015.rds
simplified_B1_2016.rds
simplified_B1_2017.rds
simplified_B1_2018.rds
simplified_B1_2019.rds
simplified_B1_2020.rds
simplified_B1_2021.rds
simplified_B1_2022.rds
simplified_B1_2023.rds
simplified_B1_2024.rds
Processing batch 1/12 (rows 1-1000)
  Calculated 1000 temperatures. Range: -1.35 to 60.00
Processing batch 2/12 (rows 1001-2000)
  Calculated 1000 temperatures. Range: 1.68 to 59.43
Processing batch 3/12 (rows 2001-3000)
  Calculated 1000 temperatures. Range: 0.24 to 51.67
Processing batch 4/12 (rows 3001-4000)
  Calculated 1000 temperatures. Range: 3.67 to 48.29
Processing batch 5/12 (rows 4001-5000)
  Calculated 1000 temperatures. Range: 0.33 to 50.04
Processing batch 6/12 (rows 5001-6000)
  Calculated 1000 temperatures. Range: 2.81 to 48.47
Processing batch 7/12 (rows 6001-7000)
  Calculated 1000 temperatures. Range: 1.07 to 42.11
Processing batch 8/12 (rows 7001-8000)
  Calculated 1000 temperatures. Range: 2.99 to 20.00
Processing batch 9/12 (rows 8001-9000)
  Calculated 1000 temperatures. Range: 1.62 to 21.13
Processing batch 10/12 (rows 9001-10000)
  Calculated 1000 temperatures. Range: 3.14 to 24.05
Processing batch 11/12 (rows 10001-11000)
  Calculated 1000 temperatures. Range: 2.98 to 22.95
Processing batch 12/12 (rows 11001-11035)
  Calculated 35 temperatures. Range: 6.54 to 19.76
Total observations: 11035, Unique timestamps: 2207
MR parameters: mass=0.33, elev=2195.0, b0=17.10, b1=0.98, b2=-0.48, b3=0.000124
Sample tb=281.97 K, log(mass)=-1.1087, 1/(kT)=41.142115, exponent=-3.4625, rmr=0.031351
Sample tb=305.36 K, log(mass)=-1.1087, 1/(kT)=37.990517, exponent=-1.9498, rmr=0.142309
Sample tb=290.45 K, log(mass)=-1.1087, 1/(kT)=39.941393, exponent=-2.8862, rmr=0.055789
Sample tb=284.14 K, log(mass)=-1.1087, 1/(kT)=40.828169, exponent=-3.3118, rmr=0.036449
Sample tb=305.04 K, log(mass)=-1.1087, 1/(kT)=38.030556, exponent=-1.9690, rmr=0.139600
MR results: 0 NA, 0 infinite, 0 negative, 0 zero
Energy calculations: 5250 non-zero gains, 11035 non-zero losses out of 11035 observations
Saved results to output/results/A1/2018/M/eb_results_MB_2018_A1_B1.rds

Processing: Species=MB, Year=2019, Origin=A1, Climate=B1, Sex=M
Looking for climate data at: /mmfs1/gscratch/biology/jmsmith/targeted_microclimate/B1/simplified_B1_2019.rds
Directory /mmfs1/gscratch/biology/jmsmith/targeted_microclimate/B1 exists. Contents:
simplified_B1_1945.rds
simplified_B1_1946.rds
simplified_B1_1947.rds
simplified_B1_1948.rds
simplified_B1_1949.rds
simplified_B1_1950.rds
simplified_B1_1951.rds
simplified_B1_1952.rds
simplified_B1_1953.rds
simplified_B1_1954.rds
simplified_B1_1955.rds
simplified_B1_1956.rds
simplified_B1_1957.rds
simplified_B1_1958.rds
simplified_B1_1959.rds
simplified_B1_1960.rds
simplified_B1_1961.rds
simplified_B1_1962.rds
simplified_B1_1963.rds
simplified_B1_1964.rds
simplified_B1_2005.rds
simplified_B1_2006.rds
simplified_B1_2007.rds
simplified_B1_2008.rds
simplified_B1_2009.rds
simplified_B1_2010.rds
simplified_B1_2011.rds
simplified_B1_2012.rds
simplified_B1_2013.rds
simplified_B1_2014.rds
simplified_B1_2015.rds
simplified_B1_2016.rds
simplified_B1_2017.rds
simplified_B1_2018.rds
simplified_B1_2019.rds
simplified_B1_2020.rds
simplified_B1_2021.rds
simplified_B1_2022.rds
simplified_B1_2023.rds
simplified_B1_2024.rds
Processing batch 1/12 (rows 1-1000)
  Calculated 1000 temperatures. Range: -1.08 to 60.00
Processing batch 2/12 (rows 1001-2000)
  Calculated 1000 temperatures. Range: 2.89 to 60.00
Processing batch 3/12 (rows 2001-3000)
  Calculated 1000 temperatures. Range: -1.01 to 51.52
Processing batch 4/12 (rows 3001-4000)
  Calculated 1000 temperatures. Range: 4.42 to 53.01
Processing batch 5/12 (rows 4001-5000)
  Calculated 1000 temperatures. Range: -0.01 to 44.80
Processing batch 6/12 (rows 5001-6000)
  Calculated 1000 temperatures. Range: 3.33 to 52.72
Processing batch 7/12 (rows 6001-7000)
  Calculated 1000 temperatures. Range: 0.63 to 47.53
Processing batch 8/12 (rows 7001-8000)
  Calculated 1000 temperatures. Range: 0.82 to 20.21
Processing batch 9/12 (rows 8001-9000)
  Calculated 1000 temperatures. Range: 2.83 to 19.56
Processing batch 10/12 (rows 9001-10000)
  Calculated 1000 temperatures. Range: 0.02 to 24.25
Processing batch 11/12 (rows 10001-11000)
  Calculated 1000 temperatures. Range: 4.87 to 24.67
Processing batch 12/12 (rows 11001-11035)
  Calculated 35 temperatures. Range: 6.93 to 20.17
Total observations: 11035, Unique timestamps: 2207
MR parameters: mass=0.33, elev=2195.0, b0=17.10, b1=0.98, b2=-0.48, b3=0.000124
Sample tb=281.56 K, log(mass)=-1.1087, 1/(kT)=41.202047, exponent=-3.4913, rmr=0.030461
Sample tb=277.90 K, log(mass)=-1.1087, 1/(kT)=41.744698, exponent=-3.7518, rmr=0.023476
Sample tb=284.25 K, log(mass)=-1.1087, 1/(kT)=40.812452, exponent=-3.3043, rmr=0.036725
Sample tb=291.39 K, log(mass)=-1.1087, 1/(kT)=39.812074, exponent=-2.8241, rmr=0.059362
Sample tb=287.46 K, log(mass)=-1.1087, 1/(kT)=40.356686, exponent=-3.0855, rmr=0.045706
MR results: 0 NA, 0 infinite, 0 negative, 0 zero
Energy calculations: 5091 non-zero gains, 11035 non-zero losses out of 11035 observations
Saved results to output/results/A1/2019/M/eb_results_MB_2019_A1_B1.rds

Processing: Species=MB, Year=2020, Origin=A1, Climate=B1, Sex=M
Looking for climate data at: /mmfs1/gscratch/biology/jmsmith/targeted_microclimate/B1/simplified_B1_2020.rds
Directory /mmfs1/gscratch/biology/jmsmith/targeted_microclimate/B1 exists. Contents:
simplified_B1_1945.rds
simplified_B1_1946.rds
simplified_B1_1947.rds
simplified_B1_1948.rds
simplified_B1_1949.rds
simplified_B1_1950.rds
simplified_B1_1951.rds
simplified_B1_1952.rds
simplified_B1_1953.rds
simplified_B1_1954.rds
simplified_B1_1955.rds
simplified_B1_1956.rds
simplified_B1_1957.rds
simplified_B1_1958.rds
simplified_B1_1959.rds
simplified_B1_1960.rds
simplified_B1_1961.rds
simplified_B1_1962.rds
simplified_B1_1963.rds
simplified_B1_1964.rds
simplified_B1_2005.rds
simplified_B1_2006.rds
simplified_B1_2007.rds
simplified_B1_2008.rds
simplified_B1_2009.rds
simplified_B1_2010.rds
simplified_B1_2011.rds
simplified_B1_2012.rds
simplified_B1_2013.rds
simplified_B1_2014.rds
simplified_B1_2015.rds
simplified_B1_2016.rds
simplified_B1_2017.rds
simplified_B1_2018.rds
simplified_B1_2019.rds
simplified_B1_2020.rds
simplified_B1_2021.rds
simplified_B1_2022.rds
simplified_B1_2023.rds
simplified_B1_2024.rds
Processing batch 1/12 (rows 1-1000)
  Calculated 1000 temperatures. Range: -1.53 to 59.84
Processing batch 2/12 (rows 1001-2000)
  Calculated 1000 temperatures. Range: 3.32 to 58.93
Processing batch 3/12 (rows 2001-3000)
  Calculated 1000 temperatures. Range: -0.09 to 55.48
Processing batch 4/12 (rows 3001-4000)
  Calculated 1000 temperatures. Range: 4.23 to 48.32
Processing batch 5/12 (rows 4001-5000)
  Calculated 1000 temperatures. Range: 0.11 to 47.85
Processing batch 6/12 (rows 5001-6000)
  Calculated 1000 temperatures. Range: 1.72 to 48.10
Processing batch 7/12 (rows 6001-7000)
  Calculated 1000 temperatures. Range: 0.38 to 48.25
Processing batch 8/12 (rows 7001-8000)
  Calculated 1000 temperatures. Range: 0.95 to 18.96
Processing batch 9/12 (rows 8001-9000)
  Calculated 1000 temperatures. Range: 1.67 to 21.53
Processing batch 10/12 (rows 9001-10000)
  Calculated 1000 temperatures. Range: 1.11 to 23.02
Processing batch 11/12 (rows 10001-11000)
  Calculated 1000 temperatures. Range: 5.88 to 22.96
Processing batch 12/12 (rows 11001-11035)
  Calculated 35 temperatures. Range: 2.19 to 18.97
Total observations: 11035, Unique timestamps: 2207
MR parameters: mass=0.33, elev=2195.0, b0=17.10, b1=0.98, b2=-0.48, b3=0.000124
Sample tb=292.28 K, log(mass)=-1.1087, 1/(kT)=39.691604, exponent=-2.7663, rmr=0.062896
Sample tb=290.16 K, log(mass)=-1.1087, 1/(kT)=39.981810, exponent=-2.9056, rmr=0.054717
Sample tb=285.15 K, log(mass)=-1.1087, 1/(kT)=40.683844, exponent=-3.2426, rmr=0.039064
Sample tb=281.54 K, log(mass)=-1.1087, 1/(kT)=41.204609, exponent=-3.4925, rmr=0.030424
Sample tb=281.20 K, log(mass)=-1.1087, 1/(kT)=41.255399, exponent=-3.5169, rmr=0.029691
MR results: 0 NA, 0 infinite, 0 negative, 0 zero
Energy calculations: 5225 non-zero gains, 11035 non-zero losses out of 11035 observations
Saved results to output/results/A1/2020/M/eb_results_MB_2020_A1_B1.rds

Processing: Species=MB, Year=2021, Origin=A1, Climate=B1, Sex=M
Looking for climate data at: /mmfs1/gscratch/biology/jmsmith/targeted_microclimate/B1/simplified_B1_2021.rds
Directory /mmfs1/gscratch/biology/jmsmith/targeted_microclimate/B1 exists. Contents:
simplified_B1_1945.rds
simplified_B1_1946.rds
simplified_B1_1947.rds
simplified_B1_1948.rds
simplified_B1_1949.rds
simplified_B1_1950.rds
simplified_B1_1951.rds
simplified_B1_1952.rds
simplified_B1_1953.rds
simplified_B1_1954.rds
simplified_B1_1955.rds
simplified_B1_1956.rds
simplified_B1_1957.rds
simplified_B1_1958.rds
simplified_B1_1959.rds
simplified_B1_1960.rds
simplified_B1_1961.rds
simplified_B1_1962.rds
simplified_B1_1963.rds
simplified_B1_1964.rds
simplified_B1_2005.rds
simplified_B1_2006.rds
simplified_B1_2007.rds
simplified_B1_2008.rds
simplified_B1_2009.rds
simplified_B1_2010.rds
simplified_B1_2011.rds
simplified_B1_2012.rds
simplified_B1_2013.rds
simplified_B1_2014.rds
simplified_B1_2015.rds
simplified_B1_2016.rds
simplified_B1_2017.rds
simplified_B1_2018.rds
simplified_B1_2019.rds
simplified_B1_2020.rds
simplified_B1_2021.rds
simplified_B1_2022.rds
simplified_B1_2023.rds
simplified_B1_2024.rds
Processing batch 1/12 (rows 1-1000)
  Calculated 1000 temperatures. Range: -3.68 to 60.00
Processing batch 2/12 (rows 1001-2000)
  Calculated 1000 temperatures. Range: 3.56 to 60.00
Processing batch 3/12 (rows 2001-3000)
  Calculated 1000 temperatures. Range: -2.24 to 52.63
Processing batch 4/12 (rows 3001-4000)
  Calculated 1000 temperatures. Range: 5.15 to 50.12
Processing batch 5/12 (rows 4001-5000)
  Calculated 1000 temperatures. Range: 0.03 to 51.71
Processing batch 6/12 (rows 5001-6000)
  Calculated 1000 temperatures. Range: 3.96 to 50.38
Processing batch 7/12 (rows 6001-7000)
  Calculated 1000 temperatures. Range: 1.00 to 44.79
Processing batch 8/12 (rows 7001-8000)
  Calculated 1000 temperatures. Range: 3.64 to 19.40
Processing batch 9/12 (rows 8001-9000)
  Calculated 1000 temperatures. Range: 0.49 to 20.94
Processing batch 10/12 (rows 9001-10000)
  Calculated 1000 temperatures. Range: 1.35 to 23.71
Processing batch 11/12 (rows 10001-11000)
  Calculated 1000 temperatures. Range: 4.71 to 23.26
Processing batch 12/12 (rows 11001-11035)
  Calculated 35 temperatures. Range: 5.09 to 21.36
Total observations: 11035, Unique timestamps: 2207
MR parameters: mass=0.33, elev=2195.0, b0=17.10, b1=0.98, b2=-0.48, b3=0.000124
Sample tb=280.02 K, log(mass)=-1.1087, 1/(kT)=41.429099, exponent=-3.6003, rmr=0.027316
Sample tb=291.59 K, log(mass)=-1.1087, 1/(kT)=39.784685, exponent=-2.8110, rmr=0.060147
Sample tb=301.07 K, log(mass)=-1.1087, 1/(kT)=38.531913, exponent=-2.2096, rmr=0.109742
Sample tb=287.75 K, log(mass)=-1.1087, 1/(kT)=40.315352, exponent=-3.0657, rmr=0.046622
Sample tb=286.38 K, log(mass)=-1.1087, 1/(kT)=40.509157, exponent=-3.1587, rmr=0.042481
MR results: 0 NA, 0 infinite, 0 negative, 0 zero
Energy calculations: 5306 non-zero gains, 11035 non-zero losses out of 11035 observations
Saved results to output/results/A1/2021/M/eb_results_MB_2021_A1_B1.rds

Processing: Species=MB, Year=2022, Origin=A1, Climate=B1, Sex=M
Looking for climate data at: /mmfs1/gscratch/biology/jmsmith/targeted_microclimate/B1/simplified_B1_2022.rds
Directory /mmfs1/gscratch/biology/jmsmith/targeted_microclimate/B1 exists. Contents:
simplified_B1_1945.rds
simplified_B1_1946.rds
simplified_B1_1947.rds
simplified_B1_1948.rds
simplified_B1_1949.rds
simplified_B1_1950.rds
simplified_B1_1951.rds
simplified_B1_1952.rds
simplified_B1_1953.rds
simplified_B1_1954.rds
simplified_B1_1955.rds
simplified_B1_1956.rds
simplified_B1_1957.rds
simplified_B1_1958.rds
simplified_B1_1959.rds
simplified_B1_1960.rds
simplified_B1_1961.rds
simplified_B1_1962.rds
simplified_B1_1963.rds
simplified_B1_1964.rds
simplified_B1_2005.rds
simplified_B1_2006.rds
simplified_B1_2007.rds
simplified_B1_2008.rds
simplified_B1_2009.rds
simplified_B1_2010.rds
simplified_B1_2011.rds
simplified_B1_2012.rds
simplified_B1_2013.rds
simplified_B1_2014.rds
simplified_B1_2015.rds
simplified_B1_2016.rds
simplified_B1_2017.rds
simplified_B1_2018.rds
simplified_B1_2019.rds
simplified_B1_2020.rds
simplified_B1_2021.rds
simplified_B1_2022.rds
simplified_B1_2023.rds
simplified_B1_2024.rds
Processing batch 1/12 (rows 1-1000)
  Calculated 1000 temperatures. Range: -5.08 to 60.00
Processing batch 2/12 (rows 1001-2000)
  Calculated 1000 temperatures. Range: 3.90 to 59.04
Processing batch 3/12 (rows 2001-3000)
  Calculated 1000 temperatures. Range: -3.33 to 57.51
Processing batch 4/12 (rows 3001-4000)
  Calculated 1000 temperatures. Range: 6.10 to 51.35
Processing batch 5/12 (rows 4001-5000)
  Calculated 1000 temperatures. Range: -2.50 to 46.68
Processing batch 6/12 (rows 5001-6000)
  Calculated 1000 temperatures. Range: 3.51 to 50.98
Processing batch 7/12 (rows 6001-7000)
  Calculated 1000 temperatures. Range: -2.38 to 46.52
Processing batch 8/12 (rows 7001-8000)
  Calculated 1000 temperatures. Range: 1.70 to 20.22
Processing batch 9/12 (rows 8001-9000)
  Calculated 1000 temperatures. Range: -1.84 to 19.53
Processing batch 10/12 (rows 9001-10000)
  Calculated 1000 temperatures. Range: 2.51 to 23.73
Processing batch 11/12 (rows 10001-11000)
  Calculated 1000 temperatures. Range: 5.87 to 23.25
Processing batch 12/12 (rows 11001-11035)
  Calculated 35 temperatures. Range: 5.86 to 21.07
Total observations: 11035, Unique timestamps: 2207
MR parameters: mass=0.33, elev=2195.0, b0=17.10, b1=0.98, b2=-0.48, b3=0.000124
Sample tb=279.90 K, log(mass)=-1.1087, 1/(kT)=41.446584, exponent=-3.6087, rmr=0.027088
Sample tb=288.68 K, log(mass)=-1.1087, 1/(kT)=40.186387, exponent=-3.0038, rmr=0.049599
Sample tb=294.09 K, log(mass)=-1.1087, 1/(kT)=39.447407, exponent=-2.6491, rmr=0.070717
Sample tb=298.78 K, log(mass)=-1.1087, 1/(kT)=38.827707, exponent=-2.3516, rmr=0.095216
Sample tb=288.92 K, log(mass)=-1.1087, 1/(kT)=40.152626, exponent=-2.9876, rmr=0.050410
MR results: 0 NA, 0 infinite, 0 negative, 0 zero
Energy calculations: 5363 non-zero gains, 11035 non-zero losses out of 11035 observations
Saved results to output/results/A1/2022/M/eb_results_MB_2022_A1_B1.rds

Processing: Species=MB, Year=2023, Origin=A1, Climate=B1, Sex=M
Looking for climate data at: /mmfs1/gscratch/biology/jmsmith/targeted_microclimate/B1/simplified_B1_2023.rds
Directory /mmfs1/gscratch/biology/jmsmith/targeted_microclimate/B1 exists. Contents:
simplified_B1_1945.rds
simplified_B1_1946.rds
simplified_B1_1947.rds
simplified_B1_1948.rds
simplified_B1_1949.rds
simplified_B1_1950.rds
simplified_B1_1951.rds
simplified_B1_1952.rds
simplified_B1_1953.rds
simplified_B1_1954.rds
simplified_B1_1955.rds
simplified_B1_1956.rds
simplified_B1_1957.rds
simplified_B1_1958.rds
simplified_B1_1959.rds
simplified_B1_1960.rds
simplified_B1_1961.rds
simplified_B1_1962.rds
simplified_B1_1963.rds
simplified_B1_1964.rds
simplified_B1_2005.rds
simplified_B1_2006.rds
simplified_B1_2007.rds
simplified_B1_2008.rds
simplified_B1_2009.rds
simplified_B1_2010.rds
simplified_B1_2011.rds
simplified_B1_2012.rds
simplified_B1_2013.rds
simplified_B1_2014.rds
simplified_B1_2015.rds
simplified_B1_2016.rds
simplified_B1_2017.rds
simplified_B1_2018.rds
simplified_B1_2019.rds
simplified_B1_2020.rds
simplified_B1_2021.rds
simplified_B1_2022.rds
simplified_B1_2023.rds
simplified_B1_2024.rds
Processing batch 1/12 (rows 1-1000)
  Calculated 1000 temperatures. Range: -0.27 to 57.00
Processing batch 2/12 (rows 1001-2000)
  Calculated 1000 temperatures. Range: 2.84 to 58.82
Processing batch 3/12 (rows 2001-3000)
  Calculated 1000 temperatures. Range: 1.73 to 51.11
Processing batch 4/12 (rows 3001-4000)
  Calculated 1000 temperatures. Range: 3.64 to 49.15
Processing batch 5/12 (rows 4001-5000)
  Calculated 1000 temperatures. Range: 1.54 to 45.78
Processing batch 6/12 (rows 5001-6000)
  Calculated 1000 temperatures. Range: 3.76 to 48.87
Processing batch 7/12 (rows 6001-7000)
  Calculated 1000 temperatures. Range: 2.54 to 45.52
Processing batch 8/12 (rows 7001-8000)
  Calculated 1000 temperatures. Range: 1.44 to 20.02
Processing batch 9/12 (rows 8001-9000)
  Calculated 1000 temperatures. Range: 4.19 to 19.48
Processing batch 10/12 (rows 9001-10000)
  Calculated 1000 temperatures. Range: 2.65 to 23.41
Processing batch 11/12 (rows 10001-11000)
  Calculated 1000 temperatures. Range: 4.56 to 24.18
Processing batch 12/12 (rows 11001-11035)
  Calculated 35 temperatures. Range: 7.15 to 21.75
Total observations: 11035, Unique timestamps: 2207
MR parameters: mass=0.33, elev=2195.0, b0=17.10, b1=0.98, b2=-0.48, b3=0.000124
Sample tb=284.44 K, log(mass)=-1.1087, 1/(kT)=40.785279, exponent=-3.2912, rmr=0.037208
Sample tb=301.16 K, log(mass)=-1.1087, 1/(kT)=38.521121, exponent=-2.2044, rmr=0.110311
Sample tb=280.06 K, log(mass)=-1.1087, 1/(kT)=41.422918, exponent=-3.5973, rmr=0.027397
Sample tb=280.03 K, log(mass)=-1.1087, 1/(kT)=41.427097, exponent=-3.5993, rmr=0.027342
Sample tb=288.36 K, log(mass)=-1.1087, 1/(kT)=40.230837, exponent=-3.0251, rmr=0.048552
MR results: 0 NA, 0 infinite, 0 negative, 0 zero
Energy calculations: 4926 non-zero gains, 11035 non-zero losses out of 11035 observations
Saved results to output/results/A1/2023/M/eb_results_MB_2023_A1_B1.rds

Processing: Species=MB, Year=2024, Origin=A1, Climate=B1, Sex=M
Looking for climate data at: /mmfs1/gscratch/biology/jmsmith/targeted_microclimate/B1/simplified_B1_2024.rds
Directory /mmfs1/gscratch/biology/jmsmith/targeted_microclimate/B1 exists. Contents:
simplified_B1_1945.rds
simplified_B1_1946.rds
simplified_B1_1947.rds
simplified_B1_1948.rds
simplified_B1_1949.rds
simplified_B1_1950.rds
simplified_B1_1951.rds
simplified_B1_1952.rds
simplified_B1_1953.rds
simplified_B1_1954.rds
simplified_B1_1955.rds
simplified_B1_1956.rds
simplified_B1_1957.rds
simplified_B1_1958.rds
simplified_B1_1959.rds
simplified_B1_1960.rds
simplified_B1_1961.rds
simplified_B1_1962.rds
simplified_B1_1963.rds
simplified_B1_1964.rds
simplified_B1_2005.rds
simplified_B1_2006.rds
simplified_B1_2007.rds
simplified_B1_2008.rds
simplified_B1_2009.rds
simplified_B1_2010.rds
simplified_B1_2011.rds
simplified_B1_2012.rds
simplified_B1_2013.rds
simplified_B1_2014.rds
simplified_B1_2015.rds
simplified_B1_2016.rds
simplified_B1_2017.rds
simplified_B1_2018.rds
simplified_B1_2019.rds
simplified_B1_2020.rds
simplified_B1_2021.rds
simplified_B1_2022.rds
simplified_B1_2023.rds
simplified_B1_2024.rds
Processing batch 1/12 (rows 1-1000)
  Calculated 1000 temperatures. Range: -1.72 to 60.00
Processing batch 2/12 (rows 1001-2000)
  Calculated 1000 temperatures. Range: 4.62 to 60.00
Processing batch 3/12 (rows 2001-3000)
  Calculated 1000 temperatures. Range: 0.33 to 51.67
Processing batch 4/12 (rows 3001-4000)
  Calculated 1000 temperatures. Range: 2.64 to 50.54
Processing batch 5/12 (rows 4001-5000)
  Calculated 1000 temperatures. Range: 0.06 to 50.97
Processing batch 6/12 (rows 5001-6000)
  Calculated 1000 temperatures. Range: 3.28 to 48.92
Processing batch 7/12 (rows 6001-7000)
  Calculated 1000 temperatures. Range: 3.50 to 50.92
Processing batch 8/12 (rows 7001-8000)
  Calculated 1000 temperatures. Range: -0.10 to 19.22
Processing batch 9/12 (rows 8001-9000)
  Calculated 1000 temperatures. Range: 4.05 to 20.61
Processing batch 10/12 (rows 9001-10000)
  Calculated 1000 temperatures. Range: 1.31 to 24.32
Processing batch 11/12 (rows 10001-11000)
  Calculated 1000 temperatures. Range: 5.05 to 23.55
Processing batch 12/12 (rows 11001-11035)
  Calculated 35 temperatures. Range: 4.74 to 19.58
Total observations: 11035, Unique timestamps: 2207
MR parameters: mass=0.33, elev=2195.0, b0=17.10, b1=0.98, b2=-0.48, b3=0.000124
Sample tb=284.45 K, log(mass)=-1.1087, 1/(kT)=40.783318, exponent=-3.2903, rmr=0.037243
Sample tb=281.62 K, log(mass)=-1.1087, 1/(kT)=41.194160, exponent=-3.4875, rmr=0.030577
Sample tb=311.45 K, log(mass)=-1.1087, 1/(kT)=37.247604, exponent=-1.5932, rmr=0.203282
Sample tb=284.29 K, log(mass)=-1.1087, 1/(kT)=40.806772, exponent=-3.3016, rmr=0.036826
Sample tb=281.93 K, log(mass)=-1.1087, 1/(kT)=41.147628, exponent=-3.4652, rmr=0.031268
MR results: 0 NA, 0 infinite, 0 negative, 0 zero
Energy calculations: 5344 non-zero gains, 11035 non-zero losses out of 11035 observations
Saved results to output/results/A1/2024/M/eb_results_MB_2024_A1_B1.rds

All years processed.
