Arguments received:
Species: MB
Years: 2005, 2006, 2007, 2008, 2009, 2010, 2011, 2012, 2013, 2014, 2015, 2016, 2017, 2018, 2019, 2020, 2021, 2022, 2023, 2024
Origin site: D1
Climate site: C1
Sex: F
Output directory: output/results/D1
Library paths:
[1] "/gscratch/biology/jmsmith/R"                          
[2] "/mmfs1/home/smithju/R/x86_64-pc-linux-gnu-library/4.4"
[3] "/usr/local/lib/R/site-library"                        
[4] "/usr/local/lib/R/library"                             
Package tidyverse loaded successfully
Package TrenchR loaded successfully
Package rTPC loaded successfully
Package lubridate loaded successfully

Processing: Species=MB, Year=2005, Origin=D1, Climate=C1, Sex=F
Looking for climate data at: /mmfs1/gscratch/biology/jmsmith/targeted_microclimate/C1/simplified_C1_2005.rds
Directory /mmfs1/gscratch/biology/jmsmith/targeted_microclimate/C1 exists. Contents:
simplified_C1_1945.rds
simplified_C1_1946.rds
simplified_C1_1947.rds
simplified_C1_1948.rds
simplified_C1_1949.rds
simplified_C1_1950.rds
simplified_C1_1951.rds
simplified_C1_1952.rds
simplified_C1_1953.rds
simplified_C1_1954.rds
simplified_C1_1955.rds
simplified_C1_1956.rds
simplified_C1_1957.rds
simplified_C1_1958.rds
simplified_C1_1959.rds
simplified_C1_1960.rds
simplified_C1_1961.rds
simplified_C1_1962.rds
simplified_C1_1963.rds
simplified_C1_1964.rds
simplified_C1_2005.rds
simplified_C1_2006.rds
simplified_C1_2007.rds
simplified_C1_2008.rds
simplified_C1_2009.rds
simplified_C1_2010.rds
simplified_C1_2011.rds
simplified_C1_2012.rds
simplified_C1_2013.rds
simplified_C1_2014.rds
simplified_C1_2015.rds
simplified_C1_2016.rds
simplified_C1_2017.rds
simplified_C1_2018.rds
simplified_C1_2019.rds
simplified_C1_2020.rds
simplified_C1_2021.rds
simplified_C1_2022.rds
simplified_C1_2023.rds
simplified_C1_2024.rds
Processing batch 1/12 (rows 1-1000)
  Calculated 1000 temperatures. Range: -5.98 to 52.11
Processing batch 2/12 (rows 1001-2000)
  Calculated 1000 temperatures. Range: -0.91 to 51.50
Processing batch 3/12 (rows 2001-3000)
  Calculated 1000 temperatures. Range: -4.56 to 49.01
Processing batch 4/12 (rows 3001-4000)
  Calculated 1000 temperatures. Range: -0.67 to 41.97
Processing batch 5/12 (rows 4001-5000)
  Calculated 1000 temperatures. Range: -5.08 to 39.36
Processing batch 6/12 (rows 5001-6000)
  Calculated 1000 temperatures. Range: -0.99 to 39.01
Processing batch 7/12 (rows 6001-7000)
  Calculated 1000 temperatures. Range: -4.44 to 36.15
Processing batch 8/12 (rows 7001-8000)
  Calculated 1000 temperatures. Range: -0.61 to 17.17
Processing batch 9/12 (rows 8001-9000)
  Calculated 1000 temperatures. Range: -2.64 to 15.29
Processing batch 10/12 (rows 9001-10000)
  Calculated 1000 temperatures. Range: -4.03 to 20.48
Processing batch 11/12 (rows 10001-11000)
  Calculated 1000 temperatures. Range: 0.82 to 21.73
Processing batch 12/12 (rows 11001-11035)
  Calculated 35 temperatures. Range: -0.32 to 17.58
Total observations: 11035, Unique timestamps: 2207
MR parameters: mass=0.22, elev=3300.0, b0=17.10, b1=0.98, b2=-0.48, b3=0.000124
Sample tb=281.25 K, log(mass)=-1.5141, 1/(kT)=41.247830, exponent=-3.7736, rmr=0.022969
Sample tb=280.41 K, log(mass)=-1.5141, 1/(kT)=41.371498, exponent=-3.8330, rmr=0.021645
Sample tb=275.64 K, log(mass)=-1.5141, 1/(kT)=42.086695, exponent=-4.1763, rmr=0.015356
Sample tb=284.82 K, log(mass)=-1.5141, 1/(kT)=40.730968, exponent=-3.5255, rmr=0.029437
Sample tb=273.67 K, log(mass)=-1.5141, 1/(kT)=42.390544, exponent=-4.3221, rmr=0.013272
MR results: 0 NA, 0 infinite, 0 negative, 0 zero
Energy calculations: 3635 non-zero gains, 11035 non-zero losses out of 11035 observations
Saved results to output/results/D1/2005/F/eb_results_MB_2005_D1_C1.rds

Processing: Species=MB, Year=2006, Origin=D1, Climate=C1, Sex=F
Looking for climate data at: /mmfs1/gscratch/biology/jmsmith/targeted_microclimate/C1/simplified_C1_2006.rds
Directory /mmfs1/gscratch/biology/jmsmith/targeted_microclimate/C1 exists. Contents:
simplified_C1_1945.rds
simplified_C1_1946.rds
simplified_C1_1947.rds
simplified_C1_1948.rds
simplified_C1_1949.rds
simplified_C1_1950.rds
simplified_C1_1951.rds
simplified_C1_1952.rds
simplified_C1_1953.rds
simplified_C1_1954.rds
simplified_C1_1955.rds
simplified_C1_1956.rds
simplified_C1_1957.rds
simplified_C1_1958.rds
simplified_C1_1959.rds
simplified_C1_1960.rds
simplified_C1_1961.rds
simplified_C1_1962.rds
simplified_C1_1963.rds
simplified_C1_1964.rds
simplified_C1_2005.rds
simplified_C1_2006.rds
simplified_C1_2007.rds
simplified_C1_2008.rds
simplified_C1_2009.rds
simplified_C1_2010.rds
simplified_C1_2011.rds
simplified_C1_2012.rds
simplified_C1_2013.rds
simplified_C1_2014.rds
simplified_C1_2015.rds
simplified_C1_2016.rds
simplified_C1_2017.rds
simplified_C1_2018.rds
simplified_C1_2019.rds
simplified_C1_2020.rds
simplified_C1_2021.rds
simplified_C1_2022.rds
simplified_C1_2023.rds
simplified_C1_2024.rds
Processing batch 1/12 (rows 1-1000)
  Calculated 1000 temperatures. Range: -3.00 to 52.08
Processing batch 2/12 (rows 1001-2000)
  Calculated 1000 temperatures. Range: 0.62 to 53.17
Processing batch 3/12 (rows 2001-3000)
  Calculated 1000 temperatures. Range: -2.36 to 50.12
Processing batch 4/12 (rows 3001-4000)
  Calculated 1000 temperatures. Range: 2.17 to 44.14
Processing batch 5/12 (rows 4001-5000)
  Calculated 1000 temperatures. Range: -1.30 to 39.27
Processing batch 6/12 (rows 5001-6000)
  Calculated 1000 temperatures. Range: -0.59 to 40.58
Processing batch 7/12 (rows 6001-7000)
  Calculated 1000 temperatures. Range: -0.83 to 36.97
Processing batch 8/12 (rows 7001-8000)
  Calculated 1000 temperatures. Range: -1.28 to 16.97
Processing batch 9/12 (rows 8001-9000)
  Calculated 1000 temperatures. Range: -0.58 to 18.45
Processing batch 10/12 (rows 9001-10000)
  Calculated 1000 temperatures. Range: -1.17 to 20.74
Processing batch 11/12 (rows 10001-11000)
  Calculated 1000 temperatures. Range: 0.26 to 21.11
Processing batch 12/12 (rows 11001-11035)
  Calculated 35 temperatures. Range: 3.28 to 16.41
Total observations: 11035, Unique timestamps: 2207
MR parameters: mass=0.22, elev=3300.0, b0=17.10, b1=0.98, b2=-0.48, b3=0.000124
Sample tb=286.85 K, log(mass)=-1.5141, 1/(kT)=40.442733, exponent=-3.3872, rmr=0.033805
Sample tb=285.47 K, log(mass)=-1.5141, 1/(kT)=40.638260, exponent=-3.4810, rmr=0.030776
Sample tb=280.88 K, log(mass)=-1.5141, 1/(kT)=41.301967, exponent=-3.7996, rmr=0.022380
Sample tb=276.91 K, log(mass)=-1.5141, 1/(kT)=41.894861, exponent=-4.0842, rmr=0.016837
Sample tb=288.35 K, log(mass)=-1.5141, 1/(kT)=40.232773, exponent=-3.2864, rmr=0.037389
MR results: 0 NA, 0 infinite, 0 negative, 0 zero
Energy calculations: 3861 non-zero gains, 11035 non-zero losses out of 11035 observations
Saved results to output/results/D1/2006/F/eb_results_MB_2006_D1_C1.rds

Processing: Species=MB, Year=2007, Origin=D1, Climate=C1, Sex=F
Looking for climate data at: /mmfs1/gscratch/biology/jmsmith/targeted_microclimate/C1/simplified_C1_2007.rds
Directory /mmfs1/gscratch/biology/jmsmith/targeted_microclimate/C1 exists. Contents:
simplified_C1_1945.rds
simplified_C1_1946.rds
simplified_C1_1947.rds
simplified_C1_1948.rds
simplified_C1_1949.rds
simplified_C1_1950.rds
simplified_C1_1951.rds
simplified_C1_1952.rds
simplified_C1_1953.rds
simplified_C1_1954.rds
simplified_C1_1955.rds
simplified_C1_1956.rds
simplified_C1_1957.rds
simplified_C1_1958.rds
simplified_C1_1959.rds
simplified_C1_1960.rds
simplified_C1_1961.rds
simplified_C1_1962.rds
simplified_C1_1963.rds
simplified_C1_1964.rds
simplified_C1_2005.rds
simplified_C1_2006.rds
simplified_C1_2007.rds
simplified_C1_2008.rds
simplified_C1_2009.rds
simplified_C1_2010.rds
simplified_C1_2011.rds
simplified_C1_2012.rds
simplified_C1_2013.rds
simplified_C1_2014.rds
simplified_C1_2015.rds
simplified_C1_2016.rds
simplified_C1_2017.rds
simplified_C1_2018.rds
simplified_C1_2019.rds
simplified_C1_2020.rds
simplified_C1_2021.rds
simplified_C1_2022.rds
simplified_C1_2023.rds
simplified_C1_2024.rds
Processing batch 1/12 (rows 1-1000)
  Calculated 1000 temperatures. Range: -8.11 to 56.87
Processing batch 2/12 (rows 1001-2000)
  Calculated 1000 temperatures. Range: 1.38 to 48.61
Processing batch 3/12 (rows 2001-3000)
  Calculated 1000 temperatures. Range: -6.99 to 45.65
Processing batch 4/12 (rows 3001-4000)
  Calculated 1000 temperatures. Range: 2.21 to 40.61
Processing batch 5/12 (rows 4001-5000)
  Calculated 1000 temperatures. Range: -6.44 to 42.45
Processing batch 6/12 (rows 5001-6000)
  Calculated 1000 temperatures. Range: 2.32 to 38.78
Processing batch 7/12 (rows 6001-7000)
  Calculated 1000 temperatures. Range: -5.00 to 36.46
Processing batch 8/12 (rows 7001-8000)
  Calculated 1000 temperatures. Range: -1.45 to 16.61
Processing batch 9/12 (rows 8001-9000)
  Calculated 1000 temperatures. Range: -2.72 to 16.20
Processing batch 10/12 (rows 9001-10000)
  Calculated 1000 temperatures. Range: -5.15 to 20.41
Processing batch 11/12 (rows 10001-11000)
  Calculated 1000 temperatures. Range: 3.02 to 19.99
Processing batch 12/12 (rows 11001-11035)
  Calculated 35 temperatures. Range: 4.16 to 17.41
Total observations: 11035, Unique timestamps: 2207
MR parameters: mass=0.22, elev=3300.0, b0=17.10, b1=0.98, b2=-0.48, b3=0.000124
Sample tb=279.52 K, log(mass)=-1.5141, 1/(kT)=41.502571, exponent=-3.8959, rmr=0.020325
Sample tb=306.09 K, log(mass)=-1.5141, 1/(kT)=37.900173, exponent=-2.1667, rmr=0.114552
Sample tb=284.32 K, log(mass)=-1.5141, 1/(kT)=40.801685, exponent=-3.5595, rmr=0.028454
Sample tb=281.65 K, log(mass)=-1.5141, 1/(kT)=41.189690, exponent=-3.7457, rmr=0.023619
Sample tb=294.84 K, log(mass)=-1.5141, 1/(kT)=39.346375, exponent=-2.8609, rmr=0.057217
MR results: 0 NA, 0 infinite, 0 negative, 0 zero
Energy calculations: 4033 non-zero gains, 11035 non-zero losses out of 11035 observations
Saved results to output/results/D1/2007/F/eb_results_MB_2007_D1_C1.rds

Processing: Species=MB, Year=2008, Origin=D1, Climate=C1, Sex=F
Looking for climate data at: /mmfs1/gscratch/biology/jmsmith/targeted_microclimate/C1/simplified_C1_2008.rds
Directory /mmfs1/gscratch/biology/jmsmith/targeted_microclimate/C1 exists. Contents:
simplified_C1_1945.rds
simplified_C1_1946.rds
simplified_C1_1947.rds
simplified_C1_1948.rds
simplified_C1_1949.rds
simplified_C1_1950.rds
simplified_C1_1951.rds
simplified_C1_1952.rds
simplified_C1_1953.rds
simplified_C1_1954.rds
simplified_C1_1955.rds
simplified_C1_1956.rds
simplified_C1_1957.rds
simplified_C1_1958.rds
simplified_C1_1959.rds
simplified_C1_1960.rds
simplified_C1_1961.rds
simplified_C1_1962.rds
simplified_C1_1963.rds
simplified_C1_1964.rds
simplified_C1_2005.rds
simplified_C1_2006.rds
simplified_C1_2007.rds
simplified_C1_2008.rds
simplified_C1_2009.rds
simplified_C1_2010.rds
simplified_C1_2011.rds
simplified_C1_2012.rds
simplified_C1_2013.rds
simplified_C1_2014.rds
simplified_C1_2015.rds
simplified_C1_2016.rds
simplified_C1_2017.rds
simplified_C1_2018.rds
simplified_C1_2019.rds
simplified_C1_2020.rds
simplified_C1_2021.rds
simplified_C1_2022.rds
simplified_C1_2023.rds
simplified_C1_2024.rds
Processing batch 1/12 (rows 1-1000)
  Calculated 1000 temperatures. Range: -8.14 to 60.00
Processing batch 2/12 (rows 1001-2000)
  Calculated 1000 temperatures. Range: -1.52 to 52.27
Processing batch 3/12 (rows 2001-3000)
  Calculated 1000 temperatures. Range: -6.57 to 48.11
Processing batch 4/12 (rows 3001-4000)
  Calculated 1000 temperatures. Range: -0.52 to 42.03
Processing batch 5/12 (rows 4001-5000)
  Calculated 1000 temperatures. Range: -6.59 to 43.41
Processing batch 6/12 (rows 5001-6000)
  Calculated 1000 temperatures. Range: -1.41 to 39.14
Processing batch 7/12 (rows 6001-7000)
  Calculated 1000 temperatures. Range: -6.05 to 35.59
Processing batch 8/12 (rows 7001-8000)
  Calculated 1000 temperatures. Range: -0.88 to 15.84
Processing batch 9/12 (rows 8001-9000)
  Calculated 1000 temperatures. Range: -1.41 to 15.81
Processing batch 10/12 (rows 9001-10000)
  Calculated 1000 temperatures. Range: -5.33 to 18.69
Processing batch 11/12 (rows 10001-11000)
  Calculated 1000 temperatures. Range: 0.97 to 19.64
Processing batch 12/12 (rows 11001-11035)
  Calculated 35 temperatures. Range: 3.99 to 16.41
Total observations: 11035, Unique timestamps: 2207
MR parameters: mass=0.22, elev=3300.0, b0=17.10, b1=0.98, b2=-0.48, b3=0.000124
Sample tb=275.28 K, log(mass)=-1.5141, 1/(kT)=42.142116, exponent=-4.2029, rmr=0.014953
Sample tb=288.13 K, log(mass)=-1.5141, 1/(kT)=40.263347, exponent=-3.3011, rmr=0.036844
Sample tb=284.25 K, log(mass)=-1.5141, 1/(kT)=40.811983, exponent=-3.5644, rmr=0.028314
Sample tb=293.06 K, log(mass)=-1.5141, 1/(kT)=39.585717, exponent=-2.9758, rmr=0.051007
Sample tb=277.21 K, log(mass)=-1.5141, 1/(kT)=41.849186, exponent=-4.0623, rmr=0.017210
MR results: 0 NA, 0 infinite, 0 negative, 0 zero
Energy calculations: 3688 non-zero gains, 11035 non-zero losses out of 11035 observations
Saved results to output/results/D1/2008/F/eb_results_MB_2008_D1_C1.rds

Processing: Species=MB, Year=2009, Origin=D1, Climate=C1, Sex=F
Looking for climate data at: /mmfs1/gscratch/biology/jmsmith/targeted_microclimate/C1/simplified_C1_2009.rds
Directory /mmfs1/gscratch/biology/jmsmith/targeted_microclimate/C1 exists. Contents:
simplified_C1_1945.rds
simplified_C1_1946.rds
simplified_C1_1947.rds
simplified_C1_1948.rds
simplified_C1_1949.rds
simplified_C1_1950.rds
simplified_C1_1951.rds
simplified_C1_1952.rds
simplified_C1_1953.rds
simplified_C1_1954.rds
simplified_C1_1955.rds
simplified_C1_1956.rds
simplified_C1_1957.rds
simplified_C1_1958.rds
simplified_C1_1959.rds
simplified_C1_1960.rds
simplified_C1_1961.rds
simplified_C1_1962.rds
simplified_C1_1963.rds
simplified_C1_1964.rds
simplified_C1_2005.rds
simplified_C1_2006.rds
simplified_C1_2007.rds
simplified_C1_2008.rds
simplified_C1_2009.rds
simplified_C1_2010.rds
simplified_C1_2011.rds
simplified_C1_2012.rds
simplified_C1_2013.rds
simplified_C1_2014.rds
simplified_C1_2015.rds
simplified_C1_2016.rds
simplified_C1_2017.rds
simplified_C1_2018.rds
simplified_C1_2019.rds
simplified_C1_2020.rds
simplified_C1_2021.rds
simplified_C1_2022.rds
simplified_C1_2023.rds
simplified_C1_2024.rds
Processing batch 1/12 (rows 1-1000)
  Calculated 1000 temperatures. Range: -6.03 to 49.82
Processing batch 2/12 (rows 1001-2000)
  Calculated 1000 temperatures. Range: -3.33 to 54.68
Processing batch 3/12 (rows 2001-3000)
  Calculated 1000 temperatures. Range: -4.63 to 39.12
Processing batch 4/12 (rows 3001-4000)
  Calculated 1000 temperatures. Range: -0.82 to 43.66
Processing batch 5/12 (rows 4001-5000)
  Calculated 1000 temperatures. Range: -4.30 to 41.07
Processing batch 6/12 (rows 5001-6000)
  Calculated 1000 temperatures. Range: 0.12 to 40.64
Processing batch 7/12 (rows 6001-7000)
  Calculated 1000 temperatures. Range: -3.51 to 38.31
Processing batch 8/12 (rows 7001-8000)
  Calculated 1000 temperatures. Range: -0.15 to 15.55
Processing batch 9/12 (rows 8001-9000)
  Calculated 1000 temperatures. Range: -2.74 to 15.44
Processing batch 10/12 (rows 9001-10000)
  Calculated 1000 temperatures. Range: -3.16 to 18.10
Processing batch 11/12 (rows 10001-11000)
  Calculated 1000 temperatures. Range: -1.06 to 19.78
Processing batch 12/12 (rows 11001-11035)
  Calculated 35 temperatures. Range: 1.83 to 15.06
Total observations: 11035, Unique timestamps: 2207
MR parameters: mass=0.22, elev=3300.0, b0=17.10, b1=0.98, b2=-0.48, b3=0.000124
Sample tb=295.27 K, log(mass)=-1.5141, 1/(kT)=39.288939, exponent=-2.8333, rmr=0.058816
Sample tb=279.32 K, log(mass)=-1.5141, 1/(kT)=41.532344, exponent=-3.9102, rmr=0.020037
Sample tb=296.48 K, log(mass)=-1.5141, 1/(kT)=39.129158, exponent=-2.7566, rmr=0.063505
Sample tb=305.58 K, log(mass)=-1.5141, 1/(kT)=37.963418, exponent=-2.1971, rmr=0.111127
Sample tb=290.85 K, log(mass)=-1.5141, 1/(kT)=39.885909, exponent=-3.1199, rmr=0.044162
MR results: 0 NA, 0 infinite, 0 negative, 0 zero
Energy calculations: 3409 non-zero gains, 11035 non-zero losses out of 11035 observations
Saved results to output/results/D1/2009/F/eb_results_MB_2009_D1_C1.rds

Processing: Species=MB, Year=2010, Origin=D1, Climate=C1, Sex=F
Looking for climate data at: /mmfs1/gscratch/biology/jmsmith/targeted_microclimate/C1/simplified_C1_2010.rds
Directory /mmfs1/gscratch/biology/jmsmith/targeted_microclimate/C1 exists. Contents:
simplified_C1_1945.rds
simplified_C1_1946.rds
simplified_C1_1947.rds
simplified_C1_1948.rds
simplified_C1_1949.rds
simplified_C1_1950.rds
simplified_C1_1951.rds
simplified_C1_1952.rds
simplified_C1_1953.rds
simplified_C1_1954.rds
simplified_C1_1955.rds
simplified_C1_1956.rds
simplified_C1_1957.rds
simplified_C1_1958.rds
simplified_C1_1959.rds
simplified_C1_1960.rds
simplified_C1_1961.rds
simplified_C1_1962.rds
simplified_C1_1963.rds
simplified_C1_1964.rds
simplified_C1_2005.rds
simplified_C1_2006.rds
simplified_C1_2007.rds
simplified_C1_2008.rds
simplified_C1_2009.rds
simplified_C1_2010.rds
simplified_C1_2011.rds
simplified_C1_2012.rds
simplified_C1_2013.rds
simplified_C1_2014.rds
simplified_C1_2015.rds
simplified_C1_2016.rds
simplified_C1_2017.rds
simplified_C1_2018.rds
simplified_C1_2019.rds
simplified_C1_2020.rds
simplified_C1_2021.rds
simplified_C1_2022.rds
simplified_C1_2023.rds
simplified_C1_2024.rds
Processing batch 1/12 (rows 1-1000)
  Calculated 1000 temperatures. Range: -5.58 to 53.63
Processing batch 2/12 (rows 1001-2000)
  Calculated 1000 temperatures. Range: -0.95 to 51.24
Processing batch 3/12 (rows 2001-3000)
  Calculated 1000 temperatures. Range: -3.47 to 46.22
Processing batch 4/12 (rows 3001-4000)
  Calculated 1000 temperatures. Range: 0.03 to 41.01
Processing batch 5/12 (rows 4001-5000)
  Calculated 1000 temperatures. Range: -3.16 to 38.93
Processing batch 6/12 (rows 5001-6000)
  Calculated 1000 temperatures. Range: 0.35 to 38.03
Processing batch 7/12 (rows 6001-7000)
  Calculated 1000 temperatures. Range: -1.55 to 38.24
Processing batch 8/12 (rows 7001-8000)
  Calculated 1000 temperatures. Range: -1.73 to 16.45
Processing batch 9/12 (rows 8001-9000)
  Calculated 1000 temperatures. Range: -1.01 to 17.73
Processing batch 10/12 (rows 9001-10000)
  Calculated 1000 temperatures. Range: -1.33 to 19.50
Processing batch 11/12 (rows 10001-11000)
  Calculated 1000 temperatures. Range: 1.08 to 19.78
Processing batch 12/12 (rows 11001-11035)
  Calculated 35 temperatures. Range: 1.54 to 13.42
Total observations: 11035, Unique timestamps: 2207
MR parameters: mass=0.22, elev=3300.0, b0=17.10, b1=0.98, b2=-0.48, b3=0.000124
Sample tb=287.05 K, log(mass)=-1.5141, 1/(kT)=40.414862, exponent=-3.3738, rmr=0.034260
Sample tb=279.48 K, log(mass)=-1.5141, 1/(kT)=41.508984, exponent=-3.8990, rmr=0.020263
Sample tb=312.02 K, log(mass)=-1.5141, 1/(kT)=37.180634, exponent=-1.8213, rmr=0.161807
Sample tb=298.19 K, log(mass)=-1.5141, 1/(kT)=38.904738, exponent=-2.6489, rmr=0.070728
Sample tb=289.93 K, log(mass)=-1.5141, 1/(kT)=40.013234, exponent=-3.1810, rmr=0.041544
MR results: 0 NA, 0 infinite, 0 negative, 0 zero
Energy calculations: 3825 non-zero gains, 11035 non-zero losses out of 11035 observations
Saved results to output/results/D1/2010/F/eb_results_MB_2010_D1_C1.rds

Processing: Species=MB, Year=2011, Origin=D1, Climate=C1, Sex=F
Looking for climate data at: /mmfs1/gscratch/biology/jmsmith/targeted_microclimate/C1/simplified_C1_2011.rds
Directory /mmfs1/gscratch/biology/jmsmith/targeted_microclimate/C1 exists. Contents:
simplified_C1_1945.rds
simplified_C1_1946.rds
simplified_C1_1947.rds
simplified_C1_1948.rds
simplified_C1_1949.rds
simplified_C1_1950.rds
simplified_C1_1951.rds
simplified_C1_1952.rds
simplified_C1_1953.rds
simplified_C1_1954.rds
simplified_C1_1955.rds
simplified_C1_1956.rds
simplified_C1_1957.rds
simplified_C1_1958.rds
simplified_C1_1959.rds
simplified_C1_1960.rds
simplified_C1_1961.rds
simplified_C1_1962.rds
simplified_C1_1963.rds
simplified_C1_1964.rds
simplified_C1_2005.rds
simplified_C1_2006.rds
simplified_C1_2007.rds
simplified_C1_2008.rds
simplified_C1_2009.rds
simplified_C1_2010.rds
simplified_C1_2011.rds
simplified_C1_2012.rds
simplified_C1_2013.rds
simplified_C1_2014.rds
simplified_C1_2015.rds
simplified_C1_2016.rds
simplified_C1_2017.rds
simplified_C1_2018.rds
simplified_C1_2019.rds
simplified_C1_2020.rds
simplified_C1_2021.rds
simplified_C1_2022.rds
simplified_C1_2023.rds
simplified_C1_2024.rds
Processing batch 1/12 (rows 1-1000)
  Calculated 1000 temperatures. Range: -5.55 to 52.45
Processing batch 2/12 (rows 1001-2000)
  Calculated 1000 temperatures. Range: -1.12 to 55.16
Processing batch 3/12 (rows 2001-3000)
  Calculated 1000 temperatures. Range: -4.13 to 45.40
Processing batch 4/12 (rows 3001-4000)
  Calculated 1000 temperatures. Range: 1.28 to 44.86
Processing batch 5/12 (rows 4001-5000)
  Calculated 1000 temperatures. Range: -3.81 to 42.73
Processing batch 6/12 (rows 5001-6000)
  Calculated 1000 temperatures. Range: 0.90 to 41.56
Processing batch 7/12 (rows 6001-7000)
  Calculated 1000 temperatures. Range: -2.89 to 39.31
Processing batch 8/12 (rows 7001-8000)
  Calculated 1000 temperatures. Range: -0.83 to 16.67
Processing batch 9/12 (rows 8001-9000)
  Calculated 1000 temperatures. Range: -1.30 to 16.39
Processing batch 10/12 (rows 9001-10000)
  Calculated 1000 temperatures. Range: -2.58 to 19.27
Processing batch 11/12 (rows 10001-11000)
  Calculated 1000 temperatures. Range: 2.27 to 19.54
Processing batch 12/12 (rows 11001-11035)
  Calculated 35 temperatures. Range: 4.64 to 18.07
Total observations: 11035, Unique timestamps: 2207
MR parameters: mass=0.22, elev=3300.0, b0=17.10, b1=0.98, b2=-0.48, b3=0.000124
Sample tb=286.55 K, log(mass)=-1.5141, 1/(kT)=40.484342, exponent=-3.4071, rmr=0.033136
Sample tb=284.89 K, log(mass)=-1.5141, 1/(kT)=40.720020, exponent=-3.5203, rmr=0.029592
Sample tb=298.01 K, log(mass)=-1.5141, 1/(kT)=38.927826, exponent=-2.6600, rmr=0.069948
Sample tb=295.67 K, log(mass)=-1.5141, 1/(kT)=39.235557, exponent=-2.8077, rmr=0.060343
Sample tb=289.21 K, log(mass)=-1.5141, 1/(kT)=40.113123, exponent=-3.2289, rmr=0.039599
MR results: 0 NA, 0 infinite, 0 negative, 0 zero
Energy calculations: 3954 non-zero gains, 11035 non-zero losses out of 11035 observations
Saved results to output/results/D1/2011/F/eb_results_MB_2011_D1_C1.rds

Processing: Species=MB, Year=2012, Origin=D1, Climate=C1, Sex=F
Looking for climate data at: /mmfs1/gscratch/biology/jmsmith/targeted_microclimate/C1/simplified_C1_2012.rds
Directory /mmfs1/gscratch/biology/jmsmith/targeted_microclimate/C1 exists. Contents:
simplified_C1_1945.rds
simplified_C1_1946.rds
simplified_C1_1947.rds
simplified_C1_1948.rds
simplified_C1_1949.rds
simplified_C1_1950.rds
simplified_C1_1951.rds
simplified_C1_1952.rds
simplified_C1_1953.rds
simplified_C1_1954.rds
simplified_C1_1955.rds
simplified_C1_1956.rds
simplified_C1_1957.rds
simplified_C1_1958.rds
simplified_C1_1959.rds
simplified_C1_1960.rds
simplified_C1_1961.rds
simplified_C1_1962.rds
simplified_C1_1963.rds
simplified_C1_1964.rds
simplified_C1_2005.rds
simplified_C1_2006.rds
simplified_C1_2007.rds
simplified_C1_2008.rds
simplified_C1_2009.rds
simplified_C1_2010.rds
simplified_C1_2011.rds
simplified_C1_2012.rds
simplified_C1_2013.rds
simplified_C1_2014.rds
simplified_C1_2015.rds
simplified_C1_2016.rds
simplified_C1_2017.rds
simplified_C1_2018.rds
simplified_C1_2019.rds
simplified_C1_2020.rds
simplified_C1_2021.rds
simplified_C1_2022.rds
simplified_C1_2023.rds
simplified_C1_2024.rds
Processing batch 1/12 (rows 1-1000)
  Calculated 1000 temperatures. Range: -7.37 to 59.52
Processing batch 2/12 (rows 1001-2000)
  Calculated 1000 temperatures. Range: -2.99 to 56.29
Processing batch 3/12 (rows 2001-3000)
  Calculated 1000 temperatures. Range: -5.65 to 51.94
Processing batch 4/12 (rows 3001-4000)
  Calculated 1000 temperatures. Range: 0.93 to 45.10
Processing batch 5/12 (rows 4001-5000)
  Calculated 1000 temperatures. Range: -5.28 to 42.40
Processing batch 6/12 (rows 5001-6000)
  Calculated 1000 temperatures. Range: 1.32 to 42.33
Processing batch 7/12 (rows 6001-7000)
  Calculated 1000 temperatures. Range: -4.12 to 39.15
Processing batch 8/12 (rows 7001-8000)
  Calculated 1000 temperatures. Range: 0.35 to 17.04
Processing batch 9/12 (rows 8001-9000)
  Calculated 1000 temperatures. Range: 0.11 to 17.10
Processing batch 10/12 (rows 9001-10000)
  Calculated 1000 temperatures. Range: -3.77 to 21.20
Processing batch 11/12 (rows 10001-11000)
  Calculated 1000 temperatures. Range: 0.11 to 20.24
Processing batch 12/12 (rows 11001-11035)
  Calculated 35 temperatures. Range: 3.43 to 16.80
Total observations: 11035, Unique timestamps: 2207
MR parameters: mass=0.22, elev=3300.0, b0=17.10, b1=0.98, b2=-0.48, b3=0.000124
Sample tb=276.40 K, log(mass)=-1.5141, 1/(kT)=41.970842, exponent=-4.1206, rmr=0.016234
Sample tb=277.71 K, log(mass)=-1.5141, 1/(kT)=41.774053, exponent=-4.0262, rmr=0.017842
Sample tb=297.56 K, log(mass)=-1.5141, 1/(kT)=38.986199, exponent=-2.6880, rmr=0.068015
Sample tb=284.89 K, log(mass)=-1.5141, 1/(kT)=40.720145, exponent=-3.5203, rmr=0.029590
Sample tb=298.67 K, log(mass)=-1.5141, 1/(kT)=38.842183, exponent=-2.6189, rmr=0.072884
MR results: 0 NA, 0 infinite, 0 negative, 0 zero
Energy calculations: 4115 non-zero gains, 11035 non-zero losses out of 11035 observations
Saved results to output/results/D1/2012/F/eb_results_MB_2012_D1_C1.rds

Processing: Species=MB, Year=2013, Origin=D1, Climate=C1, Sex=F
Looking for climate data at: /mmfs1/gscratch/biology/jmsmith/targeted_microclimate/C1/simplified_C1_2013.rds
Directory /mmfs1/gscratch/biology/jmsmith/targeted_microclimate/C1 exists. Contents:
simplified_C1_1945.rds
simplified_C1_1946.rds
simplified_C1_1947.rds
simplified_C1_1948.rds
simplified_C1_1949.rds
simplified_C1_1950.rds
simplified_C1_1951.rds
simplified_C1_1952.rds
simplified_C1_1953.rds
simplified_C1_1954.rds
simplified_C1_1955.rds
simplified_C1_1956.rds
simplified_C1_1957.rds
simplified_C1_1958.rds
simplified_C1_1959.rds
simplified_C1_1960.rds
simplified_C1_1961.rds
simplified_C1_1962.rds
simplified_C1_1963.rds
simplified_C1_1964.rds
simplified_C1_2005.rds
simplified_C1_2006.rds
simplified_C1_2007.rds
simplified_C1_2008.rds
simplified_C1_2009.rds
simplified_C1_2010.rds
simplified_C1_2011.rds
simplified_C1_2012.rds
simplified_C1_2013.rds
simplified_C1_2014.rds
simplified_C1_2015.rds
simplified_C1_2016.rds
simplified_C1_2017.rds
simplified_C1_2018.rds
simplified_C1_2019.rds
simplified_C1_2020.rds
simplified_C1_2021.rds
simplified_C1_2022.rds
simplified_C1_2023.rds
simplified_C1_2024.rds
Processing batch 1/12 (rows 1-1000)
  Calculated 1000 temperatures. Range: -6.77 to 59.14
Processing batch 2/12 (rows 1001-2000)
  Calculated 1000 temperatures. Range: -0.73 to 51.06
Processing batch 3/12 (rows 2001-3000)
  Calculated 1000 temperatures. Range: -5.35 to 47.67
Processing batch 4/12 (rows 3001-4000)
  Calculated 1000 temperatures. Range: 0.51 to 41.53
Processing batch 5/12 (rows 4001-5000)
  Calculated 1000 temperatures. Range: -4.83 to 37.94
Processing batch 6/12 (rows 5001-6000)
  Calculated 1000 temperatures. Range: 0.82 to 42.85
Processing batch 7/12 (rows 6001-7000)
  Calculated 1000 temperatures. Range: -3.67 to 35.14
Processing batch 8/12 (rows 7001-8000)
  Calculated 1000 temperatures. Range: -0.94 to 16.76
Processing batch 9/12 (rows 8001-9000)
  Calculated 1000 temperatures. Range: -3.19 to 15.94
Processing batch 10/12 (rows 9001-10000)
  Calculated 1000 temperatures. Range: 0.02 to 20.37
Processing batch 11/12 (rows 10001-11000)
  Calculated 1000 temperatures. Range: 1.60 to 19.94
Processing batch 12/12 (rows 11001-11035)
  Calculated 35 temperatures. Range: 6.45 to 17.47
Total observations: 11035, Unique timestamps: 2207
MR parameters: mass=0.22, elev=3300.0, b0=17.10, b1=0.98, b2=-0.48, b3=0.000124
Sample tb=282.29 K, log(mass)=-1.5141, 1/(kT)=41.095161, exponent=-3.7003, rmr=0.024716
Sample tb=282.37 K, log(mass)=-1.5141, 1/(kT)=41.083521, exponent=-3.6947, rmr=0.024854
Sample tb=285.58 K, log(mass)=-1.5141, 1/(kT)=40.622540, exponent=-3.4735, rmr=0.031009
Sample tb=293.32 K, log(mass)=-1.5141, 1/(kT)=39.550568, exponent=-2.9589, rmr=0.051875
Sample tb=284.91 K, log(mass)=-1.5141, 1/(kT)=40.718463, exponent=-3.5195, rmr=0.029614
MR results: 0 NA, 0 infinite, 0 negative, 0 zero
Energy calculations: 3951 non-zero gains, 11035 non-zero losses out of 11035 observations
Saved results to output/results/D1/2013/F/eb_results_MB_2013_D1_C1.rds

Processing: Species=MB, Year=2014, Origin=D1, Climate=C1, Sex=F
Looking for climate data at: /mmfs1/gscratch/biology/jmsmith/targeted_microclimate/C1/simplified_C1_2014.rds
Directory /mmfs1/gscratch/biology/jmsmith/targeted_microclimate/C1 exists. Contents:
simplified_C1_1945.rds
simplified_C1_1946.rds
simplified_C1_1947.rds
simplified_C1_1948.rds
simplified_C1_1949.rds
simplified_C1_1950.rds
simplified_C1_1951.rds
simplified_C1_1952.rds
simplified_C1_1953.rds
simplified_C1_1954.rds
simplified_C1_1955.rds
simplified_C1_1956.rds
simplified_C1_1957.rds
simplified_C1_1958.rds
simplified_C1_1959.rds
simplified_C1_1960.rds
simplified_C1_1961.rds
simplified_C1_1962.rds
simplified_C1_1963.rds
simplified_C1_1964.rds
simplified_C1_2005.rds
simplified_C1_2006.rds
simplified_C1_2007.rds
simplified_C1_2008.rds
simplified_C1_2009.rds
simplified_C1_2010.rds
simplified_C1_2011.rds
simplified_C1_2012.rds
simplified_C1_2013.rds
simplified_C1_2014.rds
simplified_C1_2015.rds
simplified_C1_2016.rds
simplified_C1_2017.rds
simplified_C1_2018.rds
simplified_C1_2019.rds
simplified_C1_2020.rds
simplified_C1_2021.rds
simplified_C1_2022.rds
simplified_C1_2023.rds
simplified_C1_2024.rds
Processing batch 1/12 (rows 1-1000)
  Calculated 1000 temperatures. Range: -6.78 to 50.36
Processing batch 2/12 (rows 1001-2000)
  Calculated 1000 temperatures. Range: -0.10 to 49.99
Processing batch 3/12 (rows 2001-3000)
  Calculated 1000 temperatures. Range: -5.04 to 42.16
Processing batch 4/12 (rows 3001-4000)
  Calculated 1000 temperatures. Range: 0.84 to 40.81
Processing batch 5/12 (rows 4001-5000)
  Calculated 1000 temperatures. Range: -4.73 to 36.68
Processing batch 6/12 (rows 5001-6000)
  Calculated 1000 temperatures. Range: 1.15 to 37.63
Processing batch 7/12 (rows 6001-7000)
  Calculated 1000 temperatures. Range: -3.71 to 34.49
Processing batch 8/12 (rows 7001-8000)
  Calculated 1000 temperatures. Range: -2.11 to 15.76
Processing batch 9/12 (rows 8001-9000)
  Calculated 1000 temperatures. Range: -0.31 to 14.99
Processing batch 10/12 (rows 9001-10000)
  Calculated 1000 temperatures. Range: -3.35 to 18.85
Processing batch 11/12 (rows 10001-11000)
  Calculated 1000 temperatures. Range: 1.50 to 19.12
Processing batch 12/12 (rows 11001-11035)
  Calculated 35 temperatures. Range: 1.53 to 14.83
Total observations: 11035, Unique timestamps: 2207
MR parameters: mass=0.22, elev=3300.0, b0=17.10, b1=0.98, b2=-0.48, b3=0.000124
Sample tb=275.84 K, log(mass)=-1.5141, 1/(kT)=42.056289, exponent=-4.1617, rmr=0.015582
Sample tb=283.98 K, log(mass)=-1.5141, 1/(kT)=40.851773, exponent=-3.5835, rmr=0.027778
Sample tb=281.40 K, log(mass)=-1.5141, 1/(kT)=41.225558, exponent=-3.7629, rmr=0.023216
Sample tb=279.93 K, log(mass)=-1.5141, 1/(kT)=41.442357, exponent=-3.8670, rmr=0.020922
Sample tb=280.93 K, log(mass)=-1.5141, 1/(kT)=41.295131, exponent=-3.7963, rmr=0.022454
MR results: 0 NA, 0 infinite, 0 negative, 0 zero
Energy calculations: 3486 non-zero gains, 11035 non-zero losses out of 11035 observations
Saved results to output/results/D1/2014/F/eb_results_MB_2014_D1_C1.rds

Processing: Species=MB, Year=2015, Origin=D1, Climate=C1, Sex=F
Looking for climate data at: /mmfs1/gscratch/biology/jmsmith/targeted_microclimate/C1/simplified_C1_2015.rds
Directory /mmfs1/gscratch/biology/jmsmith/targeted_microclimate/C1 exists. Contents:
simplified_C1_1945.rds
simplified_C1_1946.rds
simplified_C1_1947.rds
simplified_C1_1948.rds
simplified_C1_1949.rds
simplified_C1_1950.rds
simplified_C1_1951.rds
simplified_C1_1952.rds
simplified_C1_1953.rds
simplified_C1_1954.rds
simplified_C1_1955.rds
simplified_C1_1956.rds
simplified_C1_1957.rds
simplified_C1_1958.rds
simplified_C1_1959.rds
simplified_C1_1960.rds
simplified_C1_1961.rds
simplified_C1_1962.rds
simplified_C1_1963.rds
simplified_C1_1964.rds
simplified_C1_2005.rds
simplified_C1_2006.rds
simplified_C1_2007.rds
simplified_C1_2008.rds
simplified_C1_2009.rds
simplified_C1_2010.rds
simplified_C1_2011.rds
simplified_C1_2012.rds
simplified_C1_2013.rds
simplified_C1_2014.rds
simplified_C1_2015.rds
simplified_C1_2016.rds
simplified_C1_2017.rds
simplified_C1_2018.rds
simplified_C1_2019.rds
simplified_C1_2020.rds
simplified_C1_2021.rds
simplified_C1_2022.rds
simplified_C1_2023.rds
simplified_C1_2024.rds
Processing batch 1/12 (rows 1-1000)
  Calculated 1000 temperatures. Range: -1.44 to 54.37
Processing batch 2/12 (rows 1001-2000)
  Calculated 1000 temperatures. Range: -2.33 to 50.18
Processing batch 3/12 (rows 2001-3000)
  Calculated 1000 temperatures. Range: -2.21 to 48.20
Processing batch 4/12 (rows 3001-4000)
  Calculated 1000 temperatures. Range: 1.70 to 39.97
Processing batch 5/12 (rows 4001-5000)
  Calculated 1000 temperatures. Range: -1.56 to 41.60
Processing batch 6/12 (rows 5001-6000)
  Calculated 1000 temperatures. Range: 1.78 to 39.42
Processing batch 7/12 (rows 6001-7000)
  Calculated 1000 temperatures. Range: -0.83 to 38.30
Processing batch 8/12 (rows 7001-8000)
  Calculated 1000 temperatures. Range: 1.86 to 16.73
Processing batch 9/12 (rows 8001-9000)
  Calculated 1000 temperatures. Range: -0.11 to 17.14
Processing batch 10/12 (rows 9001-10000)
  Calculated 1000 temperatures. Range: 0.64 to 19.93
Processing batch 11/12 (rows 10001-11000)
  Calculated 1000 temperatures. Range: -0.22 to 20.15
Processing batch 12/12 (rows 11001-11035)
  Calculated 35 temperatures. Range: 5.11 to 17.75
Total observations: 11035, Unique timestamps: 2207
MR parameters: mass=0.22, elev=3300.0, b0=17.10, b1=0.98, b2=-0.48, b3=0.000124
Sample tb=299.66 K, log(mass)=-1.5141, 1/(kT)=38.713446, exponent=-2.5571, rmr=0.077529
Sample tb=287.49 K, log(mass)=-1.5141, 1/(kT)=40.351914, exponent=-3.3436, rmr=0.035311
Sample tb=285.75 K, log(mass)=-1.5141, 1/(kT)=40.597827, exponent=-3.4616, rmr=0.031379
Sample tb=277.96 K, log(mass)=-1.5141, 1/(kT)=41.735355, exponent=-4.0076, rmr=0.018177
Sample tb=276.41 K, log(mass)=-1.5141, 1/(kT)=41.969648, exponent=-4.1201, rmr=0.016243
MR results: 0 NA, 0 infinite, 0 negative, 0 zero
Energy calculations: 3898 non-zero gains, 11035 non-zero losses out of 11035 observations
Saved results to output/results/D1/2015/F/eb_results_MB_2015_D1_C1.rds

Processing: Species=MB, Year=2016, Origin=D1, Climate=C1, Sex=F
Looking for climate data at: /mmfs1/gscratch/biology/jmsmith/targeted_microclimate/C1/simplified_C1_2016.rds
Directory /mmfs1/gscratch/biology/jmsmith/targeted_microclimate/C1 exists. Contents:
simplified_C1_1945.rds
simplified_C1_1946.rds
simplified_C1_1947.rds
simplified_C1_1948.rds
simplified_C1_1949.rds
simplified_C1_1950.rds
simplified_C1_1951.rds
simplified_C1_1952.rds
simplified_C1_1953.rds
simplified_C1_1954.rds
simplified_C1_1955.rds
simplified_C1_1956.rds
simplified_C1_1957.rds
simplified_C1_1958.rds
simplified_C1_1959.rds
simplified_C1_1960.rds
simplified_C1_1961.rds
simplified_C1_1962.rds
simplified_C1_1963.rds
simplified_C1_1964.rds
simplified_C1_2005.rds
simplified_C1_2006.rds
simplified_C1_2007.rds
simplified_C1_2008.rds
simplified_C1_2009.rds
simplified_C1_2010.rds
simplified_C1_2011.rds
simplified_C1_2012.rds
simplified_C1_2013.rds
simplified_C1_2014.rds
simplified_C1_2015.rds
simplified_C1_2016.rds
simplified_C1_2017.rds
simplified_C1_2018.rds
simplified_C1_2019.rds
simplified_C1_2020.rds
simplified_C1_2021.rds
simplified_C1_2022.rds
simplified_C1_2023.rds
simplified_C1_2024.rds
Processing batch 1/12 (rows 1-1000)
  Calculated 1000 temperatures. Range: -2.22 to 54.87
Processing batch 2/12 (rows 1001-2000)
  Calculated 1000 temperatures. Range: -0.71 to 50.28
Processing batch 3/12 (rows 2001-3000)
  Calculated 1000 temperatures. Range: -3.22 to 43.70
Processing batch 4/12 (rows 3001-4000)
  Calculated 1000 temperatures. Range: 0.43 to 43.85
Processing batch 5/12 (rows 4001-5000)
  Calculated 1000 temperatures. Range: -2.30 to 39.89
Processing batch 6/12 (rows 5001-6000)
  Calculated 1000 temperatures. Range: 0.52 to 41.25
Processing batch 7/12 (rows 6001-7000)
  Calculated 1000 temperatures. Range: -1.72 to 36.71
Processing batch 8/12 (rows 7001-8000)
  Calculated 1000 temperatures. Range: 0.67 to 17.39
Processing batch 9/12 (rows 8001-9000)
  Calculated 1000 temperatures. Range: -0.58 to 15.97
Processing batch 10/12 (rows 9001-10000)
  Calculated 1000 temperatures. Range: 0.44 to 21.16
Processing batch 11/12 (rows 10001-11000)
  Calculated 1000 temperatures. Range: -0.67 to 19.46
Processing batch 12/12 (rows 11001-11035)
  Calculated 35 temperatures. Range: 1.45 to 14.55
Total observations: 11035, Unique timestamps: 2207
MR parameters: mass=0.22, elev=3300.0, b0=17.10, b1=0.98, b2=-0.48, b3=0.000124
Sample tb=279.46 K, log(mass)=-1.5141, 1/(kT)=41.511700, exponent=-3.9003, rmr=0.020237
Sample tb=296.92 K, log(mass)=-1.5141, 1/(kT)=39.071116, exponent=-2.7288, rmr=0.065299
Sample tb=308.18 K, log(mass)=-1.5141, 1/(kT)=37.643726, exponent=-2.0436, rmr=0.129557
Sample tb=282.97 K, log(mass)=-1.5141, 1/(kT)=40.997139, exponent=-3.6533, rmr=0.025906
Sample tb=281.46 K, log(mass)=-1.5141, 1/(kT)=41.216946, exponent=-3.7588, rmr=0.023312
MR results: 0 NA, 0 infinite, 0 negative, 0 zero
Energy calculations: 3963 non-zero gains, 11035 non-zero losses out of 11035 observations
Saved results to output/results/D1/2016/F/eb_results_MB_2016_D1_C1.rds

Processing: Species=MB, Year=2017, Origin=D1, Climate=C1, Sex=F
Looking for climate data at: /mmfs1/gscratch/biology/jmsmith/targeted_microclimate/C1/simplified_C1_2017.rds
Directory /mmfs1/gscratch/biology/jmsmith/targeted_microclimate/C1 exists. Contents:
simplified_C1_1945.rds
simplified_C1_1946.rds
simplified_C1_1947.rds
simplified_C1_1948.rds
simplified_C1_1949.rds
simplified_C1_1950.rds
simplified_C1_1951.rds
simplified_C1_1952.rds
simplified_C1_1953.rds
simplified_C1_1954.rds
simplified_C1_1955.rds
simplified_C1_1956.rds
simplified_C1_1957.rds
simplified_C1_1958.rds
simplified_C1_1959.rds
simplified_C1_1960.rds
simplified_C1_1961.rds
simplified_C1_1962.rds
simplified_C1_1963.rds
simplified_C1_1964.rds
simplified_C1_2005.rds
simplified_C1_2006.rds
simplified_C1_2007.rds
simplified_C1_2008.rds
simplified_C1_2009.rds
simplified_C1_2010.rds
simplified_C1_2011.rds
simplified_C1_2012.rds
simplified_C1_2013.rds
simplified_C1_2014.rds
simplified_C1_2015.rds
simplified_C1_2016.rds
simplified_C1_2017.rds
simplified_C1_2018.rds
simplified_C1_2019.rds
simplified_C1_2020.rds
simplified_C1_2021.rds
simplified_C1_2022.rds
simplified_C1_2023.rds
simplified_C1_2024.rds
Processing batch 1/12 (rows 1-1000)
  Calculated 1000 temperatures. Range: -4.13 to 56.60
Processing batch 2/12 (rows 1001-2000)
  Calculated 1000 temperatures. Range: 0.82 to 48.78
Processing batch 3/12 (rows 2001-3000)
  Calculated 1000 temperatures. Range: -2.11 to 44.62
Processing batch 4/12 (rows 3001-4000)
  Calculated 1000 temperatures. Range: 1.64 to 39.02
Processing batch 5/12 (rows 4001-5000)
  Calculated 1000 temperatures. Range: -2.09 to 37.23
Processing batch 6/12 (rows 5001-6000)
  Calculated 1000 temperatures. Range: -0.96 to 41.71
Processing batch 7/12 (rows 6001-7000)
  Calculated 1000 temperatures. Range: -1.54 to 36.17
Processing batch 8/12 (rows 7001-8000)
  Calculated 1000 temperatures. Range: -0.39 to 17.44
Processing batch 9/12 (rows 8001-9000)
  Calculated 1000 temperatures. Range: 0.05 to 15.82
Processing batch 10/12 (rows 9001-10000)
  Calculated 1000 temperatures. Range: -0.62 to 20.73
Processing batch 11/12 (rows 10001-11000)
  Calculated 1000 temperatures. Range: 2.07 to 19.59
Processing batch 12/12 (rows 11001-11035)
  Calculated 35 temperatures. Range: 3.28 to 16.53
Total observations: 11035, Unique timestamps: 2207
MR parameters: mass=0.22, elev=3300.0, b0=17.10, b1=0.98, b2=-0.48, b3=0.000124
Sample tb=281.22 K, log(mass)=-1.5141, 1/(kT)=41.251792, exponent=-3.7755, rmr=0.022925
Sample tb=287.16 K, log(mass)=-1.5141, 1/(kT)=40.399077, exponent=-3.3662, rmr=0.034520
Sample tb=288.68 K, log(mass)=-1.5141, 1/(kT)=40.186225, exponent=-3.2640, rmr=0.038234
Sample tb=279.93 K, log(mass)=-1.5141, 1/(kT)=41.442967, exponent=-3.8673, rmr=0.020915
Sample tb=300.84 K, log(mass)=-1.5141, 1/(kT)=38.561215, exponent=-2.4840, rmr=0.083407
MR results: 0 NA, 0 infinite, 0 negative, 0 zero
Energy calculations: 3876 non-zero gains, 11035 non-zero losses out of 11035 observations
Saved results to output/results/D1/2017/F/eb_results_MB_2017_D1_C1.rds

Processing: Species=MB, Year=2018, Origin=D1, Climate=C1, Sex=F
Looking for climate data at: /mmfs1/gscratch/biology/jmsmith/targeted_microclimate/C1/simplified_C1_2018.rds
Directory /mmfs1/gscratch/biology/jmsmith/targeted_microclimate/C1 exists. Contents:
simplified_C1_1945.rds
simplified_C1_1946.rds
simplified_C1_1947.rds
simplified_C1_1948.rds
simplified_C1_1949.rds
simplified_C1_1950.rds
simplified_C1_1951.rds
simplified_C1_1952.rds
simplified_C1_1953.rds
simplified_C1_1954.rds
simplified_C1_1955.rds
simplified_C1_1956.rds
simplified_C1_1957.rds
simplified_C1_1958.rds
simplified_C1_1959.rds
simplified_C1_1960.rds
simplified_C1_1961.rds
simplified_C1_1962.rds
simplified_C1_1963.rds
simplified_C1_1964.rds
simplified_C1_2005.rds
simplified_C1_2006.rds
simplified_C1_2007.rds
simplified_C1_2008.rds
simplified_C1_2009.rds
simplified_C1_2010.rds
simplified_C1_2011.rds
simplified_C1_2012.rds
simplified_C1_2013.rds
simplified_C1_2014.rds
simplified_C1_2015.rds
simplified_C1_2016.rds
simplified_C1_2017.rds
simplified_C1_2018.rds
simplified_C1_2019.rds
simplified_C1_2020.rds
simplified_C1_2021.rds
simplified_C1_2022.rds
simplified_C1_2023.rds
simplified_C1_2024.rds
Processing batch 1/12 (rows 1-1000)
  Calculated 1000 temperatures. Range: -4.38 to 56.30
Processing batch 2/12 (rows 1001-2000)
  Calculated 1000 temperatures. Range: -1.12 to 48.20
Processing batch 3/12 (rows 2001-3000)
  Calculated 1000 temperatures. Range: -2.96 to 44.94
Processing batch 4/12 (rows 3001-4000)
  Calculated 1000 temperatures. Range: 0.98 to 38.87
Processing batch 5/12 (rows 4001-5000)
  Calculated 1000 temperatures. Range: -2.72 to 41.69
Processing batch 6/12 (rows 5001-6000)
  Calculated 1000 temperatures. Range: -0.74 to 37.03
Processing batch 7/12 (rows 6001-7000)
  Calculated 1000 temperatures. Range: -2.01 to 36.43
Processing batch 8/12 (rows 7001-8000)
  Calculated 1000 temperatures. Range: -0.38 to 17.64
Processing batch 9/12 (rows 8001-9000)
  Calculated 1000 temperatures. Range: -1.55 to 17.88
Processing batch 10/12 (rows 9001-10000)
  Calculated 1000 temperatures. Range: 0.19 to 21.19
Processing batch 11/12 (rows 10001-11000)
  Calculated 1000 temperatures. Range: -0.01 to 20.33
Processing batch 12/12 (rows 11001-11035)
  Calculated 35 temperatures. Range: 3.70 to 16.67
Total observations: 11035, Unique timestamps: 2207
MR parameters: mass=0.22, elev=3300.0, b0=17.10, b1=0.98, b2=-0.48, b3=0.000124
Sample tb=282.20 K, log(mass)=-1.5141, 1/(kT)=41.108177, exponent=-3.7066, rmr=0.024562
Sample tb=291.49 K, log(mass)=-1.5141, 1/(kT)=39.798763, exponent=-3.0781, rmr=0.046049
Sample tb=276.32 K, log(mass)=-1.5141, 1/(kT)=41.983470, exponent=-4.1267, rmr=0.016136
Sample tb=289.11 K, log(mass)=-1.5141, 1/(kT)=40.126628, exponent=-3.2354, rmr=0.039343
Sample tb=293.59 K, log(mass)=-1.5141, 1/(kT)=39.513390, exponent=-2.9411, rmr=0.052809
MR results: 0 NA, 0 infinite, 0 negative, 0 zero
Energy calculations: 4088 non-zero gains, 11035 non-zero losses out of 11035 observations
Saved results to output/results/D1/2018/F/eb_results_MB_2018_D1_C1.rds

Processing: Species=MB, Year=2019, Origin=D1, Climate=C1, Sex=F
Looking for climate data at: /mmfs1/gscratch/biology/jmsmith/targeted_microclimate/C1/simplified_C1_2019.rds
Directory /mmfs1/gscratch/biology/jmsmith/targeted_microclimate/C1 exists. Contents:
simplified_C1_1945.rds
simplified_C1_1946.rds
simplified_C1_1947.rds
simplified_C1_1948.rds
simplified_C1_1949.rds
simplified_C1_1950.rds
simplified_C1_1951.rds
simplified_C1_1952.rds
simplified_C1_1953.rds
simplified_C1_1954.rds
simplified_C1_1955.rds
simplified_C1_1956.rds
simplified_C1_1957.rds
simplified_C1_1958.rds
simplified_C1_1959.rds
simplified_C1_1960.rds
simplified_C1_1961.rds
simplified_C1_1962.rds
simplified_C1_1963.rds
simplified_C1_1964.rds
simplified_C1_2005.rds
simplified_C1_2006.rds
simplified_C1_2007.rds
simplified_C1_2008.rds
simplified_C1_2009.rds
simplified_C1_2010.rds
simplified_C1_2011.rds
simplified_C1_2012.rds
simplified_C1_2013.rds
simplified_C1_2014.rds
simplified_C1_2015.rds
simplified_C1_2016.rds
simplified_C1_2017.rds
simplified_C1_2018.rds
simplified_C1_2019.rds
simplified_C1_2020.rds
simplified_C1_2021.rds
simplified_C1_2022.rds
simplified_C1_2023.rds
simplified_C1_2024.rds
Processing batch 1/12 (rows 1-1000)
  Calculated 1000 temperatures. Range: -4.50 to 51.74
Processing batch 2/12 (rows 1001-2000)
  Calculated 1000 temperatures. Range: -0.36 to 55.89
Processing batch 3/12 (rows 2001-3000)
  Calculated 1000 temperatures. Range: -4.47 to 44.09
Processing batch 4/12 (rows 3001-4000)
  Calculated 1000 temperatures. Range: 1.59 to 45.71
Processing batch 5/12 (rows 4001-5000)
  Calculated 1000 temperatures. Range: -3.47 to 37.98
Processing batch 6/12 (rows 5001-6000)
  Calculated 1000 temperatures. Range: 0.16 to 42.40
Processing batch 7/12 (rows 6001-7000)
  Calculated 1000 temperatures. Range: -2.78 to 36.91
Processing batch 8/12 (rows 7001-8000)
  Calculated 1000 temperatures. Range: -2.63 to 17.58
Processing batch 9/12 (rows 8001-9000)
  Calculated 1000 temperatures. Range: -0.52 to 16.96
Processing batch 10/12 (rows 9001-10000)
  Calculated 1000 temperatures. Range: -3.45 to 20.36
Processing batch 11/12 (rows 10001-11000)
  Calculated 1000 temperatures. Range: 1.92 to 21.67
Processing batch 12/12 (rows 11001-11035)
  Calculated 35 temperatures. Range: 4.13 to 17.95
Total observations: 11035, Unique timestamps: 2207
MR parameters: mass=0.22, elev=3300.0, b0=17.10, b1=0.98, b2=-0.48, b3=0.000124
Sample tb=285.69 K, log(mass)=-1.5141, 1/(kT)=40.606572, exponent=-3.4658, rmr=0.031248
Sample tb=303.52 K, log(mass)=-1.5141, 1/(kT)=38.221358, exponent=-2.3209, rmr=0.098185
Sample tb=287.78 K, log(mass)=-1.5141, 1/(kT)=40.312380, exponent=-3.3246, rmr=0.035987
Sample tb=279.61 K, log(mass)=-1.5141, 1/(kT)=41.489021, exponent=-3.8894, rmr=0.020458
Sample tb=287.53 K, log(mass)=-1.5141, 1/(kT)=40.346246, exponent=-3.3408, rmr=0.035407
MR results: 0 NA, 0 infinite, 0 negative, 0 zero
Energy calculations: 3961 non-zero gains, 11035 non-zero losses out of 11035 observations
Saved results to output/results/D1/2019/F/eb_results_MB_2019_D1_C1.rds

Processing: Species=MB, Year=2020, Origin=D1, Climate=C1, Sex=F
Looking for climate data at: /mmfs1/gscratch/biology/jmsmith/targeted_microclimate/C1/simplified_C1_2020.rds
Directory /mmfs1/gscratch/biology/jmsmith/targeted_microclimate/C1 exists. Contents:
simplified_C1_1945.rds
simplified_C1_1946.rds
simplified_C1_1947.rds
simplified_C1_1948.rds
simplified_C1_1949.rds
simplified_C1_1950.rds
simplified_C1_1951.rds
simplified_C1_1952.rds
simplified_C1_1953.rds
simplified_C1_1954.rds
simplified_C1_1955.rds
simplified_C1_1956.rds
simplified_C1_1957.rds
simplified_C1_1958.rds
simplified_C1_1959.rds
simplified_C1_1960.rds
simplified_C1_1961.rds
simplified_C1_1962.rds
simplified_C1_1963.rds
simplified_C1_1964.rds
simplified_C1_2005.rds
simplified_C1_2006.rds
simplified_C1_2007.rds
simplified_C1_2008.rds
simplified_C1_2009.rds
simplified_C1_2010.rds
simplified_C1_2011.rds
simplified_C1_2012.rds
simplified_C1_2013.rds
simplified_C1_2014.rds
simplified_C1_2015.rds
simplified_C1_2016.rds
simplified_C1_2017.rds
simplified_C1_2018.rds
simplified_C1_2019.rds
simplified_C1_2020.rds
simplified_C1_2021.rds
simplified_C1_2022.rds
simplified_C1_2023.rds
simplified_C1_2024.rds
Processing batch 1/12 (rows 1-1000)
  Calculated 1000 temperatures. Range: -5.19 to 55.84
Processing batch 2/12 (rows 1001-2000)
  Calculated 1000 temperatures. Range: 0.23 to 51.49
Processing batch 3/12 (rows 2001-3000)
  Calculated 1000 temperatures. Range: -3.86 to 48.25
Processing batch 4/12 (rows 3001-4000)
  Calculated 1000 temperatures. Range: 1.29 to 41.82
Processing batch 5/12 (rows 4001-5000)
  Calculated 1000 temperatures. Range: -3.74 to 41.74
Processing batch 6/12 (rows 5001-6000)
  Calculated 1000 temperatures. Range: -1.48 to 38.47
Processing batch 7/12 (rows 6001-7000)
  Calculated 1000 temperatures. Range: -4.21 to 39.26
Processing batch 8/12 (rows 7001-8000)
  Calculated 1000 temperatures. Range: -2.03 to 16.06
Processing batch 9/12 (rows 8001-9000)
  Calculated 1000 temperatures. Range: -0.78 to 18.30
Processing batch 10/12 (rows 9001-10000)
  Calculated 1000 temperatures. Range: -3.28 to 19.98
Processing batch 11/12 (rows 10001-11000)
  Calculated 1000 temperatures. Range: 3.03 to 20.42
Processing batch 12/12 (rows 11001-11035)
  Calculated 35 temperatures. Range: -0.25 to 16.17
Total observations: 11035, Unique timestamps: 2207
MR parameters: mass=0.22, elev=3300.0, b0=17.10, b1=0.98, b2=-0.48, b3=0.000124
Sample tb=283.06 K, log(mass)=-1.5141, 1/(kT)=40.984673, exponent=-3.6473, rmr=0.026062
Sample tb=281.70 K, log(mass)=-1.5141, 1/(kT)=41.181939, exponent=-3.7420, rmr=0.023707
Sample tb=282.17 K, log(mass)=-1.5141, 1/(kT)=41.113307, exponent=-3.7090, rmr=0.024501
Sample tb=277.13 K, log(mass)=-1.5141, 1/(kT)=41.861095, exponent=-4.0680, rmr=0.017112
Sample tb=283.17 K, log(mass)=-1.5141, 1/(kT)=40.968298, exponent=-3.6394, rmr=0.026267
MR results: 0 NA, 0 infinite, 0 negative, 0 zero
Energy calculations: 4045 non-zero gains, 11035 non-zero losses out of 11035 observations
Saved results to output/results/D1/2020/F/eb_results_MB_2020_D1_C1.rds

Processing: Species=MB, Year=2021, Origin=D1, Climate=C1, Sex=F
Looking for climate data at: /mmfs1/gscratch/biology/jmsmith/targeted_microclimate/C1/simplified_C1_2021.rds
Directory /mmfs1/gscratch/biology/jmsmith/targeted_microclimate/C1 exists. Contents:
simplified_C1_1945.rds
simplified_C1_1946.rds
simplified_C1_1947.rds
simplified_C1_1948.rds
simplified_C1_1949.rds
simplified_C1_1950.rds
simplified_C1_1951.rds
simplified_C1_1952.rds
simplified_C1_1953.rds
simplified_C1_1954.rds
simplified_C1_1955.rds
simplified_C1_1956.rds
simplified_C1_1957.rds
simplified_C1_1958.rds
simplified_C1_1959.rds
simplified_C1_1960.rds
simplified_C1_1961.rds
simplified_C1_1962.rds
simplified_C1_1963.rds
simplified_C1_1964.rds
simplified_C1_2005.rds
simplified_C1_2006.rds
simplified_C1_2007.rds
simplified_C1_2008.rds
simplified_C1_2009.rds
simplified_C1_2010.rds
simplified_C1_2011.rds
simplified_C1_2012.rds
simplified_C1_2013.rds
simplified_C1_2014.rds
simplified_C1_2015.rds
simplified_C1_2016.rds
simplified_C1_2017.rds
simplified_C1_2018.rds
simplified_C1_2019.rds
simplified_C1_2020.rds
simplified_C1_2021.rds
simplified_C1_2022.rds
simplified_C1_2023.rds
simplified_C1_2024.rds
Processing batch 1/12 (rows 1-1000)
  Calculated 1000 temperatures. Range: -5.82 to 53.29
Processing batch 2/12 (rows 1001-2000)
  Calculated 1000 temperatures. Range: 0.60 to 54.15
Processing batch 3/12 (rows 2001-3000)
  Calculated 1000 temperatures. Range: -4.63 to 45.54
Processing batch 4/12 (rows 3001-4000)
  Calculated 1000 temperatures. Range: 2.15 to 43.49
Processing batch 5/12 (rows 4001-5000)
  Calculated 1000 temperatures. Range: -4.71 to 40.81
Processing batch 6/12 (rows 5001-6000)
  Calculated 1000 temperatures. Range: 0.71 to 40.38
Processing batch 7/12 (rows 6001-7000)
  Calculated 1000 temperatures. Range: -4.45 to 37.05
Processing batch 8/12 (rows 7001-8000)
  Calculated 1000 temperatures. Range: 0.74 to 17.40
Processing batch 9/12 (rows 8001-9000)
  Calculated 1000 temperatures. Range: -3.92 to 18.14
Processing batch 10/12 (rows 9001-10000)
  Calculated 1000 temperatures. Range: -1.56 to 20.89
Processing batch 11/12 (rows 10001-11000)
  Calculated 1000 temperatures. Range: 1.79 to 21.21
Processing batch 12/12 (rows 11001-11035)
  Calculated 35 temperatures. Range: 2.38 to 17.88
Total observations: 11035, Unique timestamps: 2207
MR parameters: mass=0.22, elev=3300.0, b0=17.10, b1=0.98, b2=-0.48, b3=0.000124
Sample tb=293.24 K, log(mass)=-1.5141, 1/(kT)=39.561805, exponent=-2.9643, rmr=0.051596
Sample tb=281.96 K, log(mass)=-1.5141, 1/(kT)=41.143729, exponent=-3.7236, rmr=0.024146
Sample tb=283.44 K, log(mass)=-1.5141, 1/(kT)=40.929662, exponent=-3.6209, rmr=0.026759
Sample tb=297.23 K, log(mass)=-1.5141, 1/(kT)=39.029524, exponent=-2.7088, rmr=0.066616
Sample tb=279.56 K, log(mass)=-1.5141, 1/(kT)=41.497236, exponent=-3.8933, rmr=0.020378
MR results: 0 NA, 0 infinite, 0 negative, 0 zero
Energy calculations: 4162 non-zero gains, 11035 non-zero losses out of 11035 observations
Saved results to output/results/D1/2021/F/eb_results_MB_2021_D1_C1.rds

Processing: Species=MB, Year=2022, Origin=D1, Climate=C1, Sex=F
Looking for climate data at: /mmfs1/gscratch/biology/jmsmith/targeted_microclimate/C1/simplified_C1_2022.rds
Directory /mmfs1/gscratch/biology/jmsmith/targeted_microclimate/C1 exists. Contents:
simplified_C1_1945.rds
simplified_C1_1946.rds
simplified_C1_1947.rds
simplified_C1_1948.rds
simplified_C1_1949.rds
simplified_C1_1950.rds
simplified_C1_1951.rds
simplified_C1_1952.rds
simplified_C1_1953.rds
simplified_C1_1954.rds
simplified_C1_1955.rds
simplified_C1_1956.rds
simplified_C1_1957.rds
simplified_C1_1958.rds
simplified_C1_1959.rds
simplified_C1_1960.rds
simplified_C1_1961.rds
simplified_C1_1962.rds
simplified_C1_1963.rds
simplified_C1_1964.rds
simplified_C1_2005.rds
simplified_C1_2006.rds
simplified_C1_2007.rds
simplified_C1_2008.rds
simplified_C1_2009.rds
simplified_C1_2010.rds
simplified_C1_2011.rds
simplified_C1_2012.rds
simplified_C1_2013.rds
simplified_C1_2014.rds
simplified_C1_2015.rds
simplified_C1_2016.rds
simplified_C1_2017.rds
simplified_C1_2018.rds
simplified_C1_2019.rds
simplified_C1_2020.rds
simplified_C1_2021.rds
simplified_C1_2022.rds
simplified_C1_2023.rds
simplified_C1_2024.rds
Processing batch 1/12 (rows 1-1000)
  Calculated 1000 temperatures. Range: -5.42 to 57.10
Processing batch 2/12 (rows 1001-2000)
  Calculated 1000 temperatures. Range: 1.10 to 53.90
Processing batch 3/12 (rows 2001-3000)
  Calculated 1000 temperatures. Range: -4.58 to 52.93
Processing batch 4/12 (rows 3001-4000)
  Calculated 1000 temperatures. Range: 3.17 to 46.38
Processing batch 5/12 (rows 4001-5000)
  Calculated 1000 temperatures. Range: -5.37 to 42.46
Processing batch 6/12 (rows 5001-6000)
  Calculated 1000 temperatures. Range: 0.39 to 42.76
Processing batch 7/12 (rows 6001-7000)
  Calculated 1000 temperatures. Range: -5.28 to 39.19
Processing batch 8/12 (rows 7001-8000)
  Calculated 1000 temperatures. Range: -1.50 to 17.60
Processing batch 9/12 (rows 8001-9000)
  Calculated 1000 temperatures. Range: -4.53 to 16.90
Processing batch 10/12 (rows 9001-10000)
  Calculated 1000 temperatures. Range: -1.70 to 20.75
Processing batch 11/12 (rows 10001-11000)
  Calculated 1000 temperatures. Range: 3.08 to 20.07
Processing batch 12/12 (rows 11001-11035)
  Calculated 35 temperatures. Range: 2.98 to 17.95
Total observations: 11035, Unique timestamps: 2207
MR parameters: mass=0.22, elev=3300.0, b0=17.10, b1=0.98, b2=-0.48, b3=0.000124
Sample tb=277.76 K, log(mass)=-1.5141, 1/(kT)=41.766065, exponent=-4.0224, rmr=0.017911
Sample tb=281.80 K, log(mass)=-1.5141, 1/(kT)=41.166762, exponent=-3.7347, rmr=0.023881
Sample tb=279.18 K, log(mass)=-1.5141, 1/(kT)=41.553442, exponent=-3.9203, rmr=0.019835
Sample tb=287.50 K, log(mass)=-1.5141, 1/(kT)=40.350815, exponent=-3.3430, rmr=0.035330
Sample tb=287.06 K, log(mass)=-1.5141, 1/(kT)=40.412463, exponent=-3.3726, rmr=0.034299
MR results: 0 NA, 0 infinite, 0 negative, 0 zero
Energy calculations: 4146 non-zero gains, 11035 non-zero losses out of 11035 observations
Saved results to output/results/D1/2022/F/eb_results_MB_2022_D1_C1.rds

Processing: Species=MB, Year=2023, Origin=D1, Climate=C1, Sex=F
Looking for climate data at: /mmfs1/gscratch/biology/jmsmith/targeted_microclimate/C1/simplified_C1_2023.rds
Directory /mmfs1/gscratch/biology/jmsmith/targeted_microclimate/C1 exists. Contents:
simplified_C1_1945.rds
simplified_C1_1946.rds
simplified_C1_1947.rds
simplified_C1_1948.rds
simplified_C1_1949.rds
simplified_C1_1950.rds
simplified_C1_1951.rds
simplified_C1_1952.rds
simplified_C1_1953.rds
simplified_C1_1954.rds
simplified_C1_1955.rds
simplified_C1_1956.rds
simplified_C1_1957.rds
simplified_C1_1958.rds
simplified_C1_1959.rds
simplified_C1_1960.rds
simplified_C1_1961.rds
simplified_C1_1962.rds
simplified_C1_1963.rds
simplified_C1_1964.rds
simplified_C1_2005.rds
simplified_C1_2006.rds
simplified_C1_2007.rds
simplified_C1_2008.rds
simplified_C1_2009.rds
simplified_C1_2010.rds
simplified_C1_2011.rds
simplified_C1_2012.rds
simplified_C1_2013.rds
simplified_C1_2014.rds
simplified_C1_2015.rds
simplified_C1_2016.rds
simplified_C1_2017.rds
simplified_C1_2018.rds
simplified_C1_2019.rds
simplified_C1_2020.rds
simplified_C1_2021.rds
simplified_C1_2022.rds
simplified_C1_2023.rds
simplified_C1_2024.rds
Processing batch 1/12 (rows 1-1000)
  Calculated 1000 temperatures. Range: -3.64 to 50.73
Processing batch 2/12 (rows 1001-2000)
  Calculated 1000 temperatures. Range: 0.05 to 53.53
Processing batch 3/12 (rows 2001-3000)
  Calculated 1000 temperatures. Range: -1.69 to 45.10
Processing batch 4/12 (rows 3001-4000)
  Calculated 1000 temperatures. Range: 1.02 to 43.57
Processing batch 5/12 (rows 4001-5000)
  Calculated 1000 temperatures. Range: -1.70 to 36.87
Processing batch 6/12 (rows 5001-6000)
  Calculated 1000 temperatures. Range: 0.59 to 40.89
Processing batch 7/12 (rows 6001-7000)
  Calculated 1000 temperatures. Range: -0.29 to 35.84
Processing batch 8/12 (rows 7001-8000)
  Calculated 1000 temperatures. Range: -1.77 to 17.41
Processing batch 9/12 (rows 8001-9000)
  Calculated 1000 temperatures. Range: 0.65 to 16.79
Processing batch 10/12 (rows 9001-10000)
  Calculated 1000 temperatures. Range: -0.67 to 20.51
Processing batch 11/12 (rows 10001-11000)
  Calculated 1000 temperatures. Range: 1.89 to 21.03
Processing batch 12/12 (rows 11001-11035)
  Calculated 35 temperatures. Range: 4.73 to 18.99
Total observations: 11035, Unique timestamps: 2207
MR parameters: mass=0.22, elev=3300.0, b0=17.10, b1=0.98, b2=-0.48, b3=0.000124
Sample tb=283.53 K, log(mass)=-1.5141, 1/(kT)=40.915361, exponent=-3.6140, rmr=0.026943
Sample tb=287.35 K, log(mass)=-1.5141, 1/(kT)=40.371920, exponent=-3.3532, rmr=0.034973
Sample tb=287.90 K, log(mass)=-1.5141, 1/(kT)=40.295424, exponent=-3.3164, rmr=0.036281
Sample tb=280.13 K, log(mass)=-1.5141, 1/(kT)=41.413201, exponent=-3.8530, rmr=0.021216
Sample tb=280.45 K, log(mass)=-1.5141, 1/(kT)=41.366090, exponent=-3.8304, rmr=0.021702
MR results: 0 NA, 0 infinite, 0 negative, 0 zero
Energy calculations: 3846 non-zero gains, 11035 non-zero losses out of 11035 observations
Saved results to output/results/D1/2023/F/eb_results_MB_2023_D1_C1.rds

Processing: Species=MB, Year=2024, Origin=D1, Climate=C1, Sex=F
Looking for climate data at: /mmfs1/gscratch/biology/jmsmith/targeted_microclimate/C1/simplified_C1_2024.rds
Directory /mmfs1/gscratch/biology/jmsmith/targeted_microclimate/C1 exists. Contents:
simplified_C1_1945.rds
simplified_C1_1946.rds
simplified_C1_1947.rds
simplified_C1_1948.rds
simplified_C1_1949.rds
simplified_C1_1950.rds
simplified_C1_1951.rds
simplified_C1_1952.rds
simplified_C1_1953.rds
simplified_C1_1954.rds
simplified_C1_1955.rds
simplified_C1_1956.rds
simplified_C1_1957.rds
simplified_C1_1958.rds
simplified_C1_1959.rds
simplified_C1_1960.rds
simplified_C1_1961.rds
simplified_C1_1962.rds
simplified_C1_1963.rds
simplified_C1_1964.rds
simplified_C1_2005.rds
simplified_C1_2006.rds
simplified_C1_2007.rds
simplified_C1_2008.rds
simplified_C1_2009.rds
simplified_C1_2010.rds
simplified_C1_2011.rds
simplified_C1_2012.rds
simplified_C1_2013.rds
simplified_C1_2014.rds
simplified_C1_2015.rds
simplified_C1_2016.rds
simplified_C1_2017.rds
simplified_C1_2018.rds
simplified_C1_2019.rds
simplified_C1_2020.rds
simplified_C1_2021.rds
simplified_C1_2022.rds
simplified_C1_2023.rds
simplified_C1_2024.rds
Processing batch 1/12 (rows 1-1000)
  Calculated 1000 temperatures. Range: -3.61 to 52.33
Processing batch 2/12 (rows 1001-2000)
  Calculated 1000 temperatures. Range: 1.05 to 51.78
Processing batch 3/12 (rows 2001-3000)
  Calculated 1000 temperatures. Range: -2.10 to 43.00
Processing batch 4/12 (rows 3001-4000)
  Calculated 1000 temperatures. Range: -0.67 to 42.59
Processing batch 5/12 (rows 4001-5000)
  Calculated 1000 temperatures. Range: -2.19 to 40.81
Processing batch 6/12 (rows 5001-6000)
  Calculated 1000 temperatures. Range: -0.15 to 39.79
Processing batch 7/12 (rows 6001-7000)
  Calculated 1000 temperatures. Range: 0.07 to 38.99
Processing batch 8/12 (rows 7001-8000)
  Calculated 1000 temperatures. Range: -2.29 to 16.43
Processing batch 9/12 (rows 8001-9000)
  Calculated 1000 temperatures. Range: 0.68 to 17.44
Processing batch 10/12 (rows 9001-10000)
  Calculated 1000 temperatures. Range: -1.34 to 20.74
Processing batch 11/12 (rows 10001-11000)
  Calculated 1000 temperatures. Range: 2.16 to 20.55
Processing batch 12/12 (rows 11001-11035)
  Calculated 35 temperatures. Range: 1.89 to 16.85
Total observations: 11035, Unique timestamps: 2207
MR parameters: mass=0.22, elev=3300.0, b0=17.10, b1=0.98, b2=-0.48, b3=0.000124
Sample tb=286.63 K, log(mass)=-1.5141, 1/(kT)=40.472836, exponent=-3.4016, rmr=0.033320
Sample tb=289.49 K, log(mass)=-1.5141, 1/(kT)=40.073441, exponent=-3.2099, rmr=0.040361
Sample tb=277.12 K, log(mass)=-1.5141, 1/(kT)=41.862033, exponent=-4.0684, rmr=0.017104
Sample tb=277.57 K, log(mass)=-1.5141, 1/(kT)=41.795121, exponent=-4.0363, rmr=0.017663
Sample tb=300.24 K, log(mass)=-1.5141, 1/(kT)=38.638595, exponent=-2.5212, rmr=0.080365
MR results: 0 NA, 0 infinite, 0 negative, 0 zero
Energy calculations: 4098 non-zero gains, 11035 non-zero losses out of 11035 observations
Saved results to output/results/D1/2024/F/eb_results_MB_2024_D1_C1.rds

All years processed.
