Arguments received:
Species: MB
Years: 1945, 1946, 1947, 1948, 1949, 1950, 1951, 1952, 1953, 1954, 1955, 1956, 1957, 1958, 1959, 1960, 1961, 1962, 1963, 1964
Origin site: C1
Climate site: C1
Sex: F
Output directory: output/results/C1
Library paths:
[1] "/gscratch/biology/jmsmith/R"                          
[2] "/mmfs1/home/smithju/R/x86_64-pc-linux-gnu-library/4.4"
[3] "/usr/local/lib/R/site-library"                        
[4] "/usr/local/lib/R/library"                             
Package tidyverse loaded successfully
Package TrenchR loaded successfully
Package rTPC loaded successfully
Package lubridate loaded successfully

Processing: Species=MB, Year=1945, Origin=C1, Climate=C1, Sex=F
Looking for climate data at: /mmfs1/gscratch/biology/jmsmith/targeted_microclimate/C1/simplified_C1_1945.rds
Directory /mmfs1/gscratch/biology/jmsmith/targeted_microclimate/C1 exists. Contents:
simplified_C1_1945.rds
simplified_C1_1946.rds
simplified_C1_1947.rds
simplified_C1_1948.rds
simplified_C1_1949.rds
simplified_C1_1950.rds
simplified_C1_1951.rds
simplified_C1_1952.rds
simplified_C1_1953.rds
simplified_C1_1954.rds
simplified_C1_1955.rds
simplified_C1_1956.rds
simplified_C1_1957.rds
simplified_C1_1958.rds
simplified_C1_1959.rds
simplified_C1_1960.rds
simplified_C1_1961.rds
simplified_C1_1962.rds
simplified_C1_1963.rds
simplified_C1_1964.rds
simplified_C1_2005.rds
simplified_C1_2006.rds
simplified_C1_2007.rds
simplified_C1_2008.rds
simplified_C1_2009.rds
simplified_C1_2010.rds
simplified_C1_2011.rds
simplified_C1_2012.rds
simplified_C1_2013.rds
simplified_C1_2014.rds
simplified_C1_2015.rds
simplified_C1_2016.rds
simplified_C1_2017.rds
simplified_C1_2018.rds
simplified_C1_2019.rds
simplified_C1_2020.rds
simplified_C1_2021.rds
simplified_C1_2022.rds
simplified_C1_2023.rds
simplified_C1_2024.rds
Processing batch 1/12 (rows 1-1000)
  Calculated 1000 temperatures. Range: -10.27 to 48.20
Processing batch 2/12 (rows 1001-2000)
  Calculated 1000 temperatures. Range: -0.13 to 55.18
Processing batch 3/12 (rows 2001-3000)
  Calculated 1000 temperatures. Range: -10.07 to 45.91
Processing batch 4/12 (rows 3001-4000)
  Calculated 1000 temperatures. Range: -0.16 to 43.60
Processing batch 5/12 (rows 4001-5000)
  Calculated 1000 temperatures. Range: -9.31 to 42.05
Processing batch 6/12 (rows 5001-6000)
  Calculated 1000 temperatures. Range: -2.09 to 40.89
Processing batch 7/12 (rows 6001-7000)
  Calculated 1000 temperatures. Range: -6.54 to 39.30
Processing batch 8/12 (rows 7001-8000)
  Calculated 1000 temperatures. Range: -7.98 to 15.50
Processing batch 9/12 (rows 8001-9000)
  Calculated 1000 temperatures. Range: -3.95 to 16.14
Processing batch 10/12 (rows 9001-10000)
  Calculated 1000 temperatures. Range: -8.82 to 17.31
Processing batch 11/12 (rows 10001-11000)
  Calculated 1000 temperatures. Range: 1.78 to 18.59
Processing batch 12/12 (rows 11001-11035)
  Calculated 35 temperatures. Range: 3.75 to 16.72
Total observations: 11035, Unique timestamps: 2207
MR parameters: mass=0.24, elev=3014.0, b0=17.10, b1=0.98, b2=-0.48, b3=0.000124
Sample tb=298.40 K, log(mass)=-1.4271, 1/(kT)=38.877350, exponent=-2.5860, rmr=0.075323
Sample tb=274.16 K, log(mass)=-1.4271, 1/(kT)=42.314416, exponent=-4.2358, rmr=0.014469
Sample tb=277.51 K, log(mass)=-1.4271, 1/(kT)=41.803034, exponent=-3.9903, rmr=0.018494
Sample tb=280.49 K, log(mass)=-1.4271, 1/(kT)=41.359856, exponent=-3.7776, rmr=0.022878
Sample tb=281.39 K, log(mass)=-1.4271, 1/(kT)=41.226783, exponent=-3.7137, rmr=0.024387
MR results: 0 NA, 0 infinite, 0 negative, 0 zero
Energy calculations: 3180 non-zero gains, 11035 non-zero losses out of 11035 observations
Saved results to output/results/C1/1945/F/eb_results_MB_1945_C1_C1.rds

Processing: Species=MB, Year=1946, Origin=C1, Climate=C1, Sex=F
Looking for climate data at: /mmfs1/gscratch/biology/jmsmith/targeted_microclimate/C1/simplified_C1_1946.rds
Directory /mmfs1/gscratch/biology/jmsmith/targeted_microclimate/C1 exists. Contents:
simplified_C1_1945.rds
simplified_C1_1946.rds
simplified_C1_1947.rds
simplified_C1_1948.rds
simplified_C1_1949.rds
simplified_C1_1950.rds
simplified_C1_1951.rds
simplified_C1_1952.rds
simplified_C1_1953.rds
simplified_C1_1954.rds
simplified_C1_1955.rds
simplified_C1_1956.rds
simplified_C1_1957.rds
simplified_C1_1958.rds
simplified_C1_1959.rds
simplified_C1_1960.rds
simplified_C1_1961.rds
simplified_C1_1962.rds
simplified_C1_1963.rds
simplified_C1_1964.rds
simplified_C1_2005.rds
simplified_C1_2006.rds
simplified_C1_2007.rds
simplified_C1_2008.rds
simplified_C1_2009.rds
simplified_C1_2010.rds
simplified_C1_2011.rds
simplified_C1_2012.rds
simplified_C1_2013.rds
simplified_C1_2014.rds
simplified_C1_2015.rds
simplified_C1_2016.rds
simplified_C1_2017.rds
simplified_C1_2018.rds
simplified_C1_2019.rds
simplified_C1_2020.rds
simplified_C1_2021.rds
simplified_C1_2022.rds
simplified_C1_2023.rds
simplified_C1_2024.rds
Processing batch 1/12 (rows 1-1000)
  Calculated 1000 temperatures. Range: -7.12 to 60.00
Processing batch 2/12 (rows 1001-2000)
  Calculated 1000 temperatures. Range: 1.15 to 51.45
Processing batch 3/12 (rows 2001-3000)
  Calculated 1000 temperatures. Range: -5.84 to 43.87
Processing batch 4/12 (rows 3001-4000)
  Calculated 1000 temperatures. Range: 0.00 to 41.48
Processing batch 5/12 (rows 4001-5000)
  Calculated 1000 temperatures. Range: -5.28 to 39.21
Processing batch 6/12 (rows 5001-6000)
  Calculated 1000 temperatures. Range: -2.45 to 39.73
Processing batch 7/12 (rows 6001-7000)
  Calculated 1000 temperatures. Range: -3.85 to 35.43
Processing batch 8/12 (rows 7001-8000)
  Calculated 1000 temperatures. Range: -4.29 to 16.23
Processing batch 9/12 (rows 8001-9000)
  Calculated 1000 temperatures. Range: -3.94 to 15.93
Processing batch 10/12 (rows 9001-10000)
  Calculated 1000 temperatures. Range: -4.19 to 19.61
Processing batch 11/12 (rows 10001-11000)
  Calculated 1000 temperatures. Range: 1.20 to 18.39
Processing batch 12/12 (rows 11001-11035)
  Calculated 35 temperatures. Range: 1.27 to 12.80
Total observations: 11035, Unique timestamps: 2207
MR parameters: mass=0.24, elev=3014.0, b0=17.10, b1=0.98, b2=-0.48, b3=0.000124
Sample tb=273.48 K, log(mass)=-1.4271, 1/(kT)=42.419714, exponent=-4.2863, rmr=0.013756
Sample tb=294.92 K, log(mass)=-1.4271, 1/(kT)=39.335273, exponent=-2.8058, rmr=0.060460
Sample tb=276.27 K, log(mass)=-1.4271, 1/(kT)=41.991481, exponent=-4.0807, rmr=0.016895
Sample tb=284.59 K, log(mass)=-1.4271, 1/(kT)=40.763170, exponent=-3.4912, rmr=0.030466
Sample tb=282.21 K, log(mass)=-1.4271, 1/(kT)=41.107080, exponent=-3.6562, rmr=0.025830
MR results: 0 NA, 0 infinite, 0 negative, 0 zero
Energy calculations: 3550 non-zero gains, 11035 non-zero losses out of 11035 observations
Saved results to output/results/C1/1946/F/eb_results_MB_1946_C1_C1.rds

Processing: Species=MB, Year=1947, Origin=C1, Climate=C1, Sex=F
Looking for climate data at: /mmfs1/gscratch/biology/jmsmith/targeted_microclimate/C1/simplified_C1_1947.rds
Directory /mmfs1/gscratch/biology/jmsmith/targeted_microclimate/C1 exists. Contents:
simplified_C1_1945.rds
simplified_C1_1946.rds
simplified_C1_1947.rds
simplified_C1_1948.rds
simplified_C1_1949.rds
simplified_C1_1950.rds
simplified_C1_1951.rds
simplified_C1_1952.rds
simplified_C1_1953.rds
simplified_C1_1954.rds
simplified_C1_1955.rds
simplified_C1_1956.rds
simplified_C1_1957.rds
simplified_C1_1958.rds
simplified_C1_1959.rds
simplified_C1_1960.rds
simplified_C1_1961.rds
simplified_C1_1962.rds
simplified_C1_1963.rds
simplified_C1_1964.rds
simplified_C1_2005.rds
simplified_C1_2006.rds
simplified_C1_2007.rds
simplified_C1_2008.rds
simplified_C1_2009.rds
simplified_C1_2010.rds
simplified_C1_2011.rds
simplified_C1_2012.rds
simplified_C1_2013.rds
simplified_C1_2014.rds
simplified_C1_2015.rds
simplified_C1_2016.rds
simplified_C1_2017.rds
simplified_C1_2018.rds
simplified_C1_2019.rds
simplified_C1_2020.rds
simplified_C1_2021.rds
simplified_C1_2022.rds
simplified_C1_2023.rds
simplified_C1_2024.rds
Processing batch 1/12 (rows 1-1000)
  Calculated 1000 temperatures. Range: -10.38 to 52.88
Processing batch 2/12 (rows 1001-2000)
  Calculated 1000 temperatures. Range: -0.06 to 53.33
Processing batch 3/12 (rows 2001-3000)
  Calculated 1000 temperatures. Range: -10.20 to 47.37
Processing batch 4/12 (rows 3001-4000)
  Calculated 1000 temperatures. Range: 0.78 to 42.28
Processing batch 5/12 (rows 4001-5000)
  Calculated 1000 temperatures. Range: -9.69 to 37.41
Processing batch 6/12 (rows 5001-6000)
  Calculated 1000 temperatures. Range: -1.56 to 39.52
Processing batch 7/12 (rows 6001-7000)
  Calculated 1000 temperatures. Range: -9.85 to 35.14
Processing batch 8/12 (rows 7001-8000)
  Calculated 1000 temperatures. Range: -2.40 to 15.13
Processing batch 9/12 (rows 8001-9000)
  Calculated 1000 temperatures. Range: -2.74 to 16.48
Processing batch 10/12 (rows 9001-10000)
  Calculated 1000 temperatures. Range: -10.04 to 17.88
Processing batch 11/12 (rows 10001-11000)
  Calculated 1000 temperatures. Range: 1.56 to 19.05
Processing batch 12/12 (rows 11001-11035)
  Calculated 35 temperatures. Range: 4.21 to 15.04
Total observations: 11035, Unique timestamps: 2207
MR parameters: mass=0.24, elev=3014.0, b0=17.10, b1=0.98, b2=-0.48, b3=0.000124
Sample tb=277.14 K, log(mass)=-1.4271, 1/(kT)=41.858912, exponent=-4.0171, rmr=0.018005
Sample tb=317.75 K, log(mass)=-1.4271, 1/(kT)=36.510172, exponent=-1.4497, rmr=0.234636
Sample tb=286.52 K, log(mass)=-1.4271, 1/(kT)=40.488537, exponent=-3.3593, rmr=0.034758
Sample tb=276.11 K, log(mass)=-1.4271, 1/(kT)=42.015217, exponent=-4.0921, rmr=0.016703
Sample tb=277.83 K, log(mass)=-1.4271, 1/(kT)=41.755060, exponent=-3.9673, rmr=0.018925
MR results: 0 NA, 0 infinite, 0 negative, 0 zero
Energy calculations: 3288 non-zero gains, 11035 non-zero losses out of 11035 observations
Saved results to output/results/C1/1947/F/eb_results_MB_1947_C1_C1.rds

Processing: Species=MB, Year=1948, Origin=C1, Climate=C1, Sex=F
Looking for climate data at: /mmfs1/gscratch/biology/jmsmith/targeted_microclimate/C1/simplified_C1_1948.rds
Directory /mmfs1/gscratch/biology/jmsmith/targeted_microclimate/C1 exists. Contents:
simplified_C1_1945.rds
simplified_C1_1946.rds
simplified_C1_1947.rds
simplified_C1_1948.rds
simplified_C1_1949.rds
simplified_C1_1950.rds
simplified_C1_1951.rds
simplified_C1_1952.rds
simplified_C1_1953.rds
simplified_C1_1954.rds
simplified_C1_1955.rds
simplified_C1_1956.rds
simplified_C1_1957.rds
simplified_C1_1958.rds
simplified_C1_1959.rds
simplified_C1_1960.rds
simplified_C1_1961.rds
simplified_C1_1962.rds
simplified_C1_1963.rds
simplified_C1_1964.rds
simplified_C1_2005.rds
simplified_C1_2006.rds
simplified_C1_2007.rds
simplified_C1_2008.rds
simplified_C1_2009.rds
simplified_C1_2010.rds
simplified_C1_2011.rds
simplified_C1_2012.rds
simplified_C1_2013.rds
simplified_C1_2014.rds
simplified_C1_2015.rds
simplified_C1_2016.rds
simplified_C1_2017.rds
simplified_C1_2018.rds
simplified_C1_2019.rds
simplified_C1_2020.rds
simplified_C1_2021.rds
simplified_C1_2022.rds
simplified_C1_2023.rds
simplified_C1_2024.rds
Processing batch 1/12 (rows 1-1000)
  Calculated 1000 temperatures. Range: -2.85 to 52.52
Processing batch 2/12 (rows 1001-2000)
  Calculated 1000 temperatures. Range: -1.75 to 51.01
Processing batch 3/12 (rows 2001-3000)
  Calculated 1000 temperatures. Range: -1.94 to 49.66
Processing batch 4/12 (rows 3001-4000)
  Calculated 1000 temperatures. Range: -0.00 to 40.31
Processing batch 5/12 (rows 4001-5000)
  Calculated 1000 temperatures. Range: -1.09 to 40.74
Processing batch 6/12 (rows 5001-6000)
  Calculated 1000 temperatures. Range: -1.17 to 37.83
Processing batch 7/12 (rows 6001-7000)
  Calculated 1000 temperatures. Range: -0.33 to 37.59
Processing batch 8/12 (rows 7001-8000)
  Calculated 1000 temperatures. Range: -1.09 to 14.59
Processing batch 9/12 (rows 8001-9000)
  Calculated 1000 temperatures. Range: -0.33 to 15.66
Processing batch 10/12 (rows 9001-10000)
  Calculated 1000 temperatures. Range: -0.51 to 17.56
Processing batch 11/12 (rows 10001-11000)
  Calculated 1000 temperatures. Range: 0.67 to 18.21
Processing batch 12/12 (rows 11001-11035)
  Calculated 35 temperatures. Range: 2.55 to 18.44
Total observations: 11035, Unique timestamps: 2207
MR parameters: mass=0.24, elev=3014.0, b0=17.10, b1=0.98, b2=-0.48, b3=0.000124
Sample tb=292.55 K, log(mass)=-1.4271, 1/(kT)=39.654493, exponent=-2.9590, rmr=0.051871
Sample tb=284.91 K, log(mass)=-1.4271, 1/(kT)=40.717582, exponent=-3.4693, rmr=0.031140
Sample tb=278.96 K, log(mass)=-1.4271, 1/(kT)=41.586992, exponent=-3.8866, rmr=0.020515
Sample tb=292.37 K, log(mass)=-1.4271, 1/(kT)=39.678402, exponent=-2.9705, rmr=0.051279
Sample tb=293.79 K, log(mass)=-1.4271, 1/(kT)=39.487646, exponent=-2.8789, rmr=0.056196
MR results: 0 NA, 0 infinite, 0 negative, 0 zero
Energy calculations: 3531 non-zero gains, 11035 non-zero losses out of 11035 observations
Saved results to output/results/C1/1948/F/eb_results_MB_1948_C1_C1.rds

Processing: Species=MB, Year=1949, Origin=C1, Climate=C1, Sex=F
Looking for climate data at: /mmfs1/gscratch/biology/jmsmith/targeted_microclimate/C1/simplified_C1_1949.rds
Directory /mmfs1/gscratch/biology/jmsmith/targeted_microclimate/C1 exists. Contents:
simplified_C1_1945.rds
simplified_C1_1946.rds
simplified_C1_1947.rds
simplified_C1_1948.rds
simplified_C1_1949.rds
simplified_C1_1950.rds
simplified_C1_1951.rds
simplified_C1_1952.rds
simplified_C1_1953.rds
simplified_C1_1954.rds
simplified_C1_1955.rds
simplified_C1_1956.rds
simplified_C1_1957.rds
simplified_C1_1958.rds
simplified_C1_1959.rds
simplified_C1_1960.rds
simplified_C1_1961.rds
simplified_C1_1962.rds
simplified_C1_1963.rds
simplified_C1_1964.rds
simplified_C1_2005.rds
simplified_C1_2006.rds
simplified_C1_2007.rds
simplified_C1_2008.rds
simplified_C1_2009.rds
simplified_C1_2010.rds
simplified_C1_2011.rds
simplified_C1_2012.rds
simplified_C1_2013.rds
simplified_C1_2014.rds
simplified_C1_2015.rds
simplified_C1_2016.rds
simplified_C1_2017.rds
simplified_C1_2018.rds
simplified_C1_2019.rds
simplified_C1_2020.rds
simplified_C1_2021.rds
simplified_C1_2022.rds
simplified_C1_2023.rds
simplified_C1_2024.rds
Processing batch 1/12 (rows 1-1000)
  Calculated 1000 temperatures. Range: -8.12 to 49.49
Processing batch 2/12 (rows 1001-2000)
  Calculated 1000 temperatures. Range: -2.06 to 50.57
Processing batch 3/12 (rows 2001-3000)
  Calculated 1000 temperatures. Range: -6.13 to 45.20
Processing batch 4/12 (rows 3001-4000)
  Calculated 1000 temperatures. Range: 0.99 to 39.52
Processing batch 5/12 (rows 4001-5000)
  Calculated 1000 temperatures. Range: -5.86 to 39.50
Processing batch 6/12 (rows 5001-6000)
  Calculated 1000 temperatures. Range: -0.42 to 36.64
Processing batch 7/12 (rows 6001-7000)
  Calculated 1000 temperatures. Range: -4.90 to 37.09
Processing batch 8/12 (rows 7001-8000)
  Calculated 1000 temperatures. Range: -0.38 to 15.29
Processing batch 9/12 (rows 8001-9000)
  Calculated 1000 temperatures. Range: -4.39 to 14.51
Processing batch 10/12 (rows 9001-10000)
  Calculated 1000 temperatures. Range: 0.41 to 18.54
Processing batch 11/12 (rows 10001-11000)
  Calculated 1000 temperatures. Range: 0.94 to 18.18
Processing batch 12/12 (rows 11001-11035)
  Calculated 35 temperatures. Range: 1.26 to 13.14
Total observations: 11035, Unique timestamps: 2207
MR parameters: mass=0.24, elev=3014.0, b0=17.10, b1=0.98, b2=-0.48, b3=0.000124
Sample tb=293.96 K, log(mass)=-1.4271, 1/(kT)=39.464619, exponent=-2.8679, rmr=0.056821
Sample tb=287.58 K, log(mass)=-1.4271, 1/(kT)=40.339893, exponent=-3.2880, rmr=0.037329
Sample tb=274.61 K, log(mass)=-1.4271, 1/(kT)=42.244659, exponent=-4.2023, rmr=0.014962
Sample tb=277.70 K, log(mass)=-1.4271, 1/(kT)=41.775288, exponent=-3.9770, rmr=0.018742
Sample tb=282.78 K, log(mass)=-1.4271, 1/(kT)=41.023911, exponent=-3.6163, rmr=0.026882
MR results: 0 NA, 0 infinite, 0 negative, 0 zero
Energy calculations: 3404 non-zero gains, 11035 non-zero losses out of 11035 observations
Saved results to output/results/C1/1949/F/eb_results_MB_1949_C1_C1.rds

Processing: Species=MB, Year=1950, Origin=C1, Climate=C1, Sex=F
Looking for climate data at: /mmfs1/gscratch/biology/jmsmith/targeted_microclimate/C1/simplified_C1_1950.rds
Directory /mmfs1/gscratch/biology/jmsmith/targeted_microclimate/C1 exists. Contents:
simplified_C1_1945.rds
simplified_C1_1946.rds
simplified_C1_1947.rds
simplified_C1_1948.rds
simplified_C1_1949.rds
simplified_C1_1950.rds
simplified_C1_1951.rds
simplified_C1_1952.rds
simplified_C1_1953.rds
simplified_C1_1954.rds
simplified_C1_1955.rds
simplified_C1_1956.rds
simplified_C1_1957.rds
simplified_C1_1958.rds
simplified_C1_1959.rds
simplified_C1_1960.rds
simplified_C1_1961.rds
simplified_C1_1962.rds
simplified_C1_1963.rds
simplified_C1_1964.rds
simplified_C1_2005.rds
simplified_C1_2006.rds
simplified_C1_2007.rds
simplified_C1_2008.rds
simplified_C1_2009.rds
simplified_C1_2010.rds
simplified_C1_2011.rds
simplified_C1_2012.rds
simplified_C1_2013.rds
simplified_C1_2014.rds
simplified_C1_2015.rds
simplified_C1_2016.rds
simplified_C1_2017.rds
simplified_C1_2018.rds
simplified_C1_2019.rds
simplified_C1_2020.rds
simplified_C1_2021.rds
simplified_C1_2022.rds
simplified_C1_2023.rds
simplified_C1_2024.rds
Processing batch 1/12 (rows 1-1000)
  Calculated 1000 temperatures. Range: -9.77 to 58.80
Processing batch 2/12 (rows 1001-2000)
  Calculated 1000 temperatures. Range: -0.98 to 51.03
Processing batch 3/12 (rows 2001-3000)
  Calculated 1000 temperatures. Range: -9.33 to 45.66
Processing batch 4/12 (rows 3001-4000)
  Calculated 1000 temperatures. Range: 0.19 to 41.08
Processing batch 5/12 (rows 4001-5000)
  Calculated 1000 temperatures. Range: -8.83 to 39.39
Processing batch 6/12 (rows 5001-6000)
  Calculated 1000 temperatures. Range: -1.42 to 37.86
Processing batch 7/12 (rows 6001-7000)
  Calculated 1000 temperatures. Range: -7.47 to 38.41
Processing batch 8/12 (rows 7001-8000)
  Calculated 1000 temperatures. Range: -1.10 to 14.57
Processing batch 9/12 (rows 8001-9000)
  Calculated 1000 temperatures. Range: -8.12 to 15.54
Processing batch 10/12 (rows 9001-10000)
  Calculated 1000 temperatures. Range: -5.42 to 17.31
Processing batch 11/12 (rows 10001-11000)
  Calculated 1000 temperatures. Range: -0.89 to 17.16
Processing batch 12/12 (rows 11001-11035)
  Calculated 35 temperatures. Range: 0.73 to 16.64
Total observations: 11035, Unique timestamps: 2207
MR parameters: mass=0.24, elev=3014.0, b0=17.10, b1=0.98, b2=-0.48, b3=0.000124
Sample tb=274.71 K, log(mass)=-1.4271, 1/(kT)=42.229247, exponent=-4.1949, rmr=0.015073
Sample tb=303.49 K, log(mass)=-1.4271, 1/(kT)=38.225620, exponent=-2.2731, rmr=0.102989
Sample tb=274.01 K, log(mass)=-1.4271, 1/(kT)=42.337468, exponent=-4.2468, rmr=0.014310
Sample tb=279.07 K, log(mass)=-1.4271, 1/(kT)=41.570232, exponent=-3.8785, rmr=0.020681
Sample tb=276.96 K, log(mass)=-1.4271, 1/(kT)=41.887018, exponent=-4.0306, rmr=0.017764
MR results: 0 NA, 0 infinite, 0 negative, 0 zero
Energy calculations: 3245 non-zero gains, 11035 non-zero losses out of 11035 observations
Saved results to output/results/C1/1950/F/eb_results_MB_1950_C1_C1.rds

Processing: Species=MB, Year=1951, Origin=C1, Climate=C1, Sex=F
Looking for climate data at: /mmfs1/gscratch/biology/jmsmith/targeted_microclimate/C1/simplified_C1_1951.rds
Directory /mmfs1/gscratch/biology/jmsmith/targeted_microclimate/C1 exists. Contents:
simplified_C1_1945.rds
simplified_C1_1946.rds
simplified_C1_1947.rds
simplified_C1_1948.rds
simplified_C1_1949.rds
simplified_C1_1950.rds
simplified_C1_1951.rds
simplified_C1_1952.rds
simplified_C1_1953.rds
simplified_C1_1954.rds
simplified_C1_1955.rds
simplified_C1_1956.rds
simplified_C1_1957.rds
simplified_C1_1958.rds
simplified_C1_1959.rds
simplified_C1_1960.rds
simplified_C1_1961.rds
simplified_C1_1962.rds
simplified_C1_1963.rds
simplified_C1_1964.rds
simplified_C1_2005.rds
simplified_C1_2006.rds
simplified_C1_2007.rds
simplified_C1_2008.rds
simplified_C1_2009.rds
simplified_C1_2010.rds
simplified_C1_2011.rds
simplified_C1_2012.rds
simplified_C1_2013.rds
simplified_C1_2014.rds
simplified_C1_2015.rds
simplified_C1_2016.rds
simplified_C1_2017.rds
simplified_C1_2018.rds
simplified_C1_2019.rds
simplified_C1_2020.rds
simplified_C1_2021.rds
simplified_C1_2022.rds
simplified_C1_2023.rds
simplified_C1_2024.rds
Processing batch 1/12 (rows 1-1000)
  Calculated 1000 temperatures. Range: -9.34 to 55.79
Processing batch 2/12 (rows 1001-2000)
  Calculated 1000 temperatures. Range: -1.06 to 58.17
Processing batch 3/12 (rows 2001-3000)
  Calculated 1000 temperatures. Range: -9.96 to 44.45
Processing batch 4/12 (rows 3001-4000)
  Calculated 1000 temperatures. Range: 0.35 to 47.21
Processing batch 5/12 (rows 4001-5000)
  Calculated 1000 temperatures. Range: -9.19 to 38.04
Processing batch 6/12 (rows 5001-6000)
  Calculated 1000 temperatures. Range: -0.62 to 43.92
Processing batch 7/12 (rows 6001-7000)
  Calculated 1000 temperatures. Range: -9.43 to 35.67
Processing batch 8/12 (rows 7001-8000)
  Calculated 1000 temperatures. Range: -1.57 to 17.40
Processing batch 9/12 (rows 8001-9000)
  Calculated 1000 temperatures. Range: -10.09 to 16.23
Processing batch 10/12 (rows 9001-10000)
  Calculated 1000 temperatures. Range: -4.65 to 20.45
Processing batch 11/12 (rows 10001-11000)
  Calculated 1000 temperatures. Range: 1.30 to 20.00
Processing batch 12/12 (rows 11001-11035)
  Calculated 35 temperatures. Range: 1.89 to 14.30
Total observations: 11035, Unique timestamps: 2207
MR parameters: mass=0.24, elev=3014.0, b0=17.10, b1=0.98, b2=-0.48, b3=0.000124
Sample tb=287.64 K, log(mass)=-1.4271, 1/(kT)=40.332102, exponent=-3.2842, rmr=0.037469
Sample tb=290.38 K, log(mass)=-1.4271, 1/(kT)=39.950876, exponent=-3.1013, rmr=0.044993
Sample tb=284.41 K, log(mass)=-1.4271, 1/(kT)=40.789516, exponent=-3.5038, rmr=0.030083
Sample tb=282.56 K, log(mass)=-1.4271, 1/(kT)=41.056021, exponent=-3.6317, rmr=0.026470
Sample tb=279.72 K, log(mass)=-1.4271, 1/(kT)=41.473383, exponent=-3.8321, rmr=0.021665
MR results: 0 NA, 0 infinite, 0 negative, 0 zero
Energy calculations: 3400 non-zero gains, 11035 non-zero losses out of 11035 observations
Saved results to output/results/C1/1951/F/eb_results_MB_1951_C1_C1.rds

Processing: Species=MB, Year=1952, Origin=C1, Climate=C1, Sex=F
Looking for climate data at: /mmfs1/gscratch/biology/jmsmith/targeted_microclimate/C1/simplified_C1_1952.rds
Directory /mmfs1/gscratch/biology/jmsmith/targeted_microclimate/C1 exists. Contents:
simplified_C1_1945.rds
simplified_C1_1946.rds
simplified_C1_1947.rds
simplified_C1_1948.rds
simplified_C1_1949.rds
simplified_C1_1950.rds
simplified_C1_1951.rds
simplified_C1_1952.rds
simplified_C1_1953.rds
simplified_C1_1954.rds
simplified_C1_1955.rds
simplified_C1_1956.rds
simplified_C1_1957.rds
simplified_C1_1958.rds
simplified_C1_1959.rds
simplified_C1_1960.rds
simplified_C1_1961.rds
simplified_C1_1962.rds
simplified_C1_1963.rds
simplified_C1_1964.rds
simplified_C1_2005.rds
simplified_C1_2006.rds
simplified_C1_2007.rds
simplified_C1_2008.rds
simplified_C1_2009.rds
simplified_C1_2010.rds
simplified_C1_2011.rds
simplified_C1_2012.rds
simplified_C1_2013.rds
simplified_C1_2014.rds
simplified_C1_2015.rds
simplified_C1_2016.rds
simplified_C1_2017.rds
simplified_C1_2018.rds
simplified_C1_2019.rds
simplified_C1_2020.rds
simplified_C1_2021.rds
simplified_C1_2022.rds
simplified_C1_2023.rds
simplified_C1_2024.rds
Processing batch 1/12 (rows 1-1000)
  Calculated 1000 temperatures. Range: -6.95 to 60.00
Processing batch 2/12 (rows 1001-2000)
  Calculated 1000 temperatures. Range: 0.27 to 49.73
Processing batch 3/12 (rows 2001-3000)
  Calculated 1000 temperatures. Range: -4.39 to 50.28
Processing batch 4/12 (rows 3001-4000)
  Calculated 1000 temperatures. Range: -0.81 to 39.39
Processing batch 5/12 (rows 4001-5000)
  Calculated 1000 temperatures. Range: -4.64 to 46.47
Processing batch 6/12 (rows 5001-6000)
  Calculated 1000 temperatures. Range: -0.45 to 41.27
Processing batch 7/12 (rows 6001-7000)
  Calculated 1000 temperatures. Range: -3.40 to 34.95
Processing batch 8/12 (rows 7001-8000)
  Calculated 1000 temperatures. Range: -2.10 to 15.93
Processing batch 9/12 (rows 8001-9000)
  Calculated 1000 temperatures. Range: -1.69 to 16.58
Processing batch 10/12 (rows 9001-10000)
  Calculated 1000 temperatures. Range: -2.17 to 17.88
Processing batch 11/12 (rows 10001-11000)
  Calculated 1000 temperatures. Range: 2.20 to 18.94
Processing batch 12/12 (rows 11001-11035)
  Calculated 35 temperatures. Range: -0.63 to 14.12
Total observations: 11035, Unique timestamps: 2207
MR parameters: mass=0.24, elev=3014.0, b0=17.10, b1=0.98, b2=-0.48, b3=0.000124
Sample tb=297.78 K, log(mass)=-1.4271, 1/(kT)=38.958280, exponent=-2.6248, rmr=0.072453
Sample tb=282.06 K, log(mass)=-1.4271, 1/(kT)=41.129913, exponent=-3.6672, rmr=0.025548
Sample tb=279.46 K, log(mass)=-1.4271, 1/(kT)=41.511560, exponent=-3.8504, rmr=0.021272
Sample tb=276.30 K, log(mass)=-1.4271, 1/(kT)=41.986363, exponent=-4.0783, rmr=0.016936
Sample tb=306.50 K, log(mass)=-1.4271, 1/(kT)=37.849327, exponent=-2.0925, rmr=0.123376
MR results: 0 NA, 0 infinite, 0 negative, 0 zero
Energy calculations: 3611 non-zero gains, 11035 non-zero losses out of 11035 observations
Saved results to output/results/C1/1952/F/eb_results_MB_1952_C1_C1.rds

Processing: Species=MB, Year=1953, Origin=C1, Climate=C1, Sex=F
Looking for climate data at: /mmfs1/gscratch/biology/jmsmith/targeted_microclimate/C1/simplified_C1_1953.rds
Directory /mmfs1/gscratch/biology/jmsmith/targeted_microclimate/C1 exists. Contents:
simplified_C1_1945.rds
simplified_C1_1946.rds
simplified_C1_1947.rds
simplified_C1_1948.rds
simplified_C1_1949.rds
simplified_C1_1950.rds
simplified_C1_1951.rds
simplified_C1_1952.rds
simplified_C1_1953.rds
simplified_C1_1954.rds
simplified_C1_1955.rds
simplified_C1_1956.rds
simplified_C1_1957.rds
simplified_C1_1958.rds
simplified_C1_1959.rds
simplified_C1_1960.rds
simplified_C1_1961.rds
simplified_C1_1962.rds
simplified_C1_1963.rds
simplified_C1_1964.rds
simplified_C1_2005.rds
simplified_C1_2006.rds
simplified_C1_2007.rds
simplified_C1_2008.rds
simplified_C1_2009.rds
simplified_C1_2010.rds
simplified_C1_2011.rds
simplified_C1_2012.rds
simplified_C1_2013.rds
simplified_C1_2014.rds
simplified_C1_2015.rds
simplified_C1_2016.rds
simplified_C1_2017.rds
simplified_C1_2018.rds
simplified_C1_2019.rds
simplified_C1_2020.rds
simplified_C1_2021.rds
simplified_C1_2022.rds
simplified_C1_2023.rds
simplified_C1_2024.rds
Processing batch 1/12 (rows 1-1000)
  Calculated 1000 temperatures. Range: -6.71 to 51.24
Processing batch 2/12 (rows 1001-2000)
  Calculated 1000 temperatures. Range: -2.00 to 53.61
Processing batch 3/12 (rows 2001-3000)
  Calculated 1000 temperatures. Range: -4.22 to 48.27
Processing batch 4/12 (rows 3001-4000)
  Calculated 1000 temperatures. Range: 1.31 to 43.36
Processing batch 5/12 (rows 4001-5000)
  Calculated 1000 temperatures. Range: -4.26 to 38.53
Processing batch 6/12 (rows 5001-6000)
  Calculated 1000 temperatures. Range: 0.03 to 40.66
Processing batch 7/12 (rows 6001-7000)
  Calculated 1000 temperatures. Range: -4.89 to 39.81
Processing batch 8/12 (rows 7001-8000)
  Calculated 1000 temperatures. Range: -0.24 to 16.14
Processing batch 9/12 (rows 8001-9000)
  Calculated 1000 temperatures. Range: -3.91 to 15.53
Processing batch 10/12 (rows 9001-10000)
  Calculated 1000 temperatures. Range: -0.76 to 18.88
Processing batch 11/12 (rows 10001-11000)
  Calculated 1000 temperatures. Range: 0.67 to 18.63
Processing batch 12/12 (rows 11001-11035)
  Calculated 35 temperatures. Range: 2.83 to 15.82
Total observations: 11035, Unique timestamps: 2207
MR parameters: mass=0.24, elev=3014.0, b0=17.10, b1=0.98, b2=-0.48, b3=0.000124
Sample tb=291.33 K, log(mass)=-1.4271, 1/(kT)=39.820960, exponent=-3.0389, rmr=0.047888
Sample tb=283.34 K, log(mass)=-1.4271, 1/(kT)=40.943598, exponent=-3.5778, rmr=0.027938
Sample tb=309.88 K, log(mass)=-1.4271, 1/(kT)=37.436399, exponent=-1.8943, rmr=0.150422
Sample tb=305.67 K, log(mass)=-1.4271, 1/(kT)=37.952449, exponent=-2.1420, rmr=0.117418
Sample tb=277.10 K, log(mass)=-1.4271, 1/(kT)=41.865911, exponent=-4.0205, rmr=0.017944
MR results: 0 NA, 0 infinite, 0 negative, 0 zero
Energy calculations: 3612 non-zero gains, 11035 non-zero losses out of 11035 observations
Saved results to output/results/C1/1953/F/eb_results_MB_1953_C1_C1.rds

Processing: Species=MB, Year=1954, Origin=C1, Climate=C1, Sex=F
Looking for climate data at: /mmfs1/gscratch/biology/jmsmith/targeted_microclimate/C1/simplified_C1_1954.rds
Directory /mmfs1/gscratch/biology/jmsmith/targeted_microclimate/C1 exists. Contents:
simplified_C1_1945.rds
simplified_C1_1946.rds
simplified_C1_1947.rds
simplified_C1_1948.rds
simplified_C1_1949.rds
simplified_C1_1950.rds
simplified_C1_1951.rds
simplified_C1_1952.rds
simplified_C1_1953.rds
simplified_C1_1954.rds
simplified_C1_1955.rds
simplified_C1_1956.rds
simplified_C1_1957.rds
simplified_C1_1958.rds
simplified_C1_1959.rds
simplified_C1_1960.rds
simplified_C1_1961.rds
simplified_C1_1962.rds
simplified_C1_1963.rds
simplified_C1_1964.rds
simplified_C1_2005.rds
simplified_C1_2006.rds
simplified_C1_2007.rds
simplified_C1_2008.rds
simplified_C1_2009.rds
simplified_C1_2010.rds
simplified_C1_2011.rds
simplified_C1_2012.rds
simplified_C1_2013.rds
simplified_C1_2014.rds
simplified_C1_2015.rds
simplified_C1_2016.rds
simplified_C1_2017.rds
simplified_C1_2018.rds
simplified_C1_2019.rds
simplified_C1_2020.rds
simplified_C1_2021.rds
simplified_C1_2022.rds
simplified_C1_2023.rds
simplified_C1_2024.rds
Processing batch 1/12 (rows 1-1000)
  Calculated 1000 temperatures. Range: -8.97 to 58.13
Processing batch 2/12 (rows 1001-2000)
  Calculated 1000 temperatures. Range: -1.66 to 54.99
Processing batch 3/12 (rows 2001-3000)
  Calculated 1000 temperatures. Range: -7.19 to 48.13
Processing batch 4/12 (rows 3001-4000)
  Calculated 1000 temperatures. Range: 0.30 to 45.14
Processing batch 5/12 (rows 4001-5000)
  Calculated 1000 temperatures. Range: -6.98 to 42.78
Processing batch 6/12 (rows 5001-6000)
  Calculated 1000 temperatures. Range: 0.38 to 41.73
Processing batch 7/12 (rows 6001-7000)
  Calculated 1000 temperatures. Range: -5.61 to 36.58
Processing batch 8/12 (rows 7001-8000)
  Calculated 1000 temperatures. Range: 0.24 to 17.47
Processing batch 9/12 (rows 8001-9000)
  Calculated 1000 temperatures. Range: -4.95 to 15.80
Processing batch 10/12 (rows 9001-10000)
  Calculated 1000 temperatures. Range: -4.30 to 21.75
Processing batch 11/12 (rows 10001-11000)
  Calculated 1000 temperatures. Range: 0.54 to 19.11
Processing batch 12/12 (rows 11001-11035)
  Calculated 35 temperatures. Range: 2.77 to 16.83
Total observations: 11035, Unique timestamps: 2207
MR parameters: mass=0.24, elev=3014.0, b0=17.10, b1=0.98, b2=-0.48, b3=0.000124
Sample tb=280.93 K, log(mass)=-1.4271, 1/(kT)=41.294557, exponent=-3.7462, rmr=0.023607
Sample tb=288.18 K, log(mass)=-1.4271, 1/(kT)=40.256284, exponent=-3.2479, rmr=0.038858
Sample tb=282.77 K, log(mass)=-1.4271, 1/(kT)=41.026460, exponent=-3.6175, rmr=0.026849
Sample tb=275.46 K, log(mass)=-1.4271, 1/(kT)=42.114931, exponent=-4.1400, rmr=0.015923
Sample tb=280.09 K, log(mass)=-1.4271, 1/(kT)=41.419226, exponent=-3.8061, rmr=0.022235
MR results: 0 NA, 0 infinite, 0 negative, 0 zero
Energy calculations: 3742 non-zero gains, 11035 non-zero losses out of 11035 observations
Saved results to output/results/C1/1954/F/eb_results_MB_1954_C1_C1.rds

Processing: Species=MB, Year=1955, Origin=C1, Climate=C1, Sex=F
Looking for climate data at: /mmfs1/gscratch/biology/jmsmith/targeted_microclimate/C1/simplified_C1_1955.rds
Directory /mmfs1/gscratch/biology/jmsmith/targeted_microclimate/C1 exists. Contents:
simplified_C1_1945.rds
simplified_C1_1946.rds
simplified_C1_1947.rds
simplified_C1_1948.rds
simplified_C1_1949.rds
simplified_C1_1950.rds
simplified_C1_1951.rds
simplified_C1_1952.rds
simplified_C1_1953.rds
simplified_C1_1954.rds
simplified_C1_1955.rds
simplified_C1_1956.rds
simplified_C1_1957.rds
simplified_C1_1958.rds
simplified_C1_1959.rds
simplified_C1_1960.rds
simplified_C1_1961.rds
simplified_C1_1962.rds
simplified_C1_1963.rds
simplified_C1_1964.rds
simplified_C1_2005.rds
simplified_C1_2006.rds
simplified_C1_2007.rds
simplified_C1_2008.rds
simplified_C1_2009.rds
simplified_C1_2010.rds
simplified_C1_2011.rds
simplified_C1_2012.rds
simplified_C1_2013.rds
simplified_C1_2014.rds
simplified_C1_2015.rds
simplified_C1_2016.rds
simplified_C1_2017.rds
simplified_C1_2018.rds
simplified_C1_2019.rds
simplified_C1_2020.rds
simplified_C1_2021.rds
simplified_C1_2022.rds
simplified_C1_2023.rds
simplified_C1_2024.rds
Processing batch 1/12 (rows 1-1000)
  Calculated 1000 temperatures. Range: -7.44 to 56.67
Processing batch 2/12 (rows 1001-2000)
  Calculated 1000 temperatures. Range: -2.82 to 48.79
Processing batch 3/12 (rows 2001-3000)
  Calculated 1000 temperatures. Range: -5.45 to 46.65
Processing batch 4/12 (rows 3001-4000)
  Calculated 1000 temperatures. Range: -0.31 to 39.71
Processing batch 5/12 (rows 4001-5000)
  Calculated 1000 temperatures. Range: -4.88 to 37.88
Processing batch 6/12 (rows 5001-6000)
  Calculated 1000 temperatures. Range: -2.14 to 36.54
Processing batch 7/12 (rows 6001-7000)
  Calculated 1000 temperatures. Range: -4.26 to 35.63
Processing batch 8/12 (rows 7001-8000)
  Calculated 1000 temperatures. Range: -1.73 to 14.97
Processing batch 9/12 (rows 8001-9000)
  Calculated 1000 temperatures. Range: -3.66 to 15.67
Processing batch 10/12 (rows 9001-10000)
  Calculated 1000 temperatures. Range: -2.97 to 19.72
Processing batch 11/12 (rows 10001-11000)
  Calculated 1000 temperatures. Range: 0.49 to 18.70
Processing batch 12/12 (rows 11001-11035)
  Calculated 35 temperatures. Range: 0.80 to 15.81
Total observations: 11035, Unique timestamps: 2207
MR parameters: mass=0.24, elev=3014.0, b0=17.10, b1=0.98, b2=-0.48, b3=0.000124
Sample tb=278.20 K, log(mass)=-1.4271, 1/(kT)=41.699221, exponent=-3.9405, rmr=0.019439
Sample tb=295.73 K, log(mass)=-1.4271, 1/(kT)=39.227648, exponent=-2.7541, rmr=0.063666
Sample tb=284.88 K, log(mass)=-1.4271, 1/(kT)=40.722730, exponent=-3.4717, rmr=0.031063
Sample tb=278.74 K, log(mass)=-1.4271, 1/(kT)=41.618507, exponent=-3.9017, rmr=0.020207
Sample tb=300.85 K, log(mass)=-1.4271, 1/(kT)=38.560160, exponent=-2.4337, rmr=0.087710
MR results: 0 NA, 0 infinite, 0 negative, 0 zero
Energy calculations: 3522 non-zero gains, 11035 non-zero losses out of 11035 observations
Saved results to output/results/C1/1955/F/eb_results_MB_1955_C1_C1.rds

Processing: Species=MB, Year=1956, Origin=C1, Climate=C1, Sex=F
Looking for climate data at: /mmfs1/gscratch/biology/jmsmith/targeted_microclimate/C1/simplified_C1_1956.rds
Directory /mmfs1/gscratch/biology/jmsmith/targeted_microclimate/C1 exists. Contents:
simplified_C1_1945.rds
simplified_C1_1946.rds
simplified_C1_1947.rds
simplified_C1_1948.rds
simplified_C1_1949.rds
simplified_C1_1950.rds
simplified_C1_1951.rds
simplified_C1_1952.rds
simplified_C1_1953.rds
simplified_C1_1954.rds
simplified_C1_1955.rds
simplified_C1_1956.rds
simplified_C1_1957.rds
simplified_C1_1958.rds
simplified_C1_1959.rds
simplified_C1_1960.rds
simplified_C1_1961.rds
simplified_C1_1962.rds
simplified_C1_1963.rds
simplified_C1_1964.rds
simplified_C1_2005.rds
simplified_C1_2006.rds
simplified_C1_2007.rds
simplified_C1_2008.rds
simplified_C1_2009.rds
simplified_C1_2010.rds
simplified_C1_2011.rds
simplified_C1_2012.rds
simplified_C1_2013.rds
simplified_C1_2014.rds
simplified_C1_2015.rds
simplified_C1_2016.rds
simplified_C1_2017.rds
simplified_C1_2018.rds
simplified_C1_2019.rds
simplified_C1_2020.rds
simplified_C1_2021.rds
simplified_C1_2022.rds
simplified_C1_2023.rds
simplified_C1_2024.rds
Processing batch 1/12 (rows 1-1000)
  Calculated 1000 temperatures. Range: -3.49 to 56.01
Processing batch 2/12 (rows 1001-2000)
  Calculated 1000 temperatures. Range: -1.31 to 49.39
Processing batch 3/12 (rows 2001-3000)
  Calculated 1000 temperatures. Range: -6.86 to 50.24
Processing batch 4/12 (rows 3001-4000)
  Calculated 1000 temperatures. Range: 0.39 to 40.02
Processing batch 5/12 (rows 4001-5000)
  Calculated 1000 temperatures. Range: -5.39 to 41.72
Processing batch 6/12 (rows 5001-6000)
  Calculated 1000 temperatures. Range: 0.61 to 38.16
Processing batch 7/12 (rows 6001-7000)
  Calculated 1000 temperatures. Range: -4.89 to 37.47
Processing batch 8/12 (rows 7001-8000)
  Calculated 1000 temperatures. Range: -0.95 to 14.60
Processing batch 9/12 (rows 8001-9000)
  Calculated 1000 temperatures. Range: -3.53 to 16.23
Processing batch 10/12 (rows 9001-10000)
  Calculated 1000 temperatures. Range: 0.50 to 17.69
Processing batch 11/12 (rows 10001-11000)
  Calculated 1000 temperatures. Range: 0.93 to 17.86
Processing batch 12/12 (rows 11001-11035)
  Calculated 35 temperatures. Range: -3.40 to 11.39
Total observations: 11035, Unique timestamps: 2207
MR parameters: mass=0.24, elev=3014.0, b0=17.10, b1=0.98, b2=-0.48, b3=0.000124
Sample tb=274.68 K, log(mass)=-1.4271, 1/(kT)=42.234665, exponent=-4.1975, rmr=0.015033
Sample tb=306.69 K, log(mass)=-1.4271, 1/(kT)=37.826639, exponent=-2.0816, rmr=0.124727
Sample tb=279.70 K, log(mass)=-1.4271, 1/(kT)=41.475601, exponent=-3.8331, rmr=0.021642
Sample tb=284.44 K, log(mass)=-1.4271, 1/(kT)=40.785766, exponent=-3.5020, rmr=0.030137
Sample tb=284.73 K, log(mass)=-1.4271, 1/(kT)=40.744040, exponent=-3.4820, rmr=0.030747
MR results: 0 NA, 0 infinite, 0 negative, 0 zero
Energy calculations: 3519 non-zero gains, 11035 non-zero losses out of 11035 observations
Saved results to output/results/C1/1956/F/eb_results_MB_1956_C1_C1.rds

Processing: Species=MB, Year=1957, Origin=C1, Climate=C1, Sex=F
Looking for climate data at: /mmfs1/gscratch/biology/jmsmith/targeted_microclimate/C1/simplified_C1_1957.rds
Directory /mmfs1/gscratch/biology/jmsmith/targeted_microclimate/C1 exists. Contents:
simplified_C1_1945.rds
simplified_C1_1946.rds
simplified_C1_1947.rds
simplified_C1_1948.rds
simplified_C1_1949.rds
simplified_C1_1950.rds
simplified_C1_1951.rds
simplified_C1_1952.rds
simplified_C1_1953.rds
simplified_C1_1954.rds
simplified_C1_1955.rds
simplified_C1_1956.rds
simplified_C1_1957.rds
simplified_C1_1958.rds
simplified_C1_1959.rds
simplified_C1_1960.rds
simplified_C1_1961.rds
simplified_C1_1962.rds
simplified_C1_1963.rds
simplified_C1_1964.rds
simplified_C1_2005.rds
simplified_C1_2006.rds
simplified_C1_2007.rds
simplified_C1_2008.rds
simplified_C1_2009.rds
simplified_C1_2010.rds
simplified_C1_2011.rds
simplified_C1_2012.rds
simplified_C1_2013.rds
simplified_C1_2014.rds
simplified_C1_2015.rds
simplified_C1_2016.rds
simplified_C1_2017.rds
simplified_C1_2018.rds
simplified_C1_2019.rds
simplified_C1_2020.rds
simplified_C1_2021.rds
simplified_C1_2022.rds
simplified_C1_2023.rds
simplified_C1_2024.rds
Processing batch 1/12 (rows 1-1000)
  Calculated 1000 temperatures. Range: -5.92 to 60.00
Processing batch 2/12 (rows 1001-2000)
  Calculated 1000 temperatures. Range: 0.18 to 53.66
Processing batch 3/12 (rows 2001-3000)
  Calculated 1000 temperatures. Range: -4.44 to 46.97
Processing batch 4/12 (rows 3001-4000)
  Calculated 1000 temperatures. Range: -0.55 to 53.63
Processing batch 5/12 (rows 4001-5000)
  Calculated 1000 temperatures. Range: -4.10 to 37.88
Processing batch 6/12 (rows 5001-6000)
  Calculated 1000 temperatures. Range: -0.41 to 41.34
Processing batch 7/12 (rows 6001-7000)
  Calculated 1000 temperatures. Range: -2.62 to 35.07
Processing batch 8/12 (rows 7001-8000)
  Calculated 1000 temperatures. Range: -3.78 to 15.23
Processing batch 9/12 (rows 8001-9000)
  Calculated 1000 temperatures. Range: -1.08 to 15.51
Processing batch 10/12 (rows 9001-10000)
  Calculated 1000 temperatures. Range: -3.10 to 18.90
Processing batch 11/12 (rows 10001-11000)
  Calculated 1000 temperatures. Range: 1.28 to 18.25
Processing batch 12/12 (rows 11001-11035)
  Calculated 35 temperatures. Range: 2.19 to 11.57
Total observations: 11035, Unique timestamps: 2207
MR parameters: mass=0.24, elev=3014.0, b0=17.10, b1=0.98, b2=-0.48, b3=0.000124
Sample tb=274.07 K, log(mass)=-1.4271, 1/(kT)=42.327917, exponent=-4.2422, rmr=0.014375
Sample tb=287.59 K, log(mass)=-1.4271, 1/(kT)=40.338719, exponent=-3.2874, rmr=0.037350
Sample tb=284.03 K, log(mass)=-1.4271, 1/(kT)=40.844572, exponent=-3.5302, rmr=0.029298
Sample tb=298.49 K, log(mass)=-1.4271, 1/(kT)=38.865268, exponent=-2.5802, rmr=0.075761
Sample tb=275.84 K, log(mass)=-1.4271, 1/(kT)=42.056363, exponent=-4.1119, rmr=0.016377
MR results: 0 NA, 0 infinite, 0 negative, 0 zero
Energy calculations: 3477 non-zero gains, 11035 non-zero losses out of 11035 observations
Saved results to output/results/C1/1957/F/eb_results_MB_1957_C1_C1.rds

Processing: Species=MB, Year=1958, Origin=C1, Climate=C1, Sex=F
Looking for climate data at: /mmfs1/gscratch/biology/jmsmith/targeted_microclimate/C1/simplified_C1_1958.rds
Directory /mmfs1/gscratch/biology/jmsmith/targeted_microclimate/C1 exists. Contents:
simplified_C1_1945.rds
simplified_C1_1946.rds
simplified_C1_1947.rds
simplified_C1_1948.rds
simplified_C1_1949.rds
simplified_C1_1950.rds
simplified_C1_1951.rds
simplified_C1_1952.rds
simplified_C1_1953.rds
simplified_C1_1954.rds
simplified_C1_1955.rds
simplified_C1_1956.rds
simplified_C1_1957.rds
simplified_C1_1958.rds
simplified_C1_1959.rds
simplified_C1_1960.rds
simplified_C1_1961.rds
simplified_C1_1962.rds
simplified_C1_1963.rds
simplified_C1_1964.rds
simplified_C1_2005.rds
simplified_C1_2006.rds
simplified_C1_2007.rds
simplified_C1_2008.rds
simplified_C1_2009.rds
simplified_C1_2010.rds
simplified_C1_2011.rds
simplified_C1_2012.rds
simplified_C1_2013.rds
simplified_C1_2014.rds
simplified_C1_2015.rds
simplified_C1_2016.rds
simplified_C1_2017.rds
simplified_C1_2018.rds
simplified_C1_2019.rds
simplified_C1_2020.rds
simplified_C1_2021.rds
simplified_C1_2022.rds
simplified_C1_2023.rds
simplified_C1_2024.rds
Processing batch 1/12 (rows 1-1000)
  Calculated 1000 temperatures. Range: -4.70 to 46.42
Processing batch 2/12 (rows 1001-2000)
  Calculated 1000 temperatures. Range: -1.64 to 54.30
Processing batch 3/12 (rows 2001-3000)
  Calculated 1000 temperatures. Range: -3.00 to 41.02
Processing batch 4/12 (rows 3001-4000)
  Calculated 1000 temperatures. Range: 0.22 to 42.94
Processing batch 5/12 (rows 4001-5000)
  Calculated 1000 temperatures. Range: -2.72 to 34.53
Processing batch 6/12 (rows 5001-6000)
  Calculated 1000 temperatures. Range: -0.28 to 40.35
Processing batch 7/12 (rows 6001-7000)
  Calculated 1000 temperatures. Range: -2.06 to 37.53
Processing batch 8/12 (rows 7001-8000)
  Calculated 1000 temperatures. Range: -0.57 to 14.02
Processing batch 9/12 (rows 8001-9000)
  Calculated 1000 temperatures. Range: 0.19 to 16.43
Processing batch 10/12 (rows 9001-10000)
  Calculated 1000 temperatures. Range: -1.47 to 17.87
Processing batch 11/12 (rows 10001-11000)
  Calculated 1000 temperatures. Range: 1.49 to 18.95
Processing batch 12/12 (rows 11001-11035)
  Calculated 35 temperatures. Range: 0.59 to 14.85
Total observations: 11035, Unique timestamps: 2207
MR parameters: mass=0.24, elev=3014.0, b0=17.10, b1=0.98, b2=-0.48, b3=0.000124
Sample tb=276.41 K, log(mass)=-1.4271, 1/(kT)=41.969443, exponent=-4.0702, rmr=0.017074
Sample tb=290.90 K, log(mass)=-1.4271, 1/(kT)=39.879428, exponent=-3.0670, rmr=0.046562
Sample tb=281.18 K, log(mass)=-1.4271, 1/(kT)=41.258625, exponent=-3.7290, rmr=0.024017
Sample tb=292.65 K, log(mass)=-1.4271, 1/(kT)=39.641054, exponent=-2.9525, rmr=0.052207
Sample tb=282.35 K, log(mass)=-1.4271, 1/(kT)=41.087403, exponent=-3.6468, rmr=0.026075
MR results: 0 NA, 0 infinite, 0 negative, 0 zero
Energy calculations: 3560 non-zero gains, 11035 non-zero losses out of 11035 observations
Saved results to output/results/C1/1958/F/eb_results_MB_1958_C1_C1.rds

Processing: Species=MB, Year=1959, Origin=C1, Climate=C1, Sex=F
Looking for climate data at: /mmfs1/gscratch/biology/jmsmith/targeted_microclimate/C1/simplified_C1_1959.rds
Directory /mmfs1/gscratch/biology/jmsmith/targeted_microclimate/C1 exists. Contents:
simplified_C1_1945.rds
simplified_C1_1946.rds
simplified_C1_1947.rds
simplified_C1_1948.rds
simplified_C1_1949.rds
simplified_C1_1950.rds
simplified_C1_1951.rds
simplified_C1_1952.rds
simplified_C1_1953.rds
simplified_C1_1954.rds
simplified_C1_1955.rds
simplified_C1_1956.rds
simplified_C1_1957.rds
simplified_C1_1958.rds
simplified_C1_1959.rds
simplified_C1_1960.rds
simplified_C1_1961.rds
simplified_C1_1962.rds
simplified_C1_1963.rds
simplified_C1_1964.rds
simplified_C1_2005.rds
simplified_C1_2006.rds
simplified_C1_2007.rds
simplified_C1_2008.rds
simplified_C1_2009.rds
simplified_C1_2010.rds
simplified_C1_2011.rds
simplified_C1_2012.rds
simplified_C1_2013.rds
simplified_C1_2014.rds
simplified_C1_2015.rds
simplified_C1_2016.rds
simplified_C1_2017.rds
simplified_C1_2018.rds
simplified_C1_2019.rds
simplified_C1_2020.rds
simplified_C1_2021.rds
simplified_C1_2022.rds
simplified_C1_2023.rds
simplified_C1_2024.rds
Processing batch 1/12 (rows 1-1000)
  Calculated 1000 temperatures. Range: -5.98 to 54.09
Processing batch 2/12 (rows 1001-2000)
  Calculated 1000 temperatures. Range: 0.28 to 56.65
Processing batch 3/12 (rows 2001-3000)
  Calculated 1000 temperatures. Range: -4.88 to 44.96
Processing batch 4/12 (rows 3001-4000)
  Calculated 1000 temperatures. Range: -0.63 to 45.50
Processing batch 5/12 (rows 4001-5000)
  Calculated 1000 temperatures. Range: -5.82 to 40.78
Processing batch 6/12 (rows 5001-6000)
  Calculated 1000 temperatures. Range: -0.43 to 42.47
Processing batch 7/12 (rows 6001-7000)
  Calculated 1000 temperatures. Range: -3.02 to 42.28
Processing batch 8/12 (rows 7001-8000)
  Calculated 1000 temperatures. Range: -0.12 to 16.24
Processing batch 9/12 (rows 8001-9000)
  Calculated 1000 temperatures. Range: -3.68 to 17.11
Processing batch 10/12 (rows 9001-10000)
  Calculated 1000 temperatures. Range: 0.19 to 18.30
Processing batch 11/12 (rows 10001-11000)
  Calculated 1000 temperatures. Range: 1.99 to 19.36
Processing batch 12/12 (rows 11001-11035)
  Calculated 35 temperatures. Range: 2.10 to 15.54
Total observations: 11035, Unique timestamps: 2207
MR parameters: mass=0.24, elev=3014.0, b0=17.10, b1=0.98, b2=-0.48, b3=0.000124
Sample tb=285.44 K, log(mass)=-1.4271, 1/(kT)=40.642183, exponent=-3.4331, rmr=0.032287
Sample tb=282.73 K, log(mass)=-1.4271, 1/(kT)=41.032110, exponent=-3.6203, rmr=0.026776
Sample tb=279.87 K, log(mass)=-1.4271, 1/(kT)=41.450469, exponent=-3.8211, rmr=0.021904
Sample tb=288.87 K, log(mass)=-1.4271, 1/(kT)=40.160072, exponent=-3.2017, rmr=0.040694
Sample tb=278.61 K, log(mass)=-1.4271, 1/(kT)=41.638283, exponent=-3.9112, rmr=0.020016
MR results: 0 NA, 0 infinite, 0 negative, 0 zero
Energy calculations: 3707 non-zero gains, 11035 non-zero losses out of 11035 observations
Saved results to output/results/C1/1959/F/eb_results_MB_1959_C1_C1.rds

Processing: Species=MB, Year=1960, Origin=C1, Climate=C1, Sex=F
Looking for climate data at: /mmfs1/gscratch/biology/jmsmith/targeted_microclimate/C1/simplified_C1_1960.rds
Directory /mmfs1/gscratch/biology/jmsmith/targeted_microclimate/C1 exists. Contents:
simplified_C1_1945.rds
simplified_C1_1946.rds
simplified_C1_1947.rds
simplified_C1_1948.rds
simplified_C1_1949.rds
simplified_C1_1950.rds
simplified_C1_1951.rds
simplified_C1_1952.rds
simplified_C1_1953.rds
simplified_C1_1954.rds
simplified_C1_1955.rds
simplified_C1_1956.rds
simplified_C1_1957.rds
simplified_C1_1958.rds
simplified_C1_1959.rds
simplified_C1_1960.rds
simplified_C1_1961.rds
simplified_C1_1962.rds
simplified_C1_1963.rds
simplified_C1_1964.rds
simplified_C1_2005.rds
simplified_C1_2006.rds
simplified_C1_2007.rds
simplified_C1_2008.rds
simplified_C1_2009.rds
simplified_C1_2010.rds
simplified_C1_2011.rds
simplified_C1_2012.rds
simplified_C1_2013.rds
simplified_C1_2014.rds
simplified_C1_2015.rds
simplified_C1_2016.rds
simplified_C1_2017.rds
simplified_C1_2018.rds
simplified_C1_2019.rds
simplified_C1_2020.rds
simplified_C1_2021.rds
simplified_C1_2022.rds
simplified_C1_2023.rds
simplified_C1_2024.rds
Processing batch 1/12 (rows 1-1000)
  Calculated 1000 temperatures. Range: -4.23 to 54.68
Processing batch 2/12 (rows 1001-2000)
  Calculated 1000 temperatures. Range: -5.17 to 51.48
Processing batch 3/12 (rows 2001-3000)
  Calculated 1000 temperatures. Range: -3.30 to 45.35
Processing batch 4/12 (rows 3001-4000)
  Calculated 1000 temperatures. Range: 0.21 to 42.16
Processing batch 5/12 (rows 4001-5000)
  Calculated 1000 temperatures. Range: -3.59 to 40.44
Processing batch 6/12 (rows 5001-6000)
  Calculated 1000 temperatures. Range: 0.13 to 39.75
Processing batch 7/12 (rows 6001-7000)
  Calculated 1000 temperatures. Range: -3.58 to 37.22
Processing batch 8/12 (rows 7001-8000)
  Calculated 1000 temperatures. Range: -1.94 to 16.49
Processing batch 9/12 (rows 8001-9000)
  Calculated 1000 temperatures. Range: -3.10 to 15.77
Processing batch 10/12 (rows 9001-10000)
  Calculated 1000 temperatures. Range: -0.97 to 18.43
Processing batch 11/12 (rows 10001-11000)
  Calculated 1000 temperatures. Range: -2.48 to 20.38
Processing batch 12/12 (rows 11001-11035)
  Calculated 35 temperatures. Range: 1.46 to 18.56
Total observations: 11035, Unique timestamps: 2207
MR parameters: mass=0.24, elev=3014.0, b0=17.10, b1=0.98, b2=-0.48, b3=0.000124
Sample tb=275.84 K, log(mass)=-1.4271, 1/(kT)=42.056303, exponent=-4.1119, rmr=0.016377
Sample tb=279.58 K, log(mass)=-1.4271, 1/(kT)=41.494860, exponent=-3.8424, rmr=0.021443
Sample tb=282.94 K, log(mass)=-1.4271, 1/(kT)=41.001643, exponent=-3.6056, rmr=0.027170
Sample tb=279.25 K, log(mass)=-1.4271, 1/(kT)=41.543412, exponent=-3.8657, rmr=0.020949
Sample tb=291.52 K, log(mass)=-1.4271, 1/(kT)=39.795022, exponent=-3.0264, rmr=0.048488
MR results: 0 NA, 0 infinite, 0 negative, 0 zero
Energy calculations: 3664 non-zero gains, 11035 non-zero losses out of 11035 observations
Saved results to output/results/C1/1960/F/eb_results_MB_1960_C1_C1.rds

Processing: Species=MB, Year=1961, Origin=C1, Climate=C1, Sex=F
Looking for climate data at: /mmfs1/gscratch/biology/jmsmith/targeted_microclimate/C1/simplified_C1_1961.rds
Directory /mmfs1/gscratch/biology/jmsmith/targeted_microclimate/C1 exists. Contents:
simplified_C1_1945.rds
simplified_C1_1946.rds
simplified_C1_1947.rds
simplified_C1_1948.rds
simplified_C1_1949.rds
simplified_C1_1950.rds
simplified_C1_1951.rds
simplified_C1_1952.rds
simplified_C1_1953.rds
simplified_C1_1954.rds
simplified_C1_1955.rds
simplified_C1_1956.rds
simplified_C1_1957.rds
simplified_C1_1958.rds
simplified_C1_1959.rds
simplified_C1_1960.rds
simplified_C1_1961.rds
simplified_C1_1962.rds
simplified_C1_1963.rds
simplified_C1_1964.rds
simplified_C1_2005.rds
simplified_C1_2006.rds
simplified_C1_2007.rds
simplified_C1_2008.rds
simplified_C1_2009.rds
simplified_C1_2010.rds
simplified_C1_2011.rds
simplified_C1_2012.rds
simplified_C1_2013.rds
simplified_C1_2014.rds
simplified_C1_2015.rds
simplified_C1_2016.rds
simplified_C1_2017.rds
simplified_C1_2018.rds
simplified_C1_2019.rds
simplified_C1_2020.rds
simplified_C1_2021.rds
simplified_C1_2022.rds
simplified_C1_2023.rds
simplified_C1_2024.rds
Processing batch 1/12 (rows 1-1000)
  Calculated 1000 temperatures. Range: -7.37 to 51.44
Processing batch 2/12 (rows 1001-2000)
  Calculated 1000 temperatures. Range: -1.06 to 53.32
Processing batch 3/12 (rows 2001-3000)
  Calculated 1000 temperatures. Range: -5.52 to 43.94
Processing batch 4/12 (rows 3001-4000)
  Calculated 1000 temperatures. Range: -1.01 to 43.42
Processing batch 5/12 (rows 4001-5000)
  Calculated 1000 temperatures. Range: -4.95 to 37.91
Processing batch 6/12 (rows 5001-6000)
  Calculated 1000 temperatures. Range: -0.51 to 39.91
Processing batch 7/12 (rows 6001-7000)
  Calculated 1000 temperatures. Range: -3.52 to 38.68
Processing batch 8/12 (rows 7001-8000)
  Calculated 1000 temperatures. Range: -0.73 to 15.51
Processing batch 9/12 (rows 8001-9000)
  Calculated 1000 temperatures. Range: -3.36 to 15.82
Processing batch 10/12 (rows 9001-10000)
  Calculated 1000 temperatures. Range: 0.08 to 18.82
Processing batch 11/12 (rows 10001-11000)
  Calculated 1000 temperatures. Range: -0.83 to 18.87
Processing batch 12/12 (rows 11001-11035)
  Calculated 35 temperatures. Range: 3.54 to 12.80
Total observations: 11035, Unique timestamps: 2207
MR parameters: mass=0.24, elev=3014.0, b0=17.10, b1=0.98, b2=-0.48, b3=0.000124
Sample tb=284.17 K, log(mass)=-1.4271, 1/(kT)=40.823840, exponent=-3.5203, rmr=0.029591
Sample tb=296.77 K, log(mass)=-1.4271, 1/(kT)=39.090490, exponent=-2.6883, rmr=0.067998
Sample tb=303.94 K, log(mass)=-1.4271, 1/(kT)=38.168755, exponent=-2.2458, rmr=0.105839
Sample tb=287.99 K, log(mass)=-1.4271, 1/(kT)=40.282407, exponent=-3.2604, rmr=0.038373
Sample tb=294.35 K, log(mass)=-1.4271, 1/(kT)=39.411751, exponent=-2.8425, rmr=0.058281
MR results: 0 NA, 0 infinite, 0 negative, 0 zero
Energy calculations: 3556 non-zero gains, 11035 non-zero losses out of 11035 observations
Saved results to output/results/C1/1961/F/eb_results_MB_1961_C1_C1.rds

Processing: Species=MB, Year=1962, Origin=C1, Climate=C1, Sex=F
Looking for climate data at: /mmfs1/gscratch/biology/jmsmith/targeted_microclimate/C1/simplified_C1_1962.rds
Directory /mmfs1/gscratch/biology/jmsmith/targeted_microclimate/C1 exists. Contents:
simplified_C1_1945.rds
simplified_C1_1946.rds
simplified_C1_1947.rds
simplified_C1_1948.rds
simplified_C1_1949.rds
simplified_C1_1950.rds
simplified_C1_1951.rds
simplified_C1_1952.rds
simplified_C1_1953.rds
simplified_C1_1954.rds
simplified_C1_1955.rds
simplified_C1_1956.rds
simplified_C1_1957.rds
simplified_C1_1958.rds
simplified_C1_1959.rds
simplified_C1_1960.rds
simplified_C1_1961.rds
simplified_C1_1962.rds
simplified_C1_1963.rds
simplified_C1_1964.rds
simplified_C1_2005.rds
simplified_C1_2006.rds
simplified_C1_2007.rds
simplified_C1_2008.rds
simplified_C1_2009.rds
simplified_C1_2010.rds
simplified_C1_2011.rds
simplified_C1_2012.rds
simplified_C1_2013.rds
simplified_C1_2014.rds
simplified_C1_2015.rds
simplified_C1_2016.rds
simplified_C1_2017.rds
simplified_C1_2018.rds
simplified_C1_2019.rds
simplified_C1_2020.rds
simplified_C1_2021.rds
simplified_C1_2022.rds
simplified_C1_2023.rds
simplified_C1_2024.rds
Processing batch 1/12 (rows 1-1000)
  Calculated 1000 temperatures. Range: -7.30 to 57.35
Processing batch 2/12 (rows 1001-2000)
  Calculated 1000 temperatures. Range: -1.99 to 50.50
Processing batch 3/12 (rows 2001-3000)
  Calculated 1000 temperatures. Range: -6.29 to 51.36
Processing batch 4/12 (rows 3001-4000)
  Calculated 1000 temperatures. Range: 0.06 to 45.70
Processing batch 5/12 (rows 4001-5000)
  Calculated 1000 temperatures. Range: -5.84 to 41.62
Processing batch 6/12 (rows 5001-6000)
  Calculated 1000 temperatures. Range: 0.52 to 42.92
Processing batch 7/12 (rows 6001-7000)
  Calculated 1000 temperatures. Range: -5.75 to 39.01
Processing batch 8/12 (rows 7001-8000)
  Calculated 1000 temperatures. Range: -3.34 to 15.51
Processing batch 9/12 (rows 8001-9000)
  Calculated 1000 temperatures. Range: -3.37 to 15.05
Processing batch 10/12 (rows 9001-10000)
  Calculated 1000 temperatures. Range: -5.53 to 18.16
Processing batch 11/12 (rows 10001-11000)
  Calculated 1000 temperatures. Range: -0.25 to 19.18
Processing batch 12/12 (rows 11001-11035)
  Calculated 35 temperatures. Range: -1.37 to 11.41
Total observations: 11035, Unique timestamps: 2207
MR parameters: mass=0.24, elev=3014.0, b0=17.10, b1=0.98, b2=-0.48, b3=0.000124
Sample tb=271.94 K, log(mass)=-1.4271, 1/(kT)=42.659373, exponent=-4.4013, rmr=0.012261
Sample tb=276.08 K, log(mass)=-1.4271, 1/(kT)=42.020087, exponent=-4.0945, rmr=0.016664
Sample tb=272.91 K, log(mass)=-1.4271, 1/(kT)=42.508000, exponent=-4.3287, rmr=0.013185
Sample tb=282.04 K, log(mass)=-1.4271, 1/(kT)=41.131925, exponent=-3.6682, rmr=0.025523
Sample tb=280.02 K, log(mass)=-1.4271, 1/(kT)=41.428990, exponent=-3.8108, rmr=0.022132
MR results: 0 NA, 0 infinite, 0 negative, 0 zero
Energy calculations: 3514 non-zero gains, 11035 non-zero losses out of 11035 observations
Saved results to output/results/C1/1962/F/eb_results_MB_1962_C1_C1.rds

Processing: Species=MB, Year=1963, Origin=C1, Climate=C1, Sex=F
Looking for climate data at: /mmfs1/gscratch/biology/jmsmith/targeted_microclimate/C1/simplified_C1_1963.rds
Directory /mmfs1/gscratch/biology/jmsmith/targeted_microclimate/C1 exists. Contents:
simplified_C1_1945.rds
simplified_C1_1946.rds
simplified_C1_1947.rds
simplified_C1_1948.rds
simplified_C1_1949.rds
simplified_C1_1950.rds
simplified_C1_1951.rds
simplified_C1_1952.rds
simplified_C1_1953.rds
simplified_C1_1954.rds
simplified_C1_1955.rds
simplified_C1_1956.rds
simplified_C1_1957.rds
simplified_C1_1958.rds
simplified_C1_1959.rds
simplified_C1_1960.rds
simplified_C1_1961.rds
simplified_C1_1962.rds
simplified_C1_1963.rds
simplified_C1_1964.rds
simplified_C1_2005.rds
simplified_C1_2006.rds
simplified_C1_2007.rds
simplified_C1_2008.rds
simplified_C1_2009.rds
simplified_C1_2010.rds
simplified_C1_2011.rds
simplified_C1_2012.rds
simplified_C1_2013.rds
simplified_C1_2014.rds
simplified_C1_2015.rds
simplified_C1_2016.rds
simplified_C1_2017.rds
simplified_C1_2018.rds
simplified_C1_2019.rds
simplified_C1_2020.rds
simplified_C1_2021.rds
simplified_C1_2022.rds
simplified_C1_2023.rds
simplified_C1_2024.rds
Processing batch 1/12 (rows 1-1000)
  Calculated 1000 temperatures. Range: -4.60 to 52.92
Processing batch 2/12 (rows 1001-2000)
  Calculated 1000 temperatures. Range: 0.77 to 55.96
Processing batch 3/12 (rows 2001-3000)
  Calculated 1000 temperatures. Range: -3.32 to 47.21
Processing batch 4/12 (rows 3001-4000)
  Calculated 1000 temperatures. Range: 1.11 to 44.57
Processing batch 5/12 (rows 4001-5000)
  Calculated 1000 temperatures. Range: -2.82 to 38.65
Processing batch 6/12 (rows 5001-6000)
  Calculated 1000 temperatures. Range: 0.33 to 42.19
Processing batch 7/12 (rows 6001-7000)
  Calculated 1000 temperatures. Range: -1.66 to 35.89
Processing batch 8/12 (rows 7001-8000)
  Calculated 1000 temperatures. Range: -0.42 to 16.92
Processing batch 9/12 (rows 8001-9000)
  Calculated 1000 temperatures. Range: -1.38 to 15.75
Processing batch 10/12 (rows 9001-10000)
  Calculated 1000 temperatures. Range: -1.02 to 19.33
Processing batch 11/12 (rows 10001-11000)
  Calculated 1000 temperatures. Range: 2.18 to 20.06
Processing batch 12/12 (rows 11001-11035)
  Calculated 35 temperatures. Range: 3.23 to 14.23
Total observations: 11035, Unique timestamps: 2207
MR parameters: mass=0.24, elev=3014.0, b0=17.10, b1=0.98, b2=-0.48, b3=0.000124
Sample tb=279.89 K, log(mass)=-1.4271, 1/(kT)=41.448358, exponent=-3.8200, rmr=0.021927
Sample tb=299.34 K, log(mass)=-1.4271, 1/(kT)=38.754695, exponent=-2.5271, rmr=0.079891
Sample tb=282.01 K, log(mass)=-1.4271, 1/(kT)=41.136993, exponent=-3.6706, rmr=0.025461
Sample tb=279.08 K, log(mass)=-1.4271, 1/(kT)=41.568179, exponent=-3.8776, rmr=0.020701
Sample tb=274.87 K, log(mass)=-1.4271, 1/(kT)=42.204753, exponent=-4.1831, rmr=0.015251
MR results: 0 NA, 0 infinite, 0 negative, 0 zero
Energy calculations: 3768 non-zero gains, 11035 non-zero losses out of 11035 observations
Saved results to output/results/C1/1963/F/eb_results_MB_1963_C1_C1.rds

Processing: Species=MB, Year=1964, Origin=C1, Climate=C1, Sex=F
Looking for climate data at: /mmfs1/gscratch/biology/jmsmith/targeted_microclimate/C1/simplified_C1_1964.rds
Directory /mmfs1/gscratch/biology/jmsmith/targeted_microclimate/C1 exists. Contents:
simplified_C1_1945.rds
simplified_C1_1946.rds
simplified_C1_1947.rds
simplified_C1_1948.rds
simplified_C1_1949.rds
simplified_C1_1950.rds
simplified_C1_1951.rds
simplified_C1_1952.rds
simplified_C1_1953.rds
simplified_C1_1954.rds
simplified_C1_1955.rds
simplified_C1_1956.rds
simplified_C1_1957.rds
simplified_C1_1958.rds
simplified_C1_1959.rds
simplified_C1_1960.rds
simplified_C1_1961.rds
simplified_C1_1962.rds
simplified_C1_1963.rds
simplified_C1_1964.rds
simplified_C1_2005.rds
simplified_C1_2006.rds
simplified_C1_2007.rds
simplified_C1_2008.rds
simplified_C1_2009.rds
simplified_C1_2010.rds
simplified_C1_2011.rds
simplified_C1_2012.rds
simplified_C1_2013.rds
simplified_C1_2014.rds
simplified_C1_2015.rds
simplified_C1_2016.rds
simplified_C1_2017.rds
simplified_C1_2018.rds
simplified_C1_2019.rds
simplified_C1_2020.rds
simplified_C1_2021.rds
simplified_C1_2022.rds
simplified_C1_2023.rds
simplified_C1_2024.rds
Processing batch 1/12 (rows 1-1000)
  Calculated 1000 temperatures. Range: -5.93 to 53.61
Processing batch 2/12 (rows 1001-2000)
  Calculated 1000 temperatures. Range: -5.22 to 52.58
Processing batch 3/12 (rows 2001-3000)
  Calculated 1000 temperatures. Range: -6.93 to 41.96
Processing batch 4/12 (rows 3001-4000)
  Calculated 1000 temperatures. Range: 0.35 to 43.05
Processing batch 5/12 (rows 4001-5000)
  Calculated 1000 temperatures. Range: -5.10 to 39.14
Processing batch 6/12 (rows 5001-6000)
  Calculated 1000 temperatures. Range: -0.43 to 40.26
Processing batch 7/12 (rows 6001-7000)
  Calculated 1000 temperatures. Range: -5.32 to 36.01
Processing batch 8/12 (rows 7001-8000)
  Calculated 1000 temperatures. Range: -3.40 to 15.98
Processing batch 9/12 (rows 8001-9000)
  Calculated 1000 temperatures. Range: -5.33 to 16.27
Processing batch 10/12 (rows 9001-10000)
  Calculated 1000 temperatures. Range: -2.85 to 19.06
Processing batch 11/12 (rows 10001-11000)
  Calculated 1000 temperatures. Range: -2.93 to 18.85
Processing batch 12/12 (rows 11001-11035)
  Calculated 35 temperatures. Range: -2.36 to 15.59
Total observations: 11035, Unique timestamps: 2207
MR parameters: mass=0.24, elev=3014.0, b0=17.10, b1=0.98, b2=-0.48, b3=0.000124
Sample tb=278.42 K, log(mass)=-1.4271, 1/(kT)=41.666261, exponent=-3.9246, rmr=0.019749
Sample tb=295.28 K, log(mass)=-1.4271, 1/(kT)=39.288308, exponent=-2.7832, rmr=0.061839
Sample tb=280.67 K, log(mass)=-1.4271, 1/(kT)=41.332426, exponent=-3.7644, rmr=0.023181
Sample tb=269.83 K, log(mass)=-1.4271, 1/(kT)=42.992967, exponent=-4.5615, rmr=0.010447
Sample tb=277.37 K, log(mass)=-1.4271, 1/(kT)=41.824870, exponent=-4.0008, rmr=0.018301
MR results: 0 NA, 0 infinite, 0 negative, 0 zero
Energy calculations: 3619 non-zero gains, 11035 non-zero losses out of 11035 observations
Saved results to output/results/C1/1964/F/eb_results_MB_1964_C1_C1.rds

All years processed.
