Arguments received:
Species: MB
Years: 1945, 1946, 1947, 1948, 1949, 1950, 1951, 1952, 1953, 1954, 1955, 1956, 1957, 1958, 1959, 1960, 1961, 1962, 1963, 1964
Origin site: A1
Climate site: C1
Sex: F
Output directory: output/results/A1
Library paths:
[1] "/gscratch/biology/jmsmith/R"                          
[2] "/mmfs1/home/smithju/R/x86_64-pc-linux-gnu-library/4.4"
[3] "/usr/local/lib/R/site-library"                        
[4] "/usr/local/lib/R/library"                             
Package tidyverse loaded successfully
Package TrenchR loaded successfully
Package rTPC loaded successfully
Package lubridate loaded successfully

Processing: Species=MB, Year=1945, Origin=A1, Climate=C1, Sex=F
Looking for climate data at: /mmfs1/gscratch/biology/jmsmith/targeted_microclimate/C1/simplified_C1_1945.rds
Directory /mmfs1/gscratch/biology/jmsmith/targeted_microclimate/C1 exists. Contents:
simplified_C1_1945.rds
simplified_C1_1946.rds
simplified_C1_1947.rds
simplified_C1_1948.rds
simplified_C1_1949.rds
simplified_C1_1950.rds
simplified_C1_1951.rds
simplified_C1_1952.rds
simplified_C1_1953.rds
simplified_C1_1954.rds
simplified_C1_1955.rds
simplified_C1_1956.rds
simplified_C1_1957.rds
simplified_C1_1958.rds
simplified_C1_1959.rds
simplified_C1_1960.rds
simplified_C1_1961.rds
simplified_C1_1962.rds
simplified_C1_1963.rds
simplified_C1_1964.rds
simplified_C1_2005.rds
simplified_C1_2006.rds
simplified_C1_2007.rds
simplified_C1_2008.rds
simplified_C1_2009.rds
simplified_C1_2010.rds
simplified_C1_2011.rds
simplified_C1_2012.rds
simplified_C1_2013.rds
simplified_C1_2014.rds
simplified_C1_2015.rds
simplified_C1_2016.rds
simplified_C1_2017.rds
simplified_C1_2018.rds
simplified_C1_2019.rds
simplified_C1_2020.rds
simplified_C1_2021.rds
simplified_C1_2022.rds
simplified_C1_2023.rds
simplified_C1_2024.rds
Processing batch 1/12 (rows 1-1000)
  Calculated 1000 temperatures. Range: -10.27 to 48.20
Processing batch 2/12 (rows 1001-2000)
  Calculated 1000 temperatures. Range: -0.13 to 55.18
Processing batch 3/12 (rows 2001-3000)
  Calculated 1000 temperatures. Range: -10.07 to 45.91
Processing batch 4/12 (rows 3001-4000)
  Calculated 1000 temperatures. Range: -0.16 to 43.60
Processing batch 5/12 (rows 4001-5000)
  Calculated 1000 temperatures. Range: -9.31 to 42.05
Processing batch 6/12 (rows 5001-6000)
  Calculated 1000 temperatures. Range: -2.09 to 40.89
Processing batch 7/12 (rows 6001-7000)
  Calculated 1000 temperatures. Range: -6.54 to 39.30
Processing batch 8/12 (rows 7001-8000)
  Calculated 1000 temperatures. Range: -7.98 to 15.50
Processing batch 9/12 (rows 8001-9000)
  Calculated 1000 temperatures. Range: -3.95 to 16.14
Processing batch 10/12 (rows 9001-10000)
  Calculated 1000 temperatures. Range: -8.82 to 17.31
Processing batch 11/12 (rows 10001-11000)
  Calculated 1000 temperatures. Range: 1.78 to 18.59
Processing batch 12/12 (rows 11001-11035)
  Calculated 35 temperatures. Range: 3.75 to 16.72
Total observations: 11035, Unique timestamps: 2207
MR parameters: mass=0.33, elev=2195.0, b0=17.10, b1=0.98, b2=-0.48, b3=0.000124
Sample tb=292.04 K, log(mass)=-1.1087, 1/(kT)=39.723651, exponent=-2.7817, rmr=0.061936
Sample tb=276.80 K, log(mass)=-1.1087, 1/(kT)=41.910200, exponent=-3.8312, rmr=0.021683
Sample tb=285.68 K, log(mass)=-1.1087, 1/(kT)=40.608167, exponent=-3.2062, rmr=0.040509
Sample tb=280.59 K, log(mass)=-1.1087, 1/(kT)=41.345438, exponent=-3.5601, rmr=0.028435
Sample tb=277.47 K, log(mass)=-1.1087, 1/(kT)=41.810410, exponent=-3.7833, rmr=0.022747
MR results: 0 NA, 0 infinite, 0 negative, 0 zero
Energy calculations: 3246 non-zero gains, 11035 non-zero losses out of 11035 observations
Saved results to output/results/A1/1945/F/eb_results_MB_1945_A1_C1.rds

Processing: Species=MB, Year=1946, Origin=A1, Climate=C1, Sex=F
Looking for climate data at: /mmfs1/gscratch/biology/jmsmith/targeted_microclimate/C1/simplified_C1_1946.rds
Directory /mmfs1/gscratch/biology/jmsmith/targeted_microclimate/C1 exists. Contents:
simplified_C1_1945.rds
simplified_C1_1946.rds
simplified_C1_1947.rds
simplified_C1_1948.rds
simplified_C1_1949.rds
simplified_C1_1950.rds
simplified_C1_1951.rds
simplified_C1_1952.rds
simplified_C1_1953.rds
simplified_C1_1954.rds
simplified_C1_1955.rds
simplified_C1_1956.rds
simplified_C1_1957.rds
simplified_C1_1958.rds
simplified_C1_1959.rds
simplified_C1_1960.rds
simplified_C1_1961.rds
simplified_C1_1962.rds
simplified_C1_1963.rds
simplified_C1_1964.rds
simplified_C1_2005.rds
simplified_C1_2006.rds
simplified_C1_2007.rds
simplified_C1_2008.rds
simplified_C1_2009.rds
simplified_C1_2010.rds
simplified_C1_2011.rds
simplified_C1_2012.rds
simplified_C1_2013.rds
simplified_C1_2014.rds
simplified_C1_2015.rds
simplified_C1_2016.rds
simplified_C1_2017.rds
simplified_C1_2018.rds
simplified_C1_2019.rds
simplified_C1_2020.rds
simplified_C1_2021.rds
simplified_C1_2022.rds
simplified_C1_2023.rds
simplified_C1_2024.rds
Processing batch 1/12 (rows 1-1000)
  Calculated 1000 temperatures. Range: -7.12 to 60.00
Processing batch 2/12 (rows 1001-2000)
  Calculated 1000 temperatures. Range: 1.15 to 51.45
Processing batch 3/12 (rows 2001-3000)
  Calculated 1000 temperatures. Range: -5.84 to 43.87
Processing batch 4/12 (rows 3001-4000)
  Calculated 1000 temperatures. Range: 0.00 to 41.48
Processing batch 5/12 (rows 4001-5000)
  Calculated 1000 temperatures. Range: -5.28 to 39.21
Processing batch 6/12 (rows 5001-6000)
  Calculated 1000 temperatures. Range: -2.45 to 39.73
Processing batch 7/12 (rows 6001-7000)
  Calculated 1000 temperatures. Range: -3.85 to 35.43
Processing batch 8/12 (rows 7001-8000)
  Calculated 1000 temperatures. Range: -4.29 to 16.23
Processing batch 9/12 (rows 8001-9000)
  Calculated 1000 temperatures. Range: -3.94 to 15.93
Processing batch 10/12 (rows 9001-10000)
  Calculated 1000 temperatures. Range: -4.19 to 19.61
Processing batch 11/12 (rows 10001-11000)
  Calculated 1000 temperatures. Range: 1.20 to 18.39
Processing batch 12/12 (rows 11001-11035)
  Calculated 35 temperatures. Range: 1.27 to 12.80
Total observations: 11035, Unique timestamps: 2207
MR parameters: mass=0.33, elev=2195.0, b0=17.10, b1=0.98, b2=-0.48, b3=0.000124
Sample tb=277.22 K, log(mass)=-1.1087, 1/(kT)=41.848089, exponent=-3.8014, rmr=0.022340
Sample tb=291.44 K, log(mass)=-1.1087, 1/(kT)=39.805934, exponent=-2.8212, rmr=0.059537
Sample tb=293.18 K, log(mass)=-1.1087, 1/(kT)=39.569661, exponent=-2.7077, rmr=0.066687
Sample tb=284.37 K, log(mass)=-1.1087, 1/(kT)=40.794650, exponent=-3.2957, rmr=0.037041
Sample tb=281.20 K, log(mass)=-1.1087, 1/(kT)=41.254525, exponent=-3.5165, rmr=0.029704
MR results: 0 NA, 0 infinite, 0 negative, 0 zero
Energy calculations: 3617 non-zero gains, 11035 non-zero losses out of 11035 observations
Saved results to output/results/A1/1946/F/eb_results_MB_1946_A1_C1.rds

Processing: Species=MB, Year=1947, Origin=A1, Climate=C1, Sex=F
Looking for climate data at: /mmfs1/gscratch/biology/jmsmith/targeted_microclimate/C1/simplified_C1_1947.rds
Directory /mmfs1/gscratch/biology/jmsmith/targeted_microclimate/C1 exists. Contents:
simplified_C1_1945.rds
simplified_C1_1946.rds
simplified_C1_1947.rds
simplified_C1_1948.rds
simplified_C1_1949.rds
simplified_C1_1950.rds
simplified_C1_1951.rds
simplified_C1_1952.rds
simplified_C1_1953.rds
simplified_C1_1954.rds
simplified_C1_1955.rds
simplified_C1_1956.rds
simplified_C1_1957.rds
simplified_C1_1958.rds
simplified_C1_1959.rds
simplified_C1_1960.rds
simplified_C1_1961.rds
simplified_C1_1962.rds
simplified_C1_1963.rds
simplified_C1_1964.rds
simplified_C1_2005.rds
simplified_C1_2006.rds
simplified_C1_2007.rds
simplified_C1_2008.rds
simplified_C1_2009.rds
simplified_C1_2010.rds
simplified_C1_2011.rds
simplified_C1_2012.rds
simplified_C1_2013.rds
simplified_C1_2014.rds
simplified_C1_2015.rds
simplified_C1_2016.rds
simplified_C1_2017.rds
simplified_C1_2018.rds
simplified_C1_2019.rds
simplified_C1_2020.rds
simplified_C1_2021.rds
simplified_C1_2022.rds
simplified_C1_2023.rds
simplified_C1_2024.rds
Processing batch 1/12 (rows 1-1000)
  Calculated 1000 temperatures. Range: -10.38 to 52.88
Processing batch 2/12 (rows 1001-2000)
  Calculated 1000 temperatures. Range: -0.06 to 53.33
Processing batch 3/12 (rows 2001-3000)
  Calculated 1000 temperatures. Range: -10.20 to 47.37
Processing batch 4/12 (rows 3001-4000)
  Calculated 1000 temperatures. Range: 0.78 to 42.28
Processing batch 5/12 (rows 4001-5000)
  Calculated 1000 temperatures. Range: -9.69 to 37.41
Processing batch 6/12 (rows 5001-6000)
  Calculated 1000 temperatures. Range: -1.56 to 39.52
Processing batch 7/12 (rows 6001-7000)
  Calculated 1000 temperatures. Range: -9.85 to 35.14
Processing batch 8/12 (rows 7001-8000)
  Calculated 1000 temperatures. Range: -2.40 to 15.13
Processing batch 9/12 (rows 8001-9000)
  Calculated 1000 temperatures. Range: -2.74 to 16.48
Processing batch 10/12 (rows 9001-10000)
  Calculated 1000 temperatures. Range: -10.04 to 17.88
Processing batch 11/12 (rows 10001-11000)
  Calculated 1000 temperatures. Range: 1.56 to 19.05
Processing batch 12/12 (rows 11001-11035)
  Calculated 35 temperatures. Range: 4.21 to 15.04
Total observations: 11035, Unique timestamps: 2207
MR parameters: mass=0.33, elev=2195.0, b0=17.10, b1=0.98, b2=-0.48, b3=0.000124
Sample tb=281.46 K, log(mass)=-1.1087, 1/(kT)=41.216843, exponent=-3.4984, rmr=0.030246
Sample tb=279.95 K, log(mass)=-1.1087, 1/(kT)=41.438947, exponent=-3.6050, rmr=0.027187
Sample tb=281.53 K, log(mass)=-1.1087, 1/(kT)=41.206572, exponent=-3.4935, rmr=0.030395
Sample tb=272.05 K, log(mass)=-1.1087, 1/(kT)=42.642711, exponent=-4.1828, rmr=0.015256
Sample tb=282.73 K, log(mass)=-1.1087, 1/(kT)=41.031763, exponent=-3.4096, rmr=0.033056
MR results: 0 NA, 0 infinite, 0 negative, 0 zero
Energy calculations: 3355 non-zero gains, 11035 non-zero losses out of 11035 observations
Saved results to output/results/A1/1947/F/eb_results_MB_1947_A1_C1.rds

Processing: Species=MB, Year=1948, Origin=A1, Climate=C1, Sex=F
Looking for climate data at: /mmfs1/gscratch/biology/jmsmith/targeted_microclimate/C1/simplified_C1_1948.rds
Directory /mmfs1/gscratch/biology/jmsmith/targeted_microclimate/C1 exists. Contents:
simplified_C1_1945.rds
simplified_C1_1946.rds
simplified_C1_1947.rds
simplified_C1_1948.rds
simplified_C1_1949.rds
simplified_C1_1950.rds
simplified_C1_1951.rds
simplified_C1_1952.rds
simplified_C1_1953.rds
simplified_C1_1954.rds
simplified_C1_1955.rds
simplified_C1_1956.rds
simplified_C1_1957.rds
simplified_C1_1958.rds
simplified_C1_1959.rds
simplified_C1_1960.rds
simplified_C1_1961.rds
simplified_C1_1962.rds
simplified_C1_1963.rds
simplified_C1_1964.rds
simplified_C1_2005.rds
simplified_C1_2006.rds
simplified_C1_2007.rds
simplified_C1_2008.rds
simplified_C1_2009.rds
simplified_C1_2010.rds
simplified_C1_2011.rds
simplified_C1_2012.rds
simplified_C1_2013.rds
simplified_C1_2014.rds
simplified_C1_2015.rds
simplified_C1_2016.rds
simplified_C1_2017.rds
simplified_C1_2018.rds
simplified_C1_2019.rds
simplified_C1_2020.rds
simplified_C1_2021.rds
simplified_C1_2022.rds
simplified_C1_2023.rds
simplified_C1_2024.rds
Processing batch 1/12 (rows 1-1000)
  Calculated 1000 temperatures. Range: -2.85 to 52.52
Processing batch 2/12 (rows 1001-2000)
  Calculated 1000 temperatures. Range: -1.75 to 51.01
Processing batch 3/12 (rows 2001-3000)
  Calculated 1000 temperatures. Range: -1.94 to 49.66
Processing batch 4/12 (rows 3001-4000)
  Calculated 1000 temperatures. Range: -0.00 to 40.31
Processing batch 5/12 (rows 4001-5000)
  Calculated 1000 temperatures. Range: -1.09 to 40.74
Processing batch 6/12 (rows 5001-6000)
  Calculated 1000 temperatures. Range: -1.17 to 37.83
Processing batch 7/12 (rows 6001-7000)
  Calculated 1000 temperatures. Range: -0.33 to 37.59
Processing batch 8/12 (rows 7001-8000)
  Calculated 1000 temperatures. Range: -1.09 to 14.59
Processing batch 9/12 (rows 8001-9000)
  Calculated 1000 temperatures. Range: -0.33 to 15.66
Processing batch 10/12 (rows 9001-10000)
  Calculated 1000 temperatures. Range: -0.51 to 17.56
Processing batch 11/12 (rows 10001-11000)
  Calculated 1000 temperatures. Range: 0.67 to 18.21
Processing batch 12/12 (rows 11001-11035)
  Calculated 35 temperatures. Range: 2.55 to 18.44
Total observations: 11035, Unique timestamps: 2207
MR parameters: mass=0.33, elev=2195.0, b0=17.10, b1=0.98, b2=-0.48, b3=0.000124
Sample tb=279.81 K, log(mass)=-1.1087, 1/(kT)=41.459589, exponent=-3.6149, rmr=0.026919
Sample tb=273.97 K, log(mass)=-1.1087, 1/(kT)=42.343658, exponent=-4.0393, rmr=0.017610
Sample tb=280.94 K, log(mass)=-1.1087, 1/(kT)=41.293350, exponent=-3.5351, rmr=0.029155
Sample tb=282.39 K, log(mass)=-1.1087, 1/(kT)=41.081144, exponent=-3.4333, rmr=0.032282
Sample tb=289.18 K, log(mass)=-1.1087, 1/(kT)=40.117037, exponent=-2.9705, rmr=0.051278
MR results: 0 NA, 0 infinite, 0 negative, 0 zero
Energy calculations: 3599 non-zero gains, 11035 non-zero losses out of 11035 observations
Saved results to output/results/A1/1948/F/eb_results_MB_1948_A1_C1.rds

Processing: Species=MB, Year=1949, Origin=A1, Climate=C1, Sex=F
Looking for climate data at: /mmfs1/gscratch/biology/jmsmith/targeted_microclimate/C1/simplified_C1_1949.rds
Directory /mmfs1/gscratch/biology/jmsmith/targeted_microclimate/C1 exists. Contents:
simplified_C1_1945.rds
simplified_C1_1946.rds
simplified_C1_1947.rds
simplified_C1_1948.rds
simplified_C1_1949.rds
simplified_C1_1950.rds
simplified_C1_1951.rds
simplified_C1_1952.rds
simplified_C1_1953.rds
simplified_C1_1954.rds
simplified_C1_1955.rds
simplified_C1_1956.rds
simplified_C1_1957.rds
simplified_C1_1958.rds
simplified_C1_1959.rds
simplified_C1_1960.rds
simplified_C1_1961.rds
simplified_C1_1962.rds
simplified_C1_1963.rds
simplified_C1_1964.rds
simplified_C1_2005.rds
simplified_C1_2006.rds
simplified_C1_2007.rds
simplified_C1_2008.rds
simplified_C1_2009.rds
simplified_C1_2010.rds
simplified_C1_2011.rds
simplified_C1_2012.rds
simplified_C1_2013.rds
simplified_C1_2014.rds
simplified_C1_2015.rds
simplified_C1_2016.rds
simplified_C1_2017.rds
simplified_C1_2018.rds
simplified_C1_2019.rds
simplified_C1_2020.rds
simplified_C1_2021.rds
simplified_C1_2022.rds
simplified_C1_2023.rds
simplified_C1_2024.rds
Processing batch 1/12 (rows 1-1000)
  Calculated 1000 temperatures. Range: -8.12 to 49.49
Processing batch 2/12 (rows 1001-2000)
  Calculated 1000 temperatures. Range: -2.06 to 50.57
Processing batch 3/12 (rows 2001-3000)
  Calculated 1000 temperatures. Range: -6.13 to 45.20
Processing batch 4/12 (rows 3001-4000)
  Calculated 1000 temperatures. Range: 0.99 to 39.52
Processing batch 5/12 (rows 4001-5000)
  Calculated 1000 temperatures. Range: -5.86 to 39.50
Processing batch 6/12 (rows 5001-6000)
  Calculated 1000 temperatures. Range: -0.42 to 36.64
Processing batch 7/12 (rows 6001-7000)
  Calculated 1000 temperatures. Range: -4.90 to 37.09
Processing batch 8/12 (rows 7001-8000)
  Calculated 1000 temperatures. Range: -0.38 to 15.29
Processing batch 9/12 (rows 8001-9000)
  Calculated 1000 temperatures. Range: -4.39 to 14.51
Processing batch 10/12 (rows 9001-10000)
  Calculated 1000 temperatures. Range: 0.41 to 18.54
Processing batch 11/12 (rows 10001-11000)
  Calculated 1000 temperatures. Range: 0.94 to 18.18
Processing batch 12/12 (rows 11001-11035)
  Calculated 35 temperatures. Range: 1.26 to 13.14
Total observations: 11035, Unique timestamps: 2207
MR parameters: mass=0.33, elev=2195.0, b0=17.10, b1=0.98, b2=-0.48, b3=0.000124
Sample tb=280.36 K, log(mass)=-1.1087, 1/(kT)=41.378359, exponent=-3.5759, rmr=0.027990
Sample tb=286.61 K, log(mass)=-1.1087, 1/(kT)=40.475854, exponent=-3.1427, rmr=0.043165
Sample tb=298.61 K, log(mass)=-1.1087, 1/(kT)=38.850067, exponent=-2.3623, rmr=0.094199
Sample tb=292.19 K, log(mass)=-1.1087, 1/(kT)=39.703018, exponent=-2.7718, rmr=0.062552
Sample tb=274.92 K, log(mass)=-1.1087, 1/(kT)=42.197698, exponent=-3.9692, rmr=0.018888
MR results: 0 NA, 0 infinite, 0 negative, 0 zero
Energy calculations: 3469 non-zero gains, 11035 non-zero losses out of 11035 observations
Saved results to output/results/A1/1949/F/eb_results_MB_1949_A1_C1.rds

Processing: Species=MB, Year=1950, Origin=A1, Climate=C1, Sex=F
Looking for climate data at: /mmfs1/gscratch/biology/jmsmith/targeted_microclimate/C1/simplified_C1_1950.rds
Directory /mmfs1/gscratch/biology/jmsmith/targeted_microclimate/C1 exists. Contents:
simplified_C1_1945.rds
simplified_C1_1946.rds
simplified_C1_1947.rds
simplified_C1_1948.rds
simplified_C1_1949.rds
simplified_C1_1950.rds
simplified_C1_1951.rds
simplified_C1_1952.rds
simplified_C1_1953.rds
simplified_C1_1954.rds
simplified_C1_1955.rds
simplified_C1_1956.rds
simplified_C1_1957.rds
simplified_C1_1958.rds
simplified_C1_1959.rds
simplified_C1_1960.rds
simplified_C1_1961.rds
simplified_C1_1962.rds
simplified_C1_1963.rds
simplified_C1_1964.rds
simplified_C1_2005.rds
simplified_C1_2006.rds
simplified_C1_2007.rds
simplified_C1_2008.rds
simplified_C1_2009.rds
simplified_C1_2010.rds
simplified_C1_2011.rds
simplified_C1_2012.rds
simplified_C1_2013.rds
simplified_C1_2014.rds
simplified_C1_2015.rds
simplified_C1_2016.rds
simplified_C1_2017.rds
simplified_C1_2018.rds
simplified_C1_2019.rds
simplified_C1_2020.rds
simplified_C1_2021.rds
simplified_C1_2022.rds
simplified_C1_2023.rds
simplified_C1_2024.rds
Processing batch 1/12 (rows 1-1000)
  Calculated 1000 temperatures. Range: -9.77 to 58.80
Processing batch 2/12 (rows 1001-2000)
  Calculated 1000 temperatures. Range: -0.98 to 51.03
Processing batch 3/12 (rows 2001-3000)
  Calculated 1000 temperatures. Range: -9.33 to 45.66
Processing batch 4/12 (rows 3001-4000)
  Calculated 1000 temperatures. Range: 0.19 to 41.08
Processing batch 5/12 (rows 4001-5000)
  Calculated 1000 temperatures. Range: -8.83 to 39.39
Processing batch 6/12 (rows 5001-6000)
  Calculated 1000 temperatures. Range: -1.42 to 37.86
Processing batch 7/12 (rows 6001-7000)
  Calculated 1000 temperatures. Range: -7.47 to 38.41
Processing batch 8/12 (rows 7001-8000)
  Calculated 1000 temperatures. Range: -1.10 to 14.57
Processing batch 9/12 (rows 8001-9000)
  Calculated 1000 temperatures. Range: -8.12 to 15.54
Processing batch 10/12 (rows 9001-10000)
  Calculated 1000 temperatures. Range: -5.42 to 17.31
Processing batch 11/12 (rows 10001-11000)
  Calculated 1000 temperatures. Range: -0.89 to 17.16
Processing batch 12/12 (rows 11001-11035)
  Calculated 35 temperatures. Range: 0.73 to 16.64
Total observations: 11035, Unique timestamps: 2207
MR parameters: mass=0.33, elev=2195.0, b0=17.10, b1=0.98, b2=-0.48, b3=0.000124
Sample tb=291.56 K, log(mass)=-1.1087, 1/(kT)=39.789533, exponent=-2.8133, rmr=0.060008
Sample tb=284.09 K, log(mass)=-1.1087, 1/(kT)=40.835318, exponent=-3.3153, rmr=0.036325
Sample tb=292.03 K, log(mass)=-1.1087, 1/(kT)=39.724674, exponent=-2.7822, rmr=0.061905
Sample tb=306.13 K, log(mass)=-1.1087, 1/(kT)=37.895523, exponent=-1.9042, rmr=0.148948
Sample tb=281.71 K, log(mass)=-1.1087, 1/(kT)=41.180107, exponent=-3.4808, rmr=0.030784
MR results: 0 NA, 0 infinite, 0 negative, 0 zero
Energy calculations: 3284 non-zero gains, 11035 non-zero losses out of 11035 observations
Saved results to output/results/A1/1950/F/eb_results_MB_1950_A1_C1.rds

Processing: Species=MB, Year=1951, Origin=A1, Climate=C1, Sex=F
Looking for climate data at: /mmfs1/gscratch/biology/jmsmith/targeted_microclimate/C1/simplified_C1_1951.rds
Directory /mmfs1/gscratch/biology/jmsmith/targeted_microclimate/C1 exists. Contents:
simplified_C1_1945.rds
simplified_C1_1946.rds
simplified_C1_1947.rds
simplified_C1_1948.rds
simplified_C1_1949.rds
simplified_C1_1950.rds
simplified_C1_1951.rds
simplified_C1_1952.rds
simplified_C1_1953.rds
simplified_C1_1954.rds
simplified_C1_1955.rds
simplified_C1_1956.rds
simplified_C1_1957.rds
simplified_C1_1958.rds
simplified_C1_1959.rds
simplified_C1_1960.rds
simplified_C1_1961.rds
simplified_C1_1962.rds
simplified_C1_1963.rds
simplified_C1_1964.rds
simplified_C1_2005.rds
simplified_C1_2006.rds
simplified_C1_2007.rds
simplified_C1_2008.rds
simplified_C1_2009.rds
simplified_C1_2010.rds
simplified_C1_2011.rds
simplified_C1_2012.rds
simplified_C1_2013.rds
simplified_C1_2014.rds
simplified_C1_2015.rds
simplified_C1_2016.rds
simplified_C1_2017.rds
simplified_C1_2018.rds
simplified_C1_2019.rds
simplified_C1_2020.rds
simplified_C1_2021.rds
simplified_C1_2022.rds
simplified_C1_2023.rds
simplified_C1_2024.rds
Processing batch 1/12 (rows 1-1000)
  Calculated 1000 temperatures. Range: -9.34 to 55.79
Processing batch 2/12 (rows 1001-2000)
  Calculated 1000 temperatures. Range: -1.06 to 58.17
Processing batch 3/12 (rows 2001-3000)
  Calculated 1000 temperatures. Range: -9.96 to 44.45
Processing batch 4/12 (rows 3001-4000)
  Calculated 1000 temperatures. Range: 0.35 to 47.21
Processing batch 5/12 (rows 4001-5000)
  Calculated 1000 temperatures. Range: -9.19 to 38.04
Processing batch 6/12 (rows 5001-6000)
  Calculated 1000 temperatures. Range: -0.62 to 43.92
Processing batch 7/12 (rows 6001-7000)
  Calculated 1000 temperatures. Range: -9.43 to 35.67
Processing batch 8/12 (rows 7001-8000)
  Calculated 1000 temperatures. Range: -1.57 to 17.40
Processing batch 9/12 (rows 8001-9000)
  Calculated 1000 temperatures. Range: -10.09 to 16.23
Processing batch 10/12 (rows 9001-10000)
  Calculated 1000 temperatures. Range: -4.65 to 20.45
Processing batch 11/12 (rows 10001-11000)
  Calculated 1000 temperatures. Range: 1.30 to 20.00
Processing batch 12/12 (rows 11001-11035)
  Calculated 35 temperatures. Range: 1.89 to 14.30
Total observations: 11035, Unique timestamps: 2207
MR parameters: mass=0.33, elev=2195.0, b0=17.10, b1=0.98, b2=-0.48, b3=0.000124
Sample tb=286.51 K, log(mass)=-1.1087, 1/(kT)=40.490848, exponent=-3.1499, rmr=0.042856
Sample tb=266.83 K, log(mass)=-1.1087, 1/(kT)=43.476476, exponent=-4.5830, rmr=0.010224
Sample tb=297.38 K, log(mass)=-1.1087, 1/(kT)=39.010998, exponent=-2.4396, rmr=0.087197
Sample tb=302.79 K, log(mass)=-1.1087, 1/(kT)=38.313816, exponent=-2.1049, rmr=0.121853
Sample tb=297.01 K, log(mass)=-1.1087, 1/(kT)=39.059705, exponent=-2.4630, rmr=0.085182
MR results: 0 NA, 0 infinite, 0 negative, 0 zero
Energy calculations: 3455 non-zero gains, 11035 non-zero losses out of 11035 observations
Saved results to output/results/A1/1951/F/eb_results_MB_1951_A1_C1.rds

Processing: Species=MB, Year=1952, Origin=A1, Climate=C1, Sex=F
Looking for climate data at: /mmfs1/gscratch/biology/jmsmith/targeted_microclimate/C1/simplified_C1_1952.rds
Directory /mmfs1/gscratch/biology/jmsmith/targeted_microclimate/C1 exists. Contents:
simplified_C1_1945.rds
simplified_C1_1946.rds
simplified_C1_1947.rds
simplified_C1_1948.rds
simplified_C1_1949.rds
simplified_C1_1950.rds
simplified_C1_1951.rds
simplified_C1_1952.rds
simplified_C1_1953.rds
simplified_C1_1954.rds
simplified_C1_1955.rds
simplified_C1_1956.rds
simplified_C1_1957.rds
simplified_C1_1958.rds
simplified_C1_1959.rds
simplified_C1_1960.rds
simplified_C1_1961.rds
simplified_C1_1962.rds
simplified_C1_1963.rds
simplified_C1_1964.rds
simplified_C1_2005.rds
simplified_C1_2006.rds
simplified_C1_2007.rds
simplified_C1_2008.rds
simplified_C1_2009.rds
simplified_C1_2010.rds
simplified_C1_2011.rds
simplified_C1_2012.rds
simplified_C1_2013.rds
simplified_C1_2014.rds
simplified_C1_2015.rds
simplified_C1_2016.rds
simplified_C1_2017.rds
simplified_C1_2018.rds
simplified_C1_2019.rds
simplified_C1_2020.rds
simplified_C1_2021.rds
simplified_C1_2022.rds
simplified_C1_2023.rds
simplified_C1_2024.rds
Processing batch 1/12 (rows 1-1000)
  Calculated 1000 temperatures. Range: -6.95 to 60.00
Processing batch 2/12 (rows 1001-2000)
  Calculated 1000 temperatures. Range: 0.27 to 49.73
Processing batch 3/12 (rows 2001-3000)
  Calculated 1000 temperatures. Range: -4.39 to 50.28
Processing batch 4/12 (rows 3001-4000)
  Calculated 1000 temperatures. Range: -0.81 to 39.39
Processing batch 5/12 (rows 4001-5000)
  Calculated 1000 temperatures. Range: -4.64 to 46.47
Processing batch 6/12 (rows 5001-6000)
  Calculated 1000 temperatures. Range: -0.45 to 41.27
Processing batch 7/12 (rows 6001-7000)
  Calculated 1000 temperatures. Range: -3.40 to 34.95
Processing batch 8/12 (rows 7001-8000)
  Calculated 1000 temperatures. Range: -2.10 to 15.93
Processing batch 9/12 (rows 8001-9000)
  Calculated 1000 temperatures. Range: -1.69 to 16.58
Processing batch 10/12 (rows 9001-10000)
  Calculated 1000 temperatures. Range: -2.17 to 17.88
Processing batch 11/12 (rows 10001-11000)
  Calculated 1000 temperatures. Range: 2.20 to 18.94
Processing batch 12/12 (rows 11001-11035)
  Calculated 35 temperatures. Range: -0.63 to 14.12
Total observations: 11035, Unique timestamps: 2207
MR parameters: mass=0.33, elev=2195.0, b0=17.10, b1=0.98, b2=-0.48, b3=0.000124
Sample tb=273.41 K, log(mass)=-1.1087, 1/(kT)=42.431071, exponent=-4.0812, rmr=0.016887
Sample tb=288.52 K, log(mass)=-1.1087, 1/(kT)=40.208263, exponent=-3.0143, rmr=0.049081
Sample tb=278.31 K, log(mass)=-1.1087, 1/(kT)=41.683822, exponent=-3.7225, rmr=0.024172
Sample tb=288.06 K, log(mass)=-1.1087, 1/(kT)=40.273020, exponent=-3.0454, rmr=0.047579
Sample tb=284.86 K, log(mass)=-1.1087, 1/(kT)=40.724702, exponent=-3.2622, rmr=0.038305
MR results: 0 NA, 0 infinite, 0 negative, 0 zero
Energy calculations: 3686 non-zero gains, 11035 non-zero losses out of 11035 observations
Saved results to output/results/A1/1952/F/eb_results_MB_1952_A1_C1.rds

Processing: Species=MB, Year=1953, Origin=A1, Climate=C1, Sex=F
Looking for climate data at: /mmfs1/gscratch/biology/jmsmith/targeted_microclimate/C1/simplified_C1_1953.rds
Directory /mmfs1/gscratch/biology/jmsmith/targeted_microclimate/C1 exists. Contents:
simplified_C1_1945.rds
simplified_C1_1946.rds
simplified_C1_1947.rds
simplified_C1_1948.rds
simplified_C1_1949.rds
simplified_C1_1950.rds
simplified_C1_1951.rds
simplified_C1_1952.rds
simplified_C1_1953.rds
simplified_C1_1954.rds
simplified_C1_1955.rds
simplified_C1_1956.rds
simplified_C1_1957.rds
simplified_C1_1958.rds
simplified_C1_1959.rds
simplified_C1_1960.rds
simplified_C1_1961.rds
simplified_C1_1962.rds
simplified_C1_1963.rds
simplified_C1_1964.rds
simplified_C1_2005.rds
simplified_C1_2006.rds
simplified_C1_2007.rds
simplified_C1_2008.rds
simplified_C1_2009.rds
simplified_C1_2010.rds
simplified_C1_2011.rds
simplified_C1_2012.rds
simplified_C1_2013.rds
simplified_C1_2014.rds
simplified_C1_2015.rds
simplified_C1_2016.rds
simplified_C1_2017.rds
simplified_C1_2018.rds
simplified_C1_2019.rds
simplified_C1_2020.rds
simplified_C1_2021.rds
simplified_C1_2022.rds
simplified_C1_2023.rds
simplified_C1_2024.rds
Processing batch 1/12 (rows 1-1000)
  Calculated 1000 temperatures. Range: -6.71 to 51.24
Processing batch 2/12 (rows 1001-2000)
  Calculated 1000 temperatures. Range: -2.00 to 53.61
Processing batch 3/12 (rows 2001-3000)
  Calculated 1000 temperatures. Range: -4.22 to 48.27
Processing batch 4/12 (rows 3001-4000)
  Calculated 1000 temperatures. Range: 1.31 to 43.36
Processing batch 5/12 (rows 4001-5000)
  Calculated 1000 temperatures. Range: -4.26 to 38.53
Processing batch 6/12 (rows 5001-6000)
  Calculated 1000 temperatures. Range: 0.03 to 40.66
Processing batch 7/12 (rows 6001-7000)
  Calculated 1000 temperatures. Range: -4.89 to 39.81
Processing batch 8/12 (rows 7001-8000)
  Calculated 1000 temperatures. Range: -0.24 to 16.14
Processing batch 9/12 (rows 8001-9000)
  Calculated 1000 temperatures. Range: -3.91 to 15.53
Processing batch 10/12 (rows 9001-10000)
  Calculated 1000 temperatures. Range: -0.76 to 18.88
Processing batch 11/12 (rows 10001-11000)
  Calculated 1000 temperatures. Range: 0.67 to 18.63
Processing batch 12/12 (rows 11001-11035)
  Calculated 35 temperatures. Range: 2.83 to 15.82
Total observations: 11035, Unique timestamps: 2207
MR parameters: mass=0.33, elev=2195.0, b0=17.10, b1=0.98, b2=-0.48, b3=0.000124
Sample tb=287.96 K, log(mass)=-1.1087, 1/(kT)=40.286499, exponent=-3.0518, rmr=0.047272
Sample tb=282.78 K, log(mass)=-1.1087, 1/(kT)=41.024086, exponent=-3.4059, rmr=0.033178
Sample tb=277.03 K, log(mass)=-1.1087, 1/(kT)=41.876176, exponent=-3.8149, rmr=0.022040
Sample tb=289.41 K, log(mass)=-1.1087, 1/(kT)=40.085419, exponent=-2.9553, rmr=0.052062
Sample tb=274.37 K, log(mass)=-1.1087, 1/(kT)=42.282646, exponent=-4.0100, rmr=0.018134
MR results: 0 NA, 0 infinite, 0 negative, 0 zero
Energy calculations: 3692 non-zero gains, 11035 non-zero losses out of 11035 observations
Saved results to output/results/A1/1953/F/eb_results_MB_1953_A1_C1.rds

Processing: Species=MB, Year=1954, Origin=A1, Climate=C1, Sex=F
Looking for climate data at: /mmfs1/gscratch/biology/jmsmith/targeted_microclimate/C1/simplified_C1_1954.rds
Directory /mmfs1/gscratch/biology/jmsmith/targeted_microclimate/C1 exists. Contents:
simplified_C1_1945.rds
simplified_C1_1946.rds
simplified_C1_1947.rds
simplified_C1_1948.rds
simplified_C1_1949.rds
simplified_C1_1950.rds
simplified_C1_1951.rds
simplified_C1_1952.rds
simplified_C1_1953.rds
simplified_C1_1954.rds
simplified_C1_1955.rds
simplified_C1_1956.rds
simplified_C1_1957.rds
simplified_C1_1958.rds
simplified_C1_1959.rds
simplified_C1_1960.rds
simplified_C1_1961.rds
simplified_C1_1962.rds
simplified_C1_1963.rds
simplified_C1_1964.rds
simplified_C1_2005.rds
simplified_C1_2006.rds
simplified_C1_2007.rds
simplified_C1_2008.rds
simplified_C1_2009.rds
simplified_C1_2010.rds
simplified_C1_2011.rds
simplified_C1_2012.rds
simplified_C1_2013.rds
simplified_C1_2014.rds
simplified_C1_2015.rds
simplified_C1_2016.rds
simplified_C1_2017.rds
simplified_C1_2018.rds
simplified_C1_2019.rds
simplified_C1_2020.rds
simplified_C1_2021.rds
simplified_C1_2022.rds
simplified_C1_2023.rds
simplified_C1_2024.rds
Processing batch 1/12 (rows 1-1000)
  Calculated 1000 temperatures. Range: -8.97 to 58.13
Processing batch 2/12 (rows 1001-2000)
  Calculated 1000 temperatures. Range: -1.66 to 54.99
Processing batch 3/12 (rows 2001-3000)
  Calculated 1000 temperatures. Range: -7.19 to 48.13
Processing batch 4/12 (rows 3001-4000)
  Calculated 1000 temperatures. Range: 0.30 to 45.14
Processing batch 5/12 (rows 4001-5000)
  Calculated 1000 temperatures. Range: -6.98 to 42.78
Processing batch 6/12 (rows 5001-6000)
  Calculated 1000 temperatures. Range: 0.38 to 41.73
Processing batch 7/12 (rows 6001-7000)
  Calculated 1000 temperatures. Range: -5.61 to 36.58
Processing batch 8/12 (rows 7001-8000)
  Calculated 1000 temperatures. Range: 0.24 to 17.47
Processing batch 9/12 (rows 8001-9000)
  Calculated 1000 temperatures. Range: -4.95 to 15.80
Processing batch 10/12 (rows 9001-10000)
  Calculated 1000 temperatures. Range: -4.30 to 21.75
Processing batch 11/12 (rows 10001-11000)
  Calculated 1000 temperatures. Range: 0.54 to 19.11
Processing batch 12/12 (rows 11001-11035)
  Calculated 35 temperatures. Range: 2.77 to 16.83
Total observations: 11035, Unique timestamps: 2207
MR parameters: mass=0.33, elev=2195.0, b0=17.10, b1=0.98, b2=-0.48, b3=0.000124
Sample tb=297.90 K, log(mass)=-1.1087, 1/(kT)=38.942907, exponent=-2.4069, rmr=0.090094
Sample tb=297.25 K, log(mass)=-1.1087, 1/(kT)=39.027649, exponent=-2.4476, rmr=0.086503
Sample tb=277.38 K, log(mass)=-1.1087, 1/(kT)=41.823162, exponent=-3.7894, rmr=0.022609
Sample tb=278.77 K, log(mass)=-1.1087, 1/(kT)=41.614378, exponent=-3.6892, rmr=0.024992
Sample tb=287.06 K, log(mass)=-1.1087, 1/(kT)=40.412453, exponent=-3.1123, rmr=0.044499
MR results: 0 NA, 0 infinite, 0 negative, 0 zero
Energy calculations: 3813 non-zero gains, 11035 non-zero losses out of 11035 observations
Saved results to output/results/A1/1954/F/eb_results_MB_1954_A1_C1.rds

Processing: Species=MB, Year=1955, Origin=A1, Climate=C1, Sex=F
Looking for climate data at: /mmfs1/gscratch/biology/jmsmith/targeted_microclimate/C1/simplified_C1_1955.rds
Directory /mmfs1/gscratch/biology/jmsmith/targeted_microclimate/C1 exists. Contents:
simplified_C1_1945.rds
simplified_C1_1946.rds
simplified_C1_1947.rds
simplified_C1_1948.rds
simplified_C1_1949.rds
simplified_C1_1950.rds
simplified_C1_1951.rds
simplified_C1_1952.rds
simplified_C1_1953.rds
simplified_C1_1954.rds
simplified_C1_1955.rds
simplified_C1_1956.rds
simplified_C1_1957.rds
simplified_C1_1958.rds
simplified_C1_1959.rds
simplified_C1_1960.rds
simplified_C1_1961.rds
simplified_C1_1962.rds
simplified_C1_1963.rds
simplified_C1_1964.rds
simplified_C1_2005.rds
simplified_C1_2006.rds
simplified_C1_2007.rds
simplified_C1_2008.rds
simplified_C1_2009.rds
simplified_C1_2010.rds
simplified_C1_2011.rds
simplified_C1_2012.rds
simplified_C1_2013.rds
simplified_C1_2014.rds
simplified_C1_2015.rds
simplified_C1_2016.rds
simplified_C1_2017.rds
simplified_C1_2018.rds
simplified_C1_2019.rds
simplified_C1_2020.rds
simplified_C1_2021.rds
simplified_C1_2022.rds
simplified_C1_2023.rds
simplified_C1_2024.rds
Processing batch 1/12 (rows 1-1000)
  Calculated 1000 temperatures. Range: -7.44 to 56.67
Processing batch 2/12 (rows 1001-2000)
  Calculated 1000 temperatures. Range: -2.82 to 48.79
Processing batch 3/12 (rows 2001-3000)
  Calculated 1000 temperatures. Range: -5.45 to 46.65
Processing batch 4/12 (rows 3001-4000)
  Calculated 1000 temperatures. Range: -0.31 to 39.71
Processing batch 5/12 (rows 4001-5000)
  Calculated 1000 temperatures. Range: -4.88 to 37.88
Processing batch 6/12 (rows 5001-6000)
  Calculated 1000 temperatures. Range: -2.14 to 36.54
Processing batch 7/12 (rows 6001-7000)
  Calculated 1000 temperatures. Range: -4.26 to 35.63
Processing batch 8/12 (rows 7001-8000)
  Calculated 1000 temperatures. Range: -1.73 to 14.97
Processing batch 9/12 (rows 8001-9000)
  Calculated 1000 temperatures. Range: -3.66 to 15.67
Processing batch 10/12 (rows 9001-10000)
  Calculated 1000 temperatures. Range: -2.97 to 19.72
Processing batch 11/12 (rows 10001-11000)
  Calculated 1000 temperatures. Range: 0.49 to 18.70
Processing batch 12/12 (rows 11001-11035)
  Calculated 35 temperatures. Range: 0.80 to 15.81
Total observations: 11035, Unique timestamps: 2207
MR parameters: mass=0.33, elev=2195.0, b0=17.10, b1=0.98, b2=-0.48, b3=0.000124
Sample tb=280.68 K, log(mass)=-1.1087, 1/(kT)=41.330938, exponent=-3.5532, rmr=0.028634
Sample tb=276.62 K, log(mass)=-1.1087, 1/(kT)=41.937429, exponent=-3.8443, rmr=0.021402
Sample tb=291.94 K, log(mass)=-1.1087, 1/(kT)=39.737778, exponent=-2.7884, rmr=0.061517
Sample tb=290.15 K, log(mass)=-1.1087, 1/(kT)=39.983004, exponent=-2.9062, rmr=0.054686
Sample tb=276.17 K, log(mass)=-1.1087, 1/(kT)=42.007128, exponent=-3.8777, rmr=0.020698
MR results: 0 NA, 0 infinite, 0 negative, 0 zero
Energy calculations: 3581 non-zero gains, 11035 non-zero losses out of 11035 observations
Saved results to output/results/A1/1955/F/eb_results_MB_1955_A1_C1.rds

Processing: Species=MB, Year=1956, Origin=A1, Climate=C1, Sex=F
Looking for climate data at: /mmfs1/gscratch/biology/jmsmith/targeted_microclimate/C1/simplified_C1_1956.rds
Directory /mmfs1/gscratch/biology/jmsmith/targeted_microclimate/C1 exists. Contents:
simplified_C1_1945.rds
simplified_C1_1946.rds
simplified_C1_1947.rds
simplified_C1_1948.rds
simplified_C1_1949.rds
simplified_C1_1950.rds
simplified_C1_1951.rds
simplified_C1_1952.rds
simplified_C1_1953.rds
simplified_C1_1954.rds
simplified_C1_1955.rds
simplified_C1_1956.rds
simplified_C1_1957.rds
simplified_C1_1958.rds
simplified_C1_1959.rds
simplified_C1_1960.rds
simplified_C1_1961.rds
simplified_C1_1962.rds
simplified_C1_1963.rds
simplified_C1_1964.rds
simplified_C1_2005.rds
simplified_C1_2006.rds
simplified_C1_2007.rds
simplified_C1_2008.rds
simplified_C1_2009.rds
simplified_C1_2010.rds
simplified_C1_2011.rds
simplified_C1_2012.rds
simplified_C1_2013.rds
simplified_C1_2014.rds
simplified_C1_2015.rds
simplified_C1_2016.rds
simplified_C1_2017.rds
simplified_C1_2018.rds
simplified_C1_2019.rds
simplified_C1_2020.rds
simplified_C1_2021.rds
simplified_C1_2022.rds
simplified_C1_2023.rds
simplified_C1_2024.rds
Processing batch 1/12 (rows 1-1000)
  Calculated 1000 temperatures. Range: -3.49 to 56.01
Processing batch 2/12 (rows 1001-2000)
  Calculated 1000 temperatures. Range: -1.31 to 49.39
Processing batch 3/12 (rows 2001-3000)
  Calculated 1000 temperatures. Range: -6.86 to 50.24
Processing batch 4/12 (rows 3001-4000)
  Calculated 1000 temperatures. Range: 0.39 to 40.02
Processing batch 5/12 (rows 4001-5000)
  Calculated 1000 temperatures. Range: -5.39 to 41.72
Processing batch 6/12 (rows 5001-6000)
  Calculated 1000 temperatures. Range: 0.61 to 38.16
Processing batch 7/12 (rows 6001-7000)
  Calculated 1000 temperatures. Range: -4.89 to 37.47
Processing batch 8/12 (rows 7001-8000)
  Calculated 1000 temperatures. Range: -0.95 to 14.60
Processing batch 9/12 (rows 8001-9000)
  Calculated 1000 temperatures. Range: -3.53 to 16.23
Processing batch 10/12 (rows 9001-10000)
  Calculated 1000 temperatures. Range: 0.50 to 17.69
Processing batch 11/12 (rows 10001-11000)
  Calculated 1000 temperatures. Range: 0.93 to 17.86
Processing batch 12/12 (rows 11001-11035)
  Calculated 35 temperatures. Range: -3.40 to 11.39
Total observations: 11035, Unique timestamps: 2207
MR parameters: mass=0.33, elev=2195.0, b0=17.10, b1=0.98, b2=-0.48, b3=0.000124
Sample tb=281.20 K, log(mass)=-1.1087, 1/(kT)=41.255731, exponent=-3.5171, rmr=0.029687
Sample tb=295.04 K, log(mass)=-1.1087, 1/(kT)=39.320453, exponent=-2.5881, rmr=0.075161
Sample tb=288.82 K, log(mass)=-1.1087, 1/(kT)=40.167325, exponent=-2.9946, rmr=0.050055
Sample tb=301.89 K, log(mass)=-1.1087, 1/(kT)=38.427832, exponent=-2.1597, rmr=0.115363
Sample tb=276.68 K, log(mass)=-1.1087, 1/(kT)=41.928874, exponent=-3.8402, rmr=0.021490
MR results: 0 NA, 0 infinite, 0 negative, 0 zero
Energy calculations: 3571 non-zero gains, 11035 non-zero losses out of 11035 observations
Saved results to output/results/A1/1956/F/eb_results_MB_1956_A1_C1.rds

Processing: Species=MB, Year=1957, Origin=A1, Climate=C1, Sex=F
Looking for climate data at: /mmfs1/gscratch/biology/jmsmith/targeted_microclimate/C1/simplified_C1_1957.rds
Directory /mmfs1/gscratch/biology/jmsmith/targeted_microclimate/C1 exists. Contents:
simplified_C1_1945.rds
simplified_C1_1946.rds
simplified_C1_1947.rds
simplified_C1_1948.rds
simplified_C1_1949.rds
simplified_C1_1950.rds
simplified_C1_1951.rds
simplified_C1_1952.rds
simplified_C1_1953.rds
simplified_C1_1954.rds
simplified_C1_1955.rds
simplified_C1_1956.rds
simplified_C1_1957.rds
simplified_C1_1958.rds
simplified_C1_1959.rds
simplified_C1_1960.rds
simplified_C1_1961.rds
simplified_C1_1962.rds
simplified_C1_1963.rds
simplified_C1_1964.rds
simplified_C1_2005.rds
simplified_C1_2006.rds
simplified_C1_2007.rds
simplified_C1_2008.rds
simplified_C1_2009.rds
simplified_C1_2010.rds
simplified_C1_2011.rds
simplified_C1_2012.rds
simplified_C1_2013.rds
simplified_C1_2014.rds
simplified_C1_2015.rds
simplified_C1_2016.rds
simplified_C1_2017.rds
simplified_C1_2018.rds
simplified_C1_2019.rds
simplified_C1_2020.rds
simplified_C1_2021.rds
simplified_C1_2022.rds
simplified_C1_2023.rds
simplified_C1_2024.rds
Processing batch 1/12 (rows 1-1000)
  Calculated 1000 temperatures. Range: -5.92 to 60.00
Processing batch 2/12 (rows 1001-2000)
  Calculated 1000 temperatures. Range: 0.18 to 53.66
Processing batch 3/12 (rows 2001-3000)
  Calculated 1000 temperatures. Range: -4.44 to 46.97
Processing batch 4/12 (rows 3001-4000)
  Calculated 1000 temperatures. Range: -0.55 to 53.63
Processing batch 5/12 (rows 4001-5000)
  Calculated 1000 temperatures. Range: -4.10 to 37.88
Processing batch 6/12 (rows 5001-6000)
  Calculated 1000 temperatures. Range: -0.41 to 41.34
Processing batch 7/12 (rows 6001-7000)
  Calculated 1000 temperatures. Range: -2.62 to 35.07
Processing batch 8/12 (rows 7001-8000)
  Calculated 1000 temperatures. Range: -3.78 to 15.23
Processing batch 9/12 (rows 8001-9000)
  Calculated 1000 temperatures. Range: -1.08 to 15.51
Processing batch 10/12 (rows 9001-10000)
  Calculated 1000 temperatures. Range: -3.10 to 18.90
Processing batch 11/12 (rows 10001-11000)
  Calculated 1000 temperatures. Range: 1.28 to 18.25
Processing batch 12/12 (rows 11001-11035)
  Calculated 35 temperatures. Range: 2.19 to 11.57
Total observations: 11035, Unique timestamps: 2207
MR parameters: mass=0.33, elev=2195.0, b0=17.10, b1=0.98, b2=-0.48, b3=0.000124
Sample tb=285.55 K, log(mass)=-1.1087, 1/(kT)=40.626753, exponent=-3.2152, rmr=0.040149
Sample tb=286.75 K, log(mass)=-1.1087, 1/(kT)=40.456044, exponent=-3.1332, rmr=0.043578
Sample tb=273.69 K, log(mass)=-1.1087, 1/(kT)=42.387726, exponent=-4.0604, rmr=0.017242
Sample tb=286.52 K, log(mass)=-1.1087, 1/(kT)=40.489566, exponent=-3.1493, rmr=0.042882
Sample tb=283.87 K, log(mass)=-1.1087, 1/(kT)=40.867588, exponent=-3.3308, rmr=0.035766
MR results: 0 NA, 0 infinite, 0 negative, 0 zero
Energy calculations: 3538 non-zero gains, 11035 non-zero losses out of 11035 observations
Saved results to output/results/A1/1957/F/eb_results_MB_1957_A1_C1.rds

Processing: Species=MB, Year=1958, Origin=A1, Climate=C1, Sex=F
Looking for climate data at: /mmfs1/gscratch/biology/jmsmith/targeted_microclimate/C1/simplified_C1_1958.rds
Directory /mmfs1/gscratch/biology/jmsmith/targeted_microclimate/C1 exists. Contents:
simplified_C1_1945.rds
simplified_C1_1946.rds
simplified_C1_1947.rds
simplified_C1_1948.rds
simplified_C1_1949.rds
simplified_C1_1950.rds
simplified_C1_1951.rds
simplified_C1_1952.rds
simplified_C1_1953.rds
simplified_C1_1954.rds
simplified_C1_1955.rds
simplified_C1_1956.rds
simplified_C1_1957.rds
simplified_C1_1958.rds
simplified_C1_1959.rds
simplified_C1_1960.rds
simplified_C1_1961.rds
simplified_C1_1962.rds
simplified_C1_1963.rds
simplified_C1_1964.rds
simplified_C1_2005.rds
simplified_C1_2006.rds
simplified_C1_2007.rds
simplified_C1_2008.rds
simplified_C1_2009.rds
simplified_C1_2010.rds
simplified_C1_2011.rds
simplified_C1_2012.rds
simplified_C1_2013.rds
simplified_C1_2014.rds
simplified_C1_2015.rds
simplified_C1_2016.rds
simplified_C1_2017.rds
simplified_C1_2018.rds
simplified_C1_2019.rds
simplified_C1_2020.rds
simplified_C1_2021.rds
simplified_C1_2022.rds
simplified_C1_2023.rds
simplified_C1_2024.rds
Processing batch 1/12 (rows 1-1000)
  Calculated 1000 temperatures. Range: -4.70 to 46.42
Processing batch 2/12 (rows 1001-2000)
  Calculated 1000 temperatures. Range: -1.64 to 54.30
Processing batch 3/12 (rows 2001-3000)
  Calculated 1000 temperatures. Range: -3.00 to 41.02
Processing batch 4/12 (rows 3001-4000)
  Calculated 1000 temperatures. Range: 0.22 to 42.94
Processing batch 5/12 (rows 4001-5000)
  Calculated 1000 temperatures. Range: -2.72 to 34.53
Processing batch 6/12 (rows 5001-6000)
  Calculated 1000 temperatures. Range: -0.28 to 40.35
Processing batch 7/12 (rows 6001-7000)
  Calculated 1000 temperatures. Range: -2.06 to 37.53
Processing batch 8/12 (rows 7001-8000)
  Calculated 1000 temperatures. Range: -0.57 to 14.02
Processing batch 9/12 (rows 8001-9000)
  Calculated 1000 temperatures. Range: 0.19 to 16.43
Processing batch 10/12 (rows 9001-10000)
  Calculated 1000 temperatures. Range: -1.47 to 17.87
Processing batch 11/12 (rows 10001-11000)
  Calculated 1000 temperatures. Range: 1.49 to 18.95
Processing batch 12/12 (rows 11001-11035)
  Calculated 35 temperatures. Range: 0.59 to 14.85
Total observations: 11035, Unique timestamps: 2207
MR parameters: mass=0.33, elev=2195.0, b0=17.10, b1=0.98, b2=-0.48, b3=0.000124
Sample tb=318.36 K, log(mass)=-1.1087, 1/(kT)=36.439805, exponent=-1.2054, rmr=0.299567
Sample tb=286.00 K, log(mass)=-1.1087, 1/(kT)=40.563115, exponent=-3.1846, rmr=0.041395
Sample tb=297.89 K, log(mass)=-1.1087, 1/(kT)=38.944015, exponent=-2.4074, rmr=0.090046
Sample tb=281.26 K, log(mass)=-1.1087, 1/(kT)=41.246674, exponent=-3.5127, rmr=0.029816
Sample tb=278.98 K, log(mass)=-1.1087, 1/(kT)=41.583694, exponent=-3.6745, rmr=0.025363
MR results: 0 NA, 0 infinite, 0 negative, 0 zero
Energy calculations: 3622 non-zero gains, 11035 non-zero losses out of 11035 observations
Saved results to output/results/A1/1958/F/eb_results_MB_1958_A1_C1.rds

Processing: Species=MB, Year=1959, Origin=A1, Climate=C1, Sex=F
Looking for climate data at: /mmfs1/gscratch/biology/jmsmith/targeted_microclimate/C1/simplified_C1_1959.rds
Directory /mmfs1/gscratch/biology/jmsmith/targeted_microclimate/C1 exists. Contents:
simplified_C1_1945.rds
simplified_C1_1946.rds
simplified_C1_1947.rds
simplified_C1_1948.rds
simplified_C1_1949.rds
simplified_C1_1950.rds
simplified_C1_1951.rds
simplified_C1_1952.rds
simplified_C1_1953.rds
simplified_C1_1954.rds
simplified_C1_1955.rds
simplified_C1_1956.rds
simplified_C1_1957.rds
simplified_C1_1958.rds
simplified_C1_1959.rds
simplified_C1_1960.rds
simplified_C1_1961.rds
simplified_C1_1962.rds
simplified_C1_1963.rds
simplified_C1_1964.rds
simplified_C1_2005.rds
simplified_C1_2006.rds
simplified_C1_2007.rds
simplified_C1_2008.rds
simplified_C1_2009.rds
simplified_C1_2010.rds
simplified_C1_2011.rds
simplified_C1_2012.rds
simplified_C1_2013.rds
simplified_C1_2014.rds
simplified_C1_2015.rds
simplified_C1_2016.rds
simplified_C1_2017.rds
simplified_C1_2018.rds
simplified_C1_2019.rds
simplified_C1_2020.rds
simplified_C1_2021.rds
simplified_C1_2022.rds
simplified_C1_2023.rds
simplified_C1_2024.rds
Processing batch 1/12 (rows 1-1000)
  Calculated 1000 temperatures. Range: -5.98 to 54.09
Processing batch 2/12 (rows 1001-2000)
  Calculated 1000 temperatures. Range: 0.28 to 56.65
Processing batch 3/12 (rows 2001-3000)
  Calculated 1000 temperatures. Range: -4.88 to 44.96
Processing batch 4/12 (rows 3001-4000)
  Calculated 1000 temperatures. Range: -0.63 to 45.50
Processing batch 5/12 (rows 4001-5000)
  Calculated 1000 temperatures. Range: -5.82 to 40.78
Processing batch 6/12 (rows 5001-6000)
  Calculated 1000 temperatures. Range: -0.43 to 42.47
Processing batch 7/12 (rows 6001-7000)
  Calculated 1000 temperatures. Range: -3.02 to 42.28
Processing batch 8/12 (rows 7001-8000)
  Calculated 1000 temperatures. Range: -0.12 to 16.24
Processing batch 9/12 (rows 8001-9000)
  Calculated 1000 temperatures. Range: -3.68 to 17.11
Processing batch 10/12 (rows 9001-10000)
  Calculated 1000 temperatures. Range: 0.19 to 18.30
Processing batch 11/12 (rows 10001-11000)
  Calculated 1000 temperatures. Range: 1.99 to 19.36
Processing batch 12/12 (rows 11001-11035)
  Calculated 35 temperatures. Range: 2.10 to 15.54
Total observations: 11035, Unique timestamps: 2207
MR parameters: mass=0.33, elev=2195.0, b0=17.10, b1=0.98, b2=-0.48, b3=0.000124
Sample tb=286.20 K, log(mass)=-1.1087, 1/(kT)=40.533986, exponent=-3.1706, rmr=0.041977
Sample tb=292.20 K, log(mass)=-1.1087, 1/(kT)=39.701882, exponent=-2.7712, rmr=0.062586
Sample tb=274.86 K, log(mass)=-1.1087, 1/(kT)=42.207190, exponent=-3.9738, rmr=0.018803
Sample tb=279.15 K, log(mass)=-1.1087, 1/(kT)=41.558205, exponent=-3.6622, rmr=0.025675
Sample tb=292.07 K, log(mass)=-1.1087, 1/(kT)=39.719603, exponent=-2.7797, rmr=0.062056
MR results: 0 NA, 0 infinite, 0 negative, 0 zero
Energy calculations: 3776 non-zero gains, 11035 non-zero losses out of 11035 observations
Saved results to output/results/A1/1959/F/eb_results_MB_1959_A1_C1.rds

Processing: Species=MB, Year=1960, Origin=A1, Climate=C1, Sex=F
Looking for climate data at: /mmfs1/gscratch/biology/jmsmith/targeted_microclimate/C1/simplified_C1_1960.rds
Directory /mmfs1/gscratch/biology/jmsmith/targeted_microclimate/C1 exists. Contents:
simplified_C1_1945.rds
simplified_C1_1946.rds
simplified_C1_1947.rds
simplified_C1_1948.rds
simplified_C1_1949.rds
simplified_C1_1950.rds
simplified_C1_1951.rds
simplified_C1_1952.rds
simplified_C1_1953.rds
simplified_C1_1954.rds
simplified_C1_1955.rds
simplified_C1_1956.rds
simplified_C1_1957.rds
simplified_C1_1958.rds
simplified_C1_1959.rds
simplified_C1_1960.rds
simplified_C1_1961.rds
simplified_C1_1962.rds
simplified_C1_1963.rds
simplified_C1_1964.rds
simplified_C1_2005.rds
simplified_C1_2006.rds
simplified_C1_2007.rds
simplified_C1_2008.rds
simplified_C1_2009.rds
simplified_C1_2010.rds
simplified_C1_2011.rds
simplified_C1_2012.rds
simplified_C1_2013.rds
simplified_C1_2014.rds
simplified_C1_2015.rds
simplified_C1_2016.rds
simplified_C1_2017.rds
simplified_C1_2018.rds
simplified_C1_2019.rds
simplified_C1_2020.rds
simplified_C1_2021.rds
simplified_C1_2022.rds
simplified_C1_2023.rds
simplified_C1_2024.rds
Processing batch 1/12 (rows 1-1000)
  Calculated 1000 temperatures. Range: -4.23 to 54.68
Processing batch 2/12 (rows 1001-2000)
  Calculated 1000 temperatures. Range: -5.17 to 51.48
Processing batch 3/12 (rows 2001-3000)
  Calculated 1000 temperatures. Range: -3.30 to 45.35
Processing batch 4/12 (rows 3001-4000)
  Calculated 1000 temperatures. Range: 0.21 to 42.16
Processing batch 5/12 (rows 4001-5000)
  Calculated 1000 temperatures. Range: -3.59 to 40.44
Processing batch 6/12 (rows 5001-6000)
  Calculated 1000 temperatures. Range: 0.13 to 39.75
Processing batch 7/12 (rows 6001-7000)
  Calculated 1000 temperatures. Range: -3.58 to 37.22
Processing batch 8/12 (rows 7001-8000)
  Calculated 1000 temperatures. Range: -1.94 to 16.49
Processing batch 9/12 (rows 8001-9000)
  Calculated 1000 temperatures. Range: -3.10 to 15.77
Processing batch 10/12 (rows 9001-10000)
  Calculated 1000 temperatures. Range: -0.97 to 18.43
Processing batch 11/12 (rows 10001-11000)
  Calculated 1000 temperatures. Range: -2.48 to 20.38
Processing batch 12/12 (rows 11001-11035)
  Calculated 35 temperatures. Range: 1.46 to 18.56
Total observations: 11035, Unique timestamps: 2207
MR parameters: mass=0.33, elev=2195.0, b0=17.10, b1=0.98, b2=-0.48, b3=0.000124
Sample tb=285.05 K, log(mass)=-1.1087, 1/(kT)=40.697737, exponent=-3.2492, rmr=0.038804
Sample tb=287.53 K, log(mass)=-1.1087, 1/(kT)=40.346312, exponent=-3.0805, rmr=0.045934
Sample tb=273.71 K, log(mass)=-1.1087, 1/(kT)=42.383964, exponent=-4.0586, rmr=0.017273
Sample tb=289.21 K, log(mass)=-1.1087, 1/(kT)=40.113145, exponent=-2.9686, rmr=0.051374
Sample tb=300.49 K, log(mass)=-1.1087, 1/(kT)=38.606801, exponent=-2.2456, rmr=0.105867
MR results: 0 NA, 0 infinite, 0 negative, 0 zero
Energy calculations: 3723 non-zero gains, 11035 non-zero losses out of 11035 observations
Saved results to output/results/A1/1960/F/eb_results_MB_1960_A1_C1.rds

Processing: Species=MB, Year=1961, Origin=A1, Climate=C1, Sex=F
Looking for climate data at: /mmfs1/gscratch/biology/jmsmith/targeted_microclimate/C1/simplified_C1_1961.rds
Directory /mmfs1/gscratch/biology/jmsmith/targeted_microclimate/C1 exists. Contents:
simplified_C1_1945.rds
simplified_C1_1946.rds
simplified_C1_1947.rds
simplified_C1_1948.rds
simplified_C1_1949.rds
simplified_C1_1950.rds
simplified_C1_1951.rds
simplified_C1_1952.rds
simplified_C1_1953.rds
simplified_C1_1954.rds
simplified_C1_1955.rds
simplified_C1_1956.rds
simplified_C1_1957.rds
simplified_C1_1958.rds
simplified_C1_1959.rds
simplified_C1_1960.rds
simplified_C1_1961.rds
simplified_C1_1962.rds
simplified_C1_1963.rds
simplified_C1_1964.rds
simplified_C1_2005.rds
simplified_C1_2006.rds
simplified_C1_2007.rds
simplified_C1_2008.rds
simplified_C1_2009.rds
simplified_C1_2010.rds
simplified_C1_2011.rds
simplified_C1_2012.rds
simplified_C1_2013.rds
simplified_C1_2014.rds
simplified_C1_2015.rds
simplified_C1_2016.rds
simplified_C1_2017.rds
simplified_C1_2018.rds
simplified_C1_2019.rds
simplified_C1_2020.rds
simplified_C1_2021.rds
simplified_C1_2022.rds
simplified_C1_2023.rds
simplified_C1_2024.rds
Processing batch 1/12 (rows 1-1000)
  Calculated 1000 temperatures. Range: -7.37 to 51.44
Processing batch 2/12 (rows 1001-2000)
  Calculated 1000 temperatures. Range: -1.06 to 53.32
Processing batch 3/12 (rows 2001-3000)
  Calculated 1000 temperatures. Range: -5.52 to 43.94
Processing batch 4/12 (rows 3001-4000)
  Calculated 1000 temperatures. Range: -1.01 to 43.42
Processing batch 5/12 (rows 4001-5000)
  Calculated 1000 temperatures. Range: -4.95 to 37.91
Processing batch 6/12 (rows 5001-6000)
  Calculated 1000 temperatures. Range: -0.51 to 39.91
Processing batch 7/12 (rows 6001-7000)
  Calculated 1000 temperatures. Range: -3.52 to 38.68
Processing batch 8/12 (rows 7001-8000)
  Calculated 1000 temperatures. Range: -0.73 to 15.51
Processing batch 9/12 (rows 8001-9000)
  Calculated 1000 temperatures. Range: -3.36 to 15.82
Processing batch 10/12 (rows 9001-10000)
  Calculated 1000 temperatures. Range: 0.08 to 18.82
Processing batch 11/12 (rows 10001-11000)
  Calculated 1000 temperatures. Range: -0.83 to 18.87
Processing batch 12/12 (rows 11001-11035)
  Calculated 35 temperatures. Range: 3.54 to 12.80
Total observations: 11035, Unique timestamps: 2207
MR parameters: mass=0.33, elev=2195.0, b0=17.10, b1=0.98, b2=-0.48, b3=0.000124
Sample tb=301.50 K, log(mass)=-1.1087, 1/(kT)=38.477467, exponent=-2.1835, rmr=0.112647
Sample tb=275.54 K, log(mass)=-1.1087, 1/(kT)=42.102970, exponent=-3.9237, rmr=0.019767
Sample tb=293.64 K, log(mass)=-1.1087, 1/(kT)=39.506672, exponent=-2.6775, rmr=0.068734
Sample tb=274.49 K, log(mass)=-1.1087, 1/(kT)=42.263022, exponent=-4.0006, rmr=0.018305
Sample tb=299.98 K, log(mass)=-1.1087, 1/(kT)=38.672337, exponent=-2.2770, rmr=0.102588
MR results: 0 NA, 0 infinite, 0 negative, 0 zero
Energy calculations: 3624 non-zero gains, 11035 non-zero losses out of 11035 observations
Saved results to output/results/A1/1961/F/eb_results_MB_1961_A1_C1.rds

Processing: Species=MB, Year=1962, Origin=A1, Climate=C1, Sex=F
Looking for climate data at: /mmfs1/gscratch/biology/jmsmith/targeted_microclimate/C1/simplified_C1_1962.rds
Directory /mmfs1/gscratch/biology/jmsmith/targeted_microclimate/C1 exists. Contents:
simplified_C1_1945.rds
simplified_C1_1946.rds
simplified_C1_1947.rds
simplified_C1_1948.rds
simplified_C1_1949.rds
simplified_C1_1950.rds
simplified_C1_1951.rds
simplified_C1_1952.rds
simplified_C1_1953.rds
simplified_C1_1954.rds
simplified_C1_1955.rds
simplified_C1_1956.rds
simplified_C1_1957.rds
simplified_C1_1958.rds
simplified_C1_1959.rds
simplified_C1_1960.rds
simplified_C1_1961.rds
simplified_C1_1962.rds
simplified_C1_1963.rds
simplified_C1_1964.rds
simplified_C1_2005.rds
simplified_C1_2006.rds
simplified_C1_2007.rds
simplified_C1_2008.rds
simplified_C1_2009.rds
simplified_C1_2010.rds
simplified_C1_2011.rds
simplified_C1_2012.rds
simplified_C1_2013.rds
simplified_C1_2014.rds
simplified_C1_2015.rds
simplified_C1_2016.rds
simplified_C1_2017.rds
simplified_C1_2018.rds
simplified_C1_2019.rds
simplified_C1_2020.rds
simplified_C1_2021.rds
simplified_C1_2022.rds
simplified_C1_2023.rds
simplified_C1_2024.rds
Processing batch 1/12 (rows 1-1000)
  Calculated 1000 temperatures. Range: -7.30 to 57.35
Processing batch 2/12 (rows 1001-2000)
  Calculated 1000 temperatures. Range: -1.99 to 50.50
Processing batch 3/12 (rows 2001-3000)
  Calculated 1000 temperatures. Range: -6.29 to 51.36
Processing batch 4/12 (rows 3001-4000)
  Calculated 1000 temperatures. Range: 0.06 to 45.70
Processing batch 5/12 (rows 4001-5000)
  Calculated 1000 temperatures. Range: -5.84 to 41.62
Processing batch 6/12 (rows 5001-6000)
  Calculated 1000 temperatures. Range: 0.52 to 42.92
Processing batch 7/12 (rows 6001-7000)
  Calculated 1000 temperatures. Range: -5.75 to 39.01
Processing batch 8/12 (rows 7001-8000)
  Calculated 1000 temperatures. Range: -3.34 to 15.51
Processing batch 9/12 (rows 8001-9000)
  Calculated 1000 temperatures. Range: -3.37 to 15.05
Processing batch 10/12 (rows 9001-10000)
  Calculated 1000 temperatures. Range: -5.53 to 18.16
Processing batch 11/12 (rows 10001-11000)
  Calculated 1000 temperatures. Range: -0.25 to 19.18
Processing batch 12/12 (rows 11001-11035)
  Calculated 35 temperatures. Range: -1.37 to 11.41
Total observations: 11035, Unique timestamps: 2207
MR parameters: mass=0.33, elev=2195.0, b0=17.10, b1=0.98, b2=-0.48, b3=0.000124
Sample tb=275.16 K, log(mass)=-1.1087, 1/(kT)=42.161368, exponent=-3.9518, rmr=0.019221
Sample tb=304.38 K, log(mass)=-1.1087, 1/(kT)=38.113259, exponent=-2.0087, rmr=0.134166
Sample tb=286.69 K, log(mass)=-1.1087, 1/(kT)=40.464672, exponent=-3.1374, rmr=0.043398
Sample tb=311.38 K, log(mass)=-1.1087, 1/(kT)=37.256288, exponent=-1.5973, rmr=0.202437
Sample tb=308.28 K, log(mass)=-1.1087, 1/(kT)=37.630875, exponent=-1.7771, rmr=0.169123
MR results: 0 NA, 0 infinite, 0 negative, 0 zero
Energy calculations: 3569 non-zero gains, 11035 non-zero losses out of 11035 observations
Saved results to output/results/A1/1962/F/eb_results_MB_1962_A1_C1.rds

Processing: Species=MB, Year=1963, Origin=A1, Climate=C1, Sex=F
Looking for climate data at: /mmfs1/gscratch/biology/jmsmith/targeted_microclimate/C1/simplified_C1_1963.rds
Directory /mmfs1/gscratch/biology/jmsmith/targeted_microclimate/C1 exists. Contents:
simplified_C1_1945.rds
simplified_C1_1946.rds
simplified_C1_1947.rds
simplified_C1_1948.rds
simplified_C1_1949.rds
simplified_C1_1950.rds
simplified_C1_1951.rds
simplified_C1_1952.rds
simplified_C1_1953.rds
simplified_C1_1954.rds
simplified_C1_1955.rds
simplified_C1_1956.rds
simplified_C1_1957.rds
simplified_C1_1958.rds
simplified_C1_1959.rds
simplified_C1_1960.rds
simplified_C1_1961.rds
simplified_C1_1962.rds
simplified_C1_1963.rds
simplified_C1_1964.rds
simplified_C1_2005.rds
simplified_C1_2006.rds
simplified_C1_2007.rds
simplified_C1_2008.rds
simplified_C1_2009.rds
simplified_C1_2010.rds
simplified_C1_2011.rds
simplified_C1_2012.rds
simplified_C1_2013.rds
simplified_C1_2014.rds
simplified_C1_2015.rds
simplified_C1_2016.rds
simplified_C1_2017.rds
simplified_C1_2018.rds
simplified_C1_2019.rds
simplified_C1_2020.rds
simplified_C1_2021.rds
simplified_C1_2022.rds
simplified_C1_2023.rds
simplified_C1_2024.rds
Processing batch 1/12 (rows 1-1000)
  Calculated 1000 temperatures. Range: -4.60 to 52.92
Processing batch 2/12 (rows 1001-2000)
  Calculated 1000 temperatures. Range: 0.77 to 55.96
Processing batch 3/12 (rows 2001-3000)
  Calculated 1000 temperatures. Range: -3.32 to 47.21
Processing batch 4/12 (rows 3001-4000)
  Calculated 1000 temperatures. Range: 1.11 to 44.57
Processing batch 5/12 (rows 4001-5000)
  Calculated 1000 temperatures. Range: -2.82 to 38.65
Processing batch 6/12 (rows 5001-6000)
  Calculated 1000 temperatures. Range: 0.33 to 42.19
Processing batch 7/12 (rows 6001-7000)
  Calculated 1000 temperatures. Range: -1.66 to 35.89
Processing batch 8/12 (rows 7001-8000)
  Calculated 1000 temperatures. Range: -0.42 to 16.92
Processing batch 9/12 (rows 8001-9000)
  Calculated 1000 temperatures. Range: -1.38 to 15.75
Processing batch 10/12 (rows 9001-10000)
  Calculated 1000 temperatures. Range: -1.02 to 19.33
Processing batch 11/12 (rows 10001-11000)
  Calculated 1000 temperatures. Range: 2.18 to 20.06
Processing batch 12/12 (rows 11001-11035)
  Calculated 35 temperatures. Range: 3.23 to 14.23
Total observations: 11035, Unique timestamps: 2207
MR parameters: mass=0.33, elev=2195.0, b0=17.10, b1=0.98, b2=-0.48, b3=0.000124
Sample tb=279.16 K, log(mass)=-1.1087, 1/(kT)=41.556103, exponent=-3.6612, rmr=0.025701
Sample tb=277.34 K, log(mass)=-1.1087, 1/(kT)=41.828727, exponent=-3.7921, rmr=0.022548
Sample tb=289.78 K, log(mass)=-1.1087, 1/(kT)=40.032970, exponent=-2.9301, rmr=0.053390
Sample tb=277.35 K, log(mass)=-1.1087, 1/(kT)=41.827646, exponent=-3.7916, rmr=0.022560
Sample tb=283.47 K, log(mass)=-1.1087, 1/(kT)=40.924393, exponent=-3.3580, rmr=0.034804
MR results: 0 NA, 0 infinite, 0 negative, 0 zero
Energy calculations: 3837 non-zero gains, 11035 non-zero losses out of 11035 observations
Saved results to output/results/A1/1963/F/eb_results_MB_1963_A1_C1.rds

Processing: Species=MB, Year=1964, Origin=A1, Climate=C1, Sex=F
Looking for climate data at: /mmfs1/gscratch/biology/jmsmith/targeted_microclimate/C1/simplified_C1_1964.rds
Directory /mmfs1/gscratch/biology/jmsmith/targeted_microclimate/C1 exists. Contents:
simplified_C1_1945.rds
simplified_C1_1946.rds
simplified_C1_1947.rds
simplified_C1_1948.rds
simplified_C1_1949.rds
simplified_C1_1950.rds
simplified_C1_1951.rds
simplified_C1_1952.rds
simplified_C1_1953.rds
simplified_C1_1954.rds
simplified_C1_1955.rds
simplified_C1_1956.rds
simplified_C1_1957.rds
simplified_C1_1958.rds
simplified_C1_1959.rds
simplified_C1_1960.rds
simplified_C1_1961.rds
simplified_C1_1962.rds
simplified_C1_1963.rds
simplified_C1_1964.rds
simplified_C1_2005.rds
simplified_C1_2006.rds
simplified_C1_2007.rds
simplified_C1_2008.rds
simplified_C1_2009.rds
simplified_C1_2010.rds
simplified_C1_2011.rds
simplified_C1_2012.rds
simplified_C1_2013.rds
simplified_C1_2014.rds
simplified_C1_2015.rds
simplified_C1_2016.rds
simplified_C1_2017.rds
simplified_C1_2018.rds
simplified_C1_2019.rds
simplified_C1_2020.rds
simplified_C1_2021.rds
simplified_C1_2022.rds
simplified_C1_2023.rds
simplified_C1_2024.rds
Processing batch 1/12 (rows 1-1000)
  Calculated 1000 temperatures. Range: -5.93 to 53.61
Processing batch 2/12 (rows 1001-2000)
  Calculated 1000 temperatures. Range: -5.22 to 52.58
Processing batch 3/12 (rows 2001-3000)
  Calculated 1000 temperatures. Range: -6.93 to 41.96
Processing batch 4/12 (rows 3001-4000)
  Calculated 1000 temperatures. Range: 0.35 to 43.05
Processing batch 5/12 (rows 4001-5000)
  Calculated 1000 temperatures. Range: -5.10 to 39.14
Processing batch 6/12 (rows 5001-6000)
  Calculated 1000 temperatures. Range: -0.43 to 40.26
Processing batch 7/12 (rows 6001-7000)
  Calculated 1000 temperatures. Range: -5.32 to 36.01
Processing batch 8/12 (rows 7001-8000)
  Calculated 1000 temperatures. Range: -3.40 to 15.98
Processing batch 9/12 (rows 8001-9000)
  Calculated 1000 temperatures. Range: -5.33 to 16.27
Processing batch 10/12 (rows 9001-10000)
  Calculated 1000 temperatures. Range: -2.85 to 19.06
Processing batch 11/12 (rows 10001-11000)
  Calculated 1000 temperatures. Range: -2.93 to 18.85
Processing batch 12/12 (rows 11001-11035)
  Calculated 35 temperatures. Range: -2.36 to 15.59
Total observations: 11035, Unique timestamps: 2207
MR parameters: mass=0.33, elev=2195.0, b0=17.10, b1=0.98, b2=-0.48, b3=0.000124
Sample tb=281.85 K, log(mass)=-1.1087, 1/(kT)=41.159869, exponent=-3.4710, rmr=0.031084
Sample tb=288.53 K, log(mass)=-1.1087, 1/(kT)=40.207194, exponent=-3.0138, rmr=0.049107
Sample tb=298.82 K, log(mass)=-1.1087, 1/(kT)=38.822894, exponent=-2.3493, rmr=0.095436
Sample tb=287.67 K, log(mass)=-1.1087, 1/(kT)=40.326853, exponent=-3.0712, rmr=0.046366
Sample tb=270.57 K, log(mass)=-1.1087, 1/(kT)=42.875141, exponent=-4.2944, rmr=0.013645
MR results: 0 NA, 0 infinite, 0 negative, 0 zero
Energy calculations: 3704 non-zero gains, 11035 non-zero losses out of 11035 observations
Saved results to output/results/A1/1964/F/eb_results_MB_1964_A1_C1.rds

All years processed.
