Arguments received:
Species: MS
Years: 1945, 1946, 1947, 1948, 1949, 1950, 1951, 1952, 1953, 1954, 1955, 1956, 1957, 1958, 1959, 1960, 1961, 1962, 1963, 1964
Origin site: B1
Climate site: B1
Sex: F
Output directory: output/results/B1
Library paths:
[1] "/gscratch/biology/jmsmith/R"                          
[2] "/mmfs1/home/smithju/R/x86_64-pc-linux-gnu-library/4.4"
[3] "/usr/local/lib/R/site-library"                        
[4] "/usr/local/lib/R/library"                             
Package tidyverse loaded successfully
Package TrenchR loaded successfully
Package rTPC loaded successfully
Package lubridate loaded successfully

Processing: Species=MS, Year=1945, Origin=B1, Climate=B1, Sex=F
Looking for climate data at: /mmfs1/gscratch/biology/jmsmith/targeted_microclimate/B1/simplified_B1_1945.rds
Directory /mmfs1/gscratch/biology/jmsmith/targeted_microclimate/B1 exists. Contents:
simplified_B1_1945.rds
simplified_B1_1946.rds
simplified_B1_1947.rds
simplified_B1_1948.rds
simplified_B1_1949.rds
simplified_B1_1950.rds
simplified_B1_1951.rds
simplified_B1_1952.rds
simplified_B1_1953.rds
simplified_B1_1954.rds
simplified_B1_1955.rds
simplified_B1_1956.rds
simplified_B1_1957.rds
simplified_B1_1958.rds
simplified_B1_1959.rds
simplified_B1_1960.rds
simplified_B1_1961.rds
simplified_B1_1962.rds
simplified_B1_1963.rds
simplified_B1_1964.rds
simplified_B1_2005.rds
simplified_B1_2006.rds
simplified_B1_2007.rds
simplified_B1_2008.rds
simplified_B1_2009.rds
simplified_B1_2010.rds
simplified_B1_2011.rds
simplified_B1_2012.rds
simplified_B1_2013.rds
simplified_B1_2014.rds
simplified_B1_2015.rds
simplified_B1_2016.rds
simplified_B1_2017.rds
simplified_B1_2018.rds
simplified_B1_2019.rds
simplified_B1_2020.rds
simplified_B1_2021.rds
simplified_B1_2022.rds
simplified_B1_2023.rds
simplified_B1_2024.rds
Processing batch 1/12 (rows 1-1000)
  Calculated 1000 temperatures. Range: -9.60 to 54.93
Processing batch 2/12 (rows 1001-2000)
  Calculated 1000 temperatures. Range: 2.65 to 59.15
Processing batch 3/12 (rows 2001-3000)
  Calculated 1000 temperatures. Range: -8.71 to 52.63
Processing batch 4/12 (rows 3001-4000)
  Calculated 1000 temperatures. Range: 2.92 to 47.63
Processing batch 5/12 (rows 4001-5000)
  Calculated 1000 temperatures. Range: -7.94 to 48.64
Processing batch 6/12 (rows 5001-6000)
  Calculated 1000 temperatures. Range: 1.39 to 47.35
Processing batch 7/12 (rows 6001-7000)
  Calculated 1000 temperatures. Range: -5.96 to 48.41
Processing batch 8/12 (rows 7001-8000)
  Calculated 1000 temperatures. Range: -6.08 to 17.72
Processing batch 9/12 (rows 8001-9000)
  Calculated 1000 temperatures. Range: 0.46 to 18.59
Processing batch 10/12 (rows 9001-10000)
  Calculated 1000 temperatures. Range: -6.61 to 20.04
Processing batch 11/12 (rows 10001-11000)
  Calculated 1000 temperatures. Range: 4.25 to 20.83
Processing batch 12/12 (rows 11001-11035)
  Calculated 35 temperatures. Range: 6.32 to 19.34
Total observations: 11035, Unique timestamps: 2207
MR parameters: mass=0.29, elev=2591.0, b0=16.50, b1=0.85, b2=-0.47, b3=0.000108
Sample tb=278.05 K, log(mass)=-1.2379, 1/(kT)=41.722138, exponent=-3.8818, rmr=0.020614
Sample tb=279.83 K, log(mass)=-1.2379, 1/(kT)=41.456445, exponent=-3.7569, rmr=0.023356
Sample tb=287.63 K, log(mass)=-1.2379, 1/(kT)=40.332420, exponent=-3.2286, rmr=0.039613
Sample tb=282.99 K, log(mass)=-1.2379, 1/(kT)=40.993863, exponent=-3.5395, rmr=0.029028
Sample tb=313.63 K, log(mass)=-1.2379, 1/(kT)=36.988632, exponent=-1.6570, rmr=0.190706
MR results: 0 NA, 0 infinite, 0 negative, 0 zero
Energy calculations: 5392 non-zero gains, 11035 non-zero losses out of 11035 observations
Saved results to output/results/B1/1945/F/eb_results_MS_1945_B1_B1.rds

Processing: Species=MS, Year=1946, Origin=B1, Climate=B1, Sex=F
Looking for climate data at: /mmfs1/gscratch/biology/jmsmith/targeted_microclimate/B1/simplified_B1_1946.rds
Directory /mmfs1/gscratch/biology/jmsmith/targeted_microclimate/B1 exists. Contents:
simplified_B1_1945.rds
simplified_B1_1946.rds
simplified_B1_1947.rds
simplified_B1_1948.rds
simplified_B1_1949.rds
simplified_B1_1950.rds
simplified_B1_1951.rds
simplified_B1_1952.rds
simplified_B1_1953.rds
simplified_B1_1954.rds
simplified_B1_1955.rds
simplified_B1_1956.rds
simplified_B1_1957.rds
simplified_B1_1958.rds
simplified_B1_1959.rds
simplified_B1_1960.rds
simplified_B1_1961.rds
simplified_B1_1962.rds
simplified_B1_1963.rds
simplified_B1_1964.rds
simplified_B1_2005.rds
simplified_B1_2006.rds
simplified_B1_2007.rds
simplified_B1_2008.rds
simplified_B1_2009.rds
simplified_B1_2010.rds
simplified_B1_2011.rds
simplified_B1_2012.rds
simplified_B1_2013.rds
simplified_B1_2014.rds
simplified_B1_2015.rds
simplified_B1_2016.rds
simplified_B1_2017.rds
simplified_B1_2018.rds
simplified_B1_2019.rds
simplified_B1_2020.rds
simplified_B1_2021.rds
simplified_B1_2022.rds
simplified_B1_2023.rds
simplified_B1_2024.rds
Processing batch 1/12 (rows 1-1000)
  Calculated 1000 temperatures. Range: -3.49 to 60.00
Processing batch 2/12 (rows 1001-2000)
  Calculated 1000 temperatures. Range: 3.55 to 59.02
Processing batch 3/12 (rows 2001-3000)
  Calculated 1000 temperatures. Range: -2.56 to 49.14
Processing batch 4/12 (rows 3001-4000)
  Calculated 1000 temperatures. Range: 2.56 to 49.12
Processing batch 5/12 (rows 4001-5000)
  Calculated 1000 temperatures. Range: -1.95 to 46.44
Processing batch 6/12 (rows 5001-6000)
  Calculated 1000 temperatures. Range: 0.75 to 48.49
Processing batch 7/12 (rows 6001-7000)
  Calculated 1000 temperatures. Range: -0.10 to 43.21
Processing batch 8/12 (rows 7001-8000)
  Calculated 1000 temperatures. Range: -1.07 to 19.01
Processing batch 9/12 (rows 8001-9000)
  Calculated 1000 temperatures. Range: 0.35 to 19.26
Processing batch 10/12 (rows 9001-10000)
  Calculated 1000 temperatures. Range: -1.06 to 22.47
Processing batch 11/12 (rows 10001-11000)
  Calculated 1000 temperatures. Range: 4.02 to 21.17
Processing batch 12/12 (rows 11001-11035)
  Calculated 35 temperatures. Range: 3.81 to 15.02
Total observations: 11035, Unique timestamps: 2207
MR parameters: mass=0.29, elev=2591.0, b0=16.50, b1=0.85, b2=-0.47, b3=0.000108
Sample tb=278.24 K, log(mass)=-1.2379, 1/(kT)=41.693746, exponent=-3.8684, rmr=0.020891
Sample tb=280.50 K, log(mass)=-1.2379, 1/(kT)=41.357692, exponent=-3.7105, rmr=0.024466
Sample tb=275.56 K, log(mass)=-1.2379, 1/(kT)=42.099845, exponent=-4.0593, rmr=0.017261
Sample tb=288.09 K, log(mass)=-1.2379, 1/(kT)=40.268810, exponent=-3.1987, rmr=0.040815
Sample tb=283.47 K, log(mass)=-1.2379, 1/(kT)=40.924567, exponent=-3.5069, rmr=0.029989
MR results: 0 NA, 0 infinite, 0 negative, 0 zero
Energy calculations: 5772 non-zero gains, 11035 non-zero losses out of 11035 observations
Saved results to output/results/B1/1946/F/eb_results_MS_1946_B1_B1.rds

Processing: Species=MS, Year=1947, Origin=B1, Climate=B1, Sex=F
Looking for climate data at: /mmfs1/gscratch/biology/jmsmith/targeted_microclimate/B1/simplified_B1_1947.rds
Directory /mmfs1/gscratch/biology/jmsmith/targeted_microclimate/B1 exists. Contents:
simplified_B1_1945.rds
simplified_B1_1946.rds
simplified_B1_1947.rds
simplified_B1_1948.rds
simplified_B1_1949.rds
simplified_B1_1950.rds
simplified_B1_1951.rds
simplified_B1_1952.rds
simplified_B1_1953.rds
simplified_B1_1954.rds
simplified_B1_1955.rds
simplified_B1_1956.rds
simplified_B1_1957.rds
simplified_B1_1958.rds
simplified_B1_1959.rds
simplified_B1_1960.rds
simplified_B1_1961.rds
simplified_B1_1962.rds
simplified_B1_1963.rds
simplified_B1_1964.rds
simplified_B1_2005.rds
simplified_B1_2006.rds
simplified_B1_2007.rds
simplified_B1_2008.rds
simplified_B1_2009.rds
simplified_B1_2010.rds
simplified_B1_2011.rds
simplified_B1_2012.rds
simplified_B1_2013.rds
simplified_B1_2014.rds
simplified_B1_2015.rds
simplified_B1_2016.rds
simplified_B1_2017.rds
simplified_B1_2018.rds
simplified_B1_2019.rds
simplified_B1_2020.rds
simplified_B1_2021.rds
simplified_B1_2022.rds
simplified_B1_2023.rds
simplified_B1_2024.rds
Processing batch 1/12 (rows 1-1000)
  Calculated 1000 temperatures. Range: -8.28 to 60.00
Processing batch 2/12 (rows 1001-2000)
  Calculated 1000 temperatures. Range: 2.79 to 60.00
Processing batch 3/12 (rows 2001-3000)
  Calculated 1000 temperatures. Range: -7.54 to 53.41
Processing batch 4/12 (rows 3001-4000)
  Calculated 1000 temperatures. Range: 3.76 to 49.08
Processing batch 5/12 (rows 4001-5000)
  Calculated 1000 temperatures. Range: -7.66 to 45.51
Processing batch 6/12 (rows 5001-6000)
  Calculated 1000 temperatures. Range: 1.57 to 49.62
Processing batch 7/12 (rows 6001-7000)
  Calculated 1000 temperatures. Range: -6.53 to 43.14
Processing batch 8/12 (rows 7001-8000)
  Calculated 1000 temperatures. Range: 0.57 to 17.83
Processing batch 9/12 (rows 8001-9000)
  Calculated 1000 temperatures. Range: 0.79 to 18.88
Processing batch 10/12 (rows 9001-10000)
  Calculated 1000 temperatures. Range: -6.70 to 20.73
Processing batch 11/12 (rows 10001-11000)
  Calculated 1000 temperatures. Range: 4.39 to 21.76
Processing batch 12/12 (rows 11001-11035)
  Calculated 35 temperatures. Range: 6.64 to 17.73
Total observations: 11035, Unique timestamps: 2207
MR parameters: mass=0.29, elev=2591.0, b0=16.50, b1=0.85, b2=-0.47, b3=0.000108
Sample tb=293.35 K, log(mass)=-1.2379, 1/(kT)=39.546086, exponent=-2.8590, rmr=0.057325
Sample tb=293.37 K, log(mass)=-1.2379, 1/(kT)=39.543794, exponent=-2.8579, rmr=0.057386
Sample tb=284.50 K, log(mass)=-1.2379, 1/(kT)=40.776434, exponent=-3.4373, rmr=0.032152
Sample tb=280.53 K, log(mass)=-1.2379, 1/(kT)=41.353768, exponent=-3.7086, rmr=0.024511
Sample tb=296.77 K, log(mass)=-1.2379, 1/(kT)=39.090467, exponent=-2.6449, rmr=0.071014
MR results: 0 NA, 0 infinite, 0 negative, 0 zero
Energy calculations: 5485 non-zero gains, 11035 non-zero losses out of 11035 observations
Saved results to output/results/B1/1947/F/eb_results_MS_1947_B1_B1.rds

Processing: Species=MS, Year=1948, Origin=B1, Climate=B1, Sex=F
Looking for climate data at: /mmfs1/gscratch/biology/jmsmith/targeted_microclimate/B1/simplified_B1_1948.rds
Directory /mmfs1/gscratch/biology/jmsmith/targeted_microclimate/B1 exists. Contents:
simplified_B1_1945.rds
simplified_B1_1946.rds
simplified_B1_1947.rds
simplified_B1_1948.rds
simplified_B1_1949.rds
simplified_B1_1950.rds
simplified_B1_1951.rds
simplified_B1_1952.rds
simplified_B1_1953.rds
simplified_B1_1954.rds
simplified_B1_1955.rds
simplified_B1_1956.rds
simplified_B1_1957.rds
simplified_B1_1958.rds
simplified_B1_1959.rds
simplified_B1_1960.rds
simplified_B1_1961.rds
simplified_B1_1962.rds
simplified_B1_1963.rds
simplified_B1_1964.rds
simplified_B1_2005.rds
simplified_B1_2006.rds
simplified_B1_2007.rds
simplified_B1_2008.rds
simplified_B1_2009.rds
simplified_B1_2010.rds
simplified_B1_2011.rds
simplified_B1_2012.rds
simplified_B1_2013.rds
simplified_B1_2014.rds
simplified_B1_2015.rds
simplified_B1_2016.rds
simplified_B1_2017.rds
simplified_B1_2018.rds
simplified_B1_2019.rds
simplified_B1_2020.rds
simplified_B1_2021.rds
simplified_B1_2022.rds
simplified_B1_2023.rds
simplified_B1_2024.rds
Processing batch 1/12 (rows 1-1000)
  Calculated 1000 temperatures. Range: 0.03 to 59.87
Processing batch 2/12 (rows 1001-2000)
  Calculated 1000 temperatures. Range: 1.18 to 58.05
Processing batch 3/12 (rows 2001-3000)
  Calculated 1000 temperatures. Range: 1.29 to 51.10
Processing batch 4/12 (rows 3001-4000)
  Calculated 1000 temperatures. Range: 2.87 to 47.10
Processing batch 5/12 (rows 4001-5000)
  Calculated 1000 temperatures. Range: 1.71 to 48.44
Processing batch 6/12 (rows 5001-6000)
  Calculated 1000 temperatures. Range: 1.84 to 47.20
Processing batch 7/12 (rows 6001-7000)
  Calculated 1000 temperatures. Range: 2.65 to 46.98
Processing batch 8/12 (rows 7001-8000)
  Calculated 1000 temperatures. Range: 1.78 to 17.44
Processing batch 9/12 (rows 8001-9000)
  Calculated 1000 temperatures. Range: 2.26 to 19.39
Processing batch 10/12 (rows 9001-10000)
  Calculated 1000 temperatures. Range: 2.53 to 20.57
Processing batch 11/12 (rows 10001-11000)
  Calculated 1000 temperatures. Range: 3.66 to 21.87
Processing batch 12/12 (rows 11001-11035)
  Calculated 35 temperatures. Range: 5.25 to 21.60
Total observations: 11035, Unique timestamps: 2207
MR parameters: mass=0.29, elev=2591.0, b0=16.50, b1=0.85, b2=-0.47, b3=0.000108
Sample tb=282.22 K, log(mass)=-1.2379, 1/(kT)=41.105690, exponent=-3.5920, rmr=0.027542
Sample tb=278.28 K, log(mass)=-1.2379, 1/(kT)=41.687991, exponent=-3.8657, rmr=0.020948
Sample tb=281.48 K, log(mass)=-1.2379, 1/(kT)=41.214236, exponent=-3.6431, rmr=0.026172
Sample tb=277.58 K, log(mass)=-1.2379, 1/(kT)=41.792507, exponent=-3.9148, rmr=0.019944
Sample tb=281.70 K, log(mass)=-1.2379, 1/(kT)=41.181525, exponent=-3.6277, rmr=0.026578
MR results: 0 NA, 0 infinite, 0 negative, 0 zero
Energy calculations: 5639 non-zero gains, 11035 non-zero losses out of 11035 observations
Saved results to output/results/B1/1948/F/eb_results_MS_1948_B1_B1.rds

Processing: Species=MS, Year=1949, Origin=B1, Climate=B1, Sex=F
Looking for climate data at: /mmfs1/gscratch/biology/jmsmith/targeted_microclimate/B1/simplified_B1_1949.rds
Directory /mmfs1/gscratch/biology/jmsmith/targeted_microclimate/B1 exists. Contents:
simplified_B1_1945.rds
simplified_B1_1946.rds
simplified_B1_1947.rds
simplified_B1_1948.rds
simplified_B1_1949.rds
simplified_B1_1950.rds
simplified_B1_1951.rds
simplified_B1_1952.rds
simplified_B1_1953.rds
simplified_B1_1954.rds
simplified_B1_1955.rds
simplified_B1_1956.rds
simplified_B1_1957.rds
simplified_B1_1958.rds
simplified_B1_1959.rds
simplified_B1_1960.rds
simplified_B1_1961.rds
simplified_B1_1962.rds
simplified_B1_1963.rds
simplified_B1_1964.rds
simplified_B1_2005.rds
simplified_B1_2006.rds
simplified_B1_2007.rds
simplified_B1_2008.rds
simplified_B1_2009.rds
simplified_B1_2010.rds
simplified_B1_2011.rds
simplified_B1_2012.rds
simplified_B1_2013.rds
simplified_B1_2014.rds
simplified_B1_2015.rds
simplified_B1_2016.rds
simplified_B1_2017.rds
simplified_B1_2018.rds
simplified_B1_2019.rds
simplified_B1_2020.rds
simplified_B1_2021.rds
simplified_B1_2022.rds
simplified_B1_2023.rds
simplified_B1_2024.rds
Processing batch 1/12 (rows 1-1000)
  Calculated 1000 temperatures. Range: -4.04 to 54.83
Processing batch 2/12 (rows 1001-2000)
  Calculated 1000 temperatures. Range: 0.94 to 59.49
Processing batch 3/12 (rows 2001-3000)
  Calculated 1000 temperatures. Range: -2.29 to 53.76
Processing batch 4/12 (rows 3001-4000)
  Calculated 1000 temperatures. Range: 4.13 to 47.43
Processing batch 5/12 (rows 4001-5000)
  Calculated 1000 temperatures. Range: -2.15 to 47.97
Processing batch 6/12 (rows 5001-6000)
  Calculated 1000 temperatures. Range: 2.62 to 47.53
Processing batch 7/12 (rows 6001-7000)
  Calculated 1000 temperatures. Range: -1.18 to 48.09
Processing batch 8/12 (rows 7001-8000)
  Calculated 1000 temperatures. Range: 2.46 to 18.10
Processing batch 9/12 (rows 8001-9000)
  Calculated 1000 temperatures. Range: -0.65 to 17.57
Processing batch 10/12 (rows 9001-10000)
  Calculated 1000 temperatures. Range: 3.65 to 21.04
Processing batch 11/12 (rows 10001-11000)
  Calculated 1000 temperatures. Range: 3.76 to 21.59
Processing batch 12/12 (rows 11001-11035)
  Calculated 35 temperatures. Range: 4.22 to 14.95
Total observations: 11035, Unique timestamps: 2207
MR parameters: mass=0.29, elev=2591.0, b0=16.50, b1=0.85, b2=-0.47, b3=0.000108
Sample tb=284.22 K, log(mass)=-1.2379, 1/(kT)=40.816861, exponent=-3.4563, rmr=0.031547
Sample tb=278.79 K, log(mass)=-1.2379, 1/(kT)=41.611457, exponent=-3.8298, rmr=0.021715
Sample tb=284.03 K, log(mass)=-1.2379, 1/(kT)=40.843754, exponent=-3.4689, rmr=0.031150
Sample tb=287.78 K, log(mass)=-1.2379, 1/(kT)=40.312257, exponent=-3.2191, rmr=0.039990
Sample tb=276.92 K, log(mass)=-1.2379, 1/(kT)=41.892194, exponent=-3.9617, rmr=0.019031
MR results: 0 NA, 0 infinite, 0 negative, 0 zero
Energy calculations: 5606 non-zero gains, 11035 non-zero losses out of 11035 observations
Saved results to output/results/B1/1949/F/eb_results_MS_1949_B1_B1.rds

Processing: Species=MS, Year=1950, Origin=B1, Climate=B1, Sex=F
Looking for climate data at: /mmfs1/gscratch/biology/jmsmith/targeted_microclimate/B1/simplified_B1_1950.rds
Directory /mmfs1/gscratch/biology/jmsmith/targeted_microclimate/B1 exists. Contents:
simplified_B1_1945.rds
simplified_B1_1946.rds
simplified_B1_1947.rds
simplified_B1_1948.rds
simplified_B1_1949.rds
simplified_B1_1950.rds
simplified_B1_1951.rds
simplified_B1_1952.rds
simplified_B1_1953.rds
simplified_B1_1954.rds
simplified_B1_1955.rds
simplified_B1_1956.rds
simplified_B1_1957.rds
simplified_B1_1958.rds
simplified_B1_1959.rds
simplified_B1_1960.rds
simplified_B1_1961.rds
simplified_B1_1962.rds
simplified_B1_1963.rds
simplified_B1_1964.rds
simplified_B1_2005.rds
simplified_B1_2006.rds
simplified_B1_2007.rds
simplified_B1_2008.rds
simplified_B1_2009.rds
simplified_B1_2010.rds
simplified_B1_2011.rds
simplified_B1_2012.rds
simplified_B1_2013.rds
simplified_B1_2014.rds
simplified_B1_2015.rds
simplified_B1_2016.rds
simplified_B1_2017.rds
simplified_B1_2018.rds
simplified_B1_2019.rds
simplified_B1_2020.rds
simplified_B1_2021.rds
simplified_B1_2022.rds
simplified_B1_2023.rds
simplified_B1_2024.rds
Processing batch 1/12 (rows 1-1000)
  Calculated 1000 temperatures. Range: -8.27 to 60.00
Processing batch 2/12 (rows 1001-2000)
  Calculated 1000 temperatures. Range: 1.57 to 57.46
Processing batch 3/12 (rows 2001-3000)
  Calculated 1000 temperatures. Range: -7.17 to 54.66
Processing batch 4/12 (rows 3001-4000)
  Calculated 1000 temperatures. Range: 2.97 to 47.34
Processing batch 5/12 (rows 4001-5000)
  Calculated 1000 temperatures. Range: -6.81 to 48.49
Processing batch 6/12 (rows 5001-6000)
  Calculated 1000 temperatures. Range: 1.98 to 47.53
Processing batch 7/12 (rows 6001-7000)
  Calculated 1000 temperatures. Range: -4.24 to 45.12
Processing batch 8/12 (rows 7001-8000)
  Calculated 1000 temperatures. Range: 2.26 to 17.44
Processing batch 9/12 (rows 8001-9000)
  Calculated 1000 temperatures. Range: -4.75 to 19.87
Processing batch 10/12 (rows 9001-10000)
  Calculated 1000 temperatures. Range: -2.28 to 20.38
Processing batch 11/12 (rows 10001-11000)
  Calculated 1000 temperatures. Range: 2.08 to 19.78
Processing batch 12/12 (rows 11001-11035)
  Calculated 35 temperatures. Range: 3.42 to 19.87
Total observations: 11035, Unique timestamps: 2207
MR parameters: mass=0.29, elev=2591.0, b0=16.50, b1=0.85, b2=-0.47, b3=0.000108
Sample tb=300.59 K, log(mass)=-1.2379, 1/(kT)=38.594431, exponent=-2.4117, rmr=0.089658
Sample tb=286.72 K, log(mass)=-1.2379, 1/(kT)=40.461110, exponent=-3.2891, rmr=0.037288
Sample tb=298.80 K, log(mass)=-1.2379, 1/(kT)=38.825020, exponent=-2.5201, rmr=0.080450
Sample tb=280.03 K, log(mass)=-1.2379, 1/(kT)=41.426740, exponent=-3.7429, rmr=0.023685
Sample tb=298.74 K, log(mass)=-1.2379, 1/(kT)=38.832620, exponent=-2.5237, rmr=0.080163
MR results: 0 NA, 0 infinite, 0 negative, 0 zero
Energy calculations: 5192 non-zero gains, 11035 non-zero losses out of 11035 observations
Saved results to output/results/B1/1950/F/eb_results_MS_1950_B1_B1.rds

Processing: Species=MS, Year=1951, Origin=B1, Climate=B1, Sex=F
Looking for climate data at: /mmfs1/gscratch/biology/jmsmith/targeted_microclimate/B1/simplified_B1_1951.rds
Directory /mmfs1/gscratch/biology/jmsmith/targeted_microclimate/B1 exists. Contents:
simplified_B1_1945.rds
simplified_B1_1946.rds
simplified_B1_1947.rds
simplified_B1_1948.rds
simplified_B1_1949.rds
simplified_B1_1950.rds
simplified_B1_1951.rds
simplified_B1_1952.rds
simplified_B1_1953.rds
simplified_B1_1954.rds
simplified_B1_1955.rds
simplified_B1_1956.rds
simplified_B1_1957.rds
simplified_B1_1958.rds
simplified_B1_1959.rds
simplified_B1_1960.rds
simplified_B1_1961.rds
simplified_B1_1962.rds
simplified_B1_1963.rds
simplified_B1_1964.rds
simplified_B1_2005.rds
simplified_B1_2006.rds
simplified_B1_2007.rds
simplified_B1_2008.rds
simplified_B1_2009.rds
simplified_B1_2010.rds
simplified_B1_2011.rds
simplified_B1_2012.rds
simplified_B1_2013.rds
simplified_B1_2014.rds
simplified_B1_2015.rds
simplified_B1_2016.rds
simplified_B1_2017.rds
simplified_B1_2018.rds
simplified_B1_2019.rds
simplified_B1_2020.rds
simplified_B1_2021.rds
simplified_B1_2022.rds
simplified_B1_2023.rds
simplified_B1_2024.rds
Processing batch 1/12 (rows 1-1000)
  Calculated 1000 temperatures. Range: -7.24 to 60.00
Processing batch 2/12 (rows 1001-2000)
  Calculated 1000 temperatures. Range: 2.63 to 60.00
Processing batch 3/12 (rows 2001-3000)
  Calculated 1000 temperatures. Range: -7.10 to 47.66
Processing batch 4/12 (rows 3001-4000)
  Calculated 1000 temperatures. Range: 3.88 to 51.76
Processing batch 5/12 (rows 4001-5000)
  Calculated 1000 temperatures. Range: -6.31 to 43.48
Processing batch 6/12 (rows 5001-6000)
  Calculated 1000 temperatures. Range: 2.00 to 51.73
Processing batch 7/12 (rows 6001-7000)
  Calculated 1000 temperatures. Range: -6.18 to 43.69
Processing batch 8/12 (rows 7001-8000)
  Calculated 1000 temperatures. Range: 1.47 to 19.88
Processing batch 9/12 (rows 8001-9000)
  Calculated 1000 temperatures. Range: -6.17 to 19.24
Processing batch 10/12 (rows 9001-10000)
  Calculated 1000 temperatures. Range: -0.55 to 23.28
Processing batch 11/12 (rows 10001-11000)
  Calculated 1000 temperatures. Range: 4.50 to 22.80
Processing batch 12/12 (rows 11001-11035)
  Calculated 35 temperatures. Range: 4.74 to 17.24
Total observations: 11035, Unique timestamps: 2207
MR parameters: mass=0.29, elev=2591.0, b0=16.50, b1=0.85, b2=-0.47, b3=0.000108
Sample tb=287.61 K, log(mass)=-1.2379, 1/(kT)=40.335720, exponent=-3.2302, rmr=0.039551
Sample tb=290.66 K, log(mass)=-1.2379, 1/(kT)=39.912387, exponent=-3.0312, rmr=0.048258
Sample tb=282.16 K, log(mass)=-1.2379, 1/(kT)=41.114684, exponent=-3.5963, rmr=0.027426
Sample tb=288.72 K, log(mass)=-1.2379, 1/(kT)=40.180639, exponent=-3.1573, rmr=0.042542
Sample tb=296.88 K, log(mass)=-1.2379, 1/(kT)=39.076722, exponent=-2.6384, rmr=0.071474
MR results: 0 NA, 0 infinite, 0 negative, 0 zero
Energy calculations: 5568 non-zero gains, 11035 non-zero losses out of 11035 observations
Saved results to output/results/B1/1951/F/eb_results_MS_1951_B1_B1.rds

Processing: Species=MS, Year=1952, Origin=B1, Climate=B1, Sex=F
Looking for climate data at: /mmfs1/gscratch/biology/jmsmith/targeted_microclimate/B1/simplified_B1_1952.rds
Directory /mmfs1/gscratch/biology/jmsmith/targeted_microclimate/B1 exists. Contents:
simplified_B1_1945.rds
simplified_B1_1946.rds
simplified_B1_1947.rds
simplified_B1_1948.rds
simplified_B1_1949.rds
simplified_B1_1950.rds
simplified_B1_1951.rds
simplified_B1_1952.rds
simplified_B1_1953.rds
simplified_B1_1954.rds
simplified_B1_1955.rds
simplified_B1_1956.rds
simplified_B1_1957.rds
simplified_B1_1958.rds
simplified_B1_1959.rds
simplified_B1_1960.rds
simplified_B1_1961.rds
simplified_B1_1962.rds
simplified_B1_1963.rds
simplified_B1_1964.rds
simplified_B1_2005.rds
simplified_B1_2006.rds
simplified_B1_2007.rds
simplified_B1_2008.rds
simplified_B1_2009.rds
simplified_B1_2010.rds
simplified_B1_2011.rds
simplified_B1_2012.rds
simplified_B1_2013.rds
simplified_B1_2014.rds
simplified_B1_2015.rds
simplified_B1_2016.rds
simplified_B1_2017.rds
simplified_B1_2018.rds
simplified_B1_2019.rds
simplified_B1_2020.rds
simplified_B1_2021.rds
simplified_B1_2022.rds
simplified_B1_2023.rds
simplified_B1_2024.rds
Processing batch 1/12 (rows 1-1000)
  Calculated 1000 temperatures. Range: -3.92 to 60.00
Processing batch 2/12 (rows 1001-2000)
  Calculated 1000 temperatures. Range: 3.62 to 60.00
Processing batch 3/12 (rows 2001-3000)
  Calculated 1000 temperatures. Range: -1.39 to 56.95
Processing batch 4/12 (rows 3001-4000)
  Calculated 1000 temperatures. Range: 1.72 to 50.78
Processing batch 5/12 (rows 4001-5000)
  Calculated 1000 temperatures. Range: -1.16 to 53.71
Processing batch 6/12 (rows 5001-6000)
  Calculated 1000 temperatures. Range: 1.94 to 50.65
Processing batch 7/12 (rows 6001-7000)
  Calculated 1000 temperatures. Range: 0.04 to 47.10
Processing batch 8/12 (rows 7001-8000)
  Calculated 1000 temperatures. Range: 1.06 to 18.17
Processing batch 9/12 (rows 8001-9000)
  Calculated 1000 temperatures. Range: 1.31 to 20.31
Processing batch 10/12 (rows 9001-10000)
  Calculated 1000 temperatures. Range: 1.55 to 21.62
Processing batch 11/12 (rows 10001-11000)
  Calculated 1000 temperatures. Range: 5.28 to 22.27
Processing batch 12/12 (rows 11001-11035)
  Calculated 35 temperatures. Range: 2.32 to 17.54
Total observations: 11035, Unique timestamps: 2207
MR parameters: mass=0.29, elev=2591.0, b0=16.50, b1=0.85, b2=-0.47, b3=0.000108
Sample tb=297.77 K, log(mass)=-1.2379, 1/(kT)=38.959533, exponent=-2.5833, rmr=0.075521
Sample tb=288.36 K, log(mass)=-1.2379, 1/(kT)=40.230279, exponent=-3.1806, rmr=0.041561
Sample tb=285.51 K, log(mass)=-1.2379, 1/(kT)=40.632378, exponent=-3.3696, rmr=0.034404
Sample tb=286.27 K, log(mass)=-1.2379, 1/(kT)=40.524654, exponent=-3.3190, rmr=0.036191
Sample tb=307.18 K, log(mass)=-1.2379, 1/(kT)=37.765606, exponent=-2.0222, rmr=0.132364
MR results: 0 NA, 0 infinite, 0 negative, 0 zero
Energy calculations: 6037 non-zero gains, 11035 non-zero losses out of 11035 observations
Saved results to output/results/B1/1952/F/eb_results_MS_1952_B1_B1.rds

Processing: Species=MS, Year=1953, Origin=B1, Climate=B1, Sex=F
Looking for climate data at: /mmfs1/gscratch/biology/jmsmith/targeted_microclimate/B1/simplified_B1_1953.rds
Directory /mmfs1/gscratch/biology/jmsmith/targeted_microclimate/B1 exists. Contents:
simplified_B1_1945.rds
simplified_B1_1946.rds
simplified_B1_1947.rds
simplified_B1_1948.rds
simplified_B1_1949.rds
simplified_B1_1950.rds
simplified_B1_1951.rds
simplified_B1_1952.rds
simplified_B1_1953.rds
simplified_B1_1954.rds
simplified_B1_1955.rds
simplified_B1_1956.rds
simplified_B1_1957.rds
simplified_B1_1958.rds
simplified_B1_1959.rds
simplified_B1_1960.rds
simplified_B1_1961.rds
simplified_B1_1962.rds
simplified_B1_1963.rds
simplified_B1_1964.rds
simplified_B1_2005.rds
simplified_B1_2006.rds
simplified_B1_2007.rds
simplified_B1_2008.rds
simplified_B1_2009.rds
simplified_B1_2010.rds
simplified_B1_2011.rds
simplified_B1_2012.rds
simplified_B1_2013.rds
simplified_B1_2014.rds
simplified_B1_2015.rds
simplified_B1_2016.rds
simplified_B1_2017.rds
simplified_B1_2018.rds
simplified_B1_2019.rds
simplified_B1_2020.rds
simplified_B1_2021.rds
simplified_B1_2022.rds
simplified_B1_2023.rds
simplified_B1_2024.rds
Processing batch 1/12 (rows 1-1000)
  Calculated 1000 temperatures. Range: -3.38 to 59.86
Processing batch 2/12 (rows 1001-2000)
  Calculated 1000 temperatures. Range: 1.77 to 60.00
Processing batch 3/12 (rows 2001-3000)
  Calculated 1000 temperatures. Range: -0.78 to 50.21
Processing batch 4/12 (rows 3001-4000)
  Calculated 1000 temperatures. Range: 4.54 to 48.74
Processing batch 5/12 (rows 4001-5000)
  Calculated 1000 temperatures. Range: -0.95 to 45.26
Processing batch 6/12 (rows 5001-6000)
  Calculated 1000 temperatures. Range: 2.98 to 49.24
Processing batch 7/12 (rows 6001-7000)
  Calculated 1000 temperatures. Range: 0.00 to 49.68
Processing batch 8/12 (rows 7001-8000)
  Calculated 1000 temperatures. Range: 1.93 to 18.79
Processing batch 9/12 (rows 8001-9000)
  Calculated 1000 temperatures. Range: 1.20 to 18.11
Processing batch 10/12 (rows 9001-10000)
  Calculated 1000 temperatures. Range: 2.25 to 21.64
Processing batch 11/12 (rows 10001-11000)
  Calculated 1000 temperatures. Range: 3.78 to 21.76
Processing batch 12/12 (rows 11001-11035)
  Calculated 35 temperatures. Range: 5.54 to 18.77
Total observations: 11035, Unique timestamps: 2207
MR parameters: mass=0.29, elev=2591.0, b0=16.50, b1=0.85, b2=-0.47, b3=0.000108
Sample tb=279.22 K, log(mass)=-1.2379, 1/(kT)=41.546907, exponent=-3.7994, rmr=0.022384
Sample tb=290.77 K, log(mass)=-1.2379, 1/(kT)=39.896686, exponent=-3.0238, rmr=0.048616
Sample tb=305.34 K, log(mass)=-1.2379, 1/(kT)=37.993037, exponent=-2.1291, rmr=0.118945
Sample tb=282.02 K, log(mass)=-1.2379, 1/(kT)=41.135535, exponent=-3.6061, rmr=0.027158
Sample tb=281.22 K, log(mass)=-1.2379, 1/(kT)=41.252166, exponent=-3.6609, rmr=0.025710
MR results: 0 NA, 0 infinite, 0 negative, 0 zero
Energy calculations: 6063 non-zero gains, 11035 non-zero losses out of 11035 observations
Saved results to output/results/B1/1953/F/eb_results_MS_1953_B1_B1.rds

Processing: Species=MS, Year=1954, Origin=B1, Climate=B1, Sex=F
Looking for climate data at: /mmfs1/gscratch/biology/jmsmith/targeted_microclimate/B1/simplified_B1_1954.rds
Directory /mmfs1/gscratch/biology/jmsmith/targeted_microclimate/B1 exists. Contents:
simplified_B1_1945.rds
simplified_B1_1946.rds
simplified_B1_1947.rds
simplified_B1_1948.rds
simplified_B1_1949.rds
simplified_B1_1950.rds
simplified_B1_1951.rds
simplified_B1_1952.rds
simplified_B1_1953.rds
simplified_B1_1954.rds
simplified_B1_1955.rds
simplified_B1_1956.rds
simplified_B1_1957.rds
simplified_B1_1958.rds
simplified_B1_1959.rds
simplified_B1_1960.rds
simplified_B1_1961.rds
simplified_B1_1962.rds
simplified_B1_1963.rds
simplified_B1_1964.rds
simplified_B1_2005.rds
simplified_B1_2006.rds
simplified_B1_2007.rds
simplified_B1_2008.rds
simplified_B1_2009.rds
simplified_B1_2010.rds
simplified_B1_2011.rds
simplified_B1_2012.rds
simplified_B1_2013.rds
simplified_B1_2014.rds
simplified_B1_2015.rds
simplified_B1_2016.rds
simplified_B1_2017.rds
simplified_B1_2018.rds
simplified_B1_2019.rds
simplified_B1_2020.rds
simplified_B1_2021.rds
simplified_B1_2022.rds
simplified_B1_2023.rds
simplified_B1_2024.rds
Processing batch 1/12 (rows 1-1000)
  Calculated 1000 temperatures. Range: -5.78 to 60.00
Processing batch 2/12 (rows 1001-2000)
  Calculated 1000 temperatures. Range: 1.46 to 60.00
Processing batch 3/12 (rows 2001-3000)
  Calculated 1000 temperatures. Range: -4.17 to 58.92
Processing batch 4/12 (rows 3001-4000)
  Calculated 1000 temperatures. Range: 3.72 to 51.75
Processing batch 5/12 (rows 4001-5000)
  Calculated 1000 temperatures. Range: -3.46 to 49.93
Processing batch 6/12 (rows 5001-6000)
  Calculated 1000 temperatures. Range: 3.78 to 51.06
Processing batch 7/12 (rows 6001-7000)
  Calculated 1000 temperatures. Range: -1.75 to 48.68
Processing batch 8/12 (rows 7001-8000)
  Calculated 1000 temperatures. Range: 2.71 to 20.07
Processing batch 9/12 (rows 8001-9000)
  Calculated 1000 temperatures. Range: -1.39 to 19.02
Processing batch 10/12 (rows 9001-10000)
  Calculated 1000 temperatures. Range: -0.89 to 25.35
Processing batch 11/12 (rows 10001-11000)
  Calculated 1000 temperatures. Range: 3.28 to 22.30
Processing batch 12/12 (rows 11001-11035)
  Calculated 35 temperatures. Range: 5.26 to 20.74
Total observations: 11035, Unique timestamps: 2207
MR parameters: mass=0.29, elev=2591.0, b0=16.50, b1=0.85, b2=-0.47, b3=0.000108
Sample tb=286.46 K, log(mass)=-1.2379, 1/(kT)=40.497412, exponent=-3.3061, rmr=0.036657
Sample tb=279.84 K, log(mass)=-1.2379, 1/(kT)=41.455360, exponent=-3.7564, rmr=0.023368
Sample tb=300.27 K, log(mass)=-1.2379, 1/(kT)=38.634941, exponent=-2.4308, rmr=0.087968
Sample tb=328.31 K, log(mass)=-1.2379, 1/(kT)=35.335075, exponent=-0.8799, rmr=0.414845
Sample tb=284.75 K, log(mass)=-1.2379, 1/(kT)=40.740795, exponent=-3.4205, rmr=0.032695
MR results: 0 NA, 0 infinite, 0 negative, 0 zero
Energy calculations: 6253 non-zero gains, 11035 non-zero losses out of 11035 observations
Saved results to output/results/B1/1954/F/eb_results_MS_1954_B1_B1.rds

Processing: Species=MS, Year=1955, Origin=B1, Climate=B1, Sex=F
Looking for climate data at: /mmfs1/gscratch/biology/jmsmith/targeted_microclimate/B1/simplified_B1_1955.rds
Directory /mmfs1/gscratch/biology/jmsmith/targeted_microclimate/B1 exists. Contents:
simplified_B1_1945.rds
simplified_B1_1946.rds
simplified_B1_1947.rds
simplified_B1_1948.rds
simplified_B1_1949.rds
simplified_B1_1950.rds
simplified_B1_1951.rds
simplified_B1_1952.rds
simplified_B1_1953.rds
simplified_B1_1954.rds
simplified_B1_1955.rds
simplified_B1_1956.rds
simplified_B1_1957.rds
simplified_B1_1958.rds
simplified_B1_1959.rds
simplified_B1_1960.rds
simplified_B1_1961.rds
simplified_B1_1962.rds
simplified_B1_1963.rds
simplified_B1_1964.rds
simplified_B1_2005.rds
simplified_B1_2006.rds
simplified_B1_2007.rds
simplified_B1_2008.rds
simplified_B1_2009.rds
simplified_B1_2010.rds
simplified_B1_2011.rds
simplified_B1_2012.rds
simplified_B1_2013.rds
simplified_B1_2014.rds
simplified_B1_2015.rds
simplified_B1_2016.rds
simplified_B1_2017.rds
simplified_B1_2018.rds
simplified_B1_2019.rds
simplified_B1_2020.rds
simplified_B1_2021.rds
simplified_B1_2022.rds
simplified_B1_2023.rds
simplified_B1_2024.rds
Processing batch 1/12 (rows 1-1000)
  Calculated 1000 temperatures. Range: -5.04 to 57.24
Processing batch 2/12 (rows 1001-2000)
  Calculated 1000 temperatures. Range: -0.07 to 58.06
Processing batch 3/12 (rows 2001-3000)
  Calculated 1000 temperatures. Range: -2.76 to 54.28
Processing batch 4/12 (rows 3001-4000)
  Calculated 1000 temperatures. Range: 2.52 to 47.42
Processing batch 5/12 (rows 4001-5000)
  Calculated 1000 temperatures. Range: -1.15 to 45.99
Processing batch 6/12 (rows 5001-6000)
  Calculated 1000 temperatures. Range: 1.14 to 47.17
Processing batch 7/12 (rows 6001-7000)
  Calculated 1000 temperatures. Range: -0.73 to 45.72
Processing batch 8/12 (rows 7001-8000)
  Calculated 1000 temperatures. Range: 1.32 to 18.01
Processing batch 9/12 (rows 8001-9000)
  Calculated 1000 temperatures. Range: -0.26 to 18.06
Processing batch 10/12 (rows 9001-10000)
  Calculated 1000 temperatures. Range: 0.60 to 23.45
Processing batch 11/12 (rows 10001-11000)
  Calculated 1000 temperatures. Range: 3.67 to 21.55
Processing batch 12/12 (rows 11001-11035)
  Calculated 35 temperatures. Range: 3.51 to 18.73
Total observations: 11035, Unique timestamps: 2207
MR parameters: mass=0.29, elev=2591.0, b0=16.50, b1=0.85, b2=-0.47, b3=0.000108
Sample tb=283.51 K, log(mass)=-1.2379, 1/(kT)=40.919329, exponent=-3.5044, rmr=0.030063
Sample tb=287.93 K, log(mass)=-1.2379, 1/(kT)=40.290919, exponent=-3.2091, rmr=0.040393
Sample tb=305.88 K, log(mass)=-1.2379, 1/(kT)=37.925891, exponent=-2.0975, rmr=0.122759
Sample tb=285.28 K, log(mass)=-1.2379, 1/(kT)=40.665150, exponent=-3.3850, rmr=0.033878
Sample tb=284.64 K, log(mass)=-1.2379, 1/(kT)=40.756265, exponent=-3.4278, rmr=0.032458
MR results: 0 NA, 0 infinite, 0 negative, 0 zero
Energy calculations: 5821 non-zero gains, 11035 non-zero losses out of 11035 observations
Saved results to output/results/B1/1955/F/eb_results_MS_1955_B1_B1.rds

Processing: Species=MS, Year=1956, Origin=B1, Climate=B1, Sex=F
Looking for climate data at: /mmfs1/gscratch/biology/jmsmith/targeted_microclimate/B1/simplified_B1_1956.rds
Directory /mmfs1/gscratch/biology/jmsmith/targeted_microclimate/B1 exists. Contents:
simplified_B1_1945.rds
simplified_B1_1946.rds
simplified_B1_1947.rds
simplified_B1_1948.rds
simplified_B1_1949.rds
simplified_B1_1950.rds
simplified_B1_1951.rds
simplified_B1_1952.rds
simplified_B1_1953.rds
simplified_B1_1954.rds
simplified_B1_1955.rds
simplified_B1_1956.rds
simplified_B1_1957.rds
simplified_B1_1958.rds
simplified_B1_1959.rds
simplified_B1_1960.rds
simplified_B1_1961.rds
simplified_B1_1962.rds
simplified_B1_1963.rds
simplified_B1_1964.rds
simplified_B1_2005.rds
simplified_B1_2006.rds
simplified_B1_2007.rds
simplified_B1_2008.rds
simplified_B1_2009.rds
simplified_B1_2010.rds
simplified_B1_2011.rds
simplified_B1_2012.rds
simplified_B1_2013.rds
simplified_B1_2014.rds
simplified_B1_2015.rds
simplified_B1_2016.rds
simplified_B1_2017.rds
simplified_B1_2018.rds
simplified_B1_2019.rds
simplified_B1_2020.rds
simplified_B1_2021.rds
simplified_B1_2022.rds
simplified_B1_2023.rds
simplified_B1_2024.rds
Processing batch 1/12 (rows 1-1000)
  Calculated 1000 temperatures. Range: -0.20 to 60.00
Processing batch 2/12 (rows 1001-2000)
  Calculated 1000 temperatures. Range: 1.67 to 57.60
Processing batch 3/12 (rows 2001-3000)
  Calculated 1000 temperatures. Range: -2.97 to 56.10
Processing batch 4/12 (rows 3001-4000)
  Calculated 1000 temperatures. Range: 3.09 to 46.94
Processing batch 5/12 (rows 4001-5000)
  Calculated 1000 temperatures. Range: -1.84 to 51.29
Processing batch 6/12 (rows 5001-6000)
  Calculated 1000 temperatures. Range: 3.39 to 47.17
Processing batch 7/12 (rows 6001-7000)
  Calculated 1000 temperatures. Range: -1.26 to 46.63
Processing batch 8/12 (rows 7001-8000)
  Calculated 1000 temperatures. Range: 1.42 to 17.56
Processing batch 9/12 (rows 8001-9000)
  Calculated 1000 temperatures. Range: -0.18 to 19.17
Processing batch 10/12 (rows 9001-10000)
  Calculated 1000 temperatures. Range: 3.26 to 20.99
Processing batch 11/12 (rows 10001-11000)
  Calculated 1000 temperatures. Range: 3.79 to 20.88
Processing batch 12/12 (rows 11001-11035)
  Calculated 35 temperatures. Range: -0.22 to 14.78
Total observations: 11035, Unique timestamps: 2207
MR parameters: mass=0.29, elev=2591.0, b0=16.50, b1=0.85, b2=-0.47, b3=0.000108
Sample tb=284.24 K, log(mass)=-1.2379, 1/(kT)=40.813433, exponent=-3.4547, rmr=0.031597
Sample tb=281.65 K, log(mass)=-1.2379, 1/(kT)=41.189261, exponent=-3.6313, rmr=0.026481
Sample tb=286.67 K, log(mass)=-1.2379, 1/(kT)=40.467747, exponent=-3.2922, rmr=0.037172
Sample tb=279.65 K, log(mass)=-1.2379, 1/(kT)=41.483724, exponent=-3.7697, rmr=0.023059
Sample tb=287.12 K, log(mass)=-1.2379, 1/(kT)=40.404247, exponent=-3.2624, rmr=0.038298
MR results: 0 NA, 0 infinite, 0 negative, 0 zero
Energy calculations: 5747 non-zero gains, 11035 non-zero losses out of 11035 observations
Saved results to output/results/B1/1956/F/eb_results_MS_1956_B1_B1.rds

Processing: Species=MS, Year=1957, Origin=B1, Climate=B1, Sex=F
Looking for climate data at: /mmfs1/gscratch/biology/jmsmith/targeted_microclimate/B1/simplified_B1_1957.rds
Directory /mmfs1/gscratch/biology/jmsmith/targeted_microclimate/B1 exists. Contents:
simplified_B1_1945.rds
simplified_B1_1946.rds
simplified_B1_1947.rds
simplified_B1_1948.rds
simplified_B1_1949.rds
simplified_B1_1950.rds
simplified_B1_1951.rds
simplified_B1_1952.rds
simplified_B1_1953.rds
simplified_B1_1954.rds
simplified_B1_1955.rds
simplified_B1_1956.rds
simplified_B1_1957.rds
simplified_B1_1958.rds
simplified_B1_1959.rds
simplified_B1_1960.rds
simplified_B1_1961.rds
simplified_B1_1962.rds
simplified_B1_1963.rds
simplified_B1_1964.rds
simplified_B1_2005.rds
simplified_B1_2006.rds
simplified_B1_2007.rds
simplified_B1_2008.rds
simplified_B1_2009.rds
simplified_B1_2010.rds
simplified_B1_2011.rds
simplified_B1_2012.rds
simplified_B1_2013.rds
simplified_B1_2014.rds
simplified_B1_2015.rds
simplified_B1_2016.rds
simplified_B1_2017.rds
simplified_B1_2018.rds
simplified_B1_2019.rds
simplified_B1_2020.rds
simplified_B1_2021.rds
simplified_B1_2022.rds
simplified_B1_2023.rds
simplified_B1_2024.rds
Processing batch 1/12 (rows 1-1000)
  Calculated 1000 temperatures. Range: -2.22 to 60.00
Processing batch 2/12 (rows 1001-2000)
  Calculated 1000 temperatures. Range: 2.96 to 59.79
Processing batch 3/12 (rows 2001-3000)
  Calculated 1000 temperatures. Range: -0.83 to 58.99
Processing batch 4/12 (rows 3001-4000)
  Calculated 1000 temperatures. Range: 2.90 to 49.51
Processing batch 5/12 (rows 4001-5000)
  Calculated 1000 temperatures. Range: -0.55 to 48.37
Processing batch 6/12 (rows 5001-6000)
  Calculated 1000 temperatures. Range: 3.03 to 48.89
Processing batch 7/12 (rows 6001-7000)
  Calculated 1000 temperatures. Range: 0.65 to 47.69
Processing batch 8/12 (rows 7001-8000)
  Calculated 1000 temperatures. Range: -0.35 to 17.93
Processing batch 9/12 (rows 8001-9000)
  Calculated 1000 temperatures. Range: 2.03 to 18.86
Processing batch 10/12 (rows 9001-10000)
  Calculated 1000 temperatures. Range: 0.18 to 22.17
Processing batch 11/12 (rows 10001-11000)
  Calculated 1000 temperatures. Range: 4.22 to 21.45
Processing batch 12/12 (rows 11001-11035)
  Calculated 35 temperatures. Range: 5.12 to 14.73
Total observations: 11035, Unique timestamps: 2207
MR parameters: mass=0.29, elev=2591.0, b0=16.50, b1=0.85, b2=-0.47, b3=0.000108
Sample tb=312.68 K, log(mass)=-1.2379, 1/(kT)=37.102181, exponent=-1.7104, rmr=0.180795
Sample tb=286.14 K, log(mass)=-1.2379, 1/(kT)=40.542237, exponent=-3.3272, rmr=0.035893
Sample tb=284.86 K, log(mass)=-1.2379, 1/(kT)=40.724358, exponent=-3.4128, rmr=0.032948
Sample tb=297.50 K, log(mass)=-1.2379, 1/(kT)=38.994417, exponent=-2.5997, rmr=0.074293
Sample tb=292.88 K, log(mass)=-1.2379, 1/(kT)=39.609411, exponent=-2.8888, rmr=0.055644
MR results: 0 NA, 0 infinite, 0 negative, 0 zero
Energy calculations: 5928 non-zero gains, 11035 non-zero losses out of 11035 observations
Saved results to output/results/B1/1957/F/eb_results_MS_1957_B1_B1.rds

Processing: Species=MS, Year=1958, Origin=B1, Climate=B1, Sex=F
Looking for climate data at: /mmfs1/gscratch/biology/jmsmith/targeted_microclimate/B1/simplified_B1_1958.rds
Directory /mmfs1/gscratch/biology/jmsmith/targeted_microclimate/B1 exists. Contents:
simplified_B1_1945.rds
simplified_B1_1946.rds
simplified_B1_1947.rds
simplified_B1_1948.rds
simplified_B1_1949.rds
simplified_B1_1950.rds
simplified_B1_1951.rds
simplified_B1_1952.rds
simplified_B1_1953.rds
simplified_B1_1954.rds
simplified_B1_1955.rds
simplified_B1_1956.rds
simplified_B1_1957.rds
simplified_B1_1958.rds
simplified_B1_1959.rds
simplified_B1_1960.rds
simplified_B1_1961.rds
simplified_B1_1962.rds
simplified_B1_1963.rds
simplified_B1_1964.rds
simplified_B1_2005.rds
simplified_B1_2006.rds
simplified_B1_2007.rds
simplified_B1_2008.rds
simplified_B1_2009.rds
simplified_B1_2010.rds
simplified_B1_2011.rds
simplified_B1_2012.rds
simplified_B1_2013.rds
simplified_B1_2014.rds
simplified_B1_2015.rds
simplified_B1_2016.rds
simplified_B1_2017.rds
simplified_B1_2018.rds
simplified_B1_2019.rds
simplified_B1_2020.rds
simplified_B1_2021.rds
simplified_B1_2022.rds
simplified_B1_2023.rds
simplified_B1_2024.rds
Processing batch 1/12 (rows 1-1000)
  Calculated 1000 temperatures. Range: -0.71 to 56.75
Processing batch 2/12 (rows 1001-2000)
  Calculated 1000 temperatures. Range: 1.79 to 59.81
Processing batch 3/12 (rows 2001-3000)
  Calculated 1000 temperatures. Range: 0.80 to 49.27
Processing batch 4/12 (rows 3001-4000)
  Calculated 1000 temperatures. Range: 3.45 to 48.83
Processing batch 5/12 (rows 4001-5000)
  Calculated 1000 temperatures. Range: 1.22 to 43.53
Processing batch 6/12 (rows 5001-6000)
  Calculated 1000 temperatures. Range: 2.25 to 48.72
Processing batch 7/12 (rows 6001-7000)
  Calculated 1000 temperatures. Range: 1.41 to 48.55
Processing batch 8/12 (rows 7001-8000)
  Calculated 1000 temperatures. Range: 2.03 to 17.11
Processing batch 9/12 (rows 8001-9000)
  Calculated 1000 temperatures. Range: 2.80 to 20.03
Processing batch 10/12 (rows 9001-10000)
  Calculated 1000 temperatures. Range: 2.09 to 21.07
Processing batch 11/12 (rows 10001-11000)
  Calculated 1000 temperatures. Range: 4.49 to 22.01
Processing batch 12/12 (rows 11001-11035)
  Calculated 35 temperatures. Range: 3.48 to 17.90
Total observations: 11035, Unique timestamps: 2207
MR parameters: mass=0.29, elev=2591.0, b0=16.50, b1=0.85, b2=-0.47, b3=0.000108
Sample tb=282.33 K, log(mass)=-1.2379, 1/(kT)=41.090657, exponent=-3.5850, rmr=0.027737
Sample tb=310.74 K, log(mass)=-1.2379, 1/(kT)=37.333389, exponent=-1.8191, rmr=0.162178
Sample tb=277.85 K, log(mass)=-1.2379, 1/(kT)=41.753165, exponent=-3.8964, rmr=0.020316
Sample tb=285.19 K, log(mass)=-1.2379, 1/(kT)=40.678511, exponent=-3.3913, rmr=0.033666
Sample tb=278.49 K, log(mass)=-1.2379, 1/(kT)=41.656242, exponent=-3.8508, rmr=0.021263
MR results: 0 NA, 0 infinite, 0 negative, 0 zero
Energy calculations: 5701 non-zero gains, 11035 non-zero losses out of 11035 observations
Saved results to output/results/B1/1958/F/eb_results_MS_1958_B1_B1.rds

Processing: Species=MS, Year=1959, Origin=B1, Climate=B1, Sex=F
Looking for climate data at: /mmfs1/gscratch/biology/jmsmith/targeted_microclimate/B1/simplified_B1_1959.rds
Directory /mmfs1/gscratch/biology/jmsmith/targeted_microclimate/B1 exists. Contents:
simplified_B1_1945.rds
simplified_B1_1946.rds
simplified_B1_1947.rds
simplified_B1_1948.rds
simplified_B1_1949.rds
simplified_B1_1950.rds
simplified_B1_1951.rds
simplified_B1_1952.rds
simplified_B1_1953.rds
simplified_B1_1954.rds
simplified_B1_1955.rds
simplified_B1_1956.rds
simplified_B1_1957.rds
simplified_B1_1958.rds
simplified_B1_1959.rds
simplified_B1_1960.rds
simplified_B1_1961.rds
simplified_B1_1962.rds
simplified_B1_1963.rds
simplified_B1_1964.rds
simplified_B1_2005.rds
simplified_B1_2006.rds
simplified_B1_2007.rds
simplified_B1_2008.rds
simplified_B1_2009.rds
simplified_B1_2010.rds
simplified_B1_2011.rds
simplified_B1_2012.rds
simplified_B1_2013.rds
simplified_B1_2014.rds
simplified_B1_2015.rds
simplified_B1_2016.rds
simplified_B1_2017.rds
simplified_B1_2018.rds
simplified_B1_2019.rds
simplified_B1_2020.rds
simplified_B1_2021.rds
simplified_B1_2022.rds
simplified_B1_2023.rds
simplified_B1_2024.rds
Processing batch 1/12 (rows 1-1000)
  Calculated 1000 temperatures. Range: -2.36 to 60.00
Processing batch 2/12 (rows 1001-2000)
  Calculated 1000 temperatures. Range: 3.66 to 60.00
Processing batch 3/12 (rows 2001-3000)
  Calculated 1000 temperatures. Range: -1.53 to 50.58
Processing batch 4/12 (rows 3001-4000)
  Calculated 1000 temperatures. Range: 2.25 to 50.14
Processing batch 5/12 (rows 4001-5000)
  Calculated 1000 temperatures. Range: -0.69 to 51.43
Processing batch 6/12 (rows 5001-6000)
  Calculated 1000 temperatures. Range: 2.27 to 50.19
Processing batch 7/12 (rows 6001-7000)
  Calculated 1000 temperatures. Range: 0.93 to 49.80
Processing batch 8/12 (rows 7001-8000)
  Calculated 1000 temperatures. Range: 2.08 to 18.84
Processing batch 9/12 (rows 8001-9000)
  Calculated 1000 temperatures. Range: 0.51 to 21.15
Processing batch 10/12 (rows 9001-10000)
  Calculated 1000 temperatures. Range: 3.31 to 21.15
Processing batch 11/12 (rows 10001-11000)
  Calculated 1000 temperatures. Range: 4.85 to 22.14
Processing batch 12/12 (rows 11001-11035)
  Calculated 35 temperatures. Range: 4.88 to 18.93
Total observations: 11035, Unique timestamps: 2207
MR parameters: mass=0.29, elev=2591.0, b0=16.50, b1=0.85, b2=-0.47, b3=0.000108
Sample tb=289.84 K, log(mass)=-1.2379, 1/(kT)=40.024694, exponent=-3.0840, rmr=0.045777
Sample tb=280.89 K, log(mass)=-1.2379, 1/(kT)=41.300581, exponent=-3.6836, rmr=0.025131
Sample tb=281.67 K, log(mass)=-1.2379, 1/(kT)=41.186647, exponent=-3.6301, rmr=0.026514
Sample tb=286.82 K, log(mass)=-1.2379, 1/(kT)=40.446868, exponent=-3.2824, rmr=0.037538
Sample tb=287.10 K, log(mass)=-1.2379, 1/(kT)=40.407451, exponent=-3.2639, rmr=0.038240
MR results: 0 NA, 0 infinite, 0 negative, 0 zero
Energy calculations: 6182 non-zero gains, 11035 non-zero losses out of 11035 observations
Saved results to output/results/B1/1959/F/eb_results_MS_1959_B1_B1.rds

Processing: Species=MS, Year=1960, Origin=B1, Climate=B1, Sex=F
Looking for climate data at: /mmfs1/gscratch/biology/jmsmith/targeted_microclimate/B1/simplified_B1_1960.rds
Directory /mmfs1/gscratch/biology/jmsmith/targeted_microclimate/B1 exists. Contents:
simplified_B1_1945.rds
simplified_B1_1946.rds
simplified_B1_1947.rds
simplified_B1_1948.rds
simplified_B1_1949.rds
simplified_B1_1950.rds
simplified_B1_1951.rds
simplified_B1_1952.rds
simplified_B1_1953.rds
simplified_B1_1954.rds
simplified_B1_1955.rds
simplified_B1_1956.rds
simplified_B1_1957.rds
simplified_B1_1958.rds
simplified_B1_1959.rds
simplified_B1_1960.rds
simplified_B1_1961.rds
simplified_B1_1962.rds
simplified_B1_1963.rds
simplified_B1_1964.rds
simplified_B1_2005.rds
simplified_B1_2006.rds
simplified_B1_2007.rds
simplified_B1_2008.rds
simplified_B1_2009.rds
simplified_B1_2010.rds
simplified_B1_2011.rds
simplified_B1_2012.rds
simplified_B1_2013.rds
simplified_B1_2014.rds
simplified_B1_2015.rds
simplified_B1_2016.rds
simplified_B1_2017.rds
simplified_B1_2018.rds
simplified_B1_2019.rds
simplified_B1_2020.rds
simplified_B1_2021.rds
simplified_B1_2022.rds
simplified_B1_2023.rds
simplified_B1_2024.rds
Processing batch 1/12 (rows 1-1000)
  Calculated 1000 temperatures. Range: -0.51 to 60.00
Processing batch 2/12 (rows 1001-2000)
  Calculated 1000 temperatures. Range: -1.93 to 59.96
Processing batch 3/12 (rows 2001-3000)
  Calculated 1000 temperatures. Range: -0.70 to 57.05
Processing batch 4/12 (rows 3001-4000)
  Calculated 1000 temperatures. Range: 3.39 to 50.63
Processing batch 5/12 (rows 4001-5000)
  Calculated 1000 temperatures. Range: -0.08 to 48.31
Processing batch 6/12 (rows 5001-6000)
  Calculated 1000 temperatures. Range: 3.32 to 50.77
Processing batch 7/12 (rows 6001-7000)
  Calculated 1000 temperatures. Range: -0.08 to 46.31
Processing batch 8/12 (rows 7001-8000)
  Calculated 1000 temperatures. Range: 0.86 to 18.19
Processing batch 9/12 (rows 8001-9000)
  Calculated 1000 temperatures. Range: 0.20 to 19.48
Processing batch 10/12 (rows 9001-10000)
  Calculated 1000 temperatures. Range: 1.80 to 21.95
Processing batch 11/12 (rows 10001-11000)
  Calculated 1000 temperatures. Range: 1.15 to 22.38
Processing batch 12/12 (rows 11001-11035)
  Calculated 35 temperatures. Range: 4.20 to 22.11
Total observations: 11035, Unique timestamps: 2207
MR parameters: mass=0.29, elev=2591.0, b0=16.50, b1=0.85, b2=-0.47, b3=0.000108
Sample tb=289.60 K, log(mass)=-1.2379, 1/(kT)=40.058730, exponent=-3.1000, rmr=0.045051
Sample tb=294.61 K, log(mass)=-1.2379, 1/(kT)=39.376599, exponent=-2.7794, rmr=0.062078
Sample tb=278.66 K, log(mass)=-1.2379, 1/(kT)=41.631357, exponent=-3.8391, rmr=0.021513
Sample tb=281.01 K, log(mass)=-1.2379, 1/(kT)=41.282821, exponent=-3.6753, rmr=0.025342
Sample tb=300.00 K, log(mass)=-1.2379, 1/(kT)=38.669577, exponent=-2.4471, rmr=0.086547
MR results: 0 NA, 0 infinite, 0 negative, 0 zero
Energy calculations: 5856 non-zero gains, 11035 non-zero losses out of 11035 observations
Saved results to output/results/B1/1960/F/eb_results_MS_1960_B1_B1.rds

Processing: Species=MS, Year=1961, Origin=B1, Climate=B1, Sex=F
Looking for climate data at: /mmfs1/gscratch/biology/jmsmith/targeted_microclimate/B1/simplified_B1_1961.rds
Directory /mmfs1/gscratch/biology/jmsmith/targeted_microclimate/B1 exists. Contents:
simplified_B1_1945.rds
simplified_B1_1946.rds
simplified_B1_1947.rds
simplified_B1_1948.rds
simplified_B1_1949.rds
simplified_B1_1950.rds
simplified_B1_1951.rds
simplified_B1_1952.rds
simplified_B1_1953.rds
simplified_B1_1954.rds
simplified_B1_1955.rds
simplified_B1_1956.rds
simplified_B1_1957.rds
simplified_B1_1958.rds
simplified_B1_1959.rds
simplified_B1_1960.rds
simplified_B1_1961.rds
simplified_B1_1962.rds
simplified_B1_1963.rds
simplified_B1_1964.rds
simplified_B1_2005.rds
simplified_B1_2006.rds
simplified_B1_2007.rds
simplified_B1_2008.rds
simplified_B1_2009.rds
simplified_B1_2010.rds
simplified_B1_2011.rds
simplified_B1_2012.rds
simplified_B1_2013.rds
simplified_B1_2014.rds
simplified_B1_2015.rds
simplified_B1_2016.rds
simplified_B1_2017.rds
simplified_B1_2018.rds
simplified_B1_2019.rds
simplified_B1_2020.rds
simplified_B1_2021.rds
simplified_B1_2022.rds
simplified_B1_2023.rds
simplified_B1_2024.rds
Processing batch 1/12 (rows 1-1000)
  Calculated 1000 temperatures. Range: -3.30 to 58.03
Processing batch 2/12 (rows 1001-2000)
  Calculated 1000 temperatures. Range: 1.80 to 60.00
Processing batch 3/12 (rows 2001-3000)
  Calculated 1000 temperatures. Range: -1.85 to 51.92
Processing batch 4/12 (rows 3001-4000)
  Calculated 1000 temperatures. Range: 2.13 to 50.77
Processing batch 5/12 (rows 4001-5000)
  Calculated 1000 temperatures. Range: -1.55 to 46.77
Processing batch 6/12 (rows 5001-6000)
  Calculated 1000 temperatures. Range: 2.59 to 51.02
Processing batch 7/12 (rows 6001-7000)
  Calculated 1000 temperatures. Range: -0.21 to 48.31
Processing batch 8/12 (rows 7001-8000)
  Calculated 1000 temperatures. Range: 2.21 to 18.49
Processing batch 9/12 (rows 8001-9000)
  Calculated 1000 temperatures. Range: -0.09 to 18.20
Processing batch 10/12 (rows 9001-10000)
  Calculated 1000 temperatures. Range: 2.44 to 21.22
Processing batch 11/12 (rows 10001-11000)
  Calculated 1000 temperatures. Range: 2.36 to 21.81
Processing batch 12/12 (rows 11001-11035)
  Calculated 35 temperatures. Range: 6.39 to 16.14
Total observations: 11035, Unique timestamps: 2207
MR parameters: mass=0.29, elev=2591.0, b0=16.50, b1=0.85, b2=-0.47, b3=0.000108
Sample tb=274.72 K, log(mass)=-1.2379, 1/(kT)=42.228694, exponent=-4.1199, rmr=0.016247
Sample tb=287.36 K, log(mass)=-1.2379, 1/(kT)=40.370547, exponent=-3.2465, rmr=0.038909
Sample tb=293.15 K, log(mass)=-1.2379, 1/(kT)=39.573924, exponent=-2.8721, rmr=0.056579
Sample tb=296.15 K, log(mass)=-1.2379, 1/(kT)=39.173103, exponent=-2.6837, rmr=0.068308
Sample tb=287.96 K, log(mass)=-1.2379, 1/(kT)=40.286944, exponent=-3.2072, rmr=0.040469
MR results: 0 NA, 0 infinite, 0 negative, 0 zero
Energy calculations: 6037 non-zero gains, 11035 non-zero losses out of 11035 observations
Saved results to output/results/B1/1961/F/eb_results_MS_1961_B1_B1.rds

Processing: Species=MS, Year=1962, Origin=B1, Climate=B1, Sex=F
Looking for climate data at: /mmfs1/gscratch/biology/jmsmith/targeted_microclimate/B1/simplified_B1_1962.rds
Directory /mmfs1/gscratch/biology/jmsmith/targeted_microclimate/B1 exists. Contents:
simplified_B1_1945.rds
simplified_B1_1946.rds
simplified_B1_1947.rds
simplified_B1_1948.rds
simplified_B1_1949.rds
simplified_B1_1950.rds
simplified_B1_1951.rds
simplified_B1_1952.rds
simplified_B1_1953.rds
simplified_B1_1954.rds
simplified_B1_1955.rds
simplified_B1_1956.rds
simplified_B1_1957.rds
simplified_B1_1958.rds
simplified_B1_1959.rds
simplified_B1_1960.rds
simplified_B1_1961.rds
simplified_B1_1962.rds
simplified_B1_1963.rds
simplified_B1_1964.rds
simplified_B1_2005.rds
simplified_B1_2006.rds
simplified_B1_2007.rds
simplified_B1_2008.rds
simplified_B1_2009.rds
simplified_B1_2010.rds
simplified_B1_2011.rds
simplified_B1_2012.rds
simplified_B1_2013.rds
simplified_B1_2014.rds
simplified_B1_2015.rds
simplified_B1_2016.rds
simplified_B1_2017.rds
simplified_B1_2018.rds
simplified_B1_2019.rds
simplified_B1_2020.rds
simplified_B1_2021.rds
simplified_B1_2022.rds
simplified_B1_2023.rds
simplified_B1_2024.rds
Processing batch 1/12 (rows 1-1000)
  Calculated 1000 temperatures. Range: -4.06 to 60.00
Processing batch 2/12 (rows 1001-2000)
  Calculated 1000 temperatures. Range: 1.07 to 58.05
Processing batch 3/12 (rows 2001-3000)
  Calculated 1000 temperatures. Range: -2.85 to 59.01
Processing batch 4/12 (rows 3001-4000)
  Calculated 1000 temperatures. Range: 3.16 to 49.34
Processing batch 5/12 (rows 4001-5000)
  Calculated 1000 temperatures. Range: -1.58 to 48.16
Processing batch 6/12 (rows 5001-6000)
  Calculated 1000 temperatures. Range: 3.56 to 49.02
Processing batch 7/12 (rows 6001-7000)
  Calculated 1000 temperatures. Range: -0.78 to 48.04
Processing batch 8/12 (rows 7001-8000)
  Calculated 1000 temperatures. Range: -0.07 to 17.90
Processing batch 9/12 (rows 8001-9000)
  Calculated 1000 temperatures. Range: 0.06 to 17.58
Processing batch 10/12 (rows 9001-10000)
  Calculated 1000 temperatures. Range: -0.36 to 21.01
Processing batch 11/12 (rows 10001-11000)
  Calculated 1000 temperatures. Range: 2.61 to 22.35
Processing batch 12/12 (rows 11001-11035)
  Calculated 35 temperatures. Range: 1.95 to 13.99
Total observations: 11035, Unique timestamps: 2207
MR parameters: mass=0.29, elev=2591.0, b0=16.50, b1=0.85, b2=-0.47, b3=0.000108
Sample tb=287.21 K, log(mass)=-1.2379, 1/(kT)=40.391518, exponent=-3.2564, rmr=0.038528
Sample tb=310.88 K, log(mass)=-1.2379, 1/(kT)=37.316789, exponent=-1.8113, rmr=0.163449
Sample tb=274.29 K, log(mass)=-1.2379, 1/(kT)=42.294689, exponent=-4.1509, rmr=0.015751
Sample tb=278.37 K, log(mass)=-1.2379, 1/(kT)=41.674555, exponent=-3.8594, rmr=0.021081
Sample tb=278.68 K, log(mass)=-1.2379, 1/(kT)=41.628531, exponent=-3.8378, rmr=0.021541
MR results: 0 NA, 0 infinite, 0 negative, 0 zero
Energy calculations: 5613 non-zero gains, 11035 non-zero losses out of 11035 observations
Saved results to output/results/B1/1962/F/eb_results_MS_1962_B1_B1.rds

Processing: Species=MS, Year=1963, Origin=B1, Climate=B1, Sex=F
Looking for climate data at: /mmfs1/gscratch/biology/jmsmith/targeted_microclimate/B1/simplified_B1_1963.rds
Directory /mmfs1/gscratch/biology/jmsmith/targeted_microclimate/B1 exists. Contents:
simplified_B1_1945.rds
simplified_B1_1946.rds
simplified_B1_1947.rds
simplified_B1_1948.rds
simplified_B1_1949.rds
simplified_B1_1950.rds
simplified_B1_1951.rds
simplified_B1_1952.rds
simplified_B1_1953.rds
simplified_B1_1954.rds
simplified_B1_1955.rds
simplified_B1_1956.rds
simplified_B1_1957.rds
simplified_B1_1958.rds
simplified_B1_1959.rds
simplified_B1_1960.rds
simplified_B1_1961.rds
simplified_B1_1962.rds
simplified_B1_1963.rds
simplified_B1_1964.rds
simplified_B1_2005.rds
simplified_B1_2006.rds
simplified_B1_2007.rds
simplified_B1_2008.rds
simplified_B1_2009.rds
simplified_B1_2010.rds
simplified_B1_2011.rds
simplified_B1_2012.rds
simplified_B1_2013.rds
simplified_B1_2014.rds
simplified_B1_2015.rds
simplified_B1_2016.rds
simplified_B1_2017.rds
simplified_B1_2018.rds
simplified_B1_2019.rds
simplified_B1_2020.rds
simplified_B1_2021.rds
simplified_B1_2022.rds
simplified_B1_2023.rds
simplified_B1_2024.rds
Processing batch 1/12 (rows 1-1000)
  Calculated 1000 temperatures. Range: -1.41 to 58.96
Processing batch 2/12 (rows 1001-2000)
  Calculated 1000 temperatures. Range: 3.45 to 59.59
Processing batch 3/12 (rows 2001-3000)
  Calculated 1000 temperatures. Range: -0.19 to 56.65
Processing batch 4/12 (rows 3001-4000)
  Calculated 1000 temperatures. Range: 3.98 to 48.61
Processing batch 5/12 (rows 4001-5000)
  Calculated 1000 temperatures. Range: 0.26 to 47.56
Processing batch 6/12 (rows 5001-6000)
  Calculated 1000 temperatures. Range: 2.99 to 48.80
Processing batch 7/12 (rows 6001-7000)
  Calculated 1000 temperatures. Range: 1.20 to 45.99
Processing batch 8/12 (rows 7001-8000)
  Calculated 1000 temperatures. Range: 2.45 to 19.34
Processing batch 9/12 (rows 8001-9000)
  Calculated 1000 temperatures. Range: 1.70 to 18.98
Processing batch 10/12 (rows 9001-10000)
  Calculated 1000 temperatures. Range: 1.97 to 23.23
Processing batch 11/12 (rows 10001-11000)
  Calculated 1000 temperatures. Range: 4.87 to 23.40
Processing batch 12/12 (rows 11001-11035)
  Calculated 35 temperatures. Range: 5.93 to 16.46
Total observations: 11035, Unique timestamps: 2207
MR parameters: mass=0.29, elev=2591.0, b0=16.50, b1=0.85, b2=-0.47, b3=0.000108
Sample tb=291.58 K, log(mass)=-1.2379, 1/(kT)=39.786386, exponent=-2.9720, rmr=0.051203
Sample tb=299.43 K, log(mass)=-1.2379, 1/(kT)=38.743585, exponent=-2.4819, rmr=0.083588
Sample tb=281.14 K, log(mass)=-1.2379, 1/(kT)=41.264123, exponent=-3.6665, rmr=0.025566
Sample tb=298.65 K, log(mass)=-1.2379, 1/(kT)=38.844017, exponent=-2.5291, rmr=0.079734
Sample tb=283.83 K, log(mass)=-1.2379, 1/(kT)=40.872693, exponent=-3.4825, rmr=0.030730
MR results: 0 NA, 0 infinite, 0 negative, 0 zero
Energy calculations: 6256 non-zero gains, 11035 non-zero losses out of 11035 observations
Saved results to output/results/B1/1963/F/eb_results_MS_1963_B1_B1.rds

Processing: Species=MS, Year=1964, Origin=B1, Climate=B1, Sex=F
Looking for climate data at: /mmfs1/gscratch/biology/jmsmith/targeted_microclimate/B1/simplified_B1_1964.rds
Directory /mmfs1/gscratch/biology/jmsmith/targeted_microclimate/B1 exists. Contents:
simplified_B1_1945.rds
simplified_B1_1946.rds
simplified_B1_1947.rds
simplified_B1_1948.rds
simplified_B1_1949.rds
simplified_B1_1950.rds
simplified_B1_1951.rds
simplified_B1_1952.rds
simplified_B1_1953.rds
simplified_B1_1954.rds
simplified_B1_1955.rds
simplified_B1_1956.rds
simplified_B1_1957.rds
simplified_B1_1958.rds
simplified_B1_1959.rds
simplified_B1_1960.rds
simplified_B1_1961.rds
simplified_B1_1962.rds
simplified_B1_1963.rds
simplified_B1_1964.rds
simplified_B1_2005.rds
simplified_B1_2006.rds
simplified_B1_2007.rds
simplified_B1_2008.rds
simplified_B1_2009.rds
simplified_B1_2010.rds
simplified_B1_2011.rds
simplified_B1_2012.rds
simplified_B1_2013.rds
simplified_B1_2014.rds
simplified_B1_2015.rds
simplified_B1_2016.rds
simplified_B1_2017.rds
simplified_B1_2018.rds
simplified_B1_2019.rds
simplified_B1_2020.rds
simplified_B1_2021.rds
simplified_B1_2022.rds
simplified_B1_2023.rds
simplified_B1_2024.rds
Processing batch 1/12 (rows 1-1000)
  Calculated 1000 temperatures. Range: -4.76 to 60.00
Processing batch 2/12 (rows 1001-2000)
  Calculated 1000 temperatures. Range: -1.88 to 58.58
Processing batch 3/12 (rows 2001-3000)
  Calculated 1000 temperatures. Range: -3.43 to 50.34
Processing batch 4/12 (rows 3001-4000)
  Calculated 1000 temperatures. Range: 3.05 to 48.74
Processing batch 5/12 (rows 4001-5000)
  Calculated 1000 temperatures. Range: -3.61 to 47.41
Processing batch 6/12 (rows 5001-6000)
  Calculated 1000 temperatures. Range: 2.40 to 50.20
Processing batch 7/12 (rows 6001-7000)
  Calculated 1000 temperatures. Range: -4.39 to 47.48
Processing batch 8/12 (rows 7001-8000)
  Calculated 1000 temperatures. Range: -0.28 to 18.72
Processing batch 9/12 (rows 8001-9000)
  Calculated 1000 temperatures. Range: -3.31 to 19.77
Processing batch 10/12 (rows 9001-10000)
  Calculated 1000 temperatures. Range: 0.36 to 22.07
Processing batch 11/12 (rows 10001-11000)
  Calculated 1000 temperatures. Range: 0.29 to 21.85
Processing batch 12/12 (rows 11001-11035)
  Calculated 35 temperatures. Range: 0.71 to 18.83
Total observations: 11035, Unique timestamps: 2207
MR parameters: mass=0.29, elev=2591.0, b0=16.50, b1=0.85, b2=-0.47, b3=0.000108
Sample tb=279.03 K, log(mass)=-1.2379, 1/(kT)=41.576421, exponent=-3.8133, rmr=0.022076
Sample tb=281.89 K, log(mass)=-1.2379, 1/(kT)=41.154108, exponent=-3.6148, rmr=0.026922
Sample tb=287.05 K, log(mass)=-1.2379, 1/(kT)=40.413818, exponent=-3.2669, rmr=0.038126
Sample tb=288.63 K, log(mass)=-1.2379, 1/(kT)=40.192436, exponent=-3.1628, rmr=0.042307
Sample tb=276.89 K, log(mass)=-1.2379, 1/(kT)=41.897463, exponent=-3.9642, rmr=0.018984
MR results: 0 NA, 0 infinite, 0 negative, 0 zero
Energy calculations: 5853 non-zero gains, 11035 non-zero losses out of 11035 observations
Saved results to output/results/B1/1964/F/eb_results_MS_1964_B1_B1.rds

All years processed.
