Arguments received:
Species: MS
Years: 2005, 2006, 2007, 2008, 2009, 2010, 2011, 2012, 2013, 2014, 2015, 2016, 2017, 2018, 2019, 2020, 2021, 2022, 2023, 2024
Origin site: Eldo
Climate site: Eldo
Sex: F
Output directory: output/results/Eldo
Library paths:
[1] "/gscratch/biology/jmsmith/R"                          
[2] "/mmfs1/home/smithju/R/x86_64-pc-linux-gnu-library/4.4"
[3] "/usr/local/lib/R/site-library"                        
[4] "/usr/local/lib/R/library"                             
Package tidyverse loaded successfully
Package TrenchR loaded successfully
Package rTPC loaded successfully
Package lubridate loaded successfully

Processing: Species=MS, Year=2005, Origin=Eldo, Climate=Eldo, Sex=F
Looking for climate data at: /mmfs1/gscratch/biology/jmsmith/targeted_microclimate/Eldo/simplified_Eldo_2005.rds
Directory /mmfs1/gscratch/biology/jmsmith/targeted_microclimate/Eldo exists. Contents:
simplified_Eldo_1945.rds
simplified_Eldo_1946.rds
simplified_Eldo_1947.rds
simplified_Eldo_1948.rds
simplified_Eldo_1949.rds
simplified_Eldo_1950.rds
simplified_Eldo_1951.rds
simplified_Eldo_1952.rds
simplified_Eldo_1953.rds
simplified_Eldo_1954.rds
simplified_Eldo_1955.rds
simplified_Eldo_1956.rds
simplified_Eldo_1957.rds
simplified_Eldo_1958.rds
simplified_Eldo_1959.rds
simplified_Eldo_1960.rds
simplified_Eldo_1961.rds
simplified_Eldo_1962.rds
simplified_Eldo_1963.rds
simplified_Eldo_1964.rds
simplified_Eldo_2005.rds
simplified_Eldo_2006.rds
simplified_Eldo_2007.rds
simplified_Eldo_2008.rds
simplified_Eldo_2009.rds
simplified_Eldo_2010.rds
simplified_Eldo_2011.rds
simplified_Eldo_2012.rds
simplified_Eldo_2013.rds
simplified_Eldo_2014.rds
simplified_Eldo_2015.rds
simplified_Eldo_2016.rds
simplified_Eldo_2017.rds
simplified_Eldo_2018.rds
simplified_Eldo_2019.rds
simplified_Eldo_2020.rds
simplified_Eldo_2021.rds
simplified_Eldo_2022.rds
simplified_Eldo_2023.rds
simplified_Eldo_2024.rds
Processing batch 1/12 (rows 1-1000)
  Calculated 1000 temperatures. Range: 0.61 to 46.18
Processing batch 2/12 (rows 1001-2000)
  Calculated 1000 temperatures. Range: 5.37 to 60.00
Processing batch 3/12 (rows 2001-3000)
  Calculated 1000 temperatures. Range: 0.48 to 40.62
Processing batch 4/12 (rows 3001-4000)
  Calculated 1000 temperatures. Range: 3.51 to 21.92
Processing batch 5/12 (rows 4001-5000)
  Calculated 1000 temperatures. Range: 1.20 to 22.89
Processing batch 6/12 (rows 5001-6000)
  Calculated 1000 temperatures. Range: 4.55 to 26.92
Processing batch 7/12 (rows 6001-7000)
  Calculated 1000 temperatures. Range: 0.51 to 35.68
Processing batch 8/12 (rows 7001-8000)
  Calculated 1000 temperatures. Range: 3.63 to 44.89
Processing batch 9/12 (rows 8001-9000)
  Calculated 1000 temperatures. Range: 0.25 to 40.35
Processing batch 10/12 (rows 9001-10000)
  Calculated 1000 temperatures. Range: -1.27 to 55.74
Processing batch 11/12 (rows 10001-11000)
  Calculated 1000 temperatures. Range: 2.27 to 60.00
Processing batch 12/12 (rows 11001-11035)
  Calculated 35 temperatures. Range: 1.11 to 47.48
Total observations: 11035, Unique timestamps: 2207
MR parameters: mass=0.31, elev=1740.0, b0=16.50, b1=0.85, b2=-0.47, b3=0.000108
Sample tb=284.66 K, log(mass)=-1.1712, 1/(kT)=40.752962, exponent=-3.4615, rmr=0.031383
Sample tb=333.15 K, log(mass)=-1.1712, 1/(kT)=34.821936, exponent=-0.6739, rmr=0.509719
Sample tb=286.34 K, log(mass)=-1.1712, 1/(kT)=40.515029, exponent=-3.3496, rmr=0.035097
Sample tb=282.02 K, log(mass)=-1.1712, 1/(kT)=41.134829, exponent=-3.6410, rmr=0.026227
Sample tb=292.32 K, log(mass)=-1.1712, 1/(kT)=39.685407, exponent=-2.9597, rmr=0.051833
MR results: 0 NA, 0 infinite, 0 negative, 0 zero
Energy calculations: 4817 non-zero gains, 11035 non-zero losses out of 11035 observations
Saved results to output/results/Eldo/2005/F/eb_results_MS_2005_Eldo_Eldo.rds

Processing: Species=MS, Year=2006, Origin=Eldo, Climate=Eldo, Sex=F
Looking for climate data at: /mmfs1/gscratch/biology/jmsmith/targeted_microclimate/Eldo/simplified_Eldo_2006.rds
Directory /mmfs1/gscratch/biology/jmsmith/targeted_microclimate/Eldo exists. Contents:
simplified_Eldo_1945.rds
simplified_Eldo_1946.rds
simplified_Eldo_1947.rds
simplified_Eldo_1948.rds
simplified_Eldo_1949.rds
simplified_Eldo_1950.rds
simplified_Eldo_1951.rds
simplified_Eldo_1952.rds
simplified_Eldo_1953.rds
simplified_Eldo_1954.rds
simplified_Eldo_1955.rds
simplified_Eldo_1956.rds
simplified_Eldo_1957.rds
simplified_Eldo_1958.rds
simplified_Eldo_1959.rds
simplified_Eldo_1960.rds
simplified_Eldo_1961.rds
simplified_Eldo_1962.rds
simplified_Eldo_1963.rds
simplified_Eldo_1964.rds
simplified_Eldo_2005.rds
simplified_Eldo_2006.rds
simplified_Eldo_2007.rds
simplified_Eldo_2008.rds
simplified_Eldo_2009.rds
simplified_Eldo_2010.rds
simplified_Eldo_2011.rds
simplified_Eldo_2012.rds
simplified_Eldo_2013.rds
simplified_Eldo_2014.rds
simplified_Eldo_2015.rds
simplified_Eldo_2016.rds
simplified_Eldo_2017.rds
simplified_Eldo_2018.rds
simplified_Eldo_2019.rds
simplified_Eldo_2020.rds
simplified_Eldo_2021.rds
simplified_Eldo_2022.rds
simplified_Eldo_2023.rds
simplified_Eldo_2024.rds
Processing batch 1/12 (rows 1-1000)
  Calculated 1000 temperatures. Range: 2.19 to 55.35
Processing batch 2/12 (rows 1001-2000)
  Calculated 1000 temperatures. Range: 4.97 to 57.18
Processing batch 3/12 (rows 2001-3000)
  Calculated 1000 temperatures. Range: 2.08 to 46.65
Processing batch 4/12 (rows 3001-4000)
  Calculated 1000 temperatures. Range: 6.74 to 47.88
Processing batch 5/12 (rows 4001-5000)
  Calculated 1000 temperatures. Range: 3.14 to 40.17
Processing batch 6/12 (rows 5001-6000)
  Calculated 1000 temperatures. Range: 4.22 to 21.55
Processing batch 7/12 (rows 6001-7000)
  Calculated 1000 temperatures. Range: 3.89 to 25.82
Processing batch 8/12 (rows 7001-8000)
  Calculated 1000 temperatures. Range: 3.63 to 26.14
Processing batch 9/12 (rows 8001-9000)
  Calculated 1000 temperatures. Range: 4.05 to 40.99
Processing batch 10/12 (rows 9001-10000)
  Calculated 1000 temperatures. Range: 3.46 to 40.15
Processing batch 11/12 (rows 10001-11000)
  Calculated 1000 temperatures. Range: 3.66 to 41.28
Processing batch 12/12 (rows 11001-11035)
  Calculated 35 temperatures. Range: 6.68 to 34.43
Total observations: 11035, Unique timestamps: 2207
MR parameters: mass=0.31, elev=1740.0, b0=16.50, b1=0.85, b2=-0.47, b3=0.000108
Sample tb=287.53 K, log(mass)=-1.1712, 1/(kT)=40.347223, exponent=-3.2708, rmr=0.037977
Sample tb=304.32 K, log(mass)=-1.1712, 1/(kT)=38.120972, exponent=-2.2244, rmr=0.108128
Sample tb=305.35 K, log(mass)=-1.1712, 1/(kT)=37.992533, exponent=-2.1641, rmr=0.114856
Sample tb=294.12 K, log(mass)=-1.1712, 1/(kT)=39.442203, exponent=-2.8454, rmr=0.058110
Sample tb=281.85 K, log(mass)=-1.1712, 1/(kT)=41.159609, exponent=-3.6526, rmr=0.025924
MR results: 0 NA, 0 infinite, 0 negative, 0 zero
Energy calculations: 5278 non-zero gains, 11035 non-zero losses out of 11035 observations
Saved results to output/results/Eldo/2006/F/eb_results_MS_2006_Eldo_Eldo.rds

Processing: Species=MS, Year=2007, Origin=Eldo, Climate=Eldo, Sex=F
Looking for climate data at: /mmfs1/gscratch/biology/jmsmith/targeted_microclimate/Eldo/simplified_Eldo_2007.rds
Directory /mmfs1/gscratch/biology/jmsmith/targeted_microclimate/Eldo exists. Contents:
simplified_Eldo_1945.rds
simplified_Eldo_1946.rds
simplified_Eldo_1947.rds
simplified_Eldo_1948.rds
simplified_Eldo_1949.rds
simplified_Eldo_1950.rds
simplified_Eldo_1951.rds
simplified_Eldo_1952.rds
simplified_Eldo_1953.rds
simplified_Eldo_1954.rds
simplified_Eldo_1955.rds
simplified_Eldo_1956.rds
simplified_Eldo_1957.rds
simplified_Eldo_1958.rds
simplified_Eldo_1959.rds
simplified_Eldo_1960.rds
simplified_Eldo_1961.rds
simplified_Eldo_1962.rds
simplified_Eldo_1963.rds
simplified_Eldo_1964.rds
simplified_Eldo_2005.rds
simplified_Eldo_2006.rds
simplified_Eldo_2007.rds
simplified_Eldo_2008.rds
simplified_Eldo_2009.rds
simplified_Eldo_2010.rds
simplified_Eldo_2011.rds
simplified_Eldo_2012.rds
simplified_Eldo_2013.rds
simplified_Eldo_2014.rds
simplified_Eldo_2015.rds
simplified_Eldo_2016.rds
simplified_Eldo_2017.rds
simplified_Eldo_2018.rds
simplified_Eldo_2019.rds
simplified_Eldo_2020.rds
simplified_Eldo_2021.rds
simplified_Eldo_2022.rds
simplified_Eldo_2023.rds
simplified_Eldo_2024.rds
Processing batch 1/12 (rows 1-1000)
  Calculated 1000 temperatures. Range: -3.14 to 56.25
Processing batch 2/12 (rows 1001-2000)
  Calculated 1000 temperatures. Range: 6.10 to 49.19
Processing batch 3/12 (rows 2001-3000)
  Calculated 1000 temperatures. Range: -1.95 to 47.19
Processing batch 4/12 (rows 3001-4000)
  Calculated 1000 temperatures. Range: 6.97 to 40.89
Processing batch 5/12 (rows 4001-5000)
  Calculated 1000 temperatures. Range: -1.21 to 40.61
Processing batch 6/12 (rows 5001-6000)
  Calculated 1000 temperatures. Range: 6.32 to 20.64
Processing batch 7/12 (rows 6001-7000)
  Calculated 1000 temperatures. Range: -0.84 to 22.62
Processing batch 8/12 (rows 7001-8000)
  Calculated 1000 temperatures. Range: 4.64 to 25.67
Processing batch 9/12 (rows 8001-9000)
  Calculated 1000 temperatures. Range: 1.67 to 26.22
Processing batch 10/12 (rows 9001-10000)
  Calculated 1000 temperatures. Range: -1.75 to 40.93
Processing batch 11/12 (rows 10001-11000)
  Calculated 1000 temperatures. Range: 6.70 to 36.59
Processing batch 12/12 (rows 11001-11035)
  Calculated 35 temperatures. Range: 7.60 to 32.31
Total observations: 11035, Unique timestamps: 2207
MR parameters: mass=0.31, elev=1740.0, b0=16.50, b1=0.85, b2=-0.47, b3=0.000108
Sample tb=283.47 K, log(mass)=-1.1712, 1/(kT)=40.925153, exponent=-3.5424, rmr=0.028944
Sample tb=293.57 K, log(mass)=-1.1712, 1/(kT)=39.516105, exponent=-2.8802, rmr=0.056126
Sample tb=284.34 K, log(mass)=-1.1712, 1/(kT)=40.799387, exponent=-3.4833, rmr=0.030706
Sample tb=289.83 K, log(mass)=-1.1712, 1/(kT)=40.026043, exponent=-3.1198, rmr=0.044165
Sample tb=288.36 K, log(mass)=-1.1712, 1/(kT)=40.230244, exponent=-3.2158, rmr=0.040123
MR results: 0 NA, 0 infinite, 0 negative, 0 zero
Energy calculations: 5352 non-zero gains, 11035 non-zero losses out of 11035 observations
Saved results to output/results/Eldo/2007/F/eb_results_MS_2007_Eldo_Eldo.rds

Processing: Species=MS, Year=2008, Origin=Eldo, Climate=Eldo, Sex=F
Looking for climate data at: /mmfs1/gscratch/biology/jmsmith/targeted_microclimate/Eldo/simplified_Eldo_2008.rds
Directory /mmfs1/gscratch/biology/jmsmith/targeted_microclimate/Eldo exists. Contents:
simplified_Eldo_1945.rds
simplified_Eldo_1946.rds
simplified_Eldo_1947.rds
simplified_Eldo_1948.rds
simplified_Eldo_1949.rds
simplified_Eldo_1950.rds
simplified_Eldo_1951.rds
simplified_Eldo_1952.rds
simplified_Eldo_1953.rds
simplified_Eldo_1954.rds
simplified_Eldo_1955.rds
simplified_Eldo_1956.rds
simplified_Eldo_1957.rds
simplified_Eldo_1958.rds
simplified_Eldo_1959.rds
simplified_Eldo_1960.rds
simplified_Eldo_1961.rds
simplified_Eldo_1962.rds
simplified_Eldo_1963.rds
simplified_Eldo_1964.rds
simplified_Eldo_2005.rds
simplified_Eldo_2006.rds
simplified_Eldo_2007.rds
simplified_Eldo_2008.rds
simplified_Eldo_2009.rds
simplified_Eldo_2010.rds
simplified_Eldo_2011.rds
simplified_Eldo_2012.rds
simplified_Eldo_2013.rds
simplified_Eldo_2014.rds
simplified_Eldo_2015.rds
simplified_Eldo_2016.rds
simplified_Eldo_2017.rds
simplified_Eldo_2018.rds
simplified_Eldo_2019.rds
simplified_Eldo_2020.rds
simplified_Eldo_2021.rds
simplified_Eldo_2022.rds
simplified_Eldo_2023.rds
simplified_Eldo_2024.rds
Processing batch 1/12 (rows 1-1000)
  Calculated 1000 temperatures. Range: -3.27 to 54.52
Processing batch 2/12 (rows 1001-2000)
  Calculated 1000 temperatures. Range: 3.13 to 54.11
Processing batch 3/12 (rows 2001-3000)
  Calculated 1000 temperatures. Range: -1.47 to 50.95
Processing batch 4/12 (rows 3001-4000)
  Calculated 1000 temperatures. Range: 4.44 to 45.62
Processing batch 5/12 (rows 4001-5000)
  Calculated 1000 temperatures. Range: -1.26 to 42.11
Processing batch 6/12 (rows 5001-6000)
  Calculated 1000 temperatures. Range: 3.31 to 20.57
Processing batch 7/12 (rows 6001-7000)
  Calculated 1000 temperatures. Range: -0.30 to 20.87
Processing batch 8/12 (rows 7001-8000)
  Calculated 1000 temperatures. Range: 3.94 to 25.08
Processing batch 9/12 (rows 8001-9000)
  Calculated 1000 temperatures. Range: 2.38 to 33.23
Processing batch 10/12 (rows 9001-10000)
  Calculated 1000 temperatures. Range: -1.52 to 39.71
Processing batch 11/12 (rows 10001-11000)
  Calculated 1000 temperatures. Range: 4.99 to 40.13
Processing batch 12/12 (rows 11001-11035)
  Calculated 35 temperatures. Range: 7.23 to 29.22
Total observations: 11035, Unique timestamps: 2207
MR parameters: mass=0.31, elev=1740.0, b0=16.50, b1=0.85, b2=-0.47, b3=0.000108
Sample tb=282.55 K, log(mass)=-1.1712, 1/(kT)=41.058395, exponent=-3.6050, rmr=0.027187
Sample tb=293.31 K, log(mass)=-1.1712, 1/(kT)=39.551706, exponent=-2.8969, rmr=0.055195
Sample tb=288.88 K, log(mass)=-1.1712, 1/(kT)=40.158158, exponent=-3.1819, rmr=0.041506
Sample tb=290.44 K, log(mass)=-1.1712, 1/(kT)=39.942106, exponent=-3.0804, rmr=0.045942
Sample tb=279.47 K, log(mass)=-1.1712, 1/(kT)=41.510417, exponent=-3.8175, rmr=0.021983
MR results: 0 NA, 0 infinite, 0 negative, 0 zero
Energy calculations: 4935 non-zero gains, 11035 non-zero losses out of 11035 observations
Saved results to output/results/Eldo/2008/F/eb_results_MS_2008_Eldo_Eldo.rds

Processing: Species=MS, Year=2009, Origin=Eldo, Climate=Eldo, Sex=F
Looking for climate data at: /mmfs1/gscratch/biology/jmsmith/targeted_microclimate/Eldo/simplified_Eldo_2009.rds
Directory /mmfs1/gscratch/biology/jmsmith/targeted_microclimate/Eldo exists. Contents:
simplified_Eldo_1945.rds
simplified_Eldo_1946.rds
simplified_Eldo_1947.rds
simplified_Eldo_1948.rds
simplified_Eldo_1949.rds
simplified_Eldo_1950.rds
simplified_Eldo_1951.rds
simplified_Eldo_1952.rds
simplified_Eldo_1953.rds
simplified_Eldo_1954.rds
simplified_Eldo_1955.rds
simplified_Eldo_1956.rds
simplified_Eldo_1957.rds
simplified_Eldo_1958.rds
simplified_Eldo_1959.rds
simplified_Eldo_1960.rds
simplified_Eldo_1961.rds
simplified_Eldo_1962.rds
simplified_Eldo_1963.rds
simplified_Eldo_1964.rds
simplified_Eldo_2005.rds
simplified_Eldo_2006.rds
simplified_Eldo_2007.rds
simplified_Eldo_2008.rds
simplified_Eldo_2009.rds
simplified_Eldo_2010.rds
simplified_Eldo_2011.rds
simplified_Eldo_2012.rds
simplified_Eldo_2013.rds
simplified_Eldo_2014.rds
simplified_Eldo_2015.rds
simplified_Eldo_2016.rds
simplified_Eldo_2017.rds
simplified_Eldo_2018.rds
simplified_Eldo_2019.rds
simplified_Eldo_2020.rds
simplified_Eldo_2021.rds
simplified_Eldo_2022.rds
simplified_Eldo_2023.rds
simplified_Eldo_2024.rds
Processing batch 1/12 (rows 1-1000)
  Calculated 1000 temperatures. Range: 0.18 to 52.22
Processing batch 2/12 (rows 1001-2000)
  Calculated 1000 temperatures. Range: 1.88 to 48.27
Processing batch 3/12 (rows 2001-3000)
  Calculated 1000 temperatures. Range: 1.35 to 42.02
Processing batch 4/12 (rows 3001-4000)
  Calculated 1000 temperatures. Range: 4.49 to 40.80
Processing batch 5/12 (rows 4001-5000)
  Calculated 1000 temperatures. Range: 1.94 to 35.19
Processing batch 6/12 (rows 5001-6000)
  Calculated 1000 temperatures. Range: 4.60 to 19.45
Processing batch 7/12 (rows 6001-7000)
  Calculated 1000 temperatures. Range: 2.40 to 20.25
Processing batch 8/12 (rows 7001-8000)
  Calculated 1000 temperatures. Range: 4.61 to 23.35
Processing batch 9/12 (rows 8001-9000)
  Calculated 1000 temperatures. Range: 2.21 to 28.99
Processing batch 10/12 (rows 9001-10000)
  Calculated 1000 temperatures. Range: 1.70 to 36.87
Processing batch 11/12 (rows 10001-11000)
  Calculated 1000 temperatures. Range: 3.39 to 36.33
Processing batch 12/12 (rows 11001-11035)
  Calculated 35 temperatures. Range: 5.88 to 28.33
Total observations: 11035, Unique timestamps: 2207
MR parameters: mass=0.31, elev=1740.0, b0=16.50, b1=0.85, b2=-0.47, b3=0.000108
Sample tb=282.21 K, log(mass)=-1.1712, 1/(kT)=41.107639, exponent=-3.6282, rmr=0.026565
Sample tb=283.92 K, log(mass)=-1.1712, 1/(kT)=40.859616, exponent=-3.5116, rmr=0.029849
Sample tb=288.90 K, log(mass)=-1.1712, 1/(kT)=40.155847, exponent=-3.1808, rmr=0.041551
Sample tb=279.76 K, log(mass)=-1.1712, 1/(kT)=41.466949, exponent=-3.7971, rmr=0.022437
Sample tb=291.03 K, log(mass)=-1.1712, 1/(kT)=39.861059, exponent=-3.0423, rmr=0.047726
MR results: 0 NA, 0 infinite, 0 negative, 0 zero
Energy calculations: 4556 non-zero gains, 11035 non-zero losses out of 11035 observations
Saved results to output/results/Eldo/2009/F/eb_results_MS_2009_Eldo_Eldo.rds

Processing: Species=MS, Year=2010, Origin=Eldo, Climate=Eldo, Sex=F
Looking for climate data at: /mmfs1/gscratch/biology/jmsmith/targeted_microclimate/Eldo/simplified_Eldo_2010.rds
Directory /mmfs1/gscratch/biology/jmsmith/targeted_microclimate/Eldo exists. Contents:
simplified_Eldo_1945.rds
simplified_Eldo_1946.rds
simplified_Eldo_1947.rds
simplified_Eldo_1948.rds
simplified_Eldo_1949.rds
simplified_Eldo_1950.rds
simplified_Eldo_1951.rds
simplified_Eldo_1952.rds
simplified_Eldo_1953.rds
simplified_Eldo_1954.rds
simplified_Eldo_1955.rds
simplified_Eldo_1956.rds
simplified_Eldo_1957.rds
simplified_Eldo_1958.rds
simplified_Eldo_1959.rds
simplified_Eldo_1960.rds
simplified_Eldo_1961.rds
simplified_Eldo_1962.rds
simplified_Eldo_1963.rds
simplified_Eldo_1964.rds
simplified_Eldo_2005.rds
simplified_Eldo_2006.rds
simplified_Eldo_2007.rds
simplified_Eldo_2008.rds
simplified_Eldo_2009.rds
simplified_Eldo_2010.rds
simplified_Eldo_2011.rds
simplified_Eldo_2012.rds
simplified_Eldo_2013.rds
simplified_Eldo_2014.rds
simplified_Eldo_2015.rds
simplified_Eldo_2016.rds
simplified_Eldo_2017.rds
simplified_Eldo_2018.rds
simplified_Eldo_2019.rds
simplified_Eldo_2020.rds
simplified_Eldo_2021.rds
simplified_Eldo_2022.rds
simplified_Eldo_2023.rds
simplified_Eldo_2024.rds
Processing batch 1/12 (rows 1-1000)
  Calculated 1000 temperatures. Range: 0.49 to 58.08
Processing batch 2/12 (rows 1001-2000)
  Calculated 1000 temperatures. Range: 3.34 to 50.52
Processing batch 3/12 (rows 2001-3000)
  Calculated 1000 temperatures. Range: 2.10 to 48.01
Processing batch 4/12 (rows 3001-4000)
  Calculated 1000 temperatures. Range: 4.54 to 42.53
Processing batch 5/12 (rows 4001-5000)
  Calculated 1000 temperatures. Range: 2.21 to 41.13
Processing batch 6/12 (rows 5001-6000)
  Calculated 1000 temperatures. Range: 4.42 to 20.42
Processing batch 7/12 (rows 6001-7000)
  Calculated 1000 temperatures. Range: 3.11 to 22.64
Processing batch 8/12 (rows 7001-8000)
  Calculated 1000 temperatures. Range: 4.34 to 25.19
Processing batch 9/12 (rows 8001-9000)
  Calculated 1000 temperatures. Range: 2.38 to 39.85
Processing batch 10/12 (rows 9001-10000)
  Calculated 1000 temperatures. Range: 2.58 to 38.20
Processing batch 11/12 (rows 10001-11000)
  Calculated 1000 temperatures. Range: 4.87 to 37.60
Processing batch 12/12 (rows 11001-11035)
  Calculated 35 temperatures. Range: 4.74 to 27.65
Total observations: 11035, Unique timestamps: 2207
MR parameters: mass=0.31, elev=1740.0, b0=16.50, b1=0.85, b2=-0.47, b3=0.000108
Sample tb=286.83 K, log(mass)=-1.1712, 1/(kT)=40.445198, exponent=-3.3168, rmr=0.036268
Sample tb=285.88 K, log(mass)=-1.1712, 1/(kT)=40.580114, exponent=-3.3802, rmr=0.034039
Sample tb=281.61 K, log(mass)=-1.1712, 1/(kT)=41.195553, exponent=-3.6695, rmr=0.025489
Sample tb=301.39 K, log(mass)=-1.1712, 1/(kT)=38.491648, exponent=-2.3987, rmr=0.090840
Sample tb=298.60 K, log(mass)=-1.1712, 1/(kT)=38.851304, exponent=-2.5677, rmr=0.076712
MR results: 0 NA, 0 infinite, 0 negative, 0 zero
Energy calculations: 5161 non-zero gains, 11035 non-zero losses out of 11035 observations
Saved results to output/results/Eldo/2010/F/eb_results_MS_2010_Eldo_Eldo.rds

Processing: Species=MS, Year=2011, Origin=Eldo, Climate=Eldo, Sex=F
Looking for climate data at: /mmfs1/gscratch/biology/jmsmith/targeted_microclimate/Eldo/simplified_Eldo_2011.rds
Directory /mmfs1/gscratch/biology/jmsmith/targeted_microclimate/Eldo exists. Contents:
simplified_Eldo_1945.rds
simplified_Eldo_1946.rds
simplified_Eldo_1947.rds
simplified_Eldo_1948.rds
simplified_Eldo_1949.rds
simplified_Eldo_1950.rds
simplified_Eldo_1951.rds
simplified_Eldo_1952.rds
simplified_Eldo_1953.rds
simplified_Eldo_1954.rds
simplified_Eldo_1955.rds
simplified_Eldo_1956.rds
simplified_Eldo_1957.rds
simplified_Eldo_1958.rds
simplified_Eldo_1959.rds
simplified_Eldo_1960.rds
simplified_Eldo_1961.rds
simplified_Eldo_1962.rds
simplified_Eldo_1963.rds
simplified_Eldo_1964.rds
simplified_Eldo_2005.rds
simplified_Eldo_2006.rds
simplified_Eldo_2007.rds
simplified_Eldo_2008.rds
simplified_Eldo_2009.rds
simplified_Eldo_2010.rds
simplified_Eldo_2011.rds
simplified_Eldo_2012.rds
simplified_Eldo_2013.rds
simplified_Eldo_2014.rds
simplified_Eldo_2015.rds
simplified_Eldo_2016.rds
simplified_Eldo_2017.rds
simplified_Eldo_2018.rds
simplified_Eldo_2019.rds
simplified_Eldo_2020.rds
simplified_Eldo_2021.rds
simplified_Eldo_2022.rds
simplified_Eldo_2023.rds
simplified_Eldo_2024.rds
Processing batch 1/12 (rows 1-1000)
  Calculated 1000 temperatures. Range: -0.52 to 51.95
Processing batch 2/12 (rows 1001-2000)
  Calculated 1000 temperatures. Range: 3.37 to 54.54
Processing batch 3/12 (rows 2001-3000)
  Calculated 1000 temperatures. Range: 1.24 to 47.12
Processing batch 4/12 (rows 3001-4000)
  Calculated 1000 temperatures. Range: 6.07 to 45.46
Processing batch 5/12 (rows 4001-5000)
  Calculated 1000 temperatures. Range: 1.68 to 44.37
Processing batch 6/12 (rows 5001-6000)
  Calculated 1000 temperatures. Range: 4.74 to 20.97
Processing batch 7/12 (rows 6001-7000)
  Calculated 1000 temperatures. Range: 2.50 to 22.31
Processing batch 8/12 (rows 7001-8000)
  Calculated 1000 temperatures. Range: 4.23 to 24.28
Processing batch 9/12 (rows 8001-9000)
  Calculated 1000 temperatures. Range: 2.97 to 32.00
Processing batch 10/12 (rows 9001-10000)
  Calculated 1000 temperatures. Range: 1.24 to 38.49
Processing batch 11/12 (rows 10001-11000)
  Calculated 1000 temperatures. Range: 5.47 to 41.01
Processing batch 12/12 (rows 11001-11035)
  Calculated 35 temperatures. Range: 8.44 to 33.53
Total observations: 11035, Unique timestamps: 2207
MR parameters: mass=0.31, elev=1740.0, b0=16.50, b1=0.85, b2=-0.47, b3=0.000108
Sample tb=285.71 K, log(mass)=-1.1712, 1/(kT)=40.604515, exponent=-3.3917, rmr=0.033651
Sample tb=280.61 K, log(mass)=-1.1712, 1/(kT)=41.342022, exponent=-3.7383, rmr=0.023794
Sample tb=283.67 K, log(mass)=-1.1712, 1/(kT)=40.895203, exponent=-3.5283, rmr=0.029354
Sample tb=303.92 K, log(mass)=-1.1712, 1/(kT)=38.170656, exponent=-2.2478, rmr=0.105632
Sample tb=281.22 K, log(mass)=-1.1712, 1/(kT)=41.252580, exponent=-3.6963, rmr=0.024815
MR results: 0 NA, 0 infinite, 0 negative, 0 zero
Energy calculations: 5319 non-zero gains, 11035 non-zero losses out of 11035 observations
Saved results to output/results/Eldo/2011/F/eb_results_MS_2011_Eldo_Eldo.rds

Processing: Species=MS, Year=2012, Origin=Eldo, Climate=Eldo, Sex=F
Looking for climate data at: /mmfs1/gscratch/biology/jmsmith/targeted_microclimate/Eldo/simplified_Eldo_2012.rds
Directory /mmfs1/gscratch/biology/jmsmith/targeted_microclimate/Eldo exists. Contents:
simplified_Eldo_1945.rds
simplified_Eldo_1946.rds
simplified_Eldo_1947.rds
simplified_Eldo_1948.rds
simplified_Eldo_1949.rds
simplified_Eldo_1950.rds
simplified_Eldo_1951.rds
simplified_Eldo_1952.rds
simplified_Eldo_1953.rds
simplified_Eldo_1954.rds
simplified_Eldo_1955.rds
simplified_Eldo_1956.rds
simplified_Eldo_1957.rds
simplified_Eldo_1958.rds
simplified_Eldo_1959.rds
simplified_Eldo_1960.rds
simplified_Eldo_1961.rds
simplified_Eldo_1962.rds
simplified_Eldo_1963.rds
simplified_Eldo_1964.rds
simplified_Eldo_2005.rds
simplified_Eldo_2006.rds
simplified_Eldo_2007.rds
simplified_Eldo_2008.rds
simplified_Eldo_2009.rds
simplified_Eldo_2010.rds
simplified_Eldo_2011.rds
simplified_Eldo_2012.rds
simplified_Eldo_2013.rds
simplified_Eldo_2014.rds
simplified_Eldo_2015.rds
simplified_Eldo_2016.rds
simplified_Eldo_2017.rds
simplified_Eldo_2018.rds
simplified_Eldo_2019.rds
simplified_Eldo_2020.rds
simplified_Eldo_2021.rds
simplified_Eldo_2022.rds
simplified_Eldo_2023.rds
simplified_Eldo_2024.rds
Processing batch 1/12 (rows 1-1000)
  Calculated 1000 temperatures. Range: -1.84 to 60.00
Processing batch 2/12 (rows 1001-2000)
  Calculated 1000 temperatures. Range: 0.75 to 49.81
Processing batch 3/12 (rows 2001-3000)
  Calculated 1000 temperatures. Range: 0.11 to 53.07
Processing batch 4/12 (rows 3001-4000)
  Calculated 1000 temperatures. Range: 5.64 to 41.79
Processing batch 5/12 (rows 4001-5000)
  Calculated 1000 temperatures. Range: 0.69 to 44.48
Processing batch 6/12 (rows 5001-6000)
  Calculated 1000 temperatures. Range: 5.56 to 21.90
Processing batch 7/12 (rows 6001-7000)
  Calculated 1000 temperatures. Range: 1.52 to 23.16
Processing batch 8/12 (rows 7001-8000)
  Calculated 1000 temperatures. Range: 6.40 to 26.92
Processing batch 9/12 (rows 8001-9000)
  Calculated 1000 temperatures. Range: 4.23 to 30.15
Processing batch 10/12 (rows 9001-10000)
  Calculated 1000 temperatures. Range: 0.06 to 47.66
Processing batch 11/12 (rows 10001-11000)
  Calculated 1000 temperatures. Range: 2.66 to 39.67
Processing batch 12/12 (rows 11001-11035)
  Calculated 35 temperatures. Range: 7.23 to 27.81
Total observations: 11035, Unique timestamps: 2207
MR parameters: mass=0.31, elev=1740.0, b0=16.50, b1=0.85, b2=-0.47, b3=0.000108
Sample tb=295.90 K, log(mass)=-1.1712, 1/(kT)=39.205673, exponent=-2.7343, rmr=0.064943
Sample tb=283.64 K, log(mass)=-1.1712, 1/(kT)=40.900075, exponent=-3.5306, rmr=0.029287
Sample tb=283.19 K, log(mass)=-1.1712, 1/(kT)=40.964824, exponent=-3.5611, rmr=0.028409
Sample tb=310.20 K, log(mass)=-1.1712, 1/(kT)=37.398357, exponent=-1.8848, rmr=0.151857
Sample tb=284.94 K, log(mass)=-1.1712, 1/(kT)=40.713371, exponent=-3.4429, rmr=0.031973
MR results: 0 NA, 0 infinite, 0 negative, 0 zero
Energy calculations: 5530 non-zero gains, 11035 non-zero losses out of 11035 observations
Saved results to output/results/Eldo/2012/F/eb_results_MS_2012_Eldo_Eldo.rds

Processing: Species=MS, Year=2013, Origin=Eldo, Climate=Eldo, Sex=F
Looking for climate data at: /mmfs1/gscratch/biology/jmsmith/targeted_microclimate/Eldo/simplified_Eldo_2013.rds
Directory /mmfs1/gscratch/biology/jmsmith/targeted_microclimate/Eldo exists. Contents:
simplified_Eldo_1945.rds
simplified_Eldo_1946.rds
simplified_Eldo_1947.rds
simplified_Eldo_1948.rds
simplified_Eldo_1949.rds
simplified_Eldo_1950.rds
simplified_Eldo_1951.rds
simplified_Eldo_1952.rds
simplified_Eldo_1953.rds
simplified_Eldo_1954.rds
simplified_Eldo_1955.rds
simplified_Eldo_1956.rds
simplified_Eldo_1957.rds
simplified_Eldo_1958.rds
simplified_Eldo_1959.rds
simplified_Eldo_1960.rds
simplified_Eldo_1961.rds
simplified_Eldo_1962.rds
simplified_Eldo_1963.rds
simplified_Eldo_1964.rds
simplified_Eldo_2005.rds
simplified_Eldo_2006.rds
simplified_Eldo_2007.rds
simplified_Eldo_2008.rds
simplified_Eldo_2009.rds
simplified_Eldo_2010.rds
simplified_Eldo_2011.rds
simplified_Eldo_2012.rds
simplified_Eldo_2013.rds
simplified_Eldo_2014.rds
simplified_Eldo_2015.rds
simplified_Eldo_2016.rds
simplified_Eldo_2017.rds
simplified_Eldo_2018.rds
simplified_Eldo_2019.rds
simplified_Eldo_2020.rds
simplified_Eldo_2021.rds
simplified_Eldo_2022.rds
simplified_Eldo_2023.rds
simplified_Eldo_2024.rds
Processing batch 1/12 (rows 1-1000)
  Calculated 1000 temperatures. Range: -1.68 to 60.00
Processing batch 2/12 (rows 1001-2000)
  Calculated 1000 temperatures. Range: 4.26 to 49.09
Processing batch 3/12 (rows 2001-3000)
  Calculated 1000 temperatures. Range: -0.19 to 50.29
Processing batch 4/12 (rows 3001-4000)
  Calculated 1000 temperatures. Range: 5.76 to 43.09
Processing batch 5/12 (rows 4001-5000)
  Calculated 1000 temperatures. Range: 1.28 to 40.16
Processing batch 6/12 (rows 5001-6000)
  Calculated 1000 temperatures. Range: 5.69 to 21.04
Processing batch 7/12 (rows 6001-7000)
  Calculated 1000 temperatures. Range: 1.70 to 24.37
Processing batch 8/12 (rows 7001-8000)
  Calculated 1000 temperatures. Range: 5.07 to 25.53
Processing batch 9/12 (rows 8001-9000)
  Calculated 1000 temperatures. Range: 0.15 to 29.71
Processing batch 10/12 (rows 9001-10000)
  Calculated 1000 temperatures. Range: 3.77 to 39.76
Processing batch 11/12 (rows 10001-11000)
  Calculated 1000 temperatures. Range: 5.59 to 35.85
Processing batch 12/12 (rows 11001-11035)
  Calculated 35 temperatures. Range: 10.53 to 30.42
Total observations: 11035, Unique timestamps: 2207
MR parameters: mass=0.31, elev=1740.0, b0=16.50, b1=0.85, b2=-0.47, b3=0.000108
Sample tb=289.97 K, log(mass)=-1.1712, 1/(kT)=40.006718, exponent=-3.1107, rmr=0.044568
Sample tb=292.62 K, log(mass)=-1.1712, 1/(kT)=39.645595, exponent=-2.9410, rmr=0.052812
Sample tb=290.60 K, log(mass)=-1.1712, 1/(kT)=39.920492, exponent=-3.0702, rmr=0.046411
Sample tb=290.96 K, log(mass)=-1.1712, 1/(kT)=39.871049, exponent=-3.0470, rmr=0.047502
Sample tb=303.23 K, log(mass)=-1.1712, 1/(kT)=38.258005, exponent=-2.2888, rmr=0.101383
MR results: 0 NA, 0 infinite, 0 negative, 0 zero
Energy calculations: 5325 non-zero gains, 11035 non-zero losses out of 11035 observations
Saved results to output/results/Eldo/2013/F/eb_results_MS_2013_Eldo_Eldo.rds

Processing: Species=MS, Year=2014, Origin=Eldo, Climate=Eldo, Sex=F
Looking for climate data at: /mmfs1/gscratch/biology/jmsmith/targeted_microclimate/Eldo/simplified_Eldo_2014.rds
Directory /mmfs1/gscratch/biology/jmsmith/targeted_microclimate/Eldo exists. Contents:
simplified_Eldo_1945.rds
simplified_Eldo_1946.rds
simplified_Eldo_1947.rds
simplified_Eldo_1948.rds
simplified_Eldo_1949.rds
simplified_Eldo_1950.rds
simplified_Eldo_1951.rds
simplified_Eldo_1952.rds
simplified_Eldo_1953.rds
simplified_Eldo_1954.rds
simplified_Eldo_1955.rds
simplified_Eldo_1956.rds
simplified_Eldo_1957.rds
simplified_Eldo_1958.rds
simplified_Eldo_1959.rds
simplified_Eldo_1960.rds
simplified_Eldo_1961.rds
simplified_Eldo_1962.rds
simplified_Eldo_1963.rds
simplified_Eldo_1964.rds
simplified_Eldo_2005.rds
simplified_Eldo_2006.rds
simplified_Eldo_2007.rds
simplified_Eldo_2008.rds
simplified_Eldo_2009.rds
simplified_Eldo_2010.rds
simplified_Eldo_2011.rds
simplified_Eldo_2012.rds
simplified_Eldo_2013.rds
simplified_Eldo_2014.rds
simplified_Eldo_2015.rds
simplified_Eldo_2016.rds
simplified_Eldo_2017.rds
simplified_Eldo_2018.rds
simplified_Eldo_2019.rds
simplified_Eldo_2020.rds
simplified_Eldo_2021.rds
simplified_Eldo_2022.rds
simplified_Eldo_2023.rds
simplified_Eldo_2024.rds
Processing batch 1/12 (rows 1-1000)
  Calculated 1000 temperatures. Range: -0.83 to 51.42
Processing batch 2/12 (rows 1001-2000)
  Calculated 1000 temperatures. Range: 5.09 to 52.18
Processing batch 3/12 (rows 2001-3000)
  Calculated 1000 temperatures. Range: 0.54 to 43.02
Processing batch 4/12 (rows 3001-4000)
  Calculated 1000 temperatures. Range: 6.39 to 44.24
Processing batch 5/12 (rows 4001-5000)
  Calculated 1000 temperatures. Range: 1.11 to 39.85
Processing batch 6/12 (rows 5001-6000)
  Calculated 1000 temperatures. Range: 4.84 to 20.19
Processing batch 7/12 (rows 6001-7000)
  Calculated 1000 temperatures. Range: 1.48 to 21.77
Processing batch 8/12 (rows 7001-8000)
  Calculated 1000 temperatures. Range: 3.77 to 24.55
Processing batch 9/12 (rows 8001-9000)
  Calculated 1000 temperatures. Range: 3.64 to 36.61
Processing batch 10/12 (rows 9001-10000)
  Calculated 1000 temperatures. Range: 0.66 to 36.62
Processing batch 11/12 (rows 10001-11000)
  Calculated 1000 temperatures. Range: 4.98 to 39.98
Processing batch 12/12 (rows 11001-11035)
  Calculated 35 temperatures. Range: 4.96 to 31.67
Total observations: 11035, Unique timestamps: 2207
MR parameters: mass=0.31, elev=1740.0, b0=16.50, b1=0.85, b2=-0.47, b3=0.000108
Sample tb=281.81 K, log(mass)=-1.1712, 1/(kT)=41.166307, exponent=-3.6557, rmr=0.025842
Sample tb=282.70 K, log(mass)=-1.1712, 1/(kT)=41.035490, exponent=-3.5943, rmr=0.027481
Sample tb=283.47 K, log(mass)=-1.1712, 1/(kT)=40.925360, exponent=-3.5425, rmr=0.028941
Sample tb=295.72 K, log(mass)=-1.1712, 1/(kT)=39.229262, exponent=-2.7453, rmr=0.064227
Sample tb=283.69 K, log(mass)=-1.1712, 1/(kT)=40.892816, exponent=-3.5272, rmr=0.029387
MR results: 0 NA, 0 infinite, 0 negative, 0 zero
Energy calculations: 4789 non-zero gains, 11035 non-zero losses out of 11035 observations
Saved results to output/results/Eldo/2014/F/eb_results_MS_2014_Eldo_Eldo.rds

Processing: Species=MS, Year=2015, Origin=Eldo, Climate=Eldo, Sex=F
Looking for climate data at: /mmfs1/gscratch/biology/jmsmith/targeted_microclimate/Eldo/simplified_Eldo_2015.rds
Directory /mmfs1/gscratch/biology/jmsmith/targeted_microclimate/Eldo exists. Contents:
simplified_Eldo_1945.rds
simplified_Eldo_1946.rds
simplified_Eldo_1947.rds
simplified_Eldo_1948.rds
simplified_Eldo_1949.rds
simplified_Eldo_1950.rds
simplified_Eldo_1951.rds
simplified_Eldo_1952.rds
simplified_Eldo_1953.rds
simplified_Eldo_1954.rds
simplified_Eldo_1955.rds
simplified_Eldo_1956.rds
simplified_Eldo_1957.rds
simplified_Eldo_1958.rds
simplified_Eldo_1959.rds
simplified_Eldo_1960.rds
simplified_Eldo_1961.rds
simplified_Eldo_1962.rds
simplified_Eldo_1963.rds
simplified_Eldo_1964.rds
simplified_Eldo_2005.rds
simplified_Eldo_2006.rds
simplified_Eldo_2007.rds
simplified_Eldo_2008.rds
simplified_Eldo_2009.rds
simplified_Eldo_2010.rds
simplified_Eldo_2011.rds
simplified_Eldo_2012.rds
simplified_Eldo_2013.rds
simplified_Eldo_2014.rds
simplified_Eldo_2015.rds
simplified_Eldo_2016.rds
simplified_Eldo_2017.rds
simplified_Eldo_2018.rds
simplified_Eldo_2019.rds
simplified_Eldo_2020.rds
simplified_Eldo_2021.rds
simplified_Eldo_2022.rds
simplified_Eldo_2023.rds
simplified_Eldo_2024.rds
Processing batch 1/12 (rows 1-1000)
  Calculated 1000 temperatures. Range: 2.78 to 50.32
Processing batch 2/12 (rows 1001-2000)
  Calculated 1000 temperatures. Range: 2.16 to 49.87
Processing batch 3/12 (rows 2001-3000)
  Calculated 1000 temperatures. Range: 1.42 to 55.16
Processing batch 4/12 (rows 3001-4000)
  Calculated 1000 temperatures. Range: 6.19 to 40.79
Processing batch 5/12 (rows 4001-5000)
  Calculated 1000 temperatures. Range: 2.94 to 45.32
Processing batch 6/12 (rows 5001-6000)
  Calculated 1000 temperatures. Range: 6.05 to 21.24
Processing batch 7/12 (rows 6001-7000)
  Calculated 1000 temperatures. Range: 3.46 to 20.98
Processing batch 8/12 (rows 7001-8000)
  Calculated 1000 temperatures. Range: 7.02 to 24.88
Processing batch 9/12 (rows 8001-9000)
  Calculated 1000 temperatures. Range: 4.13 to 32.36
Processing batch 10/12 (rows 9001-10000)
  Calculated 1000 temperatures. Range: 4.15 to 36.61
Processing batch 11/12 (rows 10001-11000)
  Calculated 1000 temperatures. Range: 2.99 to 37.06
Processing batch 12/12 (rows 11001-11035)
  Calculated 35 temperatures. Range: 8.45 to 35.65
Total observations: 11035, Unique timestamps: 2207
MR parameters: mass=0.31, elev=1740.0, b0=16.50, b1=0.85, b2=-0.47, b3=0.000108
Sample tb=281.61 K, log(mass)=-1.1712, 1/(kT)=41.195232, exponent=-3.6693, rmr=0.025493
Sample tb=310.95 K, log(mass)=-1.1712, 1/(kT)=37.308341, exponent=-1.8425, rmr=0.158420
Sample tb=288.29 K, log(mass)=-1.1712, 1/(kT)=40.241158, exponent=-3.2209, rmr=0.039918
Sample tb=301.38 K, log(mass)=-1.1712, 1/(kT)=38.493113, exponent=-2.3993, rmr=0.090777
Sample tb=281.99 K, log(mass)=-1.1712, 1/(kT)=41.139589, exponent=-3.6432, rmr=0.026169
MR results: 0 NA, 0 infinite, 0 negative, 0 zero
Energy calculations: 5177 non-zero gains, 11035 non-zero losses out of 11035 observations
Saved results to output/results/Eldo/2015/F/eb_results_MS_2015_Eldo_Eldo.rds

Processing: Species=MS, Year=2016, Origin=Eldo, Climate=Eldo, Sex=F
Looking for climate data at: /mmfs1/gscratch/biology/jmsmith/targeted_microclimate/Eldo/simplified_Eldo_2016.rds
Directory /mmfs1/gscratch/biology/jmsmith/targeted_microclimate/Eldo exists. Contents:
simplified_Eldo_1945.rds
simplified_Eldo_1946.rds
simplified_Eldo_1947.rds
simplified_Eldo_1948.rds
simplified_Eldo_1949.rds
simplified_Eldo_1950.rds
simplified_Eldo_1951.rds
simplified_Eldo_1952.rds
simplified_Eldo_1953.rds
simplified_Eldo_1954.rds
simplified_Eldo_1955.rds
simplified_Eldo_1956.rds
simplified_Eldo_1957.rds
simplified_Eldo_1958.rds
simplified_Eldo_1959.rds
simplified_Eldo_1960.rds
simplified_Eldo_1961.rds
simplified_Eldo_1962.rds
simplified_Eldo_1963.rds
simplified_Eldo_1964.rds
simplified_Eldo_2005.rds
simplified_Eldo_2006.rds
simplified_Eldo_2007.rds
simplified_Eldo_2008.rds
simplified_Eldo_2009.rds
simplified_Eldo_2010.rds
simplified_Eldo_2011.rds
simplified_Eldo_2012.rds
simplified_Eldo_2013.rds
simplified_Eldo_2014.rds
simplified_Eldo_2015.rds
simplified_Eldo_2016.rds
simplified_Eldo_2017.rds
simplified_Eldo_2018.rds
simplified_Eldo_2019.rds
simplified_Eldo_2020.rds
simplified_Eldo_2021.rds
simplified_Eldo_2022.rds
simplified_Eldo_2023.rds
simplified_Eldo_2024.rds
Processing batch 1/12 (rows 1-1000)
  Calculated 1000 temperatures. Range: 2.94 to 60.00
Processing batch 2/12 (rows 1001-2000)
  Calculated 1000 temperatures. Range: 2.03 to 50.99
Processing batch 3/12 (rows 2001-3000)
  Calculated 1000 temperatures. Range: 1.18 to 49.64
Processing batch 4/12 (rows 3001-4000)
  Calculated 1000 temperatures. Range: 5.68 to 44.22
Processing batch 5/12 (rows 4001-5000)
  Calculated 1000 temperatures. Range: 2.39 to 35.99
Processing batch 6/12 (rows 5001-6000)
  Calculated 1000 temperatures. Range: 5.11 to 20.86
Processing batch 7/12 (rows 6001-7000)
  Calculated 1000 temperatures. Range: 3.13 to 23.31
Processing batch 8/12 (rows 7001-8000)
  Calculated 1000 temperatures. Range: 6.72 to 26.58
Processing batch 9/12 (rows 8001-9000)
  Calculated 1000 temperatures. Range: 3.55 to 31.23
Processing batch 10/12 (rows 9001-10000)
  Calculated 1000 temperatures. Range: 4.43 to 39.25
Processing batch 11/12 (rows 10001-11000)
  Calculated 1000 temperatures. Range: 2.58 to 35.72
Processing batch 12/12 (rows 11001-11035)
  Calculated 35 temperatures. Range: 5.44 to 25.11
Total observations: 11035, Unique timestamps: 2207
MR parameters: mass=0.31, elev=1740.0, b0=16.50, b1=0.85, b2=-0.47, b3=0.000108
Sample tb=289.84 K, log(mass)=-1.1712, 1/(kT)=40.024921, exponent=-3.1193, rmr=0.044188
Sample tb=284.09 K, log(mass)=-1.1712, 1/(kT)=40.835541, exponent=-3.5003, rmr=0.030189
Sample tb=287.28 K, log(mass)=-1.1712, 1/(kT)=40.382113, exponent=-3.2872, rmr=0.037359
Sample tb=306.23 K, log(mass)=-1.1712, 1/(kT)=37.882649, exponent=-2.1124, rmr=0.120944
Sample tb=289.72 K, log(mass)=-1.1712, 1/(kT)=40.042205, exponent=-3.1274, rmr=0.043831
MR results: 0 NA, 0 infinite, 0 negative, 0 zero
Energy calculations: 5336 non-zero gains, 11035 non-zero losses out of 11035 observations
Saved results to output/results/Eldo/2016/F/eb_results_MS_2016_Eldo_Eldo.rds

Processing: Species=MS, Year=2017, Origin=Eldo, Climate=Eldo, Sex=F
Looking for climate data at: /mmfs1/gscratch/biology/jmsmith/targeted_microclimate/Eldo/simplified_Eldo_2017.rds
Directory /mmfs1/gscratch/biology/jmsmith/targeted_microclimate/Eldo exists. Contents:
simplified_Eldo_1945.rds
simplified_Eldo_1946.rds
simplified_Eldo_1947.rds
simplified_Eldo_1948.rds
simplified_Eldo_1949.rds
simplified_Eldo_1950.rds
simplified_Eldo_1951.rds
simplified_Eldo_1952.rds
simplified_Eldo_1953.rds
simplified_Eldo_1954.rds
simplified_Eldo_1955.rds
simplified_Eldo_1956.rds
simplified_Eldo_1957.rds
simplified_Eldo_1958.rds
simplified_Eldo_1959.rds
simplified_Eldo_1960.rds
simplified_Eldo_1961.rds
simplified_Eldo_1962.rds
simplified_Eldo_1963.rds
simplified_Eldo_1964.rds
simplified_Eldo_2005.rds
simplified_Eldo_2006.rds
simplified_Eldo_2007.rds
simplified_Eldo_2008.rds
simplified_Eldo_2009.rds
simplified_Eldo_2010.rds
simplified_Eldo_2011.rds
simplified_Eldo_2012.rds
simplified_Eldo_2013.rds
simplified_Eldo_2014.rds
simplified_Eldo_2015.rds
simplified_Eldo_2016.rds
simplified_Eldo_2017.rds
simplified_Eldo_2018.rds
simplified_Eldo_2019.rds
simplified_Eldo_2020.rds
simplified_Eldo_2021.rds
simplified_Eldo_2022.rds
simplified_Eldo_2023.rds
simplified_Eldo_2024.rds
Processing batch 1/12 (rows 1-1000)
  Calculated 1000 temperatures. Range: 0.81 to 52.24
Processing batch 2/12 (rows 1001-2000)
  Calculated 1000 temperatures. Range: 4.86 to 51.69
Processing batch 3/12 (rows 2001-3000)
  Calculated 1000 temperatures. Range: 3.05 to 45.99
Processing batch 4/12 (rows 3001-4000)
  Calculated 1000 temperatures. Range: 5.78 to 43.64
Processing batch 5/12 (rows 4001-5000)
  Calculated 1000 temperatures. Range: 2.89 to 38.24
Processing batch 6/12 (rows 5001-6000)
  Calculated 1000 temperatures. Range: 4.24 to 21.93
Processing batch 7/12 (rows 6001-7000)
  Calculated 1000 temperatures. Range: 4.25 to 23.76
Processing batch 8/12 (rows 7001-8000)
  Calculated 1000 temperatures. Range: 4.94 to 25.86
Processing batch 9/12 (rows 8001-9000)
  Calculated 1000 temperatures. Range: 3.69 to 29.29
Processing batch 10/12 (rows 9001-10000)
  Calculated 1000 temperatures. Range: 2.66 to 38.57
Processing batch 11/12 (rows 10001-11000)
  Calculated 1000 temperatures. Range: 5.97 to 38.06
Processing batch 12/12 (rows 11001-11035)
  Calculated 35 temperatures. Range: 7.18 to 30.68
Total observations: 11035, Unique timestamps: 2207
MR parameters: mass=0.31, elev=1740.0, b0=16.50, b1=0.85, b2=-0.47, b3=0.000108
Sample tb=283.09 K, log(mass)=-1.1712, 1/(kT)=40.979124, exponent=-3.5678, rmr=0.028219
Sample tb=296.24 K, log(mass)=-1.1712, 1/(kT)=39.160808, exponent=-2.7132, rmr=0.066327
Sample tb=281.90 K, log(mass)=-1.1712, 1/(kT)=41.152666, exponent=-3.6493, rmr=0.026008
Sample tb=283.77 K, log(mass)=-1.1712, 1/(kT)=40.881000, exponent=-3.5217, rmr=0.029550
Sample tb=287.44 K, log(mass)=-1.1712, 1/(kT)=40.359858, exponent=-3.2767, rmr=0.037752
MR results: 0 NA, 0 infinite, 0 negative, 0 zero
Energy calculations: 5245 non-zero gains, 11035 non-zero losses out of 11035 observations
Saved results to output/results/Eldo/2017/F/eb_results_MS_2017_Eldo_Eldo.rds

Processing: Species=MS, Year=2018, Origin=Eldo, Climate=Eldo, Sex=F
Looking for climate data at: /mmfs1/gscratch/biology/jmsmith/targeted_microclimate/Eldo/simplified_Eldo_2018.rds
Directory /mmfs1/gscratch/biology/jmsmith/targeted_microclimate/Eldo exists. Contents:
simplified_Eldo_1945.rds
simplified_Eldo_1946.rds
simplified_Eldo_1947.rds
simplified_Eldo_1948.rds
simplified_Eldo_1949.rds
simplified_Eldo_1950.rds
simplified_Eldo_1951.rds
simplified_Eldo_1952.rds
simplified_Eldo_1953.rds
simplified_Eldo_1954.rds
simplified_Eldo_1955.rds
simplified_Eldo_1956.rds
simplified_Eldo_1957.rds
simplified_Eldo_1958.rds
simplified_Eldo_1959.rds
simplified_Eldo_1960.rds
simplified_Eldo_1961.rds
simplified_Eldo_1962.rds
simplified_Eldo_1963.rds
simplified_Eldo_1964.rds
simplified_Eldo_2005.rds
simplified_Eldo_2006.rds
simplified_Eldo_2007.rds
simplified_Eldo_2008.rds
simplified_Eldo_2009.rds
simplified_Eldo_2010.rds
simplified_Eldo_2011.rds
simplified_Eldo_2012.rds
simplified_Eldo_2013.rds
simplified_Eldo_2014.rds
simplified_Eldo_2015.rds
simplified_Eldo_2016.rds
simplified_Eldo_2017.rds
simplified_Eldo_2018.rds
simplified_Eldo_2019.rds
simplified_Eldo_2020.rds
simplified_Eldo_2021.rds
simplified_Eldo_2022.rds
simplified_Eldo_2023.rds
simplified_Eldo_2024.rds
Processing batch 1/12 (rows 1-1000)
  Calculated 1000 temperatures. Range: 1.68 to 60.00
Processing batch 2/12 (rows 1001-2000)
  Calculated 1000 temperatures. Range: 2.66 to 45.76
Processing batch 3/12 (rows 2001-3000)
  Calculated 1000 temperatures. Range: 3.01 to 49.55
Processing batch 4/12 (rows 3001-4000)
  Calculated 1000 temperatures. Range: 6.31 to 41.02
Processing batch 5/12 (rows 4001-5000)
  Calculated 1000 temperatures. Range: 2.85 to 39.66
Processing batch 6/12 (rows 5001-6000)
  Calculated 1000 temperatures. Range: 4.38 to 21.73
Processing batch 7/12 (rows 6001-7000)
  Calculated 1000 temperatures. Range: 3.54 to 23.72
Processing batch 8/12 (rows 7001-8000)
  Calculated 1000 temperatures. Range: 5.14 to 26.48
Processing batch 9/12 (rows 8001-9000)
  Calculated 1000 temperatures. Range: 3.01 to 45.99
Processing batch 10/12 (rows 9001-10000)
  Calculated 1000 temperatures. Range: 3.79 to 37.31
Processing batch 11/12 (rows 10001-11000)
  Calculated 1000 temperatures. Range: 3.87 to 35.33
Processing batch 12/12 (rows 11001-11035)
  Calculated 35 temperatures. Range: 7.34 to 33.44
Total observations: 11035, Unique timestamps: 2207
MR parameters: mass=0.31, elev=1740.0, b0=16.50, b1=0.85, b2=-0.47, b3=0.000108
Sample tb=293.54 K, log(mass)=-1.1712, 1/(kT)=39.520852, exponent=-2.8824, rmr=0.056001
Sample tb=285.89 K, log(mass)=-1.1712, 1/(kT)=40.578188, exponent=-3.3793, rmr=0.034070
Sample tb=299.13 K, log(mass)=-1.1712, 1/(kT)=38.782737, exponent=-2.5355, rmr=0.079224
Sample tb=282.09 K, log(mass)=-1.1712, 1/(kT)=41.125256, exponent=-3.6365, rmr=0.026346
Sample tb=285.30 K, log(mass)=-1.1712, 1/(kT)=40.661752, exponent=-3.4186, rmr=0.032758
MR results: 0 NA, 0 infinite, 0 negative, 0 zero
Energy calculations: 5439 non-zero gains, 11035 non-zero losses out of 11035 observations
Saved results to output/results/Eldo/2018/F/eb_results_MS_2018_Eldo_Eldo.rds

Processing: Species=MS, Year=2019, Origin=Eldo, Climate=Eldo, Sex=F
Looking for climate data at: /mmfs1/gscratch/biology/jmsmith/targeted_microclimate/Eldo/simplified_Eldo_2019.rds
Directory /mmfs1/gscratch/biology/jmsmith/targeted_microclimate/Eldo exists. Contents:
simplified_Eldo_1945.rds
simplified_Eldo_1946.rds
simplified_Eldo_1947.rds
simplified_Eldo_1948.rds
simplified_Eldo_1949.rds
simplified_Eldo_1950.rds
simplified_Eldo_1951.rds
simplified_Eldo_1952.rds
simplified_Eldo_1953.rds
simplified_Eldo_1954.rds
simplified_Eldo_1955.rds
simplified_Eldo_1956.rds
simplified_Eldo_1957.rds
simplified_Eldo_1958.rds
simplified_Eldo_1959.rds
simplified_Eldo_1960.rds
simplified_Eldo_1961.rds
simplified_Eldo_1962.rds
simplified_Eldo_1963.rds
simplified_Eldo_1964.rds
simplified_Eldo_2005.rds
simplified_Eldo_2006.rds
simplified_Eldo_2007.rds
simplified_Eldo_2008.rds
simplified_Eldo_2009.rds
simplified_Eldo_2010.rds
simplified_Eldo_2011.rds
simplified_Eldo_2012.rds
simplified_Eldo_2013.rds
simplified_Eldo_2014.rds
simplified_Eldo_2015.rds
simplified_Eldo_2016.rds
simplified_Eldo_2017.rds
simplified_Eldo_2018.rds
simplified_Eldo_2019.rds
simplified_Eldo_2020.rds
simplified_Eldo_2021.rds
simplified_Eldo_2022.rds
simplified_Eldo_2023.rds
simplified_Eldo_2024.rds
Processing batch 1/12 (rows 1-1000)
  Calculated 1000 temperatures. Range: 0.12 to 52.74
Processing batch 2/12 (rows 1001-2000)
  Calculated 1000 temperatures. Range: 3.91 to 55.30
Processing batch 3/12 (rows 2001-3000)
  Calculated 1000 temperatures. Range: 0.71 to 43.38
Processing batch 4/12 (rows 3001-4000)
  Calculated 1000 temperatures. Range: 6.78 to 46.19
Processing batch 5/12 (rows 4001-5000)
  Calculated 1000 temperatures. Range: 1.16 to 45.46
Processing batch 6/12 (rows 5001-6000)
  Calculated 1000 temperatures. Range: 3.95 to 21.58
Processing batch 7/12 (rows 6001-7000)
  Calculated 1000 temperatures. Range: 1.30 to 20.85
Processing batch 8/12 (rows 7001-8000)
  Calculated 1000 temperatures. Range: 2.55 to 26.79
Processing batch 9/12 (rows 8001-9000)
  Calculated 1000 temperatures. Range: 3.71 to 30.11
Processing batch 10/12 (rows 9001-10000)
  Calculated 1000 temperatures. Range: 1.00 to 40.52
Processing batch 11/12 (rows 10001-11000)
  Calculated 1000 temperatures. Range: 5.51 to 37.86
Processing batch 12/12 (rows 11001-11035)
  Calculated 35 temperatures. Range: 7.88 to 30.43
Total observations: 11035, Unique timestamps: 2207
MR parameters: mass=0.31, elev=1740.0, b0=16.50, b1=0.85, b2=-0.47, b3=0.000108
Sample tb=284.27 K, log(mass)=-1.1712, 1/(kT)=40.809251, exponent=-3.4879, rmr=0.030564
Sample tb=285.26 K, log(mass)=-1.1712, 1/(kT)=40.667524, exponent=-3.4213, rmr=0.032669
Sample tb=284.96 K, log(mass)=-1.1712, 1/(kT)=40.710458, exponent=-3.4415, rmr=0.032017
Sample tb=290.17 K, log(mass)=-1.1712, 1/(kT)=39.979599, exponent=-3.0980, rmr=0.045140
Sample tb=290.57 K, log(mass)=-1.1712, 1/(kT)=39.924146, exponent=-3.0719, rmr=0.046331
MR results: 0 NA, 0 infinite, 0 negative, 0 zero
Energy calculations: 5244 non-zero gains, 11035 non-zero losses out of 11035 observations
Saved results to output/results/Eldo/2019/F/eb_results_MS_2019_Eldo_Eldo.rds

Processing: Species=MS, Year=2020, Origin=Eldo, Climate=Eldo, Sex=F
Looking for climate data at: /mmfs1/gscratch/biology/jmsmith/targeted_microclimate/Eldo/simplified_Eldo_2020.rds
Directory /mmfs1/gscratch/biology/jmsmith/targeted_microclimate/Eldo exists. Contents:
simplified_Eldo_1945.rds
simplified_Eldo_1946.rds
simplified_Eldo_1947.rds
simplified_Eldo_1948.rds
simplified_Eldo_1949.rds
simplified_Eldo_1950.rds
simplified_Eldo_1951.rds
simplified_Eldo_1952.rds
simplified_Eldo_1953.rds
simplified_Eldo_1954.rds
simplified_Eldo_1955.rds
simplified_Eldo_1956.rds
simplified_Eldo_1957.rds
simplified_Eldo_1958.rds
simplified_Eldo_1959.rds
simplified_Eldo_1960.rds
simplified_Eldo_1961.rds
simplified_Eldo_1962.rds
simplified_Eldo_1963.rds
simplified_Eldo_1964.rds
simplified_Eldo_2005.rds
simplified_Eldo_2006.rds
simplified_Eldo_2007.rds
simplified_Eldo_2008.rds
simplified_Eldo_2009.rds
simplified_Eldo_2010.rds
simplified_Eldo_2011.rds
simplified_Eldo_2012.rds
simplified_Eldo_2013.rds
simplified_Eldo_2014.rds
simplified_Eldo_2015.rds
simplified_Eldo_2016.rds
simplified_Eldo_2017.rds
simplified_Eldo_2018.rds
simplified_Eldo_2019.rds
simplified_Eldo_2020.rds
simplified_Eldo_2021.rds
simplified_Eldo_2022.rds
simplified_Eldo_2023.rds
simplified_Eldo_2024.rds
Processing batch 1/12 (rows 1-1000)
  Calculated 1000 temperatures. Range: -0.22 to 54.76
Processing batch 2/12 (rows 1001-2000)
  Calculated 1000 temperatures. Range: 4.90 to 55.75
Processing batch 3/12 (rows 2001-3000)
  Calculated 1000 temperatures. Range: 1.63 to 44.65
Processing batch 4/12 (rows 3001-4000)
  Calculated 1000 temperatures. Range: 6.55 to 46.63
Processing batch 5/12 (rows 4001-5000)
  Calculated 1000 temperatures. Range: 1.61 to 41.43
Processing batch 6/12 (rows 5001-6000)
  Calculated 1000 temperatures. Range: 2.97 to 21.29
Processing batch 7/12 (rows 6001-7000)
  Calculated 1000 temperatures. Range: 2.51 to 23.63
Processing batch 8/12 (rows 7001-8000)
  Calculated 1000 temperatures. Range: 3.18 to 26.00
Processing batch 9/12 (rows 8001-9000)
  Calculated 1000 temperatures. Range: 3.78 to 35.90
Processing batch 10/12 (rows 9001-10000)
  Calculated 1000 temperatures. Range: 1.45 to 38.56
Processing batch 11/12 (rows 10001-11000)
  Calculated 1000 temperatures. Range: 6.69 to 41.36
Processing batch 12/12 (rows 11001-11035)
  Calculated 35 temperatures. Range: 3.11 to 29.90
Total observations: 11035, Unique timestamps: 2207
MR parameters: mass=0.31, elev=1740.0, b0=16.50, b1=0.85, b2=-0.47, b3=0.000108
Sample tb=292.63 K, log(mass)=-1.1712, 1/(kT)=39.643716, exponent=-2.9401, rmr=0.052859
Sample tb=305.22 K, log(mass)=-1.1712, 1/(kT)=38.008522, exponent=-2.1716, rmr=0.113996
Sample tb=290.77 K, log(mass)=-1.1712, 1/(kT)=39.897514, exponent=-3.0594, rmr=0.046915
Sample tb=281.03 K, log(mass)=-1.1712, 1/(kT)=41.279363, exponent=-3.7089, rmr=0.024505
Sample tb=296.22 K, log(mass)=-1.1712, 1/(kT)=39.163450, exponent=-2.7144, rmr=0.066244
MR results: 0 NA, 0 infinite, 0 negative, 0 zero
Energy calculations: 5427 non-zero gains, 11035 non-zero losses out of 11035 observations
Saved results to output/results/Eldo/2020/F/eb_results_MS_2020_Eldo_Eldo.rds

Processing: Species=MS, Year=2021, Origin=Eldo, Climate=Eldo, Sex=F
Looking for climate data at: /mmfs1/gscratch/biology/jmsmith/targeted_microclimate/Eldo/simplified_Eldo_2021.rds
Directory /mmfs1/gscratch/biology/jmsmith/targeted_microclimate/Eldo exists. Contents:
simplified_Eldo_1945.rds
simplified_Eldo_1946.rds
simplified_Eldo_1947.rds
simplified_Eldo_1948.rds
simplified_Eldo_1949.rds
simplified_Eldo_1950.rds
simplified_Eldo_1951.rds
simplified_Eldo_1952.rds
simplified_Eldo_1953.rds
simplified_Eldo_1954.rds
simplified_Eldo_1955.rds
simplified_Eldo_1956.rds
simplified_Eldo_1957.rds
simplified_Eldo_1958.rds
simplified_Eldo_1959.rds
simplified_Eldo_1960.rds
simplified_Eldo_1961.rds
simplified_Eldo_1962.rds
simplified_Eldo_1963.rds
simplified_Eldo_1964.rds
simplified_Eldo_2005.rds
simplified_Eldo_2006.rds
simplified_Eldo_2007.rds
simplified_Eldo_2008.rds
simplified_Eldo_2009.rds
simplified_Eldo_2010.rds
simplified_Eldo_2011.rds
simplified_Eldo_2012.rds
simplified_Eldo_2013.rds
simplified_Eldo_2014.rds
simplified_Eldo_2015.rds
simplified_Eldo_2016.rds
simplified_Eldo_2017.rds
simplified_Eldo_2018.rds
simplified_Eldo_2019.rds
simplified_Eldo_2020.rds
simplified_Eldo_2021.rds
simplified_Eldo_2022.rds
simplified_Eldo_2023.rds
simplified_Eldo_2024.rds
Processing batch 1/12 (rows 1-1000)
  Calculated 1000 temperatures. Range: 0.81 to 53.93
Processing batch 2/12 (rows 1001-2000)
  Calculated 1000 temperatures. Range: 5.27 to 53.16
Processing batch 3/12 (rows 2001-3000)
  Calculated 1000 temperatures. Range: 1.32 to 46.58
Processing batch 4/12 (rows 3001-4000)
  Calculated 1000 temperatures. Range: 6.63 to 45.75
Processing batch 5/12 (rows 4001-5000)
  Calculated 1000 temperatures. Range: 1.89 to 39.83
Processing batch 6/12 (rows 5001-6000)
  Calculated 1000 temperatures. Range: 4.78 to 21.73
Processing batch 7/12 (rows 6001-7000)
  Calculated 1000 temperatures. Range: 1.91 to 25.67
Processing batch 8/12 (rows 7001-8000)
  Calculated 1000 temperatures. Range: 5.39 to 25.94
Processing batch 9/12 (rows 8001-9000)
  Calculated 1000 temperatures. Range: 1.67 to 33.65
Processing batch 10/12 (rows 9001-10000)
  Calculated 1000 temperatures. Range: 2.20 to 40.35
Processing batch 11/12 (rows 10001-11000)
  Calculated 1000 temperatures. Range: 6.57 to 38.77
Processing batch 12/12 (rows 11001-11035)
  Calculated 35 temperatures. Range: 6.50 to 34.77
Total observations: 11035, Unique timestamps: 2207
MR parameters: mass=0.31, elev=1740.0, b0=16.50, b1=0.85, b2=-0.47, b3=0.000108
Sample tb=284.70 K, log(mass)=-1.1712, 1/(kT)=40.747493, exponent=-3.4589, rmr=0.031464
Sample tb=313.24 K, log(mass)=-1.1712, 1/(kT)=37.035218, exponent=-1.7141, rmr=0.180119
Sample tb=282.63 K, log(mass)=-1.1712, 1/(kT)=41.046664, exponent=-3.5995, rmr=0.027337
Sample tb=315.04 K, log(mass)=-1.1712, 1/(kT)=36.823285, exponent=-1.6145, rmr=0.198984
Sample tb=289.08 K, log(mass)=-1.1712, 1/(kT)=40.130596, exponent=-3.1690, rmr=0.042047
MR results: 0 NA, 0 infinite, 0 negative, 0 zero
Energy calculations: 5535 non-zero gains, 11035 non-zero losses out of 11035 observations
Saved results to output/results/Eldo/2021/F/eb_results_MS_2021_Eldo_Eldo.rds

Processing: Species=MS, Year=2022, Origin=Eldo, Climate=Eldo, Sex=F
Looking for climate data at: /mmfs1/gscratch/biology/jmsmith/targeted_microclimate/Eldo/simplified_Eldo_2022.rds
Directory /mmfs1/gscratch/biology/jmsmith/targeted_microclimate/Eldo exists. Contents:
simplified_Eldo_1945.rds
simplified_Eldo_1946.rds
simplified_Eldo_1947.rds
simplified_Eldo_1948.rds
simplified_Eldo_1949.rds
simplified_Eldo_1950.rds
simplified_Eldo_1951.rds
simplified_Eldo_1952.rds
simplified_Eldo_1953.rds
simplified_Eldo_1954.rds
simplified_Eldo_1955.rds
simplified_Eldo_1956.rds
simplified_Eldo_1957.rds
simplified_Eldo_1958.rds
simplified_Eldo_1959.rds
simplified_Eldo_1960.rds
simplified_Eldo_1961.rds
simplified_Eldo_1962.rds
simplified_Eldo_1963.rds
simplified_Eldo_1964.rds
simplified_Eldo_2005.rds
simplified_Eldo_2006.rds
simplified_Eldo_2007.rds
simplified_Eldo_2008.rds
simplified_Eldo_2009.rds
simplified_Eldo_2010.rds
simplified_Eldo_2011.rds
simplified_Eldo_2012.rds
simplified_Eldo_2013.rds
simplified_Eldo_2014.rds
simplified_Eldo_2015.rds
simplified_Eldo_2016.rds
simplified_Eldo_2017.rds
simplified_Eldo_2018.rds
simplified_Eldo_2019.rds
simplified_Eldo_2020.rds
simplified_Eldo_2021.rds
simplified_Eldo_2022.rds
simplified_Eldo_2023.rds
simplified_Eldo_2024.rds
Processing batch 1/12 (rows 1-1000)
  Calculated 1000 temperatures. Range: 1.34 to 54.22
Processing batch 2/12 (rows 1001-2000)
  Calculated 1000 temperatures. Range: 5.80 to 55.14
Processing batch 3/12 (rows 2001-3000)
  Calculated 1000 temperatures. Range: 1.46 to 44.67
Processing batch 4/12 (rows 3001-4000)
  Calculated 1000 temperatures. Range: 8.30 to 46.95
Processing batch 5/12 (rows 4001-5000)
  Calculated 1000 temperatures. Range: 1.74 to 38.13
Processing batch 6/12 (rows 5001-6000)
  Calculated 1000 temperatures. Range: 5.14 to 22.21
Processing batch 7/12 (rows 6001-7000)
  Calculated 1000 temperatures. Range: 1.67 to 25.06
Processing batch 8/12 (rows 7001-8000)
  Calculated 1000 temperatures. Range: 5.10 to 26.21
Processing batch 9/12 (rows 8001-9000)
  Calculated 1000 temperatures. Range: 1.80 to 33.24
Processing batch 10/12 (rows 9001-10000)
  Calculated 1000 temperatures. Range: 3.33 to 41.63
Processing batch 11/12 (rows 10001-11000)
  Calculated 1000 temperatures. Range: 6.82 to 39.39
Processing batch 12/12 (rows 11001-11035)
  Calculated 35 temperatures. Range: 6.80 to 29.06
Total observations: 11035, Unique timestamps: 2207
MR parameters: mass=0.31, elev=1740.0, b0=16.50, b1=0.85, b2=-0.47, b3=0.000108
Sample tb=282.27 K, log(mass)=-1.1712, 1/(kT)=41.098462, exponent=-3.6239, rmr=0.026679
Sample tb=304.39 K, log(mass)=-1.1712, 1/(kT)=38.111547, exponent=-2.2200, rmr=0.108608
Sample tb=290.93 K, log(mass)=-1.1712, 1/(kT)=39.875768, exponent=-3.0492, rmr=0.047397
Sample tb=280.96 K, log(mass)=-1.1712, 1/(kT)=41.290427, exponent=-3.7141, rmr=0.024378
Sample tb=302.59 K, log(mass)=-1.1712, 1/(kT)=38.338840, exponent=-2.3268, rmr=0.097604
MR results: 0 NA, 0 infinite, 0 negative, 0 zero
Energy calculations: 5624 non-zero gains, 11035 non-zero losses out of 11035 observations
Saved results to output/results/Eldo/2022/F/eb_results_MS_2022_Eldo_Eldo.rds

Processing: Species=MS, Year=2023, Origin=Eldo, Climate=Eldo, Sex=F
Looking for climate data at: /mmfs1/gscratch/biology/jmsmith/targeted_microclimate/Eldo/simplified_Eldo_2023.rds
Directory /mmfs1/gscratch/biology/jmsmith/targeted_microclimate/Eldo exists. Contents:
simplified_Eldo_1945.rds
simplified_Eldo_1946.rds
simplified_Eldo_1947.rds
simplified_Eldo_1948.rds
simplified_Eldo_1949.rds
simplified_Eldo_1950.rds
simplified_Eldo_1951.rds
simplified_Eldo_1952.rds
simplified_Eldo_1953.rds
simplified_Eldo_1954.rds
simplified_Eldo_1955.rds
simplified_Eldo_1956.rds
simplified_Eldo_1957.rds
simplified_Eldo_1958.rds
simplified_Eldo_1959.rds
simplified_Eldo_1960.rds
simplified_Eldo_1961.rds
simplified_Eldo_1962.rds
simplified_Eldo_1963.rds
simplified_Eldo_1964.rds
simplified_Eldo_2005.rds
simplified_Eldo_2006.rds
simplified_Eldo_2007.rds
simplified_Eldo_2008.rds
simplified_Eldo_2009.rds
simplified_Eldo_2010.rds
simplified_Eldo_2011.rds
simplified_Eldo_2012.rds
simplified_Eldo_2013.rds
simplified_Eldo_2014.rds
simplified_Eldo_2015.rds
simplified_Eldo_2016.rds
simplified_Eldo_2017.rds
simplified_Eldo_2018.rds
simplified_Eldo_2019.rds
simplified_Eldo_2020.rds
simplified_Eldo_2021.rds
simplified_Eldo_2022.rds
simplified_Eldo_2023.rds
simplified_Eldo_2024.rds
Processing batch 1/12 (rows 1-1000)
  Calculated 1000 temperatures. Range: 1.89 to 48.39
Processing batch 2/12 (rows 1001-2000)
  Calculated 1000 temperatures. Range: 4.37 to 55.27
Processing batch 3/12 (rows 2001-3000)
  Calculated 1000 temperatures. Range: 3.72 to 42.06
Processing batch 4/12 (rows 3001-4000)
  Calculated 1000 temperatures. Range: 5.38 to 45.88
Processing batch 5/12 (rows 4001-5000)
  Calculated 1000 temperatures. Range: 3.04 to 42.37
Processing batch 6/12 (rows 5001-6000)
  Calculated 1000 temperatures. Range: 4.99 to 21.64
Processing batch 7/12 (rows 6001-7000)
  Calculated 1000 temperatures. Range: 4.17 to 21.56
Processing batch 8/12 (rows 7001-8000)
  Calculated 1000 temperatures. Range: 4.51 to 25.89
Processing batch 9/12 (rows 8001-9000)
  Calculated 1000 temperatures. Range: 5.21 to 27.46
Processing batch 10/12 (rows 9001-10000)
  Calculated 1000 temperatures. Range: 3.44 to 39.26
Processing batch 11/12 (rows 10001-11000)
  Calculated 1000 temperatures. Range: 5.58 to 40.36
Processing batch 12/12 (rows 11001-11035)
  Calculated 35 temperatures. Range: 7.50 to 32.69
Total observations: 11035, Unique timestamps: 2207
MR parameters: mass=0.31, elev=1740.0, b0=16.50, b1=0.85, b2=-0.47, b3=0.000108
Sample tb=289.26 K, log(mass)=-1.1712, 1/(kT)=40.105814, exponent=-3.1573, rmr=0.042540
Sample tb=290.59 K, log(mass)=-1.1712, 1/(kT)=39.921607, exponent=-3.0707, rmr=0.046387
Sample tb=299.20 K, log(mass)=-1.1712, 1/(kT)=38.773375, exponent=-2.5311, rmr=0.079574
Sample tb=282.30 K, log(mass)=-1.1712, 1/(kT)=41.094655, exponent=-3.6221, rmr=0.026727
Sample tb=286.09 K, log(mass)=-1.1712, 1/(kT)=40.550370, exponent=-3.3663, rmr=0.034519
MR results: 0 NA, 0 infinite, 0 negative, 0 zero
Energy calculations: 5075 non-zero gains, 11035 non-zero losses out of 11035 observations
Saved results to output/results/Eldo/2023/F/eb_results_MS_2023_Eldo_Eldo.rds

Processing: Species=MS, Year=2024, Origin=Eldo, Climate=Eldo, Sex=F
Looking for climate data at: /mmfs1/gscratch/biology/jmsmith/targeted_microclimate/Eldo/simplified_Eldo_2024.rds
Directory /mmfs1/gscratch/biology/jmsmith/targeted_microclimate/Eldo exists. Contents:
simplified_Eldo_1945.rds
simplified_Eldo_1946.rds
simplified_Eldo_1947.rds
simplified_Eldo_1948.rds
simplified_Eldo_1949.rds
simplified_Eldo_1950.rds
simplified_Eldo_1951.rds
simplified_Eldo_1952.rds
simplified_Eldo_1953.rds
simplified_Eldo_1954.rds
simplified_Eldo_1955.rds
simplified_Eldo_1956.rds
simplified_Eldo_1957.rds
simplified_Eldo_1958.rds
simplified_Eldo_1959.rds
simplified_Eldo_1960.rds
simplified_Eldo_1961.rds
simplified_Eldo_1962.rds
simplified_Eldo_1963.rds
simplified_Eldo_1964.rds
simplified_Eldo_2005.rds
simplified_Eldo_2006.rds
simplified_Eldo_2007.rds
simplified_Eldo_2008.rds
simplified_Eldo_2009.rds
simplified_Eldo_2010.rds
simplified_Eldo_2011.rds
simplified_Eldo_2012.rds
simplified_Eldo_2013.rds
simplified_Eldo_2014.rds
simplified_Eldo_2015.rds
simplified_Eldo_2016.rds
simplified_Eldo_2017.rds
simplified_Eldo_2018.rds
simplified_Eldo_2019.rds
simplified_Eldo_2020.rds
simplified_Eldo_2021.rds
simplified_Eldo_2022.rds
simplified_Eldo_2023.rds
simplified_Eldo_2024.rds
Processing batch 1/12 (rows 1-1000)
  Calculated 1000 temperatures. Range: 0.98 to 59.07
Processing batch 2/12 (rows 1001-2000)
  Calculated 1000 temperatures. Range: 5.52 to 50.40
Processing batch 3/12 (rows 2001-3000)
  Calculated 1000 temperatures. Range: 3.15 to 49.38
Processing batch 4/12 (rows 3001-4000)
  Calculated 1000 temperatures. Range: 4.90 to 42.90
Processing batch 5/12 (rows 4001-5000)
  Calculated 1000 temperatures. Range: 2.50 to 41.03
Processing batch 6/12 (rows 5001-6000)
  Calculated 1000 temperatures. Range: 4.54 to 21.07
Processing batch 7/12 (rows 6001-7000)
  Calculated 1000 temperatures. Range: 5.22 to 24.63
Processing batch 8/12 (rows 7001-8000)
  Calculated 1000 temperatures. Range: 3.99 to 26.37
Processing batch 9/12 (rows 8001-9000)
  Calculated 1000 temperatures. Range: 4.38 to 33.81
Processing batch 10/12 (rows 9001-10000)
  Calculated 1000 temperatures. Range: 2.70 to 43.34
Processing batch 11/12 (rows 10001-11000)
  Calculated 1000 temperatures. Range: 5.50 to 38.46
Processing batch 12/12 (rows 11001-11035)
  Calculated 35 temperatures. Range: 5.31 to 27.41
Total observations: 11035, Unique timestamps: 2207
MR parameters: mass=0.31, elev=1740.0, b0=16.50, b1=0.85, b2=-0.47, b3=0.000108
Sample tb=284.40 K, log(mass)=-1.1712, 1/(kT)=40.790345, exponent=-3.4790, rmr=0.030837
Sample tb=311.45 K, log(mass)=-1.1712, 1/(kT)=37.247676, exponent=-1.8140, rmr=0.163002
Sample tb=306.96 K, log(mass)=-1.1712, 1/(kT)=37.793504, exponent=-2.0705, rmr=0.126119
Sample tb=302.79 K, log(mass)=-1.1712, 1/(kT)=38.313829, exponent=-2.3151, rmr=0.098758
Sample tb=295.91 K, log(mass)=-1.1712, 1/(kT)=39.204537, exponent=-2.7337, rmr=0.064977
MR results: 0 NA, 0 infinite, 0 negative, 0 zero
Energy calculations: 5646 non-zero gains, 11035 non-zero losses out of 11035 observations
Saved results to output/results/Eldo/2024/F/eb_results_MS_2024_Eldo_Eldo.rds

All years processed.
