Arguments received:
Species: MS
Years: 2005, 2006, 2007, 2008, 2009, 2010, 2011, 2012, 2013, 2014, 2015, 2016, 2017, 2018, 2019, 2020, 2021, 2022, 2023, 2024
Origin site: A1
Climate site: Eldo
Sex: F
Output directory: output/results/A1
Library paths:
[1] "/gscratch/biology/jmsmith/R"                          
[2] "/mmfs1/home/smithju/R/x86_64-pc-linux-gnu-library/4.4"
[3] "/usr/local/lib/R/site-library"                        
[4] "/usr/local/lib/R/library"                             
Package tidyverse loaded successfully
Package TrenchR loaded successfully
Package rTPC loaded successfully
Package lubridate loaded successfully

Processing: Species=MS, Year=2005, Origin=A1, Climate=Eldo, Sex=F
Looking for climate data at: /mmfs1/gscratch/biology/jmsmith/targeted_microclimate/Eldo/simplified_Eldo_2005.rds
Directory /mmfs1/gscratch/biology/jmsmith/targeted_microclimate/Eldo exists. Contents:
simplified_Eldo_1945.rds
simplified_Eldo_1946.rds
simplified_Eldo_1947.rds
simplified_Eldo_1948.rds
simplified_Eldo_1949.rds
simplified_Eldo_1950.rds
simplified_Eldo_1951.rds
simplified_Eldo_1952.rds
simplified_Eldo_1953.rds
simplified_Eldo_1954.rds
simplified_Eldo_1955.rds
simplified_Eldo_1956.rds
simplified_Eldo_1957.rds
simplified_Eldo_1958.rds
simplified_Eldo_1959.rds
simplified_Eldo_1960.rds
simplified_Eldo_1961.rds
simplified_Eldo_1962.rds
simplified_Eldo_1963.rds
simplified_Eldo_1964.rds
simplified_Eldo_2005.rds
simplified_Eldo_2006.rds
simplified_Eldo_2007.rds
simplified_Eldo_2008.rds
simplified_Eldo_2009.rds
simplified_Eldo_2010.rds
simplified_Eldo_2011.rds
simplified_Eldo_2012.rds
simplified_Eldo_2013.rds
simplified_Eldo_2014.rds
simplified_Eldo_2015.rds
simplified_Eldo_2016.rds
simplified_Eldo_2017.rds
simplified_Eldo_2018.rds
simplified_Eldo_2019.rds
simplified_Eldo_2020.rds
simplified_Eldo_2021.rds
simplified_Eldo_2022.rds
simplified_Eldo_2023.rds
simplified_Eldo_2024.rds
Processing batch 1/12 (rows 1-1000)
  Calculated 1000 temperatures. Range: 0.61 to 46.18
Processing batch 2/12 (rows 1001-2000)
  Calculated 1000 temperatures. Range: 5.37 to 60.00
Processing batch 3/12 (rows 2001-3000)
  Calculated 1000 temperatures. Range: 0.48 to 40.62
Processing batch 4/12 (rows 3001-4000)
  Calculated 1000 temperatures. Range: 3.51 to 21.92
Processing batch 5/12 (rows 4001-5000)
  Calculated 1000 temperatures. Range: 1.20 to 22.89
Processing batch 6/12 (rows 5001-6000)
  Calculated 1000 temperatures. Range: 4.55 to 26.92
Processing batch 7/12 (rows 6001-7000)
  Calculated 1000 temperatures. Range: 0.51 to 37.63
Processing batch 8/12 (rows 7001-8000)
  Calculated 1000 temperatures. Range: 3.66 to 46.34
Processing batch 9/12 (rows 8001-9000)
  Calculated 1000 temperatures. Range: 0.25 to 40.35
Processing batch 10/12 (rows 9001-10000)
  Calculated 1000 temperatures. Range: -1.27 to 55.74
Processing batch 11/12 (rows 10001-11000)
  Calculated 1000 temperatures. Range: 2.27 to 60.00
Processing batch 12/12 (rows 11001-11035)
  Calculated 35 temperatures. Range: 1.11 to 47.48
Total observations: 11035, Unique timestamps: 2207
MR parameters: mass=0.33, elev=2195.0, b0=16.50, b1=0.85, b2=-0.47, b3=0.000108
Sample tb=301.42 K, log(mass)=-1.1087, 1/(kT)=38.487732, exponent=-2.2945, rmr=0.100808
Sample tb=278.67 K, log(mass)=-1.1087, 1/(kT)=41.629132, exponent=-3.7710, rmr=0.023029
Sample tb=288.87 K, log(mass)=-1.1087, 1/(kT)=40.159744, exponent=-3.0804, rmr=0.045942
Sample tb=302.06 K, log(mass)=-1.1087, 1/(kT)=38.405495, exponent=-2.2559, rmr=0.104781
Sample tb=283.56 K, log(mass)=-1.1087, 1/(kT)=40.911293, exponent=-3.4336, rmr=0.032270
MR results: 0 NA, 0 infinite, 0 negative, 0 zero
Energy calculations: 6256 non-zero gains, 11035 non-zero losses out of 11035 observations
Saved results to output/results/A1/2005/F/eb_results_MS_2005_A1_Eldo.rds

Processing: Species=MS, Year=2006, Origin=A1, Climate=Eldo, Sex=F
Looking for climate data at: /mmfs1/gscratch/biology/jmsmith/targeted_microclimate/Eldo/simplified_Eldo_2006.rds
Directory /mmfs1/gscratch/biology/jmsmith/targeted_microclimate/Eldo exists. Contents:
simplified_Eldo_1945.rds
simplified_Eldo_1946.rds
simplified_Eldo_1947.rds
simplified_Eldo_1948.rds
simplified_Eldo_1949.rds
simplified_Eldo_1950.rds
simplified_Eldo_1951.rds
simplified_Eldo_1952.rds
simplified_Eldo_1953.rds
simplified_Eldo_1954.rds
simplified_Eldo_1955.rds
simplified_Eldo_1956.rds
simplified_Eldo_1957.rds
simplified_Eldo_1958.rds
simplified_Eldo_1959.rds
simplified_Eldo_1960.rds
simplified_Eldo_1961.rds
simplified_Eldo_1962.rds
simplified_Eldo_1963.rds
simplified_Eldo_1964.rds
simplified_Eldo_2005.rds
simplified_Eldo_2006.rds
simplified_Eldo_2007.rds
simplified_Eldo_2008.rds
simplified_Eldo_2009.rds
simplified_Eldo_2010.rds
simplified_Eldo_2011.rds
simplified_Eldo_2012.rds
simplified_Eldo_2013.rds
simplified_Eldo_2014.rds
simplified_Eldo_2015.rds
simplified_Eldo_2016.rds
simplified_Eldo_2017.rds
simplified_Eldo_2018.rds
simplified_Eldo_2019.rds
simplified_Eldo_2020.rds
simplified_Eldo_2021.rds
simplified_Eldo_2022.rds
simplified_Eldo_2023.rds
simplified_Eldo_2024.rds
Processing batch 1/12 (rows 1-1000)
  Calculated 1000 temperatures. Range: 2.19 to 55.35
Processing batch 2/12 (rows 1001-2000)
  Calculated 1000 temperatures. Range: 4.97 to 57.18
Processing batch 3/12 (rows 2001-3000)
  Calculated 1000 temperatures. Range: 2.08 to 46.65
Processing batch 4/12 (rows 3001-4000)
  Calculated 1000 temperatures. Range: 6.74 to 47.88
Processing batch 5/12 (rows 4001-5000)
  Calculated 1000 temperatures. Range: 3.14 to 40.17
Processing batch 6/12 (rows 5001-6000)
  Calculated 1000 temperatures. Range: 4.22 to 21.55
Processing batch 7/12 (rows 6001-7000)
  Calculated 1000 temperatures. Range: 3.89 to 25.82
Processing batch 8/12 (rows 7001-8000)
  Calculated 1000 temperatures. Range: 3.63 to 26.14
Processing batch 9/12 (rows 8001-9000)
  Calculated 1000 temperatures. Range: 4.05 to 42.93
Processing batch 10/12 (rows 9001-10000)
  Calculated 1000 temperatures. Range: 3.46 to 42.01
Processing batch 11/12 (rows 10001-11000)
  Calculated 1000 temperatures. Range: 3.66 to 42.21
Processing batch 12/12 (rows 11001-11035)
  Calculated 35 temperatures. Range: 6.68 to 35.99
Total observations: 11035, Unique timestamps: 2207
MR parameters: mass=0.33, elev=2195.0, b0=16.50, b1=0.85, b2=-0.47, b3=0.000108
Sample tb=279.40 K, log(mass)=-1.1087, 1/(kT)=41.520911, exponent=-3.7201, rmr=0.024231
Sample tb=284.26 K, log(mass)=-1.1087, 1/(kT)=40.811489, exponent=-3.3867, rmr=0.033820
Sample tb=314.40 K, log(mass)=-1.1087, 1/(kT)=36.898420, exponent=-1.5476, rmr=0.212766
Sample tb=288.77 K, log(mass)=-1.1087, 1/(kT)=40.172990, exponent=-3.0866, rmr=0.045657
Sample tb=305.06 K, log(mass)=-1.1087, 1/(kT)=38.028785, exponent=-2.0788, rmr=0.125076
MR results: 0 NA, 0 infinite, 0 negative, 0 zero
Energy calculations: 7038 non-zero gains, 11035 non-zero losses out of 11035 observations
Saved results to output/results/A1/2006/F/eb_results_MS_2006_A1_Eldo.rds

Processing: Species=MS, Year=2007, Origin=A1, Climate=Eldo, Sex=F
Looking for climate data at: /mmfs1/gscratch/biology/jmsmith/targeted_microclimate/Eldo/simplified_Eldo_2007.rds
Directory /mmfs1/gscratch/biology/jmsmith/targeted_microclimate/Eldo exists. Contents:
simplified_Eldo_1945.rds
simplified_Eldo_1946.rds
simplified_Eldo_1947.rds
simplified_Eldo_1948.rds
simplified_Eldo_1949.rds
simplified_Eldo_1950.rds
simplified_Eldo_1951.rds
simplified_Eldo_1952.rds
simplified_Eldo_1953.rds
simplified_Eldo_1954.rds
simplified_Eldo_1955.rds
simplified_Eldo_1956.rds
simplified_Eldo_1957.rds
simplified_Eldo_1958.rds
simplified_Eldo_1959.rds
simplified_Eldo_1960.rds
simplified_Eldo_1961.rds
simplified_Eldo_1962.rds
simplified_Eldo_1963.rds
simplified_Eldo_1964.rds
simplified_Eldo_2005.rds
simplified_Eldo_2006.rds
simplified_Eldo_2007.rds
simplified_Eldo_2008.rds
simplified_Eldo_2009.rds
simplified_Eldo_2010.rds
simplified_Eldo_2011.rds
simplified_Eldo_2012.rds
simplified_Eldo_2013.rds
simplified_Eldo_2014.rds
simplified_Eldo_2015.rds
simplified_Eldo_2016.rds
simplified_Eldo_2017.rds
simplified_Eldo_2018.rds
simplified_Eldo_2019.rds
simplified_Eldo_2020.rds
simplified_Eldo_2021.rds
simplified_Eldo_2022.rds
simplified_Eldo_2023.rds
simplified_Eldo_2024.rds
Processing batch 1/12 (rows 1-1000)
  Calculated 1000 temperatures. Range: -3.14 to 56.25
Processing batch 2/12 (rows 1001-2000)
  Calculated 1000 temperatures. Range: 6.10 to 49.19
Processing batch 3/12 (rows 2001-3000)
  Calculated 1000 temperatures. Range: -1.95 to 47.19
Processing batch 4/12 (rows 3001-4000)
  Calculated 1000 temperatures. Range: 6.97 to 40.89
Processing batch 5/12 (rows 4001-5000)
  Calculated 1000 temperatures. Range: -1.21 to 40.61
Processing batch 6/12 (rows 5001-6000)
  Calculated 1000 temperatures. Range: 6.32 to 20.64
Processing batch 7/12 (rows 6001-7000)
  Calculated 1000 temperatures. Range: -0.84 to 22.62
Processing batch 8/12 (rows 7001-8000)
  Calculated 1000 temperatures. Range: 4.64 to 25.67
Processing batch 9/12 (rows 8001-9000)
  Calculated 1000 temperatures. Range: 1.67 to 27.45
Processing batch 10/12 (rows 9001-10000)
  Calculated 1000 temperatures. Range: -1.75 to 43.05
Processing batch 11/12 (rows 10001-11000)
  Calculated 1000 temperatures. Range: 6.70 to 38.20
Processing batch 12/12 (rows 11001-11035)
  Calculated 35 temperatures. Range: 7.60 to 33.69
Total observations: 11035, Unique timestamps: 2207
MR parameters: mass=0.33, elev=2195.0, b0=16.50, b1=0.85, b2=-0.47, b3=0.000108
Sample tb=290.76 K, log(mass)=-1.1087, 1/(kT)=39.898044, exponent=-2.9574, rmr=0.051955
Sample tb=290.88 K, log(mass)=-1.1087, 1/(kT)=39.881509, exponent=-2.9496, rmr=0.052360
Sample tb=300.47 K, log(mass)=-1.1087, 1/(kT)=38.608755, exponent=-2.3514, rmr=0.095234
Sample tb=281.07 K, log(mass)=-1.1087, 1/(kT)=41.273701, exponent=-3.6039, rmr=0.027216
Sample tb=282.11 K, log(mass)=-1.1087, 1/(kT)=41.121750, exponent=-3.5325, rmr=0.029231
MR results: 0 NA, 0 infinite, 0 negative, 0 zero
Energy calculations: 7167 non-zero gains, 11035 non-zero losses out of 11035 observations
Saved results to output/results/A1/2007/F/eb_results_MS_2007_A1_Eldo.rds

Processing: Species=MS, Year=2008, Origin=A1, Climate=Eldo, Sex=F
Looking for climate data at: /mmfs1/gscratch/biology/jmsmith/targeted_microclimate/Eldo/simplified_Eldo_2008.rds
Directory /mmfs1/gscratch/biology/jmsmith/targeted_microclimate/Eldo exists. Contents:
simplified_Eldo_1945.rds
simplified_Eldo_1946.rds
simplified_Eldo_1947.rds
simplified_Eldo_1948.rds
simplified_Eldo_1949.rds
simplified_Eldo_1950.rds
simplified_Eldo_1951.rds
simplified_Eldo_1952.rds
simplified_Eldo_1953.rds
simplified_Eldo_1954.rds
simplified_Eldo_1955.rds
simplified_Eldo_1956.rds
simplified_Eldo_1957.rds
simplified_Eldo_1958.rds
simplified_Eldo_1959.rds
simplified_Eldo_1960.rds
simplified_Eldo_1961.rds
simplified_Eldo_1962.rds
simplified_Eldo_1963.rds
simplified_Eldo_1964.rds
simplified_Eldo_2005.rds
simplified_Eldo_2006.rds
simplified_Eldo_2007.rds
simplified_Eldo_2008.rds
simplified_Eldo_2009.rds
simplified_Eldo_2010.rds
simplified_Eldo_2011.rds
simplified_Eldo_2012.rds
simplified_Eldo_2013.rds
simplified_Eldo_2014.rds
simplified_Eldo_2015.rds
simplified_Eldo_2016.rds
simplified_Eldo_2017.rds
simplified_Eldo_2018.rds
simplified_Eldo_2019.rds
simplified_Eldo_2020.rds
simplified_Eldo_2021.rds
simplified_Eldo_2022.rds
simplified_Eldo_2023.rds
simplified_Eldo_2024.rds
Processing batch 1/12 (rows 1-1000)
  Calculated 1000 temperatures. Range: -3.27 to 54.52
Processing batch 2/12 (rows 1001-2000)
  Calculated 1000 temperatures. Range: 3.13 to 54.11
Processing batch 3/12 (rows 2001-3000)
  Calculated 1000 temperatures. Range: -1.47 to 50.95
Processing batch 4/12 (rows 3001-4000)
  Calculated 1000 temperatures. Range: 4.44 to 45.62
Processing batch 5/12 (rows 4001-5000)
  Calculated 1000 temperatures. Range: -1.26 to 42.11
Processing batch 6/12 (rows 5001-6000)
  Calculated 1000 temperatures. Range: 3.31 to 20.57
Processing batch 7/12 (rows 6001-7000)
  Calculated 1000 temperatures. Range: -0.30 to 20.87
Processing batch 8/12 (rows 7001-8000)
  Calculated 1000 temperatures. Range: 3.94 to 25.08
Processing batch 9/12 (rows 8001-9000)
  Calculated 1000 temperatures. Range: 2.38 to 34.96
Processing batch 10/12 (rows 9001-10000)
  Calculated 1000 temperatures. Range: -1.52 to 41.69
Processing batch 11/12 (rows 10001-11000)
  Calculated 1000 temperatures. Range: 4.99 to 41.98
Processing batch 12/12 (rows 11001-11035)
  Calculated 35 temperatures. Range: 7.23 to 30.41
Total observations: 11035, Unique timestamps: 2207
MR parameters: mass=0.33, elev=2195.0, b0=16.50, b1=0.85, b2=-0.47, b3=0.000108
Sample tb=314.94 K, log(mass)=-1.1087, 1/(kT)=36.835278, exponent=-1.5179, rmr=0.219175
Sample tb=295.98 K, log(mass)=-1.1087, 1/(kT)=39.194969, exponent=-2.6269, rmr=0.072299
Sample tb=309.27 K, log(mass)=-1.1087, 1/(kT)=37.510775, exponent=-1.8354, rmr=0.159555
Sample tb=281.88 K, log(mass)=-1.1087, 1/(kT)=41.155388, exponent=-3.5483, rmr=0.028772
Sample tb=279.63 K, log(mass)=-1.1087, 1/(kT)=41.487149, exponent=-3.7043, rmr=0.024618
MR results: 0 NA, 0 infinite, 0 negative, 0 zero
Energy calculations: 6383 non-zero gains, 11035 non-zero losses out of 11035 observations
Saved results to output/results/A1/2008/F/eb_results_MS_2008_A1_Eldo.rds

Processing: Species=MS, Year=2009, Origin=A1, Climate=Eldo, Sex=F
Looking for climate data at: /mmfs1/gscratch/biology/jmsmith/targeted_microclimate/Eldo/simplified_Eldo_2009.rds
Directory /mmfs1/gscratch/biology/jmsmith/targeted_microclimate/Eldo exists. Contents:
simplified_Eldo_1945.rds
simplified_Eldo_1946.rds
simplified_Eldo_1947.rds
simplified_Eldo_1948.rds
simplified_Eldo_1949.rds
simplified_Eldo_1950.rds
simplified_Eldo_1951.rds
simplified_Eldo_1952.rds
simplified_Eldo_1953.rds
simplified_Eldo_1954.rds
simplified_Eldo_1955.rds
simplified_Eldo_1956.rds
simplified_Eldo_1957.rds
simplified_Eldo_1958.rds
simplified_Eldo_1959.rds
simplified_Eldo_1960.rds
simplified_Eldo_1961.rds
simplified_Eldo_1962.rds
simplified_Eldo_1963.rds
simplified_Eldo_1964.rds
simplified_Eldo_2005.rds
simplified_Eldo_2006.rds
simplified_Eldo_2007.rds
simplified_Eldo_2008.rds
simplified_Eldo_2009.rds
simplified_Eldo_2010.rds
simplified_Eldo_2011.rds
simplified_Eldo_2012.rds
simplified_Eldo_2013.rds
simplified_Eldo_2014.rds
simplified_Eldo_2015.rds
simplified_Eldo_2016.rds
simplified_Eldo_2017.rds
simplified_Eldo_2018.rds
simplified_Eldo_2019.rds
simplified_Eldo_2020.rds
simplified_Eldo_2021.rds
simplified_Eldo_2022.rds
simplified_Eldo_2023.rds
simplified_Eldo_2024.rds
Processing batch 1/12 (rows 1-1000)
  Calculated 1000 temperatures. Range: 0.18 to 52.22
Processing batch 2/12 (rows 1001-2000)
  Calculated 1000 temperatures. Range: 1.88 to 48.27
Processing batch 3/12 (rows 2001-3000)
  Calculated 1000 temperatures. Range: 1.35 to 42.02
Processing batch 4/12 (rows 3001-4000)
  Calculated 1000 temperatures. Range: 4.49 to 40.80
Processing batch 5/12 (rows 4001-5000)
  Calculated 1000 temperatures. Range: 1.94 to 35.19
Processing batch 6/12 (rows 5001-6000)
  Calculated 1000 temperatures. Range: 4.60 to 19.45
Processing batch 7/12 (rows 6001-7000)
  Calculated 1000 temperatures. Range: 2.40 to 20.25
Processing batch 8/12 (rows 7001-8000)
  Calculated 1000 temperatures. Range: 4.61 to 23.35
Processing batch 9/12 (rows 8001-9000)
  Calculated 1000 temperatures. Range: 2.24 to 30.32
Processing batch 10/12 (rows 9001-10000)
  Calculated 1000 temperatures. Range: 1.70 to 39.05
Processing batch 11/12 (rows 10001-11000)
  Calculated 1000 temperatures. Range: 3.40 to 37.99
Processing batch 12/12 (rows 11001-11035)
  Calculated 35 temperatures. Range: 5.88 to 29.56
Total observations: 11035, Unique timestamps: 2207
MR parameters: mass=0.33, elev=2195.0, b0=16.50, b1=0.85, b2=-0.47, b3=0.000108
Sample tb=282.58 K, log(mass)=-1.1087, 1/(kT)=41.053110, exponent=-3.5003, rmr=0.030189
Sample tb=299.53 K, log(mass)=-1.1087, 1/(kT)=38.730173, exponent=-2.4085, rmr=0.089951
Sample tb=279.56 K, log(mass)=-1.1087, 1/(kT)=41.497491, exponent=-3.7091, rmr=0.024499
Sample tb=282.48 K, log(mass)=-1.1087, 1/(kT)=41.068574, exponent=-3.5075, rmr=0.029971
Sample tb=282.77 K, log(mass)=-1.1087, 1/(kT)=41.025880, exponent=-3.4875, rmr=0.030578
MR results: 0 NA, 0 infinite, 0 negative, 0 zero
Energy calculations: 5796 non-zero gains, 11035 non-zero losses out of 11035 observations
Saved results to output/results/A1/2009/F/eb_results_MS_2009_A1_Eldo.rds

Processing: Species=MS, Year=2010, Origin=A1, Climate=Eldo, Sex=F
Looking for climate data at: /mmfs1/gscratch/biology/jmsmith/targeted_microclimate/Eldo/simplified_Eldo_2010.rds
Directory /mmfs1/gscratch/biology/jmsmith/targeted_microclimate/Eldo exists. Contents:
simplified_Eldo_1945.rds
simplified_Eldo_1946.rds
simplified_Eldo_1947.rds
simplified_Eldo_1948.rds
simplified_Eldo_1949.rds
simplified_Eldo_1950.rds
simplified_Eldo_1951.rds
simplified_Eldo_1952.rds
simplified_Eldo_1953.rds
simplified_Eldo_1954.rds
simplified_Eldo_1955.rds
simplified_Eldo_1956.rds
simplified_Eldo_1957.rds
simplified_Eldo_1958.rds
simplified_Eldo_1959.rds
simplified_Eldo_1960.rds
simplified_Eldo_1961.rds
simplified_Eldo_1962.rds
simplified_Eldo_1963.rds
simplified_Eldo_1964.rds
simplified_Eldo_2005.rds
simplified_Eldo_2006.rds
simplified_Eldo_2007.rds
simplified_Eldo_2008.rds
simplified_Eldo_2009.rds
simplified_Eldo_2010.rds
simplified_Eldo_2011.rds
simplified_Eldo_2012.rds
simplified_Eldo_2013.rds
simplified_Eldo_2014.rds
simplified_Eldo_2015.rds
simplified_Eldo_2016.rds
simplified_Eldo_2017.rds
simplified_Eldo_2018.rds
simplified_Eldo_2019.rds
simplified_Eldo_2020.rds
simplified_Eldo_2021.rds
simplified_Eldo_2022.rds
simplified_Eldo_2023.rds
simplified_Eldo_2024.rds
Processing batch 1/12 (rows 1-1000)
  Calculated 1000 temperatures. Range: 0.49 to 58.08
Processing batch 2/12 (rows 1001-2000)
  Calculated 1000 temperatures. Range: 3.34 to 50.52
Processing batch 3/12 (rows 2001-3000)
  Calculated 1000 temperatures. Range: 2.10 to 48.01
Processing batch 4/12 (rows 3001-4000)
  Calculated 1000 temperatures. Range: 4.54 to 42.53
Processing batch 5/12 (rows 4001-5000)
  Calculated 1000 temperatures. Range: 2.21 to 41.13
Processing batch 6/12 (rows 5001-6000)
  Calculated 1000 temperatures. Range: 4.42 to 20.42
Processing batch 7/12 (rows 6001-7000)
  Calculated 1000 temperatures. Range: 3.11 to 22.64
Processing batch 8/12 (rows 7001-8000)
  Calculated 1000 temperatures. Range: 4.34 to 25.19
Processing batch 9/12 (rows 8001-9000)
  Calculated 1000 temperatures. Range: 2.38 to 41.07
Processing batch 10/12 (rows 9001-10000)
  Calculated 1000 temperatures. Range: 2.58 to 40.11
Processing batch 11/12 (rows 10001-11000)
  Calculated 1000 temperatures. Range: 4.87 to 39.25
Processing batch 12/12 (rows 11001-11035)
  Calculated 35 temperatures. Range: 4.74 to 28.79
Total observations: 11035, Unique timestamps: 2207
MR parameters: mass=0.33, elev=2195.0, b0=16.50, b1=0.85, b2=-0.47, b3=0.000108
Sample tb=305.57 K, log(mass)=-1.1087, 1/(kT)=37.965402, exponent=-2.0490, rmr=0.128858
Sample tb=282.93 K, log(mass)=-1.1087, 1/(kT)=41.003491, exponent=-3.4769, rmr=0.030902
Sample tb=282.28 K, log(mass)=-1.1087, 1/(kT)=41.097232, exponent=-3.5210, rmr=0.029570
Sample tb=287.12 K, log(mass)=-1.1087, 1/(kT)=40.404513, exponent=-3.1954, rmr=0.040949
Sample tb=283.20 K, log(mass)=-1.1087, 1/(kT)=40.963365, exponent=-3.4581, rmr=0.031490
MR results: 0 NA, 0 infinite, 0 negative, 0 zero
Energy calculations: 6759 non-zero gains, 11035 non-zero losses out of 11035 observations
Saved results to output/results/A1/2010/F/eb_results_MS_2010_A1_Eldo.rds

Processing: Species=MS, Year=2011, Origin=A1, Climate=Eldo, Sex=F
Looking for climate data at: /mmfs1/gscratch/biology/jmsmith/targeted_microclimate/Eldo/simplified_Eldo_2011.rds
Directory /mmfs1/gscratch/biology/jmsmith/targeted_microclimate/Eldo exists. Contents:
simplified_Eldo_1945.rds
simplified_Eldo_1946.rds
simplified_Eldo_1947.rds
simplified_Eldo_1948.rds
simplified_Eldo_1949.rds
simplified_Eldo_1950.rds
simplified_Eldo_1951.rds
simplified_Eldo_1952.rds
simplified_Eldo_1953.rds
simplified_Eldo_1954.rds
simplified_Eldo_1955.rds
simplified_Eldo_1956.rds
simplified_Eldo_1957.rds
simplified_Eldo_1958.rds
simplified_Eldo_1959.rds
simplified_Eldo_1960.rds
simplified_Eldo_1961.rds
simplified_Eldo_1962.rds
simplified_Eldo_1963.rds
simplified_Eldo_1964.rds
simplified_Eldo_2005.rds
simplified_Eldo_2006.rds
simplified_Eldo_2007.rds
simplified_Eldo_2008.rds
simplified_Eldo_2009.rds
simplified_Eldo_2010.rds
simplified_Eldo_2011.rds
simplified_Eldo_2012.rds
simplified_Eldo_2013.rds
simplified_Eldo_2014.rds
simplified_Eldo_2015.rds
simplified_Eldo_2016.rds
simplified_Eldo_2017.rds
simplified_Eldo_2018.rds
simplified_Eldo_2019.rds
simplified_Eldo_2020.rds
simplified_Eldo_2021.rds
simplified_Eldo_2022.rds
simplified_Eldo_2023.rds
simplified_Eldo_2024.rds
Processing batch 1/12 (rows 1-1000)
  Calculated 1000 temperatures. Range: -0.52 to 51.95
Processing batch 2/12 (rows 1001-2000)
  Calculated 1000 temperatures. Range: 3.37 to 54.54
Processing batch 3/12 (rows 2001-3000)
  Calculated 1000 temperatures. Range: 1.24 to 47.12
Processing batch 4/12 (rows 3001-4000)
  Calculated 1000 temperatures. Range: 6.07 to 45.46
Processing batch 5/12 (rows 4001-5000)
  Calculated 1000 temperatures. Range: 1.68 to 44.37
Processing batch 6/12 (rows 5001-6000)
  Calculated 1000 temperatures. Range: 4.74 to 20.97
Processing batch 7/12 (rows 6001-7000)
  Calculated 1000 temperatures. Range: 2.50 to 22.31
Processing batch 8/12 (rows 7001-8000)
  Calculated 1000 temperatures. Range: 4.23 to 24.28
Processing batch 9/12 (rows 8001-9000)
  Calculated 1000 temperatures. Range: 2.97 to 33.59
Processing batch 10/12 (rows 9001-10000)
  Calculated 1000 temperatures. Range: 1.27 to 40.20
Processing batch 11/12 (rows 10001-11000)
  Calculated 1000 temperatures. Range: 5.47 to 42.69
Processing batch 12/12 (rows 11001-11035)
  Calculated 35 temperatures. Range: 8.44 to 34.83
Total observations: 11035, Unique timestamps: 2207
MR parameters: mass=0.33, elev=2195.0, b0=16.50, b1=0.85, b2=-0.47, b3=0.000108
Sample tb=285.23 K, log(mass)=-1.1087, 1/(kT)=40.672582, exponent=-3.3214, rmr=0.036102
Sample tb=303.28 K, log(mass)=-1.1087, 1/(kT)=38.251643, exponent=-2.1836, rmr=0.112638
Sample tb=279.54 K, log(mass)=-1.1087, 1/(kT)=41.499614, exponent=-3.7101, rmr=0.024475
Sample tb=277.83 K, log(mass)=-1.1087, 1/(kT)=41.756053, exponent=-3.8306, rmr=0.021696
Sample tb=286.70 K, log(mass)=-1.1087, 1/(kT)=40.463540, exponent=-3.2232, rmr=0.039829
MR results: 0 NA, 0 infinite, 0 negative, 0 zero
Energy calculations: 7004 non-zero gains, 11035 non-zero losses out of 11035 observations
Saved results to output/results/A1/2011/F/eb_results_MS_2011_A1_Eldo.rds

Processing: Species=MS, Year=2012, Origin=A1, Climate=Eldo, Sex=F
Looking for climate data at: /mmfs1/gscratch/biology/jmsmith/targeted_microclimate/Eldo/simplified_Eldo_2012.rds
Directory /mmfs1/gscratch/biology/jmsmith/targeted_microclimate/Eldo exists. Contents:
simplified_Eldo_1945.rds
simplified_Eldo_1946.rds
simplified_Eldo_1947.rds
simplified_Eldo_1948.rds
simplified_Eldo_1949.rds
simplified_Eldo_1950.rds
simplified_Eldo_1951.rds
simplified_Eldo_1952.rds
simplified_Eldo_1953.rds
simplified_Eldo_1954.rds
simplified_Eldo_1955.rds
simplified_Eldo_1956.rds
simplified_Eldo_1957.rds
simplified_Eldo_1958.rds
simplified_Eldo_1959.rds
simplified_Eldo_1960.rds
simplified_Eldo_1961.rds
simplified_Eldo_1962.rds
simplified_Eldo_1963.rds
simplified_Eldo_1964.rds
simplified_Eldo_2005.rds
simplified_Eldo_2006.rds
simplified_Eldo_2007.rds
simplified_Eldo_2008.rds
simplified_Eldo_2009.rds
simplified_Eldo_2010.rds
simplified_Eldo_2011.rds
simplified_Eldo_2012.rds
simplified_Eldo_2013.rds
simplified_Eldo_2014.rds
simplified_Eldo_2015.rds
simplified_Eldo_2016.rds
simplified_Eldo_2017.rds
simplified_Eldo_2018.rds
simplified_Eldo_2019.rds
simplified_Eldo_2020.rds
simplified_Eldo_2021.rds
simplified_Eldo_2022.rds
simplified_Eldo_2023.rds
simplified_Eldo_2024.rds
Processing batch 1/12 (rows 1-1000)
  Calculated 1000 temperatures. Range: -1.84 to 60.00
Processing batch 2/12 (rows 1001-2000)
  Calculated 1000 temperatures. Range: 0.75 to 49.81
Processing batch 3/12 (rows 2001-3000)
  Calculated 1000 temperatures. Range: 0.11 to 53.07
Processing batch 4/12 (rows 3001-4000)
  Calculated 1000 temperatures. Range: 5.64 to 41.79
Processing batch 5/12 (rows 4001-5000)
  Calculated 1000 temperatures. Range: 0.69 to 44.48
Processing batch 6/12 (rows 5001-6000)
  Calculated 1000 temperatures. Range: 5.56 to 21.90
Processing batch 7/12 (rows 6001-7000)
  Calculated 1000 temperatures. Range: 1.52 to 23.16
Processing batch 8/12 (rows 7001-8000)
  Calculated 1000 temperatures. Range: 6.40 to 26.92
Processing batch 9/12 (rows 8001-9000)
  Calculated 1000 temperatures. Range: 4.23 to 31.49
Processing batch 10/12 (rows 9001-10000)
  Calculated 1000 temperatures. Range: 0.06 to 48.61
Processing batch 11/12 (rows 10001-11000)
  Calculated 1000 temperatures. Range: 2.66 to 41.35
Processing batch 12/12 (rows 11001-11035)
  Calculated 35 temperatures. Range: 7.23 to 28.88
Total observations: 11035, Unique timestamps: 2207
MR parameters: mass=0.33, elev=2195.0, b0=16.50, b1=0.85, b2=-0.47, b3=0.000108
Sample tb=288.28 K, log(mass)=-1.1087, 1/(kT)=40.241371, exponent=-3.1187, rmr=0.044213
Sample tb=283.80 K, log(mass)=-1.1087, 1/(kT)=40.877150, exponent=-3.4176, rmr=0.032792
Sample tb=281.53 K, log(mass)=-1.1087, 1/(kT)=41.207093, exponent=-3.5726, rmr=0.028082
Sample tb=305.27 K, log(mass)=-1.1087, 1/(kT)=38.002122, exponent=-2.0663, rmr=0.126653
Sample tb=281.67 K, log(mass)=-1.1087, 1/(kT)=41.185729, exponent=-3.5626, rmr=0.028365
MR results: 0 NA, 0 infinite, 0 negative, 0 zero
Energy calculations: 7305 non-zero gains, 11035 non-zero losses out of 11035 observations
Saved results to output/results/A1/2012/F/eb_results_MS_2012_A1_Eldo.rds

Processing: Species=MS, Year=2013, Origin=A1, Climate=Eldo, Sex=F
Looking for climate data at: /mmfs1/gscratch/biology/jmsmith/targeted_microclimate/Eldo/simplified_Eldo_2013.rds
Directory /mmfs1/gscratch/biology/jmsmith/targeted_microclimate/Eldo exists. Contents:
simplified_Eldo_1945.rds
simplified_Eldo_1946.rds
simplified_Eldo_1947.rds
simplified_Eldo_1948.rds
simplified_Eldo_1949.rds
simplified_Eldo_1950.rds
simplified_Eldo_1951.rds
simplified_Eldo_1952.rds
simplified_Eldo_1953.rds
simplified_Eldo_1954.rds
simplified_Eldo_1955.rds
simplified_Eldo_1956.rds
simplified_Eldo_1957.rds
simplified_Eldo_1958.rds
simplified_Eldo_1959.rds
simplified_Eldo_1960.rds
simplified_Eldo_1961.rds
simplified_Eldo_1962.rds
simplified_Eldo_1963.rds
simplified_Eldo_1964.rds
simplified_Eldo_2005.rds
simplified_Eldo_2006.rds
simplified_Eldo_2007.rds
simplified_Eldo_2008.rds
simplified_Eldo_2009.rds
simplified_Eldo_2010.rds
simplified_Eldo_2011.rds
simplified_Eldo_2012.rds
simplified_Eldo_2013.rds
simplified_Eldo_2014.rds
simplified_Eldo_2015.rds
simplified_Eldo_2016.rds
simplified_Eldo_2017.rds
simplified_Eldo_2018.rds
simplified_Eldo_2019.rds
simplified_Eldo_2020.rds
simplified_Eldo_2021.rds
simplified_Eldo_2022.rds
simplified_Eldo_2023.rds
simplified_Eldo_2024.rds
Processing batch 1/12 (rows 1-1000)
  Calculated 1000 temperatures. Range: -1.68 to 60.00
Processing batch 2/12 (rows 1001-2000)
  Calculated 1000 temperatures. Range: 4.26 to 49.09
Processing batch 3/12 (rows 2001-3000)
  Calculated 1000 temperatures. Range: -0.19 to 50.29
Processing batch 4/12 (rows 3001-4000)
  Calculated 1000 temperatures. Range: 5.76 to 43.09
Processing batch 5/12 (rows 4001-5000)
  Calculated 1000 temperatures. Range: 1.28 to 40.16
Processing batch 6/12 (rows 5001-6000)
  Calculated 1000 temperatures. Range: 5.69 to 21.04
Processing batch 7/12 (rows 6001-7000)
  Calculated 1000 temperatures. Range: 1.70 to 24.37
Processing batch 8/12 (rows 7001-8000)
  Calculated 1000 temperatures. Range: 5.07 to 25.53
Processing batch 9/12 (rows 8001-9000)
  Calculated 1000 temperatures. Range: 0.15 to 31.07
Processing batch 10/12 (rows 9001-10000)
  Calculated 1000 temperatures. Range: 3.77 to 40.57
Processing batch 11/12 (rows 10001-11000)
  Calculated 1000 temperatures. Range: 5.59 to 37.37
Processing batch 12/12 (rows 11001-11035)
  Calculated 35 temperatures. Range: 10.53 to 31.40
Total observations: 11035, Unique timestamps: 2207
MR parameters: mass=0.33, elev=2195.0, b0=16.50, b1=0.85, b2=-0.47, b3=0.000108
Sample tb=282.59 K, log(mass)=-1.1087, 1/(kT)=41.052139, exponent=-3.4998, rmr=0.030203
Sample tb=280.71 K, log(mass)=-1.1087, 1/(kT)=41.327547, exponent=-3.6293, rmr=0.026536
Sample tb=284.11 K, log(mass)=-1.1087, 1/(kT)=40.832781, exponent=-3.3967, rmr=0.033483
Sample tb=283.98 K, log(mass)=-1.1087, 1/(kT)=40.851604, exponent=-3.4056, rmr=0.033188
Sample tb=276.93 K, log(mass)=-1.1087, 1/(kT)=41.891810, exponent=-3.8945, rmr=0.020354
MR results: 0 NA, 0 infinite, 0 negative, 0 zero
Energy calculations: 7163 non-zero gains, 11035 non-zero losses out of 11035 observations
Saved results to output/results/A1/2013/F/eb_results_MS_2013_A1_Eldo.rds

Processing: Species=MS, Year=2014, Origin=A1, Climate=Eldo, Sex=F
Looking for climate data at: /mmfs1/gscratch/biology/jmsmith/targeted_microclimate/Eldo/simplified_Eldo_2014.rds
Directory /mmfs1/gscratch/biology/jmsmith/targeted_microclimate/Eldo exists. Contents:
simplified_Eldo_1945.rds
simplified_Eldo_1946.rds
simplified_Eldo_1947.rds
simplified_Eldo_1948.rds
simplified_Eldo_1949.rds
simplified_Eldo_1950.rds
simplified_Eldo_1951.rds
simplified_Eldo_1952.rds
simplified_Eldo_1953.rds
simplified_Eldo_1954.rds
simplified_Eldo_1955.rds
simplified_Eldo_1956.rds
simplified_Eldo_1957.rds
simplified_Eldo_1958.rds
simplified_Eldo_1959.rds
simplified_Eldo_1960.rds
simplified_Eldo_1961.rds
simplified_Eldo_1962.rds
simplified_Eldo_1963.rds
simplified_Eldo_1964.rds
simplified_Eldo_2005.rds
simplified_Eldo_2006.rds
simplified_Eldo_2007.rds
simplified_Eldo_2008.rds
simplified_Eldo_2009.rds
simplified_Eldo_2010.rds
simplified_Eldo_2011.rds
simplified_Eldo_2012.rds
simplified_Eldo_2013.rds
simplified_Eldo_2014.rds
simplified_Eldo_2015.rds
simplified_Eldo_2016.rds
simplified_Eldo_2017.rds
simplified_Eldo_2018.rds
simplified_Eldo_2019.rds
simplified_Eldo_2020.rds
simplified_Eldo_2021.rds
simplified_Eldo_2022.rds
simplified_Eldo_2023.rds
simplified_Eldo_2024.rds
Processing batch 1/12 (rows 1-1000)
  Calculated 1000 temperatures. Range: -0.83 to 51.42
Processing batch 2/12 (rows 1001-2000)
  Calculated 1000 temperatures. Range: 5.09 to 52.18
Processing batch 3/12 (rows 2001-3000)
  Calculated 1000 temperatures. Range: 0.54 to 43.02
Processing batch 4/12 (rows 3001-4000)
  Calculated 1000 temperatures. Range: 6.39 to 44.24
Processing batch 5/12 (rows 4001-5000)
  Calculated 1000 temperatures. Range: 1.11 to 39.85
Processing batch 6/12 (rows 5001-6000)
  Calculated 1000 temperatures. Range: 4.84 to 20.19
Processing batch 7/12 (rows 6001-7000)
  Calculated 1000 temperatures. Range: 1.48 to 21.77
Processing batch 8/12 (rows 7001-8000)
  Calculated 1000 temperatures. Range: 3.77 to 24.55
Processing batch 9/12 (rows 8001-9000)
  Calculated 1000 temperatures. Range: 3.66 to 38.68
Processing batch 10/12 (rows 9001-10000)
  Calculated 1000 temperatures. Range: 0.69 to 38.57
Processing batch 11/12 (rows 10001-11000)
  Calculated 1000 temperatures. Range: 4.98 to 41.52
Processing batch 12/12 (rows 11001-11035)
  Calculated 35 temperatures. Range: 4.96 to 33.20
Total observations: 11035, Unique timestamps: 2207
MR parameters: mass=0.33, elev=2195.0, b0=16.50, b1=0.85, b2=-0.47, b3=0.000108
Sample tb=283.90 K, log(mass)=-1.1087, 1/(kT)=40.862125, exponent=-3.4105, rmr=0.033025
Sample tb=280.11 K, log(mass)=-1.1087, 1/(kT)=41.414898, exponent=-3.6703, rmr=0.025469
Sample tb=302.81 K, log(mass)=-1.1087, 1/(kT)=38.310842, exponent=-2.2114, rmr=0.109547
Sample tb=281.18 K, log(mass)=-1.1087, 1/(kT)=41.258546, exponent=-3.5968, rmr=0.027411
Sample tb=283.61 K, log(mass)=-1.1087, 1/(kT)=40.903807, exponent=-3.4301, rmr=0.032384
MR results: 0 NA, 0 infinite, 0 negative, 0 zero
Energy calculations: 6385 non-zero gains, 11035 non-zero losses out of 11035 observations
Saved results to output/results/A1/2014/F/eb_results_MS_2014_A1_Eldo.rds

Processing: Species=MS, Year=2015, Origin=A1, Climate=Eldo, Sex=F
Looking for climate data at: /mmfs1/gscratch/biology/jmsmith/targeted_microclimate/Eldo/simplified_Eldo_2015.rds
Directory /mmfs1/gscratch/biology/jmsmith/targeted_microclimate/Eldo exists. Contents:
simplified_Eldo_1945.rds
simplified_Eldo_1946.rds
simplified_Eldo_1947.rds
simplified_Eldo_1948.rds
simplified_Eldo_1949.rds
simplified_Eldo_1950.rds
simplified_Eldo_1951.rds
simplified_Eldo_1952.rds
simplified_Eldo_1953.rds
simplified_Eldo_1954.rds
simplified_Eldo_1955.rds
simplified_Eldo_1956.rds
simplified_Eldo_1957.rds
simplified_Eldo_1958.rds
simplified_Eldo_1959.rds
simplified_Eldo_1960.rds
simplified_Eldo_1961.rds
simplified_Eldo_1962.rds
simplified_Eldo_1963.rds
simplified_Eldo_1964.rds
simplified_Eldo_2005.rds
simplified_Eldo_2006.rds
simplified_Eldo_2007.rds
simplified_Eldo_2008.rds
simplified_Eldo_2009.rds
simplified_Eldo_2010.rds
simplified_Eldo_2011.rds
simplified_Eldo_2012.rds
simplified_Eldo_2013.rds
simplified_Eldo_2014.rds
simplified_Eldo_2015.rds
simplified_Eldo_2016.rds
simplified_Eldo_2017.rds
simplified_Eldo_2018.rds
simplified_Eldo_2019.rds
simplified_Eldo_2020.rds
simplified_Eldo_2021.rds
simplified_Eldo_2022.rds
simplified_Eldo_2023.rds
simplified_Eldo_2024.rds
Processing batch 1/12 (rows 1-1000)
  Calculated 1000 temperatures. Range: 2.78 to 50.32
Processing batch 2/12 (rows 1001-2000)
  Calculated 1000 temperatures. Range: 2.16 to 49.87
Processing batch 3/12 (rows 2001-3000)
  Calculated 1000 temperatures. Range: 1.42 to 55.16
Processing batch 4/12 (rows 3001-4000)
  Calculated 1000 temperatures. Range: 6.19 to 40.79
Processing batch 5/12 (rows 4001-5000)
  Calculated 1000 temperatures. Range: 2.94 to 45.32
Processing batch 6/12 (rows 5001-6000)
  Calculated 1000 temperatures. Range: 6.05 to 21.24
Processing batch 7/12 (rows 6001-7000)
  Calculated 1000 temperatures. Range: 3.46 to 20.98
Processing batch 8/12 (rows 7001-8000)
  Calculated 1000 temperatures. Range: 7.02 to 24.88
Processing batch 9/12 (rows 8001-9000)
  Calculated 1000 temperatures. Range: 4.13 to 34.01
Processing batch 10/12 (rows 9001-10000)
  Calculated 1000 temperatures. Range: 4.15 to 38.36
Processing batch 11/12 (rows 10001-11000)
  Calculated 1000 temperatures. Range: 2.99 to 38.68
Processing batch 12/12 (rows 11001-11035)
  Calculated 35 temperatures. Range: 8.45 to 37.01
Total observations: 11035, Unique timestamps: 2207
MR parameters: mass=0.33, elev=2195.0, b0=16.50, b1=0.85, b2=-0.47, b3=0.000108
Sample tb=289.84 K, log(mass)=-1.1087, 1/(kT)=40.025337, exponent=-3.0172, rmr=0.048937
Sample tb=299.48 K, log(mass)=-1.1087, 1/(kT)=38.736985, exponent=-2.4117, rmr=0.089664
Sample tb=282.74 K, log(mass)=-1.1087, 1/(kT)=41.029668, exponent=-3.4892, rmr=0.030524
Sample tb=282.24 K, log(mass)=-1.1087, 1/(kT)=41.102415, exponent=-3.5234, rmr=0.029498
Sample tb=283.80 K, log(mass)=-1.1087, 1/(kT)=40.877493, exponent=-3.4177, rmr=0.032787
MR results: 0 NA, 0 infinite, 0 negative, 0 zero
Energy calculations: 6962 non-zero gains, 11035 non-zero losses out of 11035 observations
Saved results to output/results/A1/2015/F/eb_results_MS_2015_A1_Eldo.rds

Processing: Species=MS, Year=2016, Origin=A1, Climate=Eldo, Sex=F
Looking for climate data at: /mmfs1/gscratch/biology/jmsmith/targeted_microclimate/Eldo/simplified_Eldo_2016.rds
Directory /mmfs1/gscratch/biology/jmsmith/targeted_microclimate/Eldo exists. Contents:
simplified_Eldo_1945.rds
simplified_Eldo_1946.rds
simplified_Eldo_1947.rds
simplified_Eldo_1948.rds
simplified_Eldo_1949.rds
simplified_Eldo_1950.rds
simplified_Eldo_1951.rds
simplified_Eldo_1952.rds
simplified_Eldo_1953.rds
simplified_Eldo_1954.rds
simplified_Eldo_1955.rds
simplified_Eldo_1956.rds
simplified_Eldo_1957.rds
simplified_Eldo_1958.rds
simplified_Eldo_1959.rds
simplified_Eldo_1960.rds
simplified_Eldo_1961.rds
simplified_Eldo_1962.rds
simplified_Eldo_1963.rds
simplified_Eldo_1964.rds
simplified_Eldo_2005.rds
simplified_Eldo_2006.rds
simplified_Eldo_2007.rds
simplified_Eldo_2008.rds
simplified_Eldo_2009.rds
simplified_Eldo_2010.rds
simplified_Eldo_2011.rds
simplified_Eldo_2012.rds
simplified_Eldo_2013.rds
simplified_Eldo_2014.rds
simplified_Eldo_2015.rds
simplified_Eldo_2016.rds
simplified_Eldo_2017.rds
simplified_Eldo_2018.rds
simplified_Eldo_2019.rds
simplified_Eldo_2020.rds
simplified_Eldo_2021.rds
simplified_Eldo_2022.rds
simplified_Eldo_2023.rds
simplified_Eldo_2024.rds
Processing batch 1/12 (rows 1-1000)
  Calculated 1000 temperatures. Range: 2.94 to 60.00
Processing batch 2/12 (rows 1001-2000)
  Calculated 1000 temperatures. Range: 2.03 to 50.99
Processing batch 3/12 (rows 2001-3000)
  Calculated 1000 temperatures. Range: 1.18 to 49.64
Processing batch 4/12 (rows 3001-4000)
  Calculated 1000 temperatures. Range: 5.68 to 44.22
Processing batch 5/12 (rows 4001-5000)
  Calculated 1000 temperatures. Range: 2.39 to 35.99
Processing batch 6/12 (rows 5001-6000)
  Calculated 1000 temperatures. Range: 5.11 to 20.86
Processing batch 7/12 (rows 6001-7000)
  Calculated 1000 temperatures. Range: 3.13 to 23.31
Processing batch 8/12 (rows 7001-8000)
  Calculated 1000 temperatures. Range: 6.72 to 26.58
Processing batch 9/12 (rows 8001-9000)
  Calculated 1000 temperatures. Range: 3.55 to 32.86
Processing batch 10/12 (rows 9001-10000)
  Calculated 1000 temperatures. Range: 4.43 to 41.06
Processing batch 11/12 (rows 10001-11000)
  Calculated 1000 temperatures. Range: 2.58 to 37.25
Processing batch 12/12 (rows 11001-11035)
  Calculated 35 temperatures. Range: 5.44 to 26.03
Total observations: 11035, Unique timestamps: 2207
MR parameters: mass=0.33, elev=2195.0, b0=16.50, b1=0.85, b2=-0.47, b3=0.000108
Sample tb=284.68 K, log(mass)=-1.1087, 1/(kT)=40.750350, exponent=-3.3580, rmr=0.034806
Sample tb=297.47 K, log(mass)=-1.1087, 1/(kT)=38.998380, exponent=-2.5345, rmr=0.079298
Sample tb=293.54 K, log(mass)=-1.1087, 1/(kT)=39.520226, exponent=-2.7798, rmr=0.062050
Sample tb=303.02 K, log(mass)=-1.1087, 1/(kT)=38.283931, exponent=-2.1988, rmr=0.110942
Sample tb=287.21 K, log(mass)=-1.1087, 1/(kT)=40.391549, exponent=-3.1893, rmr=0.041199
MR results: 0 NA, 0 infinite, 0 negative, 0 zero
Energy calculations: 7075 non-zero gains, 11035 non-zero losses out of 11035 observations
Saved results to output/results/A1/2016/F/eb_results_MS_2016_A1_Eldo.rds

Processing: Species=MS, Year=2017, Origin=A1, Climate=Eldo, Sex=F
Looking for climate data at: /mmfs1/gscratch/biology/jmsmith/targeted_microclimate/Eldo/simplified_Eldo_2017.rds
Directory /mmfs1/gscratch/biology/jmsmith/targeted_microclimate/Eldo exists. Contents:
simplified_Eldo_1945.rds
simplified_Eldo_1946.rds
simplified_Eldo_1947.rds
simplified_Eldo_1948.rds
simplified_Eldo_1949.rds
simplified_Eldo_1950.rds
simplified_Eldo_1951.rds
simplified_Eldo_1952.rds
simplified_Eldo_1953.rds
simplified_Eldo_1954.rds
simplified_Eldo_1955.rds
simplified_Eldo_1956.rds
simplified_Eldo_1957.rds
simplified_Eldo_1958.rds
simplified_Eldo_1959.rds
simplified_Eldo_1960.rds
simplified_Eldo_1961.rds
simplified_Eldo_1962.rds
simplified_Eldo_1963.rds
simplified_Eldo_1964.rds
simplified_Eldo_2005.rds
simplified_Eldo_2006.rds
simplified_Eldo_2007.rds
simplified_Eldo_2008.rds
simplified_Eldo_2009.rds
simplified_Eldo_2010.rds
simplified_Eldo_2011.rds
simplified_Eldo_2012.rds
simplified_Eldo_2013.rds
simplified_Eldo_2014.rds
simplified_Eldo_2015.rds
simplified_Eldo_2016.rds
simplified_Eldo_2017.rds
simplified_Eldo_2018.rds
simplified_Eldo_2019.rds
simplified_Eldo_2020.rds
simplified_Eldo_2021.rds
simplified_Eldo_2022.rds
simplified_Eldo_2023.rds
simplified_Eldo_2024.rds
Processing batch 1/12 (rows 1-1000)
  Calculated 1000 temperatures. Range: 0.81 to 52.24
Processing batch 2/12 (rows 1001-2000)
  Calculated 1000 temperatures. Range: 4.86 to 51.69
Processing batch 3/12 (rows 2001-3000)
  Calculated 1000 temperatures. Range: 3.05 to 45.99
Processing batch 4/12 (rows 3001-4000)
  Calculated 1000 temperatures. Range: 5.78 to 43.64
Processing batch 5/12 (rows 4001-5000)
  Calculated 1000 temperatures. Range: 2.89 to 38.24
Processing batch 6/12 (rows 5001-6000)
  Calculated 1000 temperatures. Range: 4.24 to 21.93
Processing batch 7/12 (rows 6001-7000)
  Calculated 1000 temperatures. Range: 4.25 to 23.76
Processing batch 8/12 (rows 7001-8000)
  Calculated 1000 temperatures. Range: 4.94 to 25.86
Processing batch 9/12 (rows 8001-9000)
  Calculated 1000 temperatures. Range: 3.69 to 30.69
Processing batch 10/12 (rows 9001-10000)
  Calculated 1000 temperatures. Range: 2.66 to 40.29
Processing batch 11/12 (rows 10001-11000)
  Calculated 1000 temperatures. Range: 5.97 to 40.01
Processing batch 12/12 (rows 11001-11035)
  Calculated 35 temperatures. Range: 7.18 to 31.94
Total observations: 11035, Unique timestamps: 2207
MR parameters: mass=0.33, elev=2195.0, b0=16.50, b1=0.85, b2=-0.47, b3=0.000108
Sample tb=292.60 K, log(mass)=-1.1087, 1/(kT)=39.647886, exponent=-2.8398, rmr=0.058437
Sample tb=286.82 K, log(mass)=-1.1087, 1/(kT)=40.446368, exponent=-3.2151, rmr=0.040151
Sample tb=283.78 K, log(mass)=-1.1087, 1/(kT)=40.880197, exponent=-3.4190, rmr=0.032745
Sample tb=288.49 K, log(mass)=-1.1087, 1/(kT)=40.212095, exponent=-3.1050, rmr=0.044825
Sample tb=308.73 K, log(mass)=-1.1087, 1/(kT)=37.575717, exponent=-1.8659, rmr=0.154758
MR results: 0 NA, 0 infinite, 0 negative, 0 zero
Energy calculations: 6986 non-zero gains, 11035 non-zero losses out of 11035 observations
Saved results to output/results/A1/2017/F/eb_results_MS_2017_A1_Eldo.rds

Processing: Species=MS, Year=2018, Origin=A1, Climate=Eldo, Sex=F
Looking for climate data at: /mmfs1/gscratch/biology/jmsmith/targeted_microclimate/Eldo/simplified_Eldo_2018.rds
Directory /mmfs1/gscratch/biology/jmsmith/targeted_microclimate/Eldo exists. Contents:
simplified_Eldo_1945.rds
simplified_Eldo_1946.rds
simplified_Eldo_1947.rds
simplified_Eldo_1948.rds
simplified_Eldo_1949.rds
simplified_Eldo_1950.rds
simplified_Eldo_1951.rds
simplified_Eldo_1952.rds
simplified_Eldo_1953.rds
simplified_Eldo_1954.rds
simplified_Eldo_1955.rds
simplified_Eldo_1956.rds
simplified_Eldo_1957.rds
simplified_Eldo_1958.rds
simplified_Eldo_1959.rds
simplified_Eldo_1960.rds
simplified_Eldo_1961.rds
simplified_Eldo_1962.rds
simplified_Eldo_1963.rds
simplified_Eldo_1964.rds
simplified_Eldo_2005.rds
simplified_Eldo_2006.rds
simplified_Eldo_2007.rds
simplified_Eldo_2008.rds
simplified_Eldo_2009.rds
simplified_Eldo_2010.rds
simplified_Eldo_2011.rds
simplified_Eldo_2012.rds
simplified_Eldo_2013.rds
simplified_Eldo_2014.rds
simplified_Eldo_2015.rds
simplified_Eldo_2016.rds
simplified_Eldo_2017.rds
simplified_Eldo_2018.rds
simplified_Eldo_2019.rds
simplified_Eldo_2020.rds
simplified_Eldo_2021.rds
simplified_Eldo_2022.rds
simplified_Eldo_2023.rds
simplified_Eldo_2024.rds
Processing batch 1/12 (rows 1-1000)
  Calculated 1000 temperatures. Range: 1.68 to 60.00
Processing batch 2/12 (rows 1001-2000)
  Calculated 1000 temperatures. Range: 2.66 to 45.76
Processing batch 3/12 (rows 2001-3000)
  Calculated 1000 temperatures. Range: 3.01 to 49.55
Processing batch 4/12 (rows 3001-4000)
  Calculated 1000 temperatures. Range: 6.31 to 41.02
Processing batch 5/12 (rows 4001-5000)
  Calculated 1000 temperatures. Range: 2.85 to 39.66
Processing batch 6/12 (rows 5001-6000)
  Calculated 1000 temperatures. Range: 4.38 to 21.73
Processing batch 7/12 (rows 6001-7000)
  Calculated 1000 temperatures. Range: 3.54 to 23.72
Processing batch 8/12 (rows 7001-8000)
  Calculated 1000 temperatures. Range: 5.14 to 26.48
Processing batch 9/12 (rows 8001-9000)
  Calculated 1000 temperatures. Range: 3.03 to 47.56
Processing batch 10/12 (rows 9001-10000)
  Calculated 1000 temperatures. Range: 3.83 to 39.25
Processing batch 11/12 (rows 10001-11000)
  Calculated 1000 temperatures. Range: 3.88 to 36.98
Processing batch 12/12 (rows 11001-11035)
  Calculated 35 temperatures. Range: 7.34 to 34.93
Total observations: 11035, Unique timestamps: 2207
MR parameters: mass=0.33, elev=2195.0, b0=16.50, b1=0.85, b2=-0.47, b3=0.000108
Sample tb=300.90 K, log(mass)=-1.1087, 1/(kT)=38.554325, exponent=-2.3258, rmr=0.097702
Sample tb=290.02 K, log(mass)=-1.1087, 1/(kT)=39.999879, exponent=-3.0052, rmr=0.049527
Sample tb=299.25 K, log(mass)=-1.1087, 1/(kT)=38.767032, exponent=-2.4258, rmr=0.088407
Sample tb=293.23 K, log(mass)=-1.1087, 1/(kT)=39.562275, exponent=-2.7996, rmr=0.060836
Sample tb=281.75 K, log(mass)=-1.1087, 1/(kT)=41.174989, exponent=-3.5575, rmr=0.028509
MR results: 0 NA, 0 infinite, 0 negative, 0 zero
Energy calculations: 7152 non-zero gains, 11035 non-zero losses out of 11035 observations
Saved results to output/results/A1/2018/F/eb_results_MS_2018_A1_Eldo.rds

Processing: Species=MS, Year=2019, Origin=A1, Climate=Eldo, Sex=F
Looking for climate data at: /mmfs1/gscratch/biology/jmsmith/targeted_microclimate/Eldo/simplified_Eldo_2019.rds
Directory /mmfs1/gscratch/biology/jmsmith/targeted_microclimate/Eldo exists. Contents:
simplified_Eldo_1945.rds
simplified_Eldo_1946.rds
simplified_Eldo_1947.rds
simplified_Eldo_1948.rds
simplified_Eldo_1949.rds
simplified_Eldo_1950.rds
simplified_Eldo_1951.rds
simplified_Eldo_1952.rds
simplified_Eldo_1953.rds
simplified_Eldo_1954.rds
simplified_Eldo_1955.rds
simplified_Eldo_1956.rds
simplified_Eldo_1957.rds
simplified_Eldo_1958.rds
simplified_Eldo_1959.rds
simplified_Eldo_1960.rds
simplified_Eldo_1961.rds
simplified_Eldo_1962.rds
simplified_Eldo_1963.rds
simplified_Eldo_1964.rds
simplified_Eldo_2005.rds
simplified_Eldo_2006.rds
simplified_Eldo_2007.rds
simplified_Eldo_2008.rds
simplified_Eldo_2009.rds
simplified_Eldo_2010.rds
simplified_Eldo_2011.rds
simplified_Eldo_2012.rds
simplified_Eldo_2013.rds
simplified_Eldo_2014.rds
simplified_Eldo_2015.rds
simplified_Eldo_2016.rds
simplified_Eldo_2017.rds
simplified_Eldo_2018.rds
simplified_Eldo_2019.rds
simplified_Eldo_2020.rds
simplified_Eldo_2021.rds
simplified_Eldo_2022.rds
simplified_Eldo_2023.rds
simplified_Eldo_2024.rds
Processing batch 1/12 (rows 1-1000)
  Calculated 1000 temperatures. Range: 0.12 to 52.74
Processing batch 2/12 (rows 1001-2000)
  Calculated 1000 temperatures. Range: 3.91 to 55.30
Processing batch 3/12 (rows 2001-3000)
  Calculated 1000 temperatures. Range: 0.71 to 43.38
Processing batch 4/12 (rows 3001-4000)
  Calculated 1000 temperatures. Range: 6.78 to 46.19
Processing batch 5/12 (rows 4001-5000)
  Calculated 1000 temperatures. Range: 1.16 to 45.46
Processing batch 6/12 (rows 5001-6000)
  Calculated 1000 temperatures. Range: 3.95 to 21.58
Processing batch 7/12 (rows 6001-7000)
  Calculated 1000 temperatures. Range: 1.30 to 20.85
Processing batch 8/12 (rows 7001-8000)
  Calculated 1000 temperatures. Range: 2.55 to 26.79
Processing batch 9/12 (rows 8001-9000)
  Calculated 1000 temperatures. Range: 3.71 to 31.54
Processing batch 10/12 (rows 9001-10000)
  Calculated 1000 temperatures. Range: 1.03 to 42.42
Processing batch 11/12 (rows 10001-11000)
  Calculated 1000 temperatures. Range: 5.51 to 39.53
Processing batch 12/12 (rows 11001-11035)
  Calculated 35 temperatures. Range: 7.88 to 31.61
Total observations: 11035, Unique timestamps: 2207
MR parameters: mass=0.33, elev=2195.0, b0=16.50, b1=0.85, b2=-0.47, b3=0.000108
Sample tb=277.96 K, log(mass)=-1.1087, 1/(kT)=41.735870, exponent=-3.8212, rmr=0.021902
Sample tb=282.88 K, log(mass)=-1.1087, 1/(kT)=41.010440, exponent=-3.4802, rmr=0.030801
Sample tb=280.65 K, log(mass)=-1.1087, 1/(kT)=41.335346, exponent=-3.6329, rmr=0.026439
Sample tb=284.86 K, log(mass)=-1.1087, 1/(kT)=40.725505, exponent=-3.3463, rmr=0.035215
Sample tb=311.22 K, log(mass)=-1.1087, 1/(kT)=37.275543, exponent=-1.7248, rmr=0.178207
MR results: 0 NA, 0 infinite, 0 negative, 0 zero
Energy calculations: 7056 non-zero gains, 11035 non-zero losses out of 11035 observations
Saved results to output/results/A1/2019/F/eb_results_MS_2019_A1_Eldo.rds

Processing: Species=MS, Year=2020, Origin=A1, Climate=Eldo, Sex=F
Looking for climate data at: /mmfs1/gscratch/biology/jmsmith/targeted_microclimate/Eldo/simplified_Eldo_2020.rds
Directory /mmfs1/gscratch/biology/jmsmith/targeted_microclimate/Eldo exists. Contents:
simplified_Eldo_1945.rds
simplified_Eldo_1946.rds
simplified_Eldo_1947.rds
simplified_Eldo_1948.rds
simplified_Eldo_1949.rds
simplified_Eldo_1950.rds
simplified_Eldo_1951.rds
simplified_Eldo_1952.rds
simplified_Eldo_1953.rds
simplified_Eldo_1954.rds
simplified_Eldo_1955.rds
simplified_Eldo_1956.rds
simplified_Eldo_1957.rds
simplified_Eldo_1958.rds
simplified_Eldo_1959.rds
simplified_Eldo_1960.rds
simplified_Eldo_1961.rds
simplified_Eldo_1962.rds
simplified_Eldo_1963.rds
simplified_Eldo_1964.rds
simplified_Eldo_2005.rds
simplified_Eldo_2006.rds
simplified_Eldo_2007.rds
simplified_Eldo_2008.rds
simplified_Eldo_2009.rds
simplified_Eldo_2010.rds
simplified_Eldo_2011.rds
simplified_Eldo_2012.rds
simplified_Eldo_2013.rds
simplified_Eldo_2014.rds
simplified_Eldo_2015.rds
simplified_Eldo_2016.rds
simplified_Eldo_2017.rds
simplified_Eldo_2018.rds
simplified_Eldo_2019.rds
simplified_Eldo_2020.rds
simplified_Eldo_2021.rds
simplified_Eldo_2022.rds
simplified_Eldo_2023.rds
simplified_Eldo_2024.rds
Processing batch 1/12 (rows 1-1000)
  Calculated 1000 temperatures. Range: -0.22 to 54.76
Processing batch 2/12 (rows 1001-2000)
  Calculated 1000 temperatures. Range: 4.90 to 55.75
Processing batch 3/12 (rows 2001-3000)
  Calculated 1000 temperatures. Range: 1.63 to 44.65
Processing batch 4/12 (rows 3001-4000)
  Calculated 1000 temperatures. Range: 6.55 to 46.63
Processing batch 5/12 (rows 4001-5000)
  Calculated 1000 temperatures. Range: 1.61 to 41.43
Processing batch 6/12 (rows 5001-6000)
  Calculated 1000 temperatures. Range: 2.97 to 21.29
Processing batch 7/12 (rows 6001-7000)
  Calculated 1000 temperatures. Range: 2.51 to 23.63
Processing batch 8/12 (rows 7001-8000)
  Calculated 1000 temperatures. Range: 3.18 to 26.00
Processing batch 9/12 (rows 8001-9000)
  Calculated 1000 temperatures. Range: 3.78 to 37.49
Processing batch 10/12 (rows 9001-10000)
  Calculated 1000 temperatures. Range: 1.45 to 40.70
Processing batch 11/12 (rows 10001-11000)
  Calculated 1000 temperatures. Range: 6.69 to 43.30
Processing batch 12/12 (rows 11001-11035)
  Calculated 35 temperatures. Range: 3.11 to 31.10
Total observations: 11035, Unique timestamps: 2207
MR parameters: mass=0.33, elev=2195.0, b0=16.50, b1=0.85, b2=-0.47, b3=0.000108
Sample tb=295.88 K, log(mass)=-1.1087, 1/(kT)=39.208231, exponent=-2.6332, rmr=0.071850
Sample tb=315.24 K, log(mass)=-1.1087, 1/(kT)=36.800001, exponent=-1.5013, rmr=0.222839
Sample tb=287.74 K, log(mass)=-1.1087, 1/(kT)=40.317748, exponent=-3.1546, rmr=0.042654
Sample tb=284.70 K, log(mass)=-1.1087, 1/(kT)=40.747955, exponent=-3.3568, rmr=0.034845
Sample tb=282.86 K, log(mass)=-1.1087, 1/(kT)=41.013274, exponent=-3.4815, rmr=0.030760
MR results: 0 NA, 0 infinite, 0 negative, 0 zero
Energy calculations: 7122 non-zero gains, 11035 non-zero losses out of 11035 observations
Saved results to output/results/A1/2020/F/eb_results_MS_2020_A1_Eldo.rds

Processing: Species=MS, Year=2021, Origin=A1, Climate=Eldo, Sex=F
Looking for climate data at: /mmfs1/gscratch/biology/jmsmith/targeted_microclimate/Eldo/simplified_Eldo_2021.rds
Directory /mmfs1/gscratch/biology/jmsmith/targeted_microclimate/Eldo exists. Contents:
simplified_Eldo_1945.rds
simplified_Eldo_1946.rds
simplified_Eldo_1947.rds
simplified_Eldo_1948.rds
simplified_Eldo_1949.rds
simplified_Eldo_1950.rds
simplified_Eldo_1951.rds
simplified_Eldo_1952.rds
simplified_Eldo_1953.rds
simplified_Eldo_1954.rds
simplified_Eldo_1955.rds
simplified_Eldo_1956.rds
simplified_Eldo_1957.rds
simplified_Eldo_1958.rds
simplified_Eldo_1959.rds
simplified_Eldo_1960.rds
simplified_Eldo_1961.rds
simplified_Eldo_1962.rds
simplified_Eldo_1963.rds
simplified_Eldo_1964.rds
simplified_Eldo_2005.rds
simplified_Eldo_2006.rds
simplified_Eldo_2007.rds
simplified_Eldo_2008.rds
simplified_Eldo_2009.rds
simplified_Eldo_2010.rds
simplified_Eldo_2011.rds
simplified_Eldo_2012.rds
simplified_Eldo_2013.rds
simplified_Eldo_2014.rds
simplified_Eldo_2015.rds
simplified_Eldo_2016.rds
simplified_Eldo_2017.rds
simplified_Eldo_2018.rds
simplified_Eldo_2019.rds
simplified_Eldo_2020.rds
simplified_Eldo_2021.rds
simplified_Eldo_2022.rds
simplified_Eldo_2023.rds
simplified_Eldo_2024.rds
Processing batch 1/12 (rows 1-1000)
  Calculated 1000 temperatures. Range: 0.81 to 53.93
Processing batch 2/12 (rows 1001-2000)
  Calculated 1000 temperatures. Range: 5.27 to 53.16
Processing batch 3/12 (rows 2001-3000)
  Calculated 1000 temperatures. Range: 1.32 to 46.58
Processing batch 4/12 (rows 3001-4000)
  Calculated 1000 temperatures. Range: 6.63 to 45.75
Processing batch 5/12 (rows 4001-5000)
  Calculated 1000 temperatures. Range: 1.89 to 39.83
Processing batch 6/12 (rows 5001-6000)
  Calculated 1000 temperatures. Range: 4.78 to 21.73
Processing batch 7/12 (rows 6001-7000)
  Calculated 1000 temperatures. Range: 1.91 to 25.67
Processing batch 8/12 (rows 7001-8000)
  Calculated 1000 temperatures. Range: 5.39 to 25.94
Processing batch 9/12 (rows 8001-9000)
  Calculated 1000 temperatures. Range: 1.67 to 35.18
Processing batch 10/12 (rows 9001-10000)
  Calculated 1000 temperatures. Range: 2.23 to 42.31
Processing batch 11/12 (rows 10001-11000)
  Calculated 1000 temperatures. Range: 6.57 to 40.83
Processing batch 12/12 (rows 11001-11035)
  Calculated 35 temperatures. Range: 6.50 to 36.37
Total observations: 11035, Unique timestamps: 2207
MR parameters: mass=0.33, elev=2195.0, b0=16.50, b1=0.85, b2=-0.47, b3=0.000108
Sample tb=287.67 K, log(mass)=-1.1087, 1/(kT)=40.327113, exponent=-3.1590, rmr=0.042466
Sample tb=301.27 K, log(mass)=-1.1087, 1/(kT)=38.506430, exponent=-2.3033, rmr=0.099926
Sample tb=282.23 K, log(mass)=-1.1087, 1/(kT)=41.104355, exponent=-3.5243, rmr=0.029471
Sample tb=286.90 K, log(mass)=-1.1087, 1/(kT)=40.435382, exponent=-3.2099, rmr=0.040359
Sample tb=284.22 K, log(mass)=-1.1087, 1/(kT)=40.816868, exponent=-3.3892, rmr=0.033735
MR results: 0 NA, 0 infinite, 0 negative, 0 zero
Energy calculations: 7264 non-zero gains, 11035 non-zero losses out of 11035 observations
Saved results to output/results/A1/2021/F/eb_results_MS_2021_A1_Eldo.rds

Processing: Species=MS, Year=2022, Origin=A1, Climate=Eldo, Sex=F
Looking for climate data at: /mmfs1/gscratch/biology/jmsmith/targeted_microclimate/Eldo/simplified_Eldo_2022.rds
Directory /mmfs1/gscratch/biology/jmsmith/targeted_microclimate/Eldo exists. Contents:
simplified_Eldo_1945.rds
simplified_Eldo_1946.rds
simplified_Eldo_1947.rds
simplified_Eldo_1948.rds
simplified_Eldo_1949.rds
simplified_Eldo_1950.rds
simplified_Eldo_1951.rds
simplified_Eldo_1952.rds
simplified_Eldo_1953.rds
simplified_Eldo_1954.rds
simplified_Eldo_1955.rds
simplified_Eldo_1956.rds
simplified_Eldo_1957.rds
simplified_Eldo_1958.rds
simplified_Eldo_1959.rds
simplified_Eldo_1960.rds
simplified_Eldo_1961.rds
simplified_Eldo_1962.rds
simplified_Eldo_1963.rds
simplified_Eldo_1964.rds
simplified_Eldo_2005.rds
simplified_Eldo_2006.rds
simplified_Eldo_2007.rds
simplified_Eldo_2008.rds
simplified_Eldo_2009.rds
simplified_Eldo_2010.rds
simplified_Eldo_2011.rds
simplified_Eldo_2012.rds
simplified_Eldo_2013.rds
simplified_Eldo_2014.rds
simplified_Eldo_2015.rds
simplified_Eldo_2016.rds
simplified_Eldo_2017.rds
simplified_Eldo_2018.rds
simplified_Eldo_2019.rds
simplified_Eldo_2020.rds
simplified_Eldo_2021.rds
simplified_Eldo_2022.rds
simplified_Eldo_2023.rds
simplified_Eldo_2024.rds
Processing batch 1/12 (rows 1-1000)
  Calculated 1000 temperatures. Range: 1.34 to 54.22
Processing batch 2/12 (rows 1001-2000)
  Calculated 1000 temperatures. Range: 5.80 to 55.14
Processing batch 3/12 (rows 2001-3000)
  Calculated 1000 temperatures. Range: 1.46 to 44.67
Processing batch 4/12 (rows 3001-4000)
  Calculated 1000 temperatures. Range: 8.30 to 46.95
Processing batch 5/12 (rows 4001-5000)
  Calculated 1000 temperatures. Range: 1.74 to 38.13
Processing batch 6/12 (rows 5001-6000)
  Calculated 1000 temperatures. Range: 5.14 to 22.21
Processing batch 7/12 (rows 6001-7000)
  Calculated 1000 temperatures. Range: 1.67 to 25.06
Processing batch 8/12 (rows 7001-8000)
  Calculated 1000 temperatures. Range: 5.10 to 26.21
Processing batch 9/12 (rows 8001-9000)
  Calculated 1000 temperatures. Range: 1.80 to 34.70
Processing batch 10/12 (rows 9001-10000)
  Calculated 1000 temperatures. Range: 3.36 to 43.58
Processing batch 11/12 (rows 10001-11000)
  Calculated 1000 temperatures. Range: 6.82 to 41.15
Processing batch 12/12 (rows 11001-11035)
  Calculated 35 temperatures. Range: 6.81 to 30.16
Total observations: 11035, Unique timestamps: 2207
MR parameters: mass=0.33, elev=2195.0, b0=16.50, b1=0.85, b2=-0.47, b3=0.000108
Sample tb=286.52 K, log(mass)=-1.1087, 1/(kT)=40.489425, exponent=-3.2353, rmr=0.039347
Sample tb=287.94 K, log(mass)=-1.1087, 1/(kT)=40.288914, exponent=-3.1411, rmr=0.043236
Sample tb=305.26 K, log(mass)=-1.1087, 1/(kT)=38.003717, exponent=-2.0671, rmr=0.126559
Sample tb=291.32 K, log(mass)=-1.1087, 1/(kT)=39.821994, exponent=-2.9216, rmr=0.053845
Sample tb=283.87 K, log(mass)=-1.1087, 1/(kT)=40.867338, exponent=-3.4130, rmr=0.032944
MR results: 0 NA, 0 infinite, 0 negative, 0 zero
Energy calculations: 7675 non-zero gains, 11035 non-zero losses out of 11035 observations
Saved results to output/results/A1/2022/F/eb_results_MS_2022_A1_Eldo.rds

Processing: Species=MS, Year=2023, Origin=A1, Climate=Eldo, Sex=F
Looking for climate data at: /mmfs1/gscratch/biology/jmsmith/targeted_microclimate/Eldo/simplified_Eldo_2023.rds
Directory /mmfs1/gscratch/biology/jmsmith/targeted_microclimate/Eldo exists. Contents:
simplified_Eldo_1945.rds
simplified_Eldo_1946.rds
simplified_Eldo_1947.rds
simplified_Eldo_1948.rds
simplified_Eldo_1949.rds
simplified_Eldo_1950.rds
simplified_Eldo_1951.rds
simplified_Eldo_1952.rds
simplified_Eldo_1953.rds
simplified_Eldo_1954.rds
simplified_Eldo_1955.rds
simplified_Eldo_1956.rds
simplified_Eldo_1957.rds
simplified_Eldo_1958.rds
simplified_Eldo_1959.rds
simplified_Eldo_1960.rds
simplified_Eldo_1961.rds
simplified_Eldo_1962.rds
simplified_Eldo_1963.rds
simplified_Eldo_1964.rds
simplified_Eldo_2005.rds
simplified_Eldo_2006.rds
simplified_Eldo_2007.rds
simplified_Eldo_2008.rds
simplified_Eldo_2009.rds
simplified_Eldo_2010.rds
simplified_Eldo_2011.rds
simplified_Eldo_2012.rds
simplified_Eldo_2013.rds
simplified_Eldo_2014.rds
simplified_Eldo_2015.rds
simplified_Eldo_2016.rds
simplified_Eldo_2017.rds
simplified_Eldo_2018.rds
simplified_Eldo_2019.rds
simplified_Eldo_2020.rds
simplified_Eldo_2021.rds
simplified_Eldo_2022.rds
simplified_Eldo_2023.rds
simplified_Eldo_2024.rds
Processing batch 1/12 (rows 1-1000)
  Calculated 1000 temperatures. Range: 1.89 to 48.39
Processing batch 2/12 (rows 1001-2000)
  Calculated 1000 temperatures. Range: 4.37 to 55.27
Processing batch 3/12 (rows 2001-3000)
  Calculated 1000 temperatures. Range: 3.72 to 42.06
Processing batch 4/12 (rows 3001-4000)
  Calculated 1000 temperatures. Range: 5.38 to 45.88
Processing batch 5/12 (rows 4001-5000)
  Calculated 1000 temperatures. Range: 3.04 to 42.37
Processing batch 6/12 (rows 5001-6000)
  Calculated 1000 temperatures. Range: 4.99 to 21.64
Processing batch 7/12 (rows 6001-7000)
  Calculated 1000 temperatures. Range: 4.17 to 21.56
Processing batch 8/12 (rows 7001-8000)
  Calculated 1000 temperatures. Range: 4.51 to 25.89
Processing batch 9/12 (rows 8001-9000)
  Calculated 1000 temperatures. Range: 5.24 to 28.53
Processing batch 10/12 (rows 9001-10000)
  Calculated 1000 temperatures. Range: 3.45 to 40.96
Processing batch 11/12 (rows 10001-11000)
  Calculated 1000 temperatures. Range: 5.58 to 42.30
Processing batch 12/12 (rows 11001-11035)
  Calculated 35 temperatures. Range: 7.50 to 34.03
Total observations: 11035, Unique timestamps: 2207
MR parameters: mass=0.33, elev=2195.0, b0=16.50, b1=0.85, b2=-0.47, b3=0.000108
Sample tb=310.22 K, log(mass)=-1.1087, 1/(kT)=37.396156, exponent=-1.7815, rmr=0.168386
Sample tb=286.28 K, log(mass)=-1.1087, 1/(kT)=40.522666, exponent=-3.2510, rmr=0.038737
Sample tb=286.41 K, log(mass)=-1.1087, 1/(kT)=40.504645, exponent=-3.2425, rmr=0.039067
Sample tb=284.40 K, log(mass)=-1.1087, 1/(kT)=40.790876, exponent=-3.3770, rmr=0.034149
Sample tb=285.36 K, log(mass)=-1.1087, 1/(kT)=40.653346, exponent=-3.3124, rmr=0.036430
MR results: 0 NA, 0 infinite, 0 negative, 0 zero
Energy calculations: 6864 non-zero gains, 11035 non-zero losses out of 11035 observations
Saved results to output/results/A1/2023/F/eb_results_MS_2023_A1_Eldo.rds

Processing: Species=MS, Year=2024, Origin=A1, Climate=Eldo, Sex=F
Looking for climate data at: /mmfs1/gscratch/biology/jmsmith/targeted_microclimate/Eldo/simplified_Eldo_2024.rds
Directory /mmfs1/gscratch/biology/jmsmith/targeted_microclimate/Eldo exists. Contents:
simplified_Eldo_1945.rds
simplified_Eldo_1946.rds
simplified_Eldo_1947.rds
simplified_Eldo_1948.rds
simplified_Eldo_1949.rds
simplified_Eldo_1950.rds
simplified_Eldo_1951.rds
simplified_Eldo_1952.rds
simplified_Eldo_1953.rds
simplified_Eldo_1954.rds
simplified_Eldo_1955.rds
simplified_Eldo_1956.rds
simplified_Eldo_1957.rds
simplified_Eldo_1958.rds
simplified_Eldo_1959.rds
simplified_Eldo_1960.rds
simplified_Eldo_1961.rds
simplified_Eldo_1962.rds
simplified_Eldo_1963.rds
simplified_Eldo_1964.rds
simplified_Eldo_2005.rds
simplified_Eldo_2006.rds
simplified_Eldo_2007.rds
simplified_Eldo_2008.rds
simplified_Eldo_2009.rds
simplified_Eldo_2010.rds
simplified_Eldo_2011.rds
simplified_Eldo_2012.rds
simplified_Eldo_2013.rds
simplified_Eldo_2014.rds
simplified_Eldo_2015.rds
simplified_Eldo_2016.rds
simplified_Eldo_2017.rds
simplified_Eldo_2018.rds
simplified_Eldo_2019.rds
simplified_Eldo_2020.rds
simplified_Eldo_2021.rds
simplified_Eldo_2022.rds
simplified_Eldo_2023.rds
simplified_Eldo_2024.rds
Processing batch 1/12 (rows 1-1000)
  Calculated 1000 temperatures. Range: 0.98 to 59.07
Processing batch 2/12 (rows 1001-2000)
  Calculated 1000 temperatures. Range: 5.52 to 50.40
Processing batch 3/12 (rows 2001-3000)
  Calculated 1000 temperatures. Range: 3.15 to 49.38
Processing batch 4/12 (rows 3001-4000)
  Calculated 1000 temperatures. Range: 4.90 to 42.90
Processing batch 5/12 (rows 4001-5000)
  Calculated 1000 temperatures. Range: 2.50 to 41.03
Processing batch 6/12 (rows 5001-6000)
  Calculated 1000 temperatures. Range: 4.54 to 21.07
Processing batch 7/12 (rows 6001-7000)
  Calculated 1000 temperatures. Range: 5.22 to 24.63
Processing batch 8/12 (rows 7001-8000)
  Calculated 1000 temperatures. Range: 3.99 to 26.37
Processing batch 9/12 (rows 8001-9000)
  Calculated 1000 temperatures. Range: 4.40 to 35.41
Processing batch 10/12 (rows 9001-10000)
  Calculated 1000 temperatures. Range: 2.73 to 45.60
Processing batch 11/12 (rows 10001-11000)
  Calculated 1000 temperatures. Range: 5.50 to 40.07
Processing batch 12/12 (rows 11001-11035)
  Calculated 35 temperatures. Range: 5.32 to 28.39
Total observations: 11035, Unique timestamps: 2207
MR parameters: mass=0.33, elev=2195.0, b0=16.50, b1=0.85, b2=-0.47, b3=0.000108
Sample tb=313.71 K, log(mass)=-1.1087, 1/(kT)=36.979301, exponent=-1.5856, rmr=0.204830
Sample tb=284.04 K, log(mass)=-1.1087, 1/(kT)=40.841937, exponent=-3.4010, rmr=0.033339
Sample tb=286.59 K, log(mass)=-1.1087, 1/(kT)=40.478922, exponent=-3.2304, rmr=0.039542
Sample tb=308.61 K, log(mass)=-1.1087, 1/(kT)=37.591396, exponent=-1.8733, rmr=0.153622
Sample tb=289.06 K, log(mass)=-1.1087, 1/(kT)=40.132842, exponent=-3.0677, rmr=0.046526
MR results: 0 NA, 0 infinite, 0 negative, 0 zero
Energy calculations: 7521 non-zero gains, 11035 non-zero losses out of 11035 observations
Saved results to output/results/A1/2024/F/eb_results_MS_2024_A1_Eldo.rds

All years processed.
