Arguments received:
Species: MB
Years: 2005, 2006, 2007, 2008, 2009, 2010, 2011, 2012, 2013, 2014, 2015, 2016, 2017, 2018, 2019, 2020, 2021, 2022, 2023, 2024
Origin site: C1
Climate site: A1
Sex: M
Output directory: output/results/C1
Library paths:
[1] "/gscratch/biology/jmsmith/R"                          
[2] "/mmfs1/home/smithju/R/x86_64-pc-linux-gnu-library/4.4"
[3] "/usr/local/lib/R/site-library"                        
[4] "/usr/local/lib/R/library"                             
Package tidyverse loaded successfully
Package TrenchR loaded successfully
Package rTPC loaded successfully
Package lubridate loaded successfully

Processing: Species=MB, Year=2005, Origin=C1, Climate=A1, Sex=M
Looking for climate data at: /mmfs1/gscratch/biology/jmsmith/targeted_microclimate/A1/simplified_A1_2005.rds
Directory /mmfs1/gscratch/biology/jmsmith/targeted_microclimate/A1 exists. Contents:
simplified_A1_1945.rds
simplified_A1_1946.rds
simplified_A1_1947.rds
simplified_A1_1948.rds
simplified_A1_1949.rds
simplified_A1_1950.rds
simplified_A1_1951.rds
simplified_A1_1952.rds
simplified_A1_1953.rds
simplified_A1_1954.rds
simplified_A1_1955.rds
simplified_A1_1956.rds
simplified_A1_1957.rds
simplified_A1_1958.rds
simplified_A1_1959.rds
simplified_A1_1960.rds
simplified_A1_1961.rds
simplified_A1_1962.rds
simplified_A1_1963.rds
simplified_A1_1964.rds
simplified_A1_2005.rds
simplified_A1_2006.rds
simplified_A1_2007.rds
simplified_A1_2008.rds
simplified_A1_2009.rds
simplified_A1_2010.rds
simplified_A1_2011.rds
simplified_A1_2012.rds
simplified_A1_2013.rds
simplified_A1_2014.rds
simplified_A1_2015.rds
simplified_A1_2016.rds
simplified_A1_2017.rds
simplified_A1_2018.rds
simplified_A1_2019.rds
simplified_A1_2020.rds
simplified_A1_2021.rds
simplified_A1_2022.rds
simplified_A1_2023.rds
simplified_A1_2024.rds
Processing batch 1/12 (rows 1-1000)
  Calculated 1000 temperatures. Range: 0.42 to 60.00
Processing batch 2/12 (rows 1001-2000)
  Calculated 1000 temperatures. Range: 4.82 to 60.00
Processing batch 3/12 (rows 2001-3000)
  Calculated 1000 temperatures. Range: 1.77 to 46.90
Processing batch 4/12 (rows 3001-4000)
  Calculated 1000 temperatures. Range: 5.82 to 54.14
Processing batch 5/12 (rows 4001-5000)
  Calculated 1000 temperatures. Range: 1.80 to 39.88
Processing batch 6/12 (rows 5001-6000)
  Calculated 1000 temperatures. Range: 4.77 to 39.32
Processing batch 7/12 (rows 6001-7000)
  Calculated 1000 temperatures. Range: 1.30 to 36.68
Processing batch 8/12 (rows 7001-8000)
  Calculated 1000 temperatures. Range: 4.29 to 22.54
Processing batch 9/12 (rows 8001-9000)
  Calculated 1000 temperatures. Range: 3.35 to 20.70
Processing batch 10/12 (rows 9001-10000)
  Calculated 1000 temperatures. Range: 2.71 to 27.11
Processing batch 11/12 (rows 10001-11000)
  Calculated 1000 temperatures. Range: 6.16 to 27.75
Processing batch 12/12 (rows 11001-11035)
  Calculated 35 temperatures. Range: 5.07 to 24.96
Total observations: 11035, Unique timestamps: 2207
MR parameters: mass=0.24, elev=3014.0, b0=17.10, b1=0.98, b2=-0.48, b3=0.000124
Sample tb=284.60 K, log(mass)=-1.4271, 1/(kT)=40.762162, exponent=-3.4907, rmr=0.030480
Sample tb=288.91 K, log(mass)=-1.4271, 1/(kT)=40.154676, exponent=-3.1991, rmr=0.040800
Sample tb=287.38 K, log(mass)=-1.4271, 1/(kT)=40.367483, exponent=-3.3012, rmr=0.036838
Sample tb=289.02 K, log(mass)=-1.4271, 1/(kT)=40.138573, exponent=-3.1914, rmr=0.041116
Sample tb=302.95 K, log(mass)=-1.4271, 1/(kT)=38.293506, exponent=-2.3057, rmr=0.099687
MR results: 0 NA, 0 infinite, 0 negative, 0 zero
Energy calculations: 5666 non-zero gains, 11035 non-zero losses out of 11035 observations
Saved results to output/results/C1/2005/M/eb_results_MB_2005_C1_A1.rds

Processing: Species=MB, Year=2006, Origin=C1, Climate=A1, Sex=M
Looking for climate data at: /mmfs1/gscratch/biology/jmsmith/targeted_microclimate/A1/simplified_A1_2006.rds
Directory /mmfs1/gscratch/biology/jmsmith/targeted_microclimate/A1 exists. Contents:
simplified_A1_1945.rds
simplified_A1_1946.rds
simplified_A1_1947.rds
simplified_A1_1948.rds
simplified_A1_1949.rds
simplified_A1_1950.rds
simplified_A1_1951.rds
simplified_A1_1952.rds
simplified_A1_1953.rds
simplified_A1_1954.rds
simplified_A1_1955.rds
simplified_A1_1956.rds
simplified_A1_1957.rds
simplified_A1_1958.rds
simplified_A1_1959.rds
simplified_A1_1960.rds
simplified_A1_1961.rds
simplified_A1_1962.rds
simplified_A1_1963.rds
simplified_A1_1964.rds
simplified_A1_2005.rds
simplified_A1_2006.rds
simplified_A1_2007.rds
simplified_A1_2008.rds
simplified_A1_2009.rds
simplified_A1_2010.rds
simplified_A1_2011.rds
simplified_A1_2012.rds
simplified_A1_2013.rds
simplified_A1_2014.rds
simplified_A1_2015.rds
simplified_A1_2016.rds
simplified_A1_2017.rds
simplified_A1_2018.rds
simplified_A1_2019.rds
simplified_A1_2020.rds
simplified_A1_2021.rds
simplified_A1_2022.rds
simplified_A1_2023.rds
simplified_A1_2024.rds
Processing batch 1/12 (rows 1-1000)
  Calculated 1000 temperatures. Range: 3.58 to 55.25
Processing batch 2/12 (rows 1001-2000)
  Calculated 1000 temperatures. Range: 5.76 to 59.02
Processing batch 3/12 (rows 2001-3000)
  Calculated 1000 temperatures. Range: 3.33 to 46.27
Processing batch 4/12 (rows 3001-4000)
  Calculated 1000 temperatures. Range: 8.22 to 48.37
Processing batch 5/12 (rows 4001-5000)
  Calculated 1000 temperatures. Range: 4.55 to 41.35
Processing batch 6/12 (rows 5001-6000)
  Calculated 1000 temperatures. Range: 5.66 to 42.98
Processing batch 7/12 (rows 6001-7000)
  Calculated 1000 temperatures. Range: 4.72 to 37.73
Processing batch 8/12 (rows 7001-8000)
  Calculated 1000 temperatures. Range: 4.09 to 21.56
Processing batch 9/12 (rows 8001-9000)
  Calculated 1000 temperatures. Range: 4.54 to 24.78
Processing batch 10/12 (rows 9001-10000)
  Calculated 1000 temperatures. Range: 4.76 to 27.88
Processing batch 11/12 (rows 10001-11000)
  Calculated 1000 temperatures. Range: 5.85 to 27.08
Processing batch 12/12 (rows 11001-11035)
  Calculated 35 temperatures. Range: 9.09 to 22.99
Total observations: 11035, Unique timestamps: 2207
MR parameters: mass=0.24, elev=3014.0, b0=17.10, b1=0.98, b2=-0.48, b3=0.000124
Sample tb=291.13 K, log(mass)=-1.4271, 1/(kT)=39.848597, exponent=-3.0522, rmr=0.047257
Sample tb=296.06 K, log(mass)=-1.4271, 1/(kT)=39.184612, exponent=-2.7335, rmr=0.064995
Sample tb=282.15 K, log(mass)=-1.4271, 1/(kT)=41.115651, exponent=-3.6604, rmr=0.025724
Sample tb=282.63 K, log(mass)=-1.4271, 1/(kT)=41.046256, exponent=-3.6270, rmr=0.026595
Sample tb=299.52 K, log(mass)=-1.4271, 1/(kT)=38.732280, exponent=-2.5163, rmr=0.080755
MR results: 0 NA, 0 infinite, 0 negative, 0 zero
Energy calculations: 6182 non-zero gains, 11035 non-zero losses out of 11035 observations
Saved results to output/results/C1/2006/M/eb_results_MB_2006_C1_A1.rds

Processing: Species=MB, Year=2007, Origin=C1, Climate=A1, Sex=M
Looking for climate data at: /mmfs1/gscratch/biology/jmsmith/targeted_microclimate/A1/simplified_A1_2007.rds
Directory /mmfs1/gscratch/biology/jmsmith/targeted_microclimate/A1 exists. Contents:
simplified_A1_1945.rds
simplified_A1_1946.rds
simplified_A1_1947.rds
simplified_A1_1948.rds
simplified_A1_1949.rds
simplified_A1_1950.rds
simplified_A1_1951.rds
simplified_A1_1952.rds
simplified_A1_1953.rds
simplified_A1_1954.rds
simplified_A1_1955.rds
simplified_A1_1956.rds
simplified_A1_1957.rds
simplified_A1_1958.rds
simplified_A1_1959.rds
simplified_A1_1960.rds
simplified_A1_1961.rds
simplified_A1_1962.rds
simplified_A1_1963.rds
simplified_A1_1964.rds
simplified_A1_2005.rds
simplified_A1_2006.rds
simplified_A1_2007.rds
simplified_A1_2008.rds
simplified_A1_2009.rds
simplified_A1_2010.rds
simplified_A1_2011.rds
simplified_A1_2012.rds
simplified_A1_2013.rds
simplified_A1_2014.rds
simplified_A1_2015.rds
simplified_A1_2016.rds
simplified_A1_2017.rds
simplified_A1_2018.rds
simplified_A1_2019.rds
simplified_A1_2020.rds
simplified_A1_2021.rds
simplified_A1_2022.rds
simplified_A1_2023.rds
simplified_A1_2024.rds
Processing batch 1/12 (rows 1-1000)
  Calculated 1000 temperatures. Range: -1.98 to 60.00
Processing batch 2/12 (rows 1001-2000)
  Calculated 1000 temperatures. Range: 7.05 to 48.02
Processing batch 3/12 (rows 2001-3000)
  Calculated 1000 temperatures. Range: -0.27 to 49.13
Processing batch 4/12 (rows 3001-4000)
  Calculated 1000 temperatures. Range: 8.52 to 39.88
Processing batch 5/12 (rows 4001-5000)
  Calculated 1000 temperatures. Range: -0.43 to 45.23
Processing batch 6/12 (rows 5001-6000)
  Calculated 1000 temperatures. Range: 7.71 to 38.47
Processing batch 7/12 (rows 6001-7000)
  Calculated 1000 temperatures. Range: -0.29 to 36.01
Processing batch 8/12 (rows 7001-8000)
  Calculated 1000 temperatures. Range: 3.80 to 21.51
Processing batch 9/12 (rows 8001-9000)
  Calculated 1000 temperatures. Range: 3.16 to 21.19
Processing batch 10/12 (rows 9001-10000)
  Calculated 1000 temperatures. Range: 0.69 to 27.04
Processing batch 11/12 (rows 10001-11000)
  Calculated 1000 temperatures. Range: 8.62 to 25.81
Processing batch 12/12 (rows 11001-11035)
  Calculated 35 temperatures. Range: 9.57 to 23.53
Total observations: 11035, Unique timestamps: 2207
MR parameters: mass=0.24, elev=3014.0, b0=17.10, b1=0.98, b2=-0.48, b3=0.000124
Sample tb=300.47 K, log(mass)=-1.4271, 1/(kT)=38.609868, exponent=-2.4576, rmr=0.085642
Sample tb=293.07 K, log(mass)=-1.4271, 1/(kT)=39.583871, exponent=-2.9251, rmr=0.053660
Sample tb=283.23 K, log(mass)=-1.4271, 1/(kT)=40.959903, exponent=-3.5856, rmr=0.027720
Sample tb=321.57 K, log(mass)=-1.4271, 1/(kT)=36.075500, exponent=-1.2411, rmr=0.289072
Sample tb=284.15 K, log(mass)=-1.4271, 1/(kT)=40.826486, exponent=-3.5216, rmr=0.029554
MR results: 0 NA, 0 infinite, 0 negative, 0 zero
Energy calculations: 6336 non-zero gains, 11035 non-zero losses out of 11035 observations
Saved results to output/results/C1/2007/M/eb_results_MB_2007_C1_A1.rds

Processing: Species=MB, Year=2008, Origin=C1, Climate=A1, Sex=M
Looking for climate data at: /mmfs1/gscratch/biology/jmsmith/targeted_microclimate/A1/simplified_A1_2008.rds
Directory /mmfs1/gscratch/biology/jmsmith/targeted_microclimate/A1 exists. Contents:
simplified_A1_1945.rds
simplified_A1_1946.rds
simplified_A1_1947.rds
simplified_A1_1948.rds
simplified_A1_1949.rds
simplified_A1_1950.rds
simplified_A1_1951.rds
simplified_A1_1952.rds
simplified_A1_1953.rds
simplified_A1_1954.rds
simplified_A1_1955.rds
simplified_A1_1956.rds
simplified_A1_1957.rds
simplified_A1_1958.rds
simplified_A1_1959.rds
simplified_A1_1960.rds
simplified_A1_1961.rds
simplified_A1_1962.rds
simplified_A1_1963.rds
simplified_A1_1964.rds
simplified_A1_2005.rds
simplified_A1_2006.rds
simplified_A1_2007.rds
simplified_A1_2008.rds
simplified_A1_2009.rds
simplified_A1_2010.rds
simplified_A1_2011.rds
simplified_A1_2012.rds
simplified_A1_2013.rds
simplified_A1_2014.rds
simplified_A1_2015.rds
simplified_A1_2016.rds
simplified_A1_2017.rds
simplified_A1_2018.rds
simplified_A1_2019.rds
simplified_A1_2020.rds
simplified_A1_2021.rds
simplified_A1_2022.rds
simplified_A1_2023.rds
simplified_A1_2024.rds
Processing batch 1/12 (rows 1-1000)
  Calculated 1000 temperatures. Range: -1.64 to 60.00
Processing batch 2/12 (rows 1001-2000)
  Calculated 1000 temperatures. Range: 4.32 to 60.00
Processing batch 3/12 (rows 2001-3000)
  Calculated 1000 temperatures. Range: 0.61 to 47.88
Processing batch 4/12 (rows 3001-4000)
  Calculated 1000 temperatures. Range: 5.90 to 52.59
Processing batch 5/12 (rows 4001-5000)
  Calculated 1000 temperatures. Range: 0.04 to 45.18
Processing batch 6/12 (rows 5001-6000)
  Calculated 1000 temperatures. Range: 4.02 to 42.34
Processing batch 7/12 (rows 6001-7000)
  Calculated 1000 temperatures. Range: -0.27 to 36.07
Processing batch 8/12 (rows 7001-8000)
  Calculated 1000 temperatures. Range: 3.72 to 20.63
Processing batch 9/12 (rows 8001-9000)
  Calculated 1000 temperatures. Range: 5.15 to 21.80
Processing batch 10/12 (rows 9001-10000)
  Calculated 1000 temperatures. Range: 1.29 to 25.46
Processing batch 11/12 (rows 10001-11000)
  Calculated 1000 temperatures. Range: 6.13 to 26.45
Processing batch 12/12 (rows 11001-11035)
  Calculated 35 temperatures. Range: 9.39 to 22.28
Total observations: 11035, Unique timestamps: 2207
MR parameters: mass=0.24, elev=3014.0, b0=17.10, b1=0.98, b2=-0.48, b3=0.000124
Sample tb=286.90 K, log(mass)=-1.4271, 1/(kT)=40.434877, exponent=-3.3336, rmr=0.035665
Sample tb=301.68 K, log(mass)=-1.4271, 1/(kT)=38.454261, exponent=-2.3829, rmr=0.092284
Sample tb=286.08 K, log(mass)=-1.4271, 1/(kT)=40.551660, exponent=-3.3896, rmr=0.033721
Sample tb=296.16 K, log(mass)=-1.4271, 1/(kT)=39.171632, exponent=-2.7272, rmr=0.065401
Sample tb=282.32 K, log(mass)=-1.4271, 1/(kT)=41.091567, exponent=-3.6488, rmr=0.026023
MR results: 0 NA, 0 infinite, 0 negative, 0 zero
Energy calculations: 5744 non-zero gains, 11035 non-zero losses out of 11035 observations
Saved results to output/results/C1/2008/M/eb_results_MB_2008_C1_A1.rds

Processing: Species=MB, Year=2009, Origin=C1, Climate=A1, Sex=M
Looking for climate data at: /mmfs1/gscratch/biology/jmsmith/targeted_microclimate/A1/simplified_A1_2009.rds
Directory /mmfs1/gscratch/biology/jmsmith/targeted_microclimate/A1 exists. Contents:
simplified_A1_1945.rds
simplified_A1_1946.rds
simplified_A1_1947.rds
simplified_A1_1948.rds
simplified_A1_1949.rds
simplified_A1_1950.rds
simplified_A1_1951.rds
simplified_A1_1952.rds
simplified_A1_1953.rds
simplified_A1_1954.rds
simplified_A1_1955.rds
simplified_A1_1956.rds
simplified_A1_1957.rds
simplified_A1_1958.rds
simplified_A1_1959.rds
simplified_A1_1960.rds
simplified_A1_1961.rds
simplified_A1_1962.rds
simplified_A1_1963.rds
simplified_A1_1964.rds
simplified_A1_2005.rds
simplified_A1_2006.rds
simplified_A1_2007.rds
simplified_A1_2008.rds
simplified_A1_2009.rds
simplified_A1_2010.rds
simplified_A1_2011.rds
simplified_A1_2012.rds
simplified_A1_2013.rds
simplified_A1_2014.rds
simplified_A1_2015.rds
simplified_A1_2016.rds
simplified_A1_2017.rds
simplified_A1_2018.rds
simplified_A1_2019.rds
simplified_A1_2020.rds
simplified_A1_2021.rds
simplified_A1_2022.rds
simplified_A1_2023.rds
simplified_A1_2024.rds
Processing batch 1/12 (rows 1-1000)
  Calculated 1000 temperatures. Range: 1.49 to 47.60
Processing batch 2/12 (rows 1001-2000)
  Calculated 1000 temperatures. Range: 2.84 to 47.23
Processing batch 3/12 (rows 2001-3000)
  Calculated 1000 temperatures. Range: 2.86 to 40.16
Processing batch 4/12 (rows 3001-4000)
  Calculated 1000 temperatures. Range: 5.87 to 40.13
Processing batch 5/12 (rows 4001-5000)
  Calculated 1000 temperatures. Range: 2.70 to 40.59
Processing batch 6/12 (rows 5001-6000)
  Calculated 1000 temperatures. Range: 5.68 to 37.54
Processing batch 7/12 (rows 6001-7000)
  Calculated 1000 temperatures. Range: 2.06 to 37.47
Processing batch 8/12 (rows 7001-8000)
  Calculated 1000 temperatures. Range: 4.75 to 20.15
Processing batch 9/12 (rows 8001-9000)
  Calculated 1000 temperatures. Range: 3.79 to 20.75
Processing batch 10/12 (rows 9001-10000)
  Calculated 1000 temperatures. Range: 3.37 to 24.46
Processing batch 11/12 (rows 10001-11000)
  Calculated 1000 temperatures. Range: 4.89 to 25.88
Processing batch 12/12 (rows 11001-11035)
  Calculated 35 temperatures. Range: 7.52 to 21.23
Total observations: 11035, Unique timestamps: 2207
MR parameters: mass=0.24, elev=3014.0, b0=17.10, b1=0.98, b2=-0.48, b3=0.000124
Sample tb=307.73 K, log(mass)=-1.4271, 1/(kT)=37.699008, exponent=-2.0204, rmr=0.132607
Sample tb=281.70 K, log(mass)=-1.4271, 1/(kT)=41.182129, exponent=-3.6923, rmr=0.024916
Sample tb=285.61 K, log(mass)=-1.4271, 1/(kT)=40.618612, exponent=-3.4218, rmr=0.032655
Sample tb=300.41 K, log(mass)=-1.4271, 1/(kT)=38.617227, exponent=-2.4611, rmr=0.085340
Sample tb=286.93 K, log(mass)=-1.4271, 1/(kT)=40.430555, exponent=-3.3315, rmr=0.035739
MR results: 0 NA, 0 infinite, 0 negative, 0 zero
Energy calculations: 5219 non-zero gains, 11035 non-zero losses out of 11035 observations
Saved results to output/results/C1/2009/M/eb_results_MB_2009_C1_A1.rds

Processing: Species=MB, Year=2010, Origin=C1, Climate=A1, Sex=M
Looking for climate data at: /mmfs1/gscratch/biology/jmsmith/targeted_microclimate/A1/simplified_A1_2010.rds
Directory /mmfs1/gscratch/biology/jmsmith/targeted_microclimate/A1 exists. Contents:
simplified_A1_1945.rds
simplified_A1_1946.rds
simplified_A1_1947.rds
simplified_A1_1948.rds
simplified_A1_1949.rds
simplified_A1_1950.rds
simplified_A1_1951.rds
simplified_A1_1952.rds
simplified_A1_1953.rds
simplified_A1_1954.rds
simplified_A1_1955.rds
simplified_A1_1956.rds
simplified_A1_1957.rds
simplified_A1_1958.rds
simplified_A1_1959.rds
simplified_A1_1960.rds
simplified_A1_1961.rds
simplified_A1_1962.rds
simplified_A1_1963.rds
simplified_A1_1964.rds
simplified_A1_2005.rds
simplified_A1_2006.rds
simplified_A1_2007.rds
simplified_A1_2008.rds
simplified_A1_2009.rds
simplified_A1_2010.rds
simplified_A1_2011.rds
simplified_A1_2012.rds
simplified_A1_2013.rds
simplified_A1_2014.rds
simplified_A1_2015.rds
simplified_A1_2016.rds
simplified_A1_2017.rds
simplified_A1_2018.rds
simplified_A1_2019.rds
simplified_A1_2020.rds
simplified_A1_2021.rds
simplified_A1_2022.rds
simplified_A1_2023.rds
simplified_A1_2024.rds
Processing batch 1/12 (rows 1-1000)
  Calculated 1000 temperatures. Range: 2.35 to 60.00
Processing batch 2/12 (rows 1001-2000)
  Calculated 1000 temperatures. Range: 5.18 to 57.31
Processing batch 3/12 (rows 2001-3000)
  Calculated 1000 temperatures. Range: 4.10 to 52.53
Processing batch 4/12 (rows 3001-4000)
  Calculated 1000 temperatures. Range: 6.06 to 47.27
Processing batch 5/12 (rows 4001-5000)
  Calculated 1000 temperatures. Range: 4.19 to 43.10
Processing batch 6/12 (rows 5001-6000)
  Calculated 1000 temperatures. Range: 5.73 to 40.74
Processing batch 7/12 (rows 6001-7000)
  Calculated 1000 temperatures. Range: 3.65 to 37.63
Processing batch 8/12 (rows 7001-8000)
  Calculated 1000 temperatures. Range: 3.80 to 21.00
Processing batch 9/12 (rows 8001-9000)
  Calculated 1000 temperatures. Range: 5.40 to 23.72
Processing batch 10/12 (rows 9001-10000)
  Calculated 1000 temperatures. Range: 4.80 to 26.21
Processing batch 11/12 (rows 10001-11000)
  Calculated 1000 temperatures. Range: 6.99 to 25.72
Processing batch 12/12 (rows 11001-11035)
  Calculated 35 temperatures. Range: 7.64 to 20.23
Total observations: 11035, Unique timestamps: 2207
MR parameters: mass=0.24, elev=3014.0, b0=17.10, b1=0.98, b2=-0.48, b3=0.000124
Sample tb=285.34 K, log(mass)=-1.4271, 1/(kT)=40.657187, exponent=-3.4403, rmr=0.032055
Sample tb=282.83 K, log(mass)=-1.4271, 1/(kT)=41.016724, exponent=-3.6129, rmr=0.026974
Sample tb=282.89 K, log(mass)=-1.4271, 1/(kT)=41.008512, exponent=-3.6089, rmr=0.027081
Sample tb=285.37 K, log(mass)=-1.4271, 1/(kT)=40.652791, exponent=-3.4382, rmr=0.032123
Sample tb=286.42 K, log(mass)=-1.4271, 1/(kT)=40.503190, exponent=-3.3664, rmr=0.034515
MR results: 0 NA, 0 infinite, 0 negative, 0 zero
Energy calculations: 6065 non-zero gains, 11035 non-zero losses out of 11035 observations
Saved results to output/results/C1/2010/M/eb_results_MB_2010_C1_A1.rds

Processing: Species=MB, Year=2011, Origin=C1, Climate=A1, Sex=M
Looking for climate data at: /mmfs1/gscratch/biology/jmsmith/targeted_microclimate/A1/simplified_A1_2011.rds
Directory /mmfs1/gscratch/biology/jmsmith/targeted_microclimate/A1 exists. Contents:
simplified_A1_1945.rds
simplified_A1_1946.rds
simplified_A1_1947.rds
simplified_A1_1948.rds
simplified_A1_1949.rds
simplified_A1_1950.rds
simplified_A1_1951.rds
simplified_A1_1952.rds
simplified_A1_1953.rds
simplified_A1_1954.rds
simplified_A1_1955.rds
simplified_A1_1956.rds
simplified_A1_1957.rds
simplified_A1_1958.rds
simplified_A1_1959.rds
simplified_A1_1960.rds
simplified_A1_1961.rds
simplified_A1_1962.rds
simplified_A1_1963.rds
simplified_A1_1964.rds
simplified_A1_2005.rds
simplified_A1_2006.rds
simplified_A1_2007.rds
simplified_A1_2008.rds
simplified_A1_2009.rds
simplified_A1_2010.rds
simplified_A1_2011.rds
simplified_A1_2012.rds
simplified_A1_2013.rds
simplified_A1_2014.rds
simplified_A1_2015.rds
simplified_A1_2016.rds
simplified_A1_2017.rds
simplified_A1_2018.rds
simplified_A1_2019.rds
simplified_A1_2020.rds
simplified_A1_2021.rds
simplified_A1_2022.rds
simplified_A1_2023.rds
simplified_A1_2024.rds
Processing batch 1/12 (rows 1-1000)
  Calculated 1000 temperatures. Range: 1.29 to 52.29
Processing batch 2/12 (rows 1001-2000)
  Calculated 1000 temperatures. Range: 5.20 to 56.28
Processing batch 3/12 (rows 2001-3000)
  Calculated 1000 temperatures. Range: 3.32 to 44.07
Processing batch 4/12 (rows 3001-4000)
  Calculated 1000 temperatures. Range: 7.40 to 43.63
Processing batch 5/12 (rows 4001-5000)
  Calculated 1000 temperatures. Range: 2.91 to 47.51
Processing batch 6/12 (rows 5001-6000)
  Calculated 1000 temperatures. Range: 6.22 to 38.45
Processing batch 7/12 (rows 6001-7000)
  Calculated 1000 temperatures. Range: 2.42 to 44.37
Processing batch 8/12 (rows 7001-8000)
  Calculated 1000 temperatures. Range: 4.04 to 21.33
Processing batch 9/12 (rows 8001-9000)
  Calculated 1000 temperatures. Range: 4.78 to 23.34
Processing batch 10/12 (rows 9001-10000)
  Calculated 1000 temperatures. Range: 4.02 to 25.60
Processing batch 11/12 (rows 10001-11000)
  Calculated 1000 temperatures. Range: 7.80 to 25.80
Processing batch 12/12 (rows 11001-11035)
  Calculated 35 temperatures. Range: 10.60 to 25.46
Total observations: 11035, Unique timestamps: 2207
MR parameters: mass=0.24, elev=3014.0, b0=17.10, b1=0.98, b2=-0.48, b3=0.000124
Sample tb=297.50 K, log(mass)=-1.4271, 1/(kT)=38.994472, exponent=-2.6422, rmr=0.071206
Sample tb=301.44 K, log(mass)=-1.4271, 1/(kT)=38.484877, exponent=-2.3976, rmr=0.090938
Sample tb=289.71 K, log(mass)=-1.4271, 1/(kT)=40.043856, exponent=-3.1459, rmr=0.043029
Sample tb=287.46 K, log(mass)=-1.4271, 1/(kT)=40.357190, exponent=-3.2963, rmr=0.037020
Sample tb=285.89 K, log(mass)=-1.4271, 1/(kT)=40.578216, exponent=-3.4024, rmr=0.033294
MR results: 0 NA, 0 infinite, 0 negative, 0 zero
Energy calculations: 6204 non-zero gains, 11035 non-zero losses out of 11035 observations
Saved results to output/results/C1/2011/M/eb_results_MB_2011_C1_A1.rds

Processing: Species=MB, Year=2012, Origin=C1, Climate=A1, Sex=M
Looking for climate data at: /mmfs1/gscratch/biology/jmsmith/targeted_microclimate/A1/simplified_A1_2012.rds
Directory /mmfs1/gscratch/biology/jmsmith/targeted_microclimate/A1 exists. Contents:
simplified_A1_1945.rds
simplified_A1_1946.rds
simplified_A1_1947.rds
simplified_A1_1948.rds
simplified_A1_1949.rds
simplified_A1_1950.rds
simplified_A1_1951.rds
simplified_A1_1952.rds
simplified_A1_1953.rds
simplified_A1_1954.rds
simplified_A1_1955.rds
simplified_A1_1956.rds
simplified_A1_1957.rds
simplified_A1_1958.rds
simplified_A1_1959.rds
simplified_A1_1960.rds
simplified_A1_1961.rds
simplified_A1_1962.rds
simplified_A1_1963.rds
simplified_A1_1964.rds
simplified_A1_2005.rds
simplified_A1_2006.rds
simplified_A1_2007.rds
simplified_A1_2008.rds
simplified_A1_2009.rds
simplified_A1_2010.rds
simplified_A1_2011.rds
simplified_A1_2012.rds
simplified_A1_2013.rds
simplified_A1_2014.rds
simplified_A1_2015.rds
simplified_A1_2016.rds
simplified_A1_2017.rds
simplified_A1_2018.rds
simplified_A1_2019.rds
simplified_A1_2020.rds
simplified_A1_2021.rds
simplified_A1_2022.rds
simplified_A1_2023.rds
simplified_A1_2024.rds
Processing batch 1/12 (rows 1-1000)
  Calculated 1000 temperatures. Range: -0.52 to 60.00
Processing batch 2/12 (rows 1001-2000)
  Calculated 1000 temperatures. Range: 2.70 to 48.24
Processing batch 3/12 (rows 2001-3000)
  Calculated 1000 temperatures. Range: 1.94 to 52.16
Processing batch 4/12 (rows 3001-4000)
  Calculated 1000 temperatures. Range: 6.94 to 40.52
Processing batch 5/12 (rows 4001-5000)
  Calculated 1000 temperatures. Range: 1.17 to 50.38
Processing batch 6/12 (rows 5001-6000)
  Calculated 1000 temperatures. Range: 6.39 to 50.42
Processing batch 7/12 (rows 6001-7000)
  Calculated 1000 temperatures. Range: 1.02 to 39.18
Processing batch 8/12 (rows 7001-8000)
  Calculated 1000 temperatures. Range: 5.32 to 22.23
Processing batch 9/12 (rows 8001-9000)
  Calculated 1000 temperatures. Range: 4.05 to 23.97
Processing batch 10/12 (rows 9001-10000)
  Calculated 1000 temperatures. Range: 2.80 to 28.43
Processing batch 11/12 (rows 10001-11000)
  Calculated 1000 temperatures. Range: 5.51 to 26.29
Processing batch 12/12 (rows 11001-11035)
  Calculated 35 temperatures. Range: 9.08 to 22.97
Total observations: 11035, Unique timestamps: 2207
MR parameters: mass=0.24, elev=3014.0, b0=17.10, b1=0.98, b2=-0.48, b3=0.000124
Sample tb=293.69 K, log(mass)=-1.4271, 1/(kT)=39.500937, exponent=-2.8853, rmr=0.055839
Sample tb=293.03 K, log(mass)=-1.4271, 1/(kT)=39.589873, exponent=-2.9280, rmr=0.053505
Sample tb=290.24 K, log(mass)=-1.4271, 1/(kT)=39.969465, exponent=-3.1102, rmr=0.044593
Sample tb=283.80 K, log(mass)=-1.4271, 1/(kT)=40.876721, exponent=-3.5457, rmr=0.028849
Sample tb=291.14 K, log(mass)=-1.4271, 1/(kT)=39.846975, exponent=-3.0514, rmr=0.047293
MR results: 0 NA, 0 infinite, 0 negative, 0 zero
Energy calculations: 6591 non-zero gains, 11035 non-zero losses out of 11035 observations
Saved results to output/results/C1/2012/M/eb_results_MB_2012_C1_A1.rds

Processing: Species=MB, Year=2013, Origin=C1, Climate=A1, Sex=M
Looking for climate data at: /mmfs1/gscratch/biology/jmsmith/targeted_microclimate/A1/simplified_A1_2013.rds
Directory /mmfs1/gscratch/biology/jmsmith/targeted_microclimate/A1 exists. Contents:
simplified_A1_1945.rds
simplified_A1_1946.rds
simplified_A1_1947.rds
simplified_A1_1948.rds
simplified_A1_1949.rds
simplified_A1_1950.rds
simplified_A1_1951.rds
simplified_A1_1952.rds
simplified_A1_1953.rds
simplified_A1_1954.rds
simplified_A1_1955.rds
simplified_A1_1956.rds
simplified_A1_1957.rds
simplified_A1_1958.rds
simplified_A1_1959.rds
simplified_A1_1960.rds
simplified_A1_1961.rds
simplified_A1_1962.rds
simplified_A1_1963.rds
simplified_A1_1964.rds
simplified_A1_2005.rds
simplified_A1_2006.rds
simplified_A1_2007.rds
simplified_A1_2008.rds
simplified_A1_2009.rds
simplified_A1_2010.rds
simplified_A1_2011.rds
simplified_A1_2012.rds
simplified_A1_2013.rds
simplified_A1_2014.rds
simplified_A1_2015.rds
simplified_A1_2016.rds
simplified_A1_2017.rds
simplified_A1_2018.rds
simplified_A1_2019.rds
simplified_A1_2020.rds
simplified_A1_2021.rds
simplified_A1_2022.rds
simplified_A1_2023.rds
simplified_A1_2024.rds
Processing batch 1/12 (rows 1-1000)
  Calculated 1000 temperatures. Range: 0.39 to 60.00
Processing batch 2/12 (rows 1001-2000)
  Calculated 1000 temperatures. Range: 5.41 to 58.03
Processing batch 3/12 (rows 2001-3000)
  Calculated 1000 temperatures. Range: 1.94 to 56.15
Processing batch 4/12 (rows 3001-4000)
  Calculated 1000 temperatures. Range: 7.03 to 46.91
Processing batch 5/12 (rows 4001-5000)
  Calculated 1000 temperatures. Range: 1.87 to 46.94
Processing batch 6/12 (rows 5001-6000)
  Calculated 1000 temperatures. Range: 6.89 to 50.07
Processing batch 7/12 (rows 6001-7000)
  Calculated 1000 temperatures. Range: 2.00 to 36.54
Processing batch 8/12 (rows 7001-8000)
  Calculated 1000 temperatures. Range: 4.44 to 21.74
Processing batch 9/12 (rows 8001-9000)
  Calculated 1000 temperatures. Range: 2.98 to 22.98
Processing batch 10/12 (rows 9001-10000)
  Calculated 1000 temperatures. Range: 5.89 to 26.86
Processing batch 11/12 (rows 10001-11000)
  Calculated 1000 temperatures. Range: 7.37 to 25.80
Processing batch 12/12 (rows 11001-11035)
  Calculated 35 temperatures. Range: 12.22 to 23.08
Total observations: 11035, Unique timestamps: 2207
MR parameters: mass=0.24, elev=3014.0, b0=17.10, b1=0.98, b2=-0.48, b3=0.000124
Sample tb=303.75 K, log(mass)=-1.4271, 1/(kT)=38.191729, exponent=-2.2569, rmr=0.104678
Sample tb=302.82 K, log(mass)=-1.4271, 1/(kT)=38.309680, exponent=-2.3135, rmr=0.098916
Sample tb=283.68 K, log(mass)=-1.4271, 1/(kT)=40.894146, exponent=-3.5540, rmr=0.028609
Sample tb=286.31 K, log(mass)=-1.4271, 1/(kT)=40.518454, exponent=-3.3737, rmr=0.034263
Sample tb=288.88 K, log(mass)=-1.4271, 1/(kT)=40.158206, exponent=-3.2008, rmr=0.040731
MR results: 0 NA, 0 infinite, 0 negative, 0 zero
Energy calculations: 6382 non-zero gains, 11035 non-zero losses out of 11035 observations
Saved results to output/results/C1/2013/M/eb_results_MB_2013_C1_A1.rds

Processing: Species=MB, Year=2014, Origin=C1, Climate=A1, Sex=M
Looking for climate data at: /mmfs1/gscratch/biology/jmsmith/targeted_microclimate/A1/simplified_A1_2014.rds
Directory /mmfs1/gscratch/biology/jmsmith/targeted_microclimate/A1 exists. Contents:
simplified_A1_1945.rds
simplified_A1_1946.rds
simplified_A1_1947.rds
simplified_A1_1948.rds
simplified_A1_1949.rds
simplified_A1_1950.rds
simplified_A1_1951.rds
simplified_A1_1952.rds
simplified_A1_1953.rds
simplified_A1_1954.rds
simplified_A1_1955.rds
simplified_A1_1956.rds
simplified_A1_1957.rds
simplified_A1_1958.rds
simplified_A1_1959.rds
simplified_A1_1960.rds
simplified_A1_1961.rds
simplified_A1_1962.rds
simplified_A1_1963.rds
simplified_A1_1964.rds
simplified_A1_2005.rds
simplified_A1_2006.rds
simplified_A1_2007.rds
simplified_A1_2008.rds
simplified_A1_2009.rds
simplified_A1_2010.rds
simplified_A1_2011.rds
simplified_A1_2012.rds
simplified_A1_2013.rds
simplified_A1_2014.rds
simplified_A1_2015.rds
simplified_A1_2016.rds
simplified_A1_2017.rds
simplified_A1_2018.rds
simplified_A1_2019.rds
simplified_A1_2020.rds
simplified_A1_2021.rds
simplified_A1_2022.rds
simplified_A1_2023.rds
simplified_A1_2024.rds
Processing batch 1/12 (rows 1-1000)
  Calculated 1000 temperatures. Range: 0.43 to 44.64
Processing batch 2/12 (rows 1001-2000)
  Calculated 1000 temperatures. Range: 5.75 to 44.74
Processing batch 3/12 (rows 2001-3000)
  Calculated 1000 temperatures. Range: 2.20 to 38.89
Processing batch 4/12 (rows 3001-4000)
  Calculated 1000 temperatures. Range: 7.46 to 40.05
Processing batch 5/12 (rows 4001-5000)
  Calculated 1000 temperatures. Range: 1.90 to 37.48
Processing batch 6/12 (rows 5001-6000)
  Calculated 1000 temperatures. Range: 6.92 to 36.74
Processing batch 7/12 (rows 6001-7000)
  Calculated 1000 temperatures. Range: 1.49 to 35.12
Processing batch 8/12 (rows 7001-8000)
  Calculated 1000 temperatures. Range: 3.51 to 21.13
Processing batch 9/12 (rows 8001-9000)
  Calculated 1000 temperatures. Range: 5.36 to 22.71
Processing batch 10/12 (rows 9001-10000)
  Calculated 1000 temperatures. Range: 2.58 to 26.29
Processing batch 11/12 (rows 10001-11000)
  Calculated 1000 temperatures. Range: 6.72 to 25.32
Processing batch 12/12 (rows 11001-11035)
  Calculated 35 temperatures. Range: 6.98 to 21.63
Total observations: 11035, Unique timestamps: 2207
MR parameters: mass=0.24, elev=3014.0, b0=17.10, b1=0.98, b2=-0.48, b3=0.000124
Sample tb=278.67 K, log(mass)=-1.4271, 1/(kT)=41.629978, exponent=-3.9072, rmr=0.020096
Sample tb=290.26 K, log(mass)=-1.4271, 1/(kT)=39.967202, exponent=-3.1091, rmr=0.044641
Sample tb=285.33 K, log(mass)=-1.4271, 1/(kT)=40.657405, exponent=-3.4404, rmr=0.032052
Sample tb=285.79 K, log(mass)=-1.4271, 1/(kT)=40.591805, exponent=-3.4089, rmr=0.033077
Sample tb=278.54 K, log(mass)=-1.4271, 1/(kT)=41.649142, exponent=-3.9164, rmr=0.019912
MR results: 0 NA, 0 infinite, 0 negative, 0 zero
Energy calculations: 5634 non-zero gains, 11035 non-zero losses out of 11035 observations
Saved results to output/results/C1/2014/M/eb_results_MB_2014_C1_A1.rds

Processing: Species=MB, Year=2015, Origin=C1, Climate=A1, Sex=M
Looking for climate data at: /mmfs1/gscratch/biology/jmsmith/targeted_microclimate/A1/simplified_A1_2015.rds
Directory /mmfs1/gscratch/biology/jmsmith/targeted_microclimate/A1 exists. Contents:
simplified_A1_1945.rds
simplified_A1_1946.rds
simplified_A1_1947.rds
simplified_A1_1948.rds
simplified_A1_1949.rds
simplified_A1_1950.rds
simplified_A1_1951.rds
simplified_A1_1952.rds
simplified_A1_1953.rds
simplified_A1_1954.rds
simplified_A1_1955.rds
simplified_A1_1956.rds
simplified_A1_1957.rds
simplified_A1_1958.rds
simplified_A1_1959.rds
simplified_A1_1960.rds
simplified_A1_1961.rds
simplified_A1_1962.rds
simplified_A1_1963.rds
simplified_A1_1964.rds
simplified_A1_2005.rds
simplified_A1_2006.rds
simplified_A1_2007.rds
simplified_A1_2008.rds
simplified_A1_2009.rds
simplified_A1_2010.rds
simplified_A1_2011.rds
simplified_A1_2012.rds
simplified_A1_2013.rds
simplified_A1_2014.rds
simplified_A1_2015.rds
simplified_A1_2016.rds
simplified_A1_2017.rds
simplified_A1_2018.rds
simplified_A1_2019.rds
simplified_A1_2020.rds
simplified_A1_2021.rds
simplified_A1_2022.rds
simplified_A1_2023.rds
simplified_A1_2024.rds
Processing batch 1/12 (rows 1-1000)
  Calculated 1000 temperatures. Range: 4.15 to 59.71
Processing batch 2/12 (rows 1001-2000)
  Calculated 1000 temperatures. Range: 2.85 to 52.73
Processing batch 3/12 (rows 2001-3000)
  Calculated 1000 temperatures. Range: 1.90 to 60.00
Processing batch 4/12 (rows 3001-4000)
  Calculated 1000 temperatures. Range: 8.04 to 42.93
Processing batch 5/12 (rows 4001-5000)
  Calculated 1000 temperatures. Range: 3.79 to 51.30
Processing batch 6/12 (rows 5001-6000)
  Calculated 1000 temperatures. Range: 7.45 to 37.44
Processing batch 7/12 (rows 6001-7000)
  Calculated 1000 temperatures. Range: 3.50 to 38.04
Processing batch 8/12 (rows 7001-8000)
  Calculated 1000 temperatures. Range: 6.74 to 21.61
Processing batch 9/12 (rows 8001-9000)
  Calculated 1000 temperatures. Range: 3.90 to 22.55
Processing batch 10/12 (rows 9001-10000)
  Calculated 1000 temperatures. Range: 6.35 to 25.67
Processing batch 11/12 (rows 10001-11000)
  Calculated 1000 temperatures. Range: 5.00 to 25.81
Processing batch 12/12 (rows 11001-11035)
  Calculated 35 temperatures. Range: 11.17 to 24.16
Total observations: 11035, Unique timestamps: 2207
MR parameters: mass=0.24, elev=3014.0, b0=17.10, b1=0.98, b2=-0.48, b3=0.000124
Sample tb=295.81 K, log(mass)=-1.4271, 1/(kT)=39.217603, exponent=-2.7493, rmr=0.063973
Sample tb=291.82 K, log(mass)=-1.4271, 1/(kT)=39.753802, exponent=-3.0067, rmr=0.049456
Sample tb=295.14 K, log(mass)=-1.4271, 1/(kT)=39.306513, exponent=-2.7920, rmr=0.061301
Sample tb=300.22 K, log(mass)=-1.4271, 1/(kT)=38.641075, exponent=-2.4726, rmr=0.084369
Sample tb=280.35 K, log(mass)=-1.4271, 1/(kT)=41.380165, exponent=-3.7873, rmr=0.022656
MR results: 0 NA, 0 infinite, 0 negative, 0 zero
Energy calculations: 6104 non-zero gains, 11035 non-zero losses out of 11035 observations
Saved results to output/results/C1/2015/M/eb_results_MB_2015_C1_A1.rds

Processing: Species=MB, Year=2016, Origin=C1, Climate=A1, Sex=M
Looking for climate data at: /mmfs1/gscratch/biology/jmsmith/targeted_microclimate/A1/simplified_A1_2016.rds
Directory /mmfs1/gscratch/biology/jmsmith/targeted_microclimate/A1 exists. Contents:
simplified_A1_1945.rds
simplified_A1_1946.rds
simplified_A1_1947.rds
simplified_A1_1948.rds
simplified_A1_1949.rds
simplified_A1_1950.rds
simplified_A1_1951.rds
simplified_A1_1952.rds
simplified_A1_1953.rds
simplified_A1_1954.rds
simplified_A1_1955.rds
simplified_A1_1956.rds
simplified_A1_1957.rds
simplified_A1_1958.rds
simplified_A1_1959.rds
simplified_A1_1960.rds
simplified_A1_1961.rds
simplified_A1_1962.rds
simplified_A1_1963.rds
simplified_A1_1964.rds
simplified_A1_2005.rds
simplified_A1_2006.rds
simplified_A1_2007.rds
simplified_A1_2008.rds
simplified_A1_2009.rds
simplified_A1_2010.rds
simplified_A1_2011.rds
simplified_A1_2012.rds
simplified_A1_2013.rds
simplified_A1_2014.rds
simplified_A1_2015.rds
simplified_A1_2016.rds
simplified_A1_2017.rds
simplified_A1_2018.rds
simplified_A1_2019.rds
simplified_A1_2020.rds
simplified_A1_2021.rds
simplified_A1_2022.rds
simplified_A1_2023.rds
simplified_A1_2024.rds
Processing batch 1/12 (rows 1-1000)
  Calculated 1000 temperatures. Range: 3.97 to 60.00
Processing batch 2/12 (rows 1001-2000)
  Calculated 1000 temperatures. Range: 3.71 to 49.86
Processing batch 3/12 (rows 2001-3000)
  Calculated 1000 temperatures. Range: 2.47 to 57.32
Processing batch 4/12 (rows 3001-4000)
  Calculated 1000 temperatures. Range: 6.77 to 43.91
Processing batch 5/12 (rows 4001-5000)
  Calculated 1000 temperatures. Range: 4.12 to 42.03
Processing batch 6/12 (rows 5001-6000)
  Calculated 1000 temperatures. Range: 6.82 to 40.10
Processing batch 7/12 (rows 6001-7000)
  Calculated 1000 temperatures. Range: 3.92 to 37.10
Processing batch 8/12 (rows 7001-8000)
  Calculated 1000 temperatures. Range: 5.95 to 21.95
Processing batch 9/12 (rows 8001-9000)
  Calculated 1000 temperatures. Range: 3.75 to 20.91
Processing batch 10/12 (rows 9001-10000)
  Calculated 1000 temperatures. Range: 6.52 to 27.14
Processing batch 11/12 (rows 10001-11000)
  Calculated 1000 temperatures. Range: 4.85 to 26.05
Processing batch 12/12 (rows 11001-11035)
  Calculated 35 temperatures. Range: 7.40 to 19.64
Total observations: 11035, Unique timestamps: 2207
MR parameters: mass=0.24, elev=3014.0, b0=17.10, b1=0.98, b2=-0.48, b3=0.000124
Sample tb=303.35 K, log(mass)=-1.4271, 1/(kT)=38.242941, exponent=-2.2814, rmr=0.102136
Sample tb=280.49 K, log(mass)=-1.4271, 1/(kT)=41.359872, exponent=-3.7776, rmr=0.022878
Sample tb=286.96 K, log(mass)=-1.4271, 1/(kT)=40.427139, exponent=-3.3299, rmr=0.035798
Sample tb=283.24 K, log(mass)=-1.4271, 1/(kT)=40.957828, exponent=-3.5846, rmr=0.027748
Sample tb=303.88 K, log(mass)=-1.4271, 1/(kT)=38.176098, exponent=-2.2494, rmr=0.105466
MR results: 0 NA, 0 infinite, 0 negative, 0 zero
Energy calculations: 6304 non-zero gains, 11035 non-zero losses out of 11035 observations
Saved results to output/results/C1/2016/M/eb_results_MB_2016_C1_A1.rds

Processing: Species=MB, Year=2017, Origin=C1, Climate=A1, Sex=M
Looking for climate data at: /mmfs1/gscratch/biology/jmsmith/targeted_microclimate/A1/simplified_A1_2017.rds
Directory /mmfs1/gscratch/biology/jmsmith/targeted_microclimate/A1 exists. Contents:
simplified_A1_1945.rds
simplified_A1_1946.rds
simplified_A1_1947.rds
simplified_A1_1948.rds
simplified_A1_1949.rds
simplified_A1_1950.rds
simplified_A1_1951.rds
simplified_A1_1952.rds
simplified_A1_1953.rds
simplified_A1_1954.rds
simplified_A1_1955.rds
simplified_A1_1956.rds
simplified_A1_1957.rds
simplified_A1_1958.rds
simplified_A1_1959.rds
simplified_A1_1960.rds
simplified_A1_1961.rds
simplified_A1_1962.rds
simplified_A1_1963.rds
simplified_A1_1964.rds
simplified_A1_2005.rds
simplified_A1_2006.rds
simplified_A1_2007.rds
simplified_A1_2008.rds
simplified_A1_2009.rds
simplified_A1_2010.rds
simplified_A1_2011.rds
simplified_A1_2012.rds
simplified_A1_2013.rds
simplified_A1_2014.rds
simplified_A1_2015.rds
simplified_A1_2016.rds
simplified_A1_2017.rds
simplified_A1_2018.rds
simplified_A1_2019.rds
simplified_A1_2020.rds
simplified_A1_2021.rds
simplified_A1_2022.rds
simplified_A1_2023.rds
simplified_A1_2024.rds
Processing batch 1/12 (rows 1-1000)
  Calculated 1000 temperatures. Range: 2.61 to 58.59
Processing batch 2/12 (rows 1001-2000)
  Calculated 1000 temperatures. Range: 6.18 to 48.39
Processing batch 3/12 (rows 2001-3000)
  Calculated 1000 temperatures. Range: 5.23 to 47.53
Processing batch 4/12 (rows 3001-4000)
  Calculated 1000 temperatures. Range: 7.47 to 42.20
Processing batch 5/12 (rows 4001-5000)
  Calculated 1000 temperatures. Range: 4.36 to 40.08
Processing batch 6/12 (rows 5001-6000)
  Calculated 1000 temperatures. Range: 5.06 to 38.95
Processing batch 7/12 (rows 6001-7000)
  Calculated 1000 temperatures. Range: 3.71 to 37.09
Processing batch 8/12 (rows 7001-8000)
  Calculated 1000 temperatures. Range: 4.52 to 22.14
Processing batch 9/12 (rows 8001-9000)
  Calculated 1000 temperatures. Range: 5.82 to 20.94
Processing batch 10/12 (rows 9001-10000)
  Calculated 1000 temperatures. Range: 5.65 to 26.16
Processing batch 11/12 (rows 10001-11000)
  Calculated 1000 temperatures. Range: 7.79 to 25.54
Processing batch 12/12 (rows 11001-11035)
  Calculated 35 temperatures. Range: 8.98 to 21.94
Total observations: 11035, Unique timestamps: 2207
MR parameters: mass=0.24, elev=3014.0, b0=17.10, b1=0.98, b2=-0.48, b3=0.000124
Sample tb=296.75 K, log(mass)=-1.4271, 1/(kT)=39.093178, exponent=-2.6896, rmr=0.067911
Sample tb=306.65 K, log(mass)=-1.4271, 1/(kT)=37.831051, exponent=-2.0837, rmr=0.124464
Sample tb=293.27 K, log(mass)=-1.4271, 1/(kT)=39.557279, exponent=-2.9123, rmr=0.054349
Sample tb=294.84 K, log(mass)=-1.4271, 1/(kT)=39.346404, exponent=-2.8111, rmr=0.060138
Sample tb=293.59 K, log(mass)=-1.4271, 1/(kT)=39.513887, exponent=-2.8915, rmr=0.055493
MR results: 0 NA, 0 infinite, 0 negative, 0 zero
Energy calculations: 6202 non-zero gains, 11035 non-zero losses out of 11035 observations
Saved results to output/results/C1/2017/M/eb_results_MB_2017_C1_A1.rds

Processing: Species=MB, Year=2018, Origin=C1, Climate=A1, Sex=M
Looking for climate data at: /mmfs1/gscratch/biology/jmsmith/targeted_microclimate/A1/simplified_A1_2018.rds
Directory /mmfs1/gscratch/biology/jmsmith/targeted_microclimate/A1 exists. Contents:
simplified_A1_1945.rds
simplified_A1_1946.rds
simplified_A1_1947.rds
simplified_A1_1948.rds
simplified_A1_1949.rds
simplified_A1_1950.rds
simplified_A1_1951.rds
simplified_A1_1952.rds
simplified_A1_1953.rds
simplified_A1_1954.rds
simplified_A1_1955.rds
simplified_A1_1956.rds
simplified_A1_1957.rds
simplified_A1_1958.rds
simplified_A1_1959.rds
simplified_A1_1960.rds
simplified_A1_1961.rds
simplified_A1_1962.rds
simplified_A1_1963.rds
simplified_A1_1964.rds
simplified_A1_2005.rds
simplified_A1_2006.rds
simplified_A1_2007.rds
simplified_A1_2008.rds
simplified_A1_2009.rds
simplified_A1_2010.rds
simplified_A1_2011.rds
simplified_A1_2012.rds
simplified_A1_2013.rds
simplified_A1_2014.rds
simplified_A1_2015.rds
simplified_A1_2016.rds
simplified_A1_2017.rds
simplified_A1_2018.rds
simplified_A1_2019.rds
simplified_A1_2020.rds
simplified_A1_2021.rds
simplified_A1_2022.rds
simplified_A1_2023.rds
simplified_A1_2024.rds
Processing batch 1/12 (rows 1-1000)
  Calculated 1000 temperatures. Range: 1.94 to 60.00
Processing batch 2/12 (rows 1001-2000)
  Calculated 1000 temperatures. Range: 4.24 to 50.56
Processing batch 3/12 (rows 2001-3000)
  Calculated 1000 temperatures. Range: 4.02 to 49.74
Processing batch 4/12 (rows 3001-4000)
  Calculated 1000 temperatures. Range: 8.05 to 44.37
Processing batch 5/12 (rows 4001-5000)
  Calculated 1000 temperatures. Range: 3.53 to 43.54
Processing batch 6/12 (rows 5001-6000)
  Calculated 1000 temperatures. Range: 5.51 to 40.48
Processing batch 7/12 (rows 6001-7000)
  Calculated 1000 temperatures. Range: 3.19 to 33.86
Processing batch 8/12 (rows 7001-8000)
  Calculated 1000 temperatures. Range: 4.85 to 22.31
Processing batch 9/12 (rows 8001-9000)
  Calculated 1000 temperatures. Range: 4.64 to 24.30
Processing batch 10/12 (rows 9001-10000)
  Calculated 1000 temperatures. Range: 6.00 to 27.82
Processing batch 11/12 (rows 10001-11000)
  Calculated 1000 temperatures. Range: 5.88 to 26.83
Processing batch 12/12 (rows 11001-11035)
  Calculated 35 temperatures. Range: 9.64 to 23.42
Total observations: 11035, Unique timestamps: 2207
MR parameters: mass=0.24, elev=3014.0, b0=17.10, b1=0.98, b2=-0.48, b3=0.000124
Sample tb=280.19 K, log(mass)=-1.4271, 1/(kT)=41.403879, exponent=-3.7987, rmr=0.022400
Sample tb=283.84 K, log(mass)=-1.4271, 1/(kT)=40.870675, exponent=-3.5428, rmr=0.028933
Sample tb=288.89 K, log(mass)=-1.4271, 1/(kT)=40.156779, exponent=-3.2001, rmr=0.040758
Sample tb=307.26 K, log(mass)=-1.4271, 1/(kT)=37.756500, exponent=-2.0480, rmr=0.128998
Sample tb=288.47 K, log(mass)=-1.4271, 1/(kT)=40.215242, exponent=-3.2282, rmr=0.039631
MR results: 0 NA, 0 infinite, 0 negative, 0 zero
Energy calculations: 6413 non-zero gains, 11035 non-zero losses out of 11035 observations
Saved results to output/results/C1/2018/M/eb_results_MB_2018_C1_A1.rds

Processing: Species=MB, Year=2019, Origin=C1, Climate=A1, Sex=M
Looking for climate data at: /mmfs1/gscratch/biology/jmsmith/targeted_microclimate/A1/simplified_A1_2019.rds
Directory /mmfs1/gscratch/biology/jmsmith/targeted_microclimate/A1 exists. Contents:
simplified_A1_1945.rds
simplified_A1_1946.rds
simplified_A1_1947.rds
simplified_A1_1948.rds
simplified_A1_1949.rds
simplified_A1_1950.rds
simplified_A1_1951.rds
simplified_A1_1952.rds
simplified_A1_1953.rds
simplified_A1_1954.rds
simplified_A1_1955.rds
simplified_A1_1956.rds
simplified_A1_1957.rds
simplified_A1_1958.rds
simplified_A1_1959.rds
simplified_A1_1960.rds
simplified_A1_1961.rds
simplified_A1_1962.rds
simplified_A1_1963.rds
simplified_A1_1964.rds
simplified_A1_2005.rds
simplified_A1_2006.rds
simplified_A1_2007.rds
simplified_A1_2008.rds
simplified_A1_2009.rds
simplified_A1_2010.rds
simplified_A1_2011.rds
simplified_A1_2012.rds
simplified_A1_2013.rds
simplified_A1_2014.rds
simplified_A1_2015.rds
simplified_A1_2016.rds
simplified_A1_2017.rds
simplified_A1_2018.rds
simplified_A1_2019.rds
simplified_A1_2020.rds
simplified_A1_2021.rds
simplified_A1_2022.rds
simplified_A1_2023.rds
simplified_A1_2024.rds
Processing batch 1/12 (rows 1-1000)
  Calculated 1000 temperatures. Range: 0.71 to 50.06
Processing batch 2/12 (rows 1001-2000)
  Calculated 1000 temperatures. Range: 4.74 to 60.00
Processing batch 3/12 (rows 2001-3000)
  Calculated 1000 temperatures. Range: 1.95 to 46.15
Processing batch 4/12 (rows 3001-4000)
  Calculated 1000 temperatures. Range: 7.70 to 59.62
Processing batch 5/12 (rows 4001-5000)
  Calculated 1000 temperatures. Range: 1.89 to 49.34
Processing batch 6/12 (rows 5001-6000)
  Calculated 1000 temperatures. Range: 5.80 to 42.99
Processing batch 7/12 (rows 6001-7000)
  Calculated 1000 temperatures. Range: 1.50 to 38.55
Processing batch 8/12 (rows 7001-8000)
  Calculated 1000 temperatures. Range: 2.67 to 21.90
Processing batch 9/12 (rows 8001-9000)
  Calculated 1000 temperatures. Range: 5.53 to 21.87
Processing batch 10/12 (rows 9001-10000)
  Calculated 1000 temperatures. Range: 2.39 to 27.05
Processing batch 11/12 (rows 10001-11000)
  Calculated 1000 temperatures. Range: 7.50 to 27.66
Processing batch 12/12 (rows 11001-11035)
  Calculated 35 temperatures. Range: 9.96 to 24.10
Total observations: 11035, Unique timestamps: 2207
MR parameters: mass=0.24, elev=3014.0, b0=17.10, b1=0.98, b2=-0.48, b3=0.000124
Sample tb=305.16 K, log(mass)=-1.4271, 1/(kT)=38.015927, exponent=-2.1725, rmr=0.113894
Sample tb=281.18 K, log(mass)=-1.4271, 1/(kT)=41.258571, exponent=-3.7290, rmr=0.024018
Sample tb=307.03 K, log(mass)=-1.4271, 1/(kT)=37.784085, exponent=-2.0612, rmr=0.127301
Sample tb=282.52 K, log(mass)=-1.4271, 1/(kT)=41.062615, exponent=-3.6349, rmr=0.026387
Sample tb=282.21 K, log(mass)=-1.4271, 1/(kT)=41.106940, exponent=-3.6562, rmr=0.025831
MR results: 0 NA, 0 infinite, 0 negative, 0 zero
Energy calculations: 6197 non-zero gains, 11035 non-zero losses out of 11035 observations
Saved results to output/results/C1/2019/M/eb_results_MB_2019_C1_A1.rds

Processing: Species=MB, Year=2020, Origin=C1, Climate=A1, Sex=M
Looking for climate data at: /mmfs1/gscratch/biology/jmsmith/targeted_microclimate/A1/simplified_A1_2020.rds
Directory /mmfs1/gscratch/biology/jmsmith/targeted_microclimate/A1 exists. Contents:
simplified_A1_1945.rds
simplified_A1_1946.rds
simplified_A1_1947.rds
simplified_A1_1948.rds
simplified_A1_1949.rds
simplified_A1_1950.rds
simplified_A1_1951.rds
simplified_A1_1952.rds
simplified_A1_1953.rds
simplified_A1_1954.rds
simplified_A1_1955.rds
simplified_A1_1956.rds
simplified_A1_1957.rds
simplified_A1_1958.rds
simplified_A1_1959.rds
simplified_A1_1960.rds
simplified_A1_1961.rds
simplified_A1_1962.rds
simplified_A1_1963.rds
simplified_A1_1964.rds
simplified_A1_2005.rds
simplified_A1_2006.rds
simplified_A1_2007.rds
simplified_A1_2008.rds
simplified_A1_2009.rds
simplified_A1_2010.rds
simplified_A1_2011.rds
simplified_A1_2012.rds
simplified_A1_2013.rds
simplified_A1_2014.rds
simplified_A1_2015.rds
simplified_A1_2016.rds
simplified_A1_2017.rds
simplified_A1_2018.rds
simplified_A1_2019.rds
simplified_A1_2020.rds
simplified_A1_2021.rds
simplified_A1_2022.rds
simplified_A1_2023.rds
simplified_A1_2024.rds
Processing batch 1/12 (rows 1-1000)
  Calculated 1000 temperatures. Range: 1.33 to 60.00
Processing batch 2/12 (rows 1001-2000)
  Calculated 1000 temperatures. Range: 6.21 to 57.36
Processing batch 3/12 (rows 2001-3000)
  Calculated 1000 temperatures. Range: 2.42 to 46.21
Processing batch 4/12 (rows 3001-4000)
  Calculated 1000 temperatures. Range: 7.98 to 49.81
Processing batch 5/12 (rows 4001-5000)
  Calculated 1000 temperatures. Range: 2.88 to 46.69
Processing batch 6/12 (rows 5001-6000)
  Calculated 1000 temperatures. Range: 4.23 to 42.04
Processing batch 7/12 (rows 6001-7000)
  Calculated 1000 temperatures. Range: 2.43 to 41.60
Processing batch 8/12 (rows 7001-8000)
  Calculated 1000 temperatures. Range: 3.08 to 21.20
Processing batch 9/12 (rows 8001-9000)
  Calculated 1000 temperatures. Range: 3.77 to 24.33
Processing batch 10/12 (rows 9001-10000)
  Calculated 1000 temperatures. Range: 4.09 to 27.04
Processing batch 11/12 (rows 10001-11000)
  Calculated 1000 temperatures. Range: 8.44 to 26.76
Processing batch 12/12 (rows 11001-11035)
  Calculated 35 temperatures. Range: 5.20 to 23.50
Total observations: 11035, Unique timestamps: 2207
MR parameters: mass=0.24, elev=3014.0, b0=17.10, b1=0.98, b2=-0.48, b3=0.000124
Sample tb=284.16 K, log(mass)=-1.4271, 1/(kT)=40.824921, exponent=-3.5208, rmr=0.029576
Sample tb=286.87 K, log(mass)=-1.4271, 1/(kT)=40.439008, exponent=-3.3356, rmr=0.035595
Sample tb=290.98 K, log(mass)=-1.4271, 1/(kT)=39.868988, exponent=-3.0620, rmr=0.046796
Sample tb=293.13 K, log(mass)=-1.4271, 1/(kT)=39.575508, exponent=-2.9211, rmr=0.053875
Sample tb=284.78 K, log(mass)=-1.4271, 1/(kT)=40.735872, exponent=-3.4781, rmr=0.030867
MR results: 0 NA, 0 infinite, 0 negative, 0 zero
Energy calculations: 6415 non-zero gains, 11035 non-zero losses out of 11035 observations
Saved results to output/results/C1/2020/M/eb_results_MB_2020_C1_A1.rds

Processing: Species=MB, Year=2021, Origin=C1, Climate=A1, Sex=M
Looking for climate data at: /mmfs1/gscratch/biology/jmsmith/targeted_microclimate/A1/simplified_A1_2021.rds
Directory /mmfs1/gscratch/biology/jmsmith/targeted_microclimate/A1 exists. Contents:
simplified_A1_1945.rds
simplified_A1_1946.rds
simplified_A1_1947.rds
simplified_A1_1948.rds
simplified_A1_1949.rds
simplified_A1_1950.rds
simplified_A1_1951.rds
simplified_A1_1952.rds
simplified_A1_1953.rds
simplified_A1_1954.rds
simplified_A1_1955.rds
simplified_A1_1956.rds
simplified_A1_1957.rds
simplified_A1_1958.rds
simplified_A1_1959.rds
simplified_A1_1960.rds
simplified_A1_1961.rds
simplified_A1_1962.rds
simplified_A1_1963.rds
simplified_A1_1964.rds
simplified_A1_2005.rds
simplified_A1_2006.rds
simplified_A1_2007.rds
simplified_A1_2008.rds
simplified_A1_2009.rds
simplified_A1_2010.rds
simplified_A1_2011.rds
simplified_A1_2012.rds
simplified_A1_2013.rds
simplified_A1_2014.rds
simplified_A1_2015.rds
simplified_A1_2016.rds
simplified_A1_2017.rds
simplified_A1_2018.rds
simplified_A1_2019.rds
simplified_A1_2020.rds
simplified_A1_2021.rds
simplified_A1_2022.rds
simplified_A1_2023.rds
simplified_A1_2024.rds
Processing batch 1/12 (rows 1-1000)
  Calculated 1000 temperatures. Range: 2.05 to 56.56
Processing batch 2/12 (rows 1001-2000)
  Calculated 1000 temperatures. Range: 5.76 to 55.68
Processing batch 3/12 (rows 2001-3000)
  Calculated 1000 temperatures. Range: 2.80 to 47.38
Processing batch 4/12 (rows 3001-4000)
  Calculated 1000 temperatures. Range: 8.32 to 45.66
Processing batch 5/12 (rows 4001-5000)
  Calculated 1000 temperatures. Range: 2.78 to 39.54
Processing batch 6/12 (rows 5001-6000)
  Calculated 1000 temperatures. Range: 6.14 to 38.41
Processing batch 7/12 (rows 6001-7000)
  Calculated 1000 temperatures. Range: 2.36 to 36.35
Processing batch 8/12 (rows 7001-8000)
  Calculated 1000 temperatures. Range: 5.28 to 22.52
Processing batch 9/12 (rows 8001-9000)
  Calculated 1000 temperatures. Range: 2.97 to 23.70
Processing batch 10/12 (rows 9001-10000)
  Calculated 1000 temperatures. Range: 4.32 to 26.90
Processing batch 11/12 (rows 10001-11000)
  Calculated 1000 temperatures. Range: 7.90 to 27.25
Processing batch 12/12 (rows 11001-11035)
  Calculated 35 temperatures. Range: 8.24 to 24.62
Total observations: 11035, Unique timestamps: 2207
MR parameters: mass=0.24, elev=3014.0, b0=17.10, b1=0.98, b2=-0.48, b3=0.000124
Sample tb=295.96 K, log(mass)=-1.4271, 1/(kT)=39.197113, exponent=-2.7395, rmr=0.064606
Sample tb=278.76 K, log(mass)=-1.4271, 1/(kT)=41.616219, exponent=-3.9006, rmr=0.020229
Sample tb=285.92 K, log(mass)=-1.4271, 1/(kT)=40.574022, exponent=-3.4004, rmr=0.033361
Sample tb=293.12 K, log(mass)=-1.4271, 1/(kT)=39.577388, exponent=-2.9220, rmr=0.053827
Sample tb=279.76 K, log(mass)=-1.4271, 1/(kT)=41.466881, exponent=-3.8289, rmr=0.021733
MR results: 0 NA, 0 infinite, 0 negative, 0 zero
Energy calculations: 6488 non-zero gains, 11035 non-zero losses out of 11035 observations
Saved results to output/results/C1/2021/M/eb_results_MB_2021_C1_A1.rds

Processing: Species=MB, Year=2022, Origin=C1, Climate=A1, Sex=M
Looking for climate data at: /mmfs1/gscratch/biology/jmsmith/targeted_microclimate/A1/simplified_A1_2022.rds
Directory /mmfs1/gscratch/biology/jmsmith/targeted_microclimate/A1 exists. Contents:
simplified_A1_1945.rds
simplified_A1_1946.rds
simplified_A1_1947.rds
simplified_A1_1948.rds
simplified_A1_1949.rds
simplified_A1_1950.rds
simplified_A1_1951.rds
simplified_A1_1952.rds
simplified_A1_1953.rds
simplified_A1_1954.rds
simplified_A1_1955.rds
simplified_A1_1956.rds
simplified_A1_1957.rds
simplified_A1_1958.rds
simplified_A1_1959.rds
simplified_A1_1960.rds
simplified_A1_1961.rds
simplified_A1_1962.rds
simplified_A1_1963.rds
simplified_A1_1964.rds
simplified_A1_2005.rds
simplified_A1_2006.rds
simplified_A1_2007.rds
simplified_A1_2008.rds
simplified_A1_2009.rds
simplified_A1_2010.rds
simplified_A1_2011.rds
simplified_A1_2012.rds
simplified_A1_2013.rds
simplified_A1_2014.rds
simplified_A1_2015.rds
simplified_A1_2016.rds
simplified_A1_2017.rds
simplified_A1_2018.rds
simplified_A1_2019.rds
simplified_A1_2020.rds
simplified_A1_2021.rds
simplified_A1_2022.rds
simplified_A1_2023.rds
simplified_A1_2024.rds
Processing batch 1/12 (rows 1-1000)
  Calculated 1000 temperatures. Range: 1.99 to 49.86
Processing batch 2/12 (rows 1001-2000)
  Calculated 1000 temperatures. Range: 6.96 to 49.20
Processing batch 3/12 (rows 2001-3000)
  Calculated 1000 temperatures. Range: 3.11 to 46.04
Processing batch 4/12 (rows 3001-4000)
  Calculated 1000 temperatures. Range: 9.30 to 43.35
Processing batch 5/12 (rows 4001-5000)
  Calculated 1000 temperatures. Range: 2.87 to 38.59
Processing batch 6/12 (rows 5001-6000)
  Calculated 1000 temperatures. Range: 6.28 to 40.01
Processing batch 7/12 (rows 6001-7000)
  Calculated 1000 temperatures. Range: 2.62 to 35.81
Processing batch 8/12 (rows 7001-8000)
  Calculated 1000 temperatures. Range: 3.90 to 22.46
Processing batch 9/12 (rows 8001-9000)
  Calculated 1000 temperatures. Range: 3.12 to 21.72
Processing batch 10/12 (rows 9001-10000)
  Calculated 1000 temperatures. Range: 5.78 to 27.11
Processing batch 11/12 (rows 10001-11000)
  Calculated 1000 temperatures. Range: 8.79 to 26.08
Processing batch 12/12 (rows 11001-11035)
  Calculated 35 temperatures. Range: 8.87 to 24.07
Total observations: 11035, Unique timestamps: 2207
MR parameters: mass=0.24, elev=3014.0, b0=17.10, b1=0.98, b2=-0.48, b3=0.000124
Sample tb=292.16 K, log(mass)=-1.4271, 1/(kT)=39.706799, exponent=-2.9841, rmr=0.050585
Sample tb=289.64 K, log(mass)=-1.4271, 1/(kT)=40.053520, exponent=-3.1505, rmr=0.042830
Sample tb=291.56 K, log(mass)=-1.4271, 1/(kT)=39.789745, exponent=-3.0239, rmr=0.048611
Sample tb=283.91 K, log(mass)=-1.4271, 1/(kT)=40.861114, exponent=-3.5382, rmr=0.029066
Sample tb=294.01 K, log(mass)=-1.4271, 1/(kT)=39.458232, exponent=-2.8648, rmr=0.056995
MR results: 0 NA, 0 infinite, 0 negative, 0 zero
Energy calculations: 6736 non-zero gains, 11035 non-zero losses out of 11035 observations
Saved results to output/results/C1/2022/M/eb_results_MB_2022_C1_A1.rds

Processing: Species=MB, Year=2023, Origin=C1, Climate=A1, Sex=M
Looking for climate data at: /mmfs1/gscratch/biology/jmsmith/targeted_microclimate/A1/simplified_A1_2023.rds
Directory /mmfs1/gscratch/biology/jmsmith/targeted_microclimate/A1 exists. Contents:
simplified_A1_1945.rds
simplified_A1_1946.rds
simplified_A1_1947.rds
simplified_A1_1948.rds
simplified_A1_1949.rds
simplified_A1_1950.rds
simplified_A1_1951.rds
simplified_A1_1952.rds
simplified_A1_1953.rds
simplified_A1_1954.rds
simplified_A1_1955.rds
simplified_A1_1956.rds
simplified_A1_1957.rds
simplified_A1_1958.rds
simplified_A1_1959.rds
simplified_A1_1960.rds
simplified_A1_1961.rds
simplified_A1_1962.rds
simplified_A1_1963.rds
simplified_A1_1964.rds
simplified_A1_2005.rds
simplified_A1_2006.rds
simplified_A1_2007.rds
simplified_A1_2008.rds
simplified_A1_2009.rds
simplified_A1_2010.rds
simplified_A1_2011.rds
simplified_A1_2012.rds
simplified_A1_2013.rds
simplified_A1_2014.rds
simplified_A1_2015.rds
simplified_A1_2016.rds
simplified_A1_2017.rds
simplified_A1_2018.rds
simplified_A1_2019.rds
simplified_A1_2020.rds
simplified_A1_2021.rds
simplified_A1_2022.rds
simplified_A1_2023.rds
simplified_A1_2024.rds
Processing batch 1/12 (rows 1-1000)
  Calculated 1000 temperatures. Range: 3.32 to 45.39
Processing batch 2/12 (rows 1001-2000)
  Calculated 1000 temperatures. Range: 4.97 to 48.36
Processing batch 3/12 (rows 2001-3000)
  Calculated 1000 temperatures. Range: 5.55 to 43.94
Processing batch 4/12 (rows 3001-4000)
  Calculated 1000 temperatures. Range: 6.55 to 41.88
Processing batch 5/12 (rows 4001-5000)
  Calculated 1000 temperatures. Range: 4.97 to 39.61
Processing batch 6/12 (rows 5001-6000)
  Calculated 1000 temperatures. Range: 6.27 to 38.34
Processing batch 7/12 (rows 6001-7000)
  Calculated 1000 temperatures. Range: 4.10 to 35.32
Processing batch 8/12 (rows 7001-8000)
  Calculated 1000 temperatures. Range: 4.04 to 22.04
Processing batch 9/12 (rows 8001-9000)
  Calculated 1000 temperatures. Range: 5.91 to 21.50
Processing batch 10/12 (rows 9001-10000)
  Calculated 1000 temperatures. Range: 5.06 to 26.84
Processing batch 11/12 (rows 10001-11000)
  Calculated 1000 temperatures. Range: 7.08 to 26.73
Processing batch 12/12 (rows 11001-11035)
  Calculated 35 temperatures. Range: 10.28 to 25.25
Total observations: 11035, Unique timestamps: 2207
MR parameters: mass=0.24, elev=3014.0, b0=17.10, b1=0.98, b2=-0.48, b3=0.000124
Sample tb=282.94 K, log(mass)=-1.4271, 1/(kT)=41.000660, exponent=-3.6052, rmr=0.027183
Sample tb=282.52 K, log(mass)=-1.4271, 1/(kT)=41.062891, exponent=-3.6350, rmr=0.026383
Sample tb=288.95 K, log(mass)=-1.4271, 1/(kT)=40.148823, exponent=-3.1963, rmr=0.040914
Sample tb=284.04 K, log(mass)=-1.4271, 1/(kT)=40.841949, exponent=-3.5290, rmr=0.029335
Sample tb=284.60 K, log(mass)=-1.4271, 1/(kT)=40.762507, exponent=-3.4908, rmr=0.030475
MR results: 0 NA, 0 infinite, 0 negative, 0 zero
Energy calculations: 6069 non-zero gains, 11035 non-zero losses out of 11035 observations
Saved results to output/results/C1/2023/M/eb_results_MB_2023_C1_A1.rds

Processing: Species=MB, Year=2024, Origin=C1, Climate=A1, Sex=M
Looking for climate data at: /mmfs1/gscratch/biology/jmsmith/targeted_microclimate/A1/simplified_A1_2024.rds
Directory /mmfs1/gscratch/biology/jmsmith/targeted_microclimate/A1 exists. Contents:
simplified_A1_1945.rds
simplified_A1_1946.rds
simplified_A1_1947.rds
simplified_A1_1948.rds
simplified_A1_1949.rds
simplified_A1_1950.rds
simplified_A1_1951.rds
simplified_A1_1952.rds
simplified_A1_1953.rds
simplified_A1_1954.rds
simplified_A1_1955.rds
simplified_A1_1956.rds
simplified_A1_1957.rds
simplified_A1_1958.rds
simplified_A1_1959.rds
simplified_A1_1960.rds
simplified_A1_1961.rds
simplified_A1_1962.rds
simplified_A1_1963.rds
simplified_A1_1964.rds
simplified_A1_2005.rds
simplified_A1_2006.rds
simplified_A1_2007.rds
simplified_A1_2008.rds
simplified_A1_2009.rds
simplified_A1_2010.rds
simplified_A1_2011.rds
simplified_A1_2012.rds
simplified_A1_2013.rds
simplified_A1_2014.rds
simplified_A1_2015.rds
simplified_A1_2016.rds
simplified_A1_2017.rds
simplified_A1_2018.rds
simplified_A1_2019.rds
simplified_A1_2020.rds
simplified_A1_2021.rds
simplified_A1_2022.rds
simplified_A1_2023.rds
simplified_A1_2024.rds
Processing batch 1/12 (rows 1-1000)
  Calculated 1000 temperatures. Range: 2.35 to 57.12
Processing batch 2/12 (rows 1001-2000)
  Calculated 1000 temperatures. Range: 6.89 to 60.00
Processing batch 3/12 (rows 2001-3000)
  Calculated 1000 temperatures. Range: 4.61 to 42.96
Processing batch 4/12 (rows 3001-4000)
  Calculated 1000 temperatures. Range: 6.69 to 55.88
Processing batch 5/12 (rows 4001-5000)
  Calculated 1000 temperatures. Range: 4.06 to 42.90
Processing batch 6/12 (rows 5001-6000)
  Calculated 1000 temperatures. Range: 5.87 to 46.99
Processing batch 7/12 (rows 6001-7000)
  Calculated 1000 temperatures. Range: 5.19 to 39.39
Processing batch 8/12 (rows 7001-8000)
  Calculated 1000 temperatures. Range: 3.72 to 22.04
Processing batch 9/12 (rows 8001-9000)
  Calculated 1000 temperatures. Range: 6.04 to 23.71
Processing batch 10/12 (rows 9001-10000)
  Calculated 1000 temperatures. Range: 5.38 to 27.74
Processing batch 11/12 (rows 10001-11000)
  Calculated 1000 temperatures. Range: 7.91 to 26.74
Processing batch 12/12 (rows 11001-11035)
  Calculated 35 temperatures. Range: 7.62 to 23.26
Total observations: 11035, Unique timestamps: 2207
MR parameters: mass=0.24, elev=3014.0, b0=17.10, b1=0.98, b2=-0.48, b3=0.000124
Sample tb=286.04 K, log(mass)=-1.4271, 1/(kT)=40.556704, exponent=-3.3921, rmr=0.033639
Sample tb=281.58 K, log(mass)=-1.4271, 1/(kT)=41.199443, exponent=-3.7006, rmr=0.024709
Sample tb=287.62 K, log(mass)=-1.4271, 1/(kT)=40.333642, exponent=-3.2850, rmr=0.037441
Sample tb=284.25 K, log(mass)=-1.4271, 1/(kT)=40.812920, exponent=-3.5150, rmr=0.029747
Sample tb=302.13 K, log(mass)=-1.4271, 1/(kT)=38.397130, exponent=-2.3555, rmr=0.094850
MR results: 0 NA, 0 infinite, 0 negative, 0 zero
Energy calculations: 6666 non-zero gains, 11035 non-zero losses out of 11035 observations
Saved results to output/results/C1/2024/M/eb_results_MB_2024_C1_A1.rds

All years processed.
