Arguments received:
Species: MB
Years: 1945, 1946, 1947, 1948, 1949, 1950, 1951, 1952, 1953, 1954, 1955, 1956, 1957, 1958, 1959, 1960, 1961, 1962, 1963, 1964
Origin site: A1
Climate site: D1
Sex: M
Output directory: output/results/A1
Library paths:
[1] "/gscratch/biology/jmsmith/R"                          
[2] "/mmfs1/home/smithju/R/x86_64-pc-linux-gnu-library/4.4"
[3] "/usr/local/lib/R/site-library"                        
[4] "/usr/local/lib/R/library"                             
Package tidyverse loaded successfully
Package TrenchR loaded successfully
Package rTPC loaded successfully
Package lubridate loaded successfully

Processing: Species=MB, Year=1945, Origin=A1, Climate=D1, Sex=M
Looking for climate data at: /mmfs1/gscratch/biology/jmsmith/targeted_microclimate/D1/simplified_D1_1945.rds
Directory /mmfs1/gscratch/biology/jmsmith/targeted_microclimate/D1 exists. Contents:
simplified_D1_1945.rds
simplified_D1_1946.rds
simplified_D1_1947.rds
simplified_D1_1948.rds
simplified_D1_1949.rds
simplified_D1_1950.rds
simplified_D1_1951.rds
simplified_D1_1952.rds
simplified_D1_1953.rds
simplified_D1_1954.rds
simplified_D1_1955.rds
simplified_D1_1956.rds
simplified_D1_1957.rds
simplified_D1_1958.rds
simplified_D1_1959.rds
simplified_D1_1960.rds
simplified_D1_1961.rds
simplified_D1_1962.rds
simplified_D1_1963.rds
simplified_D1_1964.rds
simplified_D1_2005.rds
simplified_D1_2006.rds
simplified_D1_2007.rds
simplified_D1_2008.rds
simplified_D1_2009.rds
simplified_D1_2010.rds
simplified_D1_2011.rds
simplified_D1_2012.rds
simplified_D1_2013.rds
simplified_D1_2014.rds
simplified_D1_2015.rds
simplified_D1_2016.rds
simplified_D1_2017.rds
simplified_D1_2018.rds
simplified_D1_2019.rds
simplified_D1_2020.rds
simplified_D1_2021.rds
simplified_D1_2022.rds
simplified_D1_2023.rds
simplified_D1_2024.rds
Processing batch 1/12 (rows 1-1000)
  Calculated 1000 temperatures. Range: -14.90 to 44.29
Processing batch 2/12 (rows 1001-2000)
  Calculated 1000 temperatures. Range: -5.92 to 49.93
Processing batch 3/12 (rows 2001-3000)
  Calculated 1000 temperatures. Range: -14.50 to 46.87
Processing batch 4/12 (rows 3001-4000)
  Calculated 1000 temperatures. Range: -5.11 to 37.02
Processing batch 5/12 (rows 4001-5000)
  Calculated 1000 temperatures. Range: -13.73 to 38.59
Processing batch 6/12 (rows 5001-6000)
  Calculated 1000 temperatures. Range: -6.88 to 35.08
Processing batch 7/12 (rows 6001-7000)
  Calculated 1000 temperatures. Range: -12.54 to 36.64
Processing batch 8/12 (rows 7001-8000)
  Calculated 1000 temperatures. Range: -13.78 to 12.30
Processing batch 9/12 (rows 8001-9000)
  Calculated 1000 temperatures. Range: -8.84 to 12.92
Processing batch 10/12 (rows 9001-10000)
  Calculated 1000 temperatures. Range: -13.22 to 13.68
Processing batch 11/12 (rows 10001-11000)
  Calculated 1000 temperatures. Range: -2.95 to 14.95
Processing batch 12/12 (rows 11001-11035)
  Calculated 35 temperatures. Range: -0.12 to 13.45
Total observations: 11035, Unique timestamps: 2207
MR parameters: mass=0.33, elev=2195.0, b0=17.10, b1=0.98, b2=-0.48, b3=0.000124
Sample tb=272.54 K, log(mass)=-1.1087, 1/(kT)=42.566094, exponent=-4.1460, rmr=0.015827
Sample tb=282.87 K, log(mass)=-1.1087, 1/(kT)=41.010881, exponent=-3.3995, rmr=0.033389
Sample tb=288.05 K, log(mass)=-1.1087, 1/(kT)=40.273650, exponent=-3.0457, rmr=0.047565
Sample tb=277.40 K, log(mass)=-1.1087, 1/(kT)=41.820786, exponent=-3.7883, rmr=0.022634
Sample tb=292.76 K, log(mass)=-1.1087, 1/(kT)=39.626127, exponent=-2.7349, rmr=0.064904
MR results: 0 NA, 0 infinite, 0 negative, 0 zero
Energy calculations: 2062 non-zero gains, 11035 non-zero losses out of 11035 observations
Saved results to output/results/A1/1945/M/eb_results_MB_1945_A1_D1.rds

Processing: Species=MB, Year=1946, Origin=A1, Climate=D1, Sex=M
Looking for climate data at: /mmfs1/gscratch/biology/jmsmith/targeted_microclimate/D1/simplified_D1_1946.rds
Directory /mmfs1/gscratch/biology/jmsmith/targeted_microclimate/D1 exists. Contents:
simplified_D1_1945.rds
simplified_D1_1946.rds
simplified_D1_1947.rds
simplified_D1_1948.rds
simplified_D1_1949.rds
simplified_D1_1950.rds
simplified_D1_1951.rds
simplified_D1_1952.rds
simplified_D1_1953.rds
simplified_D1_1954.rds
simplified_D1_1955.rds
simplified_D1_1956.rds
simplified_D1_1957.rds
simplified_D1_1958.rds
simplified_D1_1959.rds
simplified_D1_1960.rds
simplified_D1_1961.rds
simplified_D1_1962.rds
simplified_D1_1963.rds
simplified_D1_1964.rds
simplified_D1_2005.rds
simplified_D1_2006.rds
simplified_D1_2007.rds
simplified_D1_2008.rds
simplified_D1_2009.rds
simplified_D1_2010.rds
simplified_D1_2011.rds
simplified_D1_2012.rds
simplified_D1_2013.rds
simplified_D1_2014.rds
simplified_D1_2015.rds
simplified_D1_2016.rds
simplified_D1_2017.rds
simplified_D1_2018.rds
simplified_D1_2019.rds
simplified_D1_2020.rds
simplified_D1_2021.rds
simplified_D1_2022.rds
simplified_D1_2023.rds
simplified_D1_2024.rds
Processing batch 1/12 (rows 1-1000)
  Calculated 1000 temperatures. Range: -10.19 to 51.26
Processing batch 2/12 (rows 1001-2000)
  Calculated 1000 temperatures. Range: -3.77 to 49.12
Processing batch 3/12 (rows 2001-3000)
  Calculated 1000 temperatures. Range: -9.62 to 37.51
Processing batch 4/12 (rows 3001-4000)
  Calculated 1000 temperatures. Range: -4.69 to 38.22
Processing batch 5/12 (rows 4001-5000)
  Calculated 1000 temperatures. Range: -9.58 to 36.03
Processing batch 6/12 (rows 5001-6000)
  Calculated 1000 temperatures. Range: -6.75 to 35.79
Processing batch 7/12 (rows 6001-7000)
  Calculated 1000 temperatures. Range: -8.88 to 34.34
Processing batch 8/12 (rows 7001-8000)
  Calculated 1000 temperatures. Range: -8.33 to 12.32
Processing batch 9/12 (rows 8001-9000)
  Calculated 1000 temperatures. Range: -9.12 to 12.35
Processing batch 10/12 (rows 9001-10000)
  Calculated 1000 temperatures. Range: -8.70 to 15.01
Processing batch 11/12 (rows 10001-11000)
  Calculated 1000 temperatures. Range: -3.57 to 14.53
Processing batch 12/12 (rows 11001-11035)
  Calculated 35 temperatures. Range: -3.65 to 8.89
Total observations: 11035, Unique timestamps: 2207
MR parameters: mass=0.33, elev=2195.0, b0=17.10, b1=0.98, b2=-0.48, b3=0.000124
Sample tb=286.32 K, log(mass)=-1.1087, 1/(kT)=40.517569, exponent=-3.1627, rmr=0.042310
Sample tb=292.81 K, log(mass)=-1.1087, 1/(kT)=39.618907, exponent=-2.7314, rmr=0.065129
Sample tb=284.19 K, log(mass)=-1.1087, 1/(kT)=40.821271, exponent=-3.3085, rmr=0.036570
Sample tb=276.04 K, log(mass)=-1.1087, 1/(kT)=42.026683, exponent=-3.8871, rmr=0.020504
Sample tb=276.06 K, log(mass)=-1.1087, 1/(kT)=42.022552, exponent=-3.8851, rmr=0.020545
MR results: 0 NA, 0 infinite, 0 negative, 0 zero
Energy calculations: 2417 non-zero gains, 11035 non-zero losses out of 11035 observations
Saved results to output/results/A1/1946/M/eb_results_MB_1946_A1_D1.rds

Processing: Species=MB, Year=1947, Origin=A1, Climate=D1, Sex=M
Looking for climate data at: /mmfs1/gscratch/biology/jmsmith/targeted_microclimate/D1/simplified_D1_1947.rds
Directory /mmfs1/gscratch/biology/jmsmith/targeted_microclimate/D1 exists. Contents:
simplified_D1_1945.rds
simplified_D1_1946.rds
simplified_D1_1947.rds
simplified_D1_1948.rds
simplified_D1_1949.rds
simplified_D1_1950.rds
simplified_D1_1951.rds
simplified_D1_1952.rds
simplified_D1_1953.rds
simplified_D1_1954.rds
simplified_D1_1955.rds
simplified_D1_1956.rds
simplified_D1_1957.rds
simplified_D1_1958.rds
simplified_D1_1959.rds
simplified_D1_1960.rds
simplified_D1_1961.rds
simplified_D1_1962.rds
simplified_D1_1963.rds
simplified_D1_1964.rds
simplified_D1_2005.rds
simplified_D1_2006.rds
simplified_D1_2007.rds
simplified_D1_2008.rds
simplified_D1_2009.rds
simplified_D1_2010.rds
simplified_D1_2011.rds
simplified_D1_2012.rds
simplified_D1_2013.rds
simplified_D1_2014.rds
simplified_D1_2015.rds
simplified_D1_2016.rds
simplified_D1_2017.rds
simplified_D1_2018.rds
simplified_D1_2019.rds
simplified_D1_2020.rds
simplified_D1_2021.rds
simplified_D1_2022.rds
simplified_D1_2023.rds
simplified_D1_2024.rds
Processing batch 1/12 (rows 1-1000)
  Calculated 1000 temperatures. Range: -16.60 to 46.30
Processing batch 2/12 (rows 1001-2000)
  Calculated 1000 temperatures. Range: -4.51 to 51.22
Processing batch 3/12 (rows 2001-3000)
  Calculated 1000 temperatures. Range: -16.42 to 46.94
Processing batch 4/12 (rows 3001-4000)
  Calculated 1000 temperatures. Range: -3.55 to 40.28
Processing batch 5/12 (rows 4001-5000)
  Calculated 1000 temperatures. Range: -16.28 to 36.71
Processing batch 6/12 (rows 5001-6000)
  Calculated 1000 temperatures. Range: -6.16 to 37.73
Processing batch 7/12 (rows 6001-7000)
  Calculated 1000 temperatures. Range: -14.44 to 34.72
Processing batch 8/12 (rows 7001-8000)
  Calculated 1000 temperatures. Range: -7.21 to 12.45
Processing batch 9/12 (rows 8001-9000)
  Calculated 1000 temperatures. Range: -8.35 to 13.28
Processing batch 10/12 (rows 9001-10000)
  Calculated 1000 temperatures. Range: -15.38 to 13.65
Processing batch 11/12 (rows 10001-11000)
  Calculated 1000 temperatures. Range: -3.18 to 15.28
Processing batch 12/12 (rows 11001-11035)
  Calculated 35 temperatures. Range: 0.18 to 11.40
Total observations: 11035, Unique timestamps: 2207
MR parameters: mass=0.33, elev=2195.0, b0=17.10, b1=0.98, b2=-0.48, b3=0.000124
Sample tb=279.76 K, log(mass)=-1.1087, 1/(kT)=41.466772, exponent=-3.6184, rmr=0.026827
Sample tb=278.96 K, log(mass)=-1.1087, 1/(kT)=41.586917, exponent=-3.6760, rmr=0.025323
Sample tb=277.09 K, log(mass)=-1.1087, 1/(kT)=41.867224, exponent=-3.8106, rmr=0.022135
Sample tb=278.57 K, log(mass)=-1.1087, 1/(kT)=41.643917, exponent=-3.7034, rmr=0.024640
Sample tb=277.71 K, log(mass)=-1.1087, 1/(kT)=41.773091, exponent=-3.7654, rmr=0.023159
MR results: 0 NA, 0 infinite, 0 negative, 0 zero
Energy calculations: 2160 non-zero gains, 11035 non-zero losses out of 11035 observations
Saved results to output/results/A1/1947/M/eb_results_MB_1947_A1_D1.rds

Processing: Species=MB, Year=1948, Origin=A1, Climate=D1, Sex=M
Looking for climate data at: /mmfs1/gscratch/biology/jmsmith/targeted_microclimate/D1/simplified_D1_1948.rds
Directory /mmfs1/gscratch/biology/jmsmith/targeted_microclimate/D1 exists. Contents:
simplified_D1_1945.rds
simplified_D1_1946.rds
simplified_D1_1947.rds
simplified_D1_1948.rds
simplified_D1_1949.rds
simplified_D1_1950.rds
simplified_D1_1951.rds
simplified_D1_1952.rds
simplified_D1_1953.rds
simplified_D1_1954.rds
simplified_D1_1955.rds
simplified_D1_1956.rds
simplified_D1_1957.rds
simplified_D1_1958.rds
simplified_D1_1959.rds
simplified_D1_1960.rds
simplified_D1_1961.rds
simplified_D1_1962.rds
simplified_D1_1963.rds
simplified_D1_1964.rds
simplified_D1_2005.rds
simplified_D1_2006.rds
simplified_D1_2007.rds
simplified_D1_2008.rds
simplified_D1_2009.rds
simplified_D1_2010.rds
simplified_D1_2011.rds
simplified_D1_2012.rds
simplified_D1_2013.rds
simplified_D1_2014.rds
simplified_D1_2015.rds
simplified_D1_2016.rds
simplified_D1_2017.rds
simplified_D1_2018.rds
simplified_D1_2019.rds
simplified_D1_2020.rds
simplified_D1_2021.rds
simplified_D1_2022.rds
simplified_D1_2023.rds
simplified_D1_2024.rds
Processing batch 1/12 (rows 1-1000)
  Calculated 1000 temperatures. Range: -7.99 to 48.12
Processing batch 2/12 (rows 1001-2000)
  Calculated 1000 temperatures. Range: -5.78 to 47.62
Processing batch 3/12 (rows 2001-3000)
  Calculated 1000 temperatures. Range: -6.16 to 44.14
Processing batch 4/12 (rows 3001-4000)
  Calculated 1000 temperatures. Range: -4.45 to 37.80
Processing batch 5/12 (rows 4001-5000)
  Calculated 1000 temperatures. Range: -6.15 to 36.91
Processing batch 6/12 (rows 5001-6000)
  Calculated 1000 temperatures. Range: -5.96 to 34.61
Processing batch 7/12 (rows 6001-7000)
  Calculated 1000 temperatures. Range: -5.75 to 34.04
Processing batch 8/12 (rows 7001-8000)
  Calculated 1000 temperatures. Range: -5.81 to 11.94
Processing batch 9/12 (rows 8001-9000)
  Calculated 1000 temperatures. Range: -5.15 to 11.87
Processing batch 10/12 (rows 9001-10000)
  Calculated 1000 temperatures. Range: -5.19 to 13.54
Processing batch 11/12 (rows 10001-11000)
  Calculated 1000 temperatures. Range: -4.33 to 14.43
Processing batch 12/12 (rows 11001-11035)
  Calculated 35 temperatures. Range: -1.34 to 14.08
Total observations: 11035, Unique timestamps: 2207
MR parameters: mass=0.33, elev=2195.0, b0=17.10, b1=0.98, b2=-0.48, b3=0.000124
Sample tb=279.54 K, log(mass)=-1.1087, 1/(kT)=41.499356, exponent=-3.6340, rmr=0.026410
Sample tb=275.27 K, log(mass)=-1.1087, 1/(kT)=42.144502, exponent=-3.9437, rmr=0.019377
Sample tb=284.69 K, log(mass)=-1.1087, 1/(kT)=40.749710, exponent=-3.2742, rmr=0.037848
Sample tb=291.79 K, log(mass)=-1.1087, 1/(kT)=39.757487, exponent=-2.7979, rmr=0.060938
Sample tb=269.89 K, log(mass)=-1.1087, 1/(kT)=42.983626, exponent=-4.3464, rmr=0.012953
MR results: 0 NA, 0 infinite, 0 negative, 0 zero
Energy calculations: 2343 non-zero gains, 11035 non-zero losses out of 11035 observations
Saved results to output/results/A1/1948/M/eb_results_MB_1948_A1_D1.rds

Processing: Species=MB, Year=1949, Origin=A1, Climate=D1, Sex=M
Looking for climate data at: /mmfs1/gscratch/biology/jmsmith/targeted_microclimate/D1/simplified_D1_1949.rds
Directory /mmfs1/gscratch/biology/jmsmith/targeted_microclimate/D1 exists. Contents:
simplified_D1_1945.rds
simplified_D1_1946.rds
simplified_D1_1947.rds
simplified_D1_1948.rds
simplified_D1_1949.rds
simplified_D1_1950.rds
simplified_D1_1951.rds
simplified_D1_1952.rds
simplified_D1_1953.rds
simplified_D1_1954.rds
simplified_D1_1955.rds
simplified_D1_1956.rds
simplified_D1_1957.rds
simplified_D1_1958.rds
simplified_D1_1959.rds
simplified_D1_1960.rds
simplified_D1_1961.rds
simplified_D1_1962.rds
simplified_D1_1963.rds
simplified_D1_1964.rds
simplified_D1_2005.rds
simplified_D1_2006.rds
simplified_D1_2007.rds
simplified_D1_2008.rds
simplified_D1_2009.rds
simplified_D1_2010.rds
simplified_D1_2011.rds
simplified_D1_2012.rds
simplified_D1_2013.rds
simplified_D1_2014.rds
simplified_D1_2015.rds
simplified_D1_2016.rds
simplified_D1_2017.rds
simplified_D1_2018.rds
simplified_D1_2019.rds
simplified_D1_2020.rds
simplified_D1_2021.rds
simplified_D1_2022.rds
simplified_D1_2023.rds
simplified_D1_2024.rds
Processing batch 1/12 (rows 1-1000)
  Calculated 1000 temperatures. Range: -10.33 to 49.77
Processing batch 2/12 (rows 1001-2000)
  Calculated 1000 temperatures. Range: -6.11 to 54.09
Processing batch 3/12 (rows 2001-3000)
  Calculated 1000 temperatures. Range: -9.91 to 39.60
Processing batch 4/12 (rows 3001-4000)
  Calculated 1000 temperatures. Range: -3.21 to 41.28
Processing batch 5/12 (rows 4001-5000)
  Calculated 1000 temperatures. Range: -9.77 to 34.25
Processing batch 6/12 (rows 5001-6000)
  Calculated 1000 temperatures. Range: -4.57 to 38.97
Processing batch 7/12 (rows 6001-7000)
  Calculated 1000 temperatures. Range: -9.16 to 34.69
Processing batch 8/12 (rows 7001-8000)
  Calculated 1000 temperatures. Range: -4.90 to 11.59
Processing batch 9/12 (rows 8001-9000)
  Calculated 1000 temperatures. Range: -9.30 to 11.43
Processing batch 10/12 (rows 9001-10000)
  Calculated 1000 temperatures. Range: -4.94 to 14.57
Processing batch 11/12 (rows 10001-11000)
  Calculated 1000 temperatures. Range: -3.56 to 13.86
Processing batch 12/12 (rows 11001-11035)
  Calculated 35 temperatures. Range: -4.04 to 9.76
Total observations: 11035, Unique timestamps: 2207
MR parameters: mass=0.33, elev=2195.0, b0=17.10, b1=0.98, b2=-0.48, b3=0.000124
Sample tb=281.75 K, log(mass)=-1.1087, 1/(kT)=41.175199, exponent=-3.4784, rmr=0.030857
Sample tb=279.65 K, log(mass)=-1.1087, 1/(kT)=41.483079, exponent=-3.6262, rmr=0.026617
Sample tb=317.65 K, log(mass)=-1.1087, 1/(kT)=36.521199, exponent=-1.2445, rmr=0.288089
Sample tb=277.16 K, log(mass)=-1.1087, 1/(kT)=41.856336, exponent=-3.8054, rmr=0.022251
Sample tb=278.06 K, log(mass)=-1.1087, 1/(kT)=41.721288, exponent=-3.7405, rmr=0.023742
MR results: 0 NA, 0 infinite, 0 negative, 0 zero
Energy calculations: 2282 non-zero gains, 11035 non-zero losses out of 11035 observations
Saved results to output/results/A1/1949/M/eb_results_MB_1949_A1_D1.rds

Processing: Species=MB, Year=1950, Origin=A1, Climate=D1, Sex=M
Looking for climate data at: /mmfs1/gscratch/biology/jmsmith/targeted_microclimate/D1/simplified_D1_1950.rds
Directory /mmfs1/gscratch/biology/jmsmith/targeted_microclimate/D1 exists. Contents:
simplified_D1_1945.rds
simplified_D1_1946.rds
simplified_D1_1947.rds
simplified_D1_1948.rds
simplified_D1_1949.rds
simplified_D1_1950.rds
simplified_D1_1951.rds
simplified_D1_1952.rds
simplified_D1_1953.rds
simplified_D1_1954.rds
simplified_D1_1955.rds
simplified_D1_1956.rds
simplified_D1_1957.rds
simplified_D1_1958.rds
simplified_D1_1959.rds
simplified_D1_1960.rds
simplified_D1_1961.rds
simplified_D1_1962.rds
simplified_D1_1963.rds
simplified_D1_1964.rds
simplified_D1_2005.rds
simplified_D1_2006.rds
simplified_D1_2007.rds
simplified_D1_2008.rds
simplified_D1_2009.rds
simplified_D1_2010.rds
simplified_D1_2011.rds
simplified_D1_2012.rds
simplified_D1_2013.rds
simplified_D1_2014.rds
simplified_D1_2015.rds
simplified_D1_2016.rds
simplified_D1_2017.rds
simplified_D1_2018.rds
simplified_D1_2019.rds
simplified_D1_2020.rds
simplified_D1_2021.rds
simplified_D1_2022.rds
simplified_D1_2023.rds
simplified_D1_2024.rds
Processing batch 1/12 (rows 1-1000)
  Calculated 1000 temperatures. Range: -15.15 to 53.72
Processing batch 2/12 (rows 1001-2000)
  Calculated 1000 temperatures. Range: -6.44 to 46.32
Processing batch 3/12 (rows 2001-3000)
  Calculated 1000 temperatures. Range: -14.81 to 43.72
Processing batch 4/12 (rows 3001-4000)
  Calculated 1000 temperatures. Range: -4.68 to 35.51
Processing batch 5/12 (rows 4001-5000)
  Calculated 1000 temperatures. Range: -15.01 to 32.06
Processing batch 6/12 (rows 5001-6000)
  Calculated 1000 temperatures. Range: -5.91 to 33.35
Processing batch 7/12 (rows 6001-7000)
  Calculated 1000 temperatures. Range: -12.30 to 33.41
Processing batch 8/12 (rows 7001-8000)
  Calculated 1000 temperatures. Range: -5.56 to 11.17
Processing batch 9/12 (rows 8001-9000)
  Calculated 1000 temperatures. Range: -13.06 to 11.47
Processing batch 10/12 (rows 9001-10000)
  Calculated 1000 temperatures. Range: -10.30 to 13.34
Processing batch 11/12 (rows 10001-11000)
  Calculated 1000 temperatures. Range: -5.88 to 13.61
Processing batch 12/12 (rows 11001-11035)
  Calculated 35 temperatures. Range: -3.88 to 12.76
Total observations: 11035, Unique timestamps: 2207
MR parameters: mass=0.33, elev=2195.0, b0=17.10, b1=0.98, b2=-0.48, b3=0.000124
Sample tb=282.00 K, log(mass)=-1.1087, 1/(kT)=41.138589, exponent=-3.4608, rmr=0.031404
Sample tb=290.78 K, log(mass)=-1.1087, 1/(kT)=39.895593, exponent=-2.8642, rmr=0.057029
Sample tb=277.75 K, log(mass)=-1.1087, 1/(kT)=41.768204, exponent=-3.7630, rmr=0.023213
Sample tb=272.02 K, log(mass)=-1.1087, 1/(kT)=42.648110, exponent=-4.1854, rmr=0.015216
Sample tb=266.07 K, log(mass)=-1.1087, 1/(kT)=43.601591, exponent=-4.6431, rmr=0.009628
MR results: 0 NA, 0 infinite, 0 negative, 0 zero
Energy calculations: 2229 non-zero gains, 11035 non-zero losses out of 11035 observations
Saved results to output/results/A1/1950/M/eb_results_MB_1950_A1_D1.rds

Processing: Species=MB, Year=1951, Origin=A1, Climate=D1, Sex=M
Looking for climate data at: /mmfs1/gscratch/biology/jmsmith/targeted_microclimate/D1/simplified_D1_1951.rds
Directory /mmfs1/gscratch/biology/jmsmith/targeted_microclimate/D1 exists. Contents:
simplified_D1_1945.rds
simplified_D1_1946.rds
simplified_D1_1947.rds
simplified_D1_1948.rds
simplified_D1_1949.rds
simplified_D1_1950.rds
simplified_D1_1951.rds
simplified_D1_1952.rds
simplified_D1_1953.rds
simplified_D1_1954.rds
simplified_D1_1955.rds
simplified_D1_1956.rds
simplified_D1_1957.rds
simplified_D1_1958.rds
simplified_D1_1959.rds
simplified_D1_1960.rds
simplified_D1_1961.rds
simplified_D1_1962.rds
simplified_D1_1963.rds
simplified_D1_1964.rds
simplified_D1_2005.rds
simplified_D1_2006.rds
simplified_D1_2007.rds
simplified_D1_2008.rds
simplified_D1_2009.rds
simplified_D1_2010.rds
simplified_D1_2011.rds
simplified_D1_2012.rds
simplified_D1_2013.rds
simplified_D1_2014.rds
simplified_D1_2015.rds
simplified_D1_2016.rds
simplified_D1_2017.rds
simplified_D1_2018.rds
simplified_D1_2019.rds
simplified_D1_2020.rds
simplified_D1_2021.rds
simplified_D1_2022.rds
simplified_D1_2023.rds
simplified_D1_2024.rds
Processing batch 1/12 (rows 1-1000)
  Calculated 1000 temperatures. Range: -14.57 to 53.11
Processing batch 2/12 (rows 1001-2000)
  Calculated 1000 temperatures. Range: -5.17 to 51.06
Processing batch 3/12 (rows 2001-3000)
  Calculated 1000 temperatures. Range: -15.46 to 32.96
Processing batch 4/12 (rows 3001-4000)
  Calculated 1000 temperatures. Range: -4.18 to 39.35
Processing batch 5/12 (rows 4001-5000)
  Calculated 1000 temperatures. Range: -15.20 to 31.97
Processing batch 6/12 (rows 5001-6000)
  Calculated 1000 temperatures. Range: -5.75 to 37.12
Processing batch 7/12 (rows 6001-7000)
  Calculated 1000 temperatures. Range: -13.89 to 30.13
Processing batch 8/12 (rows 7001-8000)
  Calculated 1000 temperatures. Range: -6.31 to 13.65
Processing batch 9/12 (rows 8001-9000)
  Calculated 1000 temperatures. Range: -15.09 to 13.28
Processing batch 10/12 (rows 9001-10000)
  Calculated 1000 temperatures. Range: -8.42 to 16.46
Processing batch 11/12 (rows 10001-11000)
  Calculated 1000 temperatures. Range: -3.59 to 16.07
Processing batch 12/12 (rows 11001-11035)
  Calculated 35 temperatures. Range: -2.84 to 10.44
Total observations: 11035, Unique timestamps: 2207
MR parameters: mass=0.33, elev=2195.0, b0=17.10, b1=0.98, b2=-0.48, b3=0.000124
Sample tb=272.42 K, log(mass)=-1.1087, 1/(kT)=42.585280, exponent=-4.1552, rmr=0.015682
Sample tb=271.89 K, log(mass)=-1.1087, 1/(kT)=42.667851, exponent=-4.1949, rmr=0.015073
Sample tb=273.28 K, log(mass)=-1.1087, 1/(kT)=42.450643, exponent=-4.0906, rmr=0.016729
Sample tb=281.42 K, log(mass)=-1.1087, 1/(kT)=41.223441, exponent=-3.5016, rmr=0.030150
Sample tb=273.37 K, log(mass)=-1.1087, 1/(kT)=42.436209, exponent=-4.0837, rmr=0.016845
MR results: 0 NA, 0 infinite, 0 negative, 0 zero
Energy calculations: 2094 non-zero gains, 11035 non-zero losses out of 11035 observations
Saved results to output/results/A1/1951/M/eb_results_MB_1951_A1_D1.rds

Processing: Species=MB, Year=1952, Origin=A1, Climate=D1, Sex=M
Looking for climate data at: /mmfs1/gscratch/biology/jmsmith/targeted_microclimate/D1/simplified_D1_1952.rds
Directory /mmfs1/gscratch/biology/jmsmith/targeted_microclimate/D1 exists. Contents:
simplified_D1_1945.rds
simplified_D1_1946.rds
simplified_D1_1947.rds
simplified_D1_1948.rds
simplified_D1_1949.rds
simplified_D1_1950.rds
simplified_D1_1951.rds
simplified_D1_1952.rds
simplified_D1_1953.rds
simplified_D1_1954.rds
simplified_D1_1955.rds
simplified_D1_1956.rds
simplified_D1_1957.rds
simplified_D1_1958.rds
simplified_D1_1959.rds
simplified_D1_1960.rds
simplified_D1_1961.rds
simplified_D1_1962.rds
simplified_D1_1963.rds
simplified_D1_1964.rds
simplified_D1_2005.rds
simplified_D1_2006.rds
simplified_D1_2007.rds
simplified_D1_2008.rds
simplified_D1_2009.rds
simplified_D1_2010.rds
simplified_D1_2011.rds
simplified_D1_2012.rds
simplified_D1_2013.rds
simplified_D1_2014.rds
simplified_D1_2015.rds
simplified_D1_2016.rds
simplified_D1_2017.rds
simplified_D1_2018.rds
simplified_D1_2019.rds
simplified_D1_2020.rds
simplified_D1_2021.rds
simplified_D1_2022.rds
simplified_D1_2023.rds
simplified_D1_2024.rds
Processing batch 1/12 (rows 1-1000)
  Calculated 1000 temperatures. Range: -9.73 to 55.53
Processing batch 2/12 (rows 1001-2000)
  Calculated 1000 temperatures. Range: -4.62 to 49.14
Processing batch 3/12 (rows 2001-3000)
  Calculated 1000 temperatures. Range: -8.54 to 43.16
Processing batch 4/12 (rows 3001-4000)
  Calculated 1000 temperatures. Range: -5.59 to 37.93
Processing batch 5/12 (rows 4001-5000)
  Calculated 1000 temperatures. Range: -8.74 to 36.35
Processing batch 6/12 (rows 5001-6000)
  Calculated 1000 temperatures. Range: -5.39 to 35.71
Processing batch 7/12 (rows 6001-7000)
  Calculated 1000 temperatures. Range: -8.01 to 33.41
Processing batch 8/12 (rows 7001-8000)
  Calculated 1000 temperatures. Range: -6.45 to 13.16
Processing batch 9/12 (rows 8001-9000)
  Calculated 1000 temperatures. Range: -5.95 to 12.50
Processing batch 10/12 (rows 9001-10000)
  Calculated 1000 temperatures. Range: -7.62 to 13.43
Processing batch 11/12 (rows 10001-11000)
  Calculated 1000 temperatures. Range: -2.76 to 15.22
Processing batch 12/12 (rows 11001-11035)
  Calculated 35 temperatures. Range: -5.34 to 9.96
Total observations: 11035, Unique timestamps: 2207
MR parameters: mass=0.33, elev=2195.0, b0=17.10, b1=0.98, b2=-0.48, b3=0.000124
Sample tb=274.12 K, log(mass)=-1.1087, 1/(kT)=42.320699, exponent=-4.0282, rmr=0.017806
Sample tb=292.18 K, log(mass)=-1.1087, 1/(kT)=39.705201, exponent=-2.7728, rmr=0.062486
Sample tb=274.35 K, log(mass)=-1.1087, 1/(kT)=42.285071, exponent=-4.0111, rmr=0.018113
Sample tb=277.03 K, log(mass)=-1.1087, 1/(kT)=41.875797, exponent=-3.8147, rmr=0.022045
Sample tb=269.38 K, log(mass)=-1.1087, 1/(kT)=43.065349, exponent=-4.3857, rmr=0.012454
MR results: 0 NA, 0 infinite, 0 negative, 0 zero
Energy calculations: 2409 non-zero gains, 11035 non-zero losses out of 11035 observations
Saved results to output/results/A1/1952/M/eb_results_MB_1952_A1_D1.rds

Processing: Species=MB, Year=1953, Origin=A1, Climate=D1, Sex=M
Looking for climate data at: /mmfs1/gscratch/biology/jmsmith/targeted_microclimate/D1/simplified_D1_1953.rds
Directory /mmfs1/gscratch/biology/jmsmith/targeted_microclimate/D1 exists. Contents:
simplified_D1_1945.rds
simplified_D1_1946.rds
simplified_D1_1947.rds
simplified_D1_1948.rds
simplified_D1_1949.rds
simplified_D1_1950.rds
simplified_D1_1951.rds
simplified_D1_1952.rds
simplified_D1_1953.rds
simplified_D1_1954.rds
simplified_D1_1955.rds
simplified_D1_1956.rds
simplified_D1_1957.rds
simplified_D1_1958.rds
simplified_D1_1959.rds
simplified_D1_1960.rds
simplified_D1_1961.rds
simplified_D1_1962.rds
simplified_D1_1963.rds
simplified_D1_1964.rds
simplified_D1_2005.rds
simplified_D1_2006.rds
simplified_D1_2007.rds
simplified_D1_2008.rds
simplified_D1_2009.rds
simplified_D1_2010.rds
simplified_D1_2011.rds
simplified_D1_2012.rds
simplified_D1_2013.rds
simplified_D1_2014.rds
simplified_D1_2015.rds
simplified_D1_2016.rds
simplified_D1_2017.rds
simplified_D1_2018.rds
simplified_D1_2019.rds
simplified_D1_2020.rds
simplified_D1_2021.rds
simplified_D1_2022.rds
simplified_D1_2023.rds
simplified_D1_2024.rds
Processing batch 1/12 (rows 1-1000)
  Calculated 1000 temperatures. Range: -9.53 to 47.88
Processing batch 2/12 (rows 1001-2000)
  Calculated 1000 temperatures. Range: -6.48 to 48.20
Processing batch 3/12 (rows 2001-3000)
  Calculated 1000 temperatures. Range: -8.39 to 44.19
Processing batch 4/12 (rows 3001-4000)
  Calculated 1000 temperatures. Range: -3.74 to 36.97
Processing batch 5/12 (rows 4001-5000)
  Calculated 1000 temperatures. Range: -8.36 to 33.18
Processing batch 6/12 (rows 5001-6000)
  Calculated 1000 temperatures. Range: -5.49 to 34.75
Processing batch 7/12 (rows 6001-7000)
  Calculated 1000 temperatures. Range: -7.92 to 32.51
Processing batch 8/12 (rows 7001-8000)
  Calculated 1000 temperatures. Range: -5.68 to 12.70
Processing batch 9/12 (rows 8001-9000)
  Calculated 1000 temperatures. Range: -7.74 to 12.50
Processing batch 10/12 (rows 9001-10000)
  Calculated 1000 temperatures. Range: -5.25 to 14.97
Processing batch 11/12 (rows 10001-11000)
  Calculated 1000 temperatures. Range: -4.18 to 14.84
Processing batch 12/12 (rows 11001-11035)
  Calculated 35 temperatures. Range: -1.37 to 11.79
Total observations: 11035, Unique timestamps: 2207
MR parameters: mass=0.33, elev=2195.0, b0=17.10, b1=0.98, b2=-0.48, b3=0.000124
Sample tb=264.91 K, log(mass)=-1.1087, 1/(kT)=43.791144, exponent=-4.7341, rmr=0.008791
Sample tb=276.07 K, log(mass)=-1.1087, 1/(kT)=42.021090, exponent=-3.8844, rmr=0.020559
Sample tb=267.19 K, log(mass)=-1.1087, 1/(kT)=43.417720, exponent=-4.5548, rmr=0.010516
Sample tb=277.92 K, log(mass)=-1.1087, 1/(kT)=41.742682, exponent=-3.7508, rmr=0.023499
Sample tb=277.13 K, log(mass)=-1.1087, 1/(kT)=41.860766, exponent=-3.8075, rmr=0.022204
MR results: 0 NA, 0 infinite, 0 negative, 0 zero
Energy calculations: 2372 non-zero gains, 11035 non-zero losses out of 11035 observations
Saved results to output/results/A1/1953/M/eb_results_MB_1953_A1_D1.rds

Processing: Species=MB, Year=1954, Origin=A1, Climate=D1, Sex=M
Looking for climate data at: /mmfs1/gscratch/biology/jmsmith/targeted_microclimate/D1/simplified_D1_1954.rds
Directory /mmfs1/gscratch/biology/jmsmith/targeted_microclimate/D1 exists. Contents:
simplified_D1_1945.rds
simplified_D1_1946.rds
simplified_D1_1947.rds
simplified_D1_1948.rds
simplified_D1_1949.rds
simplified_D1_1950.rds
simplified_D1_1951.rds
simplified_D1_1952.rds
simplified_D1_1953.rds
simplified_D1_1954.rds
simplified_D1_1955.rds
simplified_D1_1956.rds
simplified_D1_1957.rds
simplified_D1_1958.rds
simplified_D1_1959.rds
simplified_D1_1960.rds
simplified_D1_1961.rds
simplified_D1_1962.rds
simplified_D1_1963.rds
simplified_D1_1964.rds
simplified_D1_2005.rds
simplified_D1_2006.rds
simplified_D1_2007.rds
simplified_D1_2008.rds
simplified_D1_2009.rds
simplified_D1_2010.rds
simplified_D1_2011.rds
simplified_D1_2012.rds
simplified_D1_2013.rds
simplified_D1_2014.rds
simplified_D1_2015.rds
simplified_D1_2016.rds
simplified_D1_2017.rds
simplified_D1_2018.rds
simplified_D1_2019.rds
simplified_D1_2020.rds
simplified_D1_2021.rds
simplified_D1_2022.rds
simplified_D1_2023.rds
simplified_D1_2024.rds
Processing batch 1/12 (rows 1-1000)
  Calculated 1000 temperatures. Range: -11.36 to 60.00
Processing batch 2/12 (rows 1001-2000)
  Calculated 1000 temperatures. Range: -7.08 to 53.57
Processing batch 3/12 (rows 2001-3000)
  Calculated 1000 temperatures. Range: -10.91 to 47.97
Processing batch 4/12 (rows 3001-4000)
  Calculated 1000 temperatures. Range: -4.16 to 41.23
Processing batch 5/12 (rows 4001-5000)
  Calculated 1000 temperatures. Range: -10.50 to 38.57
Processing batch 6/12 (rows 5001-6000)
  Calculated 1000 temperatures. Range: -4.03 to 38.48
Processing batch 7/12 (rows 6001-7000)
  Calculated 1000 temperatures. Range: -9.90 to 34.47
Processing batch 8/12 (rows 7001-8000)
  Calculated 1000 temperatures. Range: -3.57 to 14.08
Processing batch 9/12 (rows 8001-9000)
  Calculated 1000 temperatures. Range: -9.63 to 12.37
Processing batch 10/12 (rows 9001-10000)
  Calculated 1000 temperatures. Range: -9.52 to 17.48
Processing batch 11/12 (rows 10001-11000)
  Calculated 1000 temperatures. Range: -4.59 to 15.16
Processing batch 12/12 (rows 11001-11035)
  Calculated 35 temperatures. Range: -0.86 to 12.60
Total observations: 11035, Unique timestamps: 2207
MR parameters: mass=0.33, elev=2195.0, b0=17.10, b1=0.98, b2=-0.48, b3=0.000124
Sample tb=275.64 K, log(mass)=-1.1087, 1/(kT)=42.087503, exponent=-3.9163, rmr=0.019914
Sample tb=275.87 K, log(mass)=-1.1087, 1/(kT)=42.052740, exponent=-3.8996, rmr=0.020250
Sample tb=269.37 K, log(mass)=-1.1087, 1/(kT)=43.067486, exponent=-4.3867, rmr=0.012442
Sample tb=277.09 K, log(mass)=-1.1087, 1/(kT)=41.867575, exponent=-3.8107, rmr=0.022132
Sample tb=278.84 K, log(mass)=-1.1087, 1/(kT)=41.604852, exponent=-3.6846, rmr=0.025106
MR results: 0 NA, 0 infinite, 0 negative, 0 zero
Energy calculations: 2455 non-zero gains, 11035 non-zero losses out of 11035 observations
Saved results to output/results/A1/1954/M/eb_results_MB_1954_A1_D1.rds

Processing: Species=MB, Year=1955, Origin=A1, Climate=D1, Sex=M
Looking for climate data at: /mmfs1/gscratch/biology/jmsmith/targeted_microclimate/D1/simplified_D1_1955.rds
Directory /mmfs1/gscratch/biology/jmsmith/targeted_microclimate/D1 exists. Contents:
simplified_D1_1945.rds
simplified_D1_1946.rds
simplified_D1_1947.rds
simplified_D1_1948.rds
simplified_D1_1949.rds
simplified_D1_1950.rds
simplified_D1_1951.rds
simplified_D1_1952.rds
simplified_D1_1953.rds
simplified_D1_1954.rds
simplified_D1_1955.rds
simplified_D1_1956.rds
simplified_D1_1957.rds
simplified_D1_1958.rds
simplified_D1_1959.rds
simplified_D1_1960.rds
simplified_D1_1961.rds
simplified_D1_1962.rds
simplified_D1_1963.rds
simplified_D1_1964.rds
simplified_D1_2005.rds
simplified_D1_2006.rds
simplified_D1_2007.rds
simplified_D1_2008.rds
simplified_D1_2009.rds
simplified_D1_2010.rds
simplified_D1_2011.rds
simplified_D1_2012.rds
simplified_D1_2013.rds
simplified_D1_2014.rds
simplified_D1_2015.rds
simplified_D1_2016.rds
simplified_D1_2017.rds
simplified_D1_2018.rds
simplified_D1_2019.rds
simplified_D1_2020.rds
simplified_D1_2021.rds
simplified_D1_2022.rds
simplified_D1_2023.rds
simplified_D1_2024.rds
Processing batch 1/12 (rows 1-1000)
  Calculated 1000 temperatures. Range: -9.87 to 49.74
Processing batch 2/12 (rows 1001-2000)
  Calculated 1000 temperatures. Range: -5.86 to 47.10
Processing batch 3/12 (rows 2001-3000)
  Calculated 1000 temperatures. Range: -9.14 to 47.28
Processing batch 4/12 (rows 3001-4000)
  Calculated 1000 temperatures. Range: -4.99 to 36.82
Processing batch 5/12 (rows 4001-5000)
  Calculated 1000 temperatures. Range: -9.81 to 36.14
Processing batch 6/12 (rows 5001-6000)
  Calculated 1000 temperatures. Range: -6.69 to 34.76
Processing batch 7/12 (rows 6001-7000)
  Calculated 1000 temperatures. Range: -8.69 to 34.20
Processing batch 8/12 (rows 7001-8000)
  Calculated 1000 temperatures. Range: -7.15 to 11.78
Processing batch 9/12 (rows 8001-9000)
  Calculated 1000 temperatures. Range: -8.37 to 12.54
Processing batch 10/12 (rows 9001-10000)
  Calculated 1000 temperatures. Range: -7.05 to 14.45
Processing batch 11/12 (rows 10001-11000)
  Calculated 1000 temperatures. Range: -4.58 to 14.99
Processing batch 12/12 (rows 11001-11035)
  Calculated 35 temperatures. Range: -3.85 to 11.53
Total observations: 11035, Unique timestamps: 2207
MR parameters: mass=0.33, elev=2195.0, b0=17.10, b1=0.98, b2=-0.48, b3=0.000124
Sample tb=294.30 K, log(mass)=-1.1087, 1/(kT)=39.418938, exponent=-2.6354, rmr=0.071690
Sample tb=285.15 K, log(mass)=-1.1087, 1/(kT)=40.683492, exponent=-3.2424, rmr=0.039071
Sample tb=295.39 K, log(mass)=-1.1087, 1/(kT)=39.273683, exponent=-2.5657, rmr=0.076867
Sample tb=283.89 K, log(mass)=-1.1087, 1/(kT)=40.864652, exponent=-3.3293, rmr=0.035817
Sample tb=291.15 K, log(mass)=-1.1087, 1/(kT)=39.845405, exponent=-2.8401, rmr=0.058420
MR results: 0 NA, 0 infinite, 0 negative, 0 zero
Energy calculations: 2356 non-zero gains, 11035 non-zero losses out of 11035 observations
Saved results to output/results/A1/1955/M/eb_results_MB_1955_A1_D1.rds

Processing: Species=MB, Year=1956, Origin=A1, Climate=D1, Sex=M
Looking for climate data at: /mmfs1/gscratch/biology/jmsmith/targeted_microclimate/D1/simplified_D1_1956.rds
Directory /mmfs1/gscratch/biology/jmsmith/targeted_microclimate/D1 exists. Contents:
simplified_D1_1945.rds
simplified_D1_1946.rds
simplified_D1_1947.rds
simplified_D1_1948.rds
simplified_D1_1949.rds
simplified_D1_1950.rds
simplified_D1_1951.rds
simplified_D1_1952.rds
simplified_D1_1953.rds
simplified_D1_1954.rds
simplified_D1_1955.rds
simplified_D1_1956.rds
simplified_D1_1957.rds
simplified_D1_1958.rds
simplified_D1_1959.rds
simplified_D1_1960.rds
simplified_D1_1961.rds
simplified_D1_1962.rds
simplified_D1_1963.rds
simplified_D1_1964.rds
simplified_D1_2005.rds
simplified_D1_2006.rds
simplified_D1_2007.rds
simplified_D1_2008.rds
simplified_D1_2009.rds
simplified_D1_2010.rds
simplified_D1_2011.rds
simplified_D1_2012.rds
simplified_D1_2013.rds
simplified_D1_2014.rds
simplified_D1_2015.rds
simplified_D1_2016.rds
simplified_D1_2017.rds
simplified_D1_2018.rds
simplified_D1_2019.rds
simplified_D1_2020.rds
simplified_D1_2021.rds
simplified_D1_2022.rds
simplified_D1_2023.rds
simplified_D1_2024.rds
Processing batch 1/12 (rows 1-1000)
  Calculated 1000 temperatures. Range: -8.24 to 52.42
Processing batch 2/12 (rows 1001-2000)
  Calculated 1000 temperatures. Range: -6.07 to 45.38
Processing batch 3/12 (rows 2001-3000)
  Calculated 1000 temperatures. Range: -9.40 to 40.18
Processing batch 4/12 (rows 3001-4000)
  Calculated 1000 temperatures. Range: -4.59 to 37.92
Processing batch 5/12 (rows 4001-5000)
  Calculated 1000 temperatures. Range: -8.90 to 34.67
Processing batch 6/12 (rows 5001-6000)
  Calculated 1000 temperatures. Range: -4.56 to 32.88
Processing batch 7/12 (rows 6001-7000)
  Calculated 1000 temperatures. Range: -8.92 to 32.18
Processing batch 8/12 (rows 7001-8000)
  Calculated 1000 temperatures. Range: -5.35 to 11.22
Processing batch 9/12 (rows 8001-9000)
  Calculated 1000 temperatures. Range: -8.96 to 11.21
Processing batch 10/12 (rows 9001-10000)
  Calculated 1000 temperatures. Range: -4.62 to 12.74
Processing batch 11/12 (rows 10001-11000)
  Calculated 1000 temperatures. Range: -3.95 to 13.54
Processing batch 12/12 (rows 11001-11035)
  Calculated 35 temperatures. Range: -8.71 to 6.33
Total observations: 11035, Unique timestamps: 2207
MR parameters: mass=0.33, elev=2195.0, b0=17.10, b1=0.98, b2=-0.48, b3=0.000124
Sample tb=278.88 K, log(mass)=-1.1087, 1/(kT)=41.597792, exponent=-3.6812, rmr=0.025191
Sample tb=275.79 K, log(mass)=-1.1087, 1/(kT)=42.064438, exponent=-3.9052, rmr=0.020136
Sample tb=271.56 K, log(mass)=-1.1087, 1/(kT)=42.718897, exponent=-4.2194, rmr=0.014708
Sample tb=273.94 K, log(mass)=-1.1087, 1/(kT)=42.347751, exponent=-4.0412, rmr=0.017576
Sample tb=284.85 K, log(mass)=-1.1087, 1/(kT)=40.725986, exponent=-3.2628, rmr=0.038282
MR results: 0 NA, 0 infinite, 0 negative, 0 zero
Energy calculations: 2327 non-zero gains, 11035 non-zero losses out of 11035 observations
Saved results to output/results/A1/1956/M/eb_results_MB_1956_A1_D1.rds

Processing: Species=MB, Year=1957, Origin=A1, Climate=D1, Sex=M
Looking for climate data at: /mmfs1/gscratch/biology/jmsmith/targeted_microclimate/D1/simplified_D1_1957.rds
Directory /mmfs1/gscratch/biology/jmsmith/targeted_microclimate/D1 exists. Contents:
simplified_D1_1945.rds
simplified_D1_1946.rds
simplified_D1_1947.rds
simplified_D1_1948.rds
simplified_D1_1949.rds
simplified_D1_1950.rds
simplified_D1_1951.rds
simplified_D1_1952.rds
simplified_D1_1953.rds
simplified_D1_1954.rds
simplified_D1_1955.rds
simplified_D1_1956.rds
simplified_D1_1957.rds
simplified_D1_1958.rds
simplified_D1_1959.rds
simplified_D1_1960.rds
simplified_D1_1961.rds
simplified_D1_1962.rds
simplified_D1_1963.rds
simplified_D1_1964.rds
simplified_D1_2005.rds
simplified_D1_2006.rds
simplified_D1_2007.rds
simplified_D1_2008.rds
simplified_D1_2009.rds
simplified_D1_2010.rds
simplified_D1_2011.rds
simplified_D1_2012.rds
simplified_D1_2013.rds
simplified_D1_2014.rds
simplified_D1_2015.rds
simplified_D1_2016.rds
simplified_D1_2017.rds
simplified_D1_2018.rds
simplified_D1_2019.rds
simplified_D1_2020.rds
simplified_D1_2021.rds
simplified_D1_2022.rds
simplified_D1_2023.rds
simplified_D1_2024.rds
Processing batch 1/12 (rows 1-1000)
  Calculated 1000 temperatures. Range: -10.86 to 58.16
Processing batch 2/12 (rows 1001-2000)
  Calculated 1000 temperatures. Range: -3.10 to 52.45
Processing batch 3/12 (rows 2001-3000)
  Calculated 1000 temperatures. Range: -9.58 to 45.00
Processing batch 4/12 (rows 3001-4000)
  Calculated 1000 temperatures. Range: -4.78 to 42.05
Processing batch 5/12 (rows 4001-5000)
  Calculated 1000 temperatures. Range: -8.82 to 36.72
Processing batch 6/12 (rows 5001-6000)
  Calculated 1000 temperatures. Range: -4.81 to 38.51
Processing batch 7/12 (rows 6001-7000)
  Calculated 1000 temperatures. Range: -7.92 to 34.35
Processing batch 8/12 (rows 7001-8000)
  Calculated 1000 temperatures. Range: -8.03 to 11.28
Processing batch 9/12 (rows 8001-9000)
  Calculated 1000 temperatures. Range: -5.88 to 12.35
Processing batch 10/12 (rows 9001-10000)
  Calculated 1000 temperatures. Range: -8.09 to 14.33
Processing batch 11/12 (rows 10001-11000)
  Calculated 1000 temperatures. Range: -3.67 to 14.00
Processing batch 12/12 (rows 11001-11035)
  Calculated 35 temperatures. Range: -2.42 to 7.48
Total observations: 11035, Unique timestamps: 2207
MR parameters: mass=0.33, elev=2195.0, b0=17.10, b1=0.98, b2=-0.48, b3=0.000124
Sample tb=276.40 K, log(mass)=-1.1087, 1/(kT)=41.971669, exponent=-3.8607, rmr=0.021053
Sample tb=271.61 K, log(mass)=-1.1087, 1/(kT)=42.711579, exponent=-4.2159, rmr=0.014760
Sample tb=291.59 K, log(mass)=-1.1087, 1/(kT)=39.784552, exponent=-2.8109, rmr=0.060151
Sample tb=290.91 K, log(mass)=-1.1087, 1/(kT)=39.877405, exponent=-2.8555, rmr=0.057529
Sample tb=291.66 K, log(mass)=-1.1087, 1/(kT)=39.776038, exponent=-2.8068, rmr=0.060397
MR results: 0 NA, 0 infinite, 0 negative, 0 zero
Energy calculations: 2296 non-zero gains, 11035 non-zero losses out of 11035 observations
Saved results to output/results/A1/1957/M/eb_results_MB_1957_A1_D1.rds

Processing: Species=MB, Year=1958, Origin=A1, Climate=D1, Sex=M
Looking for climate data at: /mmfs1/gscratch/biology/jmsmith/targeted_microclimate/D1/simplified_D1_1958.rds
Directory /mmfs1/gscratch/biology/jmsmith/targeted_microclimate/D1 exists. Contents:
simplified_D1_1945.rds
simplified_D1_1946.rds
simplified_D1_1947.rds
simplified_D1_1948.rds
simplified_D1_1949.rds
simplified_D1_1950.rds
simplified_D1_1951.rds
simplified_D1_1952.rds
simplified_D1_1953.rds
simplified_D1_1954.rds
simplified_D1_1955.rds
simplified_D1_1956.rds
simplified_D1_1957.rds
simplified_D1_1958.rds
simplified_D1_1959.rds
simplified_D1_1960.rds
simplified_D1_1961.rds
simplified_D1_1962.rds
simplified_D1_1963.rds
simplified_D1_1964.rds
simplified_D1_2005.rds
simplified_D1_2006.rds
simplified_D1_2007.rds
simplified_D1_2008.rds
simplified_D1_2009.rds
simplified_D1_2010.rds
simplified_D1_2011.rds
simplified_D1_2012.rds
simplified_D1_2013.rds
simplified_D1_2014.rds
simplified_D1_2015.rds
simplified_D1_2016.rds
simplified_D1_2017.rds
simplified_D1_2018.rds
simplified_D1_2019.rds
simplified_D1_2020.rds
simplified_D1_2021.rds
simplified_D1_2022.rds
simplified_D1_2023.rds
simplified_D1_2024.rds
Processing batch 1/12 (rows 1-1000)
  Calculated 1000 temperatures. Range: -10.52 to 46.61
Processing batch 2/12 (rows 1001-2000)
  Calculated 1000 temperatures. Range: -5.30 to 50.81
Processing batch 3/12 (rows 2001-3000)
  Calculated 1000 temperatures. Range: -8.37 to 41.40
Processing batch 4/12 (rows 3001-4000)
  Calculated 1000 temperatures. Range: -4.94 to 39.38
Processing batch 5/12 (rows 4001-5000)
  Calculated 1000 temperatures. Range: -8.66 to 34.91
Processing batch 6/12 (rows 5001-6000)
  Calculated 1000 temperatures. Range: -5.00 to 34.85
Processing batch 7/12 (rows 6001-7000)
  Calculated 1000 temperatures. Range: -7.51 to 37.34
Processing batch 8/12 (rows 7001-8000)
  Calculated 1000 temperatures. Range: -5.43 to 11.03
Processing batch 9/12 (rows 8001-9000)
  Calculated 1000 temperatures. Range: -5.33 to 12.18
Processing batch 10/12 (rows 9001-10000)
  Calculated 1000 temperatures. Range: -6.69 to 14.13
Processing batch 11/12 (rows 10001-11000)
  Calculated 1000 temperatures. Range: -3.63 to 14.49
Processing batch 12/12 (rows 11001-11035)
  Calculated 35 temperatures. Range: -4.67 to 10.50
Total observations: 11035, Unique timestamps: 2207
MR parameters: mass=0.33, elev=2195.0, b0=17.10, b1=0.98, b2=-0.48, b3=0.000124
Sample tb=274.76 K, log(mass)=-1.1087, 1/(kT)=42.222374, exponent=-3.9810, rmr=0.018666
Sample tb=287.08 K, log(mass)=-1.1087, 1/(kT)=40.410270, exponent=-3.1112, rmr=0.044546
Sample tb=268.55 K, log(mass)=-1.1087, 1/(kT)=43.198576, exponent=-4.4496, rmr=0.011683
Sample tb=268.60 K, log(mass)=-1.1087, 1/(kT)=43.190754, exponent=-4.4459, rmr=0.011727
Sample tb=274.38 K, log(mass)=-1.1087, 1/(kT)=42.280550, exponent=-4.0090, rmr=0.018152
MR results: 0 NA, 0 infinite, 0 negative, 0 zero
Energy calculations: 2406 non-zero gains, 11035 non-zero losses out of 11035 observations
Saved results to output/results/A1/1958/M/eb_results_MB_1958_A1_D1.rds

Processing: Species=MB, Year=1959, Origin=A1, Climate=D1, Sex=M
Looking for climate data at: /mmfs1/gscratch/biology/jmsmith/targeted_microclimate/D1/simplified_D1_1959.rds
Directory /mmfs1/gscratch/biology/jmsmith/targeted_microclimate/D1 exists. Contents:
simplified_D1_1945.rds
simplified_D1_1946.rds
simplified_D1_1947.rds
simplified_D1_1948.rds
simplified_D1_1949.rds
simplified_D1_1950.rds
simplified_D1_1951.rds
simplified_D1_1952.rds
simplified_D1_1953.rds
simplified_D1_1954.rds
simplified_D1_1955.rds
simplified_D1_1956.rds
simplified_D1_1957.rds
simplified_D1_1958.rds
simplified_D1_1959.rds
simplified_D1_1960.rds
simplified_D1_1961.rds
simplified_D1_1962.rds
simplified_D1_1963.rds
simplified_D1_1964.rds
simplified_D1_2005.rds
simplified_D1_2006.rds
simplified_D1_2007.rds
simplified_D1_2008.rds
simplified_D1_2009.rds
simplified_D1_2010.rds
simplified_D1_2011.rds
simplified_D1_2012.rds
simplified_D1_2013.rds
simplified_D1_2014.rds
simplified_D1_2015.rds
simplified_D1_2016.rds
simplified_D1_2017.rds
simplified_D1_2018.rds
simplified_D1_2019.rds
simplified_D1_2020.rds
simplified_D1_2021.rds
simplified_D1_2022.rds
simplified_D1_2023.rds
simplified_D1_2024.rds
Processing batch 1/12 (rows 1-1000)
  Calculated 1000 temperatures. Range: -11.98 to 53.13
Processing batch 2/12 (rows 1001-2000)
  Calculated 1000 temperatures. Range: -4.27 to 53.56
Processing batch 3/12 (rows 2001-3000)
  Calculated 1000 temperatures. Range: -11.17 to 40.39
Processing batch 4/12 (rows 3001-4000)
  Calculated 1000 temperatures. Range: -5.65 to 41.97
Processing batch 5/12 (rows 4001-5000)
  Calculated 1000 temperatures. Range: -10.18 to 37.68
Processing batch 6/12 (rows 5001-6000)
  Calculated 1000 temperatures. Range: -6.23 to 38.84
Processing batch 7/12 (rows 6001-7000)
  Calculated 1000 temperatures. Range: -8.72 to 35.14
Processing batch 8/12 (rows 7001-8000)
  Calculated 1000 temperatures. Range: -5.89 to 13.15
Processing batch 9/12 (rows 8001-9000)
  Calculated 1000 temperatures. Range: -9.34 to 12.63
Processing batch 10/12 (rows 9001-10000)
  Calculated 1000 temperatures. Range: -5.50 to 14.32
Processing batch 11/12 (rows 10001-11000)
  Calculated 1000 temperatures. Range: -2.74 to 15.36
Processing batch 12/12 (rows 11001-11035)
  Calculated 35 temperatures. Range: -2.70 to 10.88
Total observations: 11035, Unique timestamps: 2207
MR parameters: mass=0.33, elev=2195.0, b0=17.10, b1=0.98, b2=-0.48, b3=0.000124
Sample tb=281.71 K, log(mass)=-1.1087, 1/(kT)=41.180011, exponent=-3.4807, rmr=0.030785
Sample tb=276.48 K, log(mass)=-1.1087, 1/(kT)=41.959585, exponent=-3.8549, rmr=0.021176
Sample tb=268.40 K, log(mass)=-1.1087, 1/(kT)=43.221910, exponent=-4.4608, rmr=0.011553
Sample tb=281.30 K, log(mass)=-1.1087, 1/(kT)=41.239956, exponent=-3.5095, rmr=0.029912
Sample tb=293.50 K, log(mass)=-1.1087, 1/(kT)=39.526383, exponent=-2.6870, rmr=0.068087
MR results: 0 NA, 0 infinite, 0 negative, 0 zero
Energy calculations: 2498 non-zero gains, 11035 non-zero losses out of 11035 observations
Saved results to output/results/A1/1959/M/eb_results_MB_1959_A1_D1.rds

Processing: Species=MB, Year=1960, Origin=A1, Climate=D1, Sex=M
Looking for climate data at: /mmfs1/gscratch/biology/jmsmith/targeted_microclimate/D1/simplified_D1_1960.rds
Directory /mmfs1/gscratch/biology/jmsmith/targeted_microclimate/D1 exists. Contents:
simplified_D1_1945.rds
simplified_D1_1946.rds
simplified_D1_1947.rds
simplified_D1_1948.rds
simplified_D1_1949.rds
simplified_D1_1950.rds
simplified_D1_1951.rds
simplified_D1_1952.rds
simplified_D1_1953.rds
simplified_D1_1954.rds
simplified_D1_1955.rds
simplified_D1_1956.rds
simplified_D1_1957.rds
simplified_D1_1958.rds
simplified_D1_1959.rds
simplified_D1_1960.rds
simplified_D1_1961.rds
simplified_D1_1962.rds
simplified_D1_1963.rds
simplified_D1_1964.rds
simplified_D1_2005.rds
simplified_D1_2006.rds
simplified_D1_2007.rds
simplified_D1_2008.rds
simplified_D1_2009.rds
simplified_D1_2010.rds
simplified_D1_2011.rds
simplified_D1_2012.rds
simplified_D1_2013.rds
simplified_D1_2014.rds
simplified_D1_2015.rds
simplified_D1_2016.rds
simplified_D1_2017.rds
simplified_D1_2018.rds
simplified_D1_2019.rds
simplified_D1_2020.rds
simplified_D1_2021.rds
simplified_D1_2022.rds
simplified_D1_2023.rds
simplified_D1_2024.rds
Processing batch 1/12 (rows 1-1000)
  Calculated 1000 temperatures. Range: -8.30 to 60.00
Processing batch 2/12 (rows 1001-2000)
  Calculated 1000 temperatures. Range: -8.83 to 52.66
Processing batch 3/12 (rows 2001-3000)
  Calculated 1000 temperatures. Range: -7.21 to 46.95
Processing batch 4/12 (rows 3001-4000)
  Calculated 1000 temperatures. Range: -4.74 to 40.22
Processing batch 5/12 (rows 4001-5000)
  Calculated 1000 temperatures. Range: -8.39 to 40.82
Processing batch 6/12 (rows 5001-6000)
  Calculated 1000 temperatures. Range: -4.91 to 37.95
Processing batch 7/12 (rows 6001-7000)
  Calculated 1000 temperatures. Range: -8.10 to 32.44
Processing batch 8/12 (rows 7001-8000)
  Calculated 1000 temperatures. Range: -6.43 to 13.04
Processing batch 9/12 (rows 8001-9000)
  Calculated 1000 temperatures. Range: -7.60 to 13.10
Processing batch 10/12 (rows 9001-10000)
  Calculated 1000 temperatures. Range: -6.19 to 14.55
Processing batch 11/12 (rows 10001-11000)
  Calculated 1000 temperatures. Range: -7.80 to 16.31
Processing batch 12/12 (rows 11001-11035)
  Calculated 35 temperatures. Range: -2.71 to 13.95
Total observations: 11035, Unique timestamps: 2207
MR parameters: mass=0.33, elev=2195.0, b0=17.10, b1=0.98, b2=-0.48, b3=0.000124
Sample tb=293.59 K, log(mass)=-1.1087, 1/(kT)=39.513458, exponent=-2.6808, rmr=0.068510
Sample tb=279.39 K, log(mass)=-1.1087, 1/(kT)=41.522625, exponent=-3.6452, rmr=0.026117
Sample tb=271.80 K, log(mass)=-1.1087, 1/(kT)=42.682330, exponent=-4.2018, rmr=0.014968
Sample tb=270.53 K, log(mass)=-1.1087, 1/(kT)=42.881832, exponent=-4.2976, rmr=0.013601
Sample tb=269.57 K, log(mass)=-1.1087, 1/(kT)=43.035561, exponent=-4.3714, rmr=0.012634
MR results: 0 NA, 0 infinite, 0 negative, 0 zero
Energy calculations: 2479 non-zero gains, 11035 non-zero losses out of 11035 observations
Saved results to output/results/A1/1960/M/eb_results_MB_1960_A1_D1.rds

Processing: Species=MB, Year=1961, Origin=A1, Climate=D1, Sex=M
Looking for climate data at: /mmfs1/gscratch/biology/jmsmith/targeted_microclimate/D1/simplified_D1_1961.rds
Directory /mmfs1/gscratch/biology/jmsmith/targeted_microclimate/D1 exists. Contents:
simplified_D1_1945.rds
simplified_D1_1946.rds
simplified_D1_1947.rds
simplified_D1_1948.rds
simplified_D1_1949.rds
simplified_D1_1950.rds
simplified_D1_1951.rds
simplified_D1_1952.rds
simplified_D1_1953.rds
simplified_D1_1954.rds
simplified_D1_1955.rds
simplified_D1_1956.rds
simplified_D1_1957.rds
simplified_D1_1958.rds
simplified_D1_1959.rds
simplified_D1_1960.rds
simplified_D1_1961.rds
simplified_D1_1962.rds
simplified_D1_1963.rds
simplified_D1_1964.rds
simplified_D1_2005.rds
simplified_D1_2006.rds
simplified_D1_2007.rds
simplified_D1_2008.rds
simplified_D1_2009.rds
simplified_D1_2010.rds
simplified_D1_2011.rds
simplified_D1_2012.rds
simplified_D1_2013.rds
simplified_D1_2014.rds
simplified_D1_2015.rds
simplified_D1_2016.rds
simplified_D1_2017.rds
simplified_D1_2018.rds
simplified_D1_2019.rds
simplified_D1_2020.rds
simplified_D1_2021.rds
simplified_D1_2022.rds
simplified_D1_2023.rds
simplified_D1_2024.rds
Processing batch 1/12 (rows 1-1000)
  Calculated 1000 temperatures. Range: -9.79 to 49.44
Processing batch 2/12 (rows 1001-2000)
  Calculated 1000 temperatures. Range: -6.41 to 47.72
Processing batch 3/12 (rows 2001-3000)
  Calculated 1000 temperatures. Range: -9.34 to 49.34
Processing batch 4/12 (rows 3001-4000)
  Calculated 1000 temperatures. Range: -6.14 to 37.71
Processing batch 5/12 (rows 4001-5000)
  Calculated 1000 temperatures. Range: -9.10 to 37.52
Processing batch 6/12 (rows 5001-6000)
  Calculated 1000 temperatures. Range: -5.83 to 35.90
Processing batch 7/12 (rows 6001-7000)
  Calculated 1000 temperatures. Range: -8.24 to 35.33
Processing batch 8/12 (rows 7001-8000)
  Calculated 1000 temperatures. Range: -6.04 to 12.21
Processing batch 9/12 (rows 8001-9000)
  Calculated 1000 temperatures. Range: -8.50 to 12.56
Processing batch 10/12 (rows 9001-10000)
  Calculated 1000 temperatures. Range: -4.55 to 14.72
Processing batch 11/12 (rows 10001-11000)
  Calculated 1000 temperatures. Range: -5.93 to 15.21
Processing batch 12/12 (rows 11001-11035)
  Calculated 35 temperatures. Range: -0.79 to 9.08
Total observations: 11035, Unique timestamps: 2207
MR parameters: mass=0.33, elev=2195.0, b0=17.10, b1=0.98, b2=-0.48, b3=0.000124
Sample tb=276.42 K, log(mass)=-1.1087, 1/(kT)=41.968510, exponent=-3.8592, rmr=0.021085
Sample tb=288.18 K, log(mass)=-1.1087, 1/(kT)=40.255349, exponent=-3.0369, rmr=0.047985
Sample tb=297.06 K, log(mass)=-1.1087, 1/(kT)=39.052044, exponent=-2.4593, rmr=0.085496
Sample tb=286.17 K, log(mass)=-1.1087, 1/(kT)=40.538622, exponent=-3.1728, rmr=0.041884
Sample tb=273.22 K, log(mass)=-1.1087, 1/(kT)=42.459779, exponent=-4.0950, rmr=0.016656
MR results: 0 NA, 0 infinite, 0 negative, 0 zero
Energy calculations: 2447 non-zero gains, 11035 non-zero losses out of 11035 observations
Saved results to output/results/A1/1961/M/eb_results_MB_1961_A1_D1.rds

Processing: Species=MB, Year=1962, Origin=A1, Climate=D1, Sex=M
Looking for climate data at: /mmfs1/gscratch/biology/jmsmith/targeted_microclimate/D1/simplified_D1_1962.rds
Directory /mmfs1/gscratch/biology/jmsmith/targeted_microclimate/D1 exists. Contents:
simplified_D1_1945.rds
simplified_D1_1946.rds
simplified_D1_1947.rds
simplified_D1_1948.rds
simplified_D1_1949.rds
simplified_D1_1950.rds
simplified_D1_1951.rds
simplified_D1_1952.rds
simplified_D1_1953.rds
simplified_D1_1954.rds
simplified_D1_1955.rds
simplified_D1_1956.rds
simplified_D1_1957.rds
simplified_D1_1958.rds
simplified_D1_1959.rds
simplified_D1_1960.rds
simplified_D1_1961.rds
simplified_D1_1962.rds
simplified_D1_1963.rds
simplified_D1_1964.rds
simplified_D1_2005.rds
simplified_D1_2006.rds
simplified_D1_2007.rds
simplified_D1_2008.rds
simplified_D1_2009.rds
simplified_D1_2010.rds
simplified_D1_2011.rds
simplified_D1_2012.rds
simplified_D1_2013.rds
simplified_D1_2014.rds
simplified_D1_2015.rds
simplified_D1_2016.rds
simplified_D1_2017.rds
simplified_D1_2018.rds
simplified_D1_2019.rds
simplified_D1_2020.rds
simplified_D1_2021.rds
simplified_D1_2022.rds
simplified_D1_2023.rds
simplified_D1_2024.rds
Processing batch 1/12 (rows 1-1000)
  Calculated 1000 temperatures. Range: -11.60 to 51.74
Processing batch 2/12 (rows 1001-2000)
  Calculated 1000 temperatures. Range: -6.41 to 47.24
Processing batch 3/12 (rows 2001-3000)
  Calculated 1000 temperatures. Range: -10.91 to 43.24
Processing batch 4/12 (rows 3001-4000)
  Calculated 1000 temperatures. Range: -4.92 to 39.65
Processing batch 5/12 (rows 4001-5000)
  Calculated 1000 temperatures. Range: -10.88 to 34.81
Processing batch 6/12 (rows 5001-6000)
  Calculated 1000 temperatures. Range: -4.91 to 37.10
Processing batch 7/12 (rows 6001-7000)
  Calculated 1000 temperatures. Range: -9.61 to 34.07
Processing batch 8/12 (rows 7001-8000)
  Calculated 1000 temperatures. Range: -7.90 to 11.36
Processing batch 9/12 (rows 8001-9000)
  Calculated 1000 temperatures. Range: -8.28 to 12.65
Processing batch 10/12 (rows 9001-10000)
  Calculated 1000 temperatures. Range: -9.83 to 13.93
Processing batch 11/12 (rows 10001-11000)
  Calculated 1000 temperatures. Range: -5.32 to 15.60
Processing batch 12/12 (rows 11001-11035)
  Calculated 35 temperatures. Range: -5.69 to 7.32
Total observations: 11035, Unique timestamps: 2207
MR parameters: mass=0.33, elev=2195.0, b0=17.10, b1=0.98, b2=-0.48, b3=0.000124
Sample tb=290.97 K, log(mass)=-1.1087, 1/(kT)=39.870081, exponent=-2.8519, rmr=0.057732
Sample tb=273.54 K, log(mass)=-1.1087, 1/(kT)=42.410656, exponent=-4.0714, rmr=0.017053
Sample tb=268.23 K, log(mass)=-1.1087, 1/(kT)=43.250568, exponent=-4.4746, rmr=0.011395
Sample tb=276.36 K, log(mass)=-1.1087, 1/(kT)=41.977593, exponent=-3.8636, rmr=0.020993
Sample tb=274.26 K, log(mass)=-1.1087, 1/(kT)=42.299487, exponent=-4.0181, rmr=0.017988
MR results: 0 NA, 0 infinite, 0 negative, 0 zero
Energy calculations: 2333 non-zero gains, 11035 non-zero losses out of 11035 observations
Saved results to output/results/A1/1962/M/eb_results_MB_1962_A1_D1.rds

Processing: Species=MB, Year=1963, Origin=A1, Climate=D1, Sex=M
Looking for climate data at: /mmfs1/gscratch/biology/jmsmith/targeted_microclimate/D1/simplified_D1_1963.rds
Directory /mmfs1/gscratch/biology/jmsmith/targeted_microclimate/D1 exists. Contents:
simplified_D1_1945.rds
simplified_D1_1946.rds
simplified_D1_1947.rds
simplified_D1_1948.rds
simplified_D1_1949.rds
simplified_D1_1950.rds
simplified_D1_1951.rds
simplified_D1_1952.rds
simplified_D1_1953.rds
simplified_D1_1954.rds
simplified_D1_1955.rds
simplified_D1_1956.rds
simplified_D1_1957.rds
simplified_D1_1958.rds
simplified_D1_1959.rds
simplified_D1_1960.rds
simplified_D1_1961.rds
simplified_D1_1962.rds
simplified_D1_1963.rds
simplified_D1_1964.rds
simplified_D1_2005.rds
simplified_D1_2006.rds
simplified_D1_2007.rds
simplified_D1_2008.rds
simplified_D1_2009.rds
simplified_D1_2010.rds
simplified_D1_2011.rds
simplified_D1_2012.rds
simplified_D1_2013.rds
simplified_D1_2014.rds
simplified_D1_2015.rds
simplified_D1_2016.rds
simplified_D1_2017.rds
simplified_D1_2018.rds
simplified_D1_2019.rds
simplified_D1_2020.rds
simplified_D1_2021.rds
simplified_D1_2022.rds
simplified_D1_2023.rds
simplified_D1_2024.rds
Processing batch 1/12 (rows 1-1000)
  Calculated 1000 temperatures. Range: -9.24 to 51.04
Processing batch 2/12 (rows 1001-2000)
  Calculated 1000 temperatures. Range: -3.57 to 49.96
Processing batch 3/12 (rows 2001-3000)
  Calculated 1000 temperatures. Range: -7.73 to 44.98
Processing batch 4/12 (rows 3001-4000)
  Calculated 1000 temperatures. Range: -3.16 to 38.99
Processing batch 5/12 (rows 4001-5000)
  Calculated 1000 temperatures. Range: -7.78 to 34.79
Processing batch 6/12 (rows 5001-6000)
  Calculated 1000 temperatures. Range: -4.81 to 36.36
Processing batch 7/12 (rows 6001-7000)
  Calculated 1000 temperatures. Range: -7.51 to 32.42
Processing batch 8/12 (rows 7001-8000)
  Calculated 1000 temperatures. Range: -4.94 to 13.40
Processing batch 9/12 (rows 8001-9000)
  Calculated 1000 temperatures. Range: -7.12 to 12.23
Processing batch 10/12 (rows 9001-10000)
  Calculated 1000 temperatures. Range: -5.92 to 14.92
Processing batch 11/12 (rows 10001-11000)
  Calculated 1000 temperatures. Range: -2.44 to 16.29
Processing batch 12/12 (rows 11001-11035)
  Calculated 35 temperatures. Range: -1.34 to 10.35
Total observations: 11035, Unique timestamps: 2207
MR parameters: mass=0.33, elev=2195.0, b0=17.10, b1=0.98, b2=-0.48, b3=0.000124
Sample tb=292.83 K, log(mass)=-1.1087, 1/(kT)=39.616712, exponent=-2.7303, rmr=0.065198
Sample tb=284.56 K, log(mass)=-1.1087, 1/(kT)=40.768108, exponent=-3.2830, rmr=0.037516
Sample tb=299.27 K, log(mass)=-1.1087, 1/(kT)=38.764361, exponent=-2.3212, rmr=0.098155
Sample tb=277.61 K, log(mass)=-1.1087, 1/(kT)=41.788712, exponent=-3.7729, rmr=0.022986
Sample tb=272.17 K, log(mass)=-1.1087, 1/(kT)=42.623128, exponent=-4.1734, rmr=0.015400
MR results: 0 NA, 0 infinite, 0 negative, 0 zero
Energy calculations: 2449 non-zero gains, 11035 non-zero losses out of 11035 observations
Saved results to output/results/A1/1963/M/eb_results_MB_1963_A1_D1.rds

Processing: Species=MB, Year=1964, Origin=A1, Climate=D1, Sex=M
Looking for climate data at: /mmfs1/gscratch/biology/jmsmith/targeted_microclimate/D1/simplified_D1_1964.rds
Directory /mmfs1/gscratch/biology/jmsmith/targeted_microclimate/D1 exists. Contents:
simplified_D1_1945.rds
simplified_D1_1946.rds
simplified_D1_1947.rds
simplified_D1_1948.rds
simplified_D1_1949.rds
simplified_D1_1950.rds
simplified_D1_1951.rds
simplified_D1_1952.rds
simplified_D1_1953.rds
simplified_D1_1954.rds
simplified_D1_1955.rds
simplified_D1_1956.rds
simplified_D1_1957.rds
simplified_D1_1958.rds
simplified_D1_1959.rds
simplified_D1_1960.rds
simplified_D1_1961.rds
simplified_D1_1962.rds
simplified_D1_1963.rds
simplified_D1_1964.rds
simplified_D1_2005.rds
simplified_D1_2006.rds
simplified_D1_2007.rds
simplified_D1_2008.rds
simplified_D1_2009.rds
simplified_D1_2010.rds
simplified_D1_2011.rds
simplified_D1_2012.rds
simplified_D1_2013.rds
simplified_D1_2014.rds
simplified_D1_2015.rds
simplified_D1_2016.rds
simplified_D1_2017.rds
simplified_D1_2018.rds
simplified_D1_2019.rds
simplified_D1_2020.rds
simplified_D1_2021.rds
simplified_D1_2022.rds
simplified_D1_2023.rds
simplified_D1_2024.rds
Processing batch 1/12 (rows 1-1000)
  Calculated 1000 temperatures. Range: -10.47 to 47.54
Processing batch 2/12 (rows 1001-2000)
  Calculated 1000 temperatures. Range: -8.34 to 50.76
Processing batch 3/12 (rows 2001-3000)
  Calculated 1000 temperatures. Range: -10.99 to 36.34
Processing batch 4/12 (rows 3001-4000)
  Calculated 1000 temperatures. Range: -4.46 to 39.66
Processing batch 5/12 (rows 4001-5000)
  Calculated 1000 temperatures. Range: -10.04 to 33.37
Processing batch 6/12 (rows 5001-6000)
  Calculated 1000 temperatures. Range: -5.67 to 37.31
Processing batch 7/12 (rows 6001-7000)
  Calculated 1000 temperatures. Range: -10.06 to 34.57
Processing batch 8/12 (rows 7001-8000)
  Calculated 1000 temperatures. Range: -7.69 to 13.08
Processing batch 9/12 (rows 8001-9000)
  Calculated 1000 temperatures. Range: -10.15 to 13.01
Processing batch 10/12 (rows 9001-10000)
  Calculated 1000 temperatures. Range: -7.68 to 15.45
Processing batch 11/12 (rows 10001-11000)
  Calculated 1000 temperatures. Range: -7.78 to 15.53
Processing batch 12/12 (rows 11001-11035)
  Calculated 35 temperatures. Range: -7.27 to 11.90
Total observations: 11035, Unique timestamps: 2207
MR parameters: mass=0.33, elev=2195.0, b0=17.10, b1=0.98, b2=-0.48, b3=0.000124
Sample tb=276.96 K, log(mass)=-1.1087, 1/(kT)=41.886455, exponent=-3.8198, rmr=0.021932
Sample tb=279.53 K, log(mass)=-1.1087, 1/(kT)=41.501378, exponent=-3.6350, rmr=0.026385
Sample tb=275.79 K, log(mass)=-1.1087, 1/(kT)=42.064590, exponent=-3.9053, rmr=0.020135
Sample tb=282.11 K, log(mass)=-1.1087, 1/(kT)=41.122730, exponent=-3.4532, rmr=0.031644
Sample tb=284.43 K, log(mass)=-1.1087, 1/(kT)=40.786735, exponent=-3.2919, rmr=0.037182
MR results: 0 NA, 0 infinite, 0 negative, 0 zero
Energy calculations: 2309 non-zero gains, 11035 non-zero losses out of 11035 observations
Saved results to output/results/A1/1964/M/eb_results_MB_1964_A1_D1.rds

All years processed.
