Arguments received:
Species: MS
Years: 2005, 2006, 2007, 2008, 2009, 2010, 2011, 2012, 2013, 2014, 2015, 2016, 2017, 2018, 2019, 2020, 2021, 2022, 2023, 2024
Origin site: Eldo
Climate site: A1
Sex: M
Output directory: output/results/Eldo
Library paths:
[1] "/gscratch/biology/jmsmith/R"                          
[2] "/mmfs1/home/smithju/R/x86_64-pc-linux-gnu-library/4.4"
[3] "/usr/local/lib/R/site-library"                        
[4] "/usr/local/lib/R/library"                             
Package tidyverse loaded successfully
Package TrenchR loaded successfully
Package rTPC loaded successfully
Package lubridate loaded successfully

Processing: Species=MS, Year=2005, Origin=Eldo, Climate=A1, Sex=M
Looking for climate data at: /mmfs1/gscratch/biology/jmsmith/targeted_microclimate/A1/simplified_A1_2005.rds
Directory /mmfs1/gscratch/biology/jmsmith/targeted_microclimate/A1 exists. Contents:
simplified_A1_1945.rds
simplified_A1_1946.rds
simplified_A1_1947.rds
simplified_A1_1948.rds
simplified_A1_1949.rds
simplified_A1_1950.rds
simplified_A1_1951.rds
simplified_A1_1952.rds
simplified_A1_1953.rds
simplified_A1_1954.rds
simplified_A1_1955.rds
simplified_A1_1956.rds
simplified_A1_1957.rds
simplified_A1_1958.rds
simplified_A1_1959.rds
simplified_A1_1960.rds
simplified_A1_1961.rds
simplified_A1_1962.rds
simplified_A1_1963.rds
simplified_A1_1964.rds
simplified_A1_2005.rds
simplified_A1_2006.rds
simplified_A1_2007.rds
simplified_A1_2008.rds
simplified_A1_2009.rds
simplified_A1_2010.rds
simplified_A1_2011.rds
simplified_A1_2012.rds
simplified_A1_2013.rds
simplified_A1_2014.rds
simplified_A1_2015.rds
simplified_A1_2016.rds
simplified_A1_2017.rds
simplified_A1_2018.rds
simplified_A1_2019.rds
simplified_A1_2020.rds
simplified_A1_2021.rds
simplified_A1_2022.rds
simplified_A1_2023.rds
simplified_A1_2024.rds
Processing batch 1/12 (rows 1-1000)
  Calculated 1000 temperatures. Range: 0.42 to 60.00
Processing batch 2/12 (rows 1001-2000)
  Calculated 1000 temperatures. Range: 4.82 to 60.00
Processing batch 3/12 (rows 2001-3000)
  Calculated 1000 temperatures. Range: 1.77 to 46.90
Processing batch 4/12 (rows 3001-4000)
  Calculated 1000 temperatures. Range: 5.82 to 54.14
Processing batch 5/12 (rows 4001-5000)
  Calculated 1000 temperatures. Range: 1.80 to 39.88
Processing batch 6/12 (rows 5001-6000)
  Calculated 1000 temperatures. Range: 4.80 to 40.82
Processing batch 7/12 (rows 6001-7000)
  Calculated 1000 temperatures. Range: 1.30 to 39.02
Processing batch 8/12 (rows 7001-8000)
  Calculated 1000 temperatures. Range: 4.29 to 22.54
Processing batch 9/12 (rows 8001-9000)
  Calculated 1000 temperatures. Range: 3.35 to 20.70
Processing batch 10/12 (rows 9001-10000)
  Calculated 1000 temperatures. Range: 2.71 to 27.11
Processing batch 11/12 (rows 10001-11000)
  Calculated 1000 temperatures. Range: 6.16 to 27.75
Processing batch 12/12 (rows 11001-11035)
  Calculated 35 temperatures. Range: 5.07 to 24.96
Total observations: 11035, Unique timestamps: 2207
MR parameters: mass=0.31, elev=1740.0, b0=16.50, b1=0.85, b2=-0.47, b3=0.000108
Sample tb=306.90 K, log(mass)=-1.1712, 1/(kT)=37.799759, exponent=-2.0735, rmr=0.125748
Sample tb=305.90 K, log(mass)=-1.1712, 1/(kT)=37.923420, exponent=-2.1316, rmr=0.118648
Sample tb=293.00 K, log(mass)=-1.1712, 1/(kT)=39.593910, exponent=-2.9167, rmr=0.054111
Sample tb=281.85 K, log(mass)=-1.1712, 1/(kT)=41.159275, exponent=-3.6524, rmr=0.025928
Sample tb=283.71 K, log(mass)=-1.1712, 1/(kT)=40.890139, exponent=-3.5260, rmr=0.029424
MR results: 0 NA, 0 infinite, 0 negative, 0 zero
Energy calculations: 5219 non-zero gains, 11035 non-zero losses out of 11035 observations
Saved results to output/results/Eldo/2005/M/eb_results_MS_2005_Eldo_A1.rds

Processing: Species=MS, Year=2006, Origin=Eldo, Climate=A1, Sex=M
Looking for climate data at: /mmfs1/gscratch/biology/jmsmith/targeted_microclimate/A1/simplified_A1_2006.rds
Directory /mmfs1/gscratch/biology/jmsmith/targeted_microclimate/A1 exists. Contents:
simplified_A1_1945.rds
simplified_A1_1946.rds
simplified_A1_1947.rds
simplified_A1_1948.rds
simplified_A1_1949.rds
simplified_A1_1950.rds
simplified_A1_1951.rds
simplified_A1_1952.rds
simplified_A1_1953.rds
simplified_A1_1954.rds
simplified_A1_1955.rds
simplified_A1_1956.rds
simplified_A1_1957.rds
simplified_A1_1958.rds
simplified_A1_1959.rds
simplified_A1_1960.rds
simplified_A1_1961.rds
simplified_A1_1962.rds
simplified_A1_1963.rds
simplified_A1_1964.rds
simplified_A1_2005.rds
simplified_A1_2006.rds
simplified_A1_2007.rds
simplified_A1_2008.rds
simplified_A1_2009.rds
simplified_A1_2010.rds
simplified_A1_2011.rds
simplified_A1_2012.rds
simplified_A1_2013.rds
simplified_A1_2014.rds
simplified_A1_2015.rds
simplified_A1_2016.rds
simplified_A1_2017.rds
simplified_A1_2018.rds
simplified_A1_2019.rds
simplified_A1_2020.rds
simplified_A1_2021.rds
simplified_A1_2022.rds
simplified_A1_2023.rds
simplified_A1_2024.rds
Processing batch 1/12 (rows 1-1000)
  Calculated 1000 temperatures. Range: 3.58 to 55.25
Processing batch 2/12 (rows 1001-2000)
  Calculated 1000 temperatures. Range: 5.76 to 59.02
Processing batch 3/12 (rows 2001-3000)
  Calculated 1000 temperatures. Range: 3.33 to 46.27
Processing batch 4/12 (rows 3001-4000)
  Calculated 1000 temperatures. Range: 8.22 to 48.37
Processing batch 5/12 (rows 4001-5000)
  Calculated 1000 temperatures. Range: 4.55 to 42.33
Processing batch 6/12 (rows 5001-6000)
  Calculated 1000 temperatures. Range: 5.66 to 45.61
Processing batch 7/12 (rows 6001-7000)
  Calculated 1000 temperatures. Range: 4.72 to 40.05
Processing batch 8/12 (rows 7001-8000)
  Calculated 1000 temperatures. Range: 4.09 to 21.56
Processing batch 9/12 (rows 8001-9000)
  Calculated 1000 temperatures. Range: 4.54 to 24.78
Processing batch 10/12 (rows 9001-10000)
  Calculated 1000 temperatures. Range: 4.76 to 27.88
Processing batch 11/12 (rows 10001-11000)
  Calculated 1000 temperatures. Range: 5.85 to 27.08
Processing batch 12/12 (rows 11001-11035)
  Calculated 35 temperatures. Range: 9.09 to 22.99
Total observations: 11035, Unique timestamps: 2207
MR parameters: mass=0.31, elev=1740.0, b0=16.50, b1=0.85, b2=-0.47, b3=0.000108
Sample tb=299.19 K, log(mass)=-1.1712, 1/(kT)=38.774867, exponent=-2.5318, rmr=0.079518
Sample tb=308.98 K, log(mass)=-1.1712, 1/(kT)=37.545913, exponent=-1.9542, rmr=0.141683
Sample tb=289.78 K, log(mass)=-1.1712, 1/(kT)=40.033178, exponent=-3.1232, rmr=0.044017
Sample tb=291.99 K, log(mass)=-1.1712, 1/(kT)=39.730621, exponent=-2.9810, rmr=0.050743
Sample tb=283.28 K, log(mass)=-1.1712, 1/(kT)=40.951852, exponent=-3.5550, rmr=0.028583
MR results: 0 NA, 0 infinite, 0 negative, 0 zero
Energy calculations: 5656 non-zero gains, 11035 non-zero losses out of 11035 observations
Saved results to output/results/Eldo/2006/M/eb_results_MS_2006_Eldo_A1.rds

Processing: Species=MS, Year=2007, Origin=Eldo, Climate=A1, Sex=M
Looking for climate data at: /mmfs1/gscratch/biology/jmsmith/targeted_microclimate/A1/simplified_A1_2007.rds
Directory /mmfs1/gscratch/biology/jmsmith/targeted_microclimate/A1 exists. Contents:
simplified_A1_1945.rds
simplified_A1_1946.rds
simplified_A1_1947.rds
simplified_A1_1948.rds
simplified_A1_1949.rds
simplified_A1_1950.rds
simplified_A1_1951.rds
simplified_A1_1952.rds
simplified_A1_1953.rds
simplified_A1_1954.rds
simplified_A1_1955.rds
simplified_A1_1956.rds
simplified_A1_1957.rds
simplified_A1_1958.rds
simplified_A1_1959.rds
simplified_A1_1960.rds
simplified_A1_1961.rds
simplified_A1_1962.rds
simplified_A1_1963.rds
simplified_A1_1964.rds
simplified_A1_2005.rds
simplified_A1_2006.rds
simplified_A1_2007.rds
simplified_A1_2008.rds
simplified_A1_2009.rds
simplified_A1_2010.rds
simplified_A1_2011.rds
simplified_A1_2012.rds
simplified_A1_2013.rds
simplified_A1_2014.rds
simplified_A1_2015.rds
simplified_A1_2016.rds
simplified_A1_2017.rds
simplified_A1_2018.rds
simplified_A1_2019.rds
simplified_A1_2020.rds
simplified_A1_2021.rds
simplified_A1_2022.rds
simplified_A1_2023.rds
simplified_A1_2024.rds
Processing batch 1/12 (rows 1-1000)
  Calculated 1000 temperatures. Range: -1.98 to 60.00
Processing batch 2/12 (rows 1001-2000)
  Calculated 1000 temperatures. Range: 7.05 to 48.02
Processing batch 3/12 (rows 2001-3000)
  Calculated 1000 temperatures. Range: -0.27 to 49.13
Processing batch 4/12 (rows 3001-4000)
  Calculated 1000 temperatures. Range: 8.52 to 39.88
Processing batch 5/12 (rows 4001-5000)
  Calculated 1000 temperatures. Range: -0.43 to 48.22
Processing batch 6/12 (rows 5001-6000)
  Calculated 1000 temperatures. Range: 7.74 to 40.82
Processing batch 7/12 (rows 6001-7000)
  Calculated 1000 temperatures. Range: -0.29 to 38.14
Processing batch 8/12 (rows 7001-8000)
  Calculated 1000 temperatures. Range: 3.80 to 21.51
Processing batch 9/12 (rows 8001-9000)
  Calculated 1000 temperatures. Range: 3.16 to 21.19
Processing batch 10/12 (rows 9001-10000)
  Calculated 1000 temperatures. Range: 0.69 to 27.04
Processing batch 11/12 (rows 10001-11000)
  Calculated 1000 temperatures. Range: 8.62 to 25.81
Processing batch 12/12 (rows 11001-11035)
  Calculated 35 temperatures. Range: 9.57 to 23.53
Total observations: 11035, Unique timestamps: 2207
MR parameters: mass=0.31, elev=1740.0, b0=16.50, b1=0.85, b2=-0.47, b3=0.000108
Sample tb=281.81 K, log(mass)=-1.1712, 1/(kT)=41.165068, exponent=-3.6552, rmr=0.025857
Sample tb=287.82 K, log(mass)=-1.1712, 1/(kT)=40.306171, exponent=-3.2515, rmr=0.038717
Sample tb=308.75 K, log(mass)=-1.1712, 1/(kT)=37.574320, exponent=-1.9675, rmr=0.139804
Sample tb=308.26 K, log(mass)=-1.1712, 1/(kT)=37.633621, exponent=-1.9954, rmr=0.135961
Sample tb=278.11 K, log(mass)=-1.1712, 1/(kT)=41.713397, exponent=-3.9129, rmr=0.019983
MR results: 0 NA, 0 infinite, 0 negative, 0 zero
Energy calculations: 5751 non-zero gains, 11035 non-zero losses out of 11035 observations
Saved results to output/results/Eldo/2007/M/eb_results_MS_2007_Eldo_A1.rds

Processing: Species=MS, Year=2008, Origin=Eldo, Climate=A1, Sex=M
Looking for climate data at: /mmfs1/gscratch/biology/jmsmith/targeted_microclimate/A1/simplified_A1_2008.rds
Directory /mmfs1/gscratch/biology/jmsmith/targeted_microclimate/A1 exists. Contents:
simplified_A1_1945.rds
simplified_A1_1946.rds
simplified_A1_1947.rds
simplified_A1_1948.rds
simplified_A1_1949.rds
simplified_A1_1950.rds
simplified_A1_1951.rds
simplified_A1_1952.rds
simplified_A1_1953.rds
simplified_A1_1954.rds
simplified_A1_1955.rds
simplified_A1_1956.rds
simplified_A1_1957.rds
simplified_A1_1958.rds
simplified_A1_1959.rds
simplified_A1_1960.rds
simplified_A1_1961.rds
simplified_A1_1962.rds
simplified_A1_1963.rds
simplified_A1_1964.rds
simplified_A1_2005.rds
simplified_A1_2006.rds
simplified_A1_2007.rds
simplified_A1_2008.rds
simplified_A1_2009.rds
simplified_A1_2010.rds
simplified_A1_2011.rds
simplified_A1_2012.rds
simplified_A1_2013.rds
simplified_A1_2014.rds
simplified_A1_2015.rds
simplified_A1_2016.rds
simplified_A1_2017.rds
simplified_A1_2018.rds
simplified_A1_2019.rds
simplified_A1_2020.rds
simplified_A1_2021.rds
simplified_A1_2022.rds
simplified_A1_2023.rds
simplified_A1_2024.rds
Processing batch 1/12 (rows 1-1000)
  Calculated 1000 temperatures. Range: -1.64 to 60.00
Processing batch 2/12 (rows 1001-2000)
  Calculated 1000 temperatures. Range: 4.32 to 60.00
Processing batch 3/12 (rows 2001-3000)
  Calculated 1000 temperatures. Range: 0.61 to 47.88
Processing batch 4/12 (rows 3001-4000)
  Calculated 1000 temperatures. Range: 5.90 to 52.59
Processing batch 5/12 (rows 4001-5000)
  Calculated 1000 temperatures. Range: 0.04 to 46.97
Processing batch 6/12 (rows 5001-6000)
  Calculated 1000 temperatures. Range: 4.05 to 44.98
Processing batch 7/12 (rows 6001-7000)
  Calculated 1000 temperatures. Range: -0.27 to 38.09
Processing batch 8/12 (rows 7001-8000)
  Calculated 1000 temperatures. Range: 3.72 to 20.63
Processing batch 9/12 (rows 8001-9000)
  Calculated 1000 temperatures. Range: 5.15 to 21.80
Processing batch 10/12 (rows 9001-10000)
  Calculated 1000 temperatures. Range: 1.29 to 25.46
Processing batch 11/12 (rows 10001-11000)
  Calculated 1000 temperatures. Range: 6.13 to 26.45
Processing batch 12/12 (rows 11001-11035)
  Calculated 35 temperatures. Range: 9.39 to 22.28
Total observations: 11035, Unique timestamps: 2207
MR parameters: mass=0.31, elev=1740.0, b0=16.50, b1=0.85, b2=-0.47, b3=0.000108
Sample tb=306.66 K, log(mass)=-1.1712, 1/(kT)=37.830519, exponent=-2.0879, rmr=0.123943
Sample tb=284.55 K, log(mass)=-1.1712, 1/(kT)=40.769838, exponent=-3.4694, rmr=0.031135
Sample tb=287.27 K, log(mass)=-1.1712, 1/(kT)=40.383237, exponent=-3.2877, rmr=0.037339
Sample tb=306.36 K, log(mass)=-1.1712, 1/(kT)=37.866631, exponent=-2.1049, rmr=0.121858
Sample tb=321.22 K, log(mass)=-1.1712, 1/(kT)=36.115140, exponent=-1.2817, rmr=0.277565
MR results: 0 NA, 0 infinite, 0 negative, 0 zero
Energy calculations: 5249 non-zero gains, 11035 non-zero losses out of 11035 observations
Saved results to output/results/Eldo/2008/M/eb_results_MS_2008_Eldo_A1.rds

Processing: Species=MS, Year=2009, Origin=Eldo, Climate=A1, Sex=M
Looking for climate data at: /mmfs1/gscratch/biology/jmsmith/targeted_microclimate/A1/simplified_A1_2009.rds
Directory /mmfs1/gscratch/biology/jmsmith/targeted_microclimate/A1 exists. Contents:
simplified_A1_1945.rds
simplified_A1_1946.rds
simplified_A1_1947.rds
simplified_A1_1948.rds
simplified_A1_1949.rds
simplified_A1_1950.rds
simplified_A1_1951.rds
simplified_A1_1952.rds
simplified_A1_1953.rds
simplified_A1_1954.rds
simplified_A1_1955.rds
simplified_A1_1956.rds
simplified_A1_1957.rds
simplified_A1_1958.rds
simplified_A1_1959.rds
simplified_A1_1960.rds
simplified_A1_1961.rds
simplified_A1_1962.rds
simplified_A1_1963.rds
simplified_A1_1964.rds
simplified_A1_2005.rds
simplified_A1_2006.rds
simplified_A1_2007.rds
simplified_A1_2008.rds
simplified_A1_2009.rds
simplified_A1_2010.rds
simplified_A1_2011.rds
simplified_A1_2012.rds
simplified_A1_2013.rds
simplified_A1_2014.rds
simplified_A1_2015.rds
simplified_A1_2016.rds
simplified_A1_2017.rds
simplified_A1_2018.rds
simplified_A1_2019.rds
simplified_A1_2020.rds
simplified_A1_2021.rds
simplified_A1_2022.rds
simplified_A1_2023.rds
simplified_A1_2024.rds
Processing batch 1/12 (rows 1-1000)
  Calculated 1000 temperatures. Range: 1.49 to 47.60
Processing batch 2/12 (rows 1001-2000)
  Calculated 1000 temperatures. Range: 2.84 to 47.23
Processing batch 3/12 (rows 2001-3000)
  Calculated 1000 temperatures. Range: 2.86 to 40.16
Processing batch 4/12 (rows 3001-4000)
  Calculated 1000 temperatures. Range: 5.87 to 40.13
Processing batch 5/12 (rows 4001-5000)
  Calculated 1000 temperatures. Range: 2.73 to 40.59
Processing batch 6/12 (rows 5001-6000)
  Calculated 1000 temperatures. Range: 5.68 to 39.89
Processing batch 7/12 (rows 6001-7000)
  Calculated 1000 temperatures. Range: 2.06 to 39.73
Processing batch 8/12 (rows 7001-8000)
  Calculated 1000 temperatures. Range: 4.75 to 20.15
Processing batch 9/12 (rows 8001-9000)
  Calculated 1000 temperatures. Range: 3.79 to 20.75
Processing batch 10/12 (rows 9001-10000)
  Calculated 1000 temperatures. Range: 3.37 to 24.46
Processing batch 11/12 (rows 10001-11000)
  Calculated 1000 temperatures. Range: 4.89 to 25.88
Processing batch 12/12 (rows 11001-11035)
  Calculated 35 temperatures. Range: 7.52 to 21.23
Total observations: 11035, Unique timestamps: 2207
MR parameters: mass=0.31, elev=1740.0, b0=16.50, b1=0.85, b2=-0.47, b3=0.000108
Sample tb=281.28 K, log(mass)=-1.1712, 1/(kT)=41.243952, exponent=-3.6922, rmr=0.024916
Sample tb=294.99 K, log(mass)=-1.1712, 1/(kT)=39.326413, exponent=-2.7910, rmr=0.061360
Sample tb=291.20 K, log(mass)=-1.1712, 1/(kT)=39.838638, exponent=-3.0317, rmr=0.048231
Sample tb=286.79 K, log(mass)=-1.1712, 1/(kT)=40.450348, exponent=-3.3192, rmr=0.036180
Sample tb=290.51 K, log(mass)=-1.1712, 1/(kT)=39.932573, exponent=-3.0759, rmr=0.046148
MR results: 0 NA, 0 infinite, 0 negative, 0 zero
Energy calculations: 4854 non-zero gains, 11035 non-zero losses out of 11035 observations
Saved results to output/results/Eldo/2009/M/eb_results_MS_2009_Eldo_A1.rds

Processing: Species=MS, Year=2010, Origin=Eldo, Climate=A1, Sex=M
Looking for climate data at: /mmfs1/gscratch/biology/jmsmith/targeted_microclimate/A1/simplified_A1_2010.rds
Directory /mmfs1/gscratch/biology/jmsmith/targeted_microclimate/A1 exists. Contents:
simplified_A1_1945.rds
simplified_A1_1946.rds
simplified_A1_1947.rds
simplified_A1_1948.rds
simplified_A1_1949.rds
simplified_A1_1950.rds
simplified_A1_1951.rds
simplified_A1_1952.rds
simplified_A1_1953.rds
simplified_A1_1954.rds
simplified_A1_1955.rds
simplified_A1_1956.rds
simplified_A1_1957.rds
simplified_A1_1958.rds
simplified_A1_1959.rds
simplified_A1_1960.rds
simplified_A1_1961.rds
simplified_A1_1962.rds
simplified_A1_1963.rds
simplified_A1_1964.rds
simplified_A1_2005.rds
simplified_A1_2006.rds
simplified_A1_2007.rds
simplified_A1_2008.rds
simplified_A1_2009.rds
simplified_A1_2010.rds
simplified_A1_2011.rds
simplified_A1_2012.rds
simplified_A1_2013.rds
simplified_A1_2014.rds
simplified_A1_2015.rds
simplified_A1_2016.rds
simplified_A1_2017.rds
simplified_A1_2018.rds
simplified_A1_2019.rds
simplified_A1_2020.rds
simplified_A1_2021.rds
simplified_A1_2022.rds
simplified_A1_2023.rds
simplified_A1_2024.rds
Processing batch 1/12 (rows 1-1000)
  Calculated 1000 temperatures. Range: 2.35 to 60.00
Processing batch 2/12 (rows 1001-2000)
  Calculated 1000 temperatures. Range: 5.18 to 57.31
Processing batch 3/12 (rows 2001-3000)
  Calculated 1000 temperatures. Range: 4.10 to 52.53
Processing batch 4/12 (rows 3001-4000)
  Calculated 1000 temperatures. Range: 6.06 to 47.27
Processing batch 5/12 (rows 4001-5000)
  Calculated 1000 temperatures. Range: 4.19 to 43.10
Processing batch 6/12 (rows 5001-6000)
  Calculated 1000 temperatures. Range: 5.73 to 43.41
Processing batch 7/12 (rows 6001-7000)
  Calculated 1000 temperatures. Range: 3.65 to 39.92
Processing batch 8/12 (rows 7001-8000)
  Calculated 1000 temperatures. Range: 3.80 to 21.00
Processing batch 9/12 (rows 8001-9000)
  Calculated 1000 temperatures. Range: 5.40 to 23.72
Processing batch 10/12 (rows 9001-10000)
  Calculated 1000 temperatures. Range: 4.80 to 26.21
Processing batch 11/12 (rows 10001-11000)
  Calculated 1000 temperatures. Range: 6.99 to 25.72
Processing batch 12/12 (rows 11001-11035)
  Calculated 35 temperatures. Range: 7.64 to 20.23
Total observations: 11035, Unique timestamps: 2207
MR parameters: mass=0.31, elev=1740.0, b0=16.50, b1=0.85, b2=-0.47, b3=0.000108
Sample tb=283.83 K, log(mass)=-1.1712, 1/(kT)=40.873344, exponent=-3.5181, rmr=0.029657
Sample tb=285.33 K, log(mass)=-1.1712, 1/(kT)=40.657677, exponent=-3.4167, rmr=0.032821
Sample tb=295.68 K, log(mass)=-1.1712, 1/(kT)=39.235149, exponent=-2.7481, rmr=0.064049
Sample tb=279.28 K, log(mass)=-1.1712, 1/(kT)=41.538592, exponent=-3.8307, rmr=0.021694
Sample tb=283.68 K, log(mass)=-1.1712, 1/(kT)=40.894759, exponent=-3.5281, rmr=0.029360
MR results: 0 NA, 0 infinite, 0 negative, 0 zero
Energy calculations: 5577 non-zero gains, 11035 non-zero losses out of 11035 observations
Saved results to output/results/Eldo/2010/M/eb_results_MS_2010_Eldo_A1.rds

Processing: Species=MS, Year=2011, Origin=Eldo, Climate=A1, Sex=M
Looking for climate data at: /mmfs1/gscratch/biology/jmsmith/targeted_microclimate/A1/simplified_A1_2011.rds
Directory /mmfs1/gscratch/biology/jmsmith/targeted_microclimate/A1 exists. Contents:
simplified_A1_1945.rds
simplified_A1_1946.rds
simplified_A1_1947.rds
simplified_A1_1948.rds
simplified_A1_1949.rds
simplified_A1_1950.rds
simplified_A1_1951.rds
simplified_A1_1952.rds
simplified_A1_1953.rds
simplified_A1_1954.rds
simplified_A1_1955.rds
simplified_A1_1956.rds
simplified_A1_1957.rds
simplified_A1_1958.rds
simplified_A1_1959.rds
simplified_A1_1960.rds
simplified_A1_1961.rds
simplified_A1_1962.rds
simplified_A1_1963.rds
simplified_A1_1964.rds
simplified_A1_2005.rds
simplified_A1_2006.rds
simplified_A1_2007.rds
simplified_A1_2008.rds
simplified_A1_2009.rds
simplified_A1_2010.rds
simplified_A1_2011.rds
simplified_A1_2012.rds
simplified_A1_2013.rds
simplified_A1_2014.rds
simplified_A1_2015.rds
simplified_A1_2016.rds
simplified_A1_2017.rds
simplified_A1_2018.rds
simplified_A1_2019.rds
simplified_A1_2020.rds
simplified_A1_2021.rds
simplified_A1_2022.rds
simplified_A1_2023.rds
simplified_A1_2024.rds
Processing batch 1/12 (rows 1-1000)
  Calculated 1000 temperatures. Range: 1.29 to 52.29
Processing batch 2/12 (rows 1001-2000)
  Calculated 1000 temperatures. Range: 5.20 to 56.28
Processing batch 3/12 (rows 2001-3000)
  Calculated 1000 temperatures. Range: 3.32 to 44.07
Processing batch 4/12 (rows 3001-4000)
  Calculated 1000 temperatures. Range: 7.40 to 43.63
Processing batch 5/12 (rows 4001-5000)
  Calculated 1000 temperatures. Range: 2.91 to 47.51
Processing batch 6/12 (rows 5001-6000)
  Calculated 1000 temperatures. Range: 6.22 to 40.61
Processing batch 7/12 (rows 6001-7000)
  Calculated 1000 temperatures. Range: 2.42 to 46.72
Processing batch 8/12 (rows 7001-8000)
  Calculated 1000 temperatures. Range: 4.04 to 21.33
Processing batch 9/12 (rows 8001-9000)
  Calculated 1000 temperatures. Range: 4.78 to 23.34
Processing batch 10/12 (rows 9001-10000)
  Calculated 1000 temperatures. Range: 4.02 to 25.60
Processing batch 11/12 (rows 10001-11000)
  Calculated 1000 temperatures. Range: 7.80 to 25.80
Processing batch 12/12 (rows 11001-11035)
  Calculated 35 temperatures. Range: 10.60 to 25.46
Total observations: 11035, Unique timestamps: 2207
MR parameters: mass=0.31, elev=1740.0, b0=16.50, b1=0.85, b2=-0.47, b3=0.000108
Sample tb=296.39 K, log(mass)=-1.1712, 1/(kT)=39.140587, exponent=-2.7037, rmr=0.066960
Sample tb=293.36 K, log(mass)=-1.1712, 1/(kT)=39.545626, exponent=-2.8940, rmr=0.055353
Sample tb=292.13 K, log(mass)=-1.1712, 1/(kT)=39.711618, exponent=-2.9720, rmr=0.051198
Sample tb=294.08 K, log(mass)=-1.1712, 1/(kT)=39.447565, exponent=-2.8479, rmr=0.057964
Sample tb=306.75 K, log(mass)=-1.1712, 1/(kT)=37.818943, exponent=-2.0825, rmr=0.124620
MR results: 0 NA, 0 infinite, 0 negative, 0 zero
Energy calculations: 5703 non-zero gains, 11035 non-zero losses out of 11035 observations
Saved results to output/results/Eldo/2011/M/eb_results_MS_2011_Eldo_A1.rds

Processing: Species=MS, Year=2012, Origin=Eldo, Climate=A1, Sex=M
Looking for climate data at: /mmfs1/gscratch/biology/jmsmith/targeted_microclimate/A1/simplified_A1_2012.rds
Directory /mmfs1/gscratch/biology/jmsmith/targeted_microclimate/A1 exists. Contents:
simplified_A1_1945.rds
simplified_A1_1946.rds
simplified_A1_1947.rds
simplified_A1_1948.rds
simplified_A1_1949.rds
simplified_A1_1950.rds
simplified_A1_1951.rds
simplified_A1_1952.rds
simplified_A1_1953.rds
simplified_A1_1954.rds
simplified_A1_1955.rds
simplified_A1_1956.rds
simplified_A1_1957.rds
simplified_A1_1958.rds
simplified_A1_1959.rds
simplified_A1_1960.rds
simplified_A1_1961.rds
simplified_A1_1962.rds
simplified_A1_1963.rds
simplified_A1_1964.rds
simplified_A1_2005.rds
simplified_A1_2006.rds
simplified_A1_2007.rds
simplified_A1_2008.rds
simplified_A1_2009.rds
simplified_A1_2010.rds
simplified_A1_2011.rds
simplified_A1_2012.rds
simplified_A1_2013.rds
simplified_A1_2014.rds
simplified_A1_2015.rds
simplified_A1_2016.rds
simplified_A1_2017.rds
simplified_A1_2018.rds
simplified_A1_2019.rds
simplified_A1_2020.rds
simplified_A1_2021.rds
simplified_A1_2022.rds
simplified_A1_2023.rds
simplified_A1_2024.rds
Processing batch 1/12 (rows 1-1000)
  Calculated 1000 temperatures. Range: -0.52 to 60.00
Processing batch 2/12 (rows 1001-2000)
  Calculated 1000 temperatures. Range: 2.70 to 48.24
Processing batch 3/12 (rows 2001-3000)
  Calculated 1000 temperatures. Range: 1.94 to 52.16
Processing batch 4/12 (rows 3001-4000)
  Calculated 1000 temperatures. Range: 6.94 to 40.52
Processing batch 5/12 (rows 4001-5000)
  Calculated 1000 temperatures. Range: 1.17 to 51.54
Processing batch 6/12 (rows 5001-6000)
  Calculated 1000 temperatures. Range: 6.39 to 52.16
Processing batch 7/12 (rows 6001-7000)
  Calculated 1000 temperatures. Range: 1.02 to 41.42
Processing batch 8/12 (rows 7001-8000)
  Calculated 1000 temperatures. Range: 5.32 to 22.23
Processing batch 9/12 (rows 8001-9000)
  Calculated 1000 temperatures. Range: 4.05 to 23.97
Processing batch 10/12 (rows 9001-10000)
  Calculated 1000 temperatures. Range: 2.80 to 28.43
Processing batch 11/12 (rows 10001-11000)
  Calculated 1000 temperatures. Range: 5.51 to 26.29
Processing batch 12/12 (rows 11001-11035)
  Calculated 35 temperatures. Range: 9.08 to 22.97
Total observations: 11035, Unique timestamps: 2207
MR parameters: mass=0.31, elev=1740.0, b0=16.50, b1=0.85, b2=-0.47, b3=0.000108
Sample tb=281.68 K, log(mass)=-1.1712, 1/(kT)=41.184635, exponent=-3.6644, rmr=0.025620
Sample tb=290.10 K, log(mass)=-1.1712, 1/(kT)=39.989014, exponent=-3.1024, rmr=0.044940
Sample tb=290.89 K, log(mass)=-1.1712, 1/(kT)=39.880552, exponent=-3.0514, rmr=0.047291
Sample tb=284.47 K, log(mass)=-1.1712, 1/(kT)=40.780443, exponent=-3.4744, rmr=0.030981
Sample tb=296.20 K, log(mass)=-1.1712, 1/(kT)=39.165623, exponent=-2.7154, rmr=0.066177
MR results: 0 NA, 0 infinite, 0 negative, 0 zero
Energy calculations: 5989 non-zero gains, 11035 non-zero losses out of 11035 observations
Saved results to output/results/Eldo/2012/M/eb_results_MS_2012_Eldo_A1.rds

Processing: Species=MS, Year=2013, Origin=Eldo, Climate=A1, Sex=M
Looking for climate data at: /mmfs1/gscratch/biology/jmsmith/targeted_microclimate/A1/simplified_A1_2013.rds
Directory /mmfs1/gscratch/biology/jmsmith/targeted_microclimate/A1 exists. Contents:
simplified_A1_1945.rds
simplified_A1_1946.rds
simplified_A1_1947.rds
simplified_A1_1948.rds
simplified_A1_1949.rds
simplified_A1_1950.rds
simplified_A1_1951.rds
simplified_A1_1952.rds
simplified_A1_1953.rds
simplified_A1_1954.rds
simplified_A1_1955.rds
simplified_A1_1956.rds
simplified_A1_1957.rds
simplified_A1_1958.rds
simplified_A1_1959.rds
simplified_A1_1960.rds
simplified_A1_1961.rds
simplified_A1_1962.rds
simplified_A1_1963.rds
simplified_A1_1964.rds
simplified_A1_2005.rds
simplified_A1_2006.rds
simplified_A1_2007.rds
simplified_A1_2008.rds
simplified_A1_2009.rds
simplified_A1_2010.rds
simplified_A1_2011.rds
simplified_A1_2012.rds
simplified_A1_2013.rds
simplified_A1_2014.rds
simplified_A1_2015.rds
simplified_A1_2016.rds
simplified_A1_2017.rds
simplified_A1_2018.rds
simplified_A1_2019.rds
simplified_A1_2020.rds
simplified_A1_2021.rds
simplified_A1_2022.rds
simplified_A1_2023.rds
simplified_A1_2024.rds
Processing batch 1/12 (rows 1-1000)
  Calculated 1000 temperatures. Range: 0.39 to 60.00
Processing batch 2/12 (rows 1001-2000)
  Calculated 1000 temperatures. Range: 5.41 to 58.03
Processing batch 3/12 (rows 2001-3000)
  Calculated 1000 temperatures. Range: 1.94 to 56.15
Processing batch 4/12 (rows 3001-4000)
  Calculated 1000 temperatures. Range: 7.03 to 46.91
Processing batch 5/12 (rows 4001-5000)
  Calculated 1000 temperatures. Range: 1.87 to 48.54
Processing batch 6/12 (rows 5001-6000)
  Calculated 1000 temperatures. Range: 6.89 to 51.88
Processing batch 7/12 (rows 6001-7000)
  Calculated 1000 temperatures. Range: 2.00 to 38.65
Processing batch 8/12 (rows 7001-8000)
  Calculated 1000 temperatures. Range: 4.44 to 21.74
Processing batch 9/12 (rows 8001-9000)
  Calculated 1000 temperatures. Range: 2.98 to 22.98
Processing batch 10/12 (rows 9001-10000)
  Calculated 1000 temperatures. Range: 5.89 to 26.86
Processing batch 11/12 (rows 10001-11000)
  Calculated 1000 temperatures. Range: 7.37 to 25.80
Processing batch 12/12 (rows 11001-11035)
  Calculated 35 temperatures. Range: 12.22 to 23.08
Total observations: 11035, Unique timestamps: 2207
MR parameters: mass=0.31, elev=1740.0, b0=16.50, b1=0.85, b2=-0.47, b3=0.000108
Sample tb=281.97 K, log(mass)=-1.1712, 1/(kT)=41.143040, exponent=-3.6448, rmr=0.026126
Sample tb=283.86 K, log(mass)=-1.1712, 1/(kT)=40.868459, exponent=-3.5158, rmr=0.029725
Sample tb=286.96 K, log(mass)=-1.1712, 1/(kT)=40.427205, exponent=-3.3084, rmr=0.036576
Sample tb=302.71 K, log(mass)=-1.1712, 1/(kT)=38.323741, exponent=-2.3197, rmr=0.098299
Sample tb=300.43 K, log(mass)=-1.1712, 1/(kT)=38.613998, exponent=-2.4562, rmr=0.085763
MR results: 0 NA, 0 infinite, 0 negative, 0 zero
Energy calculations: 5748 non-zero gains, 11035 non-zero losses out of 11035 observations
Saved results to output/results/Eldo/2013/M/eb_results_MS_2013_Eldo_A1.rds

Processing: Species=MS, Year=2014, Origin=Eldo, Climate=A1, Sex=M
Looking for climate data at: /mmfs1/gscratch/biology/jmsmith/targeted_microclimate/A1/simplified_A1_2014.rds
Directory /mmfs1/gscratch/biology/jmsmith/targeted_microclimate/A1 exists. Contents:
simplified_A1_1945.rds
simplified_A1_1946.rds
simplified_A1_1947.rds
simplified_A1_1948.rds
simplified_A1_1949.rds
simplified_A1_1950.rds
simplified_A1_1951.rds
simplified_A1_1952.rds
simplified_A1_1953.rds
simplified_A1_1954.rds
simplified_A1_1955.rds
simplified_A1_1956.rds
simplified_A1_1957.rds
simplified_A1_1958.rds
simplified_A1_1959.rds
simplified_A1_1960.rds
simplified_A1_1961.rds
simplified_A1_1962.rds
simplified_A1_1963.rds
simplified_A1_1964.rds
simplified_A1_2005.rds
simplified_A1_2006.rds
simplified_A1_2007.rds
simplified_A1_2008.rds
simplified_A1_2009.rds
simplified_A1_2010.rds
simplified_A1_2011.rds
simplified_A1_2012.rds
simplified_A1_2013.rds
simplified_A1_2014.rds
simplified_A1_2015.rds
simplified_A1_2016.rds
simplified_A1_2017.rds
simplified_A1_2018.rds
simplified_A1_2019.rds
simplified_A1_2020.rds
simplified_A1_2021.rds
simplified_A1_2022.rds
simplified_A1_2023.rds
simplified_A1_2024.rds
Processing batch 1/12 (rows 1-1000)
  Calculated 1000 temperatures. Range: 0.43 to 44.64
Processing batch 2/12 (rows 1001-2000)
  Calculated 1000 temperatures. Range: 5.75 to 44.74
Processing batch 3/12 (rows 2001-3000)
  Calculated 1000 temperatures. Range: 2.20 to 38.89
Processing batch 4/12 (rows 3001-4000)
  Calculated 1000 temperatures. Range: 7.46 to 40.05
Processing batch 5/12 (rows 4001-5000)
  Calculated 1000 temperatures. Range: 1.93 to 37.48
Processing batch 6/12 (rows 5001-6000)
  Calculated 1000 temperatures. Range: 6.92 to 38.58
Processing batch 7/12 (rows 6001-7000)
  Calculated 1000 temperatures. Range: 1.49 to 37.04
Processing batch 8/12 (rows 7001-8000)
  Calculated 1000 temperatures. Range: 3.51 to 21.13
Processing batch 9/12 (rows 8001-9000)
  Calculated 1000 temperatures. Range: 5.36 to 22.71
Processing batch 10/12 (rows 9001-10000)
  Calculated 1000 temperatures. Range: 2.58 to 26.29
Processing batch 11/12 (rows 10001-11000)
  Calculated 1000 temperatures. Range: 6.72 to 25.32
Processing batch 12/12 (rows 11001-11035)
  Calculated 35 temperatures. Range: 6.98 to 21.63
Total observations: 11035, Unique timestamps: 2207
MR parameters: mass=0.31, elev=1740.0, b0=16.50, b1=0.85, b2=-0.47, b3=0.000108
Sample tb=279.90 K, log(mass)=-1.1712, 1/(kT)=41.446268, exponent=-3.7873, rmr=0.022656
Sample tb=277.18 K, log(mass)=-1.1712, 1/(kT)=41.852693, exponent=-3.9784, rmr=0.018716
Sample tb=284.13 K, log(mass)=-1.1712, 1/(kT)=40.830197, exponent=-3.4978, rmr=0.030265
Sample tb=287.11 K, log(mass)=-1.1712, 1/(kT)=40.406396, exponent=-3.2986, rmr=0.036935
Sample tb=277.83 K, log(mass)=-1.1712, 1/(kT)=41.755410, exponent=-3.9326, rmr=0.019592
MR results: 0 NA, 0 infinite, 0 negative, 0 zero
Energy calculations: 5160 non-zero gains, 11035 non-zero losses out of 11035 observations
Saved results to output/results/Eldo/2014/M/eb_results_MS_2014_Eldo_A1.rds

Processing: Species=MS, Year=2015, Origin=Eldo, Climate=A1, Sex=M
Looking for climate data at: /mmfs1/gscratch/biology/jmsmith/targeted_microclimate/A1/simplified_A1_2015.rds
Directory /mmfs1/gscratch/biology/jmsmith/targeted_microclimate/A1 exists. Contents:
simplified_A1_1945.rds
simplified_A1_1946.rds
simplified_A1_1947.rds
simplified_A1_1948.rds
simplified_A1_1949.rds
simplified_A1_1950.rds
simplified_A1_1951.rds
simplified_A1_1952.rds
simplified_A1_1953.rds
simplified_A1_1954.rds
simplified_A1_1955.rds
simplified_A1_1956.rds
simplified_A1_1957.rds
simplified_A1_1958.rds
simplified_A1_1959.rds
simplified_A1_1960.rds
simplified_A1_1961.rds
simplified_A1_1962.rds
simplified_A1_1963.rds
simplified_A1_1964.rds
simplified_A1_2005.rds
simplified_A1_2006.rds
simplified_A1_2007.rds
simplified_A1_2008.rds
simplified_A1_2009.rds
simplified_A1_2010.rds
simplified_A1_2011.rds
simplified_A1_2012.rds
simplified_A1_2013.rds
simplified_A1_2014.rds
simplified_A1_2015.rds
simplified_A1_2016.rds
simplified_A1_2017.rds
simplified_A1_2018.rds
simplified_A1_2019.rds
simplified_A1_2020.rds
simplified_A1_2021.rds
simplified_A1_2022.rds
simplified_A1_2023.rds
simplified_A1_2024.rds
Processing batch 1/12 (rows 1-1000)
  Calculated 1000 temperatures. Range: 4.15 to 59.71
Processing batch 2/12 (rows 1001-2000)
  Calculated 1000 temperatures. Range: 2.85 to 52.73
Processing batch 3/12 (rows 2001-3000)
  Calculated 1000 temperatures. Range: 1.90 to 60.00
Processing batch 4/12 (rows 3001-4000)
  Calculated 1000 temperatures. Range: 8.04 to 42.93
Processing batch 5/12 (rows 4001-5000)
  Calculated 1000 temperatures. Range: 3.79 to 51.30
Processing batch 6/12 (rows 5001-6000)
  Calculated 1000 temperatures. Range: 7.45 to 39.60
Processing batch 7/12 (rows 6001-7000)
  Calculated 1000 temperatures. Range: 3.50 to 40.01
Processing batch 8/12 (rows 7001-8000)
  Calculated 1000 temperatures. Range: 6.74 to 21.61
Processing batch 9/12 (rows 8001-9000)
  Calculated 1000 temperatures. Range: 3.90 to 22.55
Processing batch 10/12 (rows 9001-10000)
  Calculated 1000 temperatures. Range: 6.35 to 25.67
Processing batch 11/12 (rows 10001-11000)
  Calculated 1000 temperatures. Range: 5.00 to 25.81
Processing batch 12/12 (rows 11001-11035)
  Calculated 35 temperatures. Range: 11.17 to 24.16
Total observations: 11035, Unique timestamps: 2207
MR parameters: mass=0.31, elev=1740.0, b0=16.50, b1=0.85, b2=-0.47, b3=0.000108
Sample tb=290.95 K, log(mass)=-1.1712, 1/(kT)=39.872273, exponent=-3.0476, rmr=0.047475
Sample tb=287.48 K, log(mass)=-1.1712, 1/(kT)=40.353409, exponent=-3.2737, rmr=0.037867
Sample tb=296.52 K, log(mass)=-1.1712, 1/(kT)=39.124210, exponent=-2.6960, rmr=0.067477
Sample tb=304.71 K, log(mass)=-1.1712, 1/(kT)=38.071856, exponent=-2.2014, rmr=0.110653
Sample tb=285.13 K, log(mass)=-1.1712, 1/(kT)=40.686446, exponent=-3.4302, rmr=0.032380
MR results: 0 NA, 0 infinite, 0 negative, 0 zero
Energy calculations: 5609 non-zero gains, 11035 non-zero losses out of 11035 observations
Saved results to output/results/Eldo/2015/M/eb_results_MS_2015_Eldo_A1.rds

Processing: Species=MS, Year=2016, Origin=Eldo, Climate=A1, Sex=M
Looking for climate data at: /mmfs1/gscratch/biology/jmsmith/targeted_microclimate/A1/simplified_A1_2016.rds
Directory /mmfs1/gscratch/biology/jmsmith/targeted_microclimate/A1 exists. Contents:
simplified_A1_1945.rds
simplified_A1_1946.rds
simplified_A1_1947.rds
simplified_A1_1948.rds
simplified_A1_1949.rds
simplified_A1_1950.rds
simplified_A1_1951.rds
simplified_A1_1952.rds
simplified_A1_1953.rds
simplified_A1_1954.rds
simplified_A1_1955.rds
simplified_A1_1956.rds
simplified_A1_1957.rds
simplified_A1_1958.rds
simplified_A1_1959.rds
simplified_A1_1960.rds
simplified_A1_1961.rds
simplified_A1_1962.rds
simplified_A1_1963.rds
simplified_A1_1964.rds
simplified_A1_2005.rds
simplified_A1_2006.rds
simplified_A1_2007.rds
simplified_A1_2008.rds
simplified_A1_2009.rds
simplified_A1_2010.rds
simplified_A1_2011.rds
simplified_A1_2012.rds
simplified_A1_2013.rds
simplified_A1_2014.rds
simplified_A1_2015.rds
simplified_A1_2016.rds
simplified_A1_2017.rds
simplified_A1_2018.rds
simplified_A1_2019.rds
simplified_A1_2020.rds
simplified_A1_2021.rds
simplified_A1_2022.rds
simplified_A1_2023.rds
simplified_A1_2024.rds
Processing batch 1/12 (rows 1-1000)
  Calculated 1000 temperatures. Range: 3.97 to 60.00
Processing batch 2/12 (rows 1001-2000)
  Calculated 1000 temperatures. Range: 3.71 to 49.86
Processing batch 3/12 (rows 2001-3000)
  Calculated 1000 temperatures. Range: 2.47 to 57.32
Processing batch 4/12 (rows 3001-4000)
  Calculated 1000 temperatures. Range: 6.77 to 43.91
Processing batch 5/12 (rows 4001-5000)
  Calculated 1000 temperatures. Range: 4.12 to 43.85
Processing batch 6/12 (rows 5001-6000)
  Calculated 1000 temperatures. Range: 6.83 to 42.41
Processing batch 7/12 (rows 6001-7000)
  Calculated 1000 temperatures. Range: 3.92 to 39.20
Processing batch 8/12 (rows 7001-8000)
  Calculated 1000 temperatures. Range: 5.95 to 21.95
Processing batch 9/12 (rows 8001-9000)
  Calculated 1000 temperatures. Range: 3.75 to 20.91
Processing batch 10/12 (rows 9001-10000)
  Calculated 1000 temperatures. Range: 6.52 to 27.14
Processing batch 11/12 (rows 10001-11000)
  Calculated 1000 temperatures. Range: 4.85 to 26.05
Processing batch 12/12 (rows 11001-11035)
  Calculated 35 temperatures. Range: 7.40 to 19.64
Total observations: 11035, Unique timestamps: 2207
MR parameters: mass=0.31, elev=1740.0, b0=16.50, b1=0.85, b2=-0.47, b3=0.000108
Sample tb=286.43 K, log(mass)=-1.1712, 1/(kT)=40.501204, exponent=-3.3432, rmr=0.035325
Sample tb=283.64 K, log(mass)=-1.1712, 1/(kT)=40.900783, exponent=-3.5310, rmr=0.029277
Sample tb=286.26 K, log(mass)=-1.1712, 1/(kT)=40.525932, exponent=-3.3548, rmr=0.034917
Sample tb=296.82 K, log(mass)=-1.1712, 1/(kT)=39.084052, exponent=-2.6771, rmr=0.068763
Sample tb=305.20 K, log(mass)=-1.1712, 1/(kT)=38.011146, exponent=-2.1728, rmr=0.113856
MR results: 0 NA, 0 infinite, 0 negative, 0 zero
Energy calculations: 5766 non-zero gains, 11035 non-zero losses out of 11035 observations
Saved results to output/results/Eldo/2016/M/eb_results_MS_2016_Eldo_A1.rds

Processing: Species=MS, Year=2017, Origin=Eldo, Climate=A1, Sex=M
Looking for climate data at: /mmfs1/gscratch/biology/jmsmith/targeted_microclimate/A1/simplified_A1_2017.rds
Directory /mmfs1/gscratch/biology/jmsmith/targeted_microclimate/A1 exists. Contents:
simplified_A1_1945.rds
simplified_A1_1946.rds
simplified_A1_1947.rds
simplified_A1_1948.rds
simplified_A1_1949.rds
simplified_A1_1950.rds
simplified_A1_1951.rds
simplified_A1_1952.rds
simplified_A1_1953.rds
simplified_A1_1954.rds
simplified_A1_1955.rds
simplified_A1_1956.rds
simplified_A1_1957.rds
simplified_A1_1958.rds
simplified_A1_1959.rds
simplified_A1_1960.rds
simplified_A1_1961.rds
simplified_A1_1962.rds
simplified_A1_1963.rds
simplified_A1_1964.rds
simplified_A1_2005.rds
simplified_A1_2006.rds
simplified_A1_2007.rds
simplified_A1_2008.rds
simplified_A1_2009.rds
simplified_A1_2010.rds
simplified_A1_2011.rds
simplified_A1_2012.rds
simplified_A1_2013.rds
simplified_A1_2014.rds
simplified_A1_2015.rds
simplified_A1_2016.rds
simplified_A1_2017.rds
simplified_A1_2018.rds
simplified_A1_2019.rds
simplified_A1_2020.rds
simplified_A1_2021.rds
simplified_A1_2022.rds
simplified_A1_2023.rds
simplified_A1_2024.rds
Processing batch 1/12 (rows 1-1000)
  Calculated 1000 temperatures. Range: 2.61 to 58.59
Processing batch 2/12 (rows 1001-2000)
  Calculated 1000 temperatures. Range: 6.18 to 48.39
Processing batch 3/12 (rows 2001-3000)
  Calculated 1000 temperatures. Range: 5.23 to 47.53
Processing batch 4/12 (rows 3001-4000)
  Calculated 1000 temperatures. Range: 7.47 to 42.20
Processing batch 5/12 (rows 4001-5000)
  Calculated 1000 temperatures. Range: 4.36 to 40.08
Processing batch 6/12 (rows 5001-6000)
  Calculated 1000 temperatures. Range: 5.09 to 41.74
Processing batch 7/12 (rows 6001-7000)
  Calculated 1000 temperatures. Range: 3.71 to 39.43
Processing batch 8/12 (rows 7001-8000)
  Calculated 1000 temperatures. Range: 4.52 to 22.14
Processing batch 9/12 (rows 8001-9000)
  Calculated 1000 temperatures. Range: 5.82 to 20.94
Processing batch 10/12 (rows 9001-10000)
  Calculated 1000 temperatures. Range: 5.65 to 26.16
Processing batch 11/12 (rows 10001-11000)
  Calculated 1000 temperatures. Range: 7.79 to 25.54
Processing batch 12/12 (rows 11001-11035)
  Calculated 35 temperatures. Range: 8.98 to 21.94
Total observations: 11035, Unique timestamps: 2207
MR parameters: mass=0.31, elev=1740.0, b0=16.50, b1=0.85, b2=-0.47, b3=0.000108
Sample tb=283.52 K, log(mass)=-1.1712, 1/(kT)=40.917384, exponent=-3.5388, rmr=0.029049
Sample tb=301.76 K, log(mass)=-1.1712, 1/(kT)=38.443910, exponent=-2.3762, rmr=0.092901
Sample tb=291.36 K, log(mass)=-1.1712, 1/(kT)=39.816810, exponent=-3.0215, rmr=0.048729
Sample tb=297.64 K, log(mass)=-1.1712, 1/(kT)=38.976447, exponent=-2.6265, rmr=0.072330
Sample tb=277.86 K, log(mass)=-1.1712, 1/(kT)=41.750598, exponent=-3.9304, rmr=0.019636
MR results: 0 NA, 0 infinite, 0 negative, 0 zero
Energy calculations: 5636 non-zero gains, 11035 non-zero losses out of 11035 observations
Saved results to output/results/Eldo/2017/M/eb_results_MS_2017_Eldo_A1.rds

Processing: Species=MS, Year=2018, Origin=Eldo, Climate=A1, Sex=M
Looking for climate data at: /mmfs1/gscratch/biology/jmsmith/targeted_microclimate/A1/simplified_A1_2018.rds
Directory /mmfs1/gscratch/biology/jmsmith/targeted_microclimate/A1 exists. Contents:
simplified_A1_1945.rds
simplified_A1_1946.rds
simplified_A1_1947.rds
simplified_A1_1948.rds
simplified_A1_1949.rds
simplified_A1_1950.rds
simplified_A1_1951.rds
simplified_A1_1952.rds
simplified_A1_1953.rds
simplified_A1_1954.rds
simplified_A1_1955.rds
simplified_A1_1956.rds
simplified_A1_1957.rds
simplified_A1_1958.rds
simplified_A1_1959.rds
simplified_A1_1960.rds
simplified_A1_1961.rds
simplified_A1_1962.rds
simplified_A1_1963.rds
simplified_A1_1964.rds
simplified_A1_2005.rds
simplified_A1_2006.rds
simplified_A1_2007.rds
simplified_A1_2008.rds
simplified_A1_2009.rds
simplified_A1_2010.rds
simplified_A1_2011.rds
simplified_A1_2012.rds
simplified_A1_2013.rds
simplified_A1_2014.rds
simplified_A1_2015.rds
simplified_A1_2016.rds
simplified_A1_2017.rds
simplified_A1_2018.rds
simplified_A1_2019.rds
simplified_A1_2020.rds
simplified_A1_2021.rds
simplified_A1_2022.rds
simplified_A1_2023.rds
simplified_A1_2024.rds
Processing batch 1/12 (rows 1-1000)
  Calculated 1000 temperatures. Range: 1.94 to 60.00
Processing batch 2/12 (rows 1001-2000)
  Calculated 1000 temperatures. Range: 4.24 to 50.56
Processing batch 3/12 (rows 2001-3000)
  Calculated 1000 temperatures. Range: 4.02 to 49.74
Processing batch 4/12 (rows 3001-4000)
  Calculated 1000 temperatures. Range: 8.05 to 44.37
Processing batch 5/12 (rows 4001-5000)
  Calculated 1000 temperatures. Range: 3.53 to 45.37
Processing batch 6/12 (rows 5001-6000)
  Calculated 1000 temperatures. Range: 5.51 to 42.91
Processing batch 7/12 (rows 6001-7000)
  Calculated 1000 temperatures. Range: 3.19 to 35.98
Processing batch 8/12 (rows 7001-8000)
  Calculated 1000 temperatures. Range: 4.85 to 22.31
Processing batch 9/12 (rows 8001-9000)
  Calculated 1000 temperatures. Range: 4.64 to 24.30
Processing batch 10/12 (rows 9001-10000)
  Calculated 1000 temperatures. Range: 6.00 to 27.82
Processing batch 11/12 (rows 10001-11000)
  Calculated 1000 temperatures. Range: 5.88 to 26.83
Processing batch 12/12 (rows 11001-11035)
  Calculated 35 temperatures. Range: 9.64 to 23.42
Total observations: 11035, Unique timestamps: 2207
MR parameters: mass=0.31, elev=1740.0, b0=16.50, b1=0.85, b2=-0.47, b3=0.000108
Sample tb=283.31 K, log(mass)=-1.1712, 1/(kT)=40.948076, exponent=-3.5532, rmr=0.028633
Sample tb=287.05 K, log(mass)=-1.1712, 1/(kT)=40.414629, exponent=-3.3025, rmr=0.036792
Sample tb=304.18 K, log(mass)=-1.1712, 1/(kT)=38.138197, exponent=-2.2325, rmr=0.107256
Sample tb=281.27 K, log(mass)=-1.1712, 1/(kT)=41.244290, exponent=-3.6924, rmr=0.024912
Sample tb=284.03 K, log(mass)=-1.1712, 1/(kT)=40.843859, exponent=-3.5042, rmr=0.030071
MR results: 0 NA, 0 infinite, 0 negative, 0 zero
Energy calculations: 5875 non-zero gains, 11035 non-zero losses out of 11035 observations
Saved results to output/results/Eldo/2018/M/eb_results_MS_2018_Eldo_A1.rds

Processing: Species=MS, Year=2019, Origin=Eldo, Climate=A1, Sex=M
Looking for climate data at: /mmfs1/gscratch/biology/jmsmith/targeted_microclimate/A1/simplified_A1_2019.rds
Directory /mmfs1/gscratch/biology/jmsmith/targeted_microclimate/A1 exists. Contents:
simplified_A1_1945.rds
simplified_A1_1946.rds
simplified_A1_1947.rds
simplified_A1_1948.rds
simplified_A1_1949.rds
simplified_A1_1950.rds
simplified_A1_1951.rds
simplified_A1_1952.rds
simplified_A1_1953.rds
simplified_A1_1954.rds
simplified_A1_1955.rds
simplified_A1_1956.rds
simplified_A1_1957.rds
simplified_A1_1958.rds
simplified_A1_1959.rds
simplified_A1_1960.rds
simplified_A1_1961.rds
simplified_A1_1962.rds
simplified_A1_1963.rds
simplified_A1_1964.rds
simplified_A1_2005.rds
simplified_A1_2006.rds
simplified_A1_2007.rds
simplified_A1_2008.rds
simplified_A1_2009.rds
simplified_A1_2010.rds
simplified_A1_2011.rds
simplified_A1_2012.rds
simplified_A1_2013.rds
simplified_A1_2014.rds
simplified_A1_2015.rds
simplified_A1_2016.rds
simplified_A1_2017.rds
simplified_A1_2018.rds
simplified_A1_2019.rds
simplified_A1_2020.rds
simplified_A1_2021.rds
simplified_A1_2022.rds
simplified_A1_2023.rds
simplified_A1_2024.rds
Processing batch 1/12 (rows 1-1000)
  Calculated 1000 temperatures. Range: 0.71 to 50.06
Processing batch 2/12 (rows 1001-2000)
  Calculated 1000 temperatures. Range: 4.74 to 60.00
Processing batch 3/12 (rows 2001-3000)
  Calculated 1000 temperatures. Range: 1.95 to 46.15
Processing batch 4/12 (rows 3001-4000)
  Calculated 1000 temperatures. Range: 7.70 to 59.62
Processing batch 5/12 (rows 4001-5000)
  Calculated 1000 temperatures. Range: 1.93 to 49.34
Processing batch 6/12 (rows 5001-6000)
  Calculated 1000 temperatures. Range: 5.80 to 45.47
Processing batch 7/12 (rows 6001-7000)
  Calculated 1000 temperatures. Range: 1.50 to 40.12
Processing batch 8/12 (rows 7001-8000)
  Calculated 1000 temperatures. Range: 2.67 to 21.90
Processing batch 9/12 (rows 8001-9000)
  Calculated 1000 temperatures. Range: 5.53 to 21.87
Processing batch 10/12 (rows 9001-10000)
  Calculated 1000 temperatures. Range: 2.39 to 27.05
Processing batch 11/12 (rows 10001-11000)
  Calculated 1000 temperatures. Range: 7.50 to 27.66
Processing batch 12/12 (rows 11001-11035)
  Calculated 35 temperatures. Range: 9.96 to 24.10
Total observations: 11035, Unique timestamps: 2207
MR parameters: mass=0.31, elev=1740.0, b0=16.50, b1=0.85, b2=-0.47, b3=0.000108
Sample tb=282.79 K, log(mass)=-1.1712, 1/(kT)=41.023458, exponent=-3.5886, rmr=0.027637
Sample tb=282.25 K, log(mass)=-1.1712, 1/(kT)=41.101394, exponent=-3.6252, rmr=0.026643
Sample tb=284.59 K, log(mass)=-1.1712, 1/(kT)=40.763794, exponent=-3.4666, rmr=0.031224
Sample tb=283.35 K, log(mass)=-1.1712, 1/(kT)=40.941756, exponent=-3.5502, rmr=0.028719
Sample tb=284.24 K, log(mass)=-1.1712, 1/(kT)=40.814009, exponent=-3.4902, rmr=0.030496
MR results: 0 NA, 0 infinite, 0 negative, 0 zero
Energy calculations: 5657 non-zero gains, 11035 non-zero losses out of 11035 observations
Saved results to output/results/Eldo/2019/M/eb_results_MS_2019_Eldo_A1.rds

Processing: Species=MS, Year=2020, Origin=Eldo, Climate=A1, Sex=M
Looking for climate data at: /mmfs1/gscratch/biology/jmsmith/targeted_microclimate/A1/simplified_A1_2020.rds
Directory /mmfs1/gscratch/biology/jmsmith/targeted_microclimate/A1 exists. Contents:
simplified_A1_1945.rds
simplified_A1_1946.rds
simplified_A1_1947.rds
simplified_A1_1948.rds
simplified_A1_1949.rds
simplified_A1_1950.rds
simplified_A1_1951.rds
simplified_A1_1952.rds
simplified_A1_1953.rds
simplified_A1_1954.rds
simplified_A1_1955.rds
simplified_A1_1956.rds
simplified_A1_1957.rds
simplified_A1_1958.rds
simplified_A1_1959.rds
simplified_A1_1960.rds
simplified_A1_1961.rds
simplified_A1_1962.rds
simplified_A1_1963.rds
simplified_A1_1964.rds
simplified_A1_2005.rds
simplified_A1_2006.rds
simplified_A1_2007.rds
simplified_A1_2008.rds
simplified_A1_2009.rds
simplified_A1_2010.rds
simplified_A1_2011.rds
simplified_A1_2012.rds
simplified_A1_2013.rds
simplified_A1_2014.rds
simplified_A1_2015.rds
simplified_A1_2016.rds
simplified_A1_2017.rds
simplified_A1_2018.rds
simplified_A1_2019.rds
simplified_A1_2020.rds
simplified_A1_2021.rds
simplified_A1_2022.rds
simplified_A1_2023.rds
simplified_A1_2024.rds
Processing batch 1/12 (rows 1-1000)
  Calculated 1000 temperatures. Range: 1.33 to 60.00
Processing batch 2/12 (rows 1001-2000)
  Calculated 1000 temperatures. Range: 6.21 to 57.36
Processing batch 3/12 (rows 2001-3000)
  Calculated 1000 temperatures. Range: 2.42 to 46.21
Processing batch 4/12 (rows 3001-4000)
  Calculated 1000 temperatures. Range: 7.98 to 49.81
Processing batch 5/12 (rows 4001-5000)
  Calculated 1000 temperatures. Range: 2.88 to 46.69
Processing batch 6/12 (rows 5001-6000)
  Calculated 1000 temperatures. Range: 4.26 to 43.11
Processing batch 7/12 (rows 6001-7000)
  Calculated 1000 temperatures. Range: 2.43 to 42.63
Processing batch 8/12 (rows 7001-8000)
  Calculated 1000 temperatures. Range: 3.08 to 21.20
Processing batch 9/12 (rows 8001-9000)
  Calculated 1000 temperatures. Range: 3.77 to 24.33
Processing batch 10/12 (rows 9001-10000)
  Calculated 1000 temperatures. Range: 4.09 to 27.04
Processing batch 11/12 (rows 10001-11000)
  Calculated 1000 temperatures. Range: 8.44 to 26.76
Processing batch 12/12 (rows 11001-11035)
  Calculated 35 temperatures. Range: 5.20 to 23.50
Total observations: 11035, Unique timestamps: 2207
MR parameters: mass=0.31, elev=1740.0, b0=16.50, b1=0.85, b2=-0.47, b3=0.000108
Sample tb=286.04 K, log(mass)=-1.1712, 1/(kT)=40.556360, exponent=-3.3691, rmr=0.034421
Sample tb=292.16 K, log(mass)=-1.1712, 1/(kT)=39.707402, exponent=-2.9701, rmr=0.051300
Sample tb=307.31 K, log(mass)=-1.1712, 1/(kT)=37.749520, exponent=-2.0499, rmr=0.128753
Sample tb=284.02 K, log(mass)=-1.1712, 1/(kT)=40.845705, exponent=-3.5051, rmr=0.030045
Sample tb=286.48 K, log(mass)=-1.1712, 1/(kT)=40.494055, exponent=-3.3398, rmr=0.035444
MR results: 0 NA, 0 infinite, 0 negative, 0 zero
Energy calculations: 5840 non-zero gains, 11035 non-zero losses out of 11035 observations
Saved results to output/results/Eldo/2020/M/eb_results_MS_2020_Eldo_A1.rds

Processing: Species=MS, Year=2021, Origin=Eldo, Climate=A1, Sex=M
Looking for climate data at: /mmfs1/gscratch/biology/jmsmith/targeted_microclimate/A1/simplified_A1_2021.rds
Directory /mmfs1/gscratch/biology/jmsmith/targeted_microclimate/A1 exists. Contents:
simplified_A1_1945.rds
simplified_A1_1946.rds
simplified_A1_1947.rds
simplified_A1_1948.rds
simplified_A1_1949.rds
simplified_A1_1950.rds
simplified_A1_1951.rds
simplified_A1_1952.rds
simplified_A1_1953.rds
simplified_A1_1954.rds
simplified_A1_1955.rds
simplified_A1_1956.rds
simplified_A1_1957.rds
simplified_A1_1958.rds
simplified_A1_1959.rds
simplified_A1_1960.rds
simplified_A1_1961.rds
simplified_A1_1962.rds
simplified_A1_1963.rds
simplified_A1_1964.rds
simplified_A1_2005.rds
simplified_A1_2006.rds
simplified_A1_2007.rds
simplified_A1_2008.rds
simplified_A1_2009.rds
simplified_A1_2010.rds
simplified_A1_2011.rds
simplified_A1_2012.rds
simplified_A1_2013.rds
simplified_A1_2014.rds
simplified_A1_2015.rds
simplified_A1_2016.rds
simplified_A1_2017.rds
simplified_A1_2018.rds
simplified_A1_2019.rds
simplified_A1_2020.rds
simplified_A1_2021.rds
simplified_A1_2022.rds
simplified_A1_2023.rds
simplified_A1_2024.rds
Processing batch 1/12 (rows 1-1000)
  Calculated 1000 temperatures. Range: 2.05 to 56.56
Processing batch 2/12 (rows 1001-2000)
  Calculated 1000 temperatures. Range: 5.76 to 55.68
Processing batch 3/12 (rows 2001-3000)
  Calculated 1000 temperatures. Range: 2.80 to 47.38
Processing batch 4/12 (rows 3001-4000)
  Calculated 1000 temperatures. Range: 8.32 to 45.66
Processing batch 5/12 (rows 4001-5000)
  Calculated 1000 temperatures. Range: 2.78 to 41.99
Processing batch 6/12 (rows 5001-6000)
  Calculated 1000 temperatures. Range: 6.17 to 40.46
Processing batch 7/12 (rows 6001-7000)
  Calculated 1000 temperatures. Range: 2.36 to 38.18
Processing batch 8/12 (rows 7001-8000)
  Calculated 1000 temperatures. Range: 5.28 to 22.52
Processing batch 9/12 (rows 8001-9000)
  Calculated 1000 temperatures. Range: 2.97 to 23.70
Processing batch 10/12 (rows 9001-10000)
  Calculated 1000 temperatures. Range: 4.32 to 26.90
Processing batch 11/12 (rows 10001-11000)
  Calculated 1000 temperatures. Range: 7.90 to 27.25
Processing batch 12/12 (rows 11001-11035)
  Calculated 35 temperatures. Range: 8.24 to 24.62
Total observations: 11035, Unique timestamps: 2207
MR parameters: mass=0.31, elev=1740.0, b0=16.50, b1=0.85, b2=-0.47, b3=0.000108
Sample tb=286.14 K, log(mass)=-1.1712, 1/(kT)=40.543436, exponent=-3.3630, rmr=0.034631
Sample tb=278.43 K, log(mass)=-1.1712, 1/(kT)=41.664971, exponent=-3.8901, rmr=0.020443
Sample tb=295.43 K, log(mass)=-1.1712, 1/(kT)=39.268375, exponent=-2.7637, rmr=0.063057
Sample tb=288.87 K, log(mass)=-1.1712, 1/(kT)=40.160038, exponent=-3.1828, rmr=0.041469
Sample tb=283.59 K, log(mass)=-1.1712, 1/(kT)=40.906710, exponent=-3.5337, rmr=0.029196
MR results: 0 NA, 0 infinite, 0 negative, 0 zero
Energy calculations: 5968 non-zero gains, 11035 non-zero losses out of 11035 observations
Saved results to output/results/Eldo/2021/M/eb_results_MS_2021_Eldo_A1.rds

Processing: Species=MS, Year=2022, Origin=Eldo, Climate=A1, Sex=M
Looking for climate data at: /mmfs1/gscratch/biology/jmsmith/targeted_microclimate/A1/simplified_A1_2022.rds
Directory /mmfs1/gscratch/biology/jmsmith/targeted_microclimate/A1 exists. Contents:
simplified_A1_1945.rds
simplified_A1_1946.rds
simplified_A1_1947.rds
simplified_A1_1948.rds
simplified_A1_1949.rds
simplified_A1_1950.rds
simplified_A1_1951.rds
simplified_A1_1952.rds
simplified_A1_1953.rds
simplified_A1_1954.rds
simplified_A1_1955.rds
simplified_A1_1956.rds
simplified_A1_1957.rds
simplified_A1_1958.rds
simplified_A1_1959.rds
simplified_A1_1960.rds
simplified_A1_1961.rds
simplified_A1_1962.rds
simplified_A1_1963.rds
simplified_A1_1964.rds
simplified_A1_2005.rds
simplified_A1_2006.rds
simplified_A1_2007.rds
simplified_A1_2008.rds
simplified_A1_2009.rds
simplified_A1_2010.rds
simplified_A1_2011.rds
simplified_A1_2012.rds
simplified_A1_2013.rds
simplified_A1_2014.rds
simplified_A1_2015.rds
simplified_A1_2016.rds
simplified_A1_2017.rds
simplified_A1_2018.rds
simplified_A1_2019.rds
simplified_A1_2020.rds
simplified_A1_2021.rds
simplified_A1_2022.rds
simplified_A1_2023.rds
simplified_A1_2024.rds
Processing batch 1/12 (rows 1-1000)
  Calculated 1000 temperatures. Range: 1.99 to 49.86
Processing batch 2/12 (rows 1001-2000)
  Calculated 1000 temperatures. Range: 6.96 to 49.20
Processing batch 3/12 (rows 2001-3000)
  Calculated 1000 temperatures. Range: 3.11 to 46.04
Processing batch 4/12 (rows 3001-4000)
  Calculated 1000 temperatures. Range: 9.30 to 43.35
Processing batch 5/12 (rows 4001-5000)
  Calculated 1000 temperatures. Range: 2.87 to 39.94
Processing batch 6/12 (rows 5001-6000)
  Calculated 1000 temperatures. Range: 6.28 to 42.30
Processing batch 7/12 (rows 6001-7000)
  Calculated 1000 temperatures. Range: 2.62 to 38.08
Processing batch 8/12 (rows 7001-8000)
  Calculated 1000 temperatures. Range: 3.90 to 22.46
Processing batch 9/12 (rows 8001-9000)
  Calculated 1000 temperatures. Range: 3.12 to 21.72
Processing batch 10/12 (rows 9001-10000)
  Calculated 1000 temperatures. Range: 5.78 to 27.11
Processing batch 11/12 (rows 10001-11000)
  Calculated 1000 temperatures. Range: 8.79 to 26.08
Processing batch 12/12 (rows 11001-11035)
  Calculated 35 temperatures. Range: 8.87 to 24.07
Total observations: 11035, Unique timestamps: 2207
MR parameters: mass=0.31, elev=1740.0, b0=16.50, b1=0.85, b2=-0.47, b3=0.000108
Sample tb=284.70 K, log(mass)=-1.1712, 1/(kT)=40.747856, exponent=-3.4591, rmr=0.031459
Sample tb=284.52 K, log(mass)=-1.1712, 1/(kT)=40.773012, exponent=-3.4709, rmr=0.031089
Sample tb=307.36 K, log(mass)=-1.1712, 1/(kT)=37.743275, exponent=-2.0469, rmr=0.129131
Sample tb=286.98 K, log(mass)=-1.1712, 1/(kT)=40.423876, exponent=-3.3068, rmr=0.036633
Sample tb=288.89 K, log(mass)=-1.1712, 1/(kT)=40.157446, exponent=-3.1816, rmr=0.041520
MR results: 0 NA, 0 infinite, 0 negative, 0 zero
Energy calculations: 6093 non-zero gains, 11035 non-zero losses out of 11035 observations
Saved results to output/results/Eldo/2022/M/eb_results_MS_2022_Eldo_A1.rds

Processing: Species=MS, Year=2023, Origin=Eldo, Climate=A1, Sex=M
Looking for climate data at: /mmfs1/gscratch/biology/jmsmith/targeted_microclimate/A1/simplified_A1_2023.rds
Directory /mmfs1/gscratch/biology/jmsmith/targeted_microclimate/A1 exists. Contents:
simplified_A1_1945.rds
simplified_A1_1946.rds
simplified_A1_1947.rds
simplified_A1_1948.rds
simplified_A1_1949.rds
simplified_A1_1950.rds
simplified_A1_1951.rds
simplified_A1_1952.rds
simplified_A1_1953.rds
simplified_A1_1954.rds
simplified_A1_1955.rds
simplified_A1_1956.rds
simplified_A1_1957.rds
simplified_A1_1958.rds
simplified_A1_1959.rds
simplified_A1_1960.rds
simplified_A1_1961.rds
simplified_A1_1962.rds
simplified_A1_1963.rds
simplified_A1_1964.rds
simplified_A1_2005.rds
simplified_A1_2006.rds
simplified_A1_2007.rds
simplified_A1_2008.rds
simplified_A1_2009.rds
simplified_A1_2010.rds
simplified_A1_2011.rds
simplified_A1_2012.rds
simplified_A1_2013.rds
simplified_A1_2014.rds
simplified_A1_2015.rds
simplified_A1_2016.rds
simplified_A1_2017.rds
simplified_A1_2018.rds
simplified_A1_2019.rds
simplified_A1_2020.rds
simplified_A1_2021.rds
simplified_A1_2022.rds
simplified_A1_2023.rds
simplified_A1_2024.rds
Processing batch 1/12 (rows 1-1000)
  Calculated 1000 temperatures. Range: 3.32 to 45.39
Processing batch 2/12 (rows 1001-2000)
  Calculated 1000 temperatures. Range: 4.97 to 48.36
Processing batch 3/12 (rows 2001-3000)
  Calculated 1000 temperatures. Range: 5.55 to 43.94
Processing batch 4/12 (rows 3001-4000)
  Calculated 1000 temperatures. Range: 6.55 to 41.88
Processing batch 5/12 (rows 4001-5000)
  Calculated 1000 temperatures. Range: 4.97 to 39.61
Processing batch 6/12 (rows 5001-6000)
  Calculated 1000 temperatures. Range: 6.27 to 40.70
Processing batch 7/12 (rows 6001-7000)
  Calculated 1000 temperatures. Range: 4.10 to 37.39
Processing batch 8/12 (rows 7001-8000)
  Calculated 1000 temperatures. Range: 4.04 to 22.04
Processing batch 9/12 (rows 8001-9000)
  Calculated 1000 temperatures. Range: 5.91 to 21.50
Processing batch 10/12 (rows 9001-10000)
  Calculated 1000 temperatures. Range: 5.06 to 26.84
Processing batch 11/12 (rows 10001-11000)
  Calculated 1000 temperatures. Range: 7.08 to 26.73
Processing batch 12/12 (rows 11001-11035)
  Calculated 35 temperatures. Range: 10.28 to 25.25
Total observations: 11035, Unique timestamps: 2207
MR parameters: mass=0.31, elev=1740.0, b0=16.50, b1=0.85, b2=-0.47, b3=0.000108
Sample tb=282.40 K, log(mass)=-1.1712, 1/(kT)=41.080337, exponent=-3.6153, rmr=0.026908
Sample tb=307.16 K, log(mass)=-1.1712, 1/(kT)=37.767816, exponent=-2.0585, rmr=0.127651
Sample tb=294.30 K, log(mass)=-1.1712, 1/(kT)=39.419307, exponent=-2.8347, rmr=0.058738
Sample tb=301.61 K, log(mass)=-1.1712, 1/(kT)=38.463905, exponent=-2.3856, rmr=0.092032
Sample tb=283.68 K, log(mass)=-1.1712, 1/(kT)=40.894983, exponent=-3.5282, rmr=0.029357
MR results: 0 NA, 0 infinite, 0 negative, 0 zero
Energy calculations: 5479 non-zero gains, 11035 non-zero losses out of 11035 observations
Saved results to output/results/Eldo/2023/M/eb_results_MS_2023_Eldo_A1.rds

Processing: Species=MS, Year=2024, Origin=Eldo, Climate=A1, Sex=M
Looking for climate data at: /mmfs1/gscratch/biology/jmsmith/targeted_microclimate/A1/simplified_A1_2024.rds
Directory /mmfs1/gscratch/biology/jmsmith/targeted_microclimate/A1 exists. Contents:
simplified_A1_1945.rds
simplified_A1_1946.rds
simplified_A1_1947.rds
simplified_A1_1948.rds
simplified_A1_1949.rds
simplified_A1_1950.rds
simplified_A1_1951.rds
simplified_A1_1952.rds
simplified_A1_1953.rds
simplified_A1_1954.rds
simplified_A1_1955.rds
simplified_A1_1956.rds
simplified_A1_1957.rds
simplified_A1_1958.rds
simplified_A1_1959.rds
simplified_A1_1960.rds
simplified_A1_1961.rds
simplified_A1_1962.rds
simplified_A1_1963.rds
simplified_A1_1964.rds
simplified_A1_2005.rds
simplified_A1_2006.rds
simplified_A1_2007.rds
simplified_A1_2008.rds
simplified_A1_2009.rds
simplified_A1_2010.rds
simplified_A1_2011.rds
simplified_A1_2012.rds
simplified_A1_2013.rds
simplified_A1_2014.rds
simplified_A1_2015.rds
simplified_A1_2016.rds
simplified_A1_2017.rds
simplified_A1_2018.rds
simplified_A1_2019.rds
simplified_A1_2020.rds
simplified_A1_2021.rds
simplified_A1_2022.rds
simplified_A1_2023.rds
simplified_A1_2024.rds
Processing batch 1/12 (rows 1-1000)
  Calculated 1000 temperatures. Range: 2.35 to 57.12
Processing batch 2/12 (rows 1001-2000)
  Calculated 1000 temperatures. Range: 6.89 to 60.00
Processing batch 3/12 (rows 2001-3000)
  Calculated 1000 temperatures. Range: 4.61 to 42.96
Processing batch 4/12 (rows 3001-4000)
  Calculated 1000 temperatures. Range: 6.69 to 55.88
Processing batch 5/12 (rows 4001-5000)
  Calculated 1000 temperatures. Range: 4.06 to 42.90
Processing batch 6/12 (rows 5001-6000)
  Calculated 1000 temperatures. Range: 5.87 to 48.67
Processing batch 7/12 (rows 6001-7000)
  Calculated 1000 temperatures. Range: 5.19 to 41.52
Processing batch 8/12 (rows 7001-8000)
  Calculated 1000 temperatures. Range: 3.72 to 22.04
Processing batch 9/12 (rows 8001-9000)
  Calculated 1000 temperatures. Range: 6.04 to 23.71
Processing batch 10/12 (rows 9001-10000)
  Calculated 1000 temperatures. Range: 5.38 to 27.74
Processing batch 11/12 (rows 10001-11000)
  Calculated 1000 temperatures. Range: 7.91 to 26.74
Processing batch 12/12 (rows 11001-11035)
  Calculated 35 temperatures. Range: 7.62 to 23.26
Total observations: 11035, Unique timestamps: 2207
MR parameters: mass=0.31, elev=1740.0, b0=16.50, b1=0.85, b2=-0.47, b3=0.000108
Sample tb=300.19 K, log(mass)=-1.1712, 1/(kT)=38.645363, exponent=-2.4709, rmr=0.084508
Sample tb=292.09 K, log(mass)=-1.1712, 1/(kT)=39.716291, exponent=-2.9742, rmr=0.051086
Sample tb=285.85 K, log(mass)=-1.1712, 1/(kT)=40.583816, exponent=-3.3820, rmr=0.033980
Sample tb=284.80 K, log(mass)=-1.1712, 1/(kT)=40.734268, exponent=-3.4527, rmr=0.031660
Sample tb=285.09 K, log(mass)=-1.1712, 1/(kT)=40.691631, exponent=-3.4327, rmr=0.032301
MR results: 0 NA, 0 infinite, 0 negative, 0 zero
Energy calculations: 6043 non-zero gains, 11035 non-zero losses out of 11035 observations
Saved results to output/results/Eldo/2024/M/eb_results_MS_2024_Eldo_A1.rds

All years processed.
