Arguments received:
Species: MS
Years: 1945, 1946, 1947, 1948, 1949, 1950, 1951, 1952, 1953, 1954, 1955, 1956, 1957, 1958, 1959, 1960, 1961, 1962, 1963, 1964
Origin site: Eldo
Climate site: A1
Sex: F
Output directory: output/results/Eldo
Library paths:
[1] "/gscratch/biology/jmsmith/R"                          
[2] "/mmfs1/home/smithju/R/x86_64-pc-linux-gnu-library/4.4"
[3] "/usr/local/lib/R/site-library"                        
[4] "/usr/local/lib/R/library"                             
Package tidyverse loaded successfully
Package TrenchR loaded successfully
Package rTPC loaded successfully
Package lubridate loaded successfully

Processing: Species=MS, Year=1945, Origin=Eldo, Climate=A1, Sex=F
Looking for climate data at: /mmfs1/gscratch/biology/jmsmith/targeted_microclimate/A1/simplified_targeted_A1_1945.rds
Directory /mmfs1/gscratch/biology/jmsmith/targeted_microclimate/A1 exists. Contents:
simplified_A1_1945.rds
simplified_A1_1946.rds
simplified_A1_1947.rds
simplified_A1_1948.rds
simplified_A1_1949.rds
simplified_A1_1950.rds
simplified_A1_1951.rds
simplified_A1_1952.rds
simplified_A1_1953.rds
simplified_A1_1954.rds
simplified_A1_1955.rds
simplified_A1_1956.rds
simplified_A1_1957.rds
simplified_A1_1958.rds
simplified_A1_1959.rds
simplified_A1_1960.rds
simplified_A1_1961.rds
simplified_A1_1962.rds
simplified_A1_1963.rds
simplified_A1_1964.rds
simplified_A1_2005.rds
simplified_A1_2006.rds
simplified_A1_2007.rds
simplified_A1_2008.rds
simplified_A1_2009.rds
simplified_A1_2010.rds
simplified_A1_2011.rds
simplified_A1_2012.rds
simplified_A1_2013.rds
simplified_A1_2014.rds
simplified_A1_2015.rds
simplified_A1_2016.rds
simplified_A1_2017.rds
simplified_A1_2018.rds
simplified_A1_2019.rds
simplified_A1_2020.rds
simplified_A1_2021.rds
simplified_A1_2022.rds
simplified_A1_2023.rds
simplified_A1_2024.rds
simplified_targeted_A1_1945.rds
simplified_targeted_A1_1946.rds
simplified_targeted_A1_1947.rds
simplified_targeted_A1_1948.rds
simplified_targeted_A1_1949.rds
simplified_targeted_A1_1950.rds
simplified_targeted_A1_1951.rds
simplified_targeted_A1_1952.rds
simplified_targeted_A1_1953.rds
simplified_targeted_A1_1954.rds
simplified_targeted_A1_1955.rds
simplified_targeted_A1_1956.rds
simplified_targeted_A1_1957.rds
simplified_targeted_A1_1958.rds
simplified_targeted_A1_1959.rds
simplified_targeted_A1_1960.rds
simplified_targeted_A1_1961.rds
simplified_targeted_A1_1962.rds
simplified_targeted_A1_1963.rds
simplified_targeted_A1_1964.rds
simplified_targeted_A1_2005.rds
simplified_targeted_A1_2006.rds
simplified_targeted_A1_2007.rds
simplified_targeted_A1_2008.rds
simplified_targeted_A1_2009.rds
simplified_targeted_A1_2010.rds
simplified_targeted_A1_2011.rds
simplified_targeted_A1_2012.rds
simplified_targeted_A1_2013.rds
simplified_targeted_A1_2014.rds
simplified_targeted_A1_2015.rds
simplified_targeted_A1_2016.rds
simplified_targeted_A1_2017.rds
simplified_targeted_A1_2018.rds
simplified_targeted_A1_2019.rds
simplified_targeted_A1_2020.rds
simplified_targeted_A1_2021.rds
simplified_targeted_A1_2022.rds
simplified_targeted_A1_2023.rds
simplified_targeted_A1_2024.rds
Saved results to output/results/Eldo/1945/F/eb_results_MS_1945_Eldo_A1.rds

Processing: Species=MS, Year=1946, Origin=Eldo, Climate=A1, Sex=F
Looking for climate data at: /mmfs1/gscratch/biology/jmsmith/targeted_microclimate/A1/simplified_targeted_A1_1946.rds
Directory /mmfs1/gscratch/biology/jmsmith/targeted_microclimate/A1 exists. Contents:
simplified_A1_1945.rds
simplified_A1_1946.rds
simplified_A1_1947.rds
simplified_A1_1948.rds
simplified_A1_1949.rds
simplified_A1_1950.rds
simplified_A1_1951.rds
simplified_A1_1952.rds
simplified_A1_1953.rds
simplified_A1_1954.rds
simplified_A1_1955.rds
simplified_A1_1956.rds
simplified_A1_1957.rds
simplified_A1_1958.rds
simplified_A1_1959.rds
simplified_A1_1960.rds
simplified_A1_1961.rds
simplified_A1_1962.rds
simplified_A1_1963.rds
simplified_A1_1964.rds
simplified_A1_2005.rds
simplified_A1_2006.rds
simplified_A1_2007.rds
simplified_A1_2008.rds
simplified_A1_2009.rds
simplified_A1_2010.rds
simplified_A1_2011.rds
simplified_A1_2012.rds
simplified_A1_2013.rds
simplified_A1_2014.rds
simplified_A1_2015.rds
simplified_A1_2016.rds
simplified_A1_2017.rds
simplified_A1_2018.rds
simplified_A1_2019.rds
simplified_A1_2020.rds
simplified_A1_2021.rds
simplified_A1_2022.rds
simplified_A1_2023.rds
simplified_A1_2024.rds
simplified_targeted_A1_1945.rds
simplified_targeted_A1_1946.rds
simplified_targeted_A1_1947.rds
simplified_targeted_A1_1948.rds
simplified_targeted_A1_1949.rds
simplified_targeted_A1_1950.rds
simplified_targeted_A1_1951.rds
simplified_targeted_A1_1952.rds
simplified_targeted_A1_1953.rds
simplified_targeted_A1_1954.rds
simplified_targeted_A1_1955.rds
simplified_targeted_A1_1956.rds
simplified_targeted_A1_1957.rds
simplified_targeted_A1_1958.rds
simplified_targeted_A1_1959.rds
simplified_targeted_A1_1960.rds
simplified_targeted_A1_1961.rds
simplified_targeted_A1_1962.rds
simplified_targeted_A1_1963.rds
simplified_targeted_A1_1964.rds
simplified_targeted_A1_2005.rds
simplified_targeted_A1_2006.rds
simplified_targeted_A1_2007.rds
simplified_targeted_A1_2008.rds
simplified_targeted_A1_2009.rds
simplified_targeted_A1_2010.rds
simplified_targeted_A1_2011.rds
simplified_targeted_A1_2012.rds
simplified_targeted_A1_2013.rds
simplified_targeted_A1_2014.rds
simplified_targeted_A1_2015.rds
simplified_targeted_A1_2016.rds
simplified_targeted_A1_2017.rds
simplified_targeted_A1_2018.rds
simplified_targeted_A1_2019.rds
simplified_targeted_A1_2020.rds
simplified_targeted_A1_2021.rds
simplified_targeted_A1_2022.rds
simplified_targeted_A1_2023.rds
simplified_targeted_A1_2024.rds
Saved results to output/results/Eldo/1946/F/eb_results_MS_1946_Eldo_A1.rds

Processing: Species=MS, Year=1947, Origin=Eldo, Climate=A1, Sex=F
Looking for climate data at: /mmfs1/gscratch/biology/jmsmith/targeted_microclimate/A1/simplified_targeted_A1_1947.rds
Directory /mmfs1/gscratch/biology/jmsmith/targeted_microclimate/A1 exists. Contents:
simplified_A1_1945.rds
simplified_A1_1946.rds
simplified_A1_1947.rds
simplified_A1_1948.rds
simplified_A1_1949.rds
simplified_A1_1950.rds
simplified_A1_1951.rds
simplified_A1_1952.rds
simplified_A1_1953.rds
simplified_A1_1954.rds
simplified_A1_1955.rds
simplified_A1_1956.rds
simplified_A1_1957.rds
simplified_A1_1958.rds
simplified_A1_1959.rds
simplified_A1_1960.rds
simplified_A1_1961.rds
simplified_A1_1962.rds
simplified_A1_1963.rds
simplified_A1_1964.rds
simplified_A1_2005.rds
simplified_A1_2006.rds
simplified_A1_2007.rds
simplified_A1_2008.rds
simplified_A1_2009.rds
simplified_A1_2010.rds
simplified_A1_2011.rds
simplified_A1_2012.rds
simplified_A1_2013.rds
simplified_A1_2014.rds
simplified_A1_2015.rds
simplified_A1_2016.rds
simplified_A1_2017.rds
simplified_A1_2018.rds
simplified_A1_2019.rds
simplified_A1_2020.rds
simplified_A1_2021.rds
simplified_A1_2022.rds
simplified_A1_2023.rds
simplified_A1_2024.rds
simplified_targeted_A1_1945.rds
simplified_targeted_A1_1946.rds
simplified_targeted_A1_1947.rds
simplified_targeted_A1_1948.rds
simplified_targeted_A1_1949.rds
simplified_targeted_A1_1950.rds
simplified_targeted_A1_1951.rds
simplified_targeted_A1_1952.rds
simplified_targeted_A1_1953.rds
simplified_targeted_A1_1954.rds
simplified_targeted_A1_1955.rds
simplified_targeted_A1_1956.rds
simplified_targeted_A1_1957.rds
simplified_targeted_A1_1958.rds
simplified_targeted_A1_1959.rds
simplified_targeted_A1_1960.rds
simplified_targeted_A1_1961.rds
simplified_targeted_A1_1962.rds
simplified_targeted_A1_1963.rds
simplified_targeted_A1_1964.rds
simplified_targeted_A1_2005.rds
simplified_targeted_A1_2006.rds
simplified_targeted_A1_2007.rds
simplified_targeted_A1_2008.rds
simplified_targeted_A1_2009.rds
simplified_targeted_A1_2010.rds
simplified_targeted_A1_2011.rds
simplified_targeted_A1_2012.rds
simplified_targeted_A1_2013.rds
simplified_targeted_A1_2014.rds
simplified_targeted_A1_2015.rds
simplified_targeted_A1_2016.rds
simplified_targeted_A1_2017.rds
simplified_targeted_A1_2018.rds
simplified_targeted_A1_2019.rds
simplified_targeted_A1_2020.rds
simplified_targeted_A1_2021.rds
simplified_targeted_A1_2022.rds
simplified_targeted_A1_2023.rds
simplified_targeted_A1_2024.rds
Saved results to output/results/Eldo/1947/F/eb_results_MS_1947_Eldo_A1.rds

Processing: Species=MS, Year=1948, Origin=Eldo, Climate=A1, Sex=F
Looking for climate data at: /mmfs1/gscratch/biology/jmsmith/targeted_microclimate/A1/simplified_targeted_A1_1948.rds
Directory /mmfs1/gscratch/biology/jmsmith/targeted_microclimate/A1 exists. Contents:
simplified_A1_1945.rds
simplified_A1_1946.rds
simplified_A1_1947.rds
simplified_A1_1948.rds
simplified_A1_1949.rds
simplified_A1_1950.rds
simplified_A1_1951.rds
simplified_A1_1952.rds
simplified_A1_1953.rds
simplified_A1_1954.rds
simplified_A1_1955.rds
simplified_A1_1956.rds
simplified_A1_1957.rds
simplified_A1_1958.rds
simplified_A1_1959.rds
simplified_A1_1960.rds
simplified_A1_1961.rds
simplified_A1_1962.rds
simplified_A1_1963.rds
simplified_A1_1964.rds
simplified_A1_2005.rds
simplified_A1_2006.rds
simplified_A1_2007.rds
simplified_A1_2008.rds
simplified_A1_2009.rds
simplified_A1_2010.rds
simplified_A1_2011.rds
simplified_A1_2012.rds
simplified_A1_2013.rds
simplified_A1_2014.rds
simplified_A1_2015.rds
simplified_A1_2016.rds
simplified_A1_2017.rds
simplified_A1_2018.rds
simplified_A1_2019.rds
simplified_A1_2020.rds
simplified_A1_2021.rds
simplified_A1_2022.rds
simplified_A1_2023.rds
simplified_A1_2024.rds
simplified_targeted_A1_1945.rds
simplified_targeted_A1_1946.rds
simplified_targeted_A1_1947.rds
simplified_targeted_A1_1948.rds
simplified_targeted_A1_1949.rds
simplified_targeted_A1_1950.rds
simplified_targeted_A1_1951.rds
simplified_targeted_A1_1952.rds
simplified_targeted_A1_1953.rds
simplified_targeted_A1_1954.rds
simplified_targeted_A1_1955.rds
simplified_targeted_A1_1956.rds
simplified_targeted_A1_1957.rds
simplified_targeted_A1_1958.rds
simplified_targeted_A1_1959.rds
simplified_targeted_A1_1960.rds
simplified_targeted_A1_1961.rds
simplified_targeted_A1_1962.rds
simplified_targeted_A1_1963.rds
simplified_targeted_A1_1964.rds
simplified_targeted_A1_2005.rds
simplified_targeted_A1_2006.rds
simplified_targeted_A1_2007.rds
simplified_targeted_A1_2008.rds
simplified_targeted_A1_2009.rds
simplified_targeted_A1_2010.rds
simplified_targeted_A1_2011.rds
simplified_targeted_A1_2012.rds
simplified_targeted_A1_2013.rds
simplified_targeted_A1_2014.rds
simplified_targeted_A1_2015.rds
simplified_targeted_A1_2016.rds
simplified_targeted_A1_2017.rds
simplified_targeted_A1_2018.rds
simplified_targeted_A1_2019.rds
simplified_targeted_A1_2020.rds
simplified_targeted_A1_2021.rds
simplified_targeted_A1_2022.rds
simplified_targeted_A1_2023.rds
simplified_targeted_A1_2024.rds
Saved results to output/results/Eldo/1948/F/eb_results_MS_1948_Eldo_A1.rds

Processing: Species=MS, Year=1949, Origin=Eldo, Climate=A1, Sex=F
Looking for climate data at: /mmfs1/gscratch/biology/jmsmith/targeted_microclimate/A1/simplified_targeted_A1_1949.rds
Directory /mmfs1/gscratch/biology/jmsmith/targeted_microclimate/A1 exists. Contents:
simplified_A1_1945.rds
simplified_A1_1946.rds
simplified_A1_1947.rds
simplified_A1_1948.rds
simplified_A1_1949.rds
simplified_A1_1950.rds
simplified_A1_1951.rds
simplified_A1_1952.rds
simplified_A1_1953.rds
simplified_A1_1954.rds
simplified_A1_1955.rds
simplified_A1_1956.rds
simplified_A1_1957.rds
simplified_A1_1958.rds
simplified_A1_1959.rds
simplified_A1_1960.rds
simplified_A1_1961.rds
simplified_A1_1962.rds
simplified_A1_1963.rds
simplified_A1_1964.rds
simplified_A1_2005.rds
simplified_A1_2006.rds
simplified_A1_2007.rds
simplified_A1_2008.rds
simplified_A1_2009.rds
simplified_A1_2010.rds
simplified_A1_2011.rds
simplified_A1_2012.rds
simplified_A1_2013.rds
simplified_A1_2014.rds
simplified_A1_2015.rds
simplified_A1_2016.rds
simplified_A1_2017.rds
simplified_A1_2018.rds
simplified_A1_2019.rds
simplified_A1_2020.rds
simplified_A1_2021.rds
simplified_A1_2022.rds
simplified_A1_2023.rds
simplified_A1_2024.rds
simplified_targeted_A1_1945.rds
simplified_targeted_A1_1946.rds
simplified_targeted_A1_1947.rds
simplified_targeted_A1_1948.rds
simplified_targeted_A1_1949.rds
simplified_targeted_A1_1950.rds
simplified_targeted_A1_1951.rds
simplified_targeted_A1_1952.rds
simplified_targeted_A1_1953.rds
simplified_targeted_A1_1954.rds
simplified_targeted_A1_1955.rds
simplified_targeted_A1_1956.rds
simplified_targeted_A1_1957.rds
simplified_targeted_A1_1958.rds
simplified_targeted_A1_1959.rds
simplified_targeted_A1_1960.rds
simplified_targeted_A1_1961.rds
simplified_targeted_A1_1962.rds
simplified_targeted_A1_1963.rds
simplified_targeted_A1_1964.rds
simplified_targeted_A1_2005.rds
simplified_targeted_A1_2006.rds
simplified_targeted_A1_2007.rds
simplified_targeted_A1_2008.rds
simplified_targeted_A1_2009.rds
simplified_targeted_A1_2010.rds
simplified_targeted_A1_2011.rds
simplified_targeted_A1_2012.rds
simplified_targeted_A1_2013.rds
simplified_targeted_A1_2014.rds
simplified_targeted_A1_2015.rds
simplified_targeted_A1_2016.rds
simplified_targeted_A1_2017.rds
simplified_targeted_A1_2018.rds
simplified_targeted_A1_2019.rds
simplified_targeted_A1_2020.rds
simplified_targeted_A1_2021.rds
simplified_targeted_A1_2022.rds
simplified_targeted_A1_2023.rds
simplified_targeted_A1_2024.rds
Saved results to output/results/Eldo/1949/F/eb_results_MS_1949_Eldo_A1.rds

Processing: Species=MS, Year=1950, Origin=Eldo, Climate=A1, Sex=F
Looking for climate data at: /mmfs1/gscratch/biology/jmsmith/targeted_microclimate/A1/simplified_targeted_A1_1950.rds
Directory /mmfs1/gscratch/biology/jmsmith/targeted_microclimate/A1 exists. Contents:
simplified_A1_1945.rds
simplified_A1_1946.rds
simplified_A1_1947.rds
simplified_A1_1948.rds
simplified_A1_1949.rds
simplified_A1_1950.rds
simplified_A1_1951.rds
simplified_A1_1952.rds
simplified_A1_1953.rds
simplified_A1_1954.rds
simplified_A1_1955.rds
simplified_A1_1956.rds
simplified_A1_1957.rds
simplified_A1_1958.rds
simplified_A1_1959.rds
simplified_A1_1960.rds
simplified_A1_1961.rds
simplified_A1_1962.rds
simplified_A1_1963.rds
simplified_A1_1964.rds
simplified_A1_2005.rds
simplified_A1_2006.rds
simplified_A1_2007.rds
simplified_A1_2008.rds
simplified_A1_2009.rds
simplified_A1_2010.rds
simplified_A1_2011.rds
simplified_A1_2012.rds
simplified_A1_2013.rds
simplified_A1_2014.rds
simplified_A1_2015.rds
simplified_A1_2016.rds
simplified_A1_2017.rds
simplified_A1_2018.rds
simplified_A1_2019.rds
simplified_A1_2020.rds
simplified_A1_2021.rds
simplified_A1_2022.rds
simplified_A1_2023.rds
simplified_A1_2024.rds
simplified_targeted_A1_1945.rds
simplified_targeted_A1_1946.rds
simplified_targeted_A1_1947.rds
simplified_targeted_A1_1948.rds
simplified_targeted_A1_1949.rds
simplified_targeted_A1_1950.rds
simplified_targeted_A1_1951.rds
simplified_targeted_A1_1952.rds
simplified_targeted_A1_1953.rds
simplified_targeted_A1_1954.rds
simplified_targeted_A1_1955.rds
simplified_targeted_A1_1956.rds
simplified_targeted_A1_1957.rds
simplified_targeted_A1_1958.rds
simplified_targeted_A1_1959.rds
simplified_targeted_A1_1960.rds
simplified_targeted_A1_1961.rds
simplified_targeted_A1_1962.rds
simplified_targeted_A1_1963.rds
simplified_targeted_A1_1964.rds
simplified_targeted_A1_2005.rds
simplified_targeted_A1_2006.rds
simplified_targeted_A1_2007.rds
simplified_targeted_A1_2008.rds
simplified_targeted_A1_2009.rds
simplified_targeted_A1_2010.rds
simplified_targeted_A1_2011.rds
simplified_targeted_A1_2012.rds
simplified_targeted_A1_2013.rds
simplified_targeted_A1_2014.rds
simplified_targeted_A1_2015.rds
simplified_targeted_A1_2016.rds
simplified_targeted_A1_2017.rds
simplified_targeted_A1_2018.rds
simplified_targeted_A1_2019.rds
simplified_targeted_A1_2020.rds
simplified_targeted_A1_2021.rds
simplified_targeted_A1_2022.rds
simplified_targeted_A1_2023.rds
simplified_targeted_A1_2024.rds
Saved results to output/results/Eldo/1950/F/eb_results_MS_1950_Eldo_A1.rds

Processing: Species=MS, Year=1951, Origin=Eldo, Climate=A1, Sex=F
Looking for climate data at: /mmfs1/gscratch/biology/jmsmith/targeted_microclimate/A1/simplified_targeted_A1_1951.rds
Directory /mmfs1/gscratch/biology/jmsmith/targeted_microclimate/A1 exists. Contents:
simplified_A1_1945.rds
simplified_A1_1946.rds
simplified_A1_1947.rds
simplified_A1_1948.rds
simplified_A1_1949.rds
simplified_A1_1950.rds
simplified_A1_1951.rds
simplified_A1_1952.rds
simplified_A1_1953.rds
simplified_A1_1954.rds
simplified_A1_1955.rds
simplified_A1_1956.rds
simplified_A1_1957.rds
simplified_A1_1958.rds
simplified_A1_1959.rds
simplified_A1_1960.rds
simplified_A1_1961.rds
simplified_A1_1962.rds
simplified_A1_1963.rds
simplified_A1_1964.rds
simplified_A1_2005.rds
simplified_A1_2006.rds
simplified_A1_2007.rds
simplified_A1_2008.rds
simplified_A1_2009.rds
simplified_A1_2010.rds
simplified_A1_2011.rds
simplified_A1_2012.rds
simplified_A1_2013.rds
simplified_A1_2014.rds
simplified_A1_2015.rds
simplified_A1_2016.rds
simplified_A1_2017.rds
simplified_A1_2018.rds
simplified_A1_2019.rds
simplified_A1_2020.rds
simplified_A1_2021.rds
simplified_A1_2022.rds
simplified_A1_2023.rds
simplified_A1_2024.rds
simplified_targeted_A1_1945.rds
simplified_targeted_A1_1946.rds
simplified_targeted_A1_1947.rds
simplified_targeted_A1_1948.rds
simplified_targeted_A1_1949.rds
simplified_targeted_A1_1950.rds
simplified_targeted_A1_1951.rds
simplified_targeted_A1_1952.rds
simplified_targeted_A1_1953.rds
simplified_targeted_A1_1954.rds
simplified_targeted_A1_1955.rds
simplified_targeted_A1_1956.rds
simplified_targeted_A1_1957.rds
simplified_targeted_A1_1958.rds
simplified_targeted_A1_1959.rds
simplified_targeted_A1_1960.rds
simplified_targeted_A1_1961.rds
simplified_targeted_A1_1962.rds
simplified_targeted_A1_1963.rds
simplified_targeted_A1_1964.rds
simplified_targeted_A1_2005.rds
simplified_targeted_A1_2006.rds
simplified_targeted_A1_2007.rds
simplified_targeted_A1_2008.rds
simplified_targeted_A1_2009.rds
simplified_targeted_A1_2010.rds
simplified_targeted_A1_2011.rds
simplified_targeted_A1_2012.rds
simplified_targeted_A1_2013.rds
simplified_targeted_A1_2014.rds
simplified_targeted_A1_2015.rds
simplified_targeted_A1_2016.rds
simplified_targeted_A1_2017.rds
simplified_targeted_A1_2018.rds
simplified_targeted_A1_2019.rds
simplified_targeted_A1_2020.rds
simplified_targeted_A1_2021.rds
simplified_targeted_A1_2022.rds
simplified_targeted_A1_2023.rds
simplified_targeted_A1_2024.rds
Saved results to output/results/Eldo/1951/F/eb_results_MS_1951_Eldo_A1.rds

Processing: Species=MS, Year=1952, Origin=Eldo, Climate=A1, Sex=F
Looking for climate data at: /mmfs1/gscratch/biology/jmsmith/targeted_microclimate/A1/simplified_targeted_A1_1952.rds
Directory /mmfs1/gscratch/biology/jmsmith/targeted_microclimate/A1 exists. Contents:
simplified_A1_1945.rds
simplified_A1_1946.rds
simplified_A1_1947.rds
simplified_A1_1948.rds
simplified_A1_1949.rds
simplified_A1_1950.rds
simplified_A1_1951.rds
simplified_A1_1952.rds
simplified_A1_1953.rds
simplified_A1_1954.rds
simplified_A1_1955.rds
simplified_A1_1956.rds
simplified_A1_1957.rds
simplified_A1_1958.rds
simplified_A1_1959.rds
simplified_A1_1960.rds
simplified_A1_1961.rds
simplified_A1_1962.rds
simplified_A1_1963.rds
simplified_A1_1964.rds
simplified_A1_2005.rds
simplified_A1_2006.rds
simplified_A1_2007.rds
simplified_A1_2008.rds
simplified_A1_2009.rds
simplified_A1_2010.rds
simplified_A1_2011.rds
simplified_A1_2012.rds
simplified_A1_2013.rds
simplified_A1_2014.rds
simplified_A1_2015.rds
simplified_A1_2016.rds
simplified_A1_2017.rds
simplified_A1_2018.rds
simplified_A1_2019.rds
simplified_A1_2020.rds
simplified_A1_2021.rds
simplified_A1_2022.rds
simplified_A1_2023.rds
simplified_A1_2024.rds
simplified_targeted_A1_1945.rds
simplified_targeted_A1_1946.rds
simplified_targeted_A1_1947.rds
simplified_targeted_A1_1948.rds
simplified_targeted_A1_1949.rds
simplified_targeted_A1_1950.rds
simplified_targeted_A1_1951.rds
simplified_targeted_A1_1952.rds
simplified_targeted_A1_1953.rds
simplified_targeted_A1_1954.rds
simplified_targeted_A1_1955.rds
simplified_targeted_A1_1956.rds
simplified_targeted_A1_1957.rds
simplified_targeted_A1_1958.rds
simplified_targeted_A1_1959.rds
simplified_targeted_A1_1960.rds
simplified_targeted_A1_1961.rds
simplified_targeted_A1_1962.rds
simplified_targeted_A1_1963.rds
simplified_targeted_A1_1964.rds
simplified_targeted_A1_2005.rds
simplified_targeted_A1_2006.rds
simplified_targeted_A1_2007.rds
simplified_targeted_A1_2008.rds
simplified_targeted_A1_2009.rds
simplified_targeted_A1_2010.rds
simplified_targeted_A1_2011.rds
simplified_targeted_A1_2012.rds
simplified_targeted_A1_2013.rds
simplified_targeted_A1_2014.rds
simplified_targeted_A1_2015.rds
simplified_targeted_A1_2016.rds
simplified_targeted_A1_2017.rds
simplified_targeted_A1_2018.rds
simplified_targeted_A1_2019.rds
simplified_targeted_A1_2020.rds
simplified_targeted_A1_2021.rds
simplified_targeted_A1_2022.rds
simplified_targeted_A1_2023.rds
simplified_targeted_A1_2024.rds
Saved results to output/results/Eldo/1952/F/eb_results_MS_1952_Eldo_A1.rds

Processing: Species=MS, Year=1953, Origin=Eldo, Climate=A1, Sex=F
Looking for climate data at: /mmfs1/gscratch/biology/jmsmith/targeted_microclimate/A1/simplified_targeted_A1_1953.rds
Directory /mmfs1/gscratch/biology/jmsmith/targeted_microclimate/A1 exists. Contents:
simplified_A1_1945.rds
simplified_A1_1946.rds
simplified_A1_1947.rds
simplified_A1_1948.rds
simplified_A1_1949.rds
simplified_A1_1950.rds
simplified_A1_1951.rds
simplified_A1_1952.rds
simplified_A1_1953.rds
simplified_A1_1954.rds
simplified_A1_1955.rds
simplified_A1_1956.rds
simplified_A1_1957.rds
simplified_A1_1958.rds
simplified_A1_1959.rds
simplified_A1_1960.rds
simplified_A1_1961.rds
simplified_A1_1962.rds
simplified_A1_1963.rds
simplified_A1_1964.rds
simplified_A1_2005.rds
simplified_A1_2006.rds
simplified_A1_2007.rds
simplified_A1_2008.rds
simplified_A1_2009.rds
simplified_A1_2010.rds
simplified_A1_2011.rds
simplified_A1_2012.rds
simplified_A1_2013.rds
simplified_A1_2014.rds
simplified_A1_2015.rds
simplified_A1_2016.rds
simplified_A1_2017.rds
simplified_A1_2018.rds
simplified_A1_2019.rds
simplified_A1_2020.rds
simplified_A1_2021.rds
simplified_A1_2022.rds
simplified_A1_2023.rds
simplified_A1_2024.rds
simplified_targeted_A1_1945.rds
simplified_targeted_A1_1946.rds
simplified_targeted_A1_1947.rds
simplified_targeted_A1_1948.rds
simplified_targeted_A1_1949.rds
simplified_targeted_A1_1950.rds
simplified_targeted_A1_1951.rds
simplified_targeted_A1_1952.rds
simplified_targeted_A1_1953.rds
simplified_targeted_A1_1954.rds
simplified_targeted_A1_1955.rds
simplified_targeted_A1_1956.rds
simplified_targeted_A1_1957.rds
simplified_targeted_A1_1958.rds
simplified_targeted_A1_1959.rds
simplified_targeted_A1_1960.rds
simplified_targeted_A1_1961.rds
simplified_targeted_A1_1962.rds
simplified_targeted_A1_1963.rds
simplified_targeted_A1_1964.rds
simplified_targeted_A1_2005.rds
simplified_targeted_A1_2006.rds
simplified_targeted_A1_2007.rds
simplified_targeted_A1_2008.rds
simplified_targeted_A1_2009.rds
simplified_targeted_A1_2010.rds
simplified_targeted_A1_2011.rds
simplified_targeted_A1_2012.rds
simplified_targeted_A1_2013.rds
simplified_targeted_A1_2014.rds
simplified_targeted_A1_2015.rds
simplified_targeted_A1_2016.rds
simplified_targeted_A1_2017.rds
simplified_targeted_A1_2018.rds
simplified_targeted_A1_2019.rds
simplified_targeted_A1_2020.rds
simplified_targeted_A1_2021.rds
simplified_targeted_A1_2022.rds
simplified_targeted_A1_2023.rds
simplified_targeted_A1_2024.rds
Saved results to output/results/Eldo/1953/F/eb_results_MS_1953_Eldo_A1.rds

Processing: Species=MS, Year=1954, Origin=Eldo, Climate=A1, Sex=F
Looking for climate data at: /mmfs1/gscratch/biology/jmsmith/targeted_microclimate/A1/simplified_targeted_A1_1954.rds
Directory /mmfs1/gscratch/biology/jmsmith/targeted_microclimate/A1 exists. Contents:
simplified_A1_1945.rds
simplified_A1_1946.rds
simplified_A1_1947.rds
simplified_A1_1948.rds
simplified_A1_1949.rds
simplified_A1_1950.rds
simplified_A1_1951.rds
simplified_A1_1952.rds
simplified_A1_1953.rds
simplified_A1_1954.rds
simplified_A1_1955.rds
simplified_A1_1956.rds
simplified_A1_1957.rds
simplified_A1_1958.rds
simplified_A1_1959.rds
simplified_A1_1960.rds
simplified_A1_1961.rds
simplified_A1_1962.rds
simplified_A1_1963.rds
simplified_A1_1964.rds
simplified_A1_2005.rds
simplified_A1_2006.rds
simplified_A1_2007.rds
simplified_A1_2008.rds
simplified_A1_2009.rds
simplified_A1_2010.rds
simplified_A1_2011.rds
simplified_A1_2012.rds
simplified_A1_2013.rds
simplified_A1_2014.rds
simplified_A1_2015.rds
simplified_A1_2016.rds
simplified_A1_2017.rds
simplified_A1_2018.rds
simplified_A1_2019.rds
simplified_A1_2020.rds
simplified_A1_2021.rds
simplified_A1_2022.rds
simplified_A1_2023.rds
simplified_A1_2024.rds
simplified_targeted_A1_1945.rds
simplified_targeted_A1_1946.rds
simplified_targeted_A1_1947.rds
simplified_targeted_A1_1948.rds
simplified_targeted_A1_1949.rds
simplified_targeted_A1_1950.rds
simplified_targeted_A1_1951.rds
simplified_targeted_A1_1952.rds
simplified_targeted_A1_1953.rds
simplified_targeted_A1_1954.rds
simplified_targeted_A1_1955.rds
simplified_targeted_A1_1956.rds
simplified_targeted_A1_1957.rds
simplified_targeted_A1_1958.rds
simplified_targeted_A1_1959.rds
simplified_targeted_A1_1960.rds
simplified_targeted_A1_1961.rds
simplified_targeted_A1_1962.rds
simplified_targeted_A1_1963.rds
simplified_targeted_A1_1964.rds
simplified_targeted_A1_2005.rds
simplified_targeted_A1_2006.rds
simplified_targeted_A1_2007.rds
simplified_targeted_A1_2008.rds
simplified_targeted_A1_2009.rds
simplified_targeted_A1_2010.rds
simplified_targeted_A1_2011.rds
simplified_targeted_A1_2012.rds
simplified_targeted_A1_2013.rds
simplified_targeted_A1_2014.rds
simplified_targeted_A1_2015.rds
simplified_targeted_A1_2016.rds
simplified_targeted_A1_2017.rds
simplified_targeted_A1_2018.rds
simplified_targeted_A1_2019.rds
simplified_targeted_A1_2020.rds
simplified_targeted_A1_2021.rds
simplified_targeted_A1_2022.rds
simplified_targeted_A1_2023.rds
simplified_targeted_A1_2024.rds
Saved results to output/results/Eldo/1954/F/eb_results_MS_1954_Eldo_A1.rds

Processing: Species=MS, Year=1955, Origin=Eldo, Climate=A1, Sex=F
Looking for climate data at: /mmfs1/gscratch/biology/jmsmith/targeted_microclimate/A1/simplified_targeted_A1_1955.rds
Directory /mmfs1/gscratch/biology/jmsmith/targeted_microclimate/A1 exists. Contents:
simplified_A1_1945.rds
simplified_A1_1946.rds
simplified_A1_1947.rds
simplified_A1_1948.rds
simplified_A1_1949.rds
simplified_A1_1950.rds
simplified_A1_1951.rds
simplified_A1_1952.rds
simplified_A1_1953.rds
simplified_A1_1954.rds
simplified_A1_1955.rds
simplified_A1_1956.rds
simplified_A1_1957.rds
simplified_A1_1958.rds
simplified_A1_1959.rds
simplified_A1_1960.rds
simplified_A1_1961.rds
simplified_A1_1962.rds
simplified_A1_1963.rds
simplified_A1_1964.rds
simplified_A1_2005.rds
simplified_A1_2006.rds
simplified_A1_2007.rds
simplified_A1_2008.rds
simplified_A1_2009.rds
simplified_A1_2010.rds
simplified_A1_2011.rds
simplified_A1_2012.rds
simplified_A1_2013.rds
simplified_A1_2014.rds
simplified_A1_2015.rds
simplified_A1_2016.rds
simplified_A1_2017.rds
simplified_A1_2018.rds
simplified_A1_2019.rds
simplified_A1_2020.rds
simplified_A1_2021.rds
simplified_A1_2022.rds
simplified_A1_2023.rds
simplified_A1_2024.rds
simplified_targeted_A1_1945.rds
simplified_targeted_A1_1946.rds
simplified_targeted_A1_1947.rds
simplified_targeted_A1_1948.rds
simplified_targeted_A1_1949.rds
simplified_targeted_A1_1950.rds
simplified_targeted_A1_1951.rds
simplified_targeted_A1_1952.rds
simplified_targeted_A1_1953.rds
simplified_targeted_A1_1954.rds
simplified_targeted_A1_1955.rds
simplified_targeted_A1_1956.rds
simplified_targeted_A1_1957.rds
simplified_targeted_A1_1958.rds
simplified_targeted_A1_1959.rds
simplified_targeted_A1_1960.rds
simplified_targeted_A1_1961.rds
simplified_targeted_A1_1962.rds
simplified_targeted_A1_1963.rds
simplified_targeted_A1_1964.rds
simplified_targeted_A1_2005.rds
simplified_targeted_A1_2006.rds
simplified_targeted_A1_2007.rds
simplified_targeted_A1_2008.rds
simplified_targeted_A1_2009.rds
simplified_targeted_A1_2010.rds
simplified_targeted_A1_2011.rds
simplified_targeted_A1_2012.rds
simplified_targeted_A1_2013.rds
simplified_targeted_A1_2014.rds
simplified_targeted_A1_2015.rds
simplified_targeted_A1_2016.rds
simplified_targeted_A1_2017.rds
simplified_targeted_A1_2018.rds
simplified_targeted_A1_2019.rds
simplified_targeted_A1_2020.rds
simplified_targeted_A1_2021.rds
simplified_targeted_A1_2022.rds
simplified_targeted_A1_2023.rds
simplified_targeted_A1_2024.rds
Saved results to output/results/Eldo/1955/F/eb_results_MS_1955_Eldo_A1.rds

Processing: Species=MS, Year=1956, Origin=Eldo, Climate=A1, Sex=F
Looking for climate data at: /mmfs1/gscratch/biology/jmsmith/targeted_microclimate/A1/simplified_targeted_A1_1956.rds
Directory /mmfs1/gscratch/biology/jmsmith/targeted_microclimate/A1 exists. Contents:
simplified_A1_1945.rds
simplified_A1_1946.rds
simplified_A1_1947.rds
simplified_A1_1948.rds
simplified_A1_1949.rds
simplified_A1_1950.rds
simplified_A1_1951.rds
simplified_A1_1952.rds
simplified_A1_1953.rds
simplified_A1_1954.rds
simplified_A1_1955.rds
simplified_A1_1956.rds
simplified_A1_1957.rds
simplified_A1_1958.rds
simplified_A1_1959.rds
simplified_A1_1960.rds
simplified_A1_1961.rds
simplified_A1_1962.rds
simplified_A1_1963.rds
simplified_A1_1964.rds
simplified_A1_2005.rds
simplified_A1_2006.rds
simplified_A1_2007.rds
simplified_A1_2008.rds
simplified_A1_2009.rds
simplified_A1_2010.rds
simplified_A1_2011.rds
simplified_A1_2012.rds
simplified_A1_2013.rds
simplified_A1_2014.rds
simplified_A1_2015.rds
simplified_A1_2016.rds
simplified_A1_2017.rds
simplified_A1_2018.rds
simplified_A1_2019.rds
simplified_A1_2020.rds
simplified_A1_2021.rds
simplified_A1_2022.rds
simplified_A1_2023.rds
simplified_A1_2024.rds
simplified_targeted_A1_1945.rds
simplified_targeted_A1_1946.rds
simplified_targeted_A1_1947.rds
simplified_targeted_A1_1948.rds
simplified_targeted_A1_1949.rds
simplified_targeted_A1_1950.rds
simplified_targeted_A1_1951.rds
simplified_targeted_A1_1952.rds
simplified_targeted_A1_1953.rds
simplified_targeted_A1_1954.rds
simplified_targeted_A1_1955.rds
simplified_targeted_A1_1956.rds
simplified_targeted_A1_1957.rds
simplified_targeted_A1_1958.rds
simplified_targeted_A1_1959.rds
simplified_targeted_A1_1960.rds
simplified_targeted_A1_1961.rds
simplified_targeted_A1_1962.rds
simplified_targeted_A1_1963.rds
simplified_targeted_A1_1964.rds
simplified_targeted_A1_2005.rds
simplified_targeted_A1_2006.rds
simplified_targeted_A1_2007.rds
simplified_targeted_A1_2008.rds
simplified_targeted_A1_2009.rds
simplified_targeted_A1_2010.rds
simplified_targeted_A1_2011.rds
simplified_targeted_A1_2012.rds
simplified_targeted_A1_2013.rds
simplified_targeted_A1_2014.rds
simplified_targeted_A1_2015.rds
simplified_targeted_A1_2016.rds
simplified_targeted_A1_2017.rds
simplified_targeted_A1_2018.rds
simplified_targeted_A1_2019.rds
simplified_targeted_A1_2020.rds
simplified_targeted_A1_2021.rds
simplified_targeted_A1_2022.rds
simplified_targeted_A1_2023.rds
simplified_targeted_A1_2024.rds
Saved results to output/results/Eldo/1956/F/eb_results_MS_1956_Eldo_A1.rds

Processing: Species=MS, Year=1957, Origin=Eldo, Climate=A1, Sex=F
Looking for climate data at: /mmfs1/gscratch/biology/jmsmith/targeted_microclimate/A1/simplified_targeted_A1_1957.rds
Directory /mmfs1/gscratch/biology/jmsmith/targeted_microclimate/A1 exists. Contents:
simplified_A1_1945.rds
simplified_A1_1946.rds
simplified_A1_1947.rds
simplified_A1_1948.rds
simplified_A1_1949.rds
simplified_A1_1950.rds
simplified_A1_1951.rds
simplified_A1_1952.rds
simplified_A1_1953.rds
simplified_A1_1954.rds
simplified_A1_1955.rds
simplified_A1_1956.rds
simplified_A1_1957.rds
simplified_A1_1958.rds
simplified_A1_1959.rds
simplified_A1_1960.rds
simplified_A1_1961.rds
simplified_A1_1962.rds
simplified_A1_1963.rds
simplified_A1_1964.rds
simplified_A1_2005.rds
simplified_A1_2006.rds
simplified_A1_2007.rds
simplified_A1_2008.rds
simplified_A1_2009.rds
simplified_A1_2010.rds
simplified_A1_2011.rds
simplified_A1_2012.rds
simplified_A1_2013.rds
simplified_A1_2014.rds
simplified_A1_2015.rds
simplified_A1_2016.rds
simplified_A1_2017.rds
simplified_A1_2018.rds
simplified_A1_2019.rds
simplified_A1_2020.rds
simplified_A1_2021.rds
simplified_A1_2022.rds
simplified_A1_2023.rds
simplified_A1_2024.rds
simplified_targeted_A1_1945.rds
simplified_targeted_A1_1946.rds
simplified_targeted_A1_1947.rds
simplified_targeted_A1_1948.rds
simplified_targeted_A1_1949.rds
simplified_targeted_A1_1950.rds
simplified_targeted_A1_1951.rds
simplified_targeted_A1_1952.rds
simplified_targeted_A1_1953.rds
simplified_targeted_A1_1954.rds
simplified_targeted_A1_1955.rds
simplified_targeted_A1_1956.rds
simplified_targeted_A1_1957.rds
simplified_targeted_A1_1958.rds
simplified_targeted_A1_1959.rds
simplified_targeted_A1_1960.rds
simplified_targeted_A1_1961.rds
simplified_targeted_A1_1962.rds
simplified_targeted_A1_1963.rds
simplified_targeted_A1_1964.rds
simplified_targeted_A1_2005.rds
simplified_targeted_A1_2006.rds
simplified_targeted_A1_2007.rds
simplified_targeted_A1_2008.rds
simplified_targeted_A1_2009.rds
simplified_targeted_A1_2010.rds
simplified_targeted_A1_2011.rds
simplified_targeted_A1_2012.rds
simplified_targeted_A1_2013.rds
simplified_targeted_A1_2014.rds
simplified_targeted_A1_2015.rds
simplified_targeted_A1_2016.rds
simplified_targeted_A1_2017.rds
simplified_targeted_A1_2018.rds
simplified_targeted_A1_2019.rds
simplified_targeted_A1_2020.rds
simplified_targeted_A1_2021.rds
simplified_targeted_A1_2022.rds
simplified_targeted_A1_2023.rds
simplified_targeted_A1_2024.rds
Saved results to output/results/Eldo/1957/F/eb_results_MS_1957_Eldo_A1.rds

Processing: Species=MS, Year=1958, Origin=Eldo, Climate=A1, Sex=F
Looking for climate data at: /mmfs1/gscratch/biology/jmsmith/targeted_microclimate/A1/simplified_targeted_A1_1958.rds
Directory /mmfs1/gscratch/biology/jmsmith/targeted_microclimate/A1 exists. Contents:
simplified_A1_1945.rds
simplified_A1_1946.rds
simplified_A1_1947.rds
simplified_A1_1948.rds
simplified_A1_1949.rds
simplified_A1_1950.rds
simplified_A1_1951.rds
simplified_A1_1952.rds
simplified_A1_1953.rds
simplified_A1_1954.rds
simplified_A1_1955.rds
simplified_A1_1956.rds
simplified_A1_1957.rds
simplified_A1_1958.rds
simplified_A1_1959.rds
simplified_A1_1960.rds
simplified_A1_1961.rds
simplified_A1_1962.rds
simplified_A1_1963.rds
simplified_A1_1964.rds
simplified_A1_2005.rds
simplified_A1_2006.rds
simplified_A1_2007.rds
simplified_A1_2008.rds
simplified_A1_2009.rds
simplified_A1_2010.rds
simplified_A1_2011.rds
simplified_A1_2012.rds
simplified_A1_2013.rds
simplified_A1_2014.rds
simplified_A1_2015.rds
simplified_A1_2016.rds
simplified_A1_2017.rds
simplified_A1_2018.rds
simplified_A1_2019.rds
simplified_A1_2020.rds
simplified_A1_2021.rds
simplified_A1_2022.rds
simplified_A1_2023.rds
simplified_A1_2024.rds
simplified_targeted_A1_1945.rds
simplified_targeted_A1_1946.rds
simplified_targeted_A1_1947.rds
simplified_targeted_A1_1948.rds
simplified_targeted_A1_1949.rds
simplified_targeted_A1_1950.rds
simplified_targeted_A1_1951.rds
simplified_targeted_A1_1952.rds
simplified_targeted_A1_1953.rds
simplified_targeted_A1_1954.rds
simplified_targeted_A1_1955.rds
simplified_targeted_A1_1956.rds
simplified_targeted_A1_1957.rds
simplified_targeted_A1_1958.rds
simplified_targeted_A1_1959.rds
simplified_targeted_A1_1960.rds
simplified_targeted_A1_1961.rds
simplified_targeted_A1_1962.rds
simplified_targeted_A1_1963.rds
simplified_targeted_A1_1964.rds
simplified_targeted_A1_2005.rds
simplified_targeted_A1_2006.rds
simplified_targeted_A1_2007.rds
simplified_targeted_A1_2008.rds
simplified_targeted_A1_2009.rds
simplified_targeted_A1_2010.rds
simplified_targeted_A1_2011.rds
simplified_targeted_A1_2012.rds
simplified_targeted_A1_2013.rds
simplified_targeted_A1_2014.rds
simplified_targeted_A1_2015.rds
simplified_targeted_A1_2016.rds
simplified_targeted_A1_2017.rds
simplified_targeted_A1_2018.rds
simplified_targeted_A1_2019.rds
simplified_targeted_A1_2020.rds
simplified_targeted_A1_2021.rds
simplified_targeted_A1_2022.rds
simplified_targeted_A1_2023.rds
simplified_targeted_A1_2024.rds
Saved results to output/results/Eldo/1958/F/eb_results_MS_1958_Eldo_A1.rds

Processing: Species=MS, Year=1959, Origin=Eldo, Climate=A1, Sex=F
Looking for climate data at: /mmfs1/gscratch/biology/jmsmith/targeted_microclimate/A1/simplified_targeted_A1_1959.rds
Directory /mmfs1/gscratch/biology/jmsmith/targeted_microclimate/A1 exists. Contents:
simplified_A1_1945.rds
simplified_A1_1946.rds
simplified_A1_1947.rds
simplified_A1_1948.rds
simplified_A1_1949.rds
simplified_A1_1950.rds
simplified_A1_1951.rds
simplified_A1_1952.rds
simplified_A1_1953.rds
simplified_A1_1954.rds
simplified_A1_1955.rds
simplified_A1_1956.rds
simplified_A1_1957.rds
simplified_A1_1958.rds
simplified_A1_1959.rds
simplified_A1_1960.rds
simplified_A1_1961.rds
simplified_A1_1962.rds
simplified_A1_1963.rds
simplified_A1_1964.rds
simplified_A1_2005.rds
simplified_A1_2006.rds
simplified_A1_2007.rds
simplified_A1_2008.rds
simplified_A1_2009.rds
simplified_A1_2010.rds
simplified_A1_2011.rds
simplified_A1_2012.rds
simplified_A1_2013.rds
simplified_A1_2014.rds
simplified_A1_2015.rds
simplified_A1_2016.rds
simplified_A1_2017.rds
simplified_A1_2018.rds
simplified_A1_2019.rds
simplified_A1_2020.rds
simplified_A1_2021.rds
simplified_A1_2022.rds
simplified_A1_2023.rds
simplified_A1_2024.rds
simplified_targeted_A1_1945.rds
simplified_targeted_A1_1946.rds
simplified_targeted_A1_1947.rds
simplified_targeted_A1_1948.rds
simplified_targeted_A1_1949.rds
simplified_targeted_A1_1950.rds
simplified_targeted_A1_1951.rds
simplified_targeted_A1_1952.rds
simplified_targeted_A1_1953.rds
simplified_targeted_A1_1954.rds
simplified_targeted_A1_1955.rds
simplified_targeted_A1_1956.rds
simplified_targeted_A1_1957.rds
simplified_targeted_A1_1958.rds
simplified_targeted_A1_1959.rds
simplified_targeted_A1_1960.rds
simplified_targeted_A1_1961.rds
simplified_targeted_A1_1962.rds
simplified_targeted_A1_1963.rds
simplified_targeted_A1_1964.rds
simplified_targeted_A1_2005.rds
simplified_targeted_A1_2006.rds
simplified_targeted_A1_2007.rds
simplified_targeted_A1_2008.rds
simplified_targeted_A1_2009.rds
simplified_targeted_A1_2010.rds
simplified_targeted_A1_2011.rds
simplified_targeted_A1_2012.rds
simplified_targeted_A1_2013.rds
simplified_targeted_A1_2014.rds
simplified_targeted_A1_2015.rds
simplified_targeted_A1_2016.rds
simplified_targeted_A1_2017.rds
simplified_targeted_A1_2018.rds
simplified_targeted_A1_2019.rds
simplified_targeted_A1_2020.rds
simplified_targeted_A1_2021.rds
simplified_targeted_A1_2022.rds
simplified_targeted_A1_2023.rds
simplified_targeted_A1_2024.rds
Saved results to output/results/Eldo/1959/F/eb_results_MS_1959_Eldo_A1.rds

Processing: Species=MS, Year=1960, Origin=Eldo, Climate=A1, Sex=F
Looking for climate data at: /mmfs1/gscratch/biology/jmsmith/targeted_microclimate/A1/simplified_targeted_A1_1960.rds
Directory /mmfs1/gscratch/biology/jmsmith/targeted_microclimate/A1 exists. Contents:
simplified_A1_1945.rds
simplified_A1_1946.rds
simplified_A1_1947.rds
simplified_A1_1948.rds
simplified_A1_1949.rds
simplified_A1_1950.rds
simplified_A1_1951.rds
simplified_A1_1952.rds
simplified_A1_1953.rds
simplified_A1_1954.rds
simplified_A1_1955.rds
simplified_A1_1956.rds
simplified_A1_1957.rds
simplified_A1_1958.rds
simplified_A1_1959.rds
simplified_A1_1960.rds
simplified_A1_1961.rds
simplified_A1_1962.rds
simplified_A1_1963.rds
simplified_A1_1964.rds
simplified_A1_2005.rds
simplified_A1_2006.rds
simplified_A1_2007.rds
simplified_A1_2008.rds
simplified_A1_2009.rds
simplified_A1_2010.rds
simplified_A1_2011.rds
simplified_A1_2012.rds
simplified_A1_2013.rds
simplified_A1_2014.rds
simplified_A1_2015.rds
simplified_A1_2016.rds
simplified_A1_2017.rds
simplified_A1_2018.rds
simplified_A1_2019.rds
simplified_A1_2020.rds
simplified_A1_2021.rds
simplified_A1_2022.rds
simplified_A1_2023.rds
simplified_A1_2024.rds
simplified_targeted_A1_1945.rds
simplified_targeted_A1_1946.rds
simplified_targeted_A1_1947.rds
simplified_targeted_A1_1948.rds
simplified_targeted_A1_1949.rds
simplified_targeted_A1_1950.rds
simplified_targeted_A1_1951.rds
simplified_targeted_A1_1952.rds
simplified_targeted_A1_1953.rds
simplified_targeted_A1_1954.rds
simplified_targeted_A1_1955.rds
simplified_targeted_A1_1956.rds
simplified_targeted_A1_1957.rds
simplified_targeted_A1_1958.rds
simplified_targeted_A1_1959.rds
simplified_targeted_A1_1960.rds
simplified_targeted_A1_1961.rds
simplified_targeted_A1_1962.rds
simplified_targeted_A1_1963.rds
simplified_targeted_A1_1964.rds
simplified_targeted_A1_2005.rds
simplified_targeted_A1_2006.rds
simplified_targeted_A1_2007.rds
simplified_targeted_A1_2008.rds
simplified_targeted_A1_2009.rds
simplified_targeted_A1_2010.rds
simplified_targeted_A1_2011.rds
simplified_targeted_A1_2012.rds
simplified_targeted_A1_2013.rds
simplified_targeted_A1_2014.rds
simplified_targeted_A1_2015.rds
simplified_targeted_A1_2016.rds
simplified_targeted_A1_2017.rds
simplified_targeted_A1_2018.rds
simplified_targeted_A1_2019.rds
simplified_targeted_A1_2020.rds
simplified_targeted_A1_2021.rds
simplified_targeted_A1_2022.rds
simplified_targeted_A1_2023.rds
simplified_targeted_A1_2024.rds
Saved results to output/results/Eldo/1960/F/eb_results_MS_1960_Eldo_A1.rds

Processing: Species=MS, Year=1961, Origin=Eldo, Climate=A1, Sex=F
Looking for climate data at: /mmfs1/gscratch/biology/jmsmith/targeted_microclimate/A1/simplified_targeted_A1_1961.rds
Directory /mmfs1/gscratch/biology/jmsmith/targeted_microclimate/A1 exists. Contents:
simplified_A1_1945.rds
simplified_A1_1946.rds
simplified_A1_1947.rds
simplified_A1_1948.rds
simplified_A1_1949.rds
simplified_A1_1950.rds
simplified_A1_1951.rds
simplified_A1_1952.rds
simplified_A1_1953.rds
simplified_A1_1954.rds
simplified_A1_1955.rds
simplified_A1_1956.rds
simplified_A1_1957.rds
simplified_A1_1958.rds
simplified_A1_1959.rds
simplified_A1_1960.rds
simplified_A1_1961.rds
simplified_A1_1962.rds
simplified_A1_1963.rds
simplified_A1_1964.rds
simplified_A1_2005.rds
simplified_A1_2006.rds
simplified_A1_2007.rds
simplified_A1_2008.rds
simplified_A1_2009.rds
simplified_A1_2010.rds
simplified_A1_2011.rds
simplified_A1_2012.rds
simplified_A1_2013.rds
simplified_A1_2014.rds
simplified_A1_2015.rds
simplified_A1_2016.rds
simplified_A1_2017.rds
simplified_A1_2018.rds
simplified_A1_2019.rds
simplified_A1_2020.rds
simplified_A1_2021.rds
simplified_A1_2022.rds
simplified_A1_2023.rds
simplified_A1_2024.rds
simplified_targeted_A1_1945.rds
simplified_targeted_A1_1946.rds
simplified_targeted_A1_1947.rds
simplified_targeted_A1_1948.rds
simplified_targeted_A1_1949.rds
simplified_targeted_A1_1950.rds
simplified_targeted_A1_1951.rds
simplified_targeted_A1_1952.rds
simplified_targeted_A1_1953.rds
simplified_targeted_A1_1954.rds
simplified_targeted_A1_1955.rds
simplified_targeted_A1_1956.rds
simplified_targeted_A1_1957.rds
simplified_targeted_A1_1958.rds
simplified_targeted_A1_1959.rds
simplified_targeted_A1_1960.rds
simplified_targeted_A1_1961.rds
simplified_targeted_A1_1962.rds
simplified_targeted_A1_1963.rds
simplified_targeted_A1_1964.rds
simplified_targeted_A1_2005.rds
simplified_targeted_A1_2006.rds
simplified_targeted_A1_2007.rds
simplified_targeted_A1_2008.rds
simplified_targeted_A1_2009.rds
simplified_targeted_A1_2010.rds
simplified_targeted_A1_2011.rds
simplified_targeted_A1_2012.rds
simplified_targeted_A1_2013.rds
simplified_targeted_A1_2014.rds
simplified_targeted_A1_2015.rds
simplified_targeted_A1_2016.rds
simplified_targeted_A1_2017.rds
simplified_targeted_A1_2018.rds
simplified_targeted_A1_2019.rds
simplified_targeted_A1_2020.rds
simplified_targeted_A1_2021.rds
simplified_targeted_A1_2022.rds
simplified_targeted_A1_2023.rds
simplified_targeted_A1_2024.rds
Saved results to output/results/Eldo/1961/F/eb_results_MS_1961_Eldo_A1.rds

Processing: Species=MS, Year=1962, Origin=Eldo, Climate=A1, Sex=F
Looking for climate data at: /mmfs1/gscratch/biology/jmsmith/targeted_microclimate/A1/simplified_targeted_A1_1962.rds
Directory /mmfs1/gscratch/biology/jmsmith/targeted_microclimate/A1 exists. Contents:
simplified_A1_1945.rds
simplified_A1_1946.rds
simplified_A1_1947.rds
simplified_A1_1948.rds
simplified_A1_1949.rds
simplified_A1_1950.rds
simplified_A1_1951.rds
simplified_A1_1952.rds
simplified_A1_1953.rds
simplified_A1_1954.rds
simplified_A1_1955.rds
simplified_A1_1956.rds
simplified_A1_1957.rds
simplified_A1_1958.rds
simplified_A1_1959.rds
simplified_A1_1960.rds
simplified_A1_1961.rds
simplified_A1_1962.rds
simplified_A1_1963.rds
simplified_A1_1964.rds
simplified_A1_2005.rds
simplified_A1_2006.rds
simplified_A1_2007.rds
simplified_A1_2008.rds
simplified_A1_2009.rds
simplified_A1_2010.rds
simplified_A1_2011.rds
simplified_A1_2012.rds
simplified_A1_2013.rds
simplified_A1_2014.rds
simplified_A1_2015.rds
simplified_A1_2016.rds
simplified_A1_2017.rds
simplified_A1_2018.rds
simplified_A1_2019.rds
simplified_A1_2020.rds
simplified_A1_2021.rds
simplified_A1_2022.rds
simplified_A1_2023.rds
simplified_A1_2024.rds
simplified_targeted_A1_1945.rds
simplified_targeted_A1_1946.rds
simplified_targeted_A1_1947.rds
simplified_targeted_A1_1948.rds
simplified_targeted_A1_1949.rds
simplified_targeted_A1_1950.rds
simplified_targeted_A1_1951.rds
simplified_targeted_A1_1952.rds
simplified_targeted_A1_1953.rds
simplified_targeted_A1_1954.rds
simplified_targeted_A1_1955.rds
simplified_targeted_A1_1956.rds
simplified_targeted_A1_1957.rds
simplified_targeted_A1_1958.rds
simplified_targeted_A1_1959.rds
simplified_targeted_A1_1960.rds
simplified_targeted_A1_1961.rds
simplified_targeted_A1_1962.rds
simplified_targeted_A1_1963.rds
simplified_targeted_A1_1964.rds
simplified_targeted_A1_2005.rds
simplified_targeted_A1_2006.rds
simplified_targeted_A1_2007.rds
simplified_targeted_A1_2008.rds
simplified_targeted_A1_2009.rds
simplified_targeted_A1_2010.rds
simplified_targeted_A1_2011.rds
simplified_targeted_A1_2012.rds
simplified_targeted_A1_2013.rds
simplified_targeted_A1_2014.rds
simplified_targeted_A1_2015.rds
simplified_targeted_A1_2016.rds
simplified_targeted_A1_2017.rds
simplified_targeted_A1_2018.rds
simplified_targeted_A1_2019.rds
simplified_targeted_A1_2020.rds
simplified_targeted_A1_2021.rds
simplified_targeted_A1_2022.rds
simplified_targeted_A1_2023.rds
simplified_targeted_A1_2024.rds
Saved results to output/results/Eldo/1962/F/eb_results_MS_1962_Eldo_A1.rds

Processing: Species=MS, Year=1963, Origin=Eldo, Climate=A1, Sex=F
Looking for climate data at: /mmfs1/gscratch/biology/jmsmith/targeted_microclimate/A1/simplified_targeted_A1_1963.rds
Directory /mmfs1/gscratch/biology/jmsmith/targeted_microclimate/A1 exists. Contents:
simplified_A1_1945.rds
simplified_A1_1946.rds
simplified_A1_1947.rds
simplified_A1_1948.rds
simplified_A1_1949.rds
simplified_A1_1950.rds
simplified_A1_1951.rds
simplified_A1_1952.rds
simplified_A1_1953.rds
simplified_A1_1954.rds
simplified_A1_1955.rds
simplified_A1_1956.rds
simplified_A1_1957.rds
simplified_A1_1958.rds
simplified_A1_1959.rds
simplified_A1_1960.rds
simplified_A1_1961.rds
simplified_A1_1962.rds
simplified_A1_1963.rds
simplified_A1_1964.rds
simplified_A1_2005.rds
simplified_A1_2006.rds
simplified_A1_2007.rds
simplified_A1_2008.rds
simplified_A1_2009.rds
simplified_A1_2010.rds
simplified_A1_2011.rds
simplified_A1_2012.rds
simplified_A1_2013.rds
simplified_A1_2014.rds
simplified_A1_2015.rds
simplified_A1_2016.rds
simplified_A1_2017.rds
simplified_A1_2018.rds
simplified_A1_2019.rds
simplified_A1_2020.rds
simplified_A1_2021.rds
simplified_A1_2022.rds
simplified_A1_2023.rds
simplified_A1_2024.rds
simplified_targeted_A1_1945.rds
simplified_targeted_A1_1946.rds
simplified_targeted_A1_1947.rds
simplified_targeted_A1_1948.rds
simplified_targeted_A1_1949.rds
simplified_targeted_A1_1950.rds
simplified_targeted_A1_1951.rds
simplified_targeted_A1_1952.rds
simplified_targeted_A1_1953.rds
simplified_targeted_A1_1954.rds
simplified_targeted_A1_1955.rds
simplified_targeted_A1_1956.rds
simplified_targeted_A1_1957.rds
simplified_targeted_A1_1958.rds
simplified_targeted_A1_1959.rds
simplified_targeted_A1_1960.rds
simplified_targeted_A1_1961.rds
simplified_targeted_A1_1962.rds
simplified_targeted_A1_1963.rds
simplified_targeted_A1_1964.rds
simplified_targeted_A1_2005.rds
simplified_targeted_A1_2006.rds
simplified_targeted_A1_2007.rds
simplified_targeted_A1_2008.rds
simplified_targeted_A1_2009.rds
simplified_targeted_A1_2010.rds
simplified_targeted_A1_2011.rds
simplified_targeted_A1_2012.rds
simplified_targeted_A1_2013.rds
simplified_targeted_A1_2014.rds
simplified_targeted_A1_2015.rds
simplified_targeted_A1_2016.rds
simplified_targeted_A1_2017.rds
simplified_targeted_A1_2018.rds
simplified_targeted_A1_2019.rds
simplified_targeted_A1_2020.rds
simplified_targeted_A1_2021.rds
simplified_targeted_A1_2022.rds
simplified_targeted_A1_2023.rds
simplified_targeted_A1_2024.rds
Saved results to output/results/Eldo/1963/F/eb_results_MS_1963_Eldo_A1.rds

Processing: Species=MS, Year=1964, Origin=Eldo, Climate=A1, Sex=F
Looking for climate data at: /mmfs1/gscratch/biology/jmsmith/targeted_microclimate/A1/simplified_targeted_A1_1964.rds
Directory /mmfs1/gscratch/biology/jmsmith/targeted_microclimate/A1 exists. Contents:
simplified_A1_1945.rds
simplified_A1_1946.rds
simplified_A1_1947.rds
simplified_A1_1948.rds
simplified_A1_1949.rds
simplified_A1_1950.rds
simplified_A1_1951.rds
simplified_A1_1952.rds
simplified_A1_1953.rds
simplified_A1_1954.rds
simplified_A1_1955.rds
simplified_A1_1956.rds
simplified_A1_1957.rds
simplified_A1_1958.rds
simplified_A1_1959.rds
simplified_A1_1960.rds
simplified_A1_1961.rds
simplified_A1_1962.rds
simplified_A1_1963.rds
simplified_A1_1964.rds
simplified_A1_2005.rds
simplified_A1_2006.rds
simplified_A1_2007.rds
simplified_A1_2008.rds
simplified_A1_2009.rds
simplified_A1_2010.rds
simplified_A1_2011.rds
simplified_A1_2012.rds
simplified_A1_2013.rds
simplified_A1_2014.rds
simplified_A1_2015.rds
simplified_A1_2016.rds
simplified_A1_2017.rds
simplified_A1_2018.rds
simplified_A1_2019.rds
simplified_A1_2020.rds
simplified_A1_2021.rds
simplified_A1_2022.rds
simplified_A1_2023.rds
simplified_A1_2024.rds
simplified_targeted_A1_1945.rds
simplified_targeted_A1_1946.rds
simplified_targeted_A1_1947.rds
simplified_targeted_A1_1948.rds
simplified_targeted_A1_1949.rds
simplified_targeted_A1_1950.rds
simplified_targeted_A1_1951.rds
simplified_targeted_A1_1952.rds
simplified_targeted_A1_1953.rds
simplified_targeted_A1_1954.rds
simplified_targeted_A1_1955.rds
simplified_targeted_A1_1956.rds
simplified_targeted_A1_1957.rds
simplified_targeted_A1_1958.rds
simplified_targeted_A1_1959.rds
simplified_targeted_A1_1960.rds
simplified_targeted_A1_1961.rds
simplified_targeted_A1_1962.rds
simplified_targeted_A1_1963.rds
simplified_targeted_A1_1964.rds
simplified_targeted_A1_2005.rds
simplified_targeted_A1_2006.rds
simplified_targeted_A1_2007.rds
simplified_targeted_A1_2008.rds
simplified_targeted_A1_2009.rds
simplified_targeted_A1_2010.rds
simplified_targeted_A1_2011.rds
simplified_targeted_A1_2012.rds
simplified_targeted_A1_2013.rds
simplified_targeted_A1_2014.rds
simplified_targeted_A1_2015.rds
simplified_targeted_A1_2016.rds
simplified_targeted_A1_2017.rds
simplified_targeted_A1_2018.rds
simplified_targeted_A1_2019.rds
simplified_targeted_A1_2020.rds
simplified_targeted_A1_2021.rds
simplified_targeted_A1_2022.rds
simplified_targeted_A1_2023.rds
simplified_targeted_A1_2024.rds
Saved results to output/results/Eldo/1964/F/eb_results_MS_1964_Eldo_A1.rds

All years processed.
