Arguments received:
Species: MB
Years: 1945, 1946, 1947, 1948, 1949, 1950, 1951, 1952, 1953, 1954, 1955, 1956, 1957, 1958, 1959, 1960, 1961, 1962, 1963, 1964
Origin site: A1
Climate site: D1
Sex: M
Output directory: output/results/A1
Library paths:
[1] "/gscratch/biology/jmsmith/R"                          
[2] "/mmfs1/home/smithju/R/x86_64-pc-linux-gnu-library/4.4"
[3] "/usr/local/lib/R/site-library"                        
[4] "/usr/local/lib/R/library"                             
Package tidyverse loaded successfully
Package TrenchR loaded successfully
Package rTPC loaded successfully
Package lubridate loaded successfully

Processing: Species=MB, Year=1945, Origin=A1, Climate=D1, Sex=M
Looking for climate data at: /mmfs1/gscratch/biology/jmsmith/targeted_microclimate/D1/simplified_D1_1945.rds
Directory /mmfs1/gscratch/biology/jmsmith/targeted_microclimate/D1 exists. Contents:
simplified_D1_1945.rds
simplified_D1_1946.rds
simplified_D1_1947.rds
simplified_D1_1948.rds
simplified_D1_1949.rds
simplified_D1_1950.rds
simplified_D1_1951.rds
simplified_D1_1952.rds
simplified_D1_1953.rds
simplified_D1_1954.rds
simplified_D1_1955.rds
simplified_D1_1956.rds
simplified_D1_1957.rds
simplified_D1_1958.rds
simplified_D1_1959.rds
simplified_D1_1960.rds
simplified_D1_1961.rds
simplified_D1_1962.rds
simplified_D1_1963.rds
simplified_D1_1964.rds
simplified_D1_2005.rds
simplified_D1_2006.rds
simplified_D1_2007.rds
simplified_D1_2008.rds
simplified_D1_2009.rds
simplified_D1_2010.rds
simplified_D1_2011.rds
simplified_D1_2012.rds
simplified_D1_2013.rds
simplified_D1_2014.rds
simplified_D1_2015.rds
simplified_D1_2016.rds
simplified_D1_2017.rds
simplified_D1_2018.rds
simplified_D1_2019.rds
simplified_D1_2020.rds
simplified_D1_2021.rds
simplified_D1_2022.rds
simplified_D1_2023.rds
simplified_D1_2024.rds
Processing batch 1/12 (rows 1-1000)
  Calculated 1000 temperatures. Range: -14.90 to 44.29
Processing batch 2/12 (rows 1001-2000)
  Calculated 1000 temperatures. Range: -5.92 to 49.93
Processing batch 3/12 (rows 2001-3000)
  Calculated 1000 temperatures. Range: -14.50 to 46.87
Processing batch 4/12 (rows 3001-4000)
  Calculated 1000 temperatures. Range: -5.11 to 37.02
Processing batch 5/12 (rows 4001-5000)
  Calculated 1000 temperatures. Range: -13.73 to 38.59
Processing batch 6/12 (rows 5001-6000)
  Calculated 1000 temperatures. Range: -6.86 to 37.35
Processing batch 7/12 (rows 6001-7000)
  Calculated 1000 temperatures. Range: -12.54 to 39.28
Processing batch 8/12 (rows 7001-8000)
  Calculated 1000 temperatures. Range: -13.78 to 12.30
Processing batch 9/12 (rows 8001-9000)
  Calculated 1000 temperatures. Range: -8.84 to 12.92
Processing batch 10/12 (rows 9001-10000)
  Calculated 1000 temperatures. Range: -13.22 to 13.68
Processing batch 11/12 (rows 10001-11000)
  Calculated 1000 temperatures. Range: -2.95 to 14.95
Processing batch 12/12 (rows 11001-11035)
  Calculated 35 temperatures. Range: -0.12 to 13.45
Total observations: 11035, Unique timestamps: 2207
MR parameters: mass=0.33, elev=2195.0, b0=17.10, b1=0.98, b2=-0.48, b3=0.000124
Sample tb=270.13 K, log(mass)=-1.1087, 1/(kT)=42.946080, exponent=-4.3284, rmr=0.013188
Sample tb=277.91 K, log(mass)=-1.1087, 1/(kT)=41.743332, exponent=-3.7511, rmr=0.023492
Sample tb=275.61 K, log(mass)=-1.1087, 1/(kT)=42.091967, exponent=-3.9185, rmr=0.019872
Sample tb=285.02 K, log(mass)=-1.1087, 1/(kT)=40.701678, exponent=-3.2511, rmr=0.038731
Sample tb=303.01 K, log(mass)=-1.1087, 1/(kT)=38.285220, exponent=-2.0912, rmr=0.123537
MR results: 0 NA, 0 infinite, 0 negative, 0 zero
Energy calculations: 2108 non-zero gains, 11035 non-zero losses out of 11035 observations
Saved results to output/results/A1/1945/M/eb_results_MB_1945_A1_D1.rds

Processing: Species=MB, Year=1946, Origin=A1, Climate=D1, Sex=M
Looking for climate data at: /mmfs1/gscratch/biology/jmsmith/targeted_microclimate/D1/simplified_D1_1946.rds
Directory /mmfs1/gscratch/biology/jmsmith/targeted_microclimate/D1 exists. Contents:
simplified_D1_1945.rds
simplified_D1_1946.rds
simplified_D1_1947.rds
simplified_D1_1948.rds
simplified_D1_1949.rds
simplified_D1_1950.rds
simplified_D1_1951.rds
simplified_D1_1952.rds
simplified_D1_1953.rds
simplified_D1_1954.rds
simplified_D1_1955.rds
simplified_D1_1956.rds
simplified_D1_1957.rds
simplified_D1_1958.rds
simplified_D1_1959.rds
simplified_D1_1960.rds
simplified_D1_1961.rds
simplified_D1_1962.rds
simplified_D1_1963.rds
simplified_D1_1964.rds
simplified_D1_2005.rds
simplified_D1_2006.rds
simplified_D1_2007.rds
simplified_D1_2008.rds
simplified_D1_2009.rds
simplified_D1_2010.rds
simplified_D1_2011.rds
simplified_D1_2012.rds
simplified_D1_2013.rds
simplified_D1_2014.rds
simplified_D1_2015.rds
simplified_D1_2016.rds
simplified_D1_2017.rds
simplified_D1_2018.rds
simplified_D1_2019.rds
simplified_D1_2020.rds
simplified_D1_2021.rds
simplified_D1_2022.rds
simplified_D1_2023.rds
simplified_D1_2024.rds
Processing batch 1/12 (rows 1-1000)
  Calculated 1000 temperatures. Range: -10.19 to 51.26
Processing batch 2/12 (rows 1001-2000)
  Calculated 1000 temperatures. Range: -3.77 to 49.12
Processing batch 3/12 (rows 2001-3000)
  Calculated 1000 temperatures. Range: -9.62 to 37.51
Processing batch 4/12 (rows 3001-4000)
  Calculated 1000 temperatures. Range: -4.69 to 38.22
Processing batch 5/12 (rows 4001-5000)
  Calculated 1000 temperatures. Range: -9.58 to 36.03
Processing batch 6/12 (rows 5001-6000)
  Calculated 1000 temperatures. Range: -6.75 to 38.83
Processing batch 7/12 (rows 6001-7000)
  Calculated 1000 temperatures. Range: -8.88 to 36.87
Processing batch 8/12 (rows 7001-8000)
  Calculated 1000 temperatures. Range: -8.33 to 12.32
Processing batch 9/12 (rows 8001-9000)
  Calculated 1000 temperatures. Range: -9.12 to 12.35
Processing batch 10/12 (rows 9001-10000)
  Calculated 1000 temperatures. Range: -8.70 to 15.01
Processing batch 11/12 (rows 10001-11000)
  Calculated 1000 temperatures. Range: -3.57 to 14.53
Processing batch 12/12 (rows 11001-11035)
  Calculated 35 temperatures. Range: -3.65 to 8.89
Total observations: 11035, Unique timestamps: 2207
MR parameters: mass=0.33, elev=2195.0, b0=17.10, b1=0.98, b2=-0.48, b3=0.000124
Sample tb=274.82 K, log(mass)=-1.1087, 1/(kT)=42.213133, exponent=-3.9766, rmr=0.018749
Sample tb=269.52 K, log(mass)=-1.1087, 1/(kT)=43.043035, exponent=-4.3750, rmr=0.012589
Sample tb=285.51 K, log(mass)=-1.1087, 1/(kT)=40.632726, exponent=-3.2180, rmr=0.040034
Sample tb=291.36 K, log(mass)=-1.1087, 1/(kT)=39.816444, exponent=-2.8262, rmr=0.059237
Sample tb=267.40 K, log(mass)=-1.1087, 1/(kT)=43.384739, exponent=-4.5390, rmr=0.010684
MR results: 0 NA, 0 infinite, 0 negative, 0 zero
Energy calculations: 2466 non-zero gains, 11035 non-zero losses out of 11035 observations
Saved results to output/results/A1/1946/M/eb_results_MB_1946_A1_D1.rds

Processing: Species=MB, Year=1947, Origin=A1, Climate=D1, Sex=M
Looking for climate data at: /mmfs1/gscratch/biology/jmsmith/targeted_microclimate/D1/simplified_D1_1947.rds
Directory /mmfs1/gscratch/biology/jmsmith/targeted_microclimate/D1 exists. Contents:
simplified_D1_1945.rds
simplified_D1_1946.rds
simplified_D1_1947.rds
simplified_D1_1948.rds
simplified_D1_1949.rds
simplified_D1_1950.rds
simplified_D1_1951.rds
simplified_D1_1952.rds
simplified_D1_1953.rds
simplified_D1_1954.rds
simplified_D1_1955.rds
simplified_D1_1956.rds
simplified_D1_1957.rds
simplified_D1_1958.rds
simplified_D1_1959.rds
simplified_D1_1960.rds
simplified_D1_1961.rds
simplified_D1_1962.rds
simplified_D1_1963.rds
simplified_D1_1964.rds
simplified_D1_2005.rds
simplified_D1_2006.rds
simplified_D1_2007.rds
simplified_D1_2008.rds
simplified_D1_2009.rds
simplified_D1_2010.rds
simplified_D1_2011.rds
simplified_D1_2012.rds
simplified_D1_2013.rds
simplified_D1_2014.rds
simplified_D1_2015.rds
simplified_D1_2016.rds
simplified_D1_2017.rds
simplified_D1_2018.rds
simplified_D1_2019.rds
simplified_D1_2020.rds
simplified_D1_2021.rds
simplified_D1_2022.rds
simplified_D1_2023.rds
simplified_D1_2024.rds
Processing batch 1/12 (rows 1-1000)
  Calculated 1000 temperatures. Range: -16.60 to 46.30
Processing batch 2/12 (rows 1001-2000)
  Calculated 1000 temperatures. Range: -4.51 to 51.22
Processing batch 3/12 (rows 2001-3000)
  Calculated 1000 temperatures. Range: -16.42 to 46.94
Processing batch 4/12 (rows 3001-4000)
  Calculated 1000 temperatures. Range: -3.55 to 40.28
Processing batch 5/12 (rows 4001-5000)
  Calculated 1000 temperatures. Range: -16.20 to 36.71
Processing batch 6/12 (rows 5001-6000)
  Calculated 1000 temperatures. Range: -6.09 to 40.47
Processing batch 7/12 (rows 6001-7000)
  Calculated 1000 temperatures. Range: -14.44 to 37.75
Processing batch 8/12 (rows 7001-8000)
  Calculated 1000 temperatures. Range: -7.21 to 12.45
Processing batch 9/12 (rows 8001-9000)
  Calculated 1000 temperatures. Range: -8.35 to 13.28
Processing batch 10/12 (rows 9001-10000)
  Calculated 1000 temperatures. Range: -15.38 to 13.65
Processing batch 11/12 (rows 10001-11000)
  Calculated 1000 temperatures. Range: -3.18 to 15.28
Processing batch 12/12 (rows 11001-11035)
  Calculated 35 temperatures. Range: 0.18 to 11.40
Total observations: 11035, Unique timestamps: 2207
MR parameters: mass=0.33, elev=2195.0, b0=17.10, b1=0.98, b2=-0.48, b3=0.000124
Sample tb=283.30 K, log(mass)=-1.1087, 1/(kT)=40.949823, exponent=-3.3702, rmr=0.034382
Sample tb=280.95 K, log(mass)=-1.1087, 1/(kT)=41.291895, exponent=-3.5344, rmr=0.029176
Sample tb=282.86 K, log(mass)=-1.1087, 1/(kT)=41.012883, exponent=-3.4005, rmr=0.033357
Sample tb=289.52 K, log(mass)=-1.1087, 1/(kT)=40.068841, exponent=-2.9474, rmr=0.052478
Sample tb=324.20 K, log(mass)=-1.1087, 1/(kT)=35.782888, exponent=-0.8901, rmr=0.410616
MR results: 0 NA, 0 infinite, 0 negative, 0 zero
Energy calculations: 2208 non-zero gains, 11035 non-zero losses out of 11035 observations
Saved results to output/results/A1/1947/M/eb_results_MB_1947_A1_D1.rds

Processing: Species=MB, Year=1948, Origin=A1, Climate=D1, Sex=M
Looking for climate data at: /mmfs1/gscratch/biology/jmsmith/targeted_microclimate/D1/simplified_D1_1948.rds
Directory /mmfs1/gscratch/biology/jmsmith/targeted_microclimate/D1 exists. Contents:
simplified_D1_1945.rds
simplified_D1_1946.rds
simplified_D1_1947.rds
simplified_D1_1948.rds
simplified_D1_1949.rds
simplified_D1_1950.rds
simplified_D1_1951.rds
simplified_D1_1952.rds
simplified_D1_1953.rds
simplified_D1_1954.rds
simplified_D1_1955.rds
simplified_D1_1956.rds
simplified_D1_1957.rds
simplified_D1_1958.rds
simplified_D1_1959.rds
simplified_D1_1960.rds
simplified_D1_1961.rds
simplified_D1_1962.rds
simplified_D1_1963.rds
simplified_D1_1964.rds
simplified_D1_2005.rds
simplified_D1_2006.rds
simplified_D1_2007.rds
simplified_D1_2008.rds
simplified_D1_2009.rds
simplified_D1_2010.rds
simplified_D1_2011.rds
simplified_D1_2012.rds
simplified_D1_2013.rds
simplified_D1_2014.rds
simplified_D1_2015.rds
simplified_D1_2016.rds
simplified_D1_2017.rds
simplified_D1_2018.rds
simplified_D1_2019.rds
simplified_D1_2020.rds
simplified_D1_2021.rds
simplified_D1_2022.rds
simplified_D1_2023.rds
simplified_D1_2024.rds
Processing batch 1/12 (rows 1-1000)
  Calculated 1000 temperatures. Range: -7.99 to 48.12
Processing batch 2/12 (rows 1001-2000)
  Calculated 1000 temperatures. Range: -5.78 to 47.62
Processing batch 3/12 (rows 2001-3000)
  Calculated 1000 temperatures. Range: -6.16 to 44.14
Processing batch 4/12 (rows 3001-4000)
  Calculated 1000 temperatures. Range: -4.45 to 37.80
Processing batch 5/12 (rows 4001-5000)
  Calculated 1000 temperatures. Range: -6.15 to 36.91
Processing batch 6/12 (rows 5001-6000)
  Calculated 1000 temperatures. Range: -5.96 to 37.63
Processing batch 7/12 (rows 6001-7000)
  Calculated 1000 temperatures. Range: -5.75 to 36.99
Processing batch 8/12 (rows 7001-8000)
  Calculated 1000 temperatures. Range: -5.81 to 11.94
Processing batch 9/12 (rows 8001-9000)
  Calculated 1000 temperatures. Range: -5.15 to 11.87
Processing batch 10/12 (rows 9001-10000)
  Calculated 1000 temperatures. Range: -5.19 to 13.54
Processing batch 11/12 (rows 10001-11000)
  Calculated 1000 temperatures. Range: -4.33 to 14.43
Processing batch 12/12 (rows 11001-11035)
  Calculated 35 temperatures. Range: -1.34 to 14.08
Total observations: 11035, Unique timestamps: 2207
MR parameters: mass=0.33, elev=2195.0, b0=17.10, b1=0.98, b2=-0.48, b3=0.000124
Sample tb=290.54 K, log(mass)=-1.1087, 1/(kT)=39.929021, exponent=-2.8802, rmr=0.056121
Sample tb=291.40 K, log(mass)=-1.1087, 1/(kT)=39.811336, exponent=-2.8238, rmr=0.059383
Sample tb=279.01 K, log(mass)=-1.1087, 1/(kT)=41.578690, exponent=-3.6721, rmr=0.025424
Sample tb=299.96 K, log(mass)=-1.1087, 1/(kT)=38.675023, exponent=-2.2783, rmr=0.102456
Sample tb=269.98 K, log(mass)=-1.1087, 1/(kT)=42.969663, exponent=-4.3397, rmr=0.013040
MR results: 0 NA, 0 infinite, 0 negative, 0 zero
Energy calculations: 2402 non-zero gains, 11035 non-zero losses out of 11035 observations
Saved results to output/results/A1/1948/M/eb_results_MB_1948_A1_D1.rds

Processing: Species=MB, Year=1949, Origin=A1, Climate=D1, Sex=M
Looking for climate data at: /mmfs1/gscratch/biology/jmsmith/targeted_microclimate/D1/simplified_D1_1949.rds
Directory /mmfs1/gscratch/biology/jmsmith/targeted_microclimate/D1 exists. Contents:
simplified_D1_1945.rds
simplified_D1_1946.rds
simplified_D1_1947.rds
simplified_D1_1948.rds
simplified_D1_1949.rds
simplified_D1_1950.rds
simplified_D1_1951.rds
simplified_D1_1952.rds
simplified_D1_1953.rds
simplified_D1_1954.rds
simplified_D1_1955.rds
simplified_D1_1956.rds
simplified_D1_1957.rds
simplified_D1_1958.rds
simplified_D1_1959.rds
simplified_D1_1960.rds
simplified_D1_1961.rds
simplified_D1_1962.rds
simplified_D1_1963.rds
simplified_D1_1964.rds
simplified_D1_2005.rds
simplified_D1_2006.rds
simplified_D1_2007.rds
simplified_D1_2008.rds
simplified_D1_2009.rds
simplified_D1_2010.rds
simplified_D1_2011.rds
simplified_D1_2012.rds
simplified_D1_2013.rds
simplified_D1_2014.rds
simplified_D1_2015.rds
simplified_D1_2016.rds
simplified_D1_2017.rds
simplified_D1_2018.rds
simplified_D1_2019.rds
simplified_D1_2020.rds
simplified_D1_2021.rds
simplified_D1_2022.rds
simplified_D1_2023.rds
simplified_D1_2024.rds
Processing batch 1/12 (rows 1-1000)
  Calculated 1000 temperatures. Range: -10.33 to 49.77
Processing batch 2/12 (rows 1001-2000)
  Calculated 1000 temperatures. Range: -6.11 to 54.09
Processing batch 3/12 (rows 2001-3000)
  Calculated 1000 temperatures. Range: -9.91 to 39.60
Processing batch 4/12 (rows 3001-4000)
  Calculated 1000 temperatures. Range: -3.21 to 41.28
Processing batch 5/12 (rows 4001-5000)
  Calculated 1000 temperatures. Range: -9.77 to 34.25
Processing batch 6/12 (rows 5001-6000)
  Calculated 1000 temperatures. Range: -4.57 to 42.00
Processing batch 7/12 (rows 6001-7000)
  Calculated 1000 temperatures. Range: -9.16 to 37.40
Processing batch 8/12 (rows 7001-8000)
  Calculated 1000 temperatures. Range: -4.90 to 11.59
Processing batch 9/12 (rows 8001-9000)
  Calculated 1000 temperatures. Range: -9.30 to 11.43
Processing batch 10/12 (rows 9001-10000)
  Calculated 1000 temperatures. Range: -4.94 to 14.57
Processing batch 11/12 (rows 10001-11000)
  Calculated 1000 temperatures. Range: -3.56 to 13.86
Processing batch 12/12 (rows 11001-11035)
  Calculated 35 temperatures. Range: -4.04 to 9.76
Total observations: 11035, Unique timestamps: 2207
MR parameters: mass=0.33, elev=2195.0, b0=17.10, b1=0.98, b2=-0.48, b3=0.000124
Sample tb=304.03 K, log(mass)=-1.1087, 1/(kT)=38.157731, exponent=-2.0300, rmr=0.131333
Sample tb=270.78 K, log(mass)=-1.1087, 1/(kT)=42.842748, exponent=-4.2788, rmr=0.013859
Sample tb=270.43 K, log(mass)=-1.1087, 1/(kT)=42.897565, exponent=-4.3051, rmr=0.013499
Sample tb=274.23 K, log(mass)=-1.1087, 1/(kT)=42.303947, exponent=-4.0202, rmr=0.017949
Sample tb=287.06 K, log(mass)=-1.1087, 1/(kT)=40.413270, exponent=-3.1127, rmr=0.044482
MR results: 0 NA, 0 infinite, 0 negative, 0 zero
Energy calculations: 2337 non-zero gains, 11035 non-zero losses out of 11035 observations
Saved results to output/results/A1/1949/M/eb_results_MB_1949_A1_D1.rds

Processing: Species=MB, Year=1950, Origin=A1, Climate=D1, Sex=M
Looking for climate data at: /mmfs1/gscratch/biology/jmsmith/targeted_microclimate/D1/simplified_D1_1950.rds
Directory /mmfs1/gscratch/biology/jmsmith/targeted_microclimate/D1 exists. Contents:
simplified_D1_1945.rds
simplified_D1_1946.rds
simplified_D1_1947.rds
simplified_D1_1948.rds
simplified_D1_1949.rds
simplified_D1_1950.rds
simplified_D1_1951.rds
simplified_D1_1952.rds
simplified_D1_1953.rds
simplified_D1_1954.rds
simplified_D1_1955.rds
simplified_D1_1956.rds
simplified_D1_1957.rds
simplified_D1_1958.rds
simplified_D1_1959.rds
simplified_D1_1960.rds
simplified_D1_1961.rds
simplified_D1_1962.rds
simplified_D1_1963.rds
simplified_D1_1964.rds
simplified_D1_2005.rds
simplified_D1_2006.rds
simplified_D1_2007.rds
simplified_D1_2008.rds
simplified_D1_2009.rds
simplified_D1_2010.rds
simplified_D1_2011.rds
simplified_D1_2012.rds
simplified_D1_2013.rds
simplified_D1_2014.rds
simplified_D1_2015.rds
simplified_D1_2016.rds
simplified_D1_2017.rds
simplified_D1_2018.rds
simplified_D1_2019.rds
simplified_D1_2020.rds
simplified_D1_2021.rds
simplified_D1_2022.rds
simplified_D1_2023.rds
simplified_D1_2024.rds
Processing batch 1/12 (rows 1-1000)
  Calculated 1000 temperatures. Range: -15.15 to 53.72
Processing batch 2/12 (rows 1001-2000)
  Calculated 1000 temperatures. Range: -6.44 to 46.32
Processing batch 3/12 (rows 2001-3000)
  Calculated 1000 temperatures. Range: -14.81 to 43.72
Processing batch 4/12 (rows 3001-4000)
  Calculated 1000 temperatures. Range: -4.68 to 35.51
Processing batch 5/12 (rows 4001-5000)
  Calculated 1000 temperatures. Range: -15.01 to 32.39
Processing batch 6/12 (rows 5001-6000)
  Calculated 1000 temperatures. Range: -5.91 to 36.08
Processing batch 7/12 (rows 6001-7000)
  Calculated 1000 temperatures. Range: -12.30 to 35.98
Processing batch 8/12 (rows 7001-8000)
  Calculated 1000 temperatures. Range: -5.56 to 11.17
Processing batch 9/12 (rows 8001-9000)
  Calculated 1000 temperatures. Range: -13.06 to 11.47
Processing batch 10/12 (rows 9001-10000)
  Calculated 1000 temperatures. Range: -10.30 to 13.34
Processing batch 11/12 (rows 10001-11000)
  Calculated 1000 temperatures. Range: -5.88 to 13.61
Processing batch 12/12 (rows 11001-11035)
  Calculated 35 temperatures. Range: -3.88 to 12.76
Total observations: 11035, Unique timestamps: 2207
MR parameters: mass=0.33, elev=2195.0, b0=17.10, b1=0.98, b2=-0.48, b3=0.000124
Sample tb=272.15 K, log(mass)=-1.1087, 1/(kT)=42.627652, exponent=-4.1756, rmr=0.015366
Sample tb=278.74 K, log(mass)=-1.1087, 1/(kT)=41.619680, exponent=-3.6918, rmr=0.024928
Sample tb=286.60 K, log(mass)=-1.1087, 1/(kT)=40.477984, exponent=-3.1437, rmr=0.043121
Sample tb=296.21 K, log(mass)=-1.1087, 1/(kT)=39.164287, exponent=-2.5132, rmr=0.081011
Sample tb=277.61 K, log(mass)=-1.1087, 1/(kT)=41.789182, exponent=-3.7731, rmr=0.022980
MR results: 0 NA, 0 infinite, 0 negative, 0 zero
Energy calculations: 2282 non-zero gains, 11035 non-zero losses out of 11035 observations
Saved results to output/results/A1/1950/M/eb_results_MB_1950_A1_D1.rds

Processing: Species=MB, Year=1951, Origin=A1, Climate=D1, Sex=M
Looking for climate data at: /mmfs1/gscratch/biology/jmsmith/targeted_microclimate/D1/simplified_D1_1951.rds
Directory /mmfs1/gscratch/biology/jmsmith/targeted_microclimate/D1 exists. Contents:
simplified_D1_1945.rds
simplified_D1_1946.rds
simplified_D1_1947.rds
simplified_D1_1948.rds
simplified_D1_1949.rds
simplified_D1_1950.rds
simplified_D1_1951.rds
simplified_D1_1952.rds
simplified_D1_1953.rds
simplified_D1_1954.rds
simplified_D1_1955.rds
simplified_D1_1956.rds
simplified_D1_1957.rds
simplified_D1_1958.rds
simplified_D1_1959.rds
simplified_D1_1960.rds
simplified_D1_1961.rds
simplified_D1_1962.rds
simplified_D1_1963.rds
simplified_D1_1964.rds
simplified_D1_2005.rds
simplified_D1_2006.rds
simplified_D1_2007.rds
simplified_D1_2008.rds
simplified_D1_2009.rds
simplified_D1_2010.rds
simplified_D1_2011.rds
simplified_D1_2012.rds
simplified_D1_2013.rds
simplified_D1_2014.rds
simplified_D1_2015.rds
simplified_D1_2016.rds
simplified_D1_2017.rds
simplified_D1_2018.rds
simplified_D1_2019.rds
simplified_D1_2020.rds
simplified_D1_2021.rds
simplified_D1_2022.rds
simplified_D1_2023.rds
simplified_D1_2024.rds
Processing batch 1/12 (rows 1-1000)
  Calculated 1000 temperatures. Range: -14.57 to 53.11
Processing batch 2/12 (rows 1001-2000)
  Calculated 1000 temperatures. Range: -5.17 to 51.06
Processing batch 3/12 (rows 2001-3000)
  Calculated 1000 temperatures. Range: -15.46 to 32.96
Processing batch 4/12 (rows 3001-4000)
  Calculated 1000 temperatures. Range: -4.18 to 39.35
Processing batch 5/12 (rows 4001-5000)
  Calculated 1000 temperatures. Range: -15.20 to 32.95
Processing batch 6/12 (rows 5001-6000)
  Calculated 1000 temperatures. Range: -5.75 to 40.05
Processing batch 7/12 (rows 6001-7000)
  Calculated 1000 temperatures. Range: -13.89 to 32.99
Processing batch 8/12 (rows 7001-8000)
  Calculated 1000 temperatures. Range: -6.31 to 13.65
Processing batch 9/12 (rows 8001-9000)
  Calculated 1000 temperatures. Range: -15.09 to 13.28
Processing batch 10/12 (rows 9001-10000)
  Calculated 1000 temperatures. Range: -8.42 to 16.46
Processing batch 11/12 (rows 10001-11000)
  Calculated 1000 temperatures. Range: -3.59 to 16.07
Processing batch 12/12 (rows 11001-11035)
  Calculated 35 temperatures. Range: -2.84 to 10.44
Total observations: 11035, Unique timestamps: 2207
MR parameters: mass=0.33, elev=2195.0, b0=17.10, b1=0.98, b2=-0.48, b3=0.000124
Sample tb=270.04 K, log(mass)=-1.1087, 1/(kT)=42.960829, exponent=-4.3355, rmr=0.013095
Sample tb=280.18 K, log(mass)=-1.1087, 1/(kT)=41.405724, exponent=-3.5891, rmr=0.027624
Sample tb=275.34 K, log(mass)=-1.1087, 1/(kT)=42.133530, exponent=-3.9384, rmr=0.019479
Sample tb=268.88 K, log(mass)=-1.1087, 1/(kT)=43.145732, exponent=-4.4243, rmr=0.011983
Sample tb=278.86 K, log(mass)=-1.1087, 1/(kT)=41.601424, exponent=-3.6830, rmr=0.025148
MR results: 0 NA, 0 infinite, 0 negative, 0 zero
Energy calculations: 2140 non-zero gains, 11035 non-zero losses out of 11035 observations
Saved results to output/results/A1/1951/M/eb_results_MB_1951_A1_D1.rds

Processing: Species=MB, Year=1952, Origin=A1, Climate=D1, Sex=M
Looking for climate data at: /mmfs1/gscratch/biology/jmsmith/targeted_microclimate/D1/simplified_D1_1952.rds
Directory /mmfs1/gscratch/biology/jmsmith/targeted_microclimate/D1 exists. Contents:
simplified_D1_1945.rds
simplified_D1_1946.rds
simplified_D1_1947.rds
simplified_D1_1948.rds
simplified_D1_1949.rds
simplified_D1_1950.rds
simplified_D1_1951.rds
simplified_D1_1952.rds
simplified_D1_1953.rds
simplified_D1_1954.rds
simplified_D1_1955.rds
simplified_D1_1956.rds
simplified_D1_1957.rds
simplified_D1_1958.rds
simplified_D1_1959.rds
simplified_D1_1960.rds
simplified_D1_1961.rds
simplified_D1_1962.rds
simplified_D1_1963.rds
simplified_D1_1964.rds
simplified_D1_2005.rds
simplified_D1_2006.rds
simplified_D1_2007.rds
simplified_D1_2008.rds
simplified_D1_2009.rds
simplified_D1_2010.rds
simplified_D1_2011.rds
simplified_D1_2012.rds
simplified_D1_2013.rds
simplified_D1_2014.rds
simplified_D1_2015.rds
simplified_D1_2016.rds
simplified_D1_2017.rds
simplified_D1_2018.rds
simplified_D1_2019.rds
simplified_D1_2020.rds
simplified_D1_2021.rds
simplified_D1_2022.rds
simplified_D1_2023.rds
simplified_D1_2024.rds
Processing batch 1/12 (rows 1-1000)
  Calculated 1000 temperatures. Range: -9.73 to 55.53
Processing batch 2/12 (rows 1001-2000)
  Calculated 1000 temperatures. Range: -4.62 to 49.14
Processing batch 3/12 (rows 2001-3000)
  Calculated 1000 temperatures. Range: -8.54 to 43.16
Processing batch 4/12 (rows 3001-4000)
  Calculated 1000 temperatures. Range: -5.59 to 37.93
Processing batch 5/12 (rows 4001-5000)
  Calculated 1000 temperatures. Range: -8.74 to 37.21
Processing batch 6/12 (rows 5001-6000)
  Calculated 1000 temperatures. Range: -5.34 to 38.68
Processing batch 7/12 (rows 6001-7000)
  Calculated 1000 temperatures. Range: -8.01 to 35.98
Processing batch 8/12 (rows 7001-8000)
  Calculated 1000 temperatures. Range: -6.45 to 13.16
Processing batch 9/12 (rows 8001-9000)
  Calculated 1000 temperatures. Range: -5.95 to 12.50
Processing batch 10/12 (rows 9001-10000)
  Calculated 1000 temperatures. Range: -7.62 to 13.43
Processing batch 11/12 (rows 10001-11000)
  Calculated 1000 temperatures. Range: -2.76 to 15.22
Processing batch 12/12 (rows 11001-11035)
  Calculated 35 temperatures. Range: -5.34 to 9.96
Total observations: 11035, Unique timestamps: 2207
MR parameters: mass=0.33, elev=2195.0, b0=17.10, b1=0.98, b2=-0.48, b3=0.000124
Sample tb=272.85 K, log(mass)=-1.1087, 1/(kT)=42.517787, exponent=-4.1228, rmr=0.016198
Sample tb=269.92 K, log(mass)=-1.1087, 1/(kT)=42.978651, exponent=-4.3441, rmr=0.012984
Sample tb=291.61 K, log(mass)=-1.1087, 1/(kT)=39.781938, exponent=-2.8096, rmr=0.060227
Sample tb=277.15 K, log(mass)=-1.1087, 1/(kT)=41.858252, exponent=-3.8063, rmr=0.022231
Sample tb=276.56 K, log(mass)=-1.1087, 1/(kT)=41.946513, exponent=-3.8486, rmr=0.021309
MR results: 0 NA, 0 infinite, 0 negative, 0 zero
Energy calculations: 2464 non-zero gains, 11035 non-zero losses out of 11035 observations
Saved results to output/results/A1/1952/M/eb_results_MB_1952_A1_D1.rds

Processing: Species=MB, Year=1953, Origin=A1, Climate=D1, Sex=M
Looking for climate data at: /mmfs1/gscratch/biology/jmsmith/targeted_microclimate/D1/simplified_D1_1953.rds
Directory /mmfs1/gscratch/biology/jmsmith/targeted_microclimate/D1 exists. Contents:
simplified_D1_1945.rds
simplified_D1_1946.rds
simplified_D1_1947.rds
simplified_D1_1948.rds
simplified_D1_1949.rds
simplified_D1_1950.rds
simplified_D1_1951.rds
simplified_D1_1952.rds
simplified_D1_1953.rds
simplified_D1_1954.rds
simplified_D1_1955.rds
simplified_D1_1956.rds
simplified_D1_1957.rds
simplified_D1_1958.rds
simplified_D1_1959.rds
simplified_D1_1960.rds
simplified_D1_1961.rds
simplified_D1_1962.rds
simplified_D1_1963.rds
simplified_D1_1964.rds
simplified_D1_2005.rds
simplified_D1_2006.rds
simplified_D1_2007.rds
simplified_D1_2008.rds
simplified_D1_2009.rds
simplified_D1_2010.rds
simplified_D1_2011.rds
simplified_D1_2012.rds
simplified_D1_2013.rds
simplified_D1_2014.rds
simplified_D1_2015.rds
simplified_D1_2016.rds
simplified_D1_2017.rds
simplified_D1_2018.rds
simplified_D1_2019.rds
simplified_D1_2020.rds
simplified_D1_2021.rds
simplified_D1_2022.rds
simplified_D1_2023.rds
simplified_D1_2024.rds
Processing batch 1/12 (rows 1-1000)
  Calculated 1000 temperatures. Range: -9.53 to 47.88
Processing batch 2/12 (rows 1001-2000)
  Calculated 1000 temperatures. Range: -6.48 to 48.20
Processing batch 3/12 (rows 2001-3000)
  Calculated 1000 temperatures. Range: -8.39 to 44.19
Processing batch 4/12 (rows 3001-4000)
  Calculated 1000 temperatures. Range: -3.74 to 36.97
Processing batch 5/12 (rows 4001-5000)
  Calculated 1000 temperatures. Range: -8.36 to 33.23
Processing batch 6/12 (rows 5001-6000)
  Calculated 1000 temperatures. Range: -5.49 to 37.47
Processing batch 7/12 (rows 6001-7000)
  Calculated 1000 temperatures. Range: -7.92 to 35.57
Processing batch 8/12 (rows 7001-8000)
  Calculated 1000 temperatures. Range: -5.68 to 12.70
Processing batch 9/12 (rows 8001-9000)
  Calculated 1000 temperatures. Range: -7.74 to 12.50
Processing batch 10/12 (rows 9001-10000)
  Calculated 1000 temperatures. Range: -5.25 to 14.97
Processing batch 11/12 (rows 10001-11000)
  Calculated 1000 temperatures. Range: -4.18 to 14.84
Processing batch 12/12 (rows 11001-11035)
  Calculated 35 temperatures. Range: -1.37 to 11.79
Total observations: 11035, Unique timestamps: 2207
MR parameters: mass=0.33, elev=2195.0, b0=17.10, b1=0.98, b2=-0.48, b3=0.000124
Sample tb=271.37 K, log(mass)=-1.1087, 1/(kT)=42.749017, exponent=-4.2338, rmr=0.014497
Sample tb=274.77 K, log(mass)=-1.1087, 1/(kT)=42.220708, exponent=-3.9802, rmr=0.018681
Sample tb=277.42 K, log(mass)=-1.1087, 1/(kT)=41.816735, exponent=-3.7863, rmr=0.022678
Sample tb=265.72 K, log(mass)=-1.1087, 1/(kT)=43.658015, exponent=-4.6702, rmr=0.009371
Sample tb=266.35 K, log(mass)=-1.1087, 1/(kT)=43.555474, exponent=-4.6209, rmr=0.009844
MR results: 0 NA, 0 infinite, 0 negative, 0 zero
Energy calculations: 2426 non-zero gains, 11035 non-zero losses out of 11035 observations
Saved results to output/results/A1/1953/M/eb_results_MB_1953_A1_D1.rds

Processing: Species=MB, Year=1954, Origin=A1, Climate=D1, Sex=M
Looking for climate data at: /mmfs1/gscratch/biology/jmsmith/targeted_microclimate/D1/simplified_D1_1954.rds
Directory /mmfs1/gscratch/biology/jmsmith/targeted_microclimate/D1 exists. Contents:
simplified_D1_1945.rds
simplified_D1_1946.rds
simplified_D1_1947.rds
simplified_D1_1948.rds
simplified_D1_1949.rds
simplified_D1_1950.rds
simplified_D1_1951.rds
simplified_D1_1952.rds
simplified_D1_1953.rds
simplified_D1_1954.rds
simplified_D1_1955.rds
simplified_D1_1956.rds
simplified_D1_1957.rds
simplified_D1_1958.rds
simplified_D1_1959.rds
simplified_D1_1960.rds
simplified_D1_1961.rds
simplified_D1_1962.rds
simplified_D1_1963.rds
simplified_D1_1964.rds
simplified_D1_2005.rds
simplified_D1_2006.rds
simplified_D1_2007.rds
simplified_D1_2008.rds
simplified_D1_2009.rds
simplified_D1_2010.rds
simplified_D1_2011.rds
simplified_D1_2012.rds
simplified_D1_2013.rds
simplified_D1_2014.rds
simplified_D1_2015.rds
simplified_D1_2016.rds
simplified_D1_2017.rds
simplified_D1_2018.rds
simplified_D1_2019.rds
simplified_D1_2020.rds
simplified_D1_2021.rds
simplified_D1_2022.rds
simplified_D1_2023.rds
simplified_D1_2024.rds
Processing batch 1/12 (rows 1-1000)
  Calculated 1000 temperatures. Range: -11.36 to 60.00
Processing batch 2/12 (rows 1001-2000)
  Calculated 1000 temperatures. Range: -7.08 to 53.57
Processing batch 3/12 (rows 2001-3000)
  Calculated 1000 temperatures. Range: -10.91 to 47.97
Processing batch 4/12 (rows 3001-4000)
  Calculated 1000 temperatures. Range: -4.16 to 41.23
Processing batch 5/12 (rows 4001-5000)
  Calculated 1000 temperatures. Range: -10.50 to 41.88
Processing batch 6/12 (rows 5001-6000)
  Calculated 1000 temperatures. Range: -4.03 to 41.97
Processing batch 7/12 (rows 6001-7000)
  Calculated 1000 temperatures. Range: -9.90 to 37.55
Processing batch 8/12 (rows 7001-8000)
  Calculated 1000 temperatures. Range: -3.57 to 14.08
Processing batch 9/12 (rows 8001-9000)
  Calculated 1000 temperatures. Range: -9.63 to 12.37
Processing batch 10/12 (rows 9001-10000)
  Calculated 1000 temperatures. Range: -9.52 to 17.48
Processing batch 11/12 (rows 10001-11000)
  Calculated 1000 temperatures. Range: -4.59 to 15.16
Processing batch 12/12 (rows 11001-11035)
  Calculated 35 temperatures. Range: -0.86 to 12.60
Total observations: 11035, Unique timestamps: 2207
MR parameters: mass=0.33, elev=2195.0, b0=17.10, b1=0.98, b2=-0.48, b3=0.000124
Sample tb=296.66 K, log(mass)=-1.1087, 1/(kT)=39.104875, exponent=-2.4846, rmr=0.083355
Sample tb=268.68 K, log(mass)=-1.1087, 1/(kT)=43.178192, exponent=-4.4398, rmr=0.011798
Sample tb=301.93 K, log(mass)=-1.1087, 1/(kT)=38.422895, exponent=-2.1573, rmr=0.115637
Sample tb=277.66 K, log(mass)=-1.1087, 1/(kT)=41.781079, exponent=-3.7692, rmr=0.023070
Sample tb=283.25 K, log(mass)=-1.1087, 1/(kT)=40.956053, exponent=-3.3732, rmr=0.034279
MR results: 0 NA, 0 infinite, 0 negative, 0 zero
Energy calculations: 2497 non-zero gains, 11035 non-zero losses out of 11035 observations
Saved results to output/results/A1/1954/M/eb_results_MB_1954_A1_D1.rds

Processing: Species=MB, Year=1955, Origin=A1, Climate=D1, Sex=M
Looking for climate data at: /mmfs1/gscratch/biology/jmsmith/targeted_microclimate/D1/simplified_D1_1955.rds
Directory /mmfs1/gscratch/biology/jmsmith/targeted_microclimate/D1 exists. Contents:
simplified_D1_1945.rds
simplified_D1_1946.rds
simplified_D1_1947.rds
simplified_D1_1948.rds
simplified_D1_1949.rds
simplified_D1_1950.rds
simplified_D1_1951.rds
simplified_D1_1952.rds
simplified_D1_1953.rds
simplified_D1_1954.rds
simplified_D1_1955.rds
simplified_D1_1956.rds
simplified_D1_1957.rds
simplified_D1_1958.rds
simplified_D1_1959.rds
simplified_D1_1960.rds
simplified_D1_1961.rds
simplified_D1_1962.rds
simplified_D1_1963.rds
simplified_D1_1964.rds
simplified_D1_2005.rds
simplified_D1_2006.rds
simplified_D1_2007.rds
simplified_D1_2008.rds
simplified_D1_2009.rds
simplified_D1_2010.rds
simplified_D1_2011.rds
simplified_D1_2012.rds
simplified_D1_2013.rds
simplified_D1_2014.rds
simplified_D1_2015.rds
simplified_D1_2016.rds
simplified_D1_2017.rds
simplified_D1_2018.rds
simplified_D1_2019.rds
simplified_D1_2020.rds
simplified_D1_2021.rds
simplified_D1_2022.rds
simplified_D1_2023.rds
simplified_D1_2024.rds
Processing batch 1/12 (rows 1-1000)
  Calculated 1000 temperatures. Range: -9.87 to 49.74
Processing batch 2/12 (rows 1001-2000)
  Calculated 1000 temperatures. Range: -5.86 to 47.10
Processing batch 3/12 (rows 2001-3000)
  Calculated 1000 temperatures. Range: -9.14 to 47.28
Processing batch 4/12 (rows 3001-4000)
  Calculated 1000 temperatures. Range: -4.99 to 36.82
Processing batch 5/12 (rows 4001-5000)
  Calculated 1000 temperatures. Range: -9.81 to 38.46
Processing batch 6/12 (rows 5001-6000)
  Calculated 1000 temperatures. Range: -6.69 to 37.11
Processing batch 7/12 (rows 6001-7000)
  Calculated 1000 temperatures. Range: -8.69 to 36.89
Processing batch 8/12 (rows 7001-8000)
  Calculated 1000 temperatures. Range: -7.15 to 11.78
Processing batch 9/12 (rows 8001-9000)
  Calculated 1000 temperatures. Range: -8.37 to 12.54
Processing batch 10/12 (rows 9001-10000)
  Calculated 1000 temperatures. Range: -7.05 to 14.45
Processing batch 11/12 (rows 10001-11000)
  Calculated 1000 temperatures. Range: -4.58 to 14.99
Processing batch 12/12 (rows 11001-11035)
  Calculated 35 temperatures. Range: -3.85 to 11.53
Total observations: 11035, Unique timestamps: 2207
MR parameters: mass=0.33, elev=2195.0, b0=17.10, b1=0.98, b2=-0.48, b3=0.000124
Sample tb=276.43 K, log(mass)=-1.1087, 1/(kT)=41.967290, exponent=-3.8586, rmr=0.021097
Sample tb=274.09 K, log(mass)=-1.1087, 1/(kT)=42.325969, exponent=-4.0308, rmr=0.017761
Sample tb=278.39 K, log(mass)=-1.1087, 1/(kT)=41.671616, exponent=-3.7167, rmr=0.024314
Sample tb=298.34 K, log(mass)=-1.1087, 1/(kT)=38.885345, exponent=-2.3793, rmr=0.092618
Sample tb=285.93 K, log(mass)=-1.1087, 1/(kT)=40.573054, exponent=-3.1894, rmr=0.041198
MR results: 0 NA, 0 infinite, 0 negative, 0 zero
Energy calculations: 2404 non-zero gains, 11035 non-zero losses out of 11035 observations
Saved results to output/results/A1/1955/M/eb_results_MB_1955_A1_D1.rds

Processing: Species=MB, Year=1956, Origin=A1, Climate=D1, Sex=M
Looking for climate data at: /mmfs1/gscratch/biology/jmsmith/targeted_microclimate/D1/simplified_D1_1956.rds
Directory /mmfs1/gscratch/biology/jmsmith/targeted_microclimate/D1 exists. Contents:
simplified_D1_1945.rds
simplified_D1_1946.rds
simplified_D1_1947.rds
simplified_D1_1948.rds
simplified_D1_1949.rds
simplified_D1_1950.rds
simplified_D1_1951.rds
simplified_D1_1952.rds
simplified_D1_1953.rds
simplified_D1_1954.rds
simplified_D1_1955.rds
simplified_D1_1956.rds
simplified_D1_1957.rds
simplified_D1_1958.rds
simplified_D1_1959.rds
simplified_D1_1960.rds
simplified_D1_1961.rds
simplified_D1_1962.rds
simplified_D1_1963.rds
simplified_D1_1964.rds
simplified_D1_2005.rds
simplified_D1_2006.rds
simplified_D1_2007.rds
simplified_D1_2008.rds
simplified_D1_2009.rds
simplified_D1_2010.rds
simplified_D1_2011.rds
simplified_D1_2012.rds
simplified_D1_2013.rds
simplified_D1_2014.rds
simplified_D1_2015.rds
simplified_D1_2016.rds
simplified_D1_2017.rds
simplified_D1_2018.rds
simplified_D1_2019.rds
simplified_D1_2020.rds
simplified_D1_2021.rds
simplified_D1_2022.rds
simplified_D1_2023.rds
simplified_D1_2024.rds
Processing batch 1/12 (rows 1-1000)
  Calculated 1000 temperatures. Range: -8.24 to 52.42
Processing batch 2/12 (rows 1001-2000)
  Calculated 1000 temperatures. Range: -6.07 to 45.38
Processing batch 3/12 (rows 2001-3000)
  Calculated 1000 temperatures. Range: -9.40 to 40.18
Processing batch 4/12 (rows 3001-4000)
  Calculated 1000 temperatures. Range: -4.59 to 37.92
Processing batch 5/12 (rows 4001-5000)
  Calculated 1000 temperatures. Range: -8.90 to 37.56
Processing batch 6/12 (rows 5001-6000)
  Calculated 1000 temperatures. Range: -4.56 to 35.62
Processing batch 7/12 (rows 6001-7000)
  Calculated 1000 temperatures. Range: -8.92 to 34.89
Processing batch 8/12 (rows 7001-8000)
  Calculated 1000 temperatures. Range: -5.35 to 11.22
Processing batch 9/12 (rows 8001-9000)
  Calculated 1000 temperatures. Range: -8.96 to 11.21
Processing batch 10/12 (rows 9001-10000)
  Calculated 1000 temperatures. Range: -4.62 to 12.74
Processing batch 11/12 (rows 10001-11000)
  Calculated 1000 temperatures. Range: -3.95 to 13.54
Processing batch 12/12 (rows 11001-11035)
  Calculated 35 temperatures. Range: -8.71 to 6.33
Total observations: 11035, Unique timestamps: 2207
MR parameters: mass=0.33, elev=2195.0, b0=17.10, b1=0.98, b2=-0.48, b3=0.000124
Sample tb=280.06 K, log(mass)=-1.1087, 1/(kT)=41.422387, exponent=-3.5971, rmr=0.027404
Sample tb=277.15 K, log(mass)=-1.1087, 1/(kT)=41.858430, exponent=-3.8064, rmr=0.022229
Sample tb=271.91 K, log(mass)=-1.1087, 1/(kT)=42.664904, exponent=-4.1935, rmr=0.015094
Sample tb=275.01 K, log(mass)=-1.1087, 1/(kT)=42.183236, exponent=-3.9623, rmr=0.019020
Sample tb=275.12 K, log(mass)=-1.1087, 1/(kT)=42.166310, exponent=-3.9541, rmr=0.019175
MR results: 0 NA, 0 infinite, 0 negative, 0 zero
Energy calculations: 2372 non-zero gains, 11035 non-zero losses out of 11035 observations
Saved results to output/results/A1/1956/M/eb_results_MB_1956_A1_D1.rds

Processing: Species=MB, Year=1957, Origin=A1, Climate=D1, Sex=M
Looking for climate data at: /mmfs1/gscratch/biology/jmsmith/targeted_microclimate/D1/simplified_D1_1957.rds
Directory /mmfs1/gscratch/biology/jmsmith/targeted_microclimate/D1 exists. Contents:
simplified_D1_1945.rds
simplified_D1_1946.rds
simplified_D1_1947.rds
simplified_D1_1948.rds
simplified_D1_1949.rds
simplified_D1_1950.rds
simplified_D1_1951.rds
simplified_D1_1952.rds
simplified_D1_1953.rds
simplified_D1_1954.rds
simplified_D1_1955.rds
simplified_D1_1956.rds
simplified_D1_1957.rds
simplified_D1_1958.rds
simplified_D1_1959.rds
simplified_D1_1960.rds
simplified_D1_1961.rds
simplified_D1_1962.rds
simplified_D1_1963.rds
simplified_D1_1964.rds
simplified_D1_2005.rds
simplified_D1_2006.rds
simplified_D1_2007.rds
simplified_D1_2008.rds
simplified_D1_2009.rds
simplified_D1_2010.rds
simplified_D1_2011.rds
simplified_D1_2012.rds
simplified_D1_2013.rds
simplified_D1_2014.rds
simplified_D1_2015.rds
simplified_D1_2016.rds
simplified_D1_2017.rds
simplified_D1_2018.rds
simplified_D1_2019.rds
simplified_D1_2020.rds
simplified_D1_2021.rds
simplified_D1_2022.rds
simplified_D1_2023.rds
simplified_D1_2024.rds
Processing batch 1/12 (rows 1-1000)
  Calculated 1000 temperatures. Range: -10.86 to 58.16
Processing batch 2/12 (rows 1001-2000)
  Calculated 1000 temperatures. Range: -3.10 to 52.45
Processing batch 3/12 (rows 2001-3000)
  Calculated 1000 temperatures. Range: -9.58 to 45.00
Processing batch 4/12 (rows 3001-4000)
  Calculated 1000 temperatures. Range: -4.78 to 42.05
Processing batch 5/12 (rows 4001-5000)
  Calculated 1000 temperatures. Range: -8.82 to 39.80
Processing batch 6/12 (rows 5001-6000)
  Calculated 1000 temperatures. Range: -4.81 to 41.41
Processing batch 7/12 (rows 6001-7000)
  Calculated 1000 temperatures. Range: -7.92 to 36.81
Processing batch 8/12 (rows 7001-8000)
  Calculated 1000 temperatures. Range: -8.03 to 11.28
Processing batch 9/12 (rows 8001-9000)
  Calculated 1000 temperatures. Range: -5.88 to 12.35
Processing batch 10/12 (rows 9001-10000)
  Calculated 1000 temperatures. Range: -8.09 to 14.33
Processing batch 11/12 (rows 10001-11000)
  Calculated 1000 temperatures. Range: -3.67 to 14.00
Processing batch 12/12 (rows 11001-11035)
  Calculated 35 temperatures. Range: -2.42 to 7.48
Total observations: 11035, Unique timestamps: 2207
MR parameters: mass=0.33, elev=2195.0, b0=17.10, b1=0.98, b2=-0.48, b3=0.000124
Sample tb=279.57 K, log(mass)=-1.1087, 1/(kT)=41.495239, exponent=-3.6320, rmr=0.026463
Sample tb=273.07 K, log(mass)=-1.1087, 1/(kT)=42.483897, exponent=-4.1066, rmr=0.016464
Sample tb=275.67 K, log(mass)=-1.1087, 1/(kT)=42.082376, exponent=-3.9138, rmr=0.019963
Sample tb=280.75 K, log(mass)=-1.1087, 1/(kT)=41.320612, exponent=-3.5482, rmr=0.028776
Sample tb=280.77 K, log(mass)=-1.1087, 1/(kT)=41.318622, exponent=-3.5472, rmr=0.028804
MR results: 0 NA, 0 infinite, 0 negative, 0 zero
Energy calculations: 2331 non-zero gains, 11035 non-zero losses out of 11035 observations
Saved results to output/results/A1/1957/M/eb_results_MB_1957_A1_D1.rds

Processing: Species=MB, Year=1958, Origin=A1, Climate=D1, Sex=M
Looking for climate data at: /mmfs1/gscratch/biology/jmsmith/targeted_microclimate/D1/simplified_D1_1958.rds
Directory /mmfs1/gscratch/biology/jmsmith/targeted_microclimate/D1 exists. Contents:
simplified_D1_1945.rds
simplified_D1_1946.rds
simplified_D1_1947.rds
simplified_D1_1948.rds
simplified_D1_1949.rds
simplified_D1_1950.rds
simplified_D1_1951.rds
simplified_D1_1952.rds
simplified_D1_1953.rds
simplified_D1_1954.rds
simplified_D1_1955.rds
simplified_D1_1956.rds
simplified_D1_1957.rds
simplified_D1_1958.rds
simplified_D1_1959.rds
simplified_D1_1960.rds
simplified_D1_1961.rds
simplified_D1_1962.rds
simplified_D1_1963.rds
simplified_D1_1964.rds
simplified_D1_2005.rds
simplified_D1_2006.rds
simplified_D1_2007.rds
simplified_D1_2008.rds
simplified_D1_2009.rds
simplified_D1_2010.rds
simplified_D1_2011.rds
simplified_D1_2012.rds
simplified_D1_2013.rds
simplified_D1_2014.rds
simplified_D1_2015.rds
simplified_D1_2016.rds
simplified_D1_2017.rds
simplified_D1_2018.rds
simplified_D1_2019.rds
simplified_D1_2020.rds
simplified_D1_2021.rds
simplified_D1_2022.rds
simplified_D1_2023.rds
simplified_D1_2024.rds
Processing batch 1/12 (rows 1-1000)
  Calculated 1000 temperatures. Range: -10.52 to 46.61
Processing batch 2/12 (rows 1001-2000)
  Calculated 1000 temperatures. Range: -5.30 to 50.81
Processing batch 3/12 (rows 2001-3000)
  Calculated 1000 temperatures. Range: -8.37 to 41.40
Processing batch 4/12 (rows 3001-4000)
  Calculated 1000 temperatures. Range: -4.94 to 39.38
Processing batch 5/12 (rows 4001-5000)
  Calculated 1000 temperatures. Range: -8.56 to 34.91
Processing batch 6/12 (rows 5001-6000)
  Calculated 1000 temperatures. Range: -4.96 to 38.12
Processing batch 7/12 (rows 6001-7000)
  Calculated 1000 temperatures. Range: -7.51 to 40.10
Processing batch 8/12 (rows 7001-8000)
  Calculated 1000 temperatures. Range: -5.43 to 11.03
Processing batch 9/12 (rows 8001-9000)
  Calculated 1000 temperatures. Range: -5.33 to 12.18
Processing batch 10/12 (rows 9001-10000)
  Calculated 1000 temperatures. Range: -6.69 to 14.13
Processing batch 11/12 (rows 10001-11000)
  Calculated 1000 temperatures. Range: -3.63 to 14.49
Processing batch 12/12 (rows 11001-11035)
  Calculated 35 temperatures. Range: -4.67 to 10.50
Total observations: 11035, Unique timestamps: 2207
MR parameters: mass=0.33, elev=2195.0, b0=17.10, b1=0.98, b2=-0.48, b3=0.000124
Sample tb=292.84 K, log(mass)=-1.1087, 1/(kT)=39.615008, exponent=-2.7295, rmr=0.065251
Sample tb=273.44 K, log(mass)=-1.1087, 1/(kT)=42.425698, exponent=-4.0786, rmr=0.016930
Sample tb=274.84 K, log(mass)=-1.1087, 1/(kT)=42.210349, exponent=-3.9753, rmr=0.018774
Sample tb=269.39 K, log(mass)=-1.1087, 1/(kT)=43.063563, exponent=-4.3848, rmr=0.012465
Sample tb=272.03 K, log(mass)=-1.1087, 1/(kT)=42.645143, exponent=-4.1840, rmr=0.015238
MR results: 0 NA, 0 infinite, 0 negative, 0 zero
Energy calculations: 2457 non-zero gains, 11035 non-zero losses out of 11035 observations
Saved results to output/results/A1/1958/M/eb_results_MB_1958_A1_D1.rds

Processing: Species=MB, Year=1959, Origin=A1, Climate=D1, Sex=M
Looking for climate data at: /mmfs1/gscratch/biology/jmsmith/targeted_microclimate/D1/simplified_D1_1959.rds
Directory /mmfs1/gscratch/biology/jmsmith/targeted_microclimate/D1 exists. Contents:
simplified_D1_1945.rds
simplified_D1_1946.rds
simplified_D1_1947.rds
simplified_D1_1948.rds
simplified_D1_1949.rds
simplified_D1_1950.rds
simplified_D1_1951.rds
simplified_D1_1952.rds
simplified_D1_1953.rds
simplified_D1_1954.rds
simplified_D1_1955.rds
simplified_D1_1956.rds
simplified_D1_1957.rds
simplified_D1_1958.rds
simplified_D1_1959.rds
simplified_D1_1960.rds
simplified_D1_1961.rds
simplified_D1_1962.rds
simplified_D1_1963.rds
simplified_D1_1964.rds
simplified_D1_2005.rds
simplified_D1_2006.rds
simplified_D1_2007.rds
simplified_D1_2008.rds
simplified_D1_2009.rds
simplified_D1_2010.rds
simplified_D1_2011.rds
simplified_D1_2012.rds
simplified_D1_2013.rds
simplified_D1_2014.rds
simplified_D1_2015.rds
simplified_D1_2016.rds
simplified_D1_2017.rds
simplified_D1_2018.rds
simplified_D1_2019.rds
simplified_D1_2020.rds
simplified_D1_2021.rds
simplified_D1_2022.rds
simplified_D1_2023.rds
simplified_D1_2024.rds
Processing batch 1/12 (rows 1-1000)
  Calculated 1000 temperatures. Range: -11.98 to 53.13
Processing batch 2/12 (rows 1001-2000)
  Calculated 1000 temperatures. Range: -4.27 to 53.56
Processing batch 3/12 (rows 2001-3000)
  Calculated 1000 temperatures. Range: -11.17 to 40.39
Processing batch 4/12 (rows 3001-4000)
  Calculated 1000 temperatures. Range: -5.65 to 41.97
Processing batch 5/12 (rows 4001-5000)
  Calculated 1000 temperatures. Range: -10.18 to 40.98
Processing batch 6/12 (rows 5001-6000)
  Calculated 1000 temperatures. Range: -6.23 to 42.11
Processing batch 7/12 (rows 6001-7000)
  Calculated 1000 temperatures. Range: -8.72 to 37.85
Processing batch 8/12 (rows 7001-8000)
  Calculated 1000 temperatures. Range: -5.89 to 13.15
Processing batch 9/12 (rows 8001-9000)
  Calculated 1000 temperatures. Range: -9.34 to 12.63
Processing batch 10/12 (rows 9001-10000)
  Calculated 1000 temperatures. Range: -5.50 to 14.32
Processing batch 11/12 (rows 10001-11000)
  Calculated 1000 temperatures. Range: -2.74 to 15.36
Processing batch 12/12 (rows 11001-11035)
  Calculated 35 temperatures. Range: -2.70 to 10.88
Total observations: 11035, Unique timestamps: 2207
MR parameters: mass=0.33, elev=2195.0, b0=17.10, b1=0.98, b2=-0.48, b3=0.000124
Sample tb=276.59 K, log(mass)=-1.1087, 1/(kT)=41.942248, exponent=-3.8466, rmr=0.021352
Sample tb=273.73 K, log(mass)=-1.1087, 1/(kT)=42.380580, exponent=-4.0570, rmr=0.017301
Sample tb=308.77 K, log(mass)=-1.1087, 1/(kT)=37.571295, exponent=-1.7485, rmr=0.174029
Sample tb=284.53 K, log(mass)=-1.1087, 1/(kT)=40.772092, exponent=-3.2849, rmr=0.037444
Sample tb=288.59 K, log(mass)=-1.1087, 1/(kT)=40.199238, exponent=-3.0099, rmr=0.049294
MR results: 0 NA, 0 infinite, 0 negative, 0 zero
Energy calculations: 2536 non-zero gains, 11035 non-zero losses out of 11035 observations
Saved results to output/results/A1/1959/M/eb_results_MB_1959_A1_D1.rds

Processing: Species=MB, Year=1960, Origin=A1, Climate=D1, Sex=M
Looking for climate data at: /mmfs1/gscratch/biology/jmsmith/targeted_microclimate/D1/simplified_D1_1960.rds
Directory /mmfs1/gscratch/biology/jmsmith/targeted_microclimate/D1 exists. Contents:
simplified_D1_1945.rds
simplified_D1_1946.rds
simplified_D1_1947.rds
simplified_D1_1948.rds
simplified_D1_1949.rds
simplified_D1_1950.rds
simplified_D1_1951.rds
simplified_D1_1952.rds
simplified_D1_1953.rds
simplified_D1_1954.rds
simplified_D1_1955.rds
simplified_D1_1956.rds
simplified_D1_1957.rds
simplified_D1_1958.rds
simplified_D1_1959.rds
simplified_D1_1960.rds
simplified_D1_1961.rds
simplified_D1_1962.rds
simplified_D1_1963.rds
simplified_D1_1964.rds
simplified_D1_2005.rds
simplified_D1_2006.rds
simplified_D1_2007.rds
simplified_D1_2008.rds
simplified_D1_2009.rds
simplified_D1_2010.rds
simplified_D1_2011.rds
simplified_D1_2012.rds
simplified_D1_2013.rds
simplified_D1_2014.rds
simplified_D1_2015.rds
simplified_D1_2016.rds
simplified_D1_2017.rds
simplified_D1_2018.rds
simplified_D1_2019.rds
simplified_D1_2020.rds
simplified_D1_2021.rds
simplified_D1_2022.rds
simplified_D1_2023.rds
simplified_D1_2024.rds
Processing batch 1/12 (rows 1-1000)
  Calculated 1000 temperatures. Range: -8.30 to 60.00
Processing batch 2/12 (rows 1001-2000)
  Calculated 1000 temperatures. Range: -8.83 to 52.66
Processing batch 3/12 (rows 2001-3000)
  Calculated 1000 temperatures. Range: -7.21 to 46.95
Processing batch 4/12 (rows 3001-4000)
  Calculated 1000 temperatures. Range: -4.74 to 40.22
Processing batch 5/12 (rows 4001-5000)
  Calculated 1000 temperatures. Range: -8.39 to 43.59
Processing batch 6/12 (rows 5001-6000)
  Calculated 1000 temperatures. Range: -4.91 to 41.19
Processing batch 7/12 (rows 6001-7000)
  Calculated 1000 temperatures. Range: -8.10 to 34.96
Processing batch 8/12 (rows 7001-8000)
  Calculated 1000 temperatures. Range: -6.43 to 13.04
Processing batch 9/12 (rows 8001-9000)
  Calculated 1000 temperatures. Range: -7.60 to 13.10
Processing batch 10/12 (rows 9001-10000)
  Calculated 1000 temperatures. Range: -6.19 to 14.55
Processing batch 11/12 (rows 10001-11000)
  Calculated 1000 temperatures. Range: -7.80 to 16.31
Processing batch 12/12 (rows 11001-11035)
  Calculated 35 temperatures. Range: -2.71 to 13.95
Total observations: 11035, Unique timestamps: 2207
MR parameters: mass=0.33, elev=2195.0, b0=17.10, b1=0.98, b2=-0.48, b3=0.000124
Sample tb=282.69 K, log(mass)=-1.1087, 1/(kT)=41.037445, exponent=-3.4123, rmr=0.032966
Sample tb=289.67 K, log(mass)=-1.1087, 1/(kT)=40.049103, exponent=-2.9379, rmr=0.052978
Sample tb=317.42 K, log(mass)=-1.1087, 1/(kT)=36.547098, exponent=-1.2569, rmr=0.284530
Sample tb=273.98 K, log(mass)=-1.1087, 1/(kT)=42.342294, exponent=-4.0386, rmr=0.017622
Sample tb=271.99 K, log(mass)=-1.1087, 1/(kT)=42.652705, exponent=-4.1876, rmr=0.015183
MR results: 0 NA, 0 infinite, 0 negative, 0 zero
Energy calculations: 2538 non-zero gains, 11035 non-zero losses out of 11035 observations
Saved results to output/results/A1/1960/M/eb_results_MB_1960_A1_D1.rds

Processing: Species=MB, Year=1961, Origin=A1, Climate=D1, Sex=M
Looking for climate data at: /mmfs1/gscratch/biology/jmsmith/targeted_microclimate/D1/simplified_D1_1961.rds
Directory /mmfs1/gscratch/biology/jmsmith/targeted_microclimate/D1 exists. Contents:
simplified_D1_1945.rds
simplified_D1_1946.rds
simplified_D1_1947.rds
simplified_D1_1948.rds
simplified_D1_1949.rds
simplified_D1_1950.rds
simplified_D1_1951.rds
simplified_D1_1952.rds
simplified_D1_1953.rds
simplified_D1_1954.rds
simplified_D1_1955.rds
simplified_D1_1956.rds
simplified_D1_1957.rds
simplified_D1_1958.rds
simplified_D1_1959.rds
simplified_D1_1960.rds
simplified_D1_1961.rds
simplified_D1_1962.rds
simplified_D1_1963.rds
simplified_D1_1964.rds
simplified_D1_2005.rds
simplified_D1_2006.rds
simplified_D1_2007.rds
simplified_D1_2008.rds
simplified_D1_2009.rds
simplified_D1_2010.rds
simplified_D1_2011.rds
simplified_D1_2012.rds
simplified_D1_2013.rds
simplified_D1_2014.rds
simplified_D1_2015.rds
simplified_D1_2016.rds
simplified_D1_2017.rds
simplified_D1_2018.rds
simplified_D1_2019.rds
simplified_D1_2020.rds
simplified_D1_2021.rds
simplified_D1_2022.rds
simplified_D1_2023.rds
simplified_D1_2024.rds
Processing batch 1/12 (rows 1-1000)
  Calculated 1000 temperatures. Range: -9.79 to 49.44
Processing batch 2/12 (rows 1001-2000)
  Calculated 1000 temperatures. Range: -6.41 to 47.72
Processing batch 3/12 (rows 2001-3000)
  Calculated 1000 temperatures. Range: -9.34 to 49.34
Processing batch 4/12 (rows 3001-4000)
  Calculated 1000 temperatures. Range: -6.14 to 37.71
Processing batch 5/12 (rows 4001-5000)
  Calculated 1000 temperatures. Range: -9.10 to 37.52
Processing batch 6/12 (rows 5001-6000)
  Calculated 1000 temperatures. Range: -5.78 to 38.78
Processing batch 7/12 (rows 6001-7000)
  Calculated 1000 temperatures. Range: -8.24 to 38.21
Processing batch 8/12 (rows 7001-8000)
  Calculated 1000 temperatures. Range: -6.04 to 12.21
Processing batch 9/12 (rows 8001-9000)
  Calculated 1000 temperatures. Range: -8.50 to 12.56
Processing batch 10/12 (rows 9001-10000)
  Calculated 1000 temperatures. Range: -4.55 to 14.72
Processing batch 11/12 (rows 10001-11000)
  Calculated 1000 temperatures. Range: -5.93 to 15.21
Processing batch 12/12 (rows 11001-11035)
  Calculated 35 temperatures. Range: -0.79 to 9.08
Total observations: 11035, Unique timestamps: 2207
MR parameters: mass=0.33, elev=2195.0, b0=17.10, b1=0.98, b2=-0.48, b3=0.000124
Sample tb=274.62 K, log(mass)=-1.1087, 1/(kT)=42.243295, exponent=-3.9911, rmr=0.018480
Sample tb=277.72 K, log(mass)=-1.1087, 1/(kT)=41.772010, exponent=-3.7649, rmr=0.023171
Sample tb=285.43 K, log(mass)=-1.1087, 1/(kT)=40.643572, exponent=-3.2232, rmr=0.039826
Sample tb=271.47 K, log(mass)=-1.1087, 1/(kT)=42.733716, exponent=-4.2265, rmr=0.014604
Sample tb=269.14 K, log(mass)=-1.1087, 1/(kT)=43.104171, exponent=-4.4043, rmr=0.012225
MR results: 0 NA, 0 infinite, 0 negative, 0 zero
Energy calculations: 2502 non-zero gains, 11035 non-zero losses out of 11035 observations
Saved results to output/results/A1/1961/M/eb_results_MB_1961_A1_D1.rds

Processing: Species=MB, Year=1962, Origin=A1, Climate=D1, Sex=M
Looking for climate data at: /mmfs1/gscratch/biology/jmsmith/targeted_microclimate/D1/simplified_D1_1962.rds
Directory /mmfs1/gscratch/biology/jmsmith/targeted_microclimate/D1 exists. Contents:
simplified_D1_1945.rds
simplified_D1_1946.rds
simplified_D1_1947.rds
simplified_D1_1948.rds
simplified_D1_1949.rds
simplified_D1_1950.rds
simplified_D1_1951.rds
simplified_D1_1952.rds
simplified_D1_1953.rds
simplified_D1_1954.rds
simplified_D1_1955.rds
simplified_D1_1956.rds
simplified_D1_1957.rds
simplified_D1_1958.rds
simplified_D1_1959.rds
simplified_D1_1960.rds
simplified_D1_1961.rds
simplified_D1_1962.rds
simplified_D1_1963.rds
simplified_D1_1964.rds
simplified_D1_2005.rds
simplified_D1_2006.rds
simplified_D1_2007.rds
simplified_D1_2008.rds
simplified_D1_2009.rds
simplified_D1_2010.rds
simplified_D1_2011.rds
simplified_D1_2012.rds
simplified_D1_2013.rds
simplified_D1_2014.rds
simplified_D1_2015.rds
simplified_D1_2016.rds
simplified_D1_2017.rds
simplified_D1_2018.rds
simplified_D1_2019.rds
simplified_D1_2020.rds
simplified_D1_2021.rds
simplified_D1_2022.rds
simplified_D1_2023.rds
simplified_D1_2024.rds
Processing batch 1/12 (rows 1-1000)
  Calculated 1000 temperatures. Range: -11.60 to 51.74
Processing batch 2/12 (rows 1001-2000)
  Calculated 1000 temperatures. Range: -6.41 to 47.24
Processing batch 3/12 (rows 2001-3000)
  Calculated 1000 temperatures. Range: -10.91 to 43.24
Processing batch 4/12 (rows 3001-4000)
  Calculated 1000 temperatures. Range: -4.92 to 39.65
Processing batch 5/12 (rows 4001-5000)
  Calculated 1000 temperatures. Range: -10.88 to 35.99
Processing batch 6/12 (rows 5001-6000)
  Calculated 1000 temperatures. Range: -4.89 to 40.41
Processing batch 7/12 (rows 6001-7000)
  Calculated 1000 temperatures. Range: -9.61 to 36.89
Processing batch 8/12 (rows 7001-8000)
  Calculated 1000 temperatures. Range: -7.90 to 11.36
Processing batch 9/12 (rows 8001-9000)
  Calculated 1000 temperatures. Range: -8.28 to 12.65
Processing batch 10/12 (rows 9001-10000)
  Calculated 1000 temperatures. Range: -9.83 to 13.93
Processing batch 11/12 (rows 10001-11000)
  Calculated 1000 temperatures. Range: -5.32 to 15.60
Processing batch 12/12 (rows 11001-11035)
  Calculated 35 temperatures. Range: -5.69 to 7.32
Total observations: 11035, Unique timestamps: 2207
MR parameters: mass=0.33, elev=2195.0, b0=17.10, b1=0.98, b2=-0.48, b3=0.000124
Sample tb=280.13 K, log(mass)=-1.1087, 1/(kT)=41.412435, exponent=-3.5923, rmr=0.027536
Sample tb=290.94 K, log(mass)=-1.1087, 1/(kT)=39.874027, exponent=-2.8538, rmr=0.057622
Sample tb=280.41 K, log(mass)=-1.1087, 1/(kT)=41.371028, exponent=-3.5724, rmr=0.028088
Sample tb=283.81 K, log(mass)=-1.1087, 1/(kT)=40.876050, exponent=-3.3348, rmr=0.035621
Sample tb=273.47 K, log(mass)=-1.1087, 1/(kT)=42.421365, exponent=-4.0766, rmr=0.016966
MR results: 0 NA, 0 infinite, 0 negative, 0 zero
Energy calculations: 2381 non-zero gains, 11035 non-zero losses out of 11035 observations
Saved results to output/results/A1/1962/M/eb_results_MB_1962_A1_D1.rds

Processing: Species=MB, Year=1963, Origin=A1, Climate=D1, Sex=M
Looking for climate data at: /mmfs1/gscratch/biology/jmsmith/targeted_microclimate/D1/simplified_D1_1963.rds
Directory /mmfs1/gscratch/biology/jmsmith/targeted_microclimate/D1 exists. Contents:
simplified_D1_1945.rds
simplified_D1_1946.rds
simplified_D1_1947.rds
simplified_D1_1948.rds
simplified_D1_1949.rds
simplified_D1_1950.rds
simplified_D1_1951.rds
simplified_D1_1952.rds
simplified_D1_1953.rds
simplified_D1_1954.rds
simplified_D1_1955.rds
simplified_D1_1956.rds
simplified_D1_1957.rds
simplified_D1_1958.rds
simplified_D1_1959.rds
simplified_D1_1960.rds
simplified_D1_1961.rds
simplified_D1_1962.rds
simplified_D1_1963.rds
simplified_D1_1964.rds
simplified_D1_2005.rds
simplified_D1_2006.rds
simplified_D1_2007.rds
simplified_D1_2008.rds
simplified_D1_2009.rds
simplified_D1_2010.rds
simplified_D1_2011.rds
simplified_D1_2012.rds
simplified_D1_2013.rds
simplified_D1_2014.rds
simplified_D1_2015.rds
simplified_D1_2016.rds
simplified_D1_2017.rds
simplified_D1_2018.rds
simplified_D1_2019.rds
simplified_D1_2020.rds
simplified_D1_2021.rds
simplified_D1_2022.rds
simplified_D1_2023.rds
simplified_D1_2024.rds
Processing batch 1/12 (rows 1-1000)
  Calculated 1000 temperatures. Range: -9.24 to 51.04
Processing batch 2/12 (rows 1001-2000)
  Calculated 1000 temperatures. Range: -3.57 to 49.96
Processing batch 3/12 (rows 2001-3000)
  Calculated 1000 temperatures. Range: -7.73 to 44.98
Processing batch 4/12 (rows 3001-4000)
  Calculated 1000 temperatures. Range: -3.16 to 38.99
Processing batch 5/12 (rows 4001-5000)
  Calculated 1000 temperatures. Range: -7.71 to 36.26
Processing batch 6/12 (rows 5001-6000)
  Calculated 1000 temperatures. Range: -4.81 to 39.30
Processing batch 7/12 (rows 6001-7000)
  Calculated 1000 temperatures. Range: -7.51 to 35.14
Processing batch 8/12 (rows 7001-8000)
  Calculated 1000 temperatures. Range: -4.94 to 13.40
Processing batch 9/12 (rows 8001-9000)
  Calculated 1000 temperatures. Range: -7.12 to 12.23
Processing batch 10/12 (rows 9001-10000)
  Calculated 1000 temperatures. Range: -5.92 to 14.92
Processing batch 11/12 (rows 10001-11000)
  Calculated 1000 temperatures. Range: -2.44 to 16.29
Processing batch 12/12 (rows 11001-11035)
  Calculated 35 temperatures. Range: -1.34 to 10.35
Total observations: 11035, Unique timestamps: 2207
MR parameters: mass=0.33, elev=2195.0, b0=17.10, b1=0.98, b2=-0.48, b3=0.000124
Sample tb=293.98 K, log(mass)=-1.1087, 1/(kT)=39.461281, exponent=-2.6557, rmr=0.070248
Sample tb=281.49 K, log(mass)=-1.1087, 1/(kT)=41.212681, exponent=-3.4964, rmr=0.030306
Sample tb=291.35 K, log(mass)=-1.1087, 1/(kT)=39.817193, exponent=-2.8266, rmr=0.059216
Sample tb=274.39 K, log(mass)=-1.1087, 1/(kT)=42.279222, exponent=-4.0083, rmr=0.018164
Sample tb=275.10 K, log(mass)=-1.1087, 1/(kT)=42.170549, exponent=-3.9562, rmr=0.019136
MR results: 0 NA, 0 infinite, 0 negative, 0 zero
Energy calculations: 2516 non-zero gains, 11035 non-zero losses out of 11035 observations
Saved results to output/results/A1/1963/M/eb_results_MB_1963_A1_D1.rds

Processing: Species=MB, Year=1964, Origin=A1, Climate=D1, Sex=M
Looking for climate data at: /mmfs1/gscratch/biology/jmsmith/targeted_microclimate/D1/simplified_D1_1964.rds
Directory /mmfs1/gscratch/biology/jmsmith/targeted_microclimate/D1 exists. Contents:
simplified_D1_1945.rds
simplified_D1_1946.rds
simplified_D1_1947.rds
simplified_D1_1948.rds
simplified_D1_1949.rds
simplified_D1_1950.rds
simplified_D1_1951.rds
simplified_D1_1952.rds
simplified_D1_1953.rds
simplified_D1_1954.rds
simplified_D1_1955.rds
simplified_D1_1956.rds
simplified_D1_1957.rds
simplified_D1_1958.rds
simplified_D1_1959.rds
simplified_D1_1960.rds
simplified_D1_1961.rds
simplified_D1_1962.rds
simplified_D1_1963.rds
simplified_D1_1964.rds
simplified_D1_2005.rds
simplified_D1_2006.rds
simplified_D1_2007.rds
simplified_D1_2008.rds
simplified_D1_2009.rds
simplified_D1_2010.rds
simplified_D1_2011.rds
simplified_D1_2012.rds
simplified_D1_2013.rds
simplified_D1_2014.rds
simplified_D1_2015.rds
simplified_D1_2016.rds
simplified_D1_2017.rds
simplified_D1_2018.rds
simplified_D1_2019.rds
simplified_D1_2020.rds
simplified_D1_2021.rds
simplified_D1_2022.rds
simplified_D1_2023.rds
simplified_D1_2024.rds
Processing batch 1/12 (rows 1-1000)
  Calculated 1000 temperatures. Range: -10.47 to 47.54
Processing batch 2/12 (rows 1001-2000)
  Calculated 1000 temperatures. Range: -8.34 to 50.76
Processing batch 3/12 (rows 2001-3000)
  Calculated 1000 temperatures. Range: -10.99 to 36.34
Processing batch 4/12 (rows 3001-4000)
  Calculated 1000 temperatures. Range: -4.46 to 39.66
Processing batch 5/12 (rows 4001-5000)
  Calculated 1000 temperatures. Range: -10.04 to 35.12
Processing batch 6/12 (rows 5001-6000)
  Calculated 1000 temperatures. Range: -5.67 to 40.23
Processing batch 7/12 (rows 6001-7000)
  Calculated 1000 temperatures. Range: -10.06 to 36.93
Processing batch 8/12 (rows 7001-8000)
  Calculated 1000 temperatures. Range: -7.69 to 13.08
Processing batch 9/12 (rows 8001-9000)
  Calculated 1000 temperatures. Range: -10.15 to 13.01
Processing batch 10/12 (rows 9001-10000)
  Calculated 1000 temperatures. Range: -7.68 to 15.45
Processing batch 11/12 (rows 10001-11000)
  Calculated 1000 temperatures. Range: -7.78 to 15.53
Processing batch 12/12 (rows 11001-11035)
  Calculated 35 temperatures. Range: -7.27 to 11.90
Total observations: 11035, Unique timestamps: 2207
MR parameters: mass=0.33, elev=2195.0, b0=17.10, b1=0.98, b2=-0.48, b3=0.000124
Sample tb=282.92 K, log(mass)=-1.1087, 1/(kT)=41.004198, exponent=-3.3963, rmr=0.033496
Sample tb=267.47 K, log(mass)=-1.1087, 1/(kT)=43.373477, exponent=-4.5336, rmr=0.010742
Sample tb=286.51 K, log(mass)=-1.1087, 1/(kT)=40.490325, exponent=-3.1497, rmr=0.042866
Sample tb=271.83 K, log(mass)=-1.1087, 1/(kT)=42.677172, exponent=-4.1994, rmr=0.015005
Sample tb=297.09 K, log(mass)=-1.1087, 1/(kT)=39.047915, exponent=-2.4573, rmr=0.085665
MR results: 0 NA, 0 infinite, 0 negative, 0 zero
Energy calculations: 2358 non-zero gains, 11035 non-zero losses out of 11035 observations
Saved results to output/results/A1/1964/M/eb_results_MB_1964_A1_D1.rds

All years processed.
