Arguments received:
Species: MB
Years: 2005, 2006, 2007, 2008, 2009, 2010, 2011, 2012, 2013, 2014, 2015, 2016, 2017, 2018, 2019, 2020, 2021, 2022, 2023, 2024
Origin site: D1
Climate site: C1
Sex: M
Output directory: output/results/D1
Library paths:
[1] "/gscratch/biology/jmsmith/R"                          
[2] "/mmfs1/home/smithju/R/x86_64-pc-linux-gnu-library/4.4"
[3] "/usr/local/lib/R/site-library"                        
[4] "/usr/local/lib/R/library"                             
Package tidyverse loaded successfully
Package TrenchR loaded successfully
Package rTPC loaded successfully
Package lubridate loaded successfully

Processing: Species=MB, Year=2005, Origin=D1, Climate=C1, Sex=M
Looking for climate data at: /mmfs1/gscratch/biology/jmsmith/targeted_microclimate/C1/simplified_C1_2005.rds
Directory /mmfs1/gscratch/biology/jmsmith/targeted_microclimate/C1 exists. Contents:
simplified_C1_1945.rds
simplified_C1_1946.rds
simplified_C1_1947.rds
simplified_C1_1948.rds
simplified_C1_1949.rds
simplified_C1_1950.rds
simplified_C1_1951.rds
simplified_C1_1952.rds
simplified_C1_1953.rds
simplified_C1_1954.rds
simplified_C1_1955.rds
simplified_C1_1956.rds
simplified_C1_1957.rds
simplified_C1_1958.rds
simplified_C1_1959.rds
simplified_C1_1960.rds
simplified_C1_1961.rds
simplified_C1_1962.rds
simplified_C1_1963.rds
simplified_C1_1964.rds
simplified_C1_2005.rds
simplified_C1_2006.rds
simplified_C1_2007.rds
simplified_C1_2008.rds
simplified_C1_2009.rds
simplified_C1_2010.rds
simplified_C1_2011.rds
simplified_C1_2012.rds
simplified_C1_2013.rds
simplified_C1_2014.rds
simplified_C1_2015.rds
simplified_C1_2016.rds
simplified_C1_2017.rds
simplified_C1_2018.rds
simplified_C1_2019.rds
simplified_C1_2020.rds
simplified_C1_2021.rds
simplified_C1_2022.rds
simplified_C1_2023.rds
simplified_C1_2024.rds
Processing batch 1/12 (rows 1-1000)
  Calculated 1000 temperatures. Range: -5.98 to 52.11
Processing batch 2/12 (rows 1001-2000)
  Calculated 1000 temperatures. Range: -0.91 to 51.50
Processing batch 3/12 (rows 2001-3000)
  Calculated 1000 temperatures. Range: -4.56 to 49.01
Processing batch 4/12 (rows 3001-4000)
  Calculated 1000 temperatures. Range: -0.67 to 41.97
Processing batch 5/12 (rows 4001-5000)
  Calculated 1000 temperatures. Range: -5.08 to 39.36
Processing batch 6/12 (rows 5001-6000)
  Calculated 1000 temperatures. Range: -0.99 to 39.01
Processing batch 7/12 (rows 6001-7000)
  Calculated 1000 temperatures. Range: -4.44 to 36.15
Processing batch 8/12 (rows 7001-8000)
  Calculated 1000 temperatures. Range: -0.61 to 17.17
Processing batch 9/12 (rows 8001-9000)
  Calculated 1000 temperatures. Range: -2.64 to 15.29
Processing batch 10/12 (rows 9001-10000)
  Calculated 1000 temperatures. Range: -4.03 to 20.48
Processing batch 11/12 (rows 10001-11000)
  Calculated 1000 temperatures. Range: 0.82 to 21.73
Processing batch 12/12 (rows 11001-11035)
  Calculated 35 temperatures. Range: -0.32 to 17.58
Total observations: 11035, Unique timestamps: 2207
MR parameters: mass=0.22, elev=3300.0, b0=17.10, b1=0.98, b2=-0.48, b3=0.000124
Sample tb=287.39 K, log(mass)=-1.5141, 1/(kT)=40.367058, exponent=-3.3508, rmr=0.035055
Sample tb=298.88 K, log(mass)=-1.5141, 1/(kT)=38.814659, exponent=-2.6057, rmr=0.073853
Sample tb=286.20 K, log(mass)=-1.5141, 1/(kT)=40.534569, exponent=-3.4312, rmr=0.032347
Sample tb=279.42 K, log(mass)=-1.5141, 1/(kT)=41.517954, exponent=-3.9033, rmr=0.020176
Sample tb=292.11 K, log(mass)=-1.5141, 1/(kT)=39.714534, exponent=-3.0376, rmr=0.047949
MR results: 0 NA, 0 infinite, 0 negative, 0 zero
Energy calculations: 3635 non-zero gains, 11035 non-zero losses out of 11035 observations
Saved results to output/results/D1/2005/M/eb_results_MB_2005_D1_C1.rds

Processing: Species=MB, Year=2006, Origin=D1, Climate=C1, Sex=M
Looking for climate data at: /mmfs1/gscratch/biology/jmsmith/targeted_microclimate/C1/simplified_C1_2006.rds
Directory /mmfs1/gscratch/biology/jmsmith/targeted_microclimate/C1 exists. Contents:
simplified_C1_1945.rds
simplified_C1_1946.rds
simplified_C1_1947.rds
simplified_C1_1948.rds
simplified_C1_1949.rds
simplified_C1_1950.rds
simplified_C1_1951.rds
simplified_C1_1952.rds
simplified_C1_1953.rds
simplified_C1_1954.rds
simplified_C1_1955.rds
simplified_C1_1956.rds
simplified_C1_1957.rds
simplified_C1_1958.rds
simplified_C1_1959.rds
simplified_C1_1960.rds
simplified_C1_1961.rds
simplified_C1_1962.rds
simplified_C1_1963.rds
simplified_C1_1964.rds
simplified_C1_2005.rds
simplified_C1_2006.rds
simplified_C1_2007.rds
simplified_C1_2008.rds
simplified_C1_2009.rds
simplified_C1_2010.rds
simplified_C1_2011.rds
simplified_C1_2012.rds
simplified_C1_2013.rds
simplified_C1_2014.rds
simplified_C1_2015.rds
simplified_C1_2016.rds
simplified_C1_2017.rds
simplified_C1_2018.rds
simplified_C1_2019.rds
simplified_C1_2020.rds
simplified_C1_2021.rds
simplified_C1_2022.rds
simplified_C1_2023.rds
simplified_C1_2024.rds
Processing batch 1/12 (rows 1-1000)
  Calculated 1000 temperatures. Range: -3.00 to 52.08
Processing batch 2/12 (rows 1001-2000)
  Calculated 1000 temperatures. Range: 0.62 to 53.17
Processing batch 3/12 (rows 2001-3000)
  Calculated 1000 temperatures. Range: -2.36 to 50.12
Processing batch 4/12 (rows 3001-4000)
  Calculated 1000 temperatures. Range: 2.17 to 44.14
Processing batch 5/12 (rows 4001-5000)
  Calculated 1000 temperatures. Range: -1.30 to 39.27
Processing batch 6/12 (rows 5001-6000)
  Calculated 1000 temperatures. Range: -0.59 to 40.58
Processing batch 7/12 (rows 6001-7000)
  Calculated 1000 temperatures. Range: -0.83 to 36.97
Processing batch 8/12 (rows 7001-8000)
  Calculated 1000 temperatures. Range: -1.28 to 16.97
Processing batch 9/12 (rows 8001-9000)
  Calculated 1000 temperatures. Range: -0.58 to 18.45
Processing batch 10/12 (rows 9001-10000)
  Calculated 1000 temperatures. Range: -1.17 to 20.74
Processing batch 11/12 (rows 10001-11000)
  Calculated 1000 temperatures. Range: 0.26 to 21.11
Processing batch 12/12 (rows 11001-11035)
  Calculated 35 temperatures. Range: 3.28 to 16.41
Total observations: 11035, Unique timestamps: 2207
MR parameters: mass=0.22, elev=3300.0, b0=17.10, b1=0.98, b2=-0.48, b3=0.000124
Sample tb=285.91 K, log(mass)=-1.5141, 1/(kT)=40.575243, exponent=-3.4508, rmr=0.031721
Sample tb=276.02 K, log(mass)=-1.5141, 1/(kT)=42.029045, exponent=-4.1486, rmr=0.015787
Sample tb=288.04 K, log(mass)=-1.5141, 1/(kT)=40.274745, exponent=-3.3065, rmr=0.036643
Sample tb=283.18 K, log(mass)=-1.5141, 1/(kT)=40.965949, exponent=-3.6383, rmr=0.026297
Sample tb=307.21 K, log(mass)=-1.5141, 1/(kT)=37.761606, exponent=-2.1002, rmr=0.122430
MR results: 0 NA, 0 infinite, 0 negative, 0 zero
Energy calculations: 3861 non-zero gains, 11035 non-zero losses out of 11035 observations
Saved results to output/results/D1/2006/M/eb_results_MB_2006_D1_C1.rds

Processing: Species=MB, Year=2007, Origin=D1, Climate=C1, Sex=M
Looking for climate data at: /mmfs1/gscratch/biology/jmsmith/targeted_microclimate/C1/simplified_C1_2007.rds
Directory /mmfs1/gscratch/biology/jmsmith/targeted_microclimate/C1 exists. Contents:
simplified_C1_1945.rds
simplified_C1_1946.rds
simplified_C1_1947.rds
simplified_C1_1948.rds
simplified_C1_1949.rds
simplified_C1_1950.rds
simplified_C1_1951.rds
simplified_C1_1952.rds
simplified_C1_1953.rds
simplified_C1_1954.rds
simplified_C1_1955.rds
simplified_C1_1956.rds
simplified_C1_1957.rds
simplified_C1_1958.rds
simplified_C1_1959.rds
simplified_C1_1960.rds
simplified_C1_1961.rds
simplified_C1_1962.rds
simplified_C1_1963.rds
simplified_C1_1964.rds
simplified_C1_2005.rds
simplified_C1_2006.rds
simplified_C1_2007.rds
simplified_C1_2008.rds
simplified_C1_2009.rds
simplified_C1_2010.rds
simplified_C1_2011.rds
simplified_C1_2012.rds
simplified_C1_2013.rds
simplified_C1_2014.rds
simplified_C1_2015.rds
simplified_C1_2016.rds
simplified_C1_2017.rds
simplified_C1_2018.rds
simplified_C1_2019.rds
simplified_C1_2020.rds
simplified_C1_2021.rds
simplified_C1_2022.rds
simplified_C1_2023.rds
simplified_C1_2024.rds
Processing batch 1/12 (rows 1-1000)
  Calculated 1000 temperatures. Range: -8.11 to 56.87
Processing batch 2/12 (rows 1001-2000)
  Calculated 1000 temperatures. Range: 1.38 to 48.61
Processing batch 3/12 (rows 2001-3000)
  Calculated 1000 temperatures. Range: -6.99 to 45.65
Processing batch 4/12 (rows 3001-4000)
  Calculated 1000 temperatures. Range: 2.21 to 40.61
Processing batch 5/12 (rows 4001-5000)
  Calculated 1000 temperatures. Range: -6.44 to 42.45
Processing batch 6/12 (rows 5001-6000)
  Calculated 1000 temperatures. Range: 2.32 to 38.78
Processing batch 7/12 (rows 6001-7000)
  Calculated 1000 temperatures. Range: -5.00 to 36.46
Processing batch 8/12 (rows 7001-8000)
  Calculated 1000 temperatures. Range: -1.45 to 16.61
Processing batch 9/12 (rows 8001-9000)
  Calculated 1000 temperatures. Range: -2.72 to 16.20
Processing batch 10/12 (rows 9001-10000)
  Calculated 1000 temperatures. Range: -5.15 to 20.41
Processing batch 11/12 (rows 10001-11000)
  Calculated 1000 temperatures. Range: 3.02 to 19.99
Processing batch 12/12 (rows 11001-11035)
  Calculated 35 temperatures. Range: 4.16 to 17.41
Total observations: 11035, Unique timestamps: 2207
MR parameters: mass=0.22, elev=3300.0, b0=17.10, b1=0.98, b2=-0.48, b3=0.000124
Sample tb=280.62 K, log(mass)=-1.5141, 1/(kT)=41.340375, exponent=-3.8180, rmr=0.021971
Sample tb=281.69 K, log(mass)=-1.5141, 1/(kT)=41.183504, exponent=-3.7427, rmr=0.023689
Sample tb=280.84 K, log(mass)=-1.5141, 1/(kT)=41.307965, exponent=-3.8025, rmr=0.022316
Sample tb=281.77 K, log(mass)=-1.5141, 1/(kT)=41.171985, exponent=-3.7372, rmr=0.023821
Sample tb=272.61 K, log(mass)=-1.5141, 1/(kT)=42.555662, exponent=-4.4014, rmr=0.012261
MR results: 0 NA, 0 infinite, 0 negative, 0 zero
Energy calculations: 4033 non-zero gains, 11035 non-zero losses out of 11035 observations
Saved results to output/results/D1/2007/M/eb_results_MB_2007_D1_C1.rds

Processing: Species=MB, Year=2008, Origin=D1, Climate=C1, Sex=M
Looking for climate data at: /mmfs1/gscratch/biology/jmsmith/targeted_microclimate/C1/simplified_C1_2008.rds
Directory /mmfs1/gscratch/biology/jmsmith/targeted_microclimate/C1 exists. Contents:
simplified_C1_1945.rds
simplified_C1_1946.rds
simplified_C1_1947.rds
simplified_C1_1948.rds
simplified_C1_1949.rds
simplified_C1_1950.rds
simplified_C1_1951.rds
simplified_C1_1952.rds
simplified_C1_1953.rds
simplified_C1_1954.rds
simplified_C1_1955.rds
simplified_C1_1956.rds
simplified_C1_1957.rds
simplified_C1_1958.rds
simplified_C1_1959.rds
simplified_C1_1960.rds
simplified_C1_1961.rds
simplified_C1_1962.rds
simplified_C1_1963.rds
simplified_C1_1964.rds
simplified_C1_2005.rds
simplified_C1_2006.rds
simplified_C1_2007.rds
simplified_C1_2008.rds
simplified_C1_2009.rds
simplified_C1_2010.rds
simplified_C1_2011.rds
simplified_C1_2012.rds
simplified_C1_2013.rds
simplified_C1_2014.rds
simplified_C1_2015.rds
simplified_C1_2016.rds
simplified_C1_2017.rds
simplified_C1_2018.rds
simplified_C1_2019.rds
simplified_C1_2020.rds
simplified_C1_2021.rds
simplified_C1_2022.rds
simplified_C1_2023.rds
simplified_C1_2024.rds
Processing batch 1/12 (rows 1-1000)
  Calculated 1000 temperatures. Range: -8.14 to 60.00
Processing batch 2/12 (rows 1001-2000)
  Calculated 1000 temperatures. Range: -1.52 to 52.27
Processing batch 3/12 (rows 2001-3000)
  Calculated 1000 temperatures. Range: -6.57 to 48.11
Processing batch 4/12 (rows 3001-4000)
  Calculated 1000 temperatures. Range: -0.52 to 42.03
Processing batch 5/12 (rows 4001-5000)
  Calculated 1000 temperatures. Range: -6.59 to 43.41
Processing batch 6/12 (rows 5001-6000)
  Calculated 1000 temperatures. Range: -1.41 to 39.14
Processing batch 7/12 (rows 6001-7000)
  Calculated 1000 temperatures. Range: -6.05 to 35.59
Processing batch 8/12 (rows 7001-8000)
  Calculated 1000 temperatures. Range: -0.88 to 15.84
Processing batch 9/12 (rows 8001-9000)
  Calculated 1000 temperatures. Range: -1.41 to 15.81
Processing batch 10/12 (rows 9001-10000)
  Calculated 1000 temperatures. Range: -5.33 to 18.69
Processing batch 11/12 (rows 10001-11000)
  Calculated 1000 temperatures. Range: 0.97 to 19.64
Processing batch 12/12 (rows 11001-11035)
  Calculated 35 temperatures. Range: 3.99 to 16.41
Total observations: 11035, Unique timestamps: 2207
MR parameters: mass=0.22, elev=3300.0, b0=17.10, b1=0.98, b2=-0.48, b3=0.000124
Sample tb=278.54 K, log(mass)=-1.5141, 1/(kT)=41.648361, exponent=-3.9659, rmr=0.018952
Sample tb=302.31 K, log(mass)=-1.5141, 1/(kT)=38.374569, exponent=-2.3944, rmr=0.091224
Sample tb=292.46 K, log(mass)=-1.5141, 1/(kT)=39.666210, exponent=-3.0144, rmr=0.049074
Sample tb=279.33 K, log(mass)=-1.5141, 1/(kT)=41.531233, exponent=-3.9096, rmr=0.020048
Sample tb=275.96 K, log(mass)=-1.5141, 1/(kT)=42.038697, exponent=-4.1532, rmr=0.015714
MR results: 0 NA, 0 infinite, 0 negative, 0 zero
Energy calculations: 3688 non-zero gains, 11035 non-zero losses out of 11035 observations
Saved results to output/results/D1/2008/M/eb_results_MB_2008_D1_C1.rds

Processing: Species=MB, Year=2009, Origin=D1, Climate=C1, Sex=M
Looking for climate data at: /mmfs1/gscratch/biology/jmsmith/targeted_microclimate/C1/simplified_C1_2009.rds
Directory /mmfs1/gscratch/biology/jmsmith/targeted_microclimate/C1 exists. Contents:
simplified_C1_1945.rds
simplified_C1_1946.rds
simplified_C1_1947.rds
simplified_C1_1948.rds
simplified_C1_1949.rds
simplified_C1_1950.rds
simplified_C1_1951.rds
simplified_C1_1952.rds
simplified_C1_1953.rds
simplified_C1_1954.rds
simplified_C1_1955.rds
simplified_C1_1956.rds
simplified_C1_1957.rds
simplified_C1_1958.rds
simplified_C1_1959.rds
simplified_C1_1960.rds
simplified_C1_1961.rds
simplified_C1_1962.rds
simplified_C1_1963.rds
simplified_C1_1964.rds
simplified_C1_2005.rds
simplified_C1_2006.rds
simplified_C1_2007.rds
simplified_C1_2008.rds
simplified_C1_2009.rds
simplified_C1_2010.rds
simplified_C1_2011.rds
simplified_C1_2012.rds
simplified_C1_2013.rds
simplified_C1_2014.rds
simplified_C1_2015.rds
simplified_C1_2016.rds
simplified_C1_2017.rds
simplified_C1_2018.rds
simplified_C1_2019.rds
simplified_C1_2020.rds
simplified_C1_2021.rds
simplified_C1_2022.rds
simplified_C1_2023.rds
simplified_C1_2024.rds
Processing batch 1/12 (rows 1-1000)
  Calculated 1000 temperatures. Range: -6.03 to 49.82
Processing batch 2/12 (rows 1001-2000)
  Calculated 1000 temperatures. Range: -3.33 to 54.68
Processing batch 3/12 (rows 2001-3000)
  Calculated 1000 temperatures. Range: -4.63 to 39.12
Processing batch 4/12 (rows 3001-4000)
  Calculated 1000 temperatures. Range: -0.82 to 43.66
Processing batch 5/12 (rows 4001-5000)
  Calculated 1000 temperatures. Range: -4.30 to 41.07
Processing batch 6/12 (rows 5001-6000)
  Calculated 1000 temperatures. Range: 0.12 to 40.64
Processing batch 7/12 (rows 6001-7000)
  Calculated 1000 temperatures. Range: -3.51 to 38.31
Processing batch 8/12 (rows 7001-8000)
  Calculated 1000 temperatures. Range: -0.15 to 15.55
Processing batch 9/12 (rows 8001-9000)
  Calculated 1000 temperatures. Range: -2.74 to 15.44
Processing batch 10/12 (rows 9001-10000)
  Calculated 1000 temperatures. Range: -3.16 to 18.10
Processing batch 11/12 (rows 10001-11000)
  Calculated 1000 temperatures. Range: -1.06 to 19.78
Processing batch 12/12 (rows 11001-11035)
  Calculated 35 temperatures. Range: 1.83 to 15.06
Total observations: 11035, Unique timestamps: 2207
MR parameters: mass=0.22, elev=3300.0, b0=17.10, b1=0.98, b2=-0.48, b3=0.000124
Sample tb=271.29 K, log(mass)=-1.5141, 1/(kT)=42.761617, exponent=-4.5002, rmr=0.011107
Sample tb=287.67 K, log(mass)=-1.5141, 1/(kT)=40.326830, exponent=-3.3315, rmr=0.035739
Sample tb=277.13 K, log(mass)=-1.5141, 1/(kT)=41.861325, exponent=-4.0681, rmr=0.017110
Sample tb=289.33 K, log(mass)=-1.5141, 1/(kT)=40.095310, exponent=-3.2204, rmr=0.039939
Sample tb=280.42 K, log(mass)=-1.5141, 1/(kT)=41.369526, exponent=-3.8320, rmr=0.021666
MR results: 0 NA, 0 infinite, 0 negative, 0 zero
Energy calculations: 3409 non-zero gains, 11035 non-zero losses out of 11035 observations
Saved results to output/results/D1/2009/M/eb_results_MB_2009_D1_C1.rds

Processing: Species=MB, Year=2010, Origin=D1, Climate=C1, Sex=M
Looking for climate data at: /mmfs1/gscratch/biology/jmsmith/targeted_microclimate/C1/simplified_C1_2010.rds
Directory /mmfs1/gscratch/biology/jmsmith/targeted_microclimate/C1 exists. Contents:
simplified_C1_1945.rds
simplified_C1_1946.rds
simplified_C1_1947.rds
simplified_C1_1948.rds
simplified_C1_1949.rds
simplified_C1_1950.rds
simplified_C1_1951.rds
simplified_C1_1952.rds
simplified_C1_1953.rds
simplified_C1_1954.rds
simplified_C1_1955.rds
simplified_C1_1956.rds
simplified_C1_1957.rds
simplified_C1_1958.rds
simplified_C1_1959.rds
simplified_C1_1960.rds
simplified_C1_1961.rds
simplified_C1_1962.rds
simplified_C1_1963.rds
simplified_C1_1964.rds
simplified_C1_2005.rds
simplified_C1_2006.rds
simplified_C1_2007.rds
simplified_C1_2008.rds
simplified_C1_2009.rds
simplified_C1_2010.rds
simplified_C1_2011.rds
simplified_C1_2012.rds
simplified_C1_2013.rds
simplified_C1_2014.rds
simplified_C1_2015.rds
simplified_C1_2016.rds
simplified_C1_2017.rds
simplified_C1_2018.rds
simplified_C1_2019.rds
simplified_C1_2020.rds
simplified_C1_2021.rds
simplified_C1_2022.rds
simplified_C1_2023.rds
simplified_C1_2024.rds
Processing batch 1/12 (rows 1-1000)
  Calculated 1000 temperatures. Range: -5.58 to 53.63
Processing batch 2/12 (rows 1001-2000)
  Calculated 1000 temperatures. Range: -0.95 to 51.24
Processing batch 3/12 (rows 2001-3000)
  Calculated 1000 temperatures. Range: -3.47 to 46.22
Processing batch 4/12 (rows 3001-4000)
  Calculated 1000 temperatures. Range: 0.03 to 41.01
Processing batch 5/12 (rows 4001-5000)
  Calculated 1000 temperatures. Range: -3.16 to 38.93
Processing batch 6/12 (rows 5001-6000)
  Calculated 1000 temperatures. Range: 0.35 to 38.03
Processing batch 7/12 (rows 6001-7000)
  Calculated 1000 temperatures. Range: -1.55 to 38.24
Processing batch 8/12 (rows 7001-8000)
  Calculated 1000 temperatures. Range: -1.73 to 16.45
Processing batch 9/12 (rows 8001-9000)
  Calculated 1000 temperatures. Range: -1.01 to 17.73
Processing batch 10/12 (rows 9001-10000)
  Calculated 1000 temperatures. Range: -1.33 to 19.50
Processing batch 11/12 (rows 10001-11000)
  Calculated 1000 temperatures. Range: 1.08 to 19.78
Processing batch 12/12 (rows 11001-11035)
  Calculated 35 temperatures. Range: 1.54 to 13.42
Total observations: 11035, Unique timestamps: 2207
MR parameters: mass=0.22, elev=3300.0, b0=17.10, b1=0.98, b2=-0.48, b3=0.000124
Sample tb=270.65 K, log(mass)=-1.5141, 1/(kT)=42.863244, exponent=-4.5490, rmr=0.010578
Sample tb=282.22 K, log(mass)=-1.5141, 1/(kT)=41.105702, exponent=-3.7054, rmr=0.024591
Sample tb=279.98 K, log(mass)=-1.5141, 1/(kT)=41.434808, exponent=-3.8634, rmr=0.020997
Sample tb=281.11 K, log(mass)=-1.5141, 1/(kT)=41.268826, exponent=-3.7837, rmr=0.022739
Sample tb=280.90 K, log(mass)=-1.5141, 1/(kT)=41.299370, exponent=-3.7983, rmr=0.022408
MR results: 0 NA, 0 infinite, 0 negative, 0 zero
Energy calculations: 3825 non-zero gains, 11035 non-zero losses out of 11035 observations
Saved results to output/results/D1/2010/M/eb_results_MB_2010_D1_C1.rds

Processing: Species=MB, Year=2011, Origin=D1, Climate=C1, Sex=M
Looking for climate data at: /mmfs1/gscratch/biology/jmsmith/targeted_microclimate/C1/simplified_C1_2011.rds
Directory /mmfs1/gscratch/biology/jmsmith/targeted_microclimate/C1 exists. Contents:
simplified_C1_1945.rds
simplified_C1_1946.rds
simplified_C1_1947.rds
simplified_C1_1948.rds
simplified_C1_1949.rds
simplified_C1_1950.rds
simplified_C1_1951.rds
simplified_C1_1952.rds
simplified_C1_1953.rds
simplified_C1_1954.rds
simplified_C1_1955.rds
simplified_C1_1956.rds
simplified_C1_1957.rds
simplified_C1_1958.rds
simplified_C1_1959.rds
simplified_C1_1960.rds
simplified_C1_1961.rds
simplified_C1_1962.rds
simplified_C1_1963.rds
simplified_C1_1964.rds
simplified_C1_2005.rds
simplified_C1_2006.rds
simplified_C1_2007.rds
simplified_C1_2008.rds
simplified_C1_2009.rds
simplified_C1_2010.rds
simplified_C1_2011.rds
simplified_C1_2012.rds
simplified_C1_2013.rds
simplified_C1_2014.rds
simplified_C1_2015.rds
simplified_C1_2016.rds
simplified_C1_2017.rds
simplified_C1_2018.rds
simplified_C1_2019.rds
simplified_C1_2020.rds
simplified_C1_2021.rds
simplified_C1_2022.rds
simplified_C1_2023.rds
simplified_C1_2024.rds
Processing batch 1/12 (rows 1-1000)
  Calculated 1000 temperatures. Range: -5.55 to 52.45
Processing batch 2/12 (rows 1001-2000)
  Calculated 1000 temperatures. Range: -1.12 to 55.16
Processing batch 3/12 (rows 2001-3000)
  Calculated 1000 temperatures. Range: -4.13 to 45.40
Processing batch 4/12 (rows 3001-4000)
  Calculated 1000 temperatures. Range: 1.28 to 44.86
Processing batch 5/12 (rows 4001-5000)
  Calculated 1000 temperatures. Range: -3.81 to 42.73
Processing batch 6/12 (rows 5001-6000)
  Calculated 1000 temperatures. Range: 0.90 to 41.56
Processing batch 7/12 (rows 6001-7000)
  Calculated 1000 temperatures. Range: -2.89 to 39.31
Processing batch 8/12 (rows 7001-8000)
  Calculated 1000 temperatures. Range: -0.83 to 16.67
Processing batch 9/12 (rows 8001-9000)
  Calculated 1000 temperatures. Range: -1.30 to 16.39
Processing batch 10/12 (rows 9001-10000)
  Calculated 1000 temperatures. Range: -2.58 to 19.27
Processing batch 11/12 (rows 10001-11000)
  Calculated 1000 temperatures. Range: 2.27 to 19.54
Processing batch 12/12 (rows 11001-11035)
  Calculated 35 temperatures. Range: 4.64 to 18.07
Total observations: 11035, Unique timestamps: 2207
MR parameters: mass=0.22, elev=3300.0, b0=17.10, b1=0.98, b2=-0.48, b3=0.000124
Sample tb=302.18 K, log(mass)=-1.5141, 1/(kT)=38.390603, exponent=-2.4021, rmr=0.090525
Sample tb=277.85 K, log(mass)=-1.5141, 1/(kT)=41.753094, exponent=-4.0161, rmr=0.018023
Sample tb=307.55 K, log(mass)=-1.5141, 1/(kT)=37.720930, exponent=-2.0807, rmr=0.124844
Sample tb=276.25 K, log(mass)=-1.5141, 1/(kT)=41.994208, exponent=-4.1319, rmr=0.016053
Sample tb=294.79 K, log(mass)=-1.5141, 1/(kT)=39.353066, exponent=-2.8641, rmr=0.057033
MR results: 0 NA, 0 infinite, 0 negative, 0 zero
Energy calculations: 3954 non-zero gains, 11035 non-zero losses out of 11035 observations
Saved results to output/results/D1/2011/M/eb_results_MB_2011_D1_C1.rds

Processing: Species=MB, Year=2012, Origin=D1, Climate=C1, Sex=M
Looking for climate data at: /mmfs1/gscratch/biology/jmsmith/targeted_microclimate/C1/simplified_C1_2012.rds
Directory /mmfs1/gscratch/biology/jmsmith/targeted_microclimate/C1 exists. Contents:
simplified_C1_1945.rds
simplified_C1_1946.rds
simplified_C1_1947.rds
simplified_C1_1948.rds
simplified_C1_1949.rds
simplified_C1_1950.rds
simplified_C1_1951.rds
simplified_C1_1952.rds
simplified_C1_1953.rds
simplified_C1_1954.rds
simplified_C1_1955.rds
simplified_C1_1956.rds
simplified_C1_1957.rds
simplified_C1_1958.rds
simplified_C1_1959.rds
simplified_C1_1960.rds
simplified_C1_1961.rds
simplified_C1_1962.rds
simplified_C1_1963.rds
simplified_C1_1964.rds
simplified_C1_2005.rds
simplified_C1_2006.rds
simplified_C1_2007.rds
simplified_C1_2008.rds
simplified_C1_2009.rds
simplified_C1_2010.rds
simplified_C1_2011.rds
simplified_C1_2012.rds
simplified_C1_2013.rds
simplified_C1_2014.rds
simplified_C1_2015.rds
simplified_C1_2016.rds
simplified_C1_2017.rds
simplified_C1_2018.rds
simplified_C1_2019.rds
simplified_C1_2020.rds
simplified_C1_2021.rds
simplified_C1_2022.rds
simplified_C1_2023.rds
simplified_C1_2024.rds
Processing batch 1/12 (rows 1-1000)
  Calculated 1000 temperatures. Range: -7.37 to 59.52
Processing batch 2/12 (rows 1001-2000)
  Calculated 1000 temperatures. Range: -2.99 to 56.29
Processing batch 3/12 (rows 2001-3000)
  Calculated 1000 temperatures. Range: -5.65 to 51.94
Processing batch 4/12 (rows 3001-4000)
  Calculated 1000 temperatures. Range: 0.93 to 45.10
Processing batch 5/12 (rows 4001-5000)
  Calculated 1000 temperatures. Range: -5.28 to 42.40
Processing batch 6/12 (rows 5001-6000)
  Calculated 1000 temperatures. Range: 1.32 to 42.33
Processing batch 7/12 (rows 6001-7000)
  Calculated 1000 temperatures. Range: -4.12 to 39.15
Processing batch 8/12 (rows 7001-8000)
  Calculated 1000 temperatures. Range: 0.35 to 17.04
Processing batch 9/12 (rows 8001-9000)
  Calculated 1000 temperatures. Range: 0.11 to 17.10
Processing batch 10/12 (rows 9001-10000)
  Calculated 1000 temperatures. Range: -3.77 to 21.20
Processing batch 11/12 (rows 10001-11000)
  Calculated 1000 temperatures. Range: 0.11 to 20.24
Processing batch 12/12 (rows 11001-11035)
  Calculated 35 temperatures. Range: 3.43 to 16.80
Total observations: 11035, Unique timestamps: 2207
MR parameters: mass=0.22, elev=3300.0, b0=17.10, b1=0.98, b2=-0.48, b3=0.000124
Sample tb=294.80 K, log(mass)=-1.5141, 1/(kT)=39.351825, exponent=-2.8635, rmr=0.057067
Sample tb=279.08 K, log(mass)=-1.5141, 1/(kT)=41.567969, exponent=-3.9273, rmr=0.019697
Sample tb=296.81 K, log(mass)=-1.5141, 1/(kT)=39.085119, exponent=-2.7355, rmr=0.064861
Sample tb=287.44 K, log(mass)=-1.5141, 1/(kT)=40.359778, exponent=-3.3473, rmr=0.035178
Sample tb=277.95 K, log(mass)=-1.5141, 1/(kT)=41.738023, exponent=-4.0089, rmr=0.018153
MR results: 0 NA, 0 infinite, 0 negative, 0 zero
Energy calculations: 4115 non-zero gains, 11035 non-zero losses out of 11035 observations
Saved results to output/results/D1/2012/M/eb_results_MB_2012_D1_C1.rds

Processing: Species=MB, Year=2013, Origin=D1, Climate=C1, Sex=M
Looking for climate data at: /mmfs1/gscratch/biology/jmsmith/targeted_microclimate/C1/simplified_C1_2013.rds
Directory /mmfs1/gscratch/biology/jmsmith/targeted_microclimate/C1 exists. Contents:
simplified_C1_1945.rds
simplified_C1_1946.rds
simplified_C1_1947.rds
simplified_C1_1948.rds
simplified_C1_1949.rds
simplified_C1_1950.rds
simplified_C1_1951.rds
simplified_C1_1952.rds
simplified_C1_1953.rds
simplified_C1_1954.rds
simplified_C1_1955.rds
simplified_C1_1956.rds
simplified_C1_1957.rds
simplified_C1_1958.rds
simplified_C1_1959.rds
simplified_C1_1960.rds
simplified_C1_1961.rds
simplified_C1_1962.rds
simplified_C1_1963.rds
simplified_C1_1964.rds
simplified_C1_2005.rds
simplified_C1_2006.rds
simplified_C1_2007.rds
simplified_C1_2008.rds
simplified_C1_2009.rds
simplified_C1_2010.rds
simplified_C1_2011.rds
simplified_C1_2012.rds
simplified_C1_2013.rds
simplified_C1_2014.rds
simplified_C1_2015.rds
simplified_C1_2016.rds
simplified_C1_2017.rds
simplified_C1_2018.rds
simplified_C1_2019.rds
simplified_C1_2020.rds
simplified_C1_2021.rds
simplified_C1_2022.rds
simplified_C1_2023.rds
simplified_C1_2024.rds
Processing batch 1/12 (rows 1-1000)
  Calculated 1000 temperatures. Range: -6.77 to 59.14
Processing batch 2/12 (rows 1001-2000)
  Calculated 1000 temperatures. Range: -0.73 to 51.06
Processing batch 3/12 (rows 2001-3000)
  Calculated 1000 temperatures. Range: -5.35 to 47.67
Processing batch 4/12 (rows 3001-4000)
  Calculated 1000 temperatures. Range: 0.51 to 41.53
Processing batch 5/12 (rows 4001-5000)
  Calculated 1000 temperatures. Range: -4.83 to 37.94
Processing batch 6/12 (rows 5001-6000)
  Calculated 1000 temperatures. Range: 0.82 to 42.85
Processing batch 7/12 (rows 6001-7000)
  Calculated 1000 temperatures. Range: -3.67 to 35.14
Processing batch 8/12 (rows 7001-8000)
  Calculated 1000 temperatures. Range: -0.94 to 16.76
Processing batch 9/12 (rows 8001-9000)
  Calculated 1000 temperatures. Range: -3.19 to 15.94
Processing batch 10/12 (rows 9001-10000)
  Calculated 1000 temperatures. Range: 0.02 to 20.37
Processing batch 11/12 (rows 10001-11000)
  Calculated 1000 temperatures. Range: 1.60 to 19.94
Processing batch 12/12 (rows 11001-11035)
  Calculated 35 temperatures. Range: 6.45 to 17.47
Total observations: 11035, Unique timestamps: 2207
MR parameters: mass=0.22, elev=3300.0, b0=17.10, b1=0.98, b2=-0.48, b3=0.000124
Sample tb=296.76 K, log(mass)=-1.5141, 1/(kT)=39.091354, exponent=-2.7385, rmr=0.064668
Sample tb=282.37 K, log(mass)=-1.5141, 1/(kT)=41.083468, exponent=-3.6947, rmr=0.024855
Sample tb=285.98 K, log(mass)=-1.5141, 1/(kT)=40.565042, exponent=-3.4459, rmr=0.031877
Sample tb=285.62 K, log(mass)=-1.5141, 1/(kT)=40.617056, exponent=-3.4708, rmr=0.031091
Sample tb=303.91 K, log(mass)=-1.5141, 1/(kT)=38.172559, exponent=-2.2975, rmr=0.100512
MR results: 0 NA, 0 infinite, 0 negative, 0 zero
Energy calculations: 3951 non-zero gains, 11035 non-zero losses out of 11035 observations
Saved results to output/results/D1/2013/M/eb_results_MB_2013_D1_C1.rds

Processing: Species=MB, Year=2014, Origin=D1, Climate=C1, Sex=M
Looking for climate data at: /mmfs1/gscratch/biology/jmsmith/targeted_microclimate/C1/simplified_C1_2014.rds
Directory /mmfs1/gscratch/biology/jmsmith/targeted_microclimate/C1 exists. Contents:
simplified_C1_1945.rds
simplified_C1_1946.rds
simplified_C1_1947.rds
simplified_C1_1948.rds
simplified_C1_1949.rds
simplified_C1_1950.rds
simplified_C1_1951.rds
simplified_C1_1952.rds
simplified_C1_1953.rds
simplified_C1_1954.rds
simplified_C1_1955.rds
simplified_C1_1956.rds
simplified_C1_1957.rds
simplified_C1_1958.rds
simplified_C1_1959.rds
simplified_C1_1960.rds
simplified_C1_1961.rds
simplified_C1_1962.rds
simplified_C1_1963.rds
simplified_C1_1964.rds
simplified_C1_2005.rds
simplified_C1_2006.rds
simplified_C1_2007.rds
simplified_C1_2008.rds
simplified_C1_2009.rds
simplified_C1_2010.rds
simplified_C1_2011.rds
simplified_C1_2012.rds
simplified_C1_2013.rds
simplified_C1_2014.rds
simplified_C1_2015.rds
simplified_C1_2016.rds
simplified_C1_2017.rds
simplified_C1_2018.rds
simplified_C1_2019.rds
simplified_C1_2020.rds
simplified_C1_2021.rds
simplified_C1_2022.rds
simplified_C1_2023.rds
simplified_C1_2024.rds
Processing batch 1/12 (rows 1-1000)
  Calculated 1000 temperatures. Range: -6.78 to 50.36
Processing batch 2/12 (rows 1001-2000)
  Calculated 1000 temperatures. Range: -0.10 to 49.99
Processing batch 3/12 (rows 2001-3000)
  Calculated 1000 temperatures. Range: -5.04 to 42.16
Processing batch 4/12 (rows 3001-4000)
  Calculated 1000 temperatures. Range: 0.84 to 40.81
Processing batch 5/12 (rows 4001-5000)
  Calculated 1000 temperatures. Range: -4.73 to 36.68
Processing batch 6/12 (rows 5001-6000)
  Calculated 1000 temperatures. Range: 1.15 to 37.63
Processing batch 7/12 (rows 6001-7000)
  Calculated 1000 temperatures. Range: -3.71 to 34.49
Processing batch 8/12 (rows 7001-8000)
  Calculated 1000 temperatures. Range: -2.11 to 15.76
Processing batch 9/12 (rows 8001-9000)
  Calculated 1000 temperatures. Range: -0.31 to 14.99
Processing batch 10/12 (rows 9001-10000)
  Calculated 1000 temperatures. Range: -3.35 to 18.85
Processing batch 11/12 (rows 10001-11000)
  Calculated 1000 temperatures. Range: 1.50 to 19.12
Processing batch 12/12 (rows 11001-11035)
  Calculated 35 temperatures. Range: 1.53 to 14.83
Total observations: 11035, Unique timestamps: 2207
MR parameters: mass=0.22, elev=3300.0, b0=17.10, b1=0.98, b2=-0.48, b3=0.000124
Sample tb=301.51 K, log(mass)=-1.5141, 1/(kT)=38.476407, exponent=-2.4433, rmr=0.086872
Sample tb=278.43 K, log(mass)=-1.5141, 1/(kT)=41.666115, exponent=-3.9744, rmr=0.018791
Sample tb=283.49 K, log(mass)=-1.5141, 1/(kT)=40.921286, exponent=-3.6169, rmr=0.026867
Sample tb=281.32 K, log(mass)=-1.5141, 1/(kT)=41.237769, exponent=-3.7688, rmr=0.023080
Sample tb=306.14 K, log(mass)=-1.5141, 1/(kT)=37.893814, exponent=-2.1637, rmr=0.114902
MR results: 0 NA, 0 infinite, 0 negative, 0 zero
Energy calculations: 3486 non-zero gains, 11035 non-zero losses out of 11035 observations
Saved results to output/results/D1/2014/M/eb_results_MB_2014_D1_C1.rds

Processing: Species=MB, Year=2015, Origin=D1, Climate=C1, Sex=M
Looking for climate data at: /mmfs1/gscratch/biology/jmsmith/targeted_microclimate/C1/simplified_C1_2015.rds
Directory /mmfs1/gscratch/biology/jmsmith/targeted_microclimate/C1 exists. Contents:
simplified_C1_1945.rds
simplified_C1_1946.rds
simplified_C1_1947.rds
simplified_C1_1948.rds
simplified_C1_1949.rds
simplified_C1_1950.rds
simplified_C1_1951.rds
simplified_C1_1952.rds
simplified_C1_1953.rds
simplified_C1_1954.rds
simplified_C1_1955.rds
simplified_C1_1956.rds
simplified_C1_1957.rds
simplified_C1_1958.rds
simplified_C1_1959.rds
simplified_C1_1960.rds
simplified_C1_1961.rds
simplified_C1_1962.rds
simplified_C1_1963.rds
simplified_C1_1964.rds
simplified_C1_2005.rds
simplified_C1_2006.rds
simplified_C1_2007.rds
simplified_C1_2008.rds
simplified_C1_2009.rds
simplified_C1_2010.rds
simplified_C1_2011.rds
simplified_C1_2012.rds
simplified_C1_2013.rds
simplified_C1_2014.rds
simplified_C1_2015.rds
simplified_C1_2016.rds
simplified_C1_2017.rds
simplified_C1_2018.rds
simplified_C1_2019.rds
simplified_C1_2020.rds
simplified_C1_2021.rds
simplified_C1_2022.rds
simplified_C1_2023.rds
simplified_C1_2024.rds
Processing batch 1/12 (rows 1-1000)
  Calculated 1000 temperatures. Range: -1.44 to 54.37
Processing batch 2/12 (rows 1001-2000)
  Calculated 1000 temperatures. Range: -2.33 to 50.18
Processing batch 3/12 (rows 2001-3000)
  Calculated 1000 temperatures. Range: -2.21 to 48.20
Processing batch 4/12 (rows 3001-4000)
  Calculated 1000 temperatures. Range: 1.70 to 39.97
Processing batch 5/12 (rows 4001-5000)
  Calculated 1000 temperatures. Range: -1.56 to 41.60
Processing batch 6/12 (rows 5001-6000)
  Calculated 1000 temperatures. Range: 1.78 to 39.42
Processing batch 7/12 (rows 6001-7000)
  Calculated 1000 temperatures. Range: -0.83 to 38.30
Processing batch 8/12 (rows 7001-8000)
  Calculated 1000 temperatures. Range: 1.86 to 16.73
Processing batch 9/12 (rows 8001-9000)
  Calculated 1000 temperatures. Range: -0.11 to 17.14
Processing batch 10/12 (rows 9001-10000)
  Calculated 1000 temperatures. Range: 0.64 to 19.93
Processing batch 11/12 (rows 10001-11000)
  Calculated 1000 temperatures. Range: -0.22 to 20.15
Processing batch 12/12 (rows 11001-11035)
  Calculated 35 temperatures. Range: 5.11 to 17.75
Total observations: 11035, Unique timestamps: 2207
MR parameters: mass=0.22, elev=3300.0, b0=17.10, b1=0.98, b2=-0.48, b3=0.000124
Sample tb=304.09 K, log(mass)=-1.5141, 1/(kT)=38.149506, exponent=-2.2864, rmr=0.101631
Sample tb=277.64 K, log(mass)=-1.5141, 1/(kT)=41.783722, exponent=-4.0308, rmr=0.017760
Sample tb=285.45 K, log(mass)=-1.5141, 1/(kT)=40.641044, exponent=-3.4823, rmr=0.030735
Sample tb=295.12 K, log(mass)=-1.5141, 1/(kT)=39.309661, exponent=-2.8433, rmr=0.058234
Sample tb=290.47 K, log(mass)=-1.5141, 1/(kT)=39.938947, exponent=-3.1453, rmr=0.043052
MR results: 0 NA, 0 infinite, 0 negative, 0 zero
Energy calculations: 3898 non-zero gains, 11035 non-zero losses out of 11035 observations
Saved results to output/results/D1/2015/M/eb_results_MB_2015_D1_C1.rds

Processing: Species=MB, Year=2016, Origin=D1, Climate=C1, Sex=M
Looking for climate data at: /mmfs1/gscratch/biology/jmsmith/targeted_microclimate/C1/simplified_C1_2016.rds
Directory /mmfs1/gscratch/biology/jmsmith/targeted_microclimate/C1 exists. Contents:
simplified_C1_1945.rds
simplified_C1_1946.rds
simplified_C1_1947.rds
simplified_C1_1948.rds
simplified_C1_1949.rds
simplified_C1_1950.rds
simplified_C1_1951.rds
simplified_C1_1952.rds
simplified_C1_1953.rds
simplified_C1_1954.rds
simplified_C1_1955.rds
simplified_C1_1956.rds
simplified_C1_1957.rds
simplified_C1_1958.rds
simplified_C1_1959.rds
simplified_C1_1960.rds
simplified_C1_1961.rds
simplified_C1_1962.rds
simplified_C1_1963.rds
simplified_C1_1964.rds
simplified_C1_2005.rds
simplified_C1_2006.rds
simplified_C1_2007.rds
simplified_C1_2008.rds
simplified_C1_2009.rds
simplified_C1_2010.rds
simplified_C1_2011.rds
simplified_C1_2012.rds
simplified_C1_2013.rds
simplified_C1_2014.rds
simplified_C1_2015.rds
simplified_C1_2016.rds
simplified_C1_2017.rds
simplified_C1_2018.rds
simplified_C1_2019.rds
simplified_C1_2020.rds
simplified_C1_2021.rds
simplified_C1_2022.rds
simplified_C1_2023.rds
simplified_C1_2024.rds
Processing batch 1/12 (rows 1-1000)
  Calculated 1000 temperatures. Range: -2.22 to 54.87
Processing batch 2/12 (rows 1001-2000)
  Calculated 1000 temperatures. Range: -0.71 to 50.28
Processing batch 3/12 (rows 2001-3000)
  Calculated 1000 temperatures. Range: -3.22 to 43.70
Processing batch 4/12 (rows 3001-4000)
  Calculated 1000 temperatures. Range: 0.43 to 43.85
Processing batch 5/12 (rows 4001-5000)
  Calculated 1000 temperatures. Range: -2.30 to 39.89
Processing batch 6/12 (rows 5001-6000)
  Calculated 1000 temperatures. Range: 0.52 to 41.25
Processing batch 7/12 (rows 6001-7000)
  Calculated 1000 temperatures. Range: -1.72 to 36.71
Processing batch 8/12 (rows 7001-8000)
  Calculated 1000 temperatures. Range: 0.67 to 17.39
Processing batch 9/12 (rows 8001-9000)
  Calculated 1000 temperatures. Range: -0.58 to 15.97
Processing batch 10/12 (rows 9001-10000)
  Calculated 1000 temperatures. Range: 0.44 to 21.16
Processing batch 11/12 (rows 10001-11000)
  Calculated 1000 temperatures. Range: -0.67 to 19.46
Processing batch 12/12 (rows 11001-11035)
  Calculated 35 temperatures. Range: 1.45 to 14.55
Total observations: 11035, Unique timestamps: 2207
MR parameters: mass=0.22, elev=3300.0, b0=17.10, b1=0.98, b2=-0.48, b3=0.000124
Sample tb=318.45 K, log(mass)=-1.5141, 1/(kT)=36.429464, exponent=-1.4608, rmr=0.232053
Sample tb=296.96 K, log(mass)=-1.5141, 1/(kT)=39.066078, exponent=-2.7264, rmr=0.065457
Sample tb=287.67 K, log(mass)=-1.5141, 1/(kT)=40.327267, exponent=-3.3317, rmr=0.035731
Sample tb=284.91 K, log(mass)=-1.5141, 1/(kT)=40.718562, exponent=-3.5196, rmr=0.029613
Sample tb=297.40 K, log(mass)=-1.5141, 1/(kT)=39.007741, exponent=-2.6984, rmr=0.067316
MR results: 0 NA, 0 infinite, 0 negative, 0 zero
Energy calculations: 3963 non-zero gains, 11035 non-zero losses out of 11035 observations
Saved results to output/results/D1/2016/M/eb_results_MB_2016_D1_C1.rds

Processing: Species=MB, Year=2017, Origin=D1, Climate=C1, Sex=M
Looking for climate data at: /mmfs1/gscratch/biology/jmsmith/targeted_microclimate/C1/simplified_C1_2017.rds
Directory /mmfs1/gscratch/biology/jmsmith/targeted_microclimate/C1 exists. Contents:
simplified_C1_1945.rds
simplified_C1_1946.rds
simplified_C1_1947.rds
simplified_C1_1948.rds
simplified_C1_1949.rds
simplified_C1_1950.rds
simplified_C1_1951.rds
simplified_C1_1952.rds
simplified_C1_1953.rds
simplified_C1_1954.rds
simplified_C1_1955.rds
simplified_C1_1956.rds
simplified_C1_1957.rds
simplified_C1_1958.rds
simplified_C1_1959.rds
simplified_C1_1960.rds
simplified_C1_1961.rds
simplified_C1_1962.rds
simplified_C1_1963.rds
simplified_C1_1964.rds
simplified_C1_2005.rds
simplified_C1_2006.rds
simplified_C1_2007.rds
simplified_C1_2008.rds
simplified_C1_2009.rds
simplified_C1_2010.rds
simplified_C1_2011.rds
simplified_C1_2012.rds
simplified_C1_2013.rds
simplified_C1_2014.rds
simplified_C1_2015.rds
simplified_C1_2016.rds
simplified_C1_2017.rds
simplified_C1_2018.rds
simplified_C1_2019.rds
simplified_C1_2020.rds
simplified_C1_2021.rds
simplified_C1_2022.rds
simplified_C1_2023.rds
simplified_C1_2024.rds
Processing batch 1/12 (rows 1-1000)
  Calculated 1000 temperatures. Range: -4.13 to 56.60
Processing batch 2/12 (rows 1001-2000)
  Calculated 1000 temperatures. Range: 0.82 to 48.78
Processing batch 3/12 (rows 2001-3000)
  Calculated 1000 temperatures. Range: -2.11 to 44.62
Processing batch 4/12 (rows 3001-4000)
  Calculated 1000 temperatures. Range: 1.64 to 39.02
Processing batch 5/12 (rows 4001-5000)
  Calculated 1000 temperatures. Range: -2.09 to 37.23
Processing batch 6/12 (rows 5001-6000)
  Calculated 1000 temperatures. Range: -0.96 to 41.71
Processing batch 7/12 (rows 6001-7000)
  Calculated 1000 temperatures. Range: -1.54 to 36.17
Processing batch 8/12 (rows 7001-8000)
  Calculated 1000 temperatures. Range: -0.39 to 17.44
Processing batch 9/12 (rows 8001-9000)
  Calculated 1000 temperatures. Range: 0.05 to 15.82
Processing batch 10/12 (rows 9001-10000)
  Calculated 1000 temperatures. Range: -0.62 to 20.73
Processing batch 11/12 (rows 10001-11000)
  Calculated 1000 temperatures. Range: 2.07 to 19.59
Processing batch 12/12 (rows 11001-11035)
  Calculated 35 temperatures. Range: 3.28 to 16.53
Total observations: 11035, Unique timestamps: 2207
MR parameters: mass=0.22, elev=3300.0, b0=17.10, b1=0.98, b2=-0.48, b3=0.000124
Sample tb=277.40 K, log(mass)=-1.5141, 1/(kT)=41.819862, exponent=-4.0482, rmr=0.017454
Sample tb=288.28 K, log(mass)=-1.5141, 1/(kT)=40.241616, exponent=-3.2906, rmr=0.037231
Sample tb=281.88 K, log(mass)=-1.5141, 1/(kT)=41.155801, exponent=-3.7294, rmr=0.024007
Sample tb=285.68 K, log(mass)=-1.5141, 1/(kT)=40.607608, exponent=-3.4663, rmr=0.031232
Sample tb=280.84 K, log(mass)=-1.5141, 1/(kT)=41.308301, exponent=-3.8026, rmr=0.022312
MR results: 0 NA, 0 infinite, 0 negative, 0 zero
Energy calculations: 3876 non-zero gains, 11035 non-zero losses out of 11035 observations
Saved results to output/results/D1/2017/M/eb_results_MB_2017_D1_C1.rds

Processing: Species=MB, Year=2018, Origin=D1, Climate=C1, Sex=M
Looking for climate data at: /mmfs1/gscratch/biology/jmsmith/targeted_microclimate/C1/simplified_C1_2018.rds
Directory /mmfs1/gscratch/biology/jmsmith/targeted_microclimate/C1 exists. Contents:
simplified_C1_1945.rds
simplified_C1_1946.rds
simplified_C1_1947.rds
simplified_C1_1948.rds
simplified_C1_1949.rds
simplified_C1_1950.rds
simplified_C1_1951.rds
simplified_C1_1952.rds
simplified_C1_1953.rds
simplified_C1_1954.rds
simplified_C1_1955.rds
simplified_C1_1956.rds
simplified_C1_1957.rds
simplified_C1_1958.rds
simplified_C1_1959.rds
simplified_C1_1960.rds
simplified_C1_1961.rds
simplified_C1_1962.rds
simplified_C1_1963.rds
simplified_C1_1964.rds
simplified_C1_2005.rds
simplified_C1_2006.rds
simplified_C1_2007.rds
simplified_C1_2008.rds
simplified_C1_2009.rds
simplified_C1_2010.rds
simplified_C1_2011.rds
simplified_C1_2012.rds
simplified_C1_2013.rds
simplified_C1_2014.rds
simplified_C1_2015.rds
simplified_C1_2016.rds
simplified_C1_2017.rds
simplified_C1_2018.rds
simplified_C1_2019.rds
simplified_C1_2020.rds
simplified_C1_2021.rds
simplified_C1_2022.rds
simplified_C1_2023.rds
simplified_C1_2024.rds
Processing batch 1/12 (rows 1-1000)
  Calculated 1000 temperatures. Range: -4.38 to 56.30
Processing batch 2/12 (rows 1001-2000)
  Calculated 1000 temperatures. Range: -1.12 to 48.20
Processing batch 3/12 (rows 2001-3000)
  Calculated 1000 temperatures. Range: -2.96 to 44.94
Processing batch 4/12 (rows 3001-4000)
  Calculated 1000 temperatures. Range: 0.98 to 38.87
Processing batch 5/12 (rows 4001-5000)
  Calculated 1000 temperatures. Range: -2.72 to 41.69
Processing batch 6/12 (rows 5001-6000)
  Calculated 1000 temperatures. Range: -0.74 to 37.03
Processing batch 7/12 (rows 6001-7000)
  Calculated 1000 temperatures. Range: -2.01 to 36.43
Processing batch 8/12 (rows 7001-8000)
  Calculated 1000 temperatures. Range: -0.38 to 17.64
Processing batch 9/12 (rows 8001-9000)
  Calculated 1000 temperatures. Range: -1.55 to 17.88
Processing batch 10/12 (rows 9001-10000)
  Calculated 1000 temperatures. Range: 0.19 to 21.19
Processing batch 11/12 (rows 10001-11000)
  Calculated 1000 temperatures. Range: -0.01 to 20.33
Processing batch 12/12 (rows 11001-11035)
  Calculated 35 temperatures. Range: 3.70 to 16.67
Total observations: 11035, Unique timestamps: 2207
MR parameters: mass=0.22, elev=3300.0, b0=17.10, b1=0.98, b2=-0.48, b3=0.000124
Sample tb=279.59 K, log(mass)=-1.5141, 1/(kT)=41.493127, exponent=-3.8913, rmr=0.020418
Sample tb=277.33 K, log(mass)=-1.5141, 1/(kT)=41.831196, exponent=-4.0536, rmr=0.017359
Sample tb=279.38 K, log(mass)=-1.5141, 1/(kT)=41.523728, exponent=-3.9060, rmr=0.020120
Sample tb=303.76 K, log(mass)=-1.5141, 1/(kT)=38.191474, exponent=-2.3066, rmr=0.099604
Sample tb=280.77 K, log(mass)=-1.5141, 1/(kT)=41.318674, exponent=-3.8076, rmr=0.022201
MR results: 0 NA, 0 infinite, 0 negative, 0 zero
Energy calculations: 4088 non-zero gains, 11035 non-zero losses out of 11035 observations
Saved results to output/results/D1/2018/M/eb_results_MB_2018_D1_C1.rds

Processing: Species=MB, Year=2019, Origin=D1, Climate=C1, Sex=M
Looking for climate data at: /mmfs1/gscratch/biology/jmsmith/targeted_microclimate/C1/simplified_C1_2019.rds
Directory /mmfs1/gscratch/biology/jmsmith/targeted_microclimate/C1 exists. Contents:
simplified_C1_1945.rds
simplified_C1_1946.rds
simplified_C1_1947.rds
simplified_C1_1948.rds
simplified_C1_1949.rds
simplified_C1_1950.rds
simplified_C1_1951.rds
simplified_C1_1952.rds
simplified_C1_1953.rds
simplified_C1_1954.rds
simplified_C1_1955.rds
simplified_C1_1956.rds
simplified_C1_1957.rds
simplified_C1_1958.rds
simplified_C1_1959.rds
simplified_C1_1960.rds
simplified_C1_1961.rds
simplified_C1_1962.rds
simplified_C1_1963.rds
simplified_C1_1964.rds
simplified_C1_2005.rds
simplified_C1_2006.rds
simplified_C1_2007.rds
simplified_C1_2008.rds
simplified_C1_2009.rds
simplified_C1_2010.rds
simplified_C1_2011.rds
simplified_C1_2012.rds
simplified_C1_2013.rds
simplified_C1_2014.rds
simplified_C1_2015.rds
simplified_C1_2016.rds
simplified_C1_2017.rds
simplified_C1_2018.rds
simplified_C1_2019.rds
simplified_C1_2020.rds
simplified_C1_2021.rds
simplified_C1_2022.rds
simplified_C1_2023.rds
simplified_C1_2024.rds
Processing batch 1/12 (rows 1-1000)
  Calculated 1000 temperatures. Range: -4.50 to 51.74
Processing batch 2/12 (rows 1001-2000)
  Calculated 1000 temperatures. Range: -0.36 to 55.89
Processing batch 3/12 (rows 2001-3000)
  Calculated 1000 temperatures. Range: -4.47 to 44.09
Processing batch 4/12 (rows 3001-4000)
  Calculated 1000 temperatures. Range: 1.59 to 45.71
Processing batch 5/12 (rows 4001-5000)
  Calculated 1000 temperatures. Range: -3.47 to 37.98
Processing batch 6/12 (rows 5001-6000)
  Calculated 1000 temperatures. Range: 0.16 to 42.40
Processing batch 7/12 (rows 6001-7000)
  Calculated 1000 temperatures. Range: -2.78 to 36.91
Processing batch 8/12 (rows 7001-8000)
  Calculated 1000 temperatures. Range: -2.63 to 17.58
Processing batch 9/12 (rows 8001-9000)
  Calculated 1000 temperatures. Range: -0.52 to 16.96
Processing batch 10/12 (rows 9001-10000)
  Calculated 1000 temperatures. Range: -3.45 to 20.36
Processing batch 11/12 (rows 10001-11000)
  Calculated 1000 temperatures. Range: 1.92 to 21.67
Processing batch 12/12 (rows 11001-11035)
  Calculated 35 temperatures. Range: 4.13 to 17.95
Total observations: 11035, Unique timestamps: 2207
MR parameters: mass=0.22, elev=3300.0, b0=17.10, b1=0.98, b2=-0.48, b3=0.000124
Sample tb=278.58 K, log(mass)=-1.5141, 1/(kT)=41.643727, exponent=-3.9636, rmr=0.018994
Sample tb=279.56 K, log(mass)=-1.5141, 1/(kT)=41.497050, exponent=-3.8932, rmr=0.020379
Sample tb=274.83 K, log(mass)=-1.5141, 1/(kT)=42.211257, exponent=-4.2360, rmr=0.014465
Sample tb=283.62 K, log(mass)=-1.5141, 1/(kT)=40.902591, exponent=-3.6079, rmr=0.027109
Sample tb=279.22 K, log(mass)=-1.5141, 1/(kT)=41.546936, exponent=-3.9172, rmr=0.019897
MR results: 0 NA, 0 infinite, 0 negative, 0 zero
Energy calculations: 3961 non-zero gains, 11035 non-zero losses out of 11035 observations
Saved results to output/results/D1/2019/M/eb_results_MB_2019_D1_C1.rds

Processing: Species=MB, Year=2020, Origin=D1, Climate=C1, Sex=M
Looking for climate data at: /mmfs1/gscratch/biology/jmsmith/targeted_microclimate/C1/simplified_C1_2020.rds
Directory /mmfs1/gscratch/biology/jmsmith/targeted_microclimate/C1 exists. Contents:
simplified_C1_1945.rds
simplified_C1_1946.rds
simplified_C1_1947.rds
simplified_C1_1948.rds
simplified_C1_1949.rds
simplified_C1_1950.rds
simplified_C1_1951.rds
simplified_C1_1952.rds
simplified_C1_1953.rds
simplified_C1_1954.rds
simplified_C1_1955.rds
simplified_C1_1956.rds
simplified_C1_1957.rds
simplified_C1_1958.rds
simplified_C1_1959.rds
simplified_C1_1960.rds
simplified_C1_1961.rds
simplified_C1_1962.rds
simplified_C1_1963.rds
simplified_C1_1964.rds
simplified_C1_2005.rds
simplified_C1_2006.rds
simplified_C1_2007.rds
simplified_C1_2008.rds
simplified_C1_2009.rds
simplified_C1_2010.rds
simplified_C1_2011.rds
simplified_C1_2012.rds
simplified_C1_2013.rds
simplified_C1_2014.rds
simplified_C1_2015.rds
simplified_C1_2016.rds
simplified_C1_2017.rds
simplified_C1_2018.rds
simplified_C1_2019.rds
simplified_C1_2020.rds
simplified_C1_2021.rds
simplified_C1_2022.rds
simplified_C1_2023.rds
simplified_C1_2024.rds
Processing batch 1/12 (rows 1-1000)
  Calculated 1000 temperatures. Range: -5.19 to 55.84
Processing batch 2/12 (rows 1001-2000)
  Calculated 1000 temperatures. Range: 0.23 to 51.49
Processing batch 3/12 (rows 2001-3000)
  Calculated 1000 temperatures. Range: -3.86 to 48.25
Processing batch 4/12 (rows 3001-4000)
  Calculated 1000 temperatures. Range: 1.29 to 41.82
Processing batch 5/12 (rows 4001-5000)
  Calculated 1000 temperatures. Range: -3.74 to 41.74
Processing batch 6/12 (rows 5001-6000)
  Calculated 1000 temperatures. Range: -1.48 to 38.47
Processing batch 7/12 (rows 6001-7000)
  Calculated 1000 temperatures. Range: -4.21 to 39.26
Processing batch 8/12 (rows 7001-8000)
  Calculated 1000 temperatures. Range: -2.03 to 16.06
Processing batch 9/12 (rows 8001-9000)
  Calculated 1000 temperatures. Range: -0.78 to 18.30
Processing batch 10/12 (rows 9001-10000)
  Calculated 1000 temperatures. Range: -3.28 to 19.98
Processing batch 11/12 (rows 10001-11000)
  Calculated 1000 temperatures. Range: 3.03 to 20.42
Processing batch 12/12 (rows 11001-11035)
  Calculated 35 temperatures. Range: -0.25 to 16.17
Total observations: 11035, Unique timestamps: 2207
MR parameters: mass=0.22, elev=3300.0, b0=17.10, b1=0.98, b2=-0.48, b3=0.000124
Sample tb=274.01 K, log(mass)=-1.5141, 1/(kT)=42.337421, exponent=-4.2966, rmr=0.013615
Sample tb=280.98 K, log(mass)=-1.5141, 1/(kT)=41.286786, exponent=-3.7923, rmr=0.022544
Sample tb=290.01 K, log(mass)=-1.5141, 1/(kT)=40.001159, exponent=-3.1752, rmr=0.041786
Sample tb=286.48 K, log(mass)=-1.5141, 1/(kT)=40.495222, exponent=-3.4124, rmr=0.032964
Sample tb=289.12 K, log(mass)=-1.5141, 1/(kT)=40.125522, exponent=-3.2349, rmr=0.039364
MR results: 0 NA, 0 infinite, 0 negative, 0 zero
Energy calculations: 4045 non-zero gains, 11035 non-zero losses out of 11035 observations
Saved results to output/results/D1/2020/M/eb_results_MB_2020_D1_C1.rds

Processing: Species=MB, Year=2021, Origin=D1, Climate=C1, Sex=M
Looking for climate data at: /mmfs1/gscratch/biology/jmsmith/targeted_microclimate/C1/simplified_C1_2021.rds
Directory /mmfs1/gscratch/biology/jmsmith/targeted_microclimate/C1 exists. Contents:
simplified_C1_1945.rds
simplified_C1_1946.rds
simplified_C1_1947.rds
simplified_C1_1948.rds
simplified_C1_1949.rds
simplified_C1_1950.rds
simplified_C1_1951.rds
simplified_C1_1952.rds
simplified_C1_1953.rds
simplified_C1_1954.rds
simplified_C1_1955.rds
simplified_C1_1956.rds
simplified_C1_1957.rds
simplified_C1_1958.rds
simplified_C1_1959.rds
simplified_C1_1960.rds
simplified_C1_1961.rds
simplified_C1_1962.rds
simplified_C1_1963.rds
simplified_C1_1964.rds
simplified_C1_2005.rds
simplified_C1_2006.rds
simplified_C1_2007.rds
simplified_C1_2008.rds
simplified_C1_2009.rds
simplified_C1_2010.rds
simplified_C1_2011.rds
simplified_C1_2012.rds
simplified_C1_2013.rds
simplified_C1_2014.rds
simplified_C1_2015.rds
simplified_C1_2016.rds
simplified_C1_2017.rds
simplified_C1_2018.rds
simplified_C1_2019.rds
simplified_C1_2020.rds
simplified_C1_2021.rds
simplified_C1_2022.rds
simplified_C1_2023.rds
simplified_C1_2024.rds
Processing batch 1/12 (rows 1-1000)
  Calculated 1000 temperatures. Range: -5.82 to 53.29
Processing batch 2/12 (rows 1001-2000)
  Calculated 1000 temperatures. Range: 0.60 to 54.15
Processing batch 3/12 (rows 2001-3000)
  Calculated 1000 temperatures. Range: -4.63 to 45.54
Processing batch 4/12 (rows 3001-4000)
  Calculated 1000 temperatures. Range: 2.15 to 43.49
Processing batch 5/12 (rows 4001-5000)
  Calculated 1000 temperatures. Range: -4.71 to 40.81
Processing batch 6/12 (rows 5001-6000)
  Calculated 1000 temperatures. Range: 0.71 to 40.38
Processing batch 7/12 (rows 6001-7000)
  Calculated 1000 temperatures. Range: -4.45 to 37.05
Processing batch 8/12 (rows 7001-8000)
  Calculated 1000 temperatures. Range: 0.74 to 17.40
Processing batch 9/12 (rows 8001-9000)
  Calculated 1000 temperatures. Range: -3.92 to 18.14
Processing batch 10/12 (rows 9001-10000)
  Calculated 1000 temperatures. Range: -1.56 to 20.89
Processing batch 11/12 (rows 10001-11000)
  Calculated 1000 temperatures. Range: 1.79 to 21.21
Processing batch 12/12 (rows 11001-11035)
  Calculated 35 temperatures. Range: 2.38 to 17.88
Total observations: 11035, Unique timestamps: 2207
MR parameters: mass=0.22, elev=3300.0, b0=17.10, b1=0.98, b2=-0.48, b3=0.000124
Sample tb=291.84 K, log(mass)=-1.5141, 1/(kT)=39.750618, exponent=-3.0549, rmr=0.047125
Sample tb=279.89 K, log(mass)=-1.5141, 1/(kT)=41.448591, exponent=-3.8700, rmr=0.020859
Sample tb=280.34 K, log(mass)=-1.5141, 1/(kT)=41.380975, exponent=-3.8375, rmr=0.021547
Sample tb=280.89 K, log(mass)=-1.5141, 1/(kT)=41.300366, exponent=-3.7988, rmr=0.022397
Sample tb=286.43 K, log(mass)=-1.5141, 1/(kT)=40.502426, exponent=-3.4158, rmr=0.032850
MR results: 0 NA, 0 infinite, 0 negative, 0 zero
Energy calculations: 4162 non-zero gains, 11035 non-zero losses out of 11035 observations
Saved results to output/results/D1/2021/M/eb_results_MB_2021_D1_C1.rds

Processing: Species=MB, Year=2022, Origin=D1, Climate=C1, Sex=M
Looking for climate data at: /mmfs1/gscratch/biology/jmsmith/targeted_microclimate/C1/simplified_C1_2022.rds
Directory /mmfs1/gscratch/biology/jmsmith/targeted_microclimate/C1 exists. Contents:
simplified_C1_1945.rds
simplified_C1_1946.rds
simplified_C1_1947.rds
simplified_C1_1948.rds
simplified_C1_1949.rds
simplified_C1_1950.rds
simplified_C1_1951.rds
simplified_C1_1952.rds
simplified_C1_1953.rds
simplified_C1_1954.rds
simplified_C1_1955.rds
simplified_C1_1956.rds
simplified_C1_1957.rds
simplified_C1_1958.rds
simplified_C1_1959.rds
simplified_C1_1960.rds
simplified_C1_1961.rds
simplified_C1_1962.rds
simplified_C1_1963.rds
simplified_C1_1964.rds
simplified_C1_2005.rds
simplified_C1_2006.rds
simplified_C1_2007.rds
simplified_C1_2008.rds
simplified_C1_2009.rds
simplified_C1_2010.rds
simplified_C1_2011.rds
simplified_C1_2012.rds
simplified_C1_2013.rds
simplified_C1_2014.rds
simplified_C1_2015.rds
simplified_C1_2016.rds
simplified_C1_2017.rds
simplified_C1_2018.rds
simplified_C1_2019.rds
simplified_C1_2020.rds
simplified_C1_2021.rds
simplified_C1_2022.rds
simplified_C1_2023.rds
simplified_C1_2024.rds
Processing batch 1/12 (rows 1-1000)
  Calculated 1000 temperatures. Range: -5.42 to 57.10
Processing batch 2/12 (rows 1001-2000)
  Calculated 1000 temperatures. Range: 1.10 to 53.90
Processing batch 3/12 (rows 2001-3000)
  Calculated 1000 temperatures. Range: -4.58 to 52.93
Processing batch 4/12 (rows 3001-4000)
  Calculated 1000 temperatures. Range: 3.17 to 46.38
Processing batch 5/12 (rows 4001-5000)
  Calculated 1000 temperatures. Range: -5.37 to 42.46
Processing batch 6/12 (rows 5001-6000)
  Calculated 1000 temperatures. Range: 0.39 to 42.76
Processing batch 7/12 (rows 6001-7000)
  Calculated 1000 temperatures. Range: -5.28 to 39.19
Processing batch 8/12 (rows 7001-8000)
  Calculated 1000 temperatures. Range: -1.50 to 17.60
Processing batch 9/12 (rows 8001-9000)
  Calculated 1000 temperatures. Range: -4.53 to 16.90
Processing batch 10/12 (rows 9001-10000)
  Calculated 1000 temperatures. Range: -1.70 to 20.75
Processing batch 11/12 (rows 10001-11000)
  Calculated 1000 temperatures. Range: 3.08 to 20.07
Processing batch 12/12 (rows 11001-11035)
  Calculated 35 temperatures. Range: 2.98 to 17.95
Total observations: 11035, Unique timestamps: 2207
MR parameters: mass=0.22, elev=3300.0, b0=17.10, b1=0.98, b2=-0.48, b3=0.000124
Sample tb=278.99 K, log(mass)=-1.5141, 1/(kT)=41.581730, exponent=-3.9339, rmr=0.019568
Sample tb=277.93 K, log(mass)=-1.5141, 1/(kT)=41.740954, exponent=-4.0103, rmr=0.018128
Sample tb=287.30 K, log(mass)=-1.5141, 1/(kT)=40.378649, exponent=-3.3564, rmr=0.034861
Sample tb=284.65 K, log(mass)=-1.5141, 1/(kT)=40.754913, exponent=-3.5370, rmr=0.029100
Sample tb=274.92 K, log(mass)=-1.5141, 1/(kT)=42.197026, exponent=-4.2292, rmr=0.014564
MR results: 0 NA, 0 infinite, 0 negative, 0 zero
Energy calculations: 4146 non-zero gains, 11035 non-zero losses out of 11035 observations
Saved results to output/results/D1/2022/M/eb_results_MB_2022_D1_C1.rds

Processing: Species=MB, Year=2023, Origin=D1, Climate=C1, Sex=M
Looking for climate data at: /mmfs1/gscratch/biology/jmsmith/targeted_microclimate/C1/simplified_C1_2023.rds
Directory /mmfs1/gscratch/biology/jmsmith/targeted_microclimate/C1 exists. Contents:
simplified_C1_1945.rds
simplified_C1_1946.rds
simplified_C1_1947.rds
simplified_C1_1948.rds
simplified_C1_1949.rds
simplified_C1_1950.rds
simplified_C1_1951.rds
simplified_C1_1952.rds
simplified_C1_1953.rds
simplified_C1_1954.rds
simplified_C1_1955.rds
simplified_C1_1956.rds
simplified_C1_1957.rds
simplified_C1_1958.rds
simplified_C1_1959.rds
simplified_C1_1960.rds
simplified_C1_1961.rds
simplified_C1_1962.rds
simplified_C1_1963.rds
simplified_C1_1964.rds
simplified_C1_2005.rds
simplified_C1_2006.rds
simplified_C1_2007.rds
simplified_C1_2008.rds
simplified_C1_2009.rds
simplified_C1_2010.rds
simplified_C1_2011.rds
simplified_C1_2012.rds
simplified_C1_2013.rds
simplified_C1_2014.rds
simplified_C1_2015.rds
simplified_C1_2016.rds
simplified_C1_2017.rds
simplified_C1_2018.rds
simplified_C1_2019.rds
simplified_C1_2020.rds
simplified_C1_2021.rds
simplified_C1_2022.rds
simplified_C1_2023.rds
simplified_C1_2024.rds
Processing batch 1/12 (rows 1-1000)
  Calculated 1000 temperatures. Range: -3.64 to 50.73
Processing batch 2/12 (rows 1001-2000)
  Calculated 1000 temperatures. Range: 0.05 to 53.53
Processing batch 3/12 (rows 2001-3000)
  Calculated 1000 temperatures. Range: -1.69 to 45.10
Processing batch 4/12 (rows 3001-4000)
  Calculated 1000 temperatures. Range: 1.02 to 43.57
Processing batch 5/12 (rows 4001-5000)
  Calculated 1000 temperatures. Range: -1.70 to 36.87
Processing batch 6/12 (rows 5001-6000)
  Calculated 1000 temperatures. Range: 0.59 to 40.89
Processing batch 7/12 (rows 6001-7000)
  Calculated 1000 temperatures. Range: -0.29 to 35.84
Processing batch 8/12 (rows 7001-8000)
  Calculated 1000 temperatures. Range: -1.77 to 17.41
Processing batch 9/12 (rows 8001-9000)
  Calculated 1000 temperatures. Range: 0.65 to 16.79
Processing batch 10/12 (rows 9001-10000)
  Calculated 1000 temperatures. Range: -0.67 to 20.51
Processing batch 11/12 (rows 10001-11000)
  Calculated 1000 temperatures. Range: 1.89 to 21.03
Processing batch 12/12 (rows 11001-11035)
  Calculated 35 temperatures. Range: 4.73 to 18.99
Total observations: 11035, Unique timestamps: 2207
MR parameters: mass=0.22, elev=3300.0, b0=17.10, b1=0.98, b2=-0.48, b3=0.000124
Sample tb=293.44 K, log(mass)=-1.5141, 1/(kT)=39.534513, exponent=-2.9512, rmr=0.052276
Sample tb=281.35 K, log(mass)=-1.5141, 1/(kT)=41.232516, exponent=-3.7663, rmr=0.023139
Sample tb=273.84 K, log(mass)=-1.5141, 1/(kT)=42.363245, exponent=-4.3090, rmr=0.013447
Sample tb=280.94 K, log(mass)=-1.5141, 1/(kT)=41.293608, exponent=-3.7956, rmr=0.022470
Sample tb=283.58 K, log(mass)=-1.5141, 1/(kT)=40.908909, exponent=-3.6109, rmr=0.027027
MR results: 0 NA, 0 infinite, 0 negative, 0 zero
Energy calculations: 3846 non-zero gains, 11035 non-zero losses out of 11035 observations
Saved results to output/results/D1/2023/M/eb_results_MB_2023_D1_C1.rds

Processing: Species=MB, Year=2024, Origin=D1, Climate=C1, Sex=M
Looking for climate data at: /mmfs1/gscratch/biology/jmsmith/targeted_microclimate/C1/simplified_C1_2024.rds
Directory /mmfs1/gscratch/biology/jmsmith/targeted_microclimate/C1 exists. Contents:
simplified_C1_1945.rds
simplified_C1_1946.rds
simplified_C1_1947.rds
simplified_C1_1948.rds
simplified_C1_1949.rds
simplified_C1_1950.rds
simplified_C1_1951.rds
simplified_C1_1952.rds
simplified_C1_1953.rds
simplified_C1_1954.rds
simplified_C1_1955.rds
simplified_C1_1956.rds
simplified_C1_1957.rds
simplified_C1_1958.rds
simplified_C1_1959.rds
simplified_C1_1960.rds
simplified_C1_1961.rds
simplified_C1_1962.rds
simplified_C1_1963.rds
simplified_C1_1964.rds
simplified_C1_2005.rds
simplified_C1_2006.rds
simplified_C1_2007.rds
simplified_C1_2008.rds
simplified_C1_2009.rds
simplified_C1_2010.rds
simplified_C1_2011.rds
simplified_C1_2012.rds
simplified_C1_2013.rds
simplified_C1_2014.rds
simplified_C1_2015.rds
simplified_C1_2016.rds
simplified_C1_2017.rds
simplified_C1_2018.rds
simplified_C1_2019.rds
simplified_C1_2020.rds
simplified_C1_2021.rds
simplified_C1_2022.rds
simplified_C1_2023.rds
simplified_C1_2024.rds
Processing batch 1/12 (rows 1-1000)
  Calculated 1000 temperatures. Range: -3.61 to 52.33
Processing batch 2/12 (rows 1001-2000)
  Calculated 1000 temperatures. Range: 1.05 to 51.78
Processing batch 3/12 (rows 2001-3000)
  Calculated 1000 temperatures. Range: -2.10 to 43.00
Processing batch 4/12 (rows 3001-4000)
  Calculated 1000 temperatures. Range: -0.67 to 42.59
Processing batch 5/12 (rows 4001-5000)
  Calculated 1000 temperatures. Range: -2.19 to 40.81
Processing batch 6/12 (rows 5001-6000)
  Calculated 1000 temperatures. Range: -0.15 to 39.79
Processing batch 7/12 (rows 6001-7000)
  Calculated 1000 temperatures. Range: 0.07 to 38.99
Processing batch 8/12 (rows 7001-8000)
  Calculated 1000 temperatures. Range: -2.29 to 16.43
Processing batch 9/12 (rows 8001-9000)
  Calculated 1000 temperatures. Range: 0.68 to 17.44
Processing batch 10/12 (rows 9001-10000)
  Calculated 1000 temperatures. Range: -1.34 to 20.74
Processing batch 11/12 (rows 10001-11000)
  Calculated 1000 temperatures. Range: 2.16 to 20.55
Processing batch 12/12 (rows 11001-11035)
  Calculated 35 temperatures. Range: 1.89 to 16.85
Total observations: 11035, Unique timestamps: 2207
MR parameters: mass=0.22, elev=3300.0, b0=17.10, b1=0.98, b2=-0.48, b3=0.000124
Sample tb=293.79 K, log(mass)=-1.5141, 1/(kT)=39.486476, exponent=-2.9282, rmr=0.053496
Sample tb=280.39 K, log(mass)=-1.5141, 1/(kT)=41.374840, exponent=-3.8346, rmr=0.021611
Sample tb=284.29 K, log(mass)=-1.5141, 1/(kT)=40.806519, exponent=-3.5618, rmr=0.028388
Sample tb=283.50 K, log(mass)=-1.5141, 1/(kT)=40.919800, exponent=-3.6161, rmr=0.026886
Sample tb=293.58 K, log(mass)=-1.5141, 1/(kT)=39.515785, exponent=-2.9422, rmr=0.052748
MR results: 0 NA, 0 infinite, 0 negative, 0 zero
Energy calculations: 4098 non-zero gains, 11035 non-zero losses out of 11035 observations
Saved results to output/results/D1/2024/M/eb_results_MB_2024_D1_C1.rds

All years processed.
