Arguments received:
Species: MS
Years: 1945, 1946, 1947, 1948, 1949, 1950, 1951, 1952, 1953, 1954, 1955, 1956, 1957, 1958, 1959, 1960, 1961, 1962, 1963, 1964
Origin site: Eldo
Climate site: B1
Sex: F
Output directory: output/results/Eldo
Library paths:
[1] "/gscratch/biology/jmsmith/R"                          
[2] "/mmfs1/home/smithju/R/x86_64-pc-linux-gnu-library/4.4"
[3] "/usr/local/lib/R/site-library"                        
[4] "/usr/local/lib/R/library"                             
Package tidyverse loaded successfully
Package TrenchR loaded successfully
Package rTPC loaded successfully
Package lubridate loaded successfully

Processing: Species=MS, Year=1945, Origin=Eldo, Climate=B1, Sex=F
Looking for climate data at: /mmfs1/gscratch/biology/jmsmith/targeted_microclimate/B1/simplified_B1_1945.rds
Directory /mmfs1/gscratch/biology/jmsmith/targeted_microclimate/B1 exists. Contents:
simplified_B1_1945.rds
simplified_B1_1946.rds
simplified_B1_1947.rds
simplified_B1_1948.rds
simplified_B1_1949.rds
simplified_B1_1950.rds
simplified_B1_1951.rds
simplified_B1_1952.rds
simplified_B1_1953.rds
simplified_B1_1954.rds
simplified_B1_1955.rds
simplified_B1_1956.rds
simplified_B1_1957.rds
simplified_B1_1958.rds
simplified_B1_1959.rds
simplified_B1_1960.rds
simplified_B1_1961.rds
simplified_B1_1962.rds
simplified_B1_1963.rds
simplified_B1_1964.rds
simplified_B1_2005.rds
simplified_B1_2006.rds
simplified_B1_2007.rds
simplified_B1_2008.rds
simplified_B1_2009.rds
simplified_B1_2010.rds
simplified_B1_2011.rds
simplified_B1_2012.rds
simplified_B1_2013.rds
simplified_B1_2014.rds
simplified_B1_2015.rds
simplified_B1_2016.rds
simplified_B1_2017.rds
simplified_B1_2018.rds
simplified_B1_2019.rds
simplified_B1_2020.rds
simplified_B1_2021.rds
simplified_B1_2022.rds
simplified_B1_2023.rds
simplified_B1_2024.rds
Processing batch 1/12 (rows 1-1000)
  Calculated 1000 temperatures. Range: -9.60 to 54.93
Processing batch 2/12 (rows 1001-2000)
  Calculated 1000 temperatures. Range: 2.65 to 59.15
Processing batch 3/12 (rows 2001-3000)
  Calculated 1000 temperatures. Range: -8.71 to 52.63
Processing batch 4/12 (rows 3001-4000)
  Calculated 1000 temperatures. Range: 2.92 to 47.63
Processing batch 5/12 (rows 4001-5000)
  Calculated 1000 temperatures. Range: -7.94 to 48.64
Processing batch 6/12 (rows 5001-6000)
  Calculated 1000 temperatures. Range: 1.36 to 44.19
Processing batch 7/12 (rows 6001-7000)
  Calculated 1000 temperatures. Range: -5.96 to 45.38
Processing batch 8/12 (rows 7001-8000)
  Calculated 1000 temperatures. Range: -6.08 to 17.72
Processing batch 9/12 (rows 8001-9000)
  Calculated 1000 temperatures. Range: 0.46 to 18.59
Processing batch 10/12 (rows 9001-10000)
  Calculated 1000 temperatures. Range: -6.61 to 20.04
Processing batch 11/12 (rows 10001-11000)
  Calculated 1000 temperatures. Range: 4.25 to 20.83
Processing batch 12/12 (rows 11001-11035)
  Calculated 35 temperatures. Range: 6.32 to 19.34
Total observations: 11035, Unique timestamps: 2207
MR parameters: mass=0.31, elev=1740.0, b0=16.50, b1=0.85, b2=-0.47, b3=0.000108
Sample tb=298.18 K, log(mass)=-1.1712, 1/(kT)=38.905276, exponent=-2.5931, rmr=0.074790
Sample tb=283.04 K, log(mass)=-1.1712, 1/(kT)=40.986284, exponent=-3.5711, rmr=0.028124
Sample tb=292.37 K, log(mass)=-1.1712, 1/(kT)=39.679312, exponent=-2.9569, rmr=0.051982
Sample tb=280.48 K, log(mass)=-1.1712, 1/(kT)=41.361462, exponent=-3.7475, rmr=0.023577
Sample tb=304.23 K, log(mass)=-1.1712, 1/(kT)=38.131511, exponent=-2.2294, rmr=0.107593
MR results: 0 NA, 0 infinite, 0 negative, 0 zero
Energy calculations: 3600 non-zero gains, 11035 non-zero losses out of 11035 observations
Saved results to output/results/Eldo/1945/F/eb_results_MS_1945_Eldo_B1.rds

Processing: Species=MS, Year=1946, Origin=Eldo, Climate=B1, Sex=F
Looking for climate data at: /mmfs1/gscratch/biology/jmsmith/targeted_microclimate/B1/simplified_B1_1946.rds
Directory /mmfs1/gscratch/biology/jmsmith/targeted_microclimate/B1 exists. Contents:
simplified_B1_1945.rds
simplified_B1_1946.rds
simplified_B1_1947.rds
simplified_B1_1948.rds
simplified_B1_1949.rds
simplified_B1_1950.rds
simplified_B1_1951.rds
simplified_B1_1952.rds
simplified_B1_1953.rds
simplified_B1_1954.rds
simplified_B1_1955.rds
simplified_B1_1956.rds
simplified_B1_1957.rds
simplified_B1_1958.rds
simplified_B1_1959.rds
simplified_B1_1960.rds
simplified_B1_1961.rds
simplified_B1_1962.rds
simplified_B1_1963.rds
simplified_B1_1964.rds
simplified_B1_2005.rds
simplified_B1_2006.rds
simplified_B1_2007.rds
simplified_B1_2008.rds
simplified_B1_2009.rds
simplified_B1_2010.rds
simplified_B1_2011.rds
simplified_B1_2012.rds
simplified_B1_2013.rds
simplified_B1_2014.rds
simplified_B1_2015.rds
simplified_B1_2016.rds
simplified_B1_2017.rds
simplified_B1_2018.rds
simplified_B1_2019.rds
simplified_B1_2020.rds
simplified_B1_2021.rds
simplified_B1_2022.rds
simplified_B1_2023.rds
simplified_B1_2024.rds
Processing batch 1/12 (rows 1-1000)
  Calculated 1000 temperatures. Range: -3.49 to 60.00
Processing batch 2/12 (rows 1001-2000)
  Calculated 1000 temperatures. Range: 3.55 to 59.02
Processing batch 3/12 (rows 2001-3000)
  Calculated 1000 temperatures. Range: -2.56 to 49.14
Processing batch 4/12 (rows 3001-4000)
  Calculated 1000 temperatures. Range: 2.56 to 49.12
Processing batch 5/12 (rows 4001-5000)
  Calculated 1000 temperatures. Range: -1.95 to 43.06
Processing batch 6/12 (rows 5001-6000)
  Calculated 1000 temperatures. Range: 0.65 to 45.28
Processing batch 7/12 (rows 6001-7000)
  Calculated 1000 temperatures. Range: -0.10 to 40.59
Processing batch 8/12 (rows 7001-8000)
  Calculated 1000 temperatures. Range: -1.07 to 19.01
Processing batch 9/12 (rows 8001-9000)
  Calculated 1000 temperatures. Range: 0.35 to 19.26
Processing batch 10/12 (rows 9001-10000)
  Calculated 1000 temperatures. Range: -1.06 to 22.47
Processing batch 11/12 (rows 10001-11000)
  Calculated 1000 temperatures. Range: 4.02 to 21.17
Processing batch 12/12 (rows 11001-11035)
  Calculated 35 temperatures. Range: 3.81 to 15.02
Total observations: 11035, Unique timestamps: 2207
MR parameters: mass=0.31, elev=1740.0, b0=16.50, b1=0.85, b2=-0.47, b3=0.000108
Sample tb=326.82 K, log(mass)=-1.1712, 1/(kT)=35.496715, exponent=-0.9910, rmr=0.371190
Sample tb=310.23 K, log(mass)=-1.1712, 1/(kT)=37.394005, exponent=-1.8828, rmr=0.152168
Sample tb=274.44 K, log(mass)=-1.1712, 1/(kT)=42.271542, exponent=-4.1752, rmr=0.015372
Sample tb=315.66 K, log(mass)=-1.1712, 1/(kT)=36.751151, exponent=-1.5806, rmr=0.205846
Sample tb=297.20 K, log(mass)=-1.1712, 1/(kT)=39.033784, exponent=-2.6535, rmr=0.070407
MR results: 0 NA, 0 infinite, 0 negative, 0 zero
Energy calculations: 4082 non-zero gains, 11035 non-zero losses out of 11035 observations
Saved results to output/results/Eldo/1946/F/eb_results_MS_1946_Eldo_B1.rds

Processing: Species=MS, Year=1947, Origin=Eldo, Climate=B1, Sex=F
Looking for climate data at: /mmfs1/gscratch/biology/jmsmith/targeted_microclimate/B1/simplified_B1_1947.rds
Directory /mmfs1/gscratch/biology/jmsmith/targeted_microclimate/B1 exists. Contents:
simplified_B1_1945.rds
simplified_B1_1946.rds
simplified_B1_1947.rds
simplified_B1_1948.rds
simplified_B1_1949.rds
simplified_B1_1950.rds
simplified_B1_1951.rds
simplified_B1_1952.rds
simplified_B1_1953.rds
simplified_B1_1954.rds
simplified_B1_1955.rds
simplified_B1_1956.rds
simplified_B1_1957.rds
simplified_B1_1958.rds
simplified_B1_1959.rds
simplified_B1_1960.rds
simplified_B1_1961.rds
simplified_B1_1962.rds
simplified_B1_1963.rds
simplified_B1_1964.rds
simplified_B1_2005.rds
simplified_B1_2006.rds
simplified_B1_2007.rds
simplified_B1_2008.rds
simplified_B1_2009.rds
simplified_B1_2010.rds
simplified_B1_2011.rds
simplified_B1_2012.rds
simplified_B1_2013.rds
simplified_B1_2014.rds
simplified_B1_2015.rds
simplified_B1_2016.rds
simplified_B1_2017.rds
simplified_B1_2018.rds
simplified_B1_2019.rds
simplified_B1_2020.rds
simplified_B1_2021.rds
simplified_B1_2022.rds
simplified_B1_2023.rds
simplified_B1_2024.rds
Processing batch 1/12 (rows 1-1000)
  Calculated 1000 temperatures. Range: -8.28 to 60.00
Processing batch 2/12 (rows 1001-2000)
  Calculated 1000 temperatures. Range: 2.79 to 60.00
Processing batch 3/12 (rows 2001-3000)
  Calculated 1000 temperatures. Range: -7.54 to 53.41
Processing batch 4/12 (rows 3001-4000)
  Calculated 1000 temperatures. Range: 3.76 to 49.08
Processing batch 5/12 (rows 4001-5000)
  Calculated 1000 temperatures. Range: -7.66 to 42.94
Processing batch 6/12 (rows 5001-6000)
  Calculated 1000 temperatures. Range: 1.57 to 46.35
Processing batch 7/12 (rows 6001-7000)
  Calculated 1000 temperatures. Range: -6.53 to 40.44
Processing batch 8/12 (rows 7001-8000)
  Calculated 1000 temperatures. Range: 0.57 to 17.83
Processing batch 9/12 (rows 8001-9000)
  Calculated 1000 temperatures. Range: 0.79 to 18.88
Processing batch 10/12 (rows 9001-10000)
  Calculated 1000 temperatures. Range: -6.70 to 20.73
Processing batch 11/12 (rows 10001-11000)
  Calculated 1000 temperatures. Range: 4.39 to 21.76
Processing batch 12/12 (rows 11001-11035)
  Calculated 35 temperatures. Range: 6.64 to 17.73
Total observations: 11035, Unique timestamps: 2207
MR parameters: mass=0.31, elev=1740.0, b0=16.50, b1=0.85, b2=-0.47, b3=0.000108
Sample tb=284.93 K, log(mass)=-1.1712, 1/(kT)=40.714727, exponent=-3.4435, rmr=0.031952
Sample tb=300.66 K, log(mass)=-1.1712, 1/(kT)=38.584502, exponent=-2.4423, rmr=0.086960
Sample tb=294.10 K, log(mass)=-1.1712, 1/(kT)=39.445441, exponent=-2.8469, rmr=0.058021
Sample tb=282.98 K, log(mass)=-1.1712, 1/(kT)=40.995188, exponent=-3.5753, rmr=0.028006
Sample tb=280.74 K, log(mass)=-1.1712, 1/(kT)=41.322605, exponent=-3.7292, rmr=0.024012
MR results: 0 NA, 0 infinite, 0 negative, 0 zero
Energy calculations: 3748 non-zero gains, 11035 non-zero losses out of 11035 observations
Saved results to output/results/Eldo/1947/F/eb_results_MS_1947_Eldo_B1.rds

Processing: Species=MS, Year=1948, Origin=Eldo, Climate=B1, Sex=F
Looking for climate data at: /mmfs1/gscratch/biology/jmsmith/targeted_microclimate/B1/simplified_B1_1948.rds
Directory /mmfs1/gscratch/biology/jmsmith/targeted_microclimate/B1 exists. Contents:
simplified_B1_1945.rds
simplified_B1_1946.rds
simplified_B1_1947.rds
simplified_B1_1948.rds
simplified_B1_1949.rds
simplified_B1_1950.rds
simplified_B1_1951.rds
simplified_B1_1952.rds
simplified_B1_1953.rds
simplified_B1_1954.rds
simplified_B1_1955.rds
simplified_B1_1956.rds
simplified_B1_1957.rds
simplified_B1_1958.rds
simplified_B1_1959.rds
simplified_B1_1960.rds
simplified_B1_1961.rds
simplified_B1_1962.rds
simplified_B1_1963.rds
simplified_B1_1964.rds
simplified_B1_2005.rds
simplified_B1_2006.rds
simplified_B1_2007.rds
simplified_B1_2008.rds
simplified_B1_2009.rds
simplified_B1_2010.rds
simplified_B1_2011.rds
simplified_B1_2012.rds
simplified_B1_2013.rds
simplified_B1_2014.rds
simplified_B1_2015.rds
simplified_B1_2016.rds
simplified_B1_2017.rds
simplified_B1_2018.rds
simplified_B1_2019.rds
simplified_B1_2020.rds
simplified_B1_2021.rds
simplified_B1_2022.rds
simplified_B1_2023.rds
simplified_B1_2024.rds
Processing batch 1/12 (rows 1-1000)
  Calculated 1000 temperatures. Range: 0.03 to 59.87
Processing batch 2/12 (rows 1001-2000)
  Calculated 1000 temperatures. Range: 1.18 to 58.05
Processing batch 3/12 (rows 2001-3000)
  Calculated 1000 temperatures. Range: 1.29 to 51.10
Processing batch 4/12 (rows 3001-4000)
  Calculated 1000 temperatures. Range: 2.87 to 47.10
Processing batch 5/12 (rows 4001-5000)
  Calculated 1000 temperatures. Range: 1.71 to 46.89
Processing batch 6/12 (rows 5001-6000)
  Calculated 1000 temperatures. Range: 1.84 to 44.31
Processing batch 7/12 (rows 6001-7000)
  Calculated 1000 temperatures. Range: 2.65 to 44.07
Processing batch 8/12 (rows 7001-8000)
  Calculated 1000 temperatures. Range: 1.78 to 17.44
Processing batch 9/12 (rows 8001-9000)
  Calculated 1000 temperatures. Range: 2.26 to 19.39
Processing batch 10/12 (rows 9001-10000)
  Calculated 1000 temperatures. Range: 2.53 to 20.57
Processing batch 11/12 (rows 10001-11000)
  Calculated 1000 temperatures. Range: 3.66 to 21.87
Processing batch 12/12 (rows 11001-11035)
  Calculated 35 temperatures. Range: 5.25 to 21.60
Total observations: 11035, Unique timestamps: 2207
MR parameters: mass=0.31, elev=1740.0, b0=16.50, b1=0.85, b2=-0.47, b3=0.000108
Sample tb=280.55 K, log(mass)=-1.1712, 1/(kT)=41.350139, exponent=-3.7422, rmr=0.023703
Sample tb=285.39 K, log(mass)=-1.1712, 1/(kT)=40.649701, exponent=-3.4129, rmr=0.032944
Sample tb=284.23 K, log(mass)=-1.1712, 1/(kT)=40.814859, exponent=-3.4906, rmr=0.030484
Sample tb=287.50 K, log(mass)=-1.1712, 1/(kT)=40.350398, exponent=-3.2723, rmr=0.037920
Sample tb=301.59 K, log(mass)=-1.1712, 1/(kT)=38.465628, exponent=-2.3864, rmr=0.091957
MR results: 0 NA, 0 infinite, 0 negative, 0 zero
Energy calculations: 4036 non-zero gains, 11035 non-zero losses out of 11035 observations
Saved results to output/results/Eldo/1948/F/eb_results_MS_1948_Eldo_B1.rds

Processing: Species=MS, Year=1949, Origin=Eldo, Climate=B1, Sex=F
Looking for climate data at: /mmfs1/gscratch/biology/jmsmith/targeted_microclimate/B1/simplified_B1_1949.rds
Directory /mmfs1/gscratch/biology/jmsmith/targeted_microclimate/B1 exists. Contents:
simplified_B1_1945.rds
simplified_B1_1946.rds
simplified_B1_1947.rds
simplified_B1_1948.rds
simplified_B1_1949.rds
simplified_B1_1950.rds
simplified_B1_1951.rds
simplified_B1_1952.rds
simplified_B1_1953.rds
simplified_B1_1954.rds
simplified_B1_1955.rds
simplified_B1_1956.rds
simplified_B1_1957.rds
simplified_B1_1958.rds
simplified_B1_1959.rds
simplified_B1_1960.rds
simplified_B1_1961.rds
simplified_B1_1962.rds
simplified_B1_1963.rds
simplified_B1_1964.rds
simplified_B1_2005.rds
simplified_B1_2006.rds
simplified_B1_2007.rds
simplified_B1_2008.rds
simplified_B1_2009.rds
simplified_B1_2010.rds
simplified_B1_2011.rds
simplified_B1_2012.rds
simplified_B1_2013.rds
simplified_B1_2014.rds
simplified_B1_2015.rds
simplified_B1_2016.rds
simplified_B1_2017.rds
simplified_B1_2018.rds
simplified_B1_2019.rds
simplified_B1_2020.rds
simplified_B1_2021.rds
simplified_B1_2022.rds
simplified_B1_2023.rds
simplified_B1_2024.rds
Processing batch 1/12 (rows 1-1000)
  Calculated 1000 temperatures. Range: -4.04 to 54.83
Processing batch 2/12 (rows 1001-2000)
  Calculated 1000 temperatures. Range: 0.94 to 59.49
Processing batch 3/12 (rows 2001-3000)
  Calculated 1000 temperatures. Range: -2.29 to 53.76
Processing batch 4/12 (rows 3001-4000)
  Calculated 1000 temperatures. Range: 4.13 to 47.43
Processing batch 5/12 (rows 4001-5000)
  Calculated 1000 temperatures. Range: -2.15 to 47.97
Processing batch 6/12 (rows 5001-6000)
  Calculated 1000 temperatures. Range: 2.62 to 44.42
Processing batch 7/12 (rows 6001-7000)
  Calculated 1000 temperatures. Range: -1.18 to 44.80
Processing batch 8/12 (rows 7001-8000)
  Calculated 1000 temperatures. Range: 2.46 to 18.10
Processing batch 9/12 (rows 8001-9000)
  Calculated 1000 temperatures. Range: -0.65 to 17.57
Processing batch 10/12 (rows 9001-10000)
  Calculated 1000 temperatures. Range: 3.65 to 21.04
Processing batch 11/12 (rows 10001-11000)
  Calculated 1000 temperatures. Range: 3.76 to 21.59
Processing batch 12/12 (rows 11001-11035)
  Calculated 35 temperatures. Range: 4.22 to 14.95
Total observations: 11035, Unique timestamps: 2207
MR parameters: mass=0.31, elev=1740.0, b0=16.50, b1=0.85, b2=-0.47, b3=0.000108
Sample tb=302.26 K, log(mass)=-1.1712, 1/(kT)=38.380659, exponent=-2.3465, rmr=0.095704
Sample tb=280.18 K, log(mass)=-1.1712, 1/(kT)=41.405342, exponent=-3.7681, rmr=0.023096
Sample tb=281.37 K, log(mass)=-1.1712, 1/(kT)=41.230184, exponent=-3.6858, rmr=0.025078
Sample tb=277.61 K, log(mass)=-1.1712, 1/(kT)=41.787866, exponent=-3.9479, rmr=0.019296
Sample tb=280.55 K, log(mass)=-1.1712, 1/(kT)=41.350677, exponent=-3.7424, rmr=0.023697
MR results: 0 NA, 0 infinite, 0 negative, 0 zero
Energy calculations: 3960 non-zero gains, 11035 non-zero losses out of 11035 observations
Saved results to output/results/Eldo/1949/F/eb_results_MS_1949_Eldo_B1.rds

Processing: Species=MS, Year=1950, Origin=Eldo, Climate=B1, Sex=F
Looking for climate data at: /mmfs1/gscratch/biology/jmsmith/targeted_microclimate/B1/simplified_B1_1950.rds
Directory /mmfs1/gscratch/biology/jmsmith/targeted_microclimate/B1 exists. Contents:
simplified_B1_1945.rds
simplified_B1_1946.rds
simplified_B1_1947.rds
simplified_B1_1948.rds
simplified_B1_1949.rds
simplified_B1_1950.rds
simplified_B1_1951.rds
simplified_B1_1952.rds
simplified_B1_1953.rds
simplified_B1_1954.rds
simplified_B1_1955.rds
simplified_B1_1956.rds
simplified_B1_1957.rds
simplified_B1_1958.rds
simplified_B1_1959.rds
simplified_B1_1960.rds
simplified_B1_1961.rds
simplified_B1_1962.rds
simplified_B1_1963.rds
simplified_B1_1964.rds
simplified_B1_2005.rds
simplified_B1_2006.rds
simplified_B1_2007.rds
simplified_B1_2008.rds
simplified_B1_2009.rds
simplified_B1_2010.rds
simplified_B1_2011.rds
simplified_B1_2012.rds
simplified_B1_2013.rds
simplified_B1_2014.rds
simplified_B1_2015.rds
simplified_B1_2016.rds
simplified_B1_2017.rds
simplified_B1_2018.rds
simplified_B1_2019.rds
simplified_B1_2020.rds
simplified_B1_2021.rds
simplified_B1_2022.rds
simplified_B1_2023.rds
simplified_B1_2024.rds
Processing batch 1/12 (rows 1-1000)
  Calculated 1000 temperatures. Range: -8.27 to 60.00
Processing batch 2/12 (rows 1001-2000)
  Calculated 1000 temperatures. Range: 1.57 to 57.46
Processing batch 3/12 (rows 2001-3000)
  Calculated 1000 temperatures. Range: -7.17 to 54.66
Processing batch 4/12 (rows 3001-4000)
  Calculated 1000 temperatures. Range: 2.97 to 47.34
Processing batch 5/12 (rows 4001-5000)
  Calculated 1000 temperatures. Range: -6.90 to 46.19
Processing batch 6/12 (rows 5001-6000)
  Calculated 1000 temperatures. Range: 1.98 to 44.57
Processing batch 7/12 (rows 6001-7000)
  Calculated 1000 temperatures. Range: -4.24 to 42.25
Processing batch 8/12 (rows 7001-8000)
  Calculated 1000 temperatures. Range: 2.26 to 17.44
Processing batch 9/12 (rows 8001-9000)
  Calculated 1000 temperatures. Range: -4.75 to 19.87
Processing batch 10/12 (rows 9001-10000)
  Calculated 1000 temperatures. Range: -2.28 to 20.38
Processing batch 11/12 (rows 10001-11000)
  Calculated 1000 temperatures. Range: 2.08 to 19.78
Processing batch 12/12 (rows 11001-11035)
  Calculated 35 temperatures. Range: 3.42 to 19.87
Total observations: 11035, Unique timestamps: 2207
MR parameters: mass=0.31, elev=1740.0, b0=16.50, b1=0.85, b2=-0.47, b3=0.000108
Sample tb=278.84 K, log(mass)=-1.1712, 1/(kT)=41.603825, exponent=-3.8614, rmr=0.021039
Sample tb=280.60 K, log(mass)=-1.1712, 1/(kT)=41.343486, exponent=-3.7390, rmr=0.023777
Sample tb=280.46 K, log(mass)=-1.1712, 1/(kT)=41.363621, exponent=-3.7485, rmr=0.023553
Sample tb=283.92 K, log(mass)=-1.1712, 1/(kT)=40.859557, exponent=-3.5116, rmr=0.029850
Sample tb=280.90 K, log(mass)=-1.1712, 1/(kT)=41.298748, exponent=-3.7180, rmr=0.024283
MR results: 0 NA, 0 infinite, 0 negative, 0 zero
Energy calculations: 3665 non-zero gains, 11035 non-zero losses out of 11035 observations
Saved results to output/results/Eldo/1950/F/eb_results_MS_1950_Eldo_B1.rds

Processing: Species=MS, Year=1951, Origin=Eldo, Climate=B1, Sex=F
Looking for climate data at: /mmfs1/gscratch/biology/jmsmith/targeted_microclimate/B1/simplified_B1_1951.rds
Directory /mmfs1/gscratch/biology/jmsmith/targeted_microclimate/B1 exists. Contents:
simplified_B1_1945.rds
simplified_B1_1946.rds
simplified_B1_1947.rds
simplified_B1_1948.rds
simplified_B1_1949.rds
simplified_B1_1950.rds
simplified_B1_1951.rds
simplified_B1_1952.rds
simplified_B1_1953.rds
simplified_B1_1954.rds
simplified_B1_1955.rds
simplified_B1_1956.rds
simplified_B1_1957.rds
simplified_B1_1958.rds
simplified_B1_1959.rds
simplified_B1_1960.rds
simplified_B1_1961.rds
simplified_B1_1962.rds
simplified_B1_1963.rds
simplified_B1_1964.rds
simplified_B1_2005.rds
simplified_B1_2006.rds
simplified_B1_2007.rds
simplified_B1_2008.rds
simplified_B1_2009.rds
simplified_B1_2010.rds
simplified_B1_2011.rds
simplified_B1_2012.rds
simplified_B1_2013.rds
simplified_B1_2014.rds
simplified_B1_2015.rds
simplified_B1_2016.rds
simplified_B1_2017.rds
simplified_B1_2018.rds
simplified_B1_2019.rds
simplified_B1_2020.rds
simplified_B1_2021.rds
simplified_B1_2022.rds
simplified_B1_2023.rds
simplified_B1_2024.rds
Processing batch 1/12 (rows 1-1000)
  Calculated 1000 temperatures. Range: -7.24 to 60.00
Processing batch 2/12 (rows 1001-2000)
  Calculated 1000 temperatures. Range: 2.63 to 60.00
Processing batch 3/12 (rows 2001-3000)
  Calculated 1000 temperatures. Range: -7.10 to 47.66
Processing batch 4/12 (rows 3001-4000)
  Calculated 1000 temperatures. Range: 3.88 to 51.76
Processing batch 5/12 (rows 4001-5000)
  Calculated 1000 temperatures. Range: -6.36 to 42.86
Processing batch 6/12 (rows 5001-6000)
  Calculated 1000 temperatures. Range: 1.99 to 48.41
Processing batch 7/12 (rows 6001-7000)
  Calculated 1000 temperatures. Range: -6.18 to 40.84
Processing batch 8/12 (rows 7001-8000)
  Calculated 1000 temperatures. Range: 1.47 to 19.88
Processing batch 9/12 (rows 8001-9000)
  Calculated 1000 temperatures. Range: -6.17 to 19.24
Processing batch 10/12 (rows 9001-10000)
  Calculated 1000 temperatures. Range: -0.55 to 23.28
Processing batch 11/12 (rows 10001-11000)
  Calculated 1000 temperatures. Range: 4.50 to 22.80
Processing batch 12/12 (rows 11001-11035)
  Calculated 35 temperatures. Range: 4.74 to 17.24
Total observations: 11035, Unique timestamps: 2207
MR parameters: mass=0.31, elev=1740.0, b0=16.50, b1=0.85, b2=-0.47, b3=0.000108
Sample tb=286.71 K, log(mass)=-1.1712, 1/(kT)=40.462224, exponent=-3.3248, rmr=0.035979
Sample tb=282.13 K, log(mass)=-1.1712, 1/(kT)=41.119472, exponent=-3.6337, rmr=0.026417
Sample tb=275.66 K, log(mass)=-1.1712, 1/(kT)=42.083660, exponent=-4.0869, rmr=0.016791
Sample tb=280.65 K, log(mass)=-1.1712, 1/(kT)=41.335689, exponent=-3.7354, rmr=0.023865
Sample tb=278.09 K, log(mass)=-1.1712, 1/(kT)=41.715939, exponent=-3.9141, rmr=0.019959
MR results: 0 NA, 0 infinite, 0 negative, 0 zero
Energy calculations: 3846 non-zero gains, 11035 non-zero losses out of 11035 observations
Saved results to output/results/Eldo/1951/F/eb_results_MS_1951_Eldo_B1.rds

Processing: Species=MS, Year=1952, Origin=Eldo, Climate=B1, Sex=F
Looking for climate data at: /mmfs1/gscratch/biology/jmsmith/targeted_microclimate/B1/simplified_B1_1952.rds
Directory /mmfs1/gscratch/biology/jmsmith/targeted_microclimate/B1 exists. Contents:
simplified_B1_1945.rds
simplified_B1_1946.rds
simplified_B1_1947.rds
simplified_B1_1948.rds
simplified_B1_1949.rds
simplified_B1_1950.rds
simplified_B1_1951.rds
simplified_B1_1952.rds
simplified_B1_1953.rds
simplified_B1_1954.rds
simplified_B1_1955.rds
simplified_B1_1956.rds
simplified_B1_1957.rds
simplified_B1_1958.rds
simplified_B1_1959.rds
simplified_B1_1960.rds
simplified_B1_1961.rds
simplified_B1_1962.rds
simplified_B1_1963.rds
simplified_B1_1964.rds
simplified_B1_2005.rds
simplified_B1_2006.rds
simplified_B1_2007.rds
simplified_B1_2008.rds
simplified_B1_2009.rds
simplified_B1_2010.rds
simplified_B1_2011.rds
simplified_B1_2012.rds
simplified_B1_2013.rds
simplified_B1_2014.rds
simplified_B1_2015.rds
simplified_B1_2016.rds
simplified_B1_2017.rds
simplified_B1_2018.rds
simplified_B1_2019.rds
simplified_B1_2020.rds
simplified_B1_2021.rds
simplified_B1_2022.rds
simplified_B1_2023.rds
simplified_B1_2024.rds
Processing batch 1/12 (rows 1-1000)
  Calculated 1000 temperatures. Range: -3.92 to 60.00
Processing batch 2/12 (rows 1001-2000)
  Calculated 1000 temperatures. Range: 3.62 to 60.00
Processing batch 3/12 (rows 2001-3000)
  Calculated 1000 temperatures. Range: -1.39 to 56.95
Processing batch 4/12 (rows 3001-4000)
  Calculated 1000 temperatures. Range: 1.72 to 50.78
Processing batch 5/12 (rows 4001-5000)
  Calculated 1000 temperatures. Range: -1.16 to 51.11
Processing batch 6/12 (rows 5001-6000)
  Calculated 1000 temperatures. Range: 1.94 to 47.34
Processing batch 7/12 (rows 6001-7000)
  Calculated 1000 temperatures. Range: 0.04 to 44.14
Processing batch 8/12 (rows 7001-8000)
  Calculated 1000 temperatures. Range: 1.06 to 18.17
Processing batch 9/12 (rows 8001-9000)
  Calculated 1000 temperatures. Range: 1.31 to 20.31
Processing batch 10/12 (rows 9001-10000)
  Calculated 1000 temperatures. Range: 1.55 to 21.62
Processing batch 11/12 (rows 10001-11000)
  Calculated 1000 temperatures. Range: 5.28 to 22.27
Processing batch 12/12 (rows 11001-11035)
  Calculated 35 temperatures. Range: 2.32 to 17.54
Total observations: 11035, Unique timestamps: 2207
MR parameters: mass=0.31, elev=1740.0, b0=16.50, b1=0.85, b2=-0.47, b3=0.000108
Sample tb=288.75 K, log(mass)=-1.1712, 1/(kT)=40.176034, exponent=-3.1903, rmr=0.041159
Sample tb=284.76 K, log(mass)=-1.1712, 1/(kT)=40.739795, exponent=-3.4553, rmr=0.031578
Sample tb=283.60 K, log(mass)=-1.1712, 1/(kT)=40.905362, exponent=-3.5331, rmr=0.029214
Sample tb=282.03 K, log(mass)=-1.1712, 1/(kT)=41.133547, exponent=-3.6404, rmr=0.026243
Sample tb=283.50 K, log(mass)=-1.1712, 1/(kT)=40.920397, exponent=-3.5402, rmr=0.029008
MR results: 0 NA, 0 infinite, 0 negative, 0 zero
Energy calculations: 4236 non-zero gains, 11035 non-zero losses out of 11035 observations
Saved results to output/results/Eldo/1952/F/eb_results_MS_1952_Eldo_B1.rds

Processing: Species=MS, Year=1953, Origin=Eldo, Climate=B1, Sex=F
Looking for climate data at: /mmfs1/gscratch/biology/jmsmith/targeted_microclimate/B1/simplified_B1_1953.rds
Directory /mmfs1/gscratch/biology/jmsmith/targeted_microclimate/B1 exists. Contents:
simplified_B1_1945.rds
simplified_B1_1946.rds
simplified_B1_1947.rds
simplified_B1_1948.rds
simplified_B1_1949.rds
simplified_B1_1950.rds
simplified_B1_1951.rds
simplified_B1_1952.rds
simplified_B1_1953.rds
simplified_B1_1954.rds
simplified_B1_1955.rds
simplified_B1_1956.rds
simplified_B1_1957.rds
simplified_B1_1958.rds
simplified_B1_1959.rds
simplified_B1_1960.rds
simplified_B1_1961.rds
simplified_B1_1962.rds
simplified_B1_1963.rds
simplified_B1_1964.rds
simplified_B1_2005.rds
simplified_B1_2006.rds
simplified_B1_2007.rds
simplified_B1_2008.rds
simplified_B1_2009.rds
simplified_B1_2010.rds
simplified_B1_2011.rds
simplified_B1_2012.rds
simplified_B1_2013.rds
simplified_B1_2014.rds
simplified_B1_2015.rds
simplified_B1_2016.rds
simplified_B1_2017.rds
simplified_B1_2018.rds
simplified_B1_2019.rds
simplified_B1_2020.rds
simplified_B1_2021.rds
simplified_B1_2022.rds
simplified_B1_2023.rds
simplified_B1_2024.rds
Processing batch 1/12 (rows 1-1000)
  Calculated 1000 temperatures. Range: -3.38 to 59.86
Processing batch 2/12 (rows 1001-2000)
  Calculated 1000 temperatures. Range: 1.77 to 60.00
Processing batch 3/12 (rows 2001-3000)
  Calculated 1000 temperatures. Range: -0.78 to 50.21
Processing batch 4/12 (rows 3001-4000)
  Calculated 1000 temperatures. Range: 4.54 to 48.74
Processing batch 5/12 (rows 4001-5000)
  Calculated 1000 temperatures. Range: -0.95 to 42.56
Processing batch 6/12 (rows 5001-6000)
  Calculated 1000 temperatures. Range: 2.98 to 46.04
Processing batch 7/12 (rows 6001-7000)
  Calculated 1000 temperatures. Range: 0.00 to 46.51
Processing batch 8/12 (rows 7001-8000)
  Calculated 1000 temperatures. Range: 1.93 to 18.79
Processing batch 9/12 (rows 8001-9000)
  Calculated 1000 temperatures. Range: 1.20 to 18.11
Processing batch 10/12 (rows 9001-10000)
  Calculated 1000 temperatures. Range: 2.25 to 21.64
Processing batch 11/12 (rows 10001-11000)
  Calculated 1000 temperatures. Range: 3.78 to 21.76
Processing batch 12/12 (rows 11001-11035)
  Calculated 35 temperatures. Range: 5.54 to 18.77
Total observations: 11035, Unique timestamps: 2207
MR parameters: mass=0.31, elev=1740.0, b0=16.50, b1=0.85, b2=-0.47, b3=0.000108
Sample tb=320.19 K, log(mass)=-1.1712, 1/(kT)=36.231531, exponent=-1.3364, rmr=0.262789
Sample tb=292.00 K, log(mass)=-1.1712, 1/(kT)=39.728555, exponent=-2.9800, rmr=0.050793
Sample tb=281.30 K, log(mass)=-1.1712, 1/(kT)=41.241110, exponent=-3.6909, rmr=0.024949
Sample tb=305.69 K, log(mass)=-1.1712, 1/(kT)=37.949480, exponent=-2.1438, rmr=0.117204
Sample tb=290.37 K, log(mass)=-1.1712, 1/(kT)=39.952165, exponent=-3.0851, rmr=0.045725
MR results: 0 NA, 0 infinite, 0 negative, 0 zero
Energy calculations: 4190 non-zero gains, 11035 non-zero losses out of 11035 observations
Saved results to output/results/Eldo/1953/F/eb_results_MS_1953_Eldo_B1.rds

Processing: Species=MS, Year=1954, Origin=Eldo, Climate=B1, Sex=F
Looking for climate data at: /mmfs1/gscratch/biology/jmsmith/targeted_microclimate/B1/simplified_B1_1954.rds
Directory /mmfs1/gscratch/biology/jmsmith/targeted_microclimate/B1 exists. Contents:
simplified_B1_1945.rds
simplified_B1_1946.rds
simplified_B1_1947.rds
simplified_B1_1948.rds
simplified_B1_1949.rds
simplified_B1_1950.rds
simplified_B1_1951.rds
simplified_B1_1952.rds
simplified_B1_1953.rds
simplified_B1_1954.rds
simplified_B1_1955.rds
simplified_B1_1956.rds
simplified_B1_1957.rds
simplified_B1_1958.rds
simplified_B1_1959.rds
simplified_B1_1960.rds
simplified_B1_1961.rds
simplified_B1_1962.rds
simplified_B1_1963.rds
simplified_B1_1964.rds
simplified_B1_2005.rds
simplified_B1_2006.rds
simplified_B1_2007.rds
simplified_B1_2008.rds
simplified_B1_2009.rds
simplified_B1_2010.rds
simplified_B1_2011.rds
simplified_B1_2012.rds
simplified_B1_2013.rds
simplified_B1_2014.rds
simplified_B1_2015.rds
simplified_B1_2016.rds
simplified_B1_2017.rds
simplified_B1_2018.rds
simplified_B1_2019.rds
simplified_B1_2020.rds
simplified_B1_2021.rds
simplified_B1_2022.rds
simplified_B1_2023.rds
simplified_B1_2024.rds
Processing batch 1/12 (rows 1-1000)
  Calculated 1000 temperatures. Range: -5.78 to 60.00
Processing batch 2/12 (rows 1001-2000)
  Calculated 1000 temperatures. Range: 1.46 to 60.00
Processing batch 3/12 (rows 2001-3000)
  Calculated 1000 temperatures. Range: -4.17 to 58.92
Processing batch 4/12 (rows 3001-4000)
  Calculated 1000 temperatures. Range: 3.72 to 51.75
Processing batch 5/12 (rows 4001-5000)
  Calculated 1000 temperatures. Range: -3.46 to 48.50
Processing batch 6/12 (rows 5001-6000)
  Calculated 1000 temperatures. Range: 3.78 to 47.92
Processing batch 7/12 (rows 6001-7000)
  Calculated 1000 temperatures. Range: -1.75 to 45.47
Processing batch 8/12 (rows 7001-8000)
  Calculated 1000 temperatures. Range: 2.71 to 20.07
Processing batch 9/12 (rows 8001-9000)
  Calculated 1000 temperatures. Range: -1.39 to 19.02
Processing batch 10/12 (rows 9001-10000)
  Calculated 1000 temperatures. Range: -0.89 to 25.35
Processing batch 11/12 (rows 10001-11000)
  Calculated 1000 temperatures. Range: 3.28 to 22.30
Processing batch 12/12 (rows 11001-11035)
  Calculated 35 temperatures. Range: 5.26 to 20.74
Total observations: 11035, Unique timestamps: 2207
MR parameters: mass=0.31, elev=1740.0, b0=16.50, b1=0.85, b2=-0.47, b3=0.000108
Sample tb=288.89 K, log(mass)=-1.1712, 1/(kT)=40.157353, exponent=-3.1815, rmr=0.041522
Sample tb=276.47 K, log(mass)=-1.1712, 1/(kT)=41.960766, exponent=-4.0291, rmr=0.017790
Sample tb=295.46 K, log(mass)=-1.1712, 1/(kT)=39.264252, exponent=-2.7618, rmr=0.063179
Sample tb=279.83 K, log(mass)=-1.1712, 1/(kT)=41.457477, exponent=-3.7926, rmr=0.022537
Sample tb=275.97 K, log(mass)=-1.1712, 1/(kT)=42.036742, exponent=-4.0649, rmr=0.017165
MR results: 0 NA, 0 infinite, 0 negative, 0 zero
Energy calculations: 4304 non-zero gains, 11035 non-zero losses out of 11035 observations
Saved results to output/results/Eldo/1954/F/eb_results_MS_1954_Eldo_B1.rds

Processing: Species=MS, Year=1955, Origin=Eldo, Climate=B1, Sex=F
Looking for climate data at: /mmfs1/gscratch/biology/jmsmith/targeted_microclimate/B1/simplified_B1_1955.rds
Directory /mmfs1/gscratch/biology/jmsmith/targeted_microclimate/B1 exists. Contents:
simplified_B1_1945.rds
simplified_B1_1946.rds
simplified_B1_1947.rds
simplified_B1_1948.rds
simplified_B1_1949.rds
simplified_B1_1950.rds
simplified_B1_1951.rds
simplified_B1_1952.rds
simplified_B1_1953.rds
simplified_B1_1954.rds
simplified_B1_1955.rds
simplified_B1_1956.rds
simplified_B1_1957.rds
simplified_B1_1958.rds
simplified_B1_1959.rds
simplified_B1_1960.rds
simplified_B1_1961.rds
simplified_B1_1962.rds
simplified_B1_1963.rds
simplified_B1_1964.rds
simplified_B1_2005.rds
simplified_B1_2006.rds
simplified_B1_2007.rds
simplified_B1_2008.rds
simplified_B1_2009.rds
simplified_B1_2010.rds
simplified_B1_2011.rds
simplified_B1_2012.rds
simplified_B1_2013.rds
simplified_B1_2014.rds
simplified_B1_2015.rds
simplified_B1_2016.rds
simplified_B1_2017.rds
simplified_B1_2018.rds
simplified_B1_2019.rds
simplified_B1_2020.rds
simplified_B1_2021.rds
simplified_B1_2022.rds
simplified_B1_2023.rds
simplified_B1_2024.rds
Processing batch 1/12 (rows 1-1000)
  Calculated 1000 temperatures. Range: -5.04 to 57.24
Processing batch 2/12 (rows 1001-2000)
  Calculated 1000 temperatures. Range: -0.07 to 58.06
Processing batch 3/12 (rows 2001-3000)
  Calculated 1000 temperatures. Range: -2.76 to 54.28
Processing batch 4/12 (rows 3001-4000)
  Calculated 1000 temperatures. Range: 2.52 to 47.42
Processing batch 5/12 (rows 4001-5000)
  Calculated 1000 temperatures. Range: -1.15 to 45.06
Processing batch 6/12 (rows 5001-6000)
  Calculated 1000 temperatures. Range: 1.14 to 44.22
Processing batch 7/12 (rows 6001-7000)
  Calculated 1000 temperatures. Range: -0.73 to 42.91
Processing batch 8/12 (rows 7001-8000)
  Calculated 1000 temperatures. Range: 1.32 to 18.01
Processing batch 9/12 (rows 8001-9000)
  Calculated 1000 temperatures. Range: -0.26 to 18.06
Processing batch 10/12 (rows 9001-10000)
  Calculated 1000 temperatures. Range: 0.60 to 23.45
Processing batch 11/12 (rows 10001-11000)
  Calculated 1000 temperatures. Range: 3.67 to 21.55
Processing batch 12/12 (rows 11001-11035)
  Calculated 35 temperatures. Range: 3.51 to 18.73
Total observations: 11035, Unique timestamps: 2207
MR parameters: mass=0.31, elev=1740.0, b0=16.50, b1=0.85, b2=-0.47, b3=0.000108
Sample tb=308.88 K, log(mass)=-1.1712, 1/(kT)=37.558295, exponent=-1.9600, rmr=0.140861
Sample tb=302.26 K, log(mass)=-1.1712, 1/(kT)=38.381070, exponent=-2.3467, rmr=0.095685
Sample tb=285.13 K, log(mass)=-1.1712, 1/(kT)=40.685990, exponent=-3.4300, rmr=0.032387
Sample tb=282.68 K, log(mass)=-1.1712, 1/(kT)=41.039517, exponent=-3.5962, rmr=0.027429
Sample tb=283.54 K, log(mass)=-1.1712, 1/(kT)=40.914222, exponent=-3.5373, rmr=0.029093
MR results: 0 NA, 0 infinite, 0 negative, 0 zero
Energy calculations: 4128 non-zero gains, 11035 non-zero losses out of 11035 observations
Saved results to output/results/Eldo/1955/F/eb_results_MS_1955_Eldo_B1.rds

Processing: Species=MS, Year=1956, Origin=Eldo, Climate=B1, Sex=F
Looking for climate data at: /mmfs1/gscratch/biology/jmsmith/targeted_microclimate/B1/simplified_B1_1956.rds
Directory /mmfs1/gscratch/biology/jmsmith/targeted_microclimate/B1 exists. Contents:
simplified_B1_1945.rds
simplified_B1_1946.rds
simplified_B1_1947.rds
simplified_B1_1948.rds
simplified_B1_1949.rds
simplified_B1_1950.rds
simplified_B1_1951.rds
simplified_B1_1952.rds
simplified_B1_1953.rds
simplified_B1_1954.rds
simplified_B1_1955.rds
simplified_B1_1956.rds
simplified_B1_1957.rds
simplified_B1_1958.rds
simplified_B1_1959.rds
simplified_B1_1960.rds
simplified_B1_1961.rds
simplified_B1_1962.rds
simplified_B1_1963.rds
simplified_B1_1964.rds
simplified_B1_2005.rds
simplified_B1_2006.rds
simplified_B1_2007.rds
simplified_B1_2008.rds
simplified_B1_2009.rds
simplified_B1_2010.rds
simplified_B1_2011.rds
simplified_B1_2012.rds
simplified_B1_2013.rds
simplified_B1_2014.rds
simplified_B1_2015.rds
simplified_B1_2016.rds
simplified_B1_2017.rds
simplified_B1_2018.rds
simplified_B1_2019.rds
simplified_B1_2020.rds
simplified_B1_2021.rds
simplified_B1_2022.rds
simplified_B1_2023.rds
simplified_B1_2024.rds
Processing batch 1/12 (rows 1-1000)
  Calculated 1000 temperatures. Range: -0.20 to 60.00
Processing batch 2/12 (rows 1001-2000)
  Calculated 1000 temperatures. Range: 1.67 to 57.60
Processing batch 3/12 (rows 2001-3000)
  Calculated 1000 temperatures. Range: -2.97 to 56.10
Processing batch 4/12 (rows 3001-4000)
  Calculated 1000 temperatures. Range: 3.09 to 46.94
Processing batch 5/12 (rows 4001-5000)
  Calculated 1000 temperatures. Range: -1.84 to 48.08
Processing batch 6/12 (rows 5001-6000)
  Calculated 1000 temperatures. Range: 3.39 to 43.90
Processing batch 7/12 (rows 6001-7000)
  Calculated 1000 temperatures. Range: -1.26 to 43.75
Processing batch 8/12 (rows 7001-8000)
  Calculated 1000 temperatures. Range: 1.42 to 17.56
Processing batch 9/12 (rows 8001-9000)
  Calculated 1000 temperatures. Range: -0.18 to 19.17
Processing batch 10/12 (rows 9001-10000)
  Calculated 1000 temperatures. Range: 3.26 to 20.99
Processing batch 11/12 (rows 10001-11000)
  Calculated 1000 temperatures. Range: 3.79 to 20.88
Processing batch 12/12 (rows 11001-11035)
  Calculated 35 temperatures. Range: -0.22 to 14.78
Total observations: 11035, Unique timestamps: 2207
MR parameters: mass=0.31, elev=1740.0, b0=16.50, b1=0.85, b2=-0.47, b3=0.000108
Sample tb=293.72 K, log(mass)=-1.1712, 1/(kT)=39.495943, exponent=-2.8707, rmr=0.056660
Sample tb=302.38 K, log(mass)=-1.1712, 1/(kT)=38.365892, exponent=-2.3396, rmr=0.096371
Sample tb=291.46 K, log(mass)=-1.1712, 1/(kT)=39.802938, exponent=-3.0150, rmr=0.049047
Sample tb=294.55 K, log(mass)=-1.1712, 1/(kT)=39.384802, exponent=-2.8184, rmr=0.059699
Sample tb=283.34 K, log(mass)=-1.1712, 1/(kT)=40.943993, exponent=-3.5513, rmr=0.028688
MR results: 0 NA, 0 infinite, 0 negative, 0 zero
Energy calculations: 4040 non-zero gains, 11035 non-zero losses out of 11035 observations
Saved results to output/results/Eldo/1956/F/eb_results_MS_1956_Eldo_B1.rds

Processing: Species=MS, Year=1957, Origin=Eldo, Climate=B1, Sex=F
Looking for climate data at: /mmfs1/gscratch/biology/jmsmith/targeted_microclimate/B1/simplified_B1_1957.rds
Directory /mmfs1/gscratch/biology/jmsmith/targeted_microclimate/B1 exists. Contents:
simplified_B1_1945.rds
simplified_B1_1946.rds
simplified_B1_1947.rds
simplified_B1_1948.rds
simplified_B1_1949.rds
simplified_B1_1950.rds
simplified_B1_1951.rds
simplified_B1_1952.rds
simplified_B1_1953.rds
simplified_B1_1954.rds
simplified_B1_1955.rds
simplified_B1_1956.rds
simplified_B1_1957.rds
simplified_B1_1958.rds
simplified_B1_1959.rds
simplified_B1_1960.rds
simplified_B1_1961.rds
simplified_B1_1962.rds
simplified_B1_1963.rds
simplified_B1_1964.rds
simplified_B1_2005.rds
simplified_B1_2006.rds
simplified_B1_2007.rds
simplified_B1_2008.rds
simplified_B1_2009.rds
simplified_B1_2010.rds
simplified_B1_2011.rds
simplified_B1_2012.rds
simplified_B1_2013.rds
simplified_B1_2014.rds
simplified_B1_2015.rds
simplified_B1_2016.rds
simplified_B1_2017.rds
simplified_B1_2018.rds
simplified_B1_2019.rds
simplified_B1_2020.rds
simplified_B1_2021.rds
simplified_B1_2022.rds
simplified_B1_2023.rds
simplified_B1_2024.rds
Processing batch 1/12 (rows 1-1000)
  Calculated 1000 temperatures. Range: -2.22 to 60.00
Processing batch 2/12 (rows 1001-2000)
  Calculated 1000 temperatures. Range: 2.96 to 59.79
Processing batch 3/12 (rows 2001-3000)
  Calculated 1000 temperatures. Range: -0.83 to 58.99
Processing batch 4/12 (rows 3001-4000)
  Calculated 1000 temperatures. Range: 2.90 to 49.51
Processing batch 5/12 (rows 4001-5000)
  Calculated 1000 temperatures. Range: -0.56 to 47.32
Processing batch 6/12 (rows 5001-6000)
  Calculated 1000 temperatures. Range: 3.03 to 45.81
Processing batch 7/12 (rows 6001-7000)
  Calculated 1000 temperatures. Range: 0.65 to 44.56
Processing batch 8/12 (rows 7001-8000)
  Calculated 1000 temperatures. Range: -0.35 to 17.93
Processing batch 9/12 (rows 8001-9000)
  Calculated 1000 temperatures. Range: 2.03 to 18.86
Processing batch 10/12 (rows 9001-10000)
  Calculated 1000 temperatures. Range: 0.18 to 22.17
Processing batch 11/12 (rows 10001-11000)
  Calculated 1000 temperatures. Range: 4.22 to 21.45
Processing batch 12/12 (rows 11001-11035)
  Calculated 35 temperatures. Range: 5.12 to 14.73
Total observations: 11035, Unique timestamps: 2207
MR parameters: mass=0.31, elev=1740.0, b0=16.50, b1=0.85, b2=-0.47, b3=0.000108
Sample tb=293.32 K, log(mass)=-1.1712, 1/(kT)=39.550527, exponent=-2.8963, rmr=0.055225
Sample tb=285.88 K, log(mass)=-1.1712, 1/(kT)=40.579150, exponent=-3.3798, rmr=0.034055
Sample tb=284.06 K, log(mass)=-1.1712, 1/(kT)=40.840410, exponent=-3.5026, rmr=0.030120
Sample tb=285.42 K, log(mass)=-1.1712, 1/(kT)=40.645105, exponent=-3.4108, rmr=0.033015
Sample tb=303.86 K, log(mass)=-1.1712, 1/(kT)=38.178462, exponent=-2.2515, rmr=0.105245
MR results: 0 NA, 0 infinite, 0 negative, 0 zero
Energy calculations: 4040 non-zero gains, 11035 non-zero losses out of 11035 observations
Saved results to output/results/Eldo/1957/F/eb_results_MS_1957_Eldo_B1.rds

Processing: Species=MS, Year=1958, Origin=Eldo, Climate=B1, Sex=F
Looking for climate data at: /mmfs1/gscratch/biology/jmsmith/targeted_microclimate/B1/simplified_B1_1958.rds
Directory /mmfs1/gscratch/biology/jmsmith/targeted_microclimate/B1 exists. Contents:
simplified_B1_1945.rds
simplified_B1_1946.rds
simplified_B1_1947.rds
simplified_B1_1948.rds
simplified_B1_1949.rds
simplified_B1_1950.rds
simplified_B1_1951.rds
simplified_B1_1952.rds
simplified_B1_1953.rds
simplified_B1_1954.rds
simplified_B1_1955.rds
simplified_B1_1956.rds
simplified_B1_1957.rds
simplified_B1_1958.rds
simplified_B1_1959.rds
simplified_B1_1960.rds
simplified_B1_1961.rds
simplified_B1_1962.rds
simplified_B1_1963.rds
simplified_B1_1964.rds
simplified_B1_2005.rds
simplified_B1_2006.rds
simplified_B1_2007.rds
simplified_B1_2008.rds
simplified_B1_2009.rds
simplified_B1_2010.rds
simplified_B1_2011.rds
simplified_B1_2012.rds
simplified_B1_2013.rds
simplified_B1_2014.rds
simplified_B1_2015.rds
simplified_B1_2016.rds
simplified_B1_2017.rds
simplified_B1_2018.rds
simplified_B1_2019.rds
simplified_B1_2020.rds
simplified_B1_2021.rds
simplified_B1_2022.rds
simplified_B1_2023.rds
simplified_B1_2024.rds
Processing batch 1/12 (rows 1-1000)
  Calculated 1000 temperatures. Range: -0.71 to 56.75
Processing batch 2/12 (rows 1001-2000)
  Calculated 1000 temperatures. Range: 1.79 to 59.81
Processing batch 3/12 (rows 2001-3000)
  Calculated 1000 temperatures. Range: 0.80 to 49.27
Processing batch 4/12 (rows 3001-4000)
  Calculated 1000 temperatures. Range: 3.45 to 48.83
Processing batch 5/12 (rows 4001-5000)
  Calculated 1000 temperatures. Range: 1.22 to 42.50
Processing batch 6/12 (rows 5001-6000)
  Calculated 1000 temperatures. Range: 2.19 to 45.51
Processing batch 7/12 (rows 6001-7000)
  Calculated 1000 temperatures. Range: 1.41 to 45.54
Processing batch 8/12 (rows 7001-8000)
  Calculated 1000 temperatures. Range: 2.03 to 17.11
Processing batch 9/12 (rows 8001-9000)
  Calculated 1000 temperatures. Range: 2.80 to 20.03
Processing batch 10/12 (rows 9001-10000)
  Calculated 1000 temperatures. Range: 2.09 to 21.07
Processing batch 11/12 (rows 10001-11000)
  Calculated 1000 temperatures. Range: 4.49 to 22.01
Processing batch 12/12 (rows 11001-11035)
  Calculated 35 temperatures. Range: 3.48 to 17.90
Total observations: 11035, Unique timestamps: 2207
MR parameters: mass=0.31, elev=1740.0, b0=16.50, b1=0.85, b2=-0.47, b3=0.000108
Sample tb=311.35 K, log(mass)=-1.1712, 1/(kT)=37.259848, exponent=-1.8197, rmr=0.162072
Sample tb=288.96 K, log(mass)=-1.1712, 1/(kT)=40.147141, exponent=-3.1767, rmr=0.041721
Sample tb=286.09 K, log(mass)=-1.1712, 1/(kT)=40.550486, exponent=-3.3663, rmr=0.034517
Sample tb=282.44 K, log(mass)=-1.1712, 1/(kT)=41.074487, exponent=-3.6126, rmr=0.026982
Sample tb=296.95 K, log(mass)=-1.1712, 1/(kT)=39.067541, exponent=-2.6693, rmr=0.069299
MR results: 0 NA, 0 infinite, 0 negative, 0 zero
Energy calculations: 4056 non-zero gains, 11035 non-zero losses out of 11035 observations
Saved results to output/results/Eldo/1958/F/eb_results_MS_1958_Eldo_B1.rds

Processing: Species=MS, Year=1959, Origin=Eldo, Climate=B1, Sex=F
Looking for climate data at: /mmfs1/gscratch/biology/jmsmith/targeted_microclimate/B1/simplified_B1_1959.rds
Directory /mmfs1/gscratch/biology/jmsmith/targeted_microclimate/B1 exists. Contents:
simplified_B1_1945.rds
simplified_B1_1946.rds
simplified_B1_1947.rds
simplified_B1_1948.rds
simplified_B1_1949.rds
simplified_B1_1950.rds
simplified_B1_1951.rds
simplified_B1_1952.rds
simplified_B1_1953.rds
simplified_B1_1954.rds
simplified_B1_1955.rds
simplified_B1_1956.rds
simplified_B1_1957.rds
simplified_B1_1958.rds
simplified_B1_1959.rds
simplified_B1_1960.rds
simplified_B1_1961.rds
simplified_B1_1962.rds
simplified_B1_1963.rds
simplified_B1_1964.rds
simplified_B1_2005.rds
simplified_B1_2006.rds
simplified_B1_2007.rds
simplified_B1_2008.rds
simplified_B1_2009.rds
simplified_B1_2010.rds
simplified_B1_2011.rds
simplified_B1_2012.rds
simplified_B1_2013.rds
simplified_B1_2014.rds
simplified_B1_2015.rds
simplified_B1_2016.rds
simplified_B1_2017.rds
simplified_B1_2018.rds
simplified_B1_2019.rds
simplified_B1_2020.rds
simplified_B1_2021.rds
simplified_B1_2022.rds
simplified_B1_2023.rds
simplified_B1_2024.rds
Processing batch 1/12 (rows 1-1000)
  Calculated 1000 temperatures. Range: -2.36 to 60.00
Processing batch 2/12 (rows 1001-2000)
  Calculated 1000 temperatures. Range: 3.66 to 60.00
Processing batch 3/12 (rows 2001-3000)
  Calculated 1000 temperatures. Range: -1.53 to 50.58
Processing batch 4/12 (rows 3001-4000)
  Calculated 1000 temperatures. Range: 2.25 to 50.14
Processing batch 5/12 (rows 4001-5000)
  Calculated 1000 temperatures. Range: -0.69 to 48.15
Processing batch 6/12 (rows 5001-6000)
  Calculated 1000 temperatures. Range: 2.27 to 47.01
Processing batch 7/12 (rows 6001-7000)
  Calculated 1000 temperatures. Range: 0.93 to 46.90
Processing batch 8/12 (rows 7001-8000)
  Calculated 1000 temperatures. Range: 2.08 to 18.84
Processing batch 9/12 (rows 8001-9000)
  Calculated 1000 temperatures. Range: 0.51 to 21.15
Processing batch 10/12 (rows 9001-10000)
  Calculated 1000 temperatures. Range: 3.31 to 21.15
Processing batch 11/12 (rows 10001-11000)
  Calculated 1000 temperatures. Range: 4.85 to 22.14
Processing batch 12/12 (rows 11001-11035)
  Calculated 35 temperatures. Range: 4.88 to 18.93
Total observations: 11035, Unique timestamps: 2207
MR parameters: mass=0.31, elev=1740.0, b0=16.50, b1=0.85, b2=-0.47, b3=0.000108
Sample tb=281.20 K, log(mass)=-1.1712, 1/(kT)=41.255319, exponent=-3.6976, rmr=0.024783
Sample tb=280.03 K, log(mass)=-1.1712, 1/(kT)=41.426994, exponent=-3.7783, rmr=0.022862
Sample tb=280.65 K, log(mass)=-1.1712, 1/(kT)=41.335418, exponent=-3.7352, rmr=0.023868
Sample tb=312.77 K, log(mass)=-1.1712, 1/(kT)=37.091509, exponent=-1.7406, rmr=0.175416
Sample tb=285.33 K, log(mass)=-1.1712, 1/(kT)=40.657869, exponent=-3.4168, rmr=0.032818
MR results: 0 NA, 0 infinite, 0 negative, 0 zero
Energy calculations: 4318 non-zero gains, 11035 non-zero losses out of 11035 observations
Saved results to output/results/Eldo/1959/F/eb_results_MS_1959_Eldo_B1.rds

Processing: Species=MS, Year=1960, Origin=Eldo, Climate=B1, Sex=F
Looking for climate data at: /mmfs1/gscratch/biology/jmsmith/targeted_microclimate/B1/simplified_B1_1960.rds
Directory /mmfs1/gscratch/biology/jmsmith/targeted_microclimate/B1 exists. Contents:
simplified_B1_1945.rds
simplified_B1_1946.rds
simplified_B1_1947.rds
simplified_B1_1948.rds
simplified_B1_1949.rds
simplified_B1_1950.rds
simplified_B1_1951.rds
simplified_B1_1952.rds
simplified_B1_1953.rds
simplified_B1_1954.rds
simplified_B1_1955.rds
simplified_B1_1956.rds
simplified_B1_1957.rds
simplified_B1_1958.rds
simplified_B1_1959.rds
simplified_B1_1960.rds
simplified_B1_1961.rds
simplified_B1_1962.rds
simplified_B1_1963.rds
simplified_B1_1964.rds
simplified_B1_2005.rds
simplified_B1_2006.rds
simplified_B1_2007.rds
simplified_B1_2008.rds
simplified_B1_2009.rds
simplified_B1_2010.rds
simplified_B1_2011.rds
simplified_B1_2012.rds
simplified_B1_2013.rds
simplified_B1_2014.rds
simplified_B1_2015.rds
simplified_B1_2016.rds
simplified_B1_2017.rds
simplified_B1_2018.rds
simplified_B1_2019.rds
simplified_B1_2020.rds
simplified_B1_2021.rds
simplified_B1_2022.rds
simplified_B1_2023.rds
simplified_B1_2024.rds
Processing batch 1/12 (rows 1-1000)
  Calculated 1000 temperatures. Range: -0.51 to 60.00
Processing batch 2/12 (rows 1001-2000)
  Calculated 1000 temperatures. Range: -1.93 to 59.96
Processing batch 3/12 (rows 2001-3000)
  Calculated 1000 temperatures. Range: -0.70 to 57.05
Processing batch 4/12 (rows 3001-4000)
  Calculated 1000 temperatures. Range: 3.39 to 50.63
Processing batch 5/12 (rows 4001-5000)
  Calculated 1000 temperatures. Range: -0.08 to 46.93
Processing batch 6/12 (rows 5001-6000)
  Calculated 1000 temperatures. Range: 3.32 to 47.39
Processing batch 7/12 (rows 6001-7000)
  Calculated 1000 temperatures. Range: -0.08 to 43.30
Processing batch 8/12 (rows 7001-8000)
  Calculated 1000 temperatures. Range: 0.86 to 18.19
Processing batch 9/12 (rows 8001-9000)
  Calculated 1000 temperatures. Range: 0.20 to 19.48
Processing batch 10/12 (rows 9001-10000)
  Calculated 1000 temperatures. Range: 1.80 to 21.95
Processing batch 11/12 (rows 10001-11000)
  Calculated 1000 temperatures. Range: 1.15 to 22.38
Processing batch 12/12 (rows 11001-11035)
  Calculated 35 temperatures. Range: 4.20 to 22.11
Total observations: 11035, Unique timestamps: 2207
MR parameters: mass=0.31, elev=1740.0, b0=16.50, b1=0.85, b2=-0.47, b3=0.000108
Sample tb=281.73 K, log(mass)=-1.1712, 1/(kT)=41.176816, exponent=-3.6607, rmr=0.025715
Sample tb=306.47 K, log(mass)=-1.1712, 1/(kT)=37.853805, exponent=-2.0989, rmr=0.122594
Sample tb=281.11 K, log(mass)=-1.1712, 1/(kT)=41.268235, exponent=-3.7037, rmr=0.024633
Sample tb=295.15 K, log(mass)=-1.1712, 1/(kT)=39.305760, exponent=-2.7813, rmr=0.061958
Sample tb=291.82 K, log(mass)=-1.1712, 1/(kT)=39.754281, exponent=-2.9921, rmr=0.050182
MR results: 0 NA, 0 infinite, 0 negative, 0 zero
Energy calculations: 4174 non-zero gains, 11035 non-zero losses out of 11035 observations
Saved results to output/results/Eldo/1960/F/eb_results_MS_1960_Eldo_B1.rds

Processing: Species=MS, Year=1961, Origin=Eldo, Climate=B1, Sex=F
Looking for climate data at: /mmfs1/gscratch/biology/jmsmith/targeted_microclimate/B1/simplified_B1_1961.rds
Directory /mmfs1/gscratch/biology/jmsmith/targeted_microclimate/B1 exists. Contents:
simplified_B1_1945.rds
simplified_B1_1946.rds
simplified_B1_1947.rds
simplified_B1_1948.rds
simplified_B1_1949.rds
simplified_B1_1950.rds
simplified_B1_1951.rds
simplified_B1_1952.rds
simplified_B1_1953.rds
simplified_B1_1954.rds
simplified_B1_1955.rds
simplified_B1_1956.rds
simplified_B1_1957.rds
simplified_B1_1958.rds
simplified_B1_1959.rds
simplified_B1_1960.rds
simplified_B1_1961.rds
simplified_B1_1962.rds
simplified_B1_1963.rds
simplified_B1_1964.rds
simplified_B1_2005.rds
simplified_B1_2006.rds
simplified_B1_2007.rds
simplified_B1_2008.rds
simplified_B1_2009.rds
simplified_B1_2010.rds
simplified_B1_2011.rds
simplified_B1_2012.rds
simplified_B1_2013.rds
simplified_B1_2014.rds
simplified_B1_2015.rds
simplified_B1_2016.rds
simplified_B1_2017.rds
simplified_B1_2018.rds
simplified_B1_2019.rds
simplified_B1_2020.rds
simplified_B1_2021.rds
simplified_B1_2022.rds
simplified_B1_2023.rds
simplified_B1_2024.rds
Processing batch 1/12 (rows 1-1000)
  Calculated 1000 temperatures. Range: -3.30 to 58.03
Processing batch 2/12 (rows 1001-2000)
  Calculated 1000 temperatures. Range: 1.80 to 60.00
Processing batch 3/12 (rows 2001-3000)
  Calculated 1000 temperatures. Range: -1.85 to 51.92
Processing batch 4/12 (rows 3001-4000)
  Calculated 1000 temperatures. Range: 2.13 to 50.77
Processing batch 5/12 (rows 4001-5000)
  Calculated 1000 temperatures. Range: -1.62 to 45.38
Processing batch 6/12 (rows 5001-6000)
  Calculated 1000 temperatures. Range: 2.54 to 47.76
Processing batch 7/12 (rows 6001-7000)
  Calculated 1000 temperatures. Range: -0.21 to 45.24
Processing batch 8/12 (rows 7001-8000)
  Calculated 1000 temperatures. Range: 2.21 to 18.49
Processing batch 9/12 (rows 8001-9000)
  Calculated 1000 temperatures. Range: -0.09 to 18.20
Processing batch 10/12 (rows 9001-10000)
  Calculated 1000 temperatures. Range: 2.44 to 21.22
Processing batch 11/12 (rows 10001-11000)
  Calculated 1000 temperatures. Range: 2.36 to 21.81
Processing batch 12/12 (rows 11001-11035)
  Calculated 35 temperatures. Range: 6.39 to 16.14
Total observations: 11035, Unique timestamps: 2207
MR parameters: mass=0.31, elev=1740.0, b0=16.50, b1=0.85, b2=-0.47, b3=0.000108
Sample tb=280.37 K, log(mass)=-1.1712, 1/(kT)=41.377787, exponent=-3.7551, rmr=0.023397
Sample tb=277.37 K, log(mass)=-1.1712, 1/(kT)=41.825320, exponent=-3.9655, rmr=0.018959
Sample tb=277.62 K, log(mass)=-1.1712, 1/(kT)=41.786988, exponent=-3.9475, rmr=0.019303
Sample tb=280.04 K, log(mass)=-1.1712, 1/(kT)=41.425395, exponent=-3.7775, rmr=0.022879
Sample tb=287.66 K, log(mass)=-1.1712, 1/(kT)=40.328592, exponent=-3.2620, rmr=0.038311
MR results: 0 NA, 0 infinite, 0 negative, 0 zero
Energy calculations: 4103 non-zero gains, 11035 non-zero losses out of 11035 observations
Saved results to output/results/Eldo/1961/F/eb_results_MS_1961_Eldo_B1.rds

Processing: Species=MS, Year=1962, Origin=Eldo, Climate=B1, Sex=F
Looking for climate data at: /mmfs1/gscratch/biology/jmsmith/targeted_microclimate/B1/simplified_B1_1962.rds
Directory /mmfs1/gscratch/biology/jmsmith/targeted_microclimate/B1 exists. Contents:
simplified_B1_1945.rds
simplified_B1_1946.rds
simplified_B1_1947.rds
simplified_B1_1948.rds
simplified_B1_1949.rds
simplified_B1_1950.rds
simplified_B1_1951.rds
simplified_B1_1952.rds
simplified_B1_1953.rds
simplified_B1_1954.rds
simplified_B1_1955.rds
simplified_B1_1956.rds
simplified_B1_1957.rds
simplified_B1_1958.rds
simplified_B1_1959.rds
simplified_B1_1960.rds
simplified_B1_1961.rds
simplified_B1_1962.rds
simplified_B1_1963.rds
simplified_B1_1964.rds
simplified_B1_2005.rds
simplified_B1_2006.rds
simplified_B1_2007.rds
simplified_B1_2008.rds
simplified_B1_2009.rds
simplified_B1_2010.rds
simplified_B1_2011.rds
simplified_B1_2012.rds
simplified_B1_2013.rds
simplified_B1_2014.rds
simplified_B1_2015.rds
simplified_B1_2016.rds
simplified_B1_2017.rds
simplified_B1_2018.rds
simplified_B1_2019.rds
simplified_B1_2020.rds
simplified_B1_2021.rds
simplified_B1_2022.rds
simplified_B1_2023.rds
simplified_B1_2024.rds
Processing batch 1/12 (rows 1-1000)
  Calculated 1000 temperatures. Range: -4.06 to 60.00
Processing batch 2/12 (rows 1001-2000)
  Calculated 1000 temperatures. Range: 1.07 to 58.05
Processing batch 3/12 (rows 2001-3000)
  Calculated 1000 temperatures. Range: -2.85 to 59.01
Processing batch 4/12 (rows 3001-4000)
  Calculated 1000 temperatures. Range: 3.16 to 49.34
Processing batch 5/12 (rows 4001-5000)
  Calculated 1000 temperatures. Range: -1.58 to 48.16
Processing batch 6/12 (rows 5001-6000)
  Calculated 1000 temperatures. Range: 3.56 to 45.82
Processing batch 7/12 (rows 6001-7000)
  Calculated 1000 temperatures. Range: -0.78 to 44.95
Processing batch 8/12 (rows 7001-8000)
  Calculated 1000 temperatures. Range: -0.07 to 17.90
Processing batch 9/12 (rows 8001-9000)
  Calculated 1000 temperatures. Range: 0.06 to 17.58
Processing batch 10/12 (rows 9001-10000)
  Calculated 1000 temperatures. Range: -0.36 to 21.01
Processing batch 11/12 (rows 10001-11000)
  Calculated 1000 temperatures. Range: 2.61 to 22.35
Processing batch 12/12 (rows 11001-11035)
  Calculated 35 temperatures. Range: 1.95 to 13.99
Total observations: 11035, Unique timestamps: 2207
MR parameters: mass=0.31, elev=1740.0, b0=16.50, b1=0.85, b2=-0.47, b3=0.000108
Sample tb=281.73 K, log(mass)=-1.1712, 1/(kT)=41.177512, exponent=-3.6610, rmr=0.025706
Sample tb=281.97 K, log(mass)=-1.1712, 1/(kT)=41.142515, exponent=-3.6446, rmr=0.026133
Sample tb=283.11 K, log(mass)=-1.1712, 1/(kT)=40.976853, exponent=-3.5667, rmr=0.028249
Sample tb=303.60 K, log(mass)=-1.1712, 1/(kT)=38.211233, exponent=-2.2669, rmr=0.103637
Sample tb=302.88 K, log(mass)=-1.1712, 1/(kT)=38.302090, exponent=-2.3096, rmr=0.099304
MR results: 0 NA, 0 infinite, 0 negative, 0 zero
Energy calculations: 4008 non-zero gains, 11035 non-zero losses out of 11035 observations
Saved results to output/results/Eldo/1962/F/eb_results_MS_1962_Eldo_B1.rds

Processing: Species=MS, Year=1963, Origin=Eldo, Climate=B1, Sex=F
Looking for climate data at: /mmfs1/gscratch/biology/jmsmith/targeted_microclimate/B1/simplified_B1_1963.rds
Directory /mmfs1/gscratch/biology/jmsmith/targeted_microclimate/B1 exists. Contents:
simplified_B1_1945.rds
simplified_B1_1946.rds
simplified_B1_1947.rds
simplified_B1_1948.rds
simplified_B1_1949.rds
simplified_B1_1950.rds
simplified_B1_1951.rds
simplified_B1_1952.rds
simplified_B1_1953.rds
simplified_B1_1954.rds
simplified_B1_1955.rds
simplified_B1_1956.rds
simplified_B1_1957.rds
simplified_B1_1958.rds
simplified_B1_1959.rds
simplified_B1_1960.rds
simplified_B1_1961.rds
simplified_B1_1962.rds
simplified_B1_1963.rds
simplified_B1_1964.rds
simplified_B1_2005.rds
simplified_B1_2006.rds
simplified_B1_2007.rds
simplified_B1_2008.rds
simplified_B1_2009.rds
simplified_B1_2010.rds
simplified_B1_2011.rds
simplified_B1_2012.rds
simplified_B1_2013.rds
simplified_B1_2014.rds
simplified_B1_2015.rds
simplified_B1_2016.rds
simplified_B1_2017.rds
simplified_B1_2018.rds
simplified_B1_2019.rds
simplified_B1_2020.rds
simplified_B1_2021.rds
simplified_B1_2022.rds
simplified_B1_2023.rds
simplified_B1_2024.rds
Processing batch 1/12 (rows 1-1000)
  Calculated 1000 temperatures. Range: -1.41 to 58.96
Processing batch 2/12 (rows 1001-2000)
  Calculated 1000 temperatures. Range: 3.45 to 59.59
Processing batch 3/12 (rows 2001-3000)
  Calculated 1000 temperatures. Range: -0.19 to 56.65
Processing batch 4/12 (rows 3001-4000)
  Calculated 1000 temperatures. Range: 3.98 to 48.61
Processing batch 5/12 (rows 4001-5000)
  Calculated 1000 temperatures. Range: 0.25 to 46.02
Processing batch 6/12 (rows 5001-6000)
  Calculated 1000 temperatures. Range: 2.99 to 45.82
Processing batch 7/12 (rows 6001-7000)
  Calculated 1000 temperatures. Range: 1.20 to 43.43
Processing batch 8/12 (rows 7001-8000)
  Calculated 1000 temperatures. Range: 2.45 to 19.34
Processing batch 9/12 (rows 8001-9000)
  Calculated 1000 temperatures. Range: 1.70 to 18.98
Processing batch 10/12 (rows 9001-10000)
  Calculated 1000 temperatures. Range: 1.97 to 23.23
Processing batch 11/12 (rows 10001-11000)
  Calculated 1000 temperatures. Range: 4.87 to 23.40
Processing batch 12/12 (rows 11001-11035)
  Calculated 35 temperatures. Range: 5.93 to 16.46
Total observations: 11035, Unique timestamps: 2207
MR parameters: mass=0.31, elev=1740.0, b0=16.50, b1=0.85, b2=-0.47, b3=0.000108
Sample tb=297.61 K, log(mass)=-1.1712, 1/(kT)=38.980682, exponent=-2.6285, rmr=0.072186
Sample tb=298.81 K, log(mass)=-1.1712, 1/(kT)=38.824317, exponent=-2.5550, rmr=0.077691
Sample tb=321.37 K, log(mass)=-1.1712, 1/(kT)=36.098308, exponent=-1.2738, rmr=0.279769
Sample tb=274.06 K, log(mass)=-1.1712, 1/(kT)=42.329242, exponent=-4.2023, rmr=0.014961
Sample tb=300.25 K, log(mass)=-1.1712, 1/(kT)=38.637579, exponent=-2.4672, rmr=0.084818
MR results: 0 NA, 0 infinite, 0 negative, 0 zero
Energy calculations: 4343 non-zero gains, 11035 non-zero losses out of 11035 observations
Saved results to output/results/Eldo/1963/F/eb_results_MS_1963_Eldo_B1.rds

Processing: Species=MS, Year=1964, Origin=Eldo, Climate=B1, Sex=F
Looking for climate data at: /mmfs1/gscratch/biology/jmsmith/targeted_microclimate/B1/simplified_B1_1964.rds
Directory /mmfs1/gscratch/biology/jmsmith/targeted_microclimate/B1 exists. Contents:
simplified_B1_1945.rds
simplified_B1_1946.rds
simplified_B1_1947.rds
simplified_B1_1948.rds
simplified_B1_1949.rds
simplified_B1_1950.rds
simplified_B1_1951.rds
simplified_B1_1952.rds
simplified_B1_1953.rds
simplified_B1_1954.rds
simplified_B1_1955.rds
simplified_B1_1956.rds
simplified_B1_1957.rds
simplified_B1_1958.rds
simplified_B1_1959.rds
simplified_B1_1960.rds
simplified_B1_1961.rds
simplified_B1_1962.rds
simplified_B1_1963.rds
simplified_B1_1964.rds
simplified_B1_2005.rds
simplified_B1_2006.rds
simplified_B1_2007.rds
simplified_B1_2008.rds
simplified_B1_2009.rds
simplified_B1_2010.rds
simplified_B1_2011.rds
simplified_B1_2012.rds
simplified_B1_2013.rds
simplified_B1_2014.rds
simplified_B1_2015.rds
simplified_B1_2016.rds
simplified_B1_2017.rds
simplified_B1_2018.rds
simplified_B1_2019.rds
simplified_B1_2020.rds
simplified_B1_2021.rds
simplified_B1_2022.rds
simplified_B1_2023.rds
simplified_B1_2024.rds
Processing batch 1/12 (rows 1-1000)
  Calculated 1000 temperatures. Range: -4.76 to 60.00
Processing batch 2/12 (rows 1001-2000)
  Calculated 1000 temperatures. Range: -1.88 to 58.58
Processing batch 3/12 (rows 2001-3000)
  Calculated 1000 temperatures. Range: -3.43 to 50.34
Processing batch 4/12 (rows 3001-4000)
  Calculated 1000 temperatures. Range: 3.05 to 48.74
Processing batch 5/12 (rows 4001-5000)
  Calculated 1000 temperatures. Range: -3.61 to 47.41
Processing batch 6/12 (rows 5001-6000)
  Calculated 1000 temperatures. Range: 2.32 to 46.81
Processing batch 7/12 (rows 6001-7000)
  Calculated 1000 temperatures. Range: -4.39 to 44.41
Processing batch 8/12 (rows 7001-8000)
  Calculated 1000 temperatures. Range: -0.28 to 18.72
Processing batch 9/12 (rows 8001-9000)
  Calculated 1000 temperatures. Range: -3.31 to 19.77
Processing batch 10/12 (rows 9001-10000)
  Calculated 1000 temperatures. Range: 0.36 to 22.07
Processing batch 11/12 (rows 10001-11000)
  Calculated 1000 temperatures. Range: 0.29 to 21.85
Processing batch 12/12 (rows 11001-11035)
  Calculated 35 temperatures. Range: 0.71 to 18.83
Total observations: 11035, Unique timestamps: 2207
MR parameters: mass=0.31, elev=1740.0, b0=16.50, b1=0.85, b2=-0.47, b3=0.000108
Sample tb=304.92 K, log(mass)=-1.1712, 1/(kT)=38.045949, exponent=-2.1892, rmr=0.112008
Sample tb=273.79 K, log(mass)=-1.1712, 1/(kT)=42.370864, exponent=-4.2219, rmr=0.014671
Sample tb=280.03 K, log(mass)=-1.1712, 1/(kT)=41.427650, exponent=-3.7786, rmr=0.022855
Sample tb=280.36 K, log(mass)=-1.1712, 1/(kT)=41.379219, exponent=-3.7558, rmr=0.023381
Sample tb=275.60 K, log(mass)=-1.1712, 1/(kT)=42.092737, exponent=-4.0912, rmr=0.016720
MR results: 0 NA, 0 infinite, 0 negative, 0 zero
Energy calculations: 4133 non-zero gains, 11035 non-zero losses out of 11035 observations
Saved results to output/results/Eldo/1964/F/eb_results_MS_1964_Eldo_B1.rds

All years processed.
