Arguments received:
Species: MS
Years: 1945, 1946, 1947, 1948, 1949, 1950, 1951, 1952, 1953, 1954, 1955, 1956, 1957, 1958, 1959, 1960, 1961, 1962, 1963, 1964
Origin site: Eldo
Climate site: B1
Sex: F
Output directory: output/results/Eldo
Library paths:
[1] "/gscratch/biology/jmsmith/R"                          
[2] "/mmfs1/home/smithju/R/x86_64-pc-linux-gnu-library/4.4"
[3] "/usr/local/lib/R/site-library"                        
[4] "/usr/local/lib/R/library"                             
Package tidyverse loaded successfully
Package TrenchR loaded successfully
Package rTPC loaded successfully
Package lubridate loaded successfully

Processing: Species=MS, Year=1945, Origin=Eldo, Climate=B1, Sex=F
Looking for climate data at: /mmfs1/gscratch/biology/jmsmith/targeted_microclimate/B1/simplified_B1_1945.rds
Directory /mmfs1/gscratch/biology/jmsmith/targeted_microclimate/B1 exists. Contents:
simplified_B1_1945.rds
simplified_B1_1946.rds
simplified_B1_1947.rds
simplified_B1_1948.rds
simplified_B1_1949.rds
simplified_B1_1950.rds
simplified_B1_1951.rds
simplified_B1_1952.rds
simplified_B1_1953.rds
simplified_B1_1954.rds
simplified_B1_1955.rds
simplified_B1_1956.rds
simplified_B1_1957.rds
simplified_B1_1958.rds
simplified_B1_1959.rds
simplified_B1_1960.rds
simplified_B1_1961.rds
simplified_B1_1962.rds
simplified_B1_1963.rds
simplified_B1_1964.rds
simplified_B1_2005.rds
simplified_B1_2006.rds
simplified_B1_2007.rds
simplified_B1_2008.rds
simplified_B1_2009.rds
simplified_B1_2010.rds
simplified_B1_2011.rds
simplified_B1_2012.rds
simplified_B1_2013.rds
simplified_B1_2014.rds
simplified_B1_2015.rds
simplified_B1_2016.rds
simplified_B1_2017.rds
simplified_B1_2018.rds
simplified_B1_2019.rds
simplified_B1_2020.rds
simplified_B1_2021.rds
simplified_B1_2022.rds
simplified_B1_2023.rds
simplified_B1_2024.rds
Processing batch 1/12 (rows 1-1000)
  Calculated 1000 temperatures. Range: -9.60 to 54.93
Processing batch 2/12 (rows 1001-2000)
  Calculated 1000 temperatures. Range: 2.65 to 59.15
Processing batch 3/12 (rows 2001-3000)
  Calculated 1000 temperatures. Range: -8.71 to 52.63
Processing batch 4/12 (rows 3001-4000)
  Calculated 1000 temperatures. Range: 2.92 to 47.63
Processing batch 5/12 (rows 4001-5000)
  Calculated 1000 temperatures. Range: -7.94 to 48.64
Processing batch 6/12 (rows 5001-6000)
  Calculated 1000 temperatures. Range: 1.39 to 47.35
Processing batch 7/12 (rows 6001-7000)
  Calculated 1000 temperatures. Range: -5.96 to 48.41
Processing batch 8/12 (rows 7001-8000)
  Calculated 1000 temperatures. Range: -6.08 to 17.72
Processing batch 9/12 (rows 8001-9000)
  Calculated 1000 temperatures. Range: 0.46 to 18.59
Processing batch 10/12 (rows 9001-10000)
  Calculated 1000 temperatures. Range: -6.61 to 20.04
Processing batch 11/12 (rows 10001-11000)
  Calculated 1000 temperatures. Range: 4.25 to 20.83
Processing batch 12/12 (rows 11001-11035)
  Calculated 35 temperatures. Range: 6.32 to 19.34
Total observations: 11035, Unique timestamps: 2207
MR parameters: mass=0.31, elev=1740.0, b0=16.50, b1=0.85, b2=-0.47, b3=0.000108
Sample tb=280.96 K, log(mass)=-1.1712, 1/(kT)=41.290790, exponent=-3.7143, rmr=0.024374
Sample tb=281.06 K, log(mass)=-1.1712, 1/(kT)=41.276026, exponent=-3.7073, rmr=0.024543
Sample tb=283.69 K, log(mass)=-1.1712, 1/(kT)=40.893518, exponent=-3.5275, rmr=0.029377
Sample tb=282.77 K, log(mass)=-1.1712, 1/(kT)=41.025879, exponent=-3.5897, rmr=0.027605
Sample tb=286.68 K, log(mass)=-1.1712, 1/(kT)=40.466434, exponent=-3.3268, rmr=0.035907
MR results: 0 NA, 0 infinite, 0 negative, 0 zero
Energy calculations: 3633 non-zero gains, 11035 non-zero losses out of 11035 observations
Saved results to output/results/Eldo/1945/F/eb_results_MS_1945_Eldo_B1.rds

Processing: Species=MS, Year=1946, Origin=Eldo, Climate=B1, Sex=F
Looking for climate data at: /mmfs1/gscratch/biology/jmsmith/targeted_microclimate/B1/simplified_B1_1946.rds
Directory /mmfs1/gscratch/biology/jmsmith/targeted_microclimate/B1 exists. Contents:
simplified_B1_1945.rds
simplified_B1_1946.rds
simplified_B1_1947.rds
simplified_B1_1948.rds
simplified_B1_1949.rds
simplified_B1_1950.rds
simplified_B1_1951.rds
simplified_B1_1952.rds
simplified_B1_1953.rds
simplified_B1_1954.rds
simplified_B1_1955.rds
simplified_B1_1956.rds
simplified_B1_1957.rds
simplified_B1_1958.rds
simplified_B1_1959.rds
simplified_B1_1960.rds
simplified_B1_1961.rds
simplified_B1_1962.rds
simplified_B1_1963.rds
simplified_B1_1964.rds
simplified_B1_2005.rds
simplified_B1_2006.rds
simplified_B1_2007.rds
simplified_B1_2008.rds
simplified_B1_2009.rds
simplified_B1_2010.rds
simplified_B1_2011.rds
simplified_B1_2012.rds
simplified_B1_2013.rds
simplified_B1_2014.rds
simplified_B1_2015.rds
simplified_B1_2016.rds
simplified_B1_2017.rds
simplified_B1_2018.rds
simplified_B1_2019.rds
simplified_B1_2020.rds
simplified_B1_2021.rds
simplified_B1_2022.rds
simplified_B1_2023.rds
simplified_B1_2024.rds
Processing batch 1/12 (rows 1-1000)
  Calculated 1000 temperatures. Range: -3.49 to 60.00
Processing batch 2/12 (rows 1001-2000)
  Calculated 1000 temperatures. Range: 3.55 to 59.02
Processing batch 3/12 (rows 2001-3000)
  Calculated 1000 temperatures. Range: -2.56 to 49.14
Processing batch 4/12 (rows 3001-4000)
  Calculated 1000 temperatures. Range: 2.56 to 49.12
Processing batch 5/12 (rows 4001-5000)
  Calculated 1000 temperatures. Range: -1.95 to 46.44
Processing batch 6/12 (rows 5001-6000)
  Calculated 1000 temperatures. Range: 0.75 to 48.49
Processing batch 7/12 (rows 6001-7000)
  Calculated 1000 temperatures. Range: -0.10 to 43.21
Processing batch 8/12 (rows 7001-8000)
  Calculated 1000 temperatures. Range: -1.07 to 19.01
Processing batch 9/12 (rows 8001-9000)
  Calculated 1000 temperatures. Range: 0.35 to 19.26
Processing batch 10/12 (rows 9001-10000)
  Calculated 1000 temperatures. Range: -1.06 to 22.47
Processing batch 11/12 (rows 10001-11000)
  Calculated 1000 temperatures. Range: 4.02 to 21.17
Processing batch 12/12 (rows 11001-11035)
  Calculated 35 temperatures. Range: 3.81 to 15.02
Total observations: 11035, Unique timestamps: 2207
MR parameters: mass=0.31, elev=1740.0, b0=16.50, b1=0.85, b2=-0.47, b3=0.000108
Sample tb=272.64 K, log(mass)=-1.1712, 1/(kT)=42.550466, exponent=-4.3063, rmr=0.013483
Sample tb=278.70 K, log(mass)=-1.1712, 1/(kT)=41.624847, exponent=-3.8713, rmr=0.020832
Sample tb=282.29 K, log(mass)=-1.1712, 1/(kT)=41.095234, exponent=-3.6223, rmr=0.026720
Sample tb=294.69 K, log(mass)=-1.1712, 1/(kT)=39.366432, exponent=-2.8098, rmr=0.060217
Sample tb=279.69 K, log(mass)=-1.1712, 1/(kT)=41.477620, exponent=-3.8021, rmr=0.022325
MR results: 0 NA, 0 infinite, 0 negative, 0 zero
Energy calculations: 4102 non-zero gains, 11035 non-zero losses out of 11035 observations
Saved results to output/results/Eldo/1946/F/eb_results_MS_1946_Eldo_B1.rds

Processing: Species=MS, Year=1947, Origin=Eldo, Climate=B1, Sex=F
Looking for climate data at: /mmfs1/gscratch/biology/jmsmith/targeted_microclimate/B1/simplified_B1_1947.rds
Directory /mmfs1/gscratch/biology/jmsmith/targeted_microclimate/B1 exists. Contents:
simplified_B1_1945.rds
simplified_B1_1946.rds
simplified_B1_1947.rds
simplified_B1_1948.rds
simplified_B1_1949.rds
simplified_B1_1950.rds
simplified_B1_1951.rds
simplified_B1_1952.rds
simplified_B1_1953.rds
simplified_B1_1954.rds
simplified_B1_1955.rds
simplified_B1_1956.rds
simplified_B1_1957.rds
simplified_B1_1958.rds
simplified_B1_1959.rds
simplified_B1_1960.rds
simplified_B1_1961.rds
simplified_B1_1962.rds
simplified_B1_1963.rds
simplified_B1_1964.rds
simplified_B1_2005.rds
simplified_B1_2006.rds
simplified_B1_2007.rds
simplified_B1_2008.rds
simplified_B1_2009.rds
simplified_B1_2010.rds
simplified_B1_2011.rds
simplified_B1_2012.rds
simplified_B1_2013.rds
simplified_B1_2014.rds
simplified_B1_2015.rds
simplified_B1_2016.rds
simplified_B1_2017.rds
simplified_B1_2018.rds
simplified_B1_2019.rds
simplified_B1_2020.rds
simplified_B1_2021.rds
simplified_B1_2022.rds
simplified_B1_2023.rds
simplified_B1_2024.rds
Processing batch 1/12 (rows 1-1000)
  Calculated 1000 temperatures. Range: -8.28 to 60.00
Processing batch 2/12 (rows 1001-2000)
  Calculated 1000 temperatures. Range: 2.79 to 60.00
Processing batch 3/12 (rows 2001-3000)
  Calculated 1000 temperatures. Range: -7.54 to 53.41
Processing batch 4/12 (rows 3001-4000)
  Calculated 1000 temperatures. Range: 3.76 to 49.08
Processing batch 5/12 (rows 4001-5000)
  Calculated 1000 temperatures. Range: -7.66 to 45.51
Processing batch 6/12 (rows 5001-6000)
  Calculated 1000 temperatures. Range: 1.57 to 49.62
Processing batch 7/12 (rows 6001-7000)
  Calculated 1000 temperatures. Range: -6.53 to 43.14
Processing batch 8/12 (rows 7001-8000)
  Calculated 1000 temperatures. Range: 0.57 to 17.83
Processing batch 9/12 (rows 8001-9000)
  Calculated 1000 temperatures. Range: 0.79 to 18.88
Processing batch 10/12 (rows 9001-10000)
  Calculated 1000 temperatures. Range: -6.70 to 20.73
Processing batch 11/12 (rows 10001-11000)
  Calculated 1000 temperatures. Range: 4.39 to 21.76
Processing batch 12/12 (rows 11001-11035)
  Calculated 35 temperatures. Range: 6.64 to 17.73
Total observations: 11035, Unique timestamps: 2207
MR parameters: mass=0.31, elev=1740.0, b0=16.50, b1=0.85, b2=-0.47, b3=0.000108
Sample tb=280.54 K, log(mass)=-1.1712, 1/(kT)=41.351421, exponent=-3.7428, rmr=0.023689
Sample tb=288.11 K, log(mass)=-1.1712, 1/(kT)=40.266135, exponent=-3.2327, rmr=0.039452
Sample tb=278.39 K, log(mass)=-1.1712, 1/(kT)=41.671855, exponent=-3.8934, rmr=0.020377
Sample tb=289.39 K, log(mass)=-1.1712, 1/(kT)=40.087887, exponent=-3.1489, rmr=0.042900
Sample tb=302.92 K, log(mass)=-1.1712, 1/(kT)=38.296913, exponent=-2.3071, rmr=0.099546
MR results: 0 NA, 0 infinite, 0 negative, 0 zero
Energy calculations: 3763 non-zero gains, 11035 non-zero losses out of 11035 observations
Saved results to output/results/Eldo/1947/F/eb_results_MS_1947_Eldo_B1.rds

Processing: Species=MS, Year=1948, Origin=Eldo, Climate=B1, Sex=F
Looking for climate data at: /mmfs1/gscratch/biology/jmsmith/targeted_microclimate/B1/simplified_B1_1948.rds
Directory /mmfs1/gscratch/biology/jmsmith/targeted_microclimate/B1 exists. Contents:
simplified_B1_1945.rds
simplified_B1_1946.rds
simplified_B1_1947.rds
simplified_B1_1948.rds
simplified_B1_1949.rds
simplified_B1_1950.rds
simplified_B1_1951.rds
simplified_B1_1952.rds
simplified_B1_1953.rds
simplified_B1_1954.rds
simplified_B1_1955.rds
simplified_B1_1956.rds
simplified_B1_1957.rds
simplified_B1_1958.rds
simplified_B1_1959.rds
simplified_B1_1960.rds
simplified_B1_1961.rds
simplified_B1_1962.rds
simplified_B1_1963.rds
simplified_B1_1964.rds
simplified_B1_2005.rds
simplified_B1_2006.rds
simplified_B1_2007.rds
simplified_B1_2008.rds
simplified_B1_2009.rds
simplified_B1_2010.rds
simplified_B1_2011.rds
simplified_B1_2012.rds
simplified_B1_2013.rds
simplified_B1_2014.rds
simplified_B1_2015.rds
simplified_B1_2016.rds
simplified_B1_2017.rds
simplified_B1_2018.rds
simplified_B1_2019.rds
simplified_B1_2020.rds
simplified_B1_2021.rds
simplified_B1_2022.rds
simplified_B1_2023.rds
simplified_B1_2024.rds
Processing batch 1/12 (rows 1-1000)
  Calculated 1000 temperatures. Range: 0.03 to 59.87
Processing batch 2/12 (rows 1001-2000)
  Calculated 1000 temperatures. Range: 1.18 to 58.05
Processing batch 3/12 (rows 2001-3000)
  Calculated 1000 temperatures. Range: 1.29 to 51.10
Processing batch 4/12 (rows 3001-4000)
  Calculated 1000 temperatures. Range: 2.87 to 47.10
Processing batch 5/12 (rows 4001-5000)
  Calculated 1000 temperatures. Range: 1.71 to 48.44
Processing batch 6/12 (rows 5001-6000)
  Calculated 1000 temperatures. Range: 1.84 to 47.20
Processing batch 7/12 (rows 6001-7000)
  Calculated 1000 temperatures. Range: 2.65 to 46.98
Processing batch 8/12 (rows 7001-8000)
  Calculated 1000 temperatures. Range: 1.78 to 17.44
Processing batch 9/12 (rows 8001-9000)
  Calculated 1000 temperatures. Range: 2.26 to 19.39
Processing batch 10/12 (rows 9001-10000)
  Calculated 1000 temperatures. Range: 2.53 to 20.57
Processing batch 11/12 (rows 10001-11000)
  Calculated 1000 temperatures. Range: 3.66 to 21.87
Processing batch 12/12 (rows 11001-11035)
  Calculated 35 temperatures. Range: 5.25 to 21.60
Total observations: 11035, Unique timestamps: 2207
MR parameters: mass=0.31, elev=1740.0, b0=16.50, b1=0.85, b2=-0.47, b3=0.000108
Sample tb=281.57 K, log(mass)=-1.1712, 1/(kT)=41.200180, exponent=-3.6717, rmr=0.025434
Sample tb=295.73 K, log(mass)=-1.1712, 1/(kT)=39.228616, exponent=-2.7450, rmr=0.064246
Sample tb=293.78 K, log(mass)=-1.1712, 1/(kT)=39.489014, exponent=-2.8674, rmr=0.056845
Sample tb=281.97 K, log(mass)=-1.1712, 1/(kT)=41.141860, exponent=-3.6443, rmr=0.026141
Sample tb=286.74 K, log(mass)=-1.1712, 1/(kT)=40.458300, exponent=-3.3230, rmr=0.036045
MR results: 0 NA, 0 infinite, 0 negative, 0 zero
Energy calculations: 4048 non-zero gains, 11035 non-zero losses out of 11035 observations
Saved results to output/results/Eldo/1948/F/eb_results_MS_1948_Eldo_B1.rds

Processing: Species=MS, Year=1949, Origin=Eldo, Climate=B1, Sex=F
Looking for climate data at: /mmfs1/gscratch/biology/jmsmith/targeted_microclimate/B1/simplified_B1_1949.rds
Directory /mmfs1/gscratch/biology/jmsmith/targeted_microclimate/B1 exists. Contents:
simplified_B1_1945.rds
simplified_B1_1946.rds
simplified_B1_1947.rds
simplified_B1_1948.rds
simplified_B1_1949.rds
simplified_B1_1950.rds
simplified_B1_1951.rds
simplified_B1_1952.rds
simplified_B1_1953.rds
simplified_B1_1954.rds
simplified_B1_1955.rds
simplified_B1_1956.rds
simplified_B1_1957.rds
simplified_B1_1958.rds
simplified_B1_1959.rds
simplified_B1_1960.rds
simplified_B1_1961.rds
simplified_B1_1962.rds
simplified_B1_1963.rds
simplified_B1_1964.rds
simplified_B1_2005.rds
simplified_B1_2006.rds
simplified_B1_2007.rds
simplified_B1_2008.rds
simplified_B1_2009.rds
simplified_B1_2010.rds
simplified_B1_2011.rds
simplified_B1_2012.rds
simplified_B1_2013.rds
simplified_B1_2014.rds
simplified_B1_2015.rds
simplified_B1_2016.rds
simplified_B1_2017.rds
simplified_B1_2018.rds
simplified_B1_2019.rds
simplified_B1_2020.rds
simplified_B1_2021.rds
simplified_B1_2022.rds
simplified_B1_2023.rds
simplified_B1_2024.rds
Processing batch 1/12 (rows 1-1000)
  Calculated 1000 temperatures. Range: -4.04 to 54.83
Processing batch 2/12 (rows 1001-2000)
  Calculated 1000 temperatures. Range: 0.94 to 59.49
Processing batch 3/12 (rows 2001-3000)
  Calculated 1000 temperatures. Range: -2.29 to 53.76
Processing batch 4/12 (rows 3001-4000)
  Calculated 1000 temperatures. Range: 4.13 to 47.43
Processing batch 5/12 (rows 4001-5000)
  Calculated 1000 temperatures. Range: -2.15 to 47.97
Processing batch 6/12 (rows 5001-6000)
  Calculated 1000 temperatures. Range: 2.62 to 47.53
Processing batch 7/12 (rows 6001-7000)
  Calculated 1000 temperatures. Range: -1.18 to 48.09
Processing batch 8/12 (rows 7001-8000)
  Calculated 1000 temperatures. Range: 2.46 to 18.10
Processing batch 9/12 (rows 8001-9000)
  Calculated 1000 temperatures. Range: -0.65 to 17.57
Processing batch 10/12 (rows 9001-10000)
  Calculated 1000 temperatures. Range: 3.65 to 21.04
Processing batch 11/12 (rows 10001-11000)
  Calculated 1000 temperatures. Range: 3.76 to 21.59
Processing batch 12/12 (rows 11001-11035)
  Calculated 35 temperatures. Range: 4.22 to 14.95
Total observations: 11035, Unique timestamps: 2207
MR parameters: mass=0.31, elev=1740.0, b0=16.50, b1=0.85, b2=-0.47, b3=0.000108
Sample tb=277.39 K, log(mass)=-1.1712, 1/(kT)=41.821088, exponent=-3.9635, rmr=0.018997
Sample tb=277.49 K, log(mass)=-1.1712, 1/(kT)=41.806651, exponent=-3.9567, rmr=0.019126
Sample tb=284.04 K, log(mass)=-1.1712, 1/(kT)=40.842464, exponent=-3.5035, rmr=0.030091
Sample tb=298.47 K, log(mass)=-1.1712, 1/(kT)=38.867653, exponent=-2.5754, rmr=0.076125
Sample tb=284.75 K, log(mass)=-1.1712, 1/(kT)=40.740424, exponent=-3.4556, rmr=0.031569
MR results: 0 NA, 0 infinite, 0 negative, 0 zero
Energy calculations: 3974 non-zero gains, 11035 non-zero losses out of 11035 observations
Saved results to output/results/Eldo/1949/F/eb_results_MS_1949_Eldo_B1.rds

Processing: Species=MS, Year=1950, Origin=Eldo, Climate=B1, Sex=F
Looking for climate data at: /mmfs1/gscratch/biology/jmsmith/targeted_microclimate/B1/simplified_B1_1950.rds
Directory /mmfs1/gscratch/biology/jmsmith/targeted_microclimate/B1 exists. Contents:
simplified_B1_1945.rds
simplified_B1_1946.rds
simplified_B1_1947.rds
simplified_B1_1948.rds
simplified_B1_1949.rds
simplified_B1_1950.rds
simplified_B1_1951.rds
simplified_B1_1952.rds
simplified_B1_1953.rds
simplified_B1_1954.rds
simplified_B1_1955.rds
simplified_B1_1956.rds
simplified_B1_1957.rds
simplified_B1_1958.rds
simplified_B1_1959.rds
simplified_B1_1960.rds
simplified_B1_1961.rds
simplified_B1_1962.rds
simplified_B1_1963.rds
simplified_B1_1964.rds
simplified_B1_2005.rds
simplified_B1_2006.rds
simplified_B1_2007.rds
simplified_B1_2008.rds
simplified_B1_2009.rds
simplified_B1_2010.rds
simplified_B1_2011.rds
simplified_B1_2012.rds
simplified_B1_2013.rds
simplified_B1_2014.rds
simplified_B1_2015.rds
simplified_B1_2016.rds
simplified_B1_2017.rds
simplified_B1_2018.rds
simplified_B1_2019.rds
simplified_B1_2020.rds
simplified_B1_2021.rds
simplified_B1_2022.rds
simplified_B1_2023.rds
simplified_B1_2024.rds
Processing batch 1/12 (rows 1-1000)
  Calculated 1000 temperatures. Range: -8.27 to 60.00
Processing batch 2/12 (rows 1001-2000)
  Calculated 1000 temperatures. Range: 1.57 to 57.46
Processing batch 3/12 (rows 2001-3000)
  Calculated 1000 temperatures. Range: -7.17 to 54.66
Processing batch 4/12 (rows 3001-4000)
  Calculated 1000 temperatures. Range: 2.97 to 47.34
Processing batch 5/12 (rows 4001-5000)
  Calculated 1000 temperatures. Range: -6.81 to 48.49
Processing batch 6/12 (rows 5001-6000)
  Calculated 1000 temperatures. Range: 1.98 to 47.53
Processing batch 7/12 (rows 6001-7000)
  Calculated 1000 temperatures. Range: -4.24 to 45.12
Processing batch 8/12 (rows 7001-8000)
  Calculated 1000 temperatures. Range: 2.26 to 17.44
Processing batch 9/12 (rows 8001-9000)
  Calculated 1000 temperatures. Range: -4.75 to 19.87
Processing batch 10/12 (rows 9001-10000)
  Calculated 1000 temperatures. Range: -2.28 to 20.38
Processing batch 11/12 (rows 10001-11000)
  Calculated 1000 temperatures. Range: 2.08 to 19.78
Processing batch 12/12 (rows 11001-11035)
  Calculated 35 temperatures. Range: 3.42 to 19.87
Total observations: 11035, Unique timestamps: 2207
MR parameters: mass=0.31, elev=1740.0, b0=16.50, b1=0.85, b2=-0.47, b3=0.000108
Sample tb=305.04 K, log(mass)=-1.1712, 1/(kT)=38.030501, exponent=-2.1819, rmr=0.112825
Sample tb=289.54 K, log(mass)=-1.1712, 1/(kT)=40.066892, exponent=-3.1390, rmr=0.043325
Sample tb=288.14 K, log(mass)=-1.1712, 1/(kT)=40.261317, exponent=-3.2304, rmr=0.039542
Sample tb=276.16 K, log(mass)=-1.1712, 1/(kT)=42.007268, exponent=-4.0510, rmr=0.017405
Sample tb=322.18 K, log(mass)=-1.1712, 1/(kT)=36.007600, exponent=-1.2312, rmr=0.291954
MR results: 0 NA, 0 infinite, 0 negative, 0 zero
Energy calculations: 3677 non-zero gains, 11035 non-zero losses out of 11035 observations
Saved results to output/results/Eldo/1950/F/eb_results_MS_1950_Eldo_B1.rds

Processing: Species=MS, Year=1951, Origin=Eldo, Climate=B1, Sex=F
Looking for climate data at: /mmfs1/gscratch/biology/jmsmith/targeted_microclimate/B1/simplified_B1_1951.rds
Directory /mmfs1/gscratch/biology/jmsmith/targeted_microclimate/B1 exists. Contents:
simplified_B1_1945.rds
simplified_B1_1946.rds
simplified_B1_1947.rds
simplified_B1_1948.rds
simplified_B1_1949.rds
simplified_B1_1950.rds
simplified_B1_1951.rds
simplified_B1_1952.rds
simplified_B1_1953.rds
simplified_B1_1954.rds
simplified_B1_1955.rds
simplified_B1_1956.rds
simplified_B1_1957.rds
simplified_B1_1958.rds
simplified_B1_1959.rds
simplified_B1_1960.rds
simplified_B1_1961.rds
simplified_B1_1962.rds
simplified_B1_1963.rds
simplified_B1_1964.rds
simplified_B1_2005.rds
simplified_B1_2006.rds
simplified_B1_2007.rds
simplified_B1_2008.rds
simplified_B1_2009.rds
simplified_B1_2010.rds
simplified_B1_2011.rds
simplified_B1_2012.rds
simplified_B1_2013.rds
simplified_B1_2014.rds
simplified_B1_2015.rds
simplified_B1_2016.rds
simplified_B1_2017.rds
simplified_B1_2018.rds
simplified_B1_2019.rds
simplified_B1_2020.rds
simplified_B1_2021.rds
simplified_B1_2022.rds
simplified_B1_2023.rds
simplified_B1_2024.rds
Processing batch 1/12 (rows 1-1000)
  Calculated 1000 temperatures. Range: -7.24 to 60.00
Processing batch 2/12 (rows 1001-2000)
  Calculated 1000 temperatures. Range: 2.63 to 60.00
Processing batch 3/12 (rows 2001-3000)
  Calculated 1000 temperatures. Range: -7.10 to 47.66
Processing batch 4/12 (rows 3001-4000)
  Calculated 1000 temperatures. Range: 3.88 to 51.76
Processing batch 5/12 (rows 4001-5000)
  Calculated 1000 temperatures. Range: -6.31 to 43.48
Processing batch 6/12 (rows 5001-6000)
  Calculated 1000 temperatures. Range: 2.00 to 51.73
Processing batch 7/12 (rows 6001-7000)
  Calculated 1000 temperatures. Range: -6.18 to 43.69
Processing batch 8/12 (rows 7001-8000)
  Calculated 1000 temperatures. Range: 1.47 to 19.88
Processing batch 9/12 (rows 8001-9000)
  Calculated 1000 temperatures. Range: -6.17 to 19.24
Processing batch 10/12 (rows 9001-10000)
  Calculated 1000 temperatures. Range: -0.55 to 23.28
Processing batch 11/12 (rows 10001-11000)
  Calculated 1000 temperatures. Range: 4.50 to 22.80
Processing batch 12/12 (rows 11001-11035)
  Calculated 35 temperatures. Range: 4.74 to 17.24
Total observations: 11035, Unique timestamps: 2207
MR parameters: mass=0.31, elev=1740.0, b0=16.50, b1=0.85, b2=-0.47, b3=0.000108
Sample tb=277.68 K, log(mass)=-1.1712, 1/(kT)=41.778773, exponent=-3.9436, rmr=0.019378
Sample tb=274.20 K, log(mass)=-1.1712, 1/(kT)=42.308953, exponent=-4.1928, rmr=0.015104
Sample tb=315.59 K, log(mass)=-1.1712, 1/(kT)=36.759908, exponent=-1.5847, rmr=0.205001
Sample tb=297.83 K, log(mass)=-1.1712, 1/(kT)=38.951999, exponent=-2.6150, rmr=0.073166
Sample tb=304.99 K, log(mass)=-1.1712, 1/(kT)=38.037629, exponent=-2.1853, rmr=0.112447
MR results: 0 NA, 0 infinite, 0 negative, 0 zero
Energy calculations: 3869 non-zero gains, 11035 non-zero losses out of 11035 observations
Saved results to output/results/Eldo/1951/F/eb_results_MS_1951_Eldo_B1.rds

Processing: Species=MS, Year=1952, Origin=Eldo, Climate=B1, Sex=F
Looking for climate data at: /mmfs1/gscratch/biology/jmsmith/targeted_microclimate/B1/simplified_B1_1952.rds
Directory /mmfs1/gscratch/biology/jmsmith/targeted_microclimate/B1 exists. Contents:
simplified_B1_1945.rds
simplified_B1_1946.rds
simplified_B1_1947.rds
simplified_B1_1948.rds
simplified_B1_1949.rds
simplified_B1_1950.rds
simplified_B1_1951.rds
simplified_B1_1952.rds
simplified_B1_1953.rds
simplified_B1_1954.rds
simplified_B1_1955.rds
simplified_B1_1956.rds
simplified_B1_1957.rds
simplified_B1_1958.rds
simplified_B1_1959.rds
simplified_B1_1960.rds
simplified_B1_1961.rds
simplified_B1_1962.rds
simplified_B1_1963.rds
simplified_B1_1964.rds
simplified_B1_2005.rds
simplified_B1_2006.rds
simplified_B1_2007.rds
simplified_B1_2008.rds
simplified_B1_2009.rds
simplified_B1_2010.rds
simplified_B1_2011.rds
simplified_B1_2012.rds
simplified_B1_2013.rds
simplified_B1_2014.rds
simplified_B1_2015.rds
simplified_B1_2016.rds
simplified_B1_2017.rds
simplified_B1_2018.rds
simplified_B1_2019.rds
simplified_B1_2020.rds
simplified_B1_2021.rds
simplified_B1_2022.rds
simplified_B1_2023.rds
simplified_B1_2024.rds
Processing batch 1/12 (rows 1-1000)
  Calculated 1000 temperatures. Range: -3.92 to 60.00
Processing batch 2/12 (rows 1001-2000)
  Calculated 1000 temperatures. Range: 3.62 to 60.00
Processing batch 3/12 (rows 2001-3000)
  Calculated 1000 temperatures. Range: -1.39 to 56.95
Processing batch 4/12 (rows 3001-4000)
  Calculated 1000 temperatures. Range: 1.72 to 50.78
Processing batch 5/12 (rows 4001-5000)
  Calculated 1000 temperatures. Range: -1.16 to 53.71
Processing batch 6/12 (rows 5001-6000)
  Calculated 1000 temperatures. Range: 1.94 to 50.65
Processing batch 7/12 (rows 6001-7000)
  Calculated 1000 temperatures. Range: 0.04 to 47.10
Processing batch 8/12 (rows 7001-8000)
  Calculated 1000 temperatures. Range: 1.06 to 18.17
Processing batch 9/12 (rows 8001-9000)
  Calculated 1000 temperatures. Range: 1.31 to 20.31
Processing batch 10/12 (rows 9001-10000)
  Calculated 1000 temperatures. Range: 1.55 to 21.62
Processing batch 11/12 (rows 10001-11000)
  Calculated 1000 temperatures. Range: 5.28 to 22.27
Processing batch 12/12 (rows 11001-11035)
  Calculated 35 temperatures. Range: 2.32 to 17.54
Total observations: 11035, Unique timestamps: 2207
MR parameters: mass=0.31, elev=1740.0, b0=16.50, b1=0.85, b2=-0.47, b3=0.000108
Sample tb=283.68 K, log(mass)=-1.1712, 1/(kT)=40.894327, exponent=-3.5279, rmr=0.029366
Sample tb=279.91 K, log(mass)=-1.1712, 1/(kT)=41.445779, exponent=-3.7871, rmr=0.022661
Sample tb=282.91 K, log(mass)=-1.1712, 1/(kT)=41.006132, exponent=-3.5805, rmr=0.027863
Sample tb=288.43 K, log(mass)=-1.1712, 1/(kT)=40.221582, exponent=-3.2117, rmr=0.040287
Sample tb=277.75 K, log(mass)=-1.1712, 1/(kT)=41.767605, exponent=-3.9384, rmr=0.019480
MR results: 0 NA, 0 infinite, 0 negative, 0 zero
Energy calculations: 4249 non-zero gains, 11035 non-zero losses out of 11035 observations
Saved results to output/results/Eldo/1952/F/eb_results_MS_1952_Eldo_B1.rds

Processing: Species=MS, Year=1953, Origin=Eldo, Climate=B1, Sex=F
Looking for climate data at: /mmfs1/gscratch/biology/jmsmith/targeted_microclimate/B1/simplified_B1_1953.rds
Directory /mmfs1/gscratch/biology/jmsmith/targeted_microclimate/B1 exists. Contents:
simplified_B1_1945.rds
simplified_B1_1946.rds
simplified_B1_1947.rds
simplified_B1_1948.rds
simplified_B1_1949.rds
simplified_B1_1950.rds
simplified_B1_1951.rds
simplified_B1_1952.rds
simplified_B1_1953.rds
simplified_B1_1954.rds
simplified_B1_1955.rds
simplified_B1_1956.rds
simplified_B1_1957.rds
simplified_B1_1958.rds
simplified_B1_1959.rds
simplified_B1_1960.rds
simplified_B1_1961.rds
simplified_B1_1962.rds
simplified_B1_1963.rds
simplified_B1_1964.rds
simplified_B1_2005.rds
simplified_B1_2006.rds
simplified_B1_2007.rds
simplified_B1_2008.rds
simplified_B1_2009.rds
simplified_B1_2010.rds
simplified_B1_2011.rds
simplified_B1_2012.rds
simplified_B1_2013.rds
simplified_B1_2014.rds
simplified_B1_2015.rds
simplified_B1_2016.rds
simplified_B1_2017.rds
simplified_B1_2018.rds
simplified_B1_2019.rds
simplified_B1_2020.rds
simplified_B1_2021.rds
simplified_B1_2022.rds
simplified_B1_2023.rds
simplified_B1_2024.rds
Processing batch 1/12 (rows 1-1000)
  Calculated 1000 temperatures. Range: -3.38 to 59.86
Processing batch 2/12 (rows 1001-2000)
  Calculated 1000 temperatures. Range: 1.77 to 60.00
Processing batch 3/12 (rows 2001-3000)
  Calculated 1000 temperatures. Range: -0.78 to 50.21
Processing batch 4/12 (rows 3001-4000)
  Calculated 1000 temperatures. Range: 4.54 to 48.74
Processing batch 5/12 (rows 4001-5000)
  Calculated 1000 temperatures. Range: -0.95 to 45.26
Processing batch 6/12 (rows 5001-6000)
  Calculated 1000 temperatures. Range: 2.98 to 49.24
Processing batch 7/12 (rows 6001-7000)
  Calculated 1000 temperatures. Range: 0.00 to 49.68
Processing batch 8/12 (rows 7001-8000)
  Calculated 1000 temperatures. Range: 1.93 to 18.79
Processing batch 9/12 (rows 8001-9000)
  Calculated 1000 temperatures. Range: 1.20 to 18.11
Processing batch 10/12 (rows 9001-10000)
  Calculated 1000 temperatures. Range: 2.25 to 21.64
Processing batch 11/12 (rows 10001-11000)
  Calculated 1000 temperatures. Range: 3.78 to 21.76
Processing batch 12/12 (rows 11001-11035)
  Calculated 35 temperatures. Range: 5.54 to 18.77
Total observations: 11035, Unique timestamps: 2207
MR parameters: mass=0.31, elev=1740.0, b0=16.50, b1=0.85, b2=-0.47, b3=0.000108
Sample tb=303.41 K, log(mass)=-1.1712, 1/(kT)=38.234681, exponent=-2.2779, rmr=0.102501
Sample tb=288.65 K, log(mass)=-1.1712, 1/(kT)=40.190285, exponent=-3.1970, rmr=0.040884
Sample tb=276.28 K, log(mass)=-1.1712, 1/(kT)=41.989349, exponent=-4.0426, rmr=0.017552
Sample tb=297.26 K, log(mass)=-1.1712, 1/(kT)=39.025664, exponent=-2.6496, rmr=0.070676
Sample tb=280.99 K, log(mass)=-1.1712, 1/(kT)=41.286499, exponent=-3.7122, rmr=0.024423
MR results: 0 NA, 0 infinite, 0 negative, 0 zero
Energy calculations: 4201 non-zero gains, 11035 non-zero losses out of 11035 observations
Saved results to output/results/Eldo/1953/F/eb_results_MS_1953_Eldo_B1.rds

Processing: Species=MS, Year=1954, Origin=Eldo, Climate=B1, Sex=F
Looking for climate data at: /mmfs1/gscratch/biology/jmsmith/targeted_microclimate/B1/simplified_B1_1954.rds
Directory /mmfs1/gscratch/biology/jmsmith/targeted_microclimate/B1 exists. Contents:
simplified_B1_1945.rds
simplified_B1_1946.rds
simplified_B1_1947.rds
simplified_B1_1948.rds
simplified_B1_1949.rds
simplified_B1_1950.rds
simplified_B1_1951.rds
simplified_B1_1952.rds
simplified_B1_1953.rds
simplified_B1_1954.rds
simplified_B1_1955.rds
simplified_B1_1956.rds
simplified_B1_1957.rds
simplified_B1_1958.rds
simplified_B1_1959.rds
simplified_B1_1960.rds
simplified_B1_1961.rds
simplified_B1_1962.rds
simplified_B1_1963.rds
simplified_B1_1964.rds
simplified_B1_2005.rds
simplified_B1_2006.rds
simplified_B1_2007.rds
simplified_B1_2008.rds
simplified_B1_2009.rds
simplified_B1_2010.rds
simplified_B1_2011.rds
simplified_B1_2012.rds
simplified_B1_2013.rds
simplified_B1_2014.rds
simplified_B1_2015.rds
simplified_B1_2016.rds
simplified_B1_2017.rds
simplified_B1_2018.rds
simplified_B1_2019.rds
simplified_B1_2020.rds
simplified_B1_2021.rds
simplified_B1_2022.rds
simplified_B1_2023.rds
simplified_B1_2024.rds
Processing batch 1/12 (rows 1-1000)
  Calculated 1000 temperatures. Range: -5.78 to 60.00
Processing batch 2/12 (rows 1001-2000)
  Calculated 1000 temperatures. Range: 1.46 to 60.00
Processing batch 3/12 (rows 2001-3000)
  Calculated 1000 temperatures. Range: -4.17 to 58.92
Processing batch 4/12 (rows 3001-4000)
  Calculated 1000 temperatures. Range: 3.72 to 51.75
Processing batch 5/12 (rows 4001-5000)
  Calculated 1000 temperatures. Range: -3.46 to 49.93
Processing batch 6/12 (rows 5001-6000)
  Calculated 1000 temperatures. Range: 3.78 to 51.06
Processing batch 7/12 (rows 6001-7000)
  Calculated 1000 temperatures. Range: -1.75 to 48.68
Processing batch 8/12 (rows 7001-8000)
  Calculated 1000 temperatures. Range: 2.71 to 20.07
Processing batch 9/12 (rows 8001-9000)
  Calculated 1000 temperatures. Range: -1.39 to 19.02
Processing batch 10/12 (rows 9001-10000)
  Calculated 1000 temperatures. Range: -0.89 to 25.35
Processing batch 11/12 (rows 10001-11000)
  Calculated 1000 temperatures. Range: 3.28 to 22.30
Processing batch 12/12 (rows 11001-11035)
  Calculated 35 temperatures. Range: 5.26 to 20.74
Total observations: 11035, Unique timestamps: 2207
MR parameters: mass=0.31, elev=1740.0, b0=16.50, b1=0.85, b2=-0.47, b3=0.000108
Sample tb=290.99 K, log(mass)=-1.1712, 1/(kT)=39.867024, exponent=-3.0451, rmr=0.047592
Sample tb=285.28 K, log(mass)=-1.1712, 1/(kT)=40.665461, exponent=-3.4204, rmr=0.032701
Sample tb=284.78 K, log(mass)=-1.1712, 1/(kT)=40.736123, exponent=-3.4536, rmr=0.031633
Sample tb=280.89 K, log(mass)=-1.1712, 1/(kT)=41.300553, exponent=-3.7188, rmr=0.024262
Sample tb=287.08 K, log(mass)=-1.1712, 1/(kT)=40.409515, exponent=-3.3001, rmr=0.036881
MR results: 0 NA, 0 infinite, 0 negative, 0 zero
Energy calculations: 4311 non-zero gains, 11035 non-zero losses out of 11035 observations
Saved results to output/results/Eldo/1954/F/eb_results_MS_1954_Eldo_B1.rds

Processing: Species=MS, Year=1955, Origin=Eldo, Climate=B1, Sex=F
Looking for climate data at: /mmfs1/gscratch/biology/jmsmith/targeted_microclimate/B1/simplified_B1_1955.rds
Directory /mmfs1/gscratch/biology/jmsmith/targeted_microclimate/B1 exists. Contents:
simplified_B1_1945.rds
simplified_B1_1946.rds
simplified_B1_1947.rds
simplified_B1_1948.rds
simplified_B1_1949.rds
simplified_B1_1950.rds
simplified_B1_1951.rds
simplified_B1_1952.rds
simplified_B1_1953.rds
simplified_B1_1954.rds
simplified_B1_1955.rds
simplified_B1_1956.rds
simplified_B1_1957.rds
simplified_B1_1958.rds
simplified_B1_1959.rds
simplified_B1_1960.rds
simplified_B1_1961.rds
simplified_B1_1962.rds
simplified_B1_1963.rds
simplified_B1_1964.rds
simplified_B1_2005.rds
simplified_B1_2006.rds
simplified_B1_2007.rds
simplified_B1_2008.rds
simplified_B1_2009.rds
simplified_B1_2010.rds
simplified_B1_2011.rds
simplified_B1_2012.rds
simplified_B1_2013.rds
simplified_B1_2014.rds
simplified_B1_2015.rds
simplified_B1_2016.rds
simplified_B1_2017.rds
simplified_B1_2018.rds
simplified_B1_2019.rds
simplified_B1_2020.rds
simplified_B1_2021.rds
simplified_B1_2022.rds
simplified_B1_2023.rds
simplified_B1_2024.rds
Processing batch 1/12 (rows 1-1000)
  Calculated 1000 temperatures. Range: -5.04 to 57.24
Processing batch 2/12 (rows 1001-2000)
  Calculated 1000 temperatures. Range: -0.07 to 58.06
Processing batch 3/12 (rows 2001-3000)
  Calculated 1000 temperatures. Range: -2.76 to 54.28
Processing batch 4/12 (rows 3001-4000)
  Calculated 1000 temperatures. Range: 2.52 to 47.42
Processing batch 5/12 (rows 4001-5000)
  Calculated 1000 temperatures. Range: -1.15 to 45.99
Processing batch 6/12 (rows 5001-6000)
  Calculated 1000 temperatures. Range: 1.14 to 47.17
Processing batch 7/12 (rows 6001-7000)
  Calculated 1000 temperatures. Range: -0.73 to 45.72
Processing batch 8/12 (rows 7001-8000)
  Calculated 1000 temperatures. Range: 1.32 to 18.01
Processing batch 9/12 (rows 8001-9000)
  Calculated 1000 temperatures. Range: -0.26 to 18.06
Processing batch 10/12 (rows 9001-10000)
  Calculated 1000 temperatures. Range: 0.60 to 23.45
Processing batch 11/12 (rows 10001-11000)
  Calculated 1000 temperatures. Range: 3.67 to 21.55
Processing batch 12/12 (rows 11001-11035)
  Calculated 35 temperatures. Range: 3.51 to 18.73
Total observations: 11035, Unique timestamps: 2207
MR parameters: mass=0.31, elev=1740.0, b0=16.50, b1=0.85, b2=-0.47, b3=0.000108
Sample tb=288.84 K, log(mass)=-1.1712, 1/(kT)=40.163464, exponent=-3.1844, rmr=0.041403
Sample tb=283.31 K, log(mass)=-1.1712, 1/(kT)=40.948372, exponent=-3.5533, rmr=0.028629
Sample tb=319.96 K, log(mass)=-1.1712, 1/(kT)=36.257176, exponent=-1.3485, rmr=0.259640
Sample tb=287.07 K, log(mass)=-1.1712, 1/(kT)=40.412104, exponent=-3.3013, rmr=0.036836
Sample tb=284.65 K, log(mass)=-1.1712, 1/(kT)=40.755109, exponent=-3.4625, rmr=0.031352
MR results: 0 NA, 0 infinite, 0 negative, 0 zero
Energy calculations: 4141 non-zero gains, 11035 non-zero losses out of 11035 observations
Saved results to output/results/Eldo/1955/F/eb_results_MS_1955_Eldo_B1.rds

Processing: Species=MS, Year=1956, Origin=Eldo, Climate=B1, Sex=F
Looking for climate data at: /mmfs1/gscratch/biology/jmsmith/targeted_microclimate/B1/simplified_B1_1956.rds
Directory /mmfs1/gscratch/biology/jmsmith/targeted_microclimate/B1 exists. Contents:
simplified_B1_1945.rds
simplified_B1_1946.rds
simplified_B1_1947.rds
simplified_B1_1948.rds
simplified_B1_1949.rds
simplified_B1_1950.rds
simplified_B1_1951.rds
simplified_B1_1952.rds
simplified_B1_1953.rds
simplified_B1_1954.rds
simplified_B1_1955.rds
simplified_B1_1956.rds
simplified_B1_1957.rds
simplified_B1_1958.rds
simplified_B1_1959.rds
simplified_B1_1960.rds
simplified_B1_1961.rds
simplified_B1_1962.rds
simplified_B1_1963.rds
simplified_B1_1964.rds
simplified_B1_2005.rds
simplified_B1_2006.rds
simplified_B1_2007.rds
simplified_B1_2008.rds
simplified_B1_2009.rds
simplified_B1_2010.rds
simplified_B1_2011.rds
simplified_B1_2012.rds
simplified_B1_2013.rds
simplified_B1_2014.rds
simplified_B1_2015.rds
simplified_B1_2016.rds
simplified_B1_2017.rds
simplified_B1_2018.rds
simplified_B1_2019.rds
simplified_B1_2020.rds
simplified_B1_2021.rds
simplified_B1_2022.rds
simplified_B1_2023.rds
simplified_B1_2024.rds
Processing batch 1/12 (rows 1-1000)
  Calculated 1000 temperatures. Range: -0.20 to 60.00
Processing batch 2/12 (rows 1001-2000)
  Calculated 1000 temperatures. Range: 1.67 to 57.60
Processing batch 3/12 (rows 2001-3000)
  Calculated 1000 temperatures. Range: -2.97 to 56.10
Processing batch 4/12 (rows 3001-4000)
  Calculated 1000 temperatures. Range: 3.09 to 46.94
Processing batch 5/12 (rows 4001-5000)
  Calculated 1000 temperatures. Range: -1.84 to 51.29
Processing batch 6/12 (rows 5001-6000)
  Calculated 1000 temperatures. Range: 3.39 to 47.17
Processing batch 7/12 (rows 6001-7000)
  Calculated 1000 temperatures. Range: -1.26 to 46.63
Processing batch 8/12 (rows 7001-8000)
  Calculated 1000 temperatures. Range: 1.42 to 17.56
Processing batch 9/12 (rows 8001-9000)
  Calculated 1000 temperatures. Range: -0.18 to 19.17
Processing batch 10/12 (rows 9001-10000)
  Calculated 1000 temperatures. Range: 3.26 to 20.99
Processing batch 11/12 (rows 10001-11000)
  Calculated 1000 temperatures. Range: 3.79 to 20.88
Processing batch 12/12 (rows 11001-11035)
  Calculated 35 temperatures. Range: -0.22 to 14.78
Total observations: 11035, Unique timestamps: 2207
MR parameters: mass=0.31, elev=1740.0, b0=16.50, b1=0.85, b2=-0.47, b3=0.000108
Sample tb=274.36 K, log(mass)=-1.1712, 1/(kT)=42.283185, exponent=-4.1807, rmr=0.015288
Sample tb=287.88 K, log(mass)=-1.1712, 1/(kT)=40.298129, exponent=-3.2477, rmr=0.038863
Sample tb=284.09 K, log(mass)=-1.1712, 1/(kT)=40.835207, exponent=-3.5001, rmr=0.030193
Sample tb=296.06 K, log(mass)=-1.1712, 1/(kT)=39.184808, exponent=-2.7244, rmr=0.065583
Sample tb=310.91 K, log(mass)=-1.1712, 1/(kT)=37.313052, exponent=-1.8447, rmr=0.158070
MR results: 0 NA, 0 infinite, 0 negative, 0 zero
Energy calculations: 4050 non-zero gains, 11035 non-zero losses out of 11035 observations
Saved results to output/results/Eldo/1956/F/eb_results_MS_1956_Eldo_B1.rds

Processing: Species=MS, Year=1957, Origin=Eldo, Climate=B1, Sex=F
Looking for climate data at: /mmfs1/gscratch/biology/jmsmith/targeted_microclimate/B1/simplified_B1_1957.rds
Directory /mmfs1/gscratch/biology/jmsmith/targeted_microclimate/B1 exists. Contents:
simplified_B1_1945.rds
simplified_B1_1946.rds
simplified_B1_1947.rds
simplified_B1_1948.rds
simplified_B1_1949.rds
simplified_B1_1950.rds
simplified_B1_1951.rds
simplified_B1_1952.rds
simplified_B1_1953.rds
simplified_B1_1954.rds
simplified_B1_1955.rds
simplified_B1_1956.rds
simplified_B1_1957.rds
simplified_B1_1958.rds
simplified_B1_1959.rds
simplified_B1_1960.rds
simplified_B1_1961.rds
simplified_B1_1962.rds
simplified_B1_1963.rds
simplified_B1_1964.rds
simplified_B1_2005.rds
simplified_B1_2006.rds
simplified_B1_2007.rds
simplified_B1_2008.rds
simplified_B1_2009.rds
simplified_B1_2010.rds
simplified_B1_2011.rds
simplified_B1_2012.rds
simplified_B1_2013.rds
simplified_B1_2014.rds
simplified_B1_2015.rds
simplified_B1_2016.rds
simplified_B1_2017.rds
simplified_B1_2018.rds
simplified_B1_2019.rds
simplified_B1_2020.rds
simplified_B1_2021.rds
simplified_B1_2022.rds
simplified_B1_2023.rds
simplified_B1_2024.rds
Processing batch 1/12 (rows 1-1000)
  Calculated 1000 temperatures. Range: -2.22 to 60.00
Processing batch 2/12 (rows 1001-2000)
  Calculated 1000 temperatures. Range: 2.96 to 59.79
Processing batch 3/12 (rows 2001-3000)
  Calculated 1000 temperatures. Range: -0.83 to 58.99
Processing batch 4/12 (rows 3001-4000)
  Calculated 1000 temperatures. Range: 2.90 to 49.51
Processing batch 5/12 (rows 4001-5000)
  Calculated 1000 temperatures. Range: -0.55 to 48.37
Processing batch 6/12 (rows 5001-6000)
  Calculated 1000 temperatures. Range: 3.03 to 48.89
Processing batch 7/12 (rows 6001-7000)
  Calculated 1000 temperatures. Range: 0.65 to 47.69
Processing batch 8/12 (rows 7001-8000)
  Calculated 1000 temperatures. Range: -0.35 to 17.93
Processing batch 9/12 (rows 8001-9000)
  Calculated 1000 temperatures. Range: 2.03 to 18.86
Processing batch 10/12 (rows 9001-10000)
  Calculated 1000 temperatures. Range: 0.18 to 22.17
Processing batch 11/12 (rows 10001-11000)
  Calculated 1000 temperatures. Range: 4.22 to 21.45
Processing batch 12/12 (rows 11001-11035)
  Calculated 35 temperatures. Range: 5.12 to 14.73
Total observations: 11035, Unique timestamps: 2207
MR parameters: mass=0.31, elev=1740.0, b0=16.50, b1=0.85, b2=-0.47, b3=0.000108
Sample tb=287.31 K, log(mass)=-1.1712, 1/(kT)=40.377273, exponent=-3.2849, rmr=0.037444
Sample tb=275.80 K, log(mass)=-1.1712, 1/(kT)=42.062559, exponent=-4.0770, rmr=0.016958
Sample tb=277.41 K, log(mass)=-1.1712, 1/(kT)=41.819331, exponent=-3.9627, rmr=0.019012
Sample tb=310.31 K, log(mass)=-1.1712, 1/(kT)=37.384493, exponent=-1.8783, rmr=0.152850
Sample tb=282.32 K, log(mass)=-1.1712, 1/(kT)=41.092114, exponent=-3.6209, rmr=0.026759
MR results: 0 NA, 0 infinite, 0 negative, 0 zero
Energy calculations: 4054 non-zero gains, 11035 non-zero losses out of 11035 observations
Saved results to output/results/Eldo/1957/F/eb_results_MS_1957_Eldo_B1.rds

Processing: Species=MS, Year=1958, Origin=Eldo, Climate=B1, Sex=F
Looking for climate data at: /mmfs1/gscratch/biology/jmsmith/targeted_microclimate/B1/simplified_B1_1958.rds
Directory /mmfs1/gscratch/biology/jmsmith/targeted_microclimate/B1 exists. Contents:
simplified_B1_1945.rds
simplified_B1_1946.rds
simplified_B1_1947.rds
simplified_B1_1948.rds
simplified_B1_1949.rds
simplified_B1_1950.rds
simplified_B1_1951.rds
simplified_B1_1952.rds
simplified_B1_1953.rds
simplified_B1_1954.rds
simplified_B1_1955.rds
simplified_B1_1956.rds
simplified_B1_1957.rds
simplified_B1_1958.rds
simplified_B1_1959.rds
simplified_B1_1960.rds
simplified_B1_1961.rds
simplified_B1_1962.rds
simplified_B1_1963.rds
simplified_B1_1964.rds
simplified_B1_2005.rds
simplified_B1_2006.rds
simplified_B1_2007.rds
simplified_B1_2008.rds
simplified_B1_2009.rds
simplified_B1_2010.rds
simplified_B1_2011.rds
simplified_B1_2012.rds
simplified_B1_2013.rds
simplified_B1_2014.rds
simplified_B1_2015.rds
simplified_B1_2016.rds
simplified_B1_2017.rds
simplified_B1_2018.rds
simplified_B1_2019.rds
simplified_B1_2020.rds
simplified_B1_2021.rds
simplified_B1_2022.rds
simplified_B1_2023.rds
simplified_B1_2024.rds
Processing batch 1/12 (rows 1-1000)
  Calculated 1000 temperatures. Range: -0.71 to 56.75
Processing batch 2/12 (rows 1001-2000)
  Calculated 1000 temperatures. Range: 1.79 to 59.81
Processing batch 3/12 (rows 2001-3000)
  Calculated 1000 temperatures. Range: 0.80 to 49.27
Processing batch 4/12 (rows 3001-4000)
  Calculated 1000 temperatures. Range: 3.45 to 48.83
Processing batch 5/12 (rows 4001-5000)
  Calculated 1000 temperatures. Range: 1.22 to 43.53
Processing batch 6/12 (rows 5001-6000)
  Calculated 1000 temperatures. Range: 2.25 to 48.72
Processing batch 7/12 (rows 6001-7000)
  Calculated 1000 temperatures. Range: 1.41 to 48.55
Processing batch 8/12 (rows 7001-8000)
  Calculated 1000 temperatures. Range: 2.03 to 17.11
Processing batch 9/12 (rows 8001-9000)
  Calculated 1000 temperatures. Range: 2.80 to 20.03
Processing batch 10/12 (rows 9001-10000)
  Calculated 1000 temperatures. Range: 2.09 to 21.07
Processing batch 11/12 (rows 10001-11000)
  Calculated 1000 temperatures. Range: 4.49 to 22.01
Processing batch 12/12 (rows 11001-11035)
  Calculated 35 temperatures. Range: 3.48 to 17.90
Total observations: 11035, Unique timestamps: 2207
MR parameters: mass=0.31, elev=1740.0, b0=16.50, b1=0.85, b2=-0.47, b3=0.000108
Sample tb=278.92 K, log(mass)=-1.1712, 1/(kT)=41.592267, exponent=-3.8560, rmr=0.021153
Sample tb=278.73 K, log(mass)=-1.1712, 1/(kT)=41.621071, exponent=-3.8695, rmr=0.020869
Sample tb=281.65 K, log(mass)=-1.1712, 1/(kT)=41.189220, exponent=-3.6665, rmr=0.025565
Sample tb=289.63 K, log(mass)=-1.1712, 1/(kT)=40.054244, exponent=-3.1331, rmr=0.043583
Sample tb=281.18 K, log(mass)=-1.1712, 1/(kT)=41.257452, exponent=-3.6986, rmr=0.024758
MR results: 0 NA, 0 infinite, 0 negative, 0 zero
Energy calculations: 4073 non-zero gains, 11035 non-zero losses out of 11035 observations
Saved results to output/results/Eldo/1958/F/eb_results_MS_1958_Eldo_B1.rds

Processing: Species=MS, Year=1959, Origin=Eldo, Climate=B1, Sex=F
Looking for climate data at: /mmfs1/gscratch/biology/jmsmith/targeted_microclimate/B1/simplified_B1_1959.rds
Directory /mmfs1/gscratch/biology/jmsmith/targeted_microclimate/B1 exists. Contents:
simplified_B1_1945.rds
simplified_B1_1946.rds
simplified_B1_1947.rds
simplified_B1_1948.rds
simplified_B1_1949.rds
simplified_B1_1950.rds
simplified_B1_1951.rds
simplified_B1_1952.rds
simplified_B1_1953.rds
simplified_B1_1954.rds
simplified_B1_1955.rds
simplified_B1_1956.rds
simplified_B1_1957.rds
simplified_B1_1958.rds
simplified_B1_1959.rds
simplified_B1_1960.rds
simplified_B1_1961.rds
simplified_B1_1962.rds
simplified_B1_1963.rds
simplified_B1_1964.rds
simplified_B1_2005.rds
simplified_B1_2006.rds
simplified_B1_2007.rds
simplified_B1_2008.rds
simplified_B1_2009.rds
simplified_B1_2010.rds
simplified_B1_2011.rds
simplified_B1_2012.rds
simplified_B1_2013.rds
simplified_B1_2014.rds
simplified_B1_2015.rds
simplified_B1_2016.rds
simplified_B1_2017.rds
simplified_B1_2018.rds
simplified_B1_2019.rds
simplified_B1_2020.rds
simplified_B1_2021.rds
simplified_B1_2022.rds
simplified_B1_2023.rds
simplified_B1_2024.rds
Processing batch 1/12 (rows 1-1000)
  Calculated 1000 temperatures. Range: -2.36 to 60.00
Processing batch 2/12 (rows 1001-2000)
  Calculated 1000 temperatures. Range: 3.66 to 60.00
Processing batch 3/12 (rows 2001-3000)
  Calculated 1000 temperatures. Range: -1.53 to 50.58
Processing batch 4/12 (rows 3001-4000)
  Calculated 1000 temperatures. Range: 2.25 to 50.14
Processing batch 5/12 (rows 4001-5000)
  Calculated 1000 temperatures. Range: -0.69 to 51.43
Processing batch 6/12 (rows 5001-6000)
  Calculated 1000 temperatures. Range: 2.27 to 50.19
Processing batch 7/12 (rows 6001-7000)
  Calculated 1000 temperatures. Range: 0.93 to 49.80
Processing batch 8/12 (rows 7001-8000)
  Calculated 1000 temperatures. Range: 2.08 to 18.84
Processing batch 9/12 (rows 8001-9000)
  Calculated 1000 temperatures. Range: 0.51 to 21.15
Processing batch 10/12 (rows 9001-10000)
  Calculated 1000 temperatures. Range: 3.31 to 21.15
Processing batch 11/12 (rows 10001-11000)
  Calculated 1000 temperatures. Range: 4.85 to 22.14
Processing batch 12/12 (rows 11001-11035)
  Calculated 35 temperatures. Range: 4.88 to 18.93
Total observations: 11035, Unique timestamps: 2207
MR parameters: mass=0.31, elev=1740.0, b0=16.50, b1=0.85, b2=-0.47, b3=0.000108
Sample tb=292.52 K, log(mass)=-1.1712, 1/(kT)=39.657958, exponent=-2.9468, rmr=0.052506
Sample tb=292.25 K, log(mass)=-1.1712, 1/(kT)=39.695795, exponent=-2.9646, rmr=0.051581
Sample tb=290.04 K, log(mass)=-1.1712, 1/(kT)=39.997730, exponent=-3.1065, rmr=0.044757
Sample tb=279.23 K, log(mass)=-1.1712, 1/(kT)=41.545959, exponent=-3.8342, rmr=0.021619
Sample tb=306.52 K, log(mass)=-1.1712, 1/(kT)=37.847776, exponent=-2.0960, rmr=0.122942
MR results: 0 NA, 0 infinite, 0 negative, 0 zero
Energy calculations: 4325 non-zero gains, 11035 non-zero losses out of 11035 observations
Saved results to output/results/Eldo/1959/F/eb_results_MS_1959_Eldo_B1.rds

Processing: Species=MS, Year=1960, Origin=Eldo, Climate=B1, Sex=F
Looking for climate data at: /mmfs1/gscratch/biology/jmsmith/targeted_microclimate/B1/simplified_B1_1960.rds
Directory /mmfs1/gscratch/biology/jmsmith/targeted_microclimate/B1 exists. Contents:
simplified_B1_1945.rds
simplified_B1_1946.rds
simplified_B1_1947.rds
simplified_B1_1948.rds
simplified_B1_1949.rds
simplified_B1_1950.rds
simplified_B1_1951.rds
simplified_B1_1952.rds
simplified_B1_1953.rds
simplified_B1_1954.rds
simplified_B1_1955.rds
simplified_B1_1956.rds
simplified_B1_1957.rds
simplified_B1_1958.rds
simplified_B1_1959.rds
simplified_B1_1960.rds
simplified_B1_1961.rds
simplified_B1_1962.rds
simplified_B1_1963.rds
simplified_B1_1964.rds
simplified_B1_2005.rds
simplified_B1_2006.rds
simplified_B1_2007.rds
simplified_B1_2008.rds
simplified_B1_2009.rds
simplified_B1_2010.rds
simplified_B1_2011.rds
simplified_B1_2012.rds
simplified_B1_2013.rds
simplified_B1_2014.rds
simplified_B1_2015.rds
simplified_B1_2016.rds
simplified_B1_2017.rds
simplified_B1_2018.rds
simplified_B1_2019.rds
simplified_B1_2020.rds
simplified_B1_2021.rds
simplified_B1_2022.rds
simplified_B1_2023.rds
simplified_B1_2024.rds
Processing batch 1/12 (rows 1-1000)
  Calculated 1000 temperatures. Range: -0.51 to 60.00
Processing batch 2/12 (rows 1001-2000)
  Calculated 1000 temperatures. Range: -1.93 to 59.96
Processing batch 3/12 (rows 2001-3000)
  Calculated 1000 temperatures. Range: -0.70 to 57.05
Processing batch 4/12 (rows 3001-4000)
  Calculated 1000 temperatures. Range: 3.39 to 50.63
Processing batch 5/12 (rows 4001-5000)
  Calculated 1000 temperatures. Range: -0.08 to 48.31
Processing batch 6/12 (rows 5001-6000)
  Calculated 1000 temperatures. Range: 3.32 to 50.77
Processing batch 7/12 (rows 6001-7000)
  Calculated 1000 temperatures. Range: -0.08 to 46.31
Processing batch 8/12 (rows 7001-8000)
  Calculated 1000 temperatures. Range: 0.86 to 18.19
Processing batch 9/12 (rows 8001-9000)
  Calculated 1000 temperatures. Range: 0.20 to 19.48
Processing batch 10/12 (rows 9001-10000)
  Calculated 1000 temperatures. Range: 1.80 to 21.95
Processing batch 11/12 (rows 10001-11000)
  Calculated 1000 temperatures. Range: 1.15 to 22.38
Processing batch 12/12 (rows 11001-11035)
  Calculated 35 temperatures. Range: 4.20 to 22.11
Total observations: 11035, Unique timestamps: 2207
MR parameters: mass=0.31, elev=1740.0, b0=16.50, b1=0.85, b2=-0.47, b3=0.000108
Sample tb=303.95 K, log(mass)=-1.1712, 1/(kT)=38.167648, exponent=-2.2464, rmr=0.105781
Sample tb=300.88 K, log(mass)=-1.1712, 1/(kT)=38.556028, exponent=-2.4289, rmr=0.088132
Sample tb=277.96 K, log(mass)=-1.1712, 1/(kT)=41.736159, exponent=-3.9236, rmr=0.019770
Sample tb=277.25 K, log(mass)=-1.1712, 1/(kT)=41.842235, exponent=-3.9734, rmr=0.018809
Sample tb=292.71 K, log(mass)=-1.1712, 1/(kT)=39.632556, exponent=-2.9349, rmr=0.053137
MR results: 0 NA, 0 infinite, 0 negative, 0 zero
Energy calculations: 4189 non-zero gains, 11035 non-zero losses out of 11035 observations
Saved results to output/results/Eldo/1960/F/eb_results_MS_1960_Eldo_B1.rds

Processing: Species=MS, Year=1961, Origin=Eldo, Climate=B1, Sex=F
Looking for climate data at: /mmfs1/gscratch/biology/jmsmith/targeted_microclimate/B1/simplified_B1_1961.rds
Directory /mmfs1/gscratch/biology/jmsmith/targeted_microclimate/B1 exists. Contents:
simplified_B1_1945.rds
simplified_B1_1946.rds
simplified_B1_1947.rds
simplified_B1_1948.rds
simplified_B1_1949.rds
simplified_B1_1950.rds
simplified_B1_1951.rds
simplified_B1_1952.rds
simplified_B1_1953.rds
simplified_B1_1954.rds
simplified_B1_1955.rds
simplified_B1_1956.rds
simplified_B1_1957.rds
simplified_B1_1958.rds
simplified_B1_1959.rds
simplified_B1_1960.rds
simplified_B1_1961.rds
simplified_B1_1962.rds
simplified_B1_1963.rds
simplified_B1_1964.rds
simplified_B1_2005.rds
simplified_B1_2006.rds
simplified_B1_2007.rds
simplified_B1_2008.rds
simplified_B1_2009.rds
simplified_B1_2010.rds
simplified_B1_2011.rds
simplified_B1_2012.rds
simplified_B1_2013.rds
simplified_B1_2014.rds
simplified_B1_2015.rds
simplified_B1_2016.rds
simplified_B1_2017.rds
simplified_B1_2018.rds
simplified_B1_2019.rds
simplified_B1_2020.rds
simplified_B1_2021.rds
simplified_B1_2022.rds
simplified_B1_2023.rds
simplified_B1_2024.rds
Processing batch 1/12 (rows 1-1000)
  Calculated 1000 temperatures. Range: -3.30 to 58.03
Processing batch 2/12 (rows 1001-2000)
  Calculated 1000 temperatures. Range: 1.80 to 60.00
Processing batch 3/12 (rows 2001-3000)
  Calculated 1000 temperatures. Range: -1.85 to 51.92
Processing batch 4/12 (rows 3001-4000)
  Calculated 1000 temperatures. Range: 2.13 to 50.77
Processing batch 5/12 (rows 4001-5000)
  Calculated 1000 temperatures. Range: -1.55 to 46.77
Processing batch 6/12 (rows 5001-6000)
  Calculated 1000 temperatures. Range: 2.59 to 51.02
Processing batch 7/12 (rows 6001-7000)
  Calculated 1000 temperatures. Range: -0.21 to 48.31
Processing batch 8/12 (rows 7001-8000)
  Calculated 1000 temperatures. Range: 2.21 to 18.49
Processing batch 9/12 (rows 8001-9000)
  Calculated 1000 temperatures. Range: -0.09 to 18.20
Processing batch 10/12 (rows 9001-10000)
  Calculated 1000 temperatures. Range: 2.44 to 21.22
Processing batch 11/12 (rows 10001-11000)
  Calculated 1000 temperatures. Range: 2.36 to 21.81
Processing batch 12/12 (rows 11001-11035)
  Calculated 35 temperatures. Range: 6.39 to 16.14
Total observations: 11035, Unique timestamps: 2207
MR parameters: mass=0.31, elev=1740.0, b0=16.50, b1=0.85, b2=-0.47, b3=0.000108
Sample tb=280.22 K, log(mass)=-1.1712, 1/(kT)=41.399820, exponent=-3.7655, rmr=0.023156
Sample tb=296.45 K, log(mass)=-1.1712, 1/(kT)=39.132664, exponent=-2.6999, rmr=0.067210
Sample tb=312.35 K, log(mass)=-1.1712, 1/(kT)=37.141130, exponent=-1.7639, rmr=0.171372
Sample tb=289.66 K, log(mass)=-1.1712, 1/(kT)=40.049610, exponent=-3.1309, rmr=0.043678
Sample tb=289.15 K, log(mass)=-1.1712, 1/(kT)=40.121120, exponent=-3.1645, rmr=0.042235
MR results: 0 NA, 0 infinite, 0 negative, 0 zero
Energy calculations: 4121 non-zero gains, 11035 non-zero losses out of 11035 observations
Saved results to output/results/Eldo/1961/F/eb_results_MS_1961_Eldo_B1.rds

Processing: Species=MS, Year=1962, Origin=Eldo, Climate=B1, Sex=F
Looking for climate data at: /mmfs1/gscratch/biology/jmsmith/targeted_microclimate/B1/simplified_B1_1962.rds
Directory /mmfs1/gscratch/biology/jmsmith/targeted_microclimate/B1 exists. Contents:
simplified_B1_1945.rds
simplified_B1_1946.rds
simplified_B1_1947.rds
simplified_B1_1948.rds
simplified_B1_1949.rds
simplified_B1_1950.rds
simplified_B1_1951.rds
simplified_B1_1952.rds
simplified_B1_1953.rds
simplified_B1_1954.rds
simplified_B1_1955.rds
simplified_B1_1956.rds
simplified_B1_1957.rds
simplified_B1_1958.rds
simplified_B1_1959.rds
simplified_B1_1960.rds
simplified_B1_1961.rds
simplified_B1_1962.rds
simplified_B1_1963.rds
simplified_B1_1964.rds
simplified_B1_2005.rds
simplified_B1_2006.rds
simplified_B1_2007.rds
simplified_B1_2008.rds
simplified_B1_2009.rds
simplified_B1_2010.rds
simplified_B1_2011.rds
simplified_B1_2012.rds
simplified_B1_2013.rds
simplified_B1_2014.rds
simplified_B1_2015.rds
simplified_B1_2016.rds
simplified_B1_2017.rds
simplified_B1_2018.rds
simplified_B1_2019.rds
simplified_B1_2020.rds
simplified_B1_2021.rds
simplified_B1_2022.rds
simplified_B1_2023.rds
simplified_B1_2024.rds
Processing batch 1/12 (rows 1-1000)
  Calculated 1000 temperatures. Range: -4.06 to 60.00
Processing batch 2/12 (rows 1001-2000)
  Calculated 1000 temperatures. Range: 1.07 to 58.05
Processing batch 3/12 (rows 2001-3000)
  Calculated 1000 temperatures. Range: -2.85 to 59.01
Processing batch 4/12 (rows 3001-4000)
  Calculated 1000 temperatures. Range: 3.16 to 49.34
Processing batch 5/12 (rows 4001-5000)
  Calculated 1000 temperatures. Range: -1.58 to 48.16
Processing batch 6/12 (rows 5001-6000)
  Calculated 1000 temperatures. Range: 3.56 to 49.02
Processing batch 7/12 (rows 6001-7000)
  Calculated 1000 temperatures. Range: -0.78 to 48.04
Processing batch 8/12 (rows 7001-8000)
  Calculated 1000 temperatures. Range: -0.07 to 17.90
Processing batch 9/12 (rows 8001-9000)
  Calculated 1000 temperatures. Range: 0.06 to 17.58
Processing batch 10/12 (rows 9001-10000)
  Calculated 1000 temperatures. Range: -0.36 to 21.01
Processing batch 11/12 (rows 10001-11000)
  Calculated 1000 temperatures. Range: 2.61 to 22.35
Processing batch 12/12 (rows 11001-11035)
  Calculated 35 temperatures. Range: 1.95 to 13.99
Total observations: 11035, Unique timestamps: 2207
MR parameters: mass=0.31, elev=1740.0, b0=16.50, b1=0.85, b2=-0.47, b3=0.000108
Sample tb=284.10 K, log(mass)=-1.1712, 1/(kT)=40.833517, exponent=-3.4993, rmr=0.030217
Sample tb=290.28 K, log(mass)=-1.1712, 1/(kT)=39.964298, exponent=-3.0908, rmr=0.045465
Sample tb=281.82 K, log(mass)=-1.1712, 1/(kT)=41.164362, exponent=-3.6548, rmr=0.025866
Sample tb=279.11 K, log(mass)=-1.1712, 1/(kT)=41.563651, exponent=-3.8425, rmr=0.021440
Sample tb=278.81 K, log(mass)=-1.1712, 1/(kT)=41.609135, exponent=-3.8639, rmr=0.020986
MR results: 0 NA, 0 infinite, 0 negative, 0 zero
Energy calculations: 4029 non-zero gains, 11035 non-zero losses out of 11035 observations
Saved results to output/results/Eldo/1962/F/eb_results_MS_1962_Eldo_B1.rds

Processing: Species=MS, Year=1963, Origin=Eldo, Climate=B1, Sex=F
Looking for climate data at: /mmfs1/gscratch/biology/jmsmith/targeted_microclimate/B1/simplified_B1_1963.rds
Directory /mmfs1/gscratch/biology/jmsmith/targeted_microclimate/B1 exists. Contents:
simplified_B1_1945.rds
simplified_B1_1946.rds
simplified_B1_1947.rds
simplified_B1_1948.rds
simplified_B1_1949.rds
simplified_B1_1950.rds
simplified_B1_1951.rds
simplified_B1_1952.rds
simplified_B1_1953.rds
simplified_B1_1954.rds
simplified_B1_1955.rds
simplified_B1_1956.rds
simplified_B1_1957.rds
simplified_B1_1958.rds
simplified_B1_1959.rds
simplified_B1_1960.rds
simplified_B1_1961.rds
simplified_B1_1962.rds
simplified_B1_1963.rds
simplified_B1_1964.rds
simplified_B1_2005.rds
simplified_B1_2006.rds
simplified_B1_2007.rds
simplified_B1_2008.rds
simplified_B1_2009.rds
simplified_B1_2010.rds
simplified_B1_2011.rds
simplified_B1_2012.rds
simplified_B1_2013.rds
simplified_B1_2014.rds
simplified_B1_2015.rds
simplified_B1_2016.rds
simplified_B1_2017.rds
simplified_B1_2018.rds
simplified_B1_2019.rds
simplified_B1_2020.rds
simplified_B1_2021.rds
simplified_B1_2022.rds
simplified_B1_2023.rds
simplified_B1_2024.rds
Processing batch 1/12 (rows 1-1000)
  Calculated 1000 temperatures. Range: -1.41 to 58.96
Processing batch 2/12 (rows 1001-2000)
  Calculated 1000 temperatures. Range: 3.45 to 59.59
Processing batch 3/12 (rows 2001-3000)
  Calculated 1000 temperatures. Range: -0.19 to 56.65
Processing batch 4/12 (rows 3001-4000)
  Calculated 1000 temperatures. Range: 3.98 to 48.61
Processing batch 5/12 (rows 4001-5000)
  Calculated 1000 temperatures. Range: 0.26 to 47.56
Processing batch 6/12 (rows 5001-6000)
  Calculated 1000 temperatures. Range: 2.99 to 48.80
Processing batch 7/12 (rows 6001-7000)
  Calculated 1000 temperatures. Range: 1.20 to 45.99
Processing batch 8/12 (rows 7001-8000)
  Calculated 1000 temperatures. Range: 2.45 to 19.34
Processing batch 9/12 (rows 8001-9000)
  Calculated 1000 temperatures. Range: 1.70 to 18.98
Processing batch 10/12 (rows 9001-10000)
  Calculated 1000 temperatures. Range: 1.97 to 23.23
Processing batch 11/12 (rows 10001-11000)
  Calculated 1000 temperatures. Range: 4.87 to 23.40
Processing batch 12/12 (rows 11001-11035)
  Calculated 35 temperatures. Range: 5.93 to 16.46
Total observations: 11035, Unique timestamps: 2207
MR parameters: mass=0.31, elev=1740.0, b0=16.50, b1=0.85, b2=-0.47, b3=0.000108
Sample tb=283.57 K, log(mass)=-1.1712, 1/(kT)=40.910207, exponent=-3.5354, rmr=0.029148
Sample tb=285.27 K, log(mass)=-1.1712, 1/(kT)=40.666837, exponent=-3.4210, rmr=0.032680
Sample tb=284.49 K, log(mass)=-1.1712, 1/(kT)=40.778426, exponent=-3.4734, rmr=0.031010
Sample tb=278.34 K, log(mass)=-1.1712, 1/(kT)=41.679676, exponent=-3.8970, rmr=0.020302
Sample tb=279.72 K, log(mass)=-1.1712, 1/(kT)=41.473924, exponent=-3.8003, rmr=0.022363
MR results: 0 NA, 0 infinite, 0 negative, 0 zero
Energy calculations: 4352 non-zero gains, 11035 non-zero losses out of 11035 observations
Saved results to output/results/Eldo/1963/F/eb_results_MS_1963_Eldo_B1.rds

Processing: Species=MS, Year=1964, Origin=Eldo, Climate=B1, Sex=F
Looking for climate data at: /mmfs1/gscratch/biology/jmsmith/targeted_microclimate/B1/simplified_B1_1964.rds
Directory /mmfs1/gscratch/biology/jmsmith/targeted_microclimate/B1 exists. Contents:
simplified_B1_1945.rds
simplified_B1_1946.rds
simplified_B1_1947.rds
simplified_B1_1948.rds
simplified_B1_1949.rds
simplified_B1_1950.rds
simplified_B1_1951.rds
simplified_B1_1952.rds
simplified_B1_1953.rds
simplified_B1_1954.rds
simplified_B1_1955.rds
simplified_B1_1956.rds
simplified_B1_1957.rds
simplified_B1_1958.rds
simplified_B1_1959.rds
simplified_B1_1960.rds
simplified_B1_1961.rds
simplified_B1_1962.rds
simplified_B1_1963.rds
simplified_B1_1964.rds
simplified_B1_2005.rds
simplified_B1_2006.rds
simplified_B1_2007.rds
simplified_B1_2008.rds
simplified_B1_2009.rds
simplified_B1_2010.rds
simplified_B1_2011.rds
simplified_B1_2012.rds
simplified_B1_2013.rds
simplified_B1_2014.rds
simplified_B1_2015.rds
simplified_B1_2016.rds
simplified_B1_2017.rds
simplified_B1_2018.rds
simplified_B1_2019.rds
simplified_B1_2020.rds
simplified_B1_2021.rds
simplified_B1_2022.rds
simplified_B1_2023.rds
simplified_B1_2024.rds
Processing batch 1/12 (rows 1-1000)
  Calculated 1000 temperatures. Range: -4.76 to 60.00
Processing batch 2/12 (rows 1001-2000)
  Calculated 1000 temperatures. Range: -1.88 to 58.58
Processing batch 3/12 (rows 2001-3000)
  Calculated 1000 temperatures. Range: -3.43 to 50.34
Processing batch 4/12 (rows 3001-4000)
  Calculated 1000 temperatures. Range: 3.05 to 48.74
Processing batch 5/12 (rows 4001-5000)
  Calculated 1000 temperatures. Range: -3.61 to 47.41
Processing batch 6/12 (rows 5001-6000)
  Calculated 1000 temperatures. Range: 2.40 to 50.20
Processing batch 7/12 (rows 6001-7000)
  Calculated 1000 temperatures. Range: -4.39 to 47.48
Processing batch 8/12 (rows 7001-8000)
  Calculated 1000 temperatures. Range: -0.28 to 18.72
Processing batch 9/12 (rows 8001-9000)
  Calculated 1000 temperatures. Range: -3.31 to 19.77
Processing batch 10/12 (rows 9001-10000)
  Calculated 1000 temperatures. Range: 0.36 to 22.07
Processing batch 11/12 (rows 10001-11000)
  Calculated 1000 temperatures. Range: 0.29 to 21.85
Processing batch 12/12 (rows 11001-11035)
  Calculated 35 temperatures. Range: 0.71 to 18.83
Total observations: 11035, Unique timestamps: 2207
MR parameters: mass=0.31, elev=1740.0, b0=16.50, b1=0.85, b2=-0.47, b3=0.000108
Sample tb=281.43 K, log(mass)=-1.1712, 1/(kT)=41.221889, exponent=-3.6819, rmr=0.025176
Sample tb=289.10 K, log(mass)=-1.1712, 1/(kT)=40.127697, exponent=-3.1676, rmr=0.042104
Sample tb=284.88 K, log(mass)=-1.1712, 1/(kT)=40.722858, exponent=-3.4473, rmr=0.031831
Sample tb=278.62 K, log(mass)=-1.1712, 1/(kT)=41.636608, exponent=-3.8768, rmr=0.020717
Sample tb=274.01 K, log(mass)=-1.1712, 1/(kT)=42.337315, exponent=-4.2061, rmr=0.014904
MR results: 0 NA, 0 infinite, 0 negative, 0 zero
Energy calculations: 4153 non-zero gains, 11035 non-zero losses out of 11035 observations
Saved results to output/results/Eldo/1964/F/eb_results_MS_1964_Eldo_B1.rds

All years processed.
