Arguments received:
Species: MB
Years: 1945, 1946, 1947, 1948, 1949, 1950, 1951, 1952, 1953, 1954, 1955, 1956, 1957, 1958, 1959, 1960, 1961, 1962, 1963, 1964
Origin site: B1
Climate site: A1
Sex: M
Output directory: output/results/B1
Library paths:
[1] "/gscratch/biology/jmsmith/R"                          
[2] "/mmfs1/home/smithju/R/x86_64-pc-linux-gnu-library/4.4"
[3] "/usr/local/lib/R/site-library"                        
[4] "/usr/local/lib/R/library"                             
Package tidyverse loaded successfully
Package TrenchR loaded successfully
Package rTPC loaded successfully
Package lubridate loaded successfully

Processing: Species=MB, Year=1945, Origin=B1, Climate=A1, Sex=M
Looking for climate data at: /mmfs1/gscratch/biology/jmsmith/targeted_microclimate/A1/simplified_A1_1945.rds
Directory /mmfs1/gscratch/biology/jmsmith/targeted_microclimate/A1 exists. Contents:
simplified_A1_1945.rds
simplified_A1_1946.rds
simplified_A1_1947.rds
simplified_A1_1948.rds
simplified_A1_1949.rds
simplified_A1_1950.rds
simplified_A1_1951.rds
simplified_A1_1952.rds
simplified_A1_1953.rds
simplified_A1_1954.rds
simplified_A1_1955.rds
simplified_A1_1956.rds
simplified_A1_1957.rds
simplified_A1_1958.rds
simplified_A1_1959.rds
simplified_A1_1960.rds
simplified_A1_1961.rds
simplified_A1_1962.rds
simplified_A1_1963.rds
simplified_A1_1964.rds
simplified_A1_2005.rds
simplified_A1_2006.rds
simplified_A1_2007.rds
simplified_A1_2008.rds
simplified_A1_2009.rds
simplified_A1_2010.rds
simplified_A1_2011.rds
simplified_A1_2012.rds
simplified_A1_2013.rds
simplified_A1_2014.rds
simplified_A1_2015.rds
simplified_A1_2016.rds
simplified_A1_2017.rds
simplified_A1_2018.rds
simplified_A1_2019.rds
simplified_A1_2020.rds
simplified_A1_2021.rds
simplified_A1_2022.rds
simplified_A1_2023.rds
simplified_A1_2024.rds
Processing batch 1/12 (rows 1-1000)
  Calculated 1000 temperatures. Range: -6.06 to 42.86
Processing batch 2/12 (rows 1001-2000)
  Calculated 1000 temperatures. Range: 5.29 to 50.70
Processing batch 3/12 (rows 2001-3000)
  Calculated 1000 temperatures. Range: -4.59 to 41.47
Processing batch 4/12 (rows 3001-4000)
  Calculated 1000 temperatures. Range: 5.96 to 41.84
Processing batch 5/12 (rows 4001-5000)
  Calculated 1000 temperatures. Range: -4.63 to 40.61
Processing batch 6/12 (rows 5001-6000)
  Calculated 1000 temperatures. Range: 4.53 to 41.75
Processing batch 7/12 (rows 6001-7000)
  Calculated 1000 temperatures. Range: -3.48 to 40.25
Processing batch 8/12 (rows 7001-8000)
  Calculated 1000 temperatures. Range: -4.57 to 19.53
Processing batch 9/12 (rows 8001-9000)
  Calculated 1000 temperatures. Range: 2.87 to 20.28
Processing batch 10/12 (rows 9001-10000)
  Calculated 1000 temperatures. Range: -3.78 to 22.19
Processing batch 11/12 (rows 10001-11000)
  Calculated 1000 temperatures. Range: 7.09 to 23.64
Processing batch 12/12 (rows 11001-11035)
  Calculated 35 temperatures. Range: 9.34 to 21.87
Total observations: 11035, Unique timestamps: 2207
MR parameters: mass=0.28, elev=2591.0, b0=17.10, b1=0.98, b2=-0.48, b3=0.000124
Sample tb=293.01 K, log(mass)=-1.2730, 1/(kT)=39.592033, exponent=-2.8304, rmr=0.058989
Sample tb=293.42 K, log(mass)=-1.2730, 1/(kT)=39.536921, exponent=-2.8039, rmr=0.060571
Sample tb=285.08 K, log(mass)=-1.2730, 1/(kT)=40.693638, exponent=-3.3592, rmr=0.034764
Sample tb=291.72 K, log(mass)=-1.2730, 1/(kT)=39.767948, exponent=-2.9148, rmr=0.054213
Sample tb=284.13 K, log(mass)=-1.2730, 1/(kT)=40.829904, exponent=-3.4246, rmr=0.032563
MR results: 0 NA, 0 infinite, 0 negative, 0 zero
Energy calculations: 5709 non-zero gains, 11035 non-zero losses out of 11035 observations
Saved results to output/results/B1/1945/M/eb_results_MB_1945_B1_A1.rds

Processing: Species=MB, Year=1946, Origin=B1, Climate=A1, Sex=M
Looking for climate data at: /mmfs1/gscratch/biology/jmsmith/targeted_microclimate/A1/simplified_A1_1946.rds
Directory /mmfs1/gscratch/biology/jmsmith/targeted_microclimate/A1 exists. Contents:
simplified_A1_1945.rds
simplified_A1_1946.rds
simplified_A1_1947.rds
simplified_A1_1948.rds
simplified_A1_1949.rds
simplified_A1_1950.rds
simplified_A1_1951.rds
simplified_A1_1952.rds
simplified_A1_1953.rds
simplified_A1_1954.rds
simplified_A1_1955.rds
simplified_A1_1956.rds
simplified_A1_1957.rds
simplified_A1_1958.rds
simplified_A1_1959.rds
simplified_A1_1960.rds
simplified_A1_1961.rds
simplified_A1_1962.rds
simplified_A1_1963.rds
simplified_A1_1964.rds
simplified_A1_2005.rds
simplified_A1_2006.rds
simplified_A1_2007.rds
simplified_A1_2008.rds
simplified_A1_2009.rds
simplified_A1_2010.rds
simplified_A1_2011.rds
simplified_A1_2012.rds
simplified_A1_2013.rds
simplified_A1_2014.rds
simplified_A1_2015.rds
simplified_A1_2016.rds
simplified_A1_2017.rds
simplified_A1_2018.rds
simplified_A1_2019.rds
simplified_A1_2020.rds
simplified_A1_2021.rds
simplified_A1_2022.rds
simplified_A1_2023.rds
simplified_A1_2024.rds
Processing batch 1/12 (rows 1-1000)
  Calculated 1000 temperatures. Range: -0.90 to 47.58
Processing batch 2/12 (rows 1001-2000)
  Calculated 1000 temperatures. Range: 5.86 to 51.48
Processing batch 3/12 (rows 2001-3000)
  Calculated 1000 temperatures. Range: 0.83 to 39.88
Processing batch 4/12 (rows 3001-4000)
  Calculated 1000 temperatures. Range: 6.84 to 44.05
Processing batch 5/12 (rows 4001-5000)
  Calculated 1000 temperatures. Range: 0.70 to 37.43
Processing batch 6/12 (rows 5001-6000)
  Calculated 1000 temperatures. Range: 4.08 to 43.45
Processing batch 7/12 (rows 6001-7000)
  Calculated 1000 temperatures. Range: 1.86 to 40.81
Processing batch 8/12 (rows 7001-8000)
  Calculated 1000 temperatures. Range: 0.57 to 20.95
Processing batch 9/12 (rows 8001-9000)
  Calculated 1000 temperatures. Range: 2.87 to 22.86
Processing batch 10/12 (rows 9001-10000)
  Calculated 1000 temperatures. Range: 1.61 to 25.43
Processing batch 11/12 (rows 10001-11000)
  Calculated 1000 temperatures. Range: 6.56 to 24.30
Processing batch 12/12 (rows 11001-11035)
  Calculated 35 temperatures. Range: 6.60 to 17.88
Total observations: 11035, Unique timestamps: 2207
MR parameters: mass=0.28, elev=2591.0, b0=17.10, b1=0.98, b2=-0.48, b3=0.000124
Sample tb=301.48 K, log(mass)=-1.2730, 1/(kT)=38.480033, exponent=-2.2966, rmr=0.100596
Sample tb=281.17 K, log(mass)=-1.2730, 1/(kT)=41.259502, exponent=-3.6308, rmr=0.026495
Sample tb=280.03 K, log(mass)=-1.2730, 1/(kT)=41.427596, exponent=-3.7115, rmr=0.024442
Sample tb=289.80 K, log(mass)=-1.2730, 1/(kT)=40.031266, exponent=-3.0412, rmr=0.047776
Sample tb=300.07 K, log(mass)=-1.2730, 1/(kT)=38.660485, exponent=-2.3833, rmr=0.092250
MR results: 0 NA, 0 infinite, 0 negative, 0 zero
Energy calculations: 6216 non-zero gains, 11035 non-zero losses out of 11035 observations
Saved results to output/results/B1/1946/M/eb_results_MB_1946_B1_A1.rds

Processing: Species=MB, Year=1947, Origin=B1, Climate=A1, Sex=M
Looking for climate data at: /mmfs1/gscratch/biology/jmsmith/targeted_microclimate/A1/simplified_A1_1947.rds
Directory /mmfs1/gscratch/biology/jmsmith/targeted_microclimate/A1 exists. Contents:
simplified_A1_1945.rds
simplified_A1_1946.rds
simplified_A1_1947.rds
simplified_A1_1948.rds
simplified_A1_1949.rds
simplified_A1_1950.rds
simplified_A1_1951.rds
simplified_A1_1952.rds
simplified_A1_1953.rds
simplified_A1_1954.rds
simplified_A1_1955.rds
simplified_A1_1956.rds
simplified_A1_1957.rds
simplified_A1_1958.rds
simplified_A1_1959.rds
simplified_A1_1960.rds
simplified_A1_1961.rds
simplified_A1_1962.rds
simplified_A1_1963.rds
simplified_A1_1964.rds
simplified_A1_2005.rds
simplified_A1_2006.rds
simplified_A1_2007.rds
simplified_A1_2008.rds
simplified_A1_2009.rds
simplified_A1_2010.rds
simplified_A1_2011.rds
simplified_A1_2012.rds
simplified_A1_2013.rds
simplified_A1_2014.rds
simplified_A1_2015.rds
simplified_A1_2016.rds
simplified_A1_2017.rds
simplified_A1_2018.rds
simplified_A1_2019.rds
simplified_A1_2020.rds
simplified_A1_2021.rds
simplified_A1_2022.rds
simplified_A1_2023.rds
simplified_A1_2024.rds
Processing batch 1/12 (rows 1-1000)
  Calculated 1000 temperatures. Range: -5.39 to 46.29
Processing batch 2/12 (rows 1001-2000)
  Calculated 1000 temperatures. Range: 5.48 to 48.73
Processing batch 3/12 (rows 2001-3000)
  Calculated 1000 temperatures. Range: -3.85 to 41.55
Processing batch 4/12 (rows 3001-4000)
  Calculated 1000 temperatures. Range: 6.94 to 41.60
Processing batch 5/12 (rows 4001-5000)
  Calculated 1000 temperatures. Range: -4.08 to 36.33
Processing batch 6/12 (rows 5001-6000)
  Calculated 1000 temperatures. Range: 4.44 to 40.53
Processing batch 7/12 (rows 6001-7000)
  Calculated 1000 temperatures. Range: -4.41 to 38.79
Processing batch 8/12 (rows 7001-8000)
  Calculated 1000 temperatures. Range: 2.38 to 19.32
Processing batch 9/12 (rows 8001-9000)
  Calculated 1000 temperatures. Range: 3.32 to 21.09
Processing batch 10/12 (rows 9001-10000)
  Calculated 1000 temperatures. Range: -3.41 to 23.38
Processing batch 11/12 (rows 10001-11000)
  Calculated 1000 temperatures. Range: 7.09 to 24.32
Processing batch 12/12 (rows 11001-11035)
  Calculated 35 temperatures. Range: 9.26 to 20.24
Total observations: 11035, Unique timestamps: 2207
MR parameters: mass=0.28, elev=2591.0, b0=17.10, b1=0.98, b2=-0.48, b3=0.000124
Sample tb=283.99 K, log(mass)=-1.2730, 1/(kT)=40.849905, exponent=-3.4342, rmr=0.032252
Sample tb=293.54 K, log(mass)=-1.2730, 1/(kT)=39.521087, exponent=-2.7963, rmr=0.061033
Sample tb=296.68 K, log(mass)=-1.2730, 1/(kT)=39.102209, exponent=-2.5953, rmr=0.074625
Sample tb=295.24 K, log(mass)=-1.2730, 1/(kT)=39.292966, exponent=-2.6868, rmr=0.068095
Sample tb=304.15 K, log(mass)=-1.2730, 1/(kT)=38.141552, exponent=-2.1342, rmr=0.118343
MR results: 0 NA, 0 infinite, 0 negative, 0 zero
Energy calculations: 5918 non-zero gains, 11035 non-zero losses out of 11035 observations
Saved results to output/results/B1/1947/M/eb_results_MB_1947_B1_A1.rds

Processing: Species=MB, Year=1948, Origin=B1, Climate=A1, Sex=M
Looking for climate data at: /mmfs1/gscratch/biology/jmsmith/targeted_microclimate/A1/simplified_A1_1948.rds
Directory /mmfs1/gscratch/biology/jmsmith/targeted_microclimate/A1 exists. Contents:
simplified_A1_1945.rds
simplified_A1_1946.rds
simplified_A1_1947.rds
simplified_A1_1948.rds
simplified_A1_1949.rds
simplified_A1_1950.rds
simplified_A1_1951.rds
simplified_A1_1952.rds
simplified_A1_1953.rds
simplified_A1_1954.rds
simplified_A1_1955.rds
simplified_A1_1956.rds
simplified_A1_1957.rds
simplified_A1_1958.rds
simplified_A1_1959.rds
simplified_A1_1960.rds
simplified_A1_1961.rds
simplified_A1_1962.rds
simplified_A1_1963.rds
simplified_A1_1964.rds
simplified_A1_2005.rds
simplified_A1_2006.rds
simplified_A1_2007.rds
simplified_A1_2008.rds
simplified_A1_2009.rds
simplified_A1_2010.rds
simplified_A1_2011.rds
simplified_A1_2012.rds
simplified_A1_2013.rds
simplified_A1_2014.rds
simplified_A1_2015.rds
simplified_A1_2016.rds
simplified_A1_2017.rds
simplified_A1_2018.rds
simplified_A1_2019.rds
simplified_A1_2020.rds
simplified_A1_2021.rds
simplified_A1_2022.rds
simplified_A1_2023.rds
simplified_A1_2024.rds
Processing batch 1/12 (rows 1-1000)
  Calculated 1000 temperatures. Range: 2.92 to 51.13
Processing batch 2/12 (rows 1001-2000)
  Calculated 1000 temperatures. Range: 3.47 to 49.96
Processing batch 3/12 (rows 2001-3000)
  Calculated 1000 temperatures. Range: 4.01 to 49.67
Processing batch 4/12 (rows 3001-4000)
  Calculated 1000 temperatures. Range: 6.08 to 43.70
Processing batch 5/12 (rows 4001-5000)
  Calculated 1000 temperatures. Range: 4.64 to 43.06
Processing batch 6/12 (rows 5001-6000)
  Calculated 1000 temperatures. Range: 4.57 to 42.84
Processing batch 7/12 (rows 6001-7000)
  Calculated 1000 temperatures. Range: 4.52 to 41.53
Processing batch 8/12 (rows 7001-8000)
  Calculated 1000 temperatures. Range: 3.94 to 19.45
Processing batch 9/12 (rows 8001-9000)
  Calculated 1000 temperatures. Range: 4.73 to 21.81
Processing batch 10/12 (rows 9001-10000)
  Calculated 1000 temperatures. Range: 5.41 to 23.68
Processing batch 11/12 (rows 10001-11000)
  Calculated 1000 temperatures. Range: 6.85 to 24.68
Processing batch 12/12 (rows 11001-11035)
  Calculated 35 temperatures. Range: 8.54 to 24.69
Total observations: 11035, Unique timestamps: 2207
MR parameters: mass=0.28, elev=2591.0, b0=17.10, b1=0.98, b2=-0.48, b3=0.000124
Sample tb=279.64 K, log(mass)=-1.2730, 1/(kT)=41.484607, exponent=-3.7388, rmr=0.023782
Sample tb=291.66 K, log(mass)=-1.2730, 1/(kT)=39.775378, exponent=-2.9184, rmr=0.054020
Sample tb=298.84 K, log(mass)=-1.2730, 1/(kT)=38.820084, exponent=-2.4599, rmr=0.085447
Sample tb=292.68 K, log(mass)=-1.2730, 1/(kT)=39.636674, exponent=-2.8518, rmr=0.057739
Sample tb=283.75 K, log(mass)=-1.2730, 1/(kT)=40.884319, exponent=-3.4507, rmr=0.031724
MR results: 0 NA, 0 infinite, 0 negative, 0 zero
Energy calculations: 6033 non-zero gains, 11035 non-zero losses out of 11035 observations
Saved results to output/results/B1/1948/M/eb_results_MB_1948_B1_A1.rds

Processing: Species=MB, Year=1949, Origin=B1, Climate=A1, Sex=M
Looking for climate data at: /mmfs1/gscratch/biology/jmsmith/targeted_microclimate/A1/simplified_A1_1949.rds
Directory /mmfs1/gscratch/biology/jmsmith/targeted_microclimate/A1 exists. Contents:
simplified_A1_1945.rds
simplified_A1_1946.rds
simplified_A1_1947.rds
simplified_A1_1948.rds
simplified_A1_1949.rds
simplified_A1_1950.rds
simplified_A1_1951.rds
simplified_A1_1952.rds
simplified_A1_1953.rds
simplified_A1_1954.rds
simplified_A1_1955.rds
simplified_A1_1956.rds
simplified_A1_1957.rds
simplified_A1_1958.rds
simplified_A1_1959.rds
simplified_A1_1960.rds
simplified_A1_1961.rds
simplified_A1_1962.rds
simplified_A1_1963.rds
simplified_A1_1964.rds
simplified_A1_2005.rds
simplified_A1_2006.rds
simplified_A1_2007.rds
simplified_A1_2008.rds
simplified_A1_2009.rds
simplified_A1_2010.rds
simplified_A1_2011.rds
simplified_A1_2012.rds
simplified_A1_2013.rds
simplified_A1_2014.rds
simplified_A1_2015.rds
simplified_A1_2016.rds
simplified_A1_2017.rds
simplified_A1_2018.rds
simplified_A1_2019.rds
simplified_A1_2020.rds
simplified_A1_2021.rds
simplified_A1_2022.rds
simplified_A1_2023.rds
simplified_A1_2024.rds
Processing batch 1/12 (rows 1-1000)
  Calculated 1000 temperatures. Range: -0.09 to 56.82
Processing batch 2/12 (rows 1001-2000)
  Calculated 1000 temperatures. Range: 3.78 to 56.01
Processing batch 3/12 (rows 2001-3000)
  Calculated 1000 temperatures. Range: 1.93 to 44.49
Processing batch 4/12 (rows 3001-4000)
  Calculated 1000 temperatures. Range: 7.53 to 40.21
Processing batch 5/12 (rows 4001-5000)
  Calculated 1000 temperatures. Range: 1.39 to 45.74
Processing batch 6/12 (rows 5001-6000)
  Calculated 1000 temperatures. Range: 5.54 to 38.35
Processing batch 7/12 (rows 6001-7000)
  Calculated 1000 temperatures. Range: 1.14 to 39.85
Processing batch 8/12 (rows 7001-8000)
  Calculated 1000 temperatures. Range: 4.79 to 20.28
Processing batch 9/12 (rows 8001-9000)
  Calculated 1000 temperatures. Range: 2.65 to 19.91
Processing batch 10/12 (rows 9001-10000)
  Calculated 1000 temperatures. Range: 6.47 to 24.64
Processing batch 11/12 (rows 10001-11000)
  Calculated 1000 temperatures. Range: 6.76 to 25.11
Processing batch 12/12 (rows 11001-11035)
  Calculated 35 temperatures. Range: 7.54 to 17.82
Total observations: 11035, Unique timestamps: 2207
MR parameters: mass=0.28, elev=2591.0, b0=17.10, b1=0.98, b2=-0.48, b3=0.000124
Sample tb=300.47 K, log(mass)=-1.2730, 1/(kT)=38.608826, exponent=-2.3585, rmr=0.094566
Sample tb=298.74 K, log(mass)=-1.2730, 1/(kT)=38.832636, exponent=-2.4659, rmr=0.084933
Sample tb=284.94 K, log(mass)=-1.2730, 1/(kT)=40.713373, exponent=-3.3686, rmr=0.034436
Sample tb=279.53 K, log(mass)=-1.2730, 1/(kT)=41.502144, exponent=-3.7473, rmr=0.023582
Sample tb=287.73 K, log(mass)=-1.2730, 1/(kT)=40.319078, exponent=-3.1794, rmr=0.041611
MR results: 0 NA, 0 infinite, 0 negative, 0 zero
Energy calculations: 6015 non-zero gains, 11035 non-zero losses out of 11035 observations
Saved results to output/results/B1/1949/M/eb_results_MB_1949_B1_A1.rds

Processing: Species=MB, Year=1950, Origin=B1, Climate=A1, Sex=M
Looking for climate data at: /mmfs1/gscratch/biology/jmsmith/targeted_microclimate/A1/simplified_A1_1950.rds
Directory /mmfs1/gscratch/biology/jmsmith/targeted_microclimate/A1 exists. Contents:
simplified_A1_1945.rds
simplified_A1_1946.rds
simplified_A1_1947.rds
simplified_A1_1948.rds
simplified_A1_1949.rds
simplified_A1_1950.rds
simplified_A1_1951.rds
simplified_A1_1952.rds
simplified_A1_1953.rds
simplified_A1_1954.rds
simplified_A1_1955.rds
simplified_A1_1956.rds
simplified_A1_1957.rds
simplified_A1_1958.rds
simplified_A1_1959.rds
simplified_A1_1960.rds
simplified_A1_1961.rds
simplified_A1_1962.rds
simplified_A1_1963.rds
simplified_A1_1964.rds
simplified_A1_2005.rds
simplified_A1_2006.rds
simplified_A1_2007.rds
simplified_A1_2008.rds
simplified_A1_2009.rds
simplified_A1_2010.rds
simplified_A1_2011.rds
simplified_A1_2012.rds
simplified_A1_2013.rds
simplified_A1_2014.rds
simplified_A1_2015.rds
simplified_A1_2016.rds
simplified_A1_2017.rds
simplified_A1_2018.rds
simplified_A1_2019.rds
simplified_A1_2020.rds
simplified_A1_2021.rds
simplified_A1_2022.rds
simplified_A1_2023.rds
simplified_A1_2024.rds
Processing batch 1/12 (rows 1-1000)
  Calculated 1000 temperatures. Range: -4.64 to 60.00
Processing batch 2/12 (rows 1001-2000)
  Calculated 1000 temperatures. Range: 3.72 to 50.25
Processing batch 3/12 (rows 2001-3000)
  Calculated 1000 temperatures. Range: -2.94 to 46.94
Processing batch 4/12 (rows 3001-4000)
  Calculated 1000 temperatures. Range: 6.03 to 42.41
Processing batch 5/12 (rows 4001-5000)
  Calculated 1000 temperatures. Range: -2.91 to 46.51
Processing batch 6/12 (rows 5001-6000)
  Calculated 1000 temperatures. Range: 5.36 to 40.28
Processing batch 7/12 (rows 6001-7000)
  Calculated 1000 temperatures. Range: -2.50 to 41.60
Processing batch 8/12 (rows 7001-8000)
  Calculated 1000 temperatures. Range: 4.26 to 19.51
Processing batch 9/12 (rows 8001-9000)
  Calculated 1000 temperatures. Range: -1.82 to 22.65
Processing batch 10/12 (rows 9001-10000)
  Calculated 1000 temperatures. Range: 1.03 to 23.80
Processing batch 11/12 (rows 10001-11000)
  Calculated 1000 temperatures. Range: 4.72 to 22.91
Processing batch 12/12 (rows 11001-11035)
  Calculated 35 temperatures. Range: 6.44 to 22.48
Total observations: 11035, Unique timestamps: 2207
MR parameters: mass=0.28, elev=2591.0, b0=17.10, b1=0.98, b2=-0.48, b3=0.000124
Sample tb=285.97 K, log(mass)=-1.2730, 1/(kT)=40.566761, exponent=-3.2983, rmr=0.036947
Sample tb=279.38 K, log(mass)=-1.2730, 1/(kT)=41.523377, exponent=-3.7574, rmr=0.023343
Sample tb=296.31 K, log(mass)=-1.2730, 1/(kT)=39.151240, exponent=-2.6188, rmr=0.072889
Sample tb=283.92 K, log(mass)=-1.2730, 1/(kT)=40.859504, exponent=-3.4388, rmr=0.032104
Sample tb=283.85 K, log(mass)=-1.2730, 1/(kT)=40.869933, exponent=-3.4438, rmr=0.031943
MR results: 0 NA, 0 infinite, 0 negative, 0 zero
Energy calculations: 5542 non-zero gains, 11035 non-zero losses out of 11035 observations
Saved results to output/results/B1/1950/M/eb_results_MB_1950_B1_A1.rds

Processing: Species=MB, Year=1951, Origin=B1, Climate=A1, Sex=M
Looking for climate data at: /mmfs1/gscratch/biology/jmsmith/targeted_microclimate/A1/simplified_A1_1951.rds
Directory /mmfs1/gscratch/biology/jmsmith/targeted_microclimate/A1 exists. Contents:
simplified_A1_1945.rds
simplified_A1_1946.rds
simplified_A1_1947.rds
simplified_A1_1948.rds
simplified_A1_1949.rds
simplified_A1_1950.rds
simplified_A1_1951.rds
simplified_A1_1952.rds
simplified_A1_1953.rds
simplified_A1_1954.rds
simplified_A1_1955.rds
simplified_A1_1956.rds
simplified_A1_1957.rds
simplified_A1_1958.rds
simplified_A1_1959.rds
simplified_A1_1960.rds
simplified_A1_1961.rds
simplified_A1_1962.rds
simplified_A1_1963.rds
simplified_A1_1964.rds
simplified_A1_2005.rds
simplified_A1_2006.rds
simplified_A1_2007.rds
simplified_A1_2008.rds
simplified_A1_2009.rds
simplified_A1_2010.rds
simplified_A1_2011.rds
simplified_A1_2012.rds
simplified_A1_2013.rds
simplified_A1_2014.rds
simplified_A1_2015.rds
simplified_A1_2016.rds
simplified_A1_2017.rds
simplified_A1_2018.rds
simplified_A1_2019.rds
simplified_A1_2020.rds
simplified_A1_2021.rds
simplified_A1_2022.rds
simplified_A1_2023.rds
simplified_A1_2024.rds
Processing batch 1/12 (rows 1-1000)
  Calculated 1000 temperatures. Range: -4.36 to 60.00
Processing batch 2/12 (rows 1001-2000)
  Calculated 1000 temperatures. Range: 4.82 to 48.99
Processing batch 3/12 (rows 2001-3000)
  Calculated 1000 temperatures. Range: -3.26 to 42.01
Processing batch 4/12 (rows 3001-4000)
  Calculated 1000 temperatures. Range: 6.77 to 50.24
Processing batch 5/12 (rows 4001-5000)
  Calculated 1000 temperatures. Range: -3.47 to 37.50
Processing batch 6/12 (rows 5001-6000)
  Calculated 1000 temperatures. Range: 4.69 to 45.16
Processing batch 7/12 (rows 6001-7000)
  Calculated 1000 temperatures. Range: -3.79 to 36.13
Processing batch 8/12 (rows 7001-8000)
  Calculated 1000 temperatures. Range: 3.72 to 21.48
Processing batch 9/12 (rows 8001-9000)
  Calculated 1000 temperatures. Range: -3.17 to 20.57
Processing batch 10/12 (rows 9001-10000)
  Calculated 1000 temperatures. Range: 2.26 to 25.74
Processing batch 11/12 (rows 10001-11000)
  Calculated 1000 temperatures. Range: 7.10 to 25.65
Processing batch 12/12 (rows 11001-11035)
  Calculated 35 temperatures. Range: 7.53 to 20.10
Total observations: 11035, Unique timestamps: 2207
MR parameters: mass=0.28, elev=2591.0, b0=17.10, b1=0.98, b2=-0.48, b3=0.000124
Sample tb=292.08 K, log(mass)=-1.2730, 1/(kT)=39.718969, exponent=-2.8913, rmr=0.055502
Sample tb=282.18 K, log(mass)=-1.2730, 1/(kT)=41.112111, exponent=-3.5600, rmr=0.028438
Sample tb=288.08 K, log(mass)=-1.2730, 1/(kT)=40.269905, exponent=-3.1558, rmr=0.042605
Sample tb=277.12 K, log(mass)=-1.2730, 1/(kT)=41.861809, exponent=-3.9199, rmr=0.019843
Sample tb=282.34 K, log(mass)=-1.2730, 1/(kT)=41.088800, exponent=-3.5488, rmr=0.028758
MR results: 0 NA, 0 infinite, 0 negative, 0 zero
Energy calculations: 5907 non-zero gains, 11035 non-zero losses out of 11035 observations
Saved results to output/results/B1/1951/M/eb_results_MB_1951_B1_A1.rds

Processing: Species=MB, Year=1952, Origin=B1, Climate=A1, Sex=M
Looking for climate data at: /mmfs1/gscratch/biology/jmsmith/targeted_microclimate/A1/simplified_A1_1952.rds
Directory /mmfs1/gscratch/biology/jmsmith/targeted_microclimate/A1 exists. Contents:
simplified_A1_1945.rds
simplified_A1_1946.rds
simplified_A1_1947.rds
simplified_A1_1948.rds
simplified_A1_1949.rds
simplified_A1_1950.rds
simplified_A1_1951.rds
simplified_A1_1952.rds
simplified_A1_1953.rds
simplified_A1_1954.rds
simplified_A1_1955.rds
simplified_A1_1956.rds
simplified_A1_1957.rds
simplified_A1_1958.rds
simplified_A1_1959.rds
simplified_A1_1960.rds
simplified_A1_1961.rds
simplified_A1_1962.rds
simplified_A1_1963.rds
simplified_A1_1964.rds
simplified_A1_2005.rds
simplified_A1_2006.rds
simplified_A1_2007.rds
simplified_A1_2008.rds
simplified_A1_2009.rds
simplified_A1_2010.rds
simplified_A1_2011.rds
simplified_A1_2012.rds
simplified_A1_2013.rds
simplified_A1_2014.rds
simplified_A1_2015.rds
simplified_A1_2016.rds
simplified_A1_2017.rds
simplified_A1_2018.rds
simplified_A1_2019.rds
simplified_A1_2020.rds
simplified_A1_2021.rds
simplified_A1_2022.rds
simplified_A1_2023.rds
simplified_A1_2024.rds
Processing batch 1/12 (rows 1-1000)
  Calculated 1000 temperatures. Range: 3.10 to 60.00
Processing batch 2/12 (rows 1001-2000)
  Calculated 1000 temperatures. Range: 6.15 to 60.00
Processing batch 3/12 (rows 2001-3000)
  Calculated 1000 temperatures. Range: 1.75 to 53.53
Processing batch 4/12 (rows 3001-4000)
  Calculated 1000 temperatures. Range: 5.26 to 49.54
Processing batch 5/12 (rows 4001-5000)
  Calculated 1000 temperatures. Range: 4.39 to 54.36
Processing batch 6/12 (rows 5001-6000)
  Calculated 1000 temperatures. Range: 4.83 to 41.19
Processing batch 7/12 (rows 6001-7000)
  Calculated 1000 temperatures. Range: 2.25 to 41.10
Processing batch 8/12 (rows 7001-8000)
  Calculated 1000 temperatures. Range: 3.58 to 20.06
Processing batch 9/12 (rows 8001-9000)
  Calculated 1000 temperatures. Range: 3.27 to 23.91
Processing batch 10/12 (rows 9001-10000)
  Calculated 1000 temperatures. Range: 5.01 to 25.24
Processing batch 11/12 (rows 10001-11000)
  Calculated 1000 temperatures. Range: 8.01 to 25.06
Processing batch 12/12 (rows 11001-11035)
  Calculated 35 temperatures. Range: 5.20 to 21.57
Total observations: 11035, Unique timestamps: 2207
MR parameters: mass=0.28, elev=2591.0, b0=17.10, b1=0.98, b2=-0.48, b3=0.000124
Sample tb=281.28 K, log(mass)=-1.2730, 1/(kT)=41.242763, exponent=-3.6227, rmr=0.026709
Sample tb=283.66 K, log(mass)=-1.2730, 1/(kT)=40.897182, exponent=-3.4569, rmr=0.031528
Sample tb=284.44 K, log(mass)=-1.2730, 1/(kT)=40.784961, exponent=-3.4030, rmr=0.033273
Sample tb=311.10 K, log(mass)=-1.2730, 1/(kT)=37.290369, exponent=-1.7256, rmr=0.178066
Sample tb=291.73 K, log(mass)=-1.2730, 1/(kT)=39.765989, exponent=-2.9139, rmr=0.054264
MR results: 0 NA, 0 infinite, 0 negative, 0 zero
Energy calculations: 6542 non-zero gains, 11035 non-zero losses out of 11035 observations
Saved results to output/results/B1/1952/M/eb_results_MB_1952_B1_A1.rds

Processing: Species=MB, Year=1953, Origin=B1, Climate=A1, Sex=M
Looking for climate data at: /mmfs1/gscratch/biology/jmsmith/targeted_microclimate/A1/simplified_A1_1953.rds
Directory /mmfs1/gscratch/biology/jmsmith/targeted_microclimate/A1 exists. Contents:
simplified_A1_1945.rds
simplified_A1_1946.rds
simplified_A1_1947.rds
simplified_A1_1948.rds
simplified_A1_1949.rds
simplified_A1_1950.rds
simplified_A1_1951.rds
simplified_A1_1952.rds
simplified_A1_1953.rds
simplified_A1_1954.rds
simplified_A1_1955.rds
simplified_A1_1956.rds
simplified_A1_1957.rds
simplified_A1_1958.rds
simplified_A1_1959.rds
simplified_A1_1960.rds
simplified_A1_1961.rds
simplified_A1_1962.rds
simplified_A1_1963.rds
simplified_A1_1964.rds
simplified_A1_2005.rds
simplified_A1_2006.rds
simplified_A1_2007.rds
simplified_A1_2008.rds
simplified_A1_2009.rds
simplified_A1_2010.rds
simplified_A1_2011.rds
simplified_A1_2012.rds
simplified_A1_2013.rds
simplified_A1_2014.rds
simplified_A1_2015.rds
simplified_A1_2016.rds
simplified_A1_2017.rds
simplified_A1_2018.rds
simplified_A1_2019.rds
simplified_A1_2020.rds
simplified_A1_2021.rds
simplified_A1_2022.rds
simplified_A1_2023.rds
simplified_A1_2024.rds
Processing batch 1/12 (rows 1-1000)
  Calculated 1000 temperatures. Range: 0.78 to 50.22
Processing batch 2/12 (rows 1001-2000)
  Calculated 1000 temperatures. Range: 4.02 to 46.98
Processing batch 3/12 (rows 2001-3000)
  Calculated 1000 temperatures. Range: 3.16 to 43.53
Processing batch 4/12 (rows 3001-4000)
  Calculated 1000 temperatures. Range: 7.45 to 40.45
Processing batch 5/12 (rows 4001-5000)
  Calculated 1000 temperatures. Range: 2.61 to 38.30
Processing batch 6/12 (rows 5001-6000)
  Calculated 1000 temperatures. Range: 5.74 to 42.12
Processing batch 7/12 (rows 6001-7000)
  Calculated 1000 temperatures. Range: 2.32 to 37.50
Processing batch 8/12 (rows 7001-8000)
  Calculated 1000 temperatures. Range: 4.61 to 20.60
Processing batch 9/12 (rows 8001-9000)
  Calculated 1000 temperatures. Range: 3.97 to 19.99
Processing batch 10/12 (rows 9001-10000)
  Calculated 1000 temperatures. Range: 5.53 to 25.16
Processing batch 11/12 (rows 10001-11000)
  Calculated 1000 temperatures. Range: 6.41 to 24.76
Processing batch 12/12 (rows 11001-11035)
  Calculated 35 temperatures. Range: 8.64 to 21.58
Total observations: 11035, Unique timestamps: 2207
MR parameters: mass=0.28, elev=2591.0, b0=17.10, b1=0.98, b2=-0.48, b3=0.000124
Sample tb=281.73 K, log(mass)=-1.2730, 1/(kT)=41.176968, exponent=-3.5912, rmr=0.027566
Sample tb=287.24 K, log(mass)=-1.2730, 1/(kT)=40.388120, exponent=-3.2125, rmr=0.040255
Sample tb=310.87 K, log(mass)=-1.2730, 1/(kT)=37.317353, exponent=-1.7386, rmr=0.175775
Sample tb=282.63 K, log(mass)=-1.2730, 1/(kT)=41.046214, exponent=-3.5284, rmr=0.029352
Sample tb=290.15 K, log(mass)=-1.2730, 1/(kT)=39.982990, exponent=-3.0181, rmr=0.048896
MR results: 0 NA, 0 infinite, 0 negative, 0 zero
Energy calculations: 6609 non-zero gains, 11035 non-zero losses out of 11035 observations
Saved results to output/results/B1/1953/M/eb_results_MB_1953_B1_A1.rds

Processing: Species=MB, Year=1954, Origin=B1, Climate=A1, Sex=M
Looking for climate data at: /mmfs1/gscratch/biology/jmsmith/targeted_microclimate/A1/simplified_A1_1954.rds
Directory /mmfs1/gscratch/biology/jmsmith/targeted_microclimate/A1 exists. Contents:
simplified_A1_1945.rds
simplified_A1_1946.rds
simplified_A1_1947.rds
simplified_A1_1948.rds
simplified_A1_1949.rds
simplified_A1_1950.rds
simplified_A1_1951.rds
simplified_A1_1952.rds
simplified_A1_1953.rds
simplified_A1_1954.rds
simplified_A1_1955.rds
simplified_A1_1956.rds
simplified_A1_1957.rds
simplified_A1_1958.rds
simplified_A1_1959.rds
simplified_A1_1960.rds
simplified_A1_1961.rds
simplified_A1_1962.rds
simplified_A1_1963.rds
simplified_A1_1964.rds
simplified_A1_2005.rds
simplified_A1_2006.rds
simplified_A1_2007.rds
simplified_A1_2008.rds
simplified_A1_2009.rds
simplified_A1_2010.rds
simplified_A1_2011.rds
simplified_A1_2012.rds
simplified_A1_2013.rds
simplified_A1_2014.rds
simplified_A1_2015.rds
simplified_A1_2016.rds
simplified_A1_2017.rds
simplified_A1_2018.rds
simplified_A1_2019.rds
simplified_A1_2020.rds
simplified_A1_2021.rds
simplified_A1_2022.rds
simplified_A1_2023.rds
simplified_A1_2024.rds
Processing batch 1/12 (rows 1-1000)
  Calculated 1000 temperatures. Range: -2.57 to 60.00
Processing batch 2/12 (rows 1001-2000)
  Calculated 1000 temperatures. Range: 4.53 to 60.00
Processing batch 3/12 (rows 2001-3000)
  Calculated 1000 temperatures. Range: -0.19 to 57.88
Processing batch 4/12 (rows 3001-4000)
  Calculated 1000 temperatures. Range: 7.35 to 53.32
Processing batch 5/12 (rows 4001-5000)
  Calculated 1000 temperatures. Range: -0.51 to 53.62
Processing batch 6/12 (rows 5001-6000)
  Calculated 1000 temperatures. Range: 6.23 to 49.30
Processing batch 7/12 (rows 6001-7000)
  Calculated 1000 temperatures. Range: -0.12 to 38.60
Processing batch 8/12 (rows 7001-8000)
  Calculated 1000 temperatures. Range: 5.42 to 22.31
Processing batch 9/12 (rows 8001-9000)
  Calculated 1000 temperatures. Range: 1.15 to 23.09
Processing batch 10/12 (rows 9001-10000)
  Calculated 1000 temperatures. Range: 2.51 to 28.56
Processing batch 11/12 (rows 10001-11000)
  Calculated 1000 temperatures. Range: 6.36 to 26.02
Processing batch 12/12 (rows 11001-11035)
  Calculated 35 temperatures. Range: 8.61 to 23.81
Total observations: 11035, Unique timestamps: 2207
MR parameters: mass=0.28, elev=2591.0, b0=17.10, b1=0.98, b2=-0.48, b3=0.000124
Sample tb=287.21 K, log(mass)=-1.2730, 1/(kT)=40.391180, exponent=-3.2140, rmr=0.040196
Sample tb=294.67 K, log(mass)=-1.2730, 1/(kT)=39.368874, exponent=-2.7233, rmr=0.065659
Sample tb=303.88 K, log(mass)=-1.2730, 1/(kT)=38.176451, exponent=-2.1509, rmr=0.116377
Sample tb=301.03 K, log(mass)=-1.2730, 1/(kT)=38.537044, exponent=-2.3240, rmr=0.097881
Sample tb=273.23 K, log(mass)=-1.2730, 1/(kT)=42.458962, exponent=-4.2065, rmr=0.014898
MR results: 0 NA, 0 infinite, 0 negative, 0 zero
Energy calculations: 6848 non-zero gains, 11035 non-zero losses out of 11035 observations
Saved results to output/results/B1/1954/M/eb_results_MB_1954_B1_A1.rds

Processing: Species=MB, Year=1955, Origin=B1, Climate=A1, Sex=M
Looking for climate data at: /mmfs1/gscratch/biology/jmsmith/targeted_microclimate/A1/simplified_A1_1955.rds
Directory /mmfs1/gscratch/biology/jmsmith/targeted_microclimate/A1 exists. Contents:
simplified_A1_1945.rds
simplified_A1_1946.rds
simplified_A1_1947.rds
simplified_A1_1948.rds
simplified_A1_1949.rds
simplified_A1_1950.rds
simplified_A1_1951.rds
simplified_A1_1952.rds
simplified_A1_1953.rds
simplified_A1_1954.rds
simplified_A1_1955.rds
simplified_A1_1956.rds
simplified_A1_1957.rds
simplified_A1_1958.rds
simplified_A1_1959.rds
simplified_A1_1960.rds
simplified_A1_1961.rds
simplified_A1_1962.rds
simplified_A1_1963.rds
simplified_A1_1964.rds
simplified_A1_2005.rds
simplified_A1_2006.rds
simplified_A1_2007.rds
simplified_A1_2008.rds
simplified_A1_2009.rds
simplified_A1_2010.rds
simplified_A1_2011.rds
simplified_A1_2012.rds
simplified_A1_2013.rds
simplified_A1_2014.rds
simplified_A1_2015.rds
simplified_A1_2016.rds
simplified_A1_2017.rds
simplified_A1_2018.rds
simplified_A1_2019.rds
simplified_A1_2020.rds
simplified_A1_2021.rds
simplified_A1_2022.rds
simplified_A1_2023.rds
simplified_A1_2024.rds
Processing batch 1/12 (rows 1-1000)
  Calculated 1000 temperatures. Range: 0.62 to 60.00
Processing batch 2/12 (rows 1001-2000)
  Calculated 1000 temperatures. Range: 4.46 to 53.81
Processing batch 3/12 (rows 2001-3000)
  Calculated 1000 temperatures. Range: 2.31 to 50.99
Processing batch 4/12 (rows 3001-4000)
  Calculated 1000 temperatures. Range: 7.27 to 54.10
Processing batch 5/12 (rows 4001-5000)
  Calculated 1000 temperatures. Range: 1.94 to 43.11
Processing batch 6/12 (rows 5001-6000)
  Calculated 1000 temperatures. Range: 3.93 to 51.16
Processing batch 7/12 (rows 6001-7000)
  Calculated 1000 temperatures. Range: 1.50 to 42.12
Processing batch 8/12 (rows 7001-8000)
  Calculated 1000 temperatures. Range: 3.41 to 20.42
Processing batch 9/12 (rows 8001-9000)
  Calculated 1000 temperatures. Range: 2.75 to 21.84
Processing batch 10/12 (rows 9001-10000)
  Calculated 1000 temperatures. Range: 3.36 to 26.57
Processing batch 11/12 (rows 10001-11000)
  Calculated 1000 temperatures. Range: 6.07 to 24.73
Processing batch 12/12 (rows 11001-11035)
  Calculated 35 temperatures. Range: 6.32 to 22.21
Total observations: 11035, Unique timestamps: 2207
MR parameters: mass=0.28, elev=2591.0, b0=17.10, b1=0.98, b2=-0.48, b3=0.000124
Sample tb=290.20 K, log(mass)=-1.2730, 1/(kT)=39.975895, exponent=-3.0147, rmr=0.049063
Sample tb=286.80 K, log(mass)=-1.2730, 1/(kT)=40.449538, exponent=-3.2420, rmr=0.039086
Sample tb=286.91 K, log(mass)=-1.2730, 1/(kT)=40.433590, exponent=-3.2343, rmr=0.039386
Sample tb=284.36 K, log(mass)=-1.2730, 1/(kT)=40.795933, exponent=-3.4083, rmr=0.033098
Sample tb=279.37 K, log(mass)=-1.2730, 1/(kT)=41.525507, exponent=-3.7585, rmr=0.023319
MR results: 0 NA, 0 infinite, 0 negative, 0 zero
Energy calculations: 6363 non-zero gains, 11035 non-zero losses out of 11035 observations
Saved results to output/results/B1/1955/M/eb_results_MB_1955_B1_A1.rds

Processing: Species=MB, Year=1956, Origin=B1, Climate=A1, Sex=M
Looking for climate data at: /mmfs1/gscratch/biology/jmsmith/targeted_microclimate/A1/simplified_A1_1956.rds
Directory /mmfs1/gscratch/biology/jmsmith/targeted_microclimate/A1 exists. Contents:
simplified_A1_1945.rds
simplified_A1_1946.rds
simplified_A1_1947.rds
simplified_A1_1948.rds
simplified_A1_1949.rds
simplified_A1_1950.rds
simplified_A1_1951.rds
simplified_A1_1952.rds
simplified_A1_1953.rds
simplified_A1_1954.rds
simplified_A1_1955.rds
simplified_A1_1956.rds
simplified_A1_1957.rds
simplified_A1_1958.rds
simplified_A1_1959.rds
simplified_A1_1960.rds
simplified_A1_1961.rds
simplified_A1_1962.rds
simplified_A1_1963.rds
simplified_A1_1964.rds
simplified_A1_2005.rds
simplified_A1_2006.rds
simplified_A1_2007.rds
simplified_A1_2008.rds
simplified_A1_2009.rds
simplified_A1_2010.rds
simplified_A1_2011.rds
simplified_A1_2012.rds
simplified_A1_2013.rds
simplified_A1_2014.rds
simplified_A1_2015.rds
simplified_A1_2016.rds
simplified_A1_2017.rds
simplified_A1_2018.rds
simplified_A1_2019.rds
simplified_A1_2020.rds
simplified_A1_2021.rds
simplified_A1_2022.rds
simplified_A1_2023.rds
simplified_A1_2024.rds
Processing batch 1/12 (rows 1-1000)
  Calculated 1000 temperatures. Range: 2.48 to 60.00
Processing batch 2/12 (rows 1001-2000)
  Calculated 1000 temperatures. Range: 4.55 to 46.46
Processing batch 3/12 (rows 2001-3000)
  Calculated 1000 temperatures. Range: -0.56 to 50.54
Processing batch 4/12 (rows 3001-4000)
  Calculated 1000 temperatures. Range: 7.05 to 40.57
Processing batch 5/12 (rows 4001-5000)
  Calculated 1000 temperatures. Range: 1.36 to 43.00
Processing batch 6/12 (rows 5001-6000)
  Calculated 1000 temperatures. Range: 6.53 to 39.26
Processing batch 7/12 (rows 6001-7000)
  Calculated 1000 temperatures. Range: 1.08 to 37.57
Processing batch 8/12 (rows 7001-8000)
  Calculated 1000 temperatures. Range: 4.12 to 20.22
Processing batch 9/12 (rows 8001-9000)
  Calculated 1000 temperatures. Range: 1.37 to 22.22
Processing batch 10/12 (rows 9001-10000)
  Calculated 1000 temperatures. Range: 6.51 to 26.01
Processing batch 11/12 (rows 10001-11000)
  Calculated 1000 temperatures. Range: 6.69 to 23.79
Processing batch 12/12 (rows 11001-11035)
  Calculated 35 temperatures. Range: 2.45 to 19.57
Total observations: 11035, Unique timestamps: 2207
MR parameters: mass=0.28, elev=2591.0, b0=17.10, b1=0.98, b2=-0.48, b3=0.000124
Sample tb=289.31 K, log(mass)=-1.2730, 1/(kT)=40.098658, exponent=-3.0736, rmr=0.046255
Sample tb=281.68 K, log(mass)=-1.2730, 1/(kT)=41.184680, exponent=-3.5949, rmr=0.027464
Sample tb=282.63 K, log(mass)=-1.2730, 1/(kT)=41.046718, exponent=-3.5286, rmr=0.029345
Sample tb=280.01 K, log(mass)=-1.2730, 1/(kT)=41.429910, exponent=-3.7126, rmr=0.024414
Sample tb=285.89 K, log(mass)=-1.2730, 1/(kT)=40.577784, exponent=-3.3036, rmr=0.036752
MR results: 0 NA, 0 infinite, 0 negative, 0 zero
Energy calculations: 6213 non-zero gains, 11035 non-zero losses out of 11035 observations
Saved results to output/results/B1/1956/M/eb_results_MB_1956_B1_A1.rds

Processing: Species=MB, Year=1957, Origin=B1, Climate=A1, Sex=M
Looking for climate data at: /mmfs1/gscratch/biology/jmsmith/targeted_microclimate/A1/simplified_A1_1957.rds
Directory /mmfs1/gscratch/biology/jmsmith/targeted_microclimate/A1 exists. Contents:
simplified_A1_1945.rds
simplified_A1_1946.rds
simplified_A1_1947.rds
simplified_A1_1948.rds
simplified_A1_1949.rds
simplified_A1_1950.rds
simplified_A1_1951.rds
simplified_A1_1952.rds
simplified_A1_1953.rds
simplified_A1_1954.rds
simplified_A1_1955.rds
simplified_A1_1956.rds
simplified_A1_1957.rds
simplified_A1_1958.rds
simplified_A1_1959.rds
simplified_A1_1960.rds
simplified_A1_1961.rds
simplified_A1_1962.rds
simplified_A1_1963.rds
simplified_A1_1964.rds
simplified_A1_2005.rds
simplified_A1_2006.rds
simplified_A1_2007.rds
simplified_A1_2008.rds
simplified_A1_2009.rds
simplified_A1_2010.rds
simplified_A1_2011.rds
simplified_A1_2012.rds
simplified_A1_2013.rds
simplified_A1_2014.rds
simplified_A1_2015.rds
simplified_A1_2016.rds
simplified_A1_2017.rds
simplified_A1_2018.rds
simplified_A1_2019.rds
simplified_A1_2020.rds
simplified_A1_2021.rds
simplified_A1_2022.rds
simplified_A1_2023.rds
simplified_A1_2024.rds
Processing batch 1/12 (rows 1-1000)
  Calculated 1000 temperatures. Range: 0.83 to 60.00
Processing batch 2/12 (rows 1001-2000)
  Calculated 1000 temperatures. Range: 6.23 to 48.31
Processing batch 3/12 (rows 2001-3000)
  Calculated 1000 temperatures. Range: 2.78 to 46.61
Processing batch 4/12 (rows 3001-4000)
  Calculated 1000 temperatures. Range: 6.68 to 53.78
Processing batch 5/12 (rows 4001-5000)
  Calculated 1000 temperatures. Range: 2.26 to 37.80
Processing batch 6/12 (rows 5001-6000)
  Calculated 1000 temperatures. Range: 5.83 to 53.79
Processing batch 7/12 (rows 6001-7000)
  Calculated 1000 temperatures. Range: 2.44 to 36.79
Processing batch 8/12 (rows 7001-8000)
  Calculated 1000 temperatures. Range: 1.75 to 20.41
Processing batch 9/12 (rows 8001-9000)
  Calculated 1000 temperatures. Range: 4.82 to 21.75
Processing batch 10/12 (rows 9001-10000)
  Calculated 1000 temperatures. Range: 3.20 to 25.68
Processing batch 11/12 (rows 10001-11000)
  Calculated 1000 temperatures. Range: 7.04 to 24.15
Processing batch 12/12 (rows 11001-11035)
  Calculated 35 temperatures. Range: 8.13 to 17.67
Total observations: 11035, Unique timestamps: 2207
MR parameters: mass=0.28, elev=2591.0, b0=17.10, b1=0.98, b2=-0.48, b3=0.000124
Sample tb=289.39 K, log(mass)=-1.2730, 1/(kT)=40.087516, exponent=-3.0682, rmr=0.046503
Sample tb=285.27 K, log(mass)=-1.2730, 1/(kT)=40.667125, exponent=-3.3464, rmr=0.035209
Sample tb=287.70 K, log(mass)=-1.2730, 1/(kT)=40.322813, exponent=-3.1812, rmr=0.041537
Sample tb=283.29 K, log(mass)=-1.2730, 1/(kT)=40.951267, exponent=-3.4828, rmr=0.030720
Sample tb=276.38 K, log(mass)=-1.2730, 1/(kT)=41.974115, exponent=-3.9738, rmr=0.018802
MR results: 0 NA, 0 infinite, 0 negative, 0 zero
Energy calculations: 6396 non-zero gains, 11035 non-zero losses out of 11035 observations
Saved results to output/results/B1/1957/M/eb_results_MB_1957_B1_A1.rds

Processing: Species=MB, Year=1958, Origin=B1, Climate=A1, Sex=M
Looking for climate data at: /mmfs1/gscratch/biology/jmsmith/targeted_microclimate/A1/simplified_A1_1958.rds
Directory /mmfs1/gscratch/biology/jmsmith/targeted_microclimate/A1 exists. Contents:
simplified_A1_1945.rds
simplified_A1_1946.rds
simplified_A1_1947.rds
simplified_A1_1948.rds
simplified_A1_1949.rds
simplified_A1_1950.rds
simplified_A1_1951.rds
simplified_A1_1952.rds
simplified_A1_1953.rds
simplified_A1_1954.rds
simplified_A1_1955.rds
simplified_A1_1956.rds
simplified_A1_1957.rds
simplified_A1_1958.rds
simplified_A1_1959.rds
simplified_A1_1960.rds
simplified_A1_1961.rds
simplified_A1_1962.rds
simplified_A1_1963.rds
simplified_A1_1964.rds
simplified_A1_2005.rds
simplified_A1_2006.rds
simplified_A1_2007.rds
simplified_A1_2008.rds
simplified_A1_2009.rds
simplified_A1_2010.rds
simplified_A1_2011.rds
simplified_A1_2012.rds
simplified_A1_2013.rds
simplified_A1_2014.rds
simplified_A1_2015.rds
simplified_A1_2016.rds
simplified_A1_2017.rds
simplified_A1_2018.rds
simplified_A1_2019.rds
simplified_A1_2020.rds
simplified_A1_2021.rds
simplified_A1_2022.rds
simplified_A1_2023.rds
simplified_A1_2024.rds
Processing batch 1/12 (rows 1-1000)
  Calculated 1000 temperatures. Range: 2.27 to 50.41
Processing batch 2/12 (rows 1001-2000)
  Calculated 1000 temperatures. Range: 4.89 to 57.51
Processing batch 3/12 (rows 2001-3000)
  Calculated 1000 temperatures. Range: 3.29 to 42.84
Processing batch 4/12 (rows 3001-4000)
  Calculated 1000 temperatures. Range: 6.84 to 45.59
Processing batch 5/12 (rows 4001-5000)
  Calculated 1000 temperatures. Range: 3.95 to 37.69
Processing batch 6/12 (rows 5001-6000)
  Calculated 1000 temperatures. Range: 4.77 to 41.12
Processing batch 7/12 (rows 6001-7000)
  Calculated 1000 temperatures. Range: 3.18 to 41.35
Processing batch 8/12 (rows 7001-8000)
  Calculated 1000 temperatures. Range: 4.04 to 20.41
Processing batch 9/12 (rows 8001-9000)
  Calculated 1000 temperatures. Range: 4.42 to 24.37
Processing batch 10/12 (rows 9001-10000)
  Calculated 1000 temperatures. Range: 5.13 to 25.43
Processing batch 11/12 (rows 10001-11000)
  Calculated 1000 temperatures. Range: 6.99 to 25.17
Processing batch 12/12 (rows 11001-11035)
  Calculated 35 temperatures. Range: 6.18 to 20.96
Total observations: 11035, Unique timestamps: 2207
MR parameters: mass=0.28, elev=2591.0, b0=17.10, b1=0.98, b2=-0.48, b3=0.000124
Sample tb=291.93 K, log(mass)=-1.2730, 1/(kT)=39.739101, exponent=-2.9010, rmr=0.054969
Sample tb=281.54 K, log(mass)=-1.2730, 1/(kT)=41.205129, exponent=-3.6047, rmr=0.027196
Sample tb=293.71 K, log(mass)=-1.2730, 1/(kT)=39.498087, exponent=-2.7853, rmr=0.061710
Sample tb=294.43 K, log(mass)=-1.2730, 1/(kT)=39.400880, exponent=-2.7386, rmr=0.064658
Sample tb=288.25 K, log(mass)=-1.2730, 1/(kT)=40.246481, exponent=-3.1445, rmr=0.043087
MR results: 0 NA, 0 infinite, 0 negative, 0 zero
Energy calculations: 6125 non-zero gains, 11035 non-zero losses out of 11035 observations
Saved results to output/results/B1/1958/M/eb_results_MB_1958_B1_A1.rds

Processing: Species=MB, Year=1959, Origin=B1, Climate=A1, Sex=M
Looking for climate data at: /mmfs1/gscratch/biology/jmsmith/targeted_microclimate/A1/simplified_A1_1959.rds
Directory /mmfs1/gscratch/biology/jmsmith/targeted_microclimate/A1 exists. Contents:
simplified_A1_1945.rds
simplified_A1_1946.rds
simplified_A1_1947.rds
simplified_A1_1948.rds
simplified_A1_1949.rds
simplified_A1_1950.rds
simplified_A1_1951.rds
simplified_A1_1952.rds
simplified_A1_1953.rds
simplified_A1_1954.rds
simplified_A1_1955.rds
simplified_A1_1956.rds
simplified_A1_1957.rds
simplified_A1_1958.rds
simplified_A1_1959.rds
simplified_A1_1960.rds
simplified_A1_1961.rds
simplified_A1_1962.rds
simplified_A1_1963.rds
simplified_A1_1964.rds
simplified_A1_2005.rds
simplified_A1_2006.rds
simplified_A1_2007.rds
simplified_A1_2008.rds
simplified_A1_2009.rds
simplified_A1_2010.rds
simplified_A1_2011.rds
simplified_A1_2012.rds
simplified_A1_2013.rds
simplified_A1_2014.rds
simplified_A1_2015.rds
simplified_A1_2016.rds
simplified_A1_2017.rds
simplified_A1_2018.rds
simplified_A1_2019.rds
simplified_A1_2020.rds
simplified_A1_2021.rds
simplified_A1_2022.rds
simplified_A1_2023.rds
simplified_A1_2024.rds
Processing batch 1/12 (rows 1-1000)
  Calculated 1000 temperatures. Range: 0.62 to 49.08
Processing batch 2/12 (rows 1001-2000)
  Calculated 1000 temperatures. Range: 5.65 to 54.49
Processing batch 3/12 (rows 2001-3000)
  Calculated 1000 temperatures. Range: 2.14 to 44.62
Processing batch 4/12 (rows 3001-4000)
  Calculated 1000 temperatures. Range: 6.00 to 46.09
Processing batch 5/12 (rows 4001-5000)
  Calculated 1000 temperatures. Range: 1.87 to 40.60
Processing batch 6/12 (rows 5001-6000)
  Calculated 1000 temperatures. Range: 5.07 to 45.61
Processing batch 7/12 (rows 6001-7000)
  Calculated 1000 temperatures. Range: 2.04 to 44.60
Processing batch 8/12 (rows 7001-8000)
  Calculated 1000 temperatures. Range: 4.55 to 20.54
Processing batch 9/12 (rows 8001-9000)
  Calculated 1000 temperatures. Range: 2.95 to 23.55
Processing batch 10/12 (rows 9001-10000)
  Calculated 1000 temperatures. Range: 5.73 to 24.01
Processing batch 11/12 (rows 10001-11000)
  Calculated 1000 temperatures. Range: 7.65 to 24.87
Processing batch 12/12 (rows 11001-11035)
  Calculated 35 temperatures. Range: 7.81 to 22.26
Total observations: 11035, Unique timestamps: 2207
MR parameters: mass=0.28, elev=2591.0, b0=17.10, b1=0.98, b2=-0.48, b3=0.000124
Sample tb=307.33 K, log(mass)=-1.2730, 1/(kT)=37.747121, exponent=-1.9448, rmr=0.143010
Sample tb=286.32 K, log(mass)=-1.2730, 1/(kT)=40.517030, exponent=-3.2744, rmr=0.037840
Sample tb=303.37 K, log(mass)=-1.2730, 1/(kT)=38.240346, exponent=-2.1816, rmr=0.112862
Sample tb=288.12 K, log(mass)=-1.2730, 1/(kT)=40.264148, exponent=-3.1530, rmr=0.042723
Sample tb=293.95 K, log(mass)=-1.2730, 1/(kT)=39.465222, exponent=-2.7695, rmr=0.062692
MR results: 0 NA, 0 infinite, 0 negative, 0 zero
Energy calculations: 6568 non-zero gains, 11035 non-zero losses out of 11035 observations
Saved results to output/results/B1/1959/M/eb_results_MB_1959_B1_A1.rds

Processing: Species=MB, Year=1960, Origin=B1, Climate=A1, Sex=M
Looking for climate data at: /mmfs1/gscratch/biology/jmsmith/targeted_microclimate/A1/simplified_A1_1960.rds
Directory /mmfs1/gscratch/biology/jmsmith/targeted_microclimate/A1 exists. Contents:
simplified_A1_1945.rds
simplified_A1_1946.rds
simplified_A1_1947.rds
simplified_A1_1948.rds
simplified_A1_1949.rds
simplified_A1_1950.rds
simplified_A1_1951.rds
simplified_A1_1952.rds
simplified_A1_1953.rds
simplified_A1_1954.rds
simplified_A1_1955.rds
simplified_A1_1956.rds
simplified_A1_1957.rds
simplified_A1_1958.rds
simplified_A1_1959.rds
simplified_A1_1960.rds
simplified_A1_1961.rds
simplified_A1_1962.rds
simplified_A1_1963.rds
simplified_A1_1964.rds
simplified_A1_2005.rds
simplified_A1_2006.rds
simplified_A1_2007.rds
simplified_A1_2008.rds
simplified_A1_2009.rds
simplified_A1_2010.rds
simplified_A1_2011.rds
simplified_A1_2012.rds
simplified_A1_2013.rds
simplified_A1_2014.rds
simplified_A1_2015.rds
simplified_A1_2016.rds
simplified_A1_2017.rds
simplified_A1_2018.rds
simplified_A1_2019.rds
simplified_A1_2020.rds
simplified_A1_2021.rds
simplified_A1_2022.rds
simplified_A1_2023.rds
simplified_A1_2024.rds
Processing batch 1/12 (rows 1-1000)
  Calculated 1000 temperatures. Range: 2.43 to 58.46
Processing batch 2/12 (rows 1001-2000)
  Calculated 1000 temperatures. Range: 1.12 to 50.71
Processing batch 3/12 (rows 2001-3000)
  Calculated 1000 temperatures. Range: 2.22 to 54.67
Processing batch 4/12 (rows 3001-4000)
  Calculated 1000 temperatures. Range: 6.65 to 43.01
Processing batch 5/12 (rows 4001-5000)
  Calculated 1000 temperatures. Range: 3.72 to 44.60
Processing batch 6/12 (rows 5001-6000)
  Calculated 1000 temperatures. Range: 5.62 to 42.28
Processing batch 7/12 (rows 6001-7000)
  Calculated 1000 temperatures. Range: 2.98 to 39.06
Processing batch 8/12 (rows 7001-8000)
  Calculated 1000 temperatures. Range: 3.47 to 21.26
Processing batch 9/12 (rows 8001-9000)
  Calculated 1000 temperatures. Range: 2.31 to 22.53
Processing batch 10/12 (rows 9001-10000)
  Calculated 1000 temperatures. Range: 5.04 to 26.07
Processing batch 11/12 (rows 10001-11000)
  Calculated 1000 temperatures. Range: 4.28 to 26.42
Processing batch 12/12 (rows 11001-11035)
  Calculated 35 temperatures. Range: 7.70 to 25.14
Total observations: 11035, Unique timestamps: 2207
MR parameters: mass=0.28, elev=2591.0, b0=17.10, b1=0.98, b2=-0.48, b3=0.000124
Sample tb=286.72 K, log(mass)=-1.2730, 1/(kT)=40.460959, exponent=-3.2475, rmr=0.038872
Sample tb=284.10 K, log(mass)=-1.2730, 1/(kT)=40.834020, exponent=-3.4266, rmr=0.032499
Sample tb=305.50 K, log(mass)=-1.2730, 1/(kT)=37.973537, exponent=-2.0535, rmr=0.128283
Sample tb=289.56 K, log(mass)=-1.2730, 1/(kT)=40.064385, exponent=-3.0571, rmr=0.047023
Sample tb=296.05 K, log(mass)=-1.2730, 1/(kT)=39.186140, exponent=-2.6356, rmr=0.071678
MR results: 0 NA, 0 infinite, 0 negative, 0 zero
Energy calculations: 6364 non-zero gains, 11035 non-zero losses out of 11035 observations
Saved results to output/results/B1/1960/M/eb_results_MB_1960_B1_A1.rds

Processing: Species=MB, Year=1961, Origin=B1, Climate=A1, Sex=M
Looking for climate data at: /mmfs1/gscratch/biology/jmsmith/targeted_microclimate/A1/simplified_A1_1961.rds
Directory /mmfs1/gscratch/biology/jmsmith/targeted_microclimate/A1 exists. Contents:
simplified_A1_1945.rds
simplified_A1_1946.rds
simplified_A1_1947.rds
simplified_A1_1948.rds
simplified_A1_1949.rds
simplified_A1_1950.rds
simplified_A1_1951.rds
simplified_A1_1952.rds
simplified_A1_1953.rds
simplified_A1_1954.rds
simplified_A1_1955.rds
simplified_A1_1956.rds
simplified_A1_1957.rds
simplified_A1_1958.rds
simplified_A1_1959.rds
simplified_A1_1960.rds
simplified_A1_1961.rds
simplified_A1_1962.rds
simplified_A1_1963.rds
simplified_A1_1964.rds
simplified_A1_2005.rds
simplified_A1_2006.rds
simplified_A1_2007.rds
simplified_A1_2008.rds
simplified_A1_2009.rds
simplified_A1_2010.rds
simplified_A1_2011.rds
simplified_A1_2012.rds
simplified_A1_2013.rds
simplified_A1_2014.rds
simplified_A1_2015.rds
simplified_A1_2016.rds
simplified_A1_2017.rds
simplified_A1_2018.rds
simplified_A1_2019.rds
simplified_A1_2020.rds
simplified_A1_2021.rds
simplified_A1_2022.rds
simplified_A1_2023.rds
simplified_A1_2024.rds
Processing batch 1/12 (rows 1-1000)
  Calculated 1000 temperatures. Range: 0.59 to 48.07
Processing batch 2/12 (rows 1001-2000)
  Calculated 1000 temperatures. Range: 3.67 to 50.84
Processing batch 3/12 (rows 2001-3000)
  Calculated 1000 temperatures. Range: 2.27 to 44.85
Processing batch 4/12 (rows 3001-4000)
  Calculated 1000 temperatures. Range: 4.88 to 41.63
Processing batch 5/12 (rows 4001-5000)
  Calculated 1000 temperatures. Range: 1.98 to 39.02
Processing batch 6/12 (rows 5001-6000)
  Calculated 1000 temperatures. Range: 4.60 to 40.21
Processing batch 7/12 (rows 6001-7000)
  Calculated 1000 temperatures. Range: 1.78 to 41.50
Processing batch 8/12 (rows 7001-8000)
  Calculated 1000 temperatures. Range: 3.78 to 20.12
Processing batch 9/12 (rows 8001-9000)
  Calculated 1000 temperatures. Range: 2.85 to 20.18
Processing batch 10/12 (rows 9001-10000)
  Calculated 1000 temperatures. Range: 5.32 to 24.75
Processing batch 11/12 (rows 10001-11000)
  Calculated 1000 temperatures. Range: 4.97 to 24.47
Processing batch 12/12 (rows 11001-11035)
  Calculated 35 temperatures. Range: 9.22 to 19.07
Total observations: 11035, Unique timestamps: 2207
MR parameters: mass=0.28, elev=2591.0, b0=17.10, b1=0.98, b2=-0.48, b3=0.000124
Sample tb=281.74 K, log(mass)=-1.2730, 1/(kT)=41.175384, exponent=-3.5904, rmr=0.027587
Sample tb=285.54 K, log(mass)=-1.2730, 1/(kT)=40.628248, exponent=-3.3278, rmr=0.035873
Sample tb=291.80 K, log(mass)=-1.2730, 1/(kT)=39.756921, exponent=-2.9095, rmr=0.054501
Sample tb=290.44 K, log(mass)=-1.2730, 1/(kT)=39.942720, exponent=-2.9987, rmr=0.049850
Sample tb=288.26 K, log(mass)=-1.2730, 1/(kT)=40.245333, exponent=-3.1440, rmr=0.043111
MR results: 0 NA, 0 infinite, 0 negative, 0 zero
Energy calculations: 6386 non-zero gains, 11035 non-zero losses out of 11035 observations
Saved results to output/results/B1/1961/M/eb_results_MB_1961_B1_A1.rds

Processing: Species=MB, Year=1962, Origin=B1, Climate=A1, Sex=M
Looking for climate data at: /mmfs1/gscratch/biology/jmsmith/targeted_microclimate/A1/simplified_A1_1962.rds
Directory /mmfs1/gscratch/biology/jmsmith/targeted_microclimate/A1 exists. Contents:
simplified_A1_1945.rds
simplified_A1_1946.rds
simplified_A1_1947.rds
simplified_A1_1948.rds
simplified_A1_1949.rds
simplified_A1_1950.rds
simplified_A1_1951.rds
simplified_A1_1952.rds
simplified_A1_1953.rds
simplified_A1_1954.rds
simplified_A1_1955.rds
simplified_A1_1956.rds
simplified_A1_1957.rds
simplified_A1_1958.rds
simplified_A1_1959.rds
simplified_A1_1960.rds
simplified_A1_1961.rds
simplified_A1_1962.rds
simplified_A1_1963.rds
simplified_A1_1964.rds
simplified_A1_2005.rds
simplified_A1_2006.rds
simplified_A1_2007.rds
simplified_A1_2008.rds
simplified_A1_2009.rds
simplified_A1_2010.rds
simplified_A1_2011.rds
simplified_A1_2012.rds
simplified_A1_2013.rds
simplified_A1_2014.rds
simplified_A1_2015.rds
simplified_A1_2016.rds
simplified_A1_2017.rds
simplified_A1_2018.rds
simplified_A1_2019.rds
simplified_A1_2020.rds
simplified_A1_2021.rds
simplified_A1_2022.rds
simplified_A1_2023.rds
simplified_A1_2024.rds
Processing batch 1/12 (rows 1-1000)
  Calculated 1000 temperatures. Range: 0.31 to 57.13
Processing batch 2/12 (rows 1001-2000)
  Calculated 1000 temperatures. Range: 4.22 to 60.00
Processing batch 3/12 (rows 2001-3000)
  Calculated 1000 temperatures. Range: 1.78 to 57.48
Processing batch 4/12 (rows 3001-4000)
  Calculated 1000 temperatures. Range: 6.47 to 49.94
Processing batch 5/12 (rows 4001-5000)
  Calculated 1000 temperatures. Range: 1.72 to 45.42
Processing batch 6/12 (rows 5001-6000)
  Calculated 1000 temperatures. Range: 6.15 to 47.21
Processing batch 7/12 (rows 6001-7000)
  Calculated 1000 temperatures. Range: 1.49 to 40.33
Processing batch 8/12 (rows 7001-8000)
  Calculated 1000 temperatures. Range: 2.21 to 19.96
Processing batch 9/12 (rows 8001-9000)
  Calculated 1000 temperatures. Range: 2.84 to 21.14
Processing batch 10/12 (rows 9001-10000)
  Calculated 1000 temperatures. Range: 2.31 to 23.88
Processing batch 11/12 (rows 10001-11000)
  Calculated 1000 temperatures. Range: 5.41 to 26.46
Processing batch 12/12 (rows 11001-11035)
  Calculated 35 temperatures. Range: 4.82 to 16.77
Total observations: 11035, Unique timestamps: 2207
MR parameters: mass=0.28, elev=2591.0, b0=17.10, b1=0.98, b2=-0.48, b3=0.000124
Sample tb=307.67 K, log(mass)=-1.2730, 1/(kT)=37.706001, exponent=-1.9251, rmr=0.145861
Sample tb=303.39 K, log(mass)=-1.2730, 1/(kT)=38.238209, exponent=-2.1806, rmr=0.112978
Sample tb=281.20 K, log(mass)=-1.2730, 1/(kT)=41.254654, exponent=-3.6285, rmr=0.026557
Sample tb=300.77 K, log(mass)=-1.2730, 1/(kT)=38.571262, exponent=-2.3404, rmr=0.096286
Sample tb=291.90 K, log(mass)=-1.2730, 1/(kT)=39.743304, exponent=-2.9030, rmr=0.054858
MR results: 0 NA, 0 infinite, 0 negative, 0 zero
Energy calculations: 5992 non-zero gains, 11035 non-zero losses out of 11035 observations
Saved results to output/results/B1/1962/M/eb_results_MB_1962_B1_A1.rds

Processing: Species=MB, Year=1963, Origin=B1, Climate=A1, Sex=M
Looking for climate data at: /mmfs1/gscratch/biology/jmsmith/targeted_microclimate/A1/simplified_A1_1963.rds
Directory /mmfs1/gscratch/biology/jmsmith/targeted_microclimate/A1 exists. Contents:
simplified_A1_1945.rds
simplified_A1_1946.rds
simplified_A1_1947.rds
simplified_A1_1948.rds
simplified_A1_1949.rds
simplified_A1_1950.rds
simplified_A1_1951.rds
simplified_A1_1952.rds
simplified_A1_1953.rds
simplified_A1_1954.rds
simplified_A1_1955.rds
simplified_A1_1956.rds
simplified_A1_1957.rds
simplified_A1_1958.rds
simplified_A1_1959.rds
simplified_A1_1960.rds
simplified_A1_1961.rds
simplified_A1_1962.rds
simplified_A1_1963.rds
simplified_A1_1964.rds
simplified_A1_2005.rds
simplified_A1_2006.rds
simplified_A1_2007.rds
simplified_A1_2008.rds
simplified_A1_2009.rds
simplified_A1_2010.rds
simplified_A1_2011.rds
simplified_A1_2012.rds
simplified_A1_2013.rds
simplified_A1_2014.rds
simplified_A1_2015.rds
simplified_A1_2016.rds
simplified_A1_2017.rds
simplified_A1_2018.rds
simplified_A1_2019.rds
simplified_A1_2020.rds
simplified_A1_2021.rds
simplified_A1_2022.rds
simplified_A1_2023.rds
simplified_A1_2024.rds
Processing batch 1/12 (rows 1-1000)
  Calculated 1000 temperatures. Range: 2.31 to 60.00
Processing batch 2/12 (rows 1001-2000)
  Calculated 1000 temperatures. Range: 5.78 to 50.82
Processing batch 3/12 (rows 2001-3000)
  Calculated 1000 temperatures. Range: 3.85 to 50.13
Processing batch 4/12 (rows 3001-4000)
  Calculated 1000 temperatures. Range: 7.15 to 42.56
Processing batch 5/12 (rows 4001-5000)
  Calculated 1000 temperatures. Range: 3.63 to 39.06
Processing batch 6/12 (rows 5001-6000)
  Calculated 1000 temperatures. Range: 6.41 to 48.86
Processing batch 7/12 (rows 6001-7000)
  Calculated 1000 temperatures. Range: 3.34 to 37.80
Processing batch 8/12 (rows 7001-8000)
  Calculated 1000 temperatures. Range: 4.34 to 21.25
Processing batch 9/12 (rows 8001-9000)
  Calculated 1000 temperatures. Range: 4.45 to 21.52
Processing batch 10/12 (rows 9001-10000)
  Calculated 1000 temperatures. Range: 5.04 to 26.29
Processing batch 11/12 (rows 10001-11000)
  Calculated 1000 temperatures. Range: 7.52 to 25.87
Processing batch 12/12 (rows 11001-11035)
  Calculated 35 temperatures. Range: 8.92 to 19.00
Total observations: 11035, Unique timestamps: 2207
MR parameters: mass=0.28, elev=2591.0, b0=17.10, b1=0.98, b2=-0.48, b3=0.000124
Sample tb=288.05 K, log(mass)=-1.2730, 1/(kT)=40.274158, exponent=-3.1578, rmr=0.042518
Sample tb=306.57 K, log(mass)=-1.2730, 1/(kT)=37.840961, exponent=-1.9899, rmr=0.136711
Sample tb=298.75 K, log(mass)=-1.2730, 1/(kT)=38.831238, exponent=-2.4652, rmr=0.084990
Sample tb=311.93 K, log(mass)=-1.2730, 1/(kT)=37.190422, exponent=-1.6776, rmr=0.186817
Sample tb=292.43 K, log(mass)=-1.2730, 1/(kT)=39.671119, exponent=-2.8684, rmr=0.056792
MR results: 0 NA, 0 infinite, 0 negative, 0 zero
Energy calculations: 6736 non-zero gains, 11035 non-zero losses out of 11035 observations
Saved results to output/results/B1/1963/M/eb_results_MB_1963_B1_A1.rds

Processing: Species=MB, Year=1964, Origin=B1, Climate=A1, Sex=M
Looking for climate data at: /mmfs1/gscratch/biology/jmsmith/targeted_microclimate/A1/simplified_A1_1964.rds
Directory /mmfs1/gscratch/biology/jmsmith/targeted_microclimate/A1 exists. Contents:
simplified_A1_1945.rds
simplified_A1_1946.rds
simplified_A1_1947.rds
simplified_A1_1948.rds
simplified_A1_1949.rds
simplified_A1_1950.rds
simplified_A1_1951.rds
simplified_A1_1952.rds
simplified_A1_1953.rds
simplified_A1_1954.rds
simplified_A1_1955.rds
simplified_A1_1956.rds
simplified_A1_1957.rds
simplified_A1_1958.rds
simplified_A1_1959.rds
simplified_A1_1960.rds
simplified_A1_1961.rds
simplified_A1_1962.rds
simplified_A1_1963.rds
simplified_A1_1964.rds
simplified_A1_2005.rds
simplified_A1_2006.rds
simplified_A1_2007.rds
simplified_A1_2008.rds
simplified_A1_2009.rds
simplified_A1_2010.rds
simplified_A1_2011.rds
simplified_A1_2012.rds
simplified_A1_2013.rds
simplified_A1_2014.rds
simplified_A1_2015.rds
simplified_A1_2016.rds
simplified_A1_2017.rds
simplified_A1_2018.rds
simplified_A1_2019.rds
simplified_A1_2020.rds
simplified_A1_2021.rds
simplified_A1_2022.rds
simplified_A1_2023.rds
simplified_A1_2024.rds
Processing batch 1/12 (rows 1-1000)
  Calculated 1000 temperatures. Range: 0.98 to 48.36
Processing batch 2/12 (rows 1001-2000)
  Calculated 1000 temperatures. Range: 0.73 to 49.28
Processing batch 3/12 (rows 2001-3000)
  Calculated 1000 temperatures. Range: -0.57 to 40.45
Processing batch 4/12 (rows 3001-4000)
  Calculated 1000 temperatures. Range: 6.20 to 42.56
Processing batch 5/12 (rows 4001-5000)
  Calculated 1000 temperatures. Range: 1.64 to 38.70
Processing batch 6/12 (rows 5001-6000)
  Calculated 1000 temperatures. Range: 5.09 to 41.37
Processing batch 7/12 (rows 6001-7000)
  Calculated 1000 temperatures. Range: 1.00 to 36.79
Processing batch 8/12 (rows 7001-8000)
  Calculated 1000 temperatures. Range: 1.97 to 20.65
Processing batch 9/12 (rows 8001-9000)
  Calculated 1000 temperatures. Range: 1.16 to 22.44
Processing batch 10/12 (rows 9001-10000)
  Calculated 1000 temperatures. Range: 3.45 to 25.33
Processing batch 11/12 (rows 10001-11000)
  Calculated 1000 temperatures. Range: 3.34 to 25.06
Processing batch 12/12 (rows 11001-11035)
  Calculated 35 temperatures. Range: 4.12 to 23.35
Total observations: 11035, Unique timestamps: 2207
MR parameters: mass=0.28, elev=2591.0, b0=17.10, b1=0.98, b2=-0.48, b3=0.000124
Sample tb=282.02 K, log(mass)=-1.2730, 1/(kT)=41.134553, exponent=-3.5708, rmr=0.028133
Sample tb=281.81 K, log(mass)=-1.2730, 1/(kT)=41.165614, exponent=-3.5857, rmr=0.027717
Sample tb=308.92 K, log(mass)=-1.2730, 1/(kT)=37.553336, exponent=-1.8518, rmr=0.156951
Sample tb=302.06 K, log(mass)=-1.2730, 1/(kT)=38.405796, exponent=-2.2610, rmr=0.104246
Sample tb=306.58 K, log(mass)=-1.2730, 1/(kT)=37.840322, exponent=-1.9896, rmr=0.136753
MR results: 0 NA, 0 infinite, 0 negative, 0 zero
Energy calculations: 6234 non-zero gains, 11035 non-zero losses out of 11035 observations
Saved results to output/results/B1/1964/M/eb_results_MB_1964_B1_A1.rds

All years processed.
