Arguments received:
Species: MS
Years: 2005, 2006, 2007, 2008, 2009, 2010, 2011, 2012, 2013, 2014, 2015, 2016, 2017, 2018, 2019, 2020, 2021, 2022, 2023, 2024
Origin site: Eldo
Climate site: B1
Sex: F
Output directory: output/results/Eldo
Library paths:
[1] "/gscratch/biology/jmsmith/R"                          
[2] "/mmfs1/home/smithju/R/x86_64-pc-linux-gnu-library/4.4"
[3] "/usr/local/lib/R/site-library"                        
[4] "/usr/local/lib/R/library"                             
Package tidyverse loaded successfully
Package TrenchR loaded successfully
Package rTPC loaded successfully
Package lubridate loaded successfully

Processing: Species=MS, Year=2005, Origin=Eldo, Climate=B1, Sex=F
Looking for climate data at: /mmfs1/gscratch/biology/jmsmith/targeted_microclimate/B1/simplified_B1_2005.rds
Directory /mmfs1/gscratch/biology/jmsmith/targeted_microclimate/B1 exists. Contents:
simplified_B1_1945.rds
simplified_B1_1946.rds
simplified_B1_1947.rds
simplified_B1_1948.rds
simplified_B1_1949.rds
simplified_B1_1950.rds
simplified_B1_1951.rds
simplified_B1_1952.rds
simplified_B1_1953.rds
simplified_B1_1954.rds
simplified_B1_1955.rds
simplified_B1_1956.rds
simplified_B1_1957.rds
simplified_B1_1958.rds
simplified_B1_1959.rds
simplified_B1_1960.rds
simplified_B1_1961.rds
simplified_B1_1962.rds
simplified_B1_1963.rds
simplified_B1_1964.rds
simplified_B1_2005.rds
simplified_B1_2006.rds
simplified_B1_2007.rds
simplified_B1_2008.rds
simplified_B1_2009.rds
simplified_B1_2010.rds
simplified_B1_2011.rds
simplified_B1_2012.rds
simplified_B1_2013.rds
simplified_B1_2014.rds
simplified_B1_2015.rds
simplified_B1_2016.rds
simplified_B1_2017.rds
simplified_B1_2018.rds
simplified_B1_2019.rds
simplified_B1_2020.rds
simplified_B1_2021.rds
simplified_B1_2022.rds
simplified_B1_2023.rds
simplified_B1_2024.rds
Processing batch 1/12 (rows 1-1000)
  Calculated 1000 temperatures. Range: -2.79 to 59.51
Processing batch 2/12 (rows 1001-2000)
  Calculated 1000 temperatures. Range: 1.78 to 59.73
Processing batch 3/12 (rows 2001-3000)
  Calculated 1000 temperatures. Range: -1.10 to 59.00
Processing batch 4/12 (rows 3001-4000)
  Calculated 1000 temperatures. Range: 2.45 to 48.60
Processing batch 5/12 (rows 4001-5000)
  Calculated 1000 temperatures. Range: -1.00 to 47.95
Processing batch 6/12 (rows 5001-6000)
  Calculated 1000 temperatures. Range: 2.23 to 48.70
Processing batch 7/12 (rows 6001-7000)
  Calculated 1000 temperatures. Range: -0.51 to 47.97
Processing batch 8/12 (rows 7001-8000)
  Calculated 1000 temperatures. Range: 2.23 to 19.74
Processing batch 9/12 (rows 8001-9000)
  Calculated 1000 temperatures. Range: 1.54 to 18.06
Processing batch 10/12 (rows 9001-10000)
  Calculated 1000 temperatures. Range: -0.21 to 24.71
Processing batch 11/12 (rows 10001-11000)
  Calculated 1000 temperatures. Range: 3.31 to 24.88
Processing batch 12/12 (rows 11001-11035)
  Calculated 35 temperatures. Range: 2.71 to 20.67
Total observations: 11035, Unique timestamps: 2207
MR parameters: mass=0.31, elev=1740.0, b0=16.50, b1=0.85, b2=-0.47, b3=0.000108
Sample tb=280.97 K, log(mass)=-1.1712, 1/(kT)=41.288478, exponent=-3.7132, rmr=0.024400
Sample tb=291.63 K, log(mass)=-1.1712, 1/(kT)=39.780227, exponent=-3.0043, rmr=0.049574
Sample tb=293.58 K, log(mass)=-1.1712, 1/(kT)=39.516035, exponent=-2.8801, rmr=0.056128
Sample tb=304.79 K, log(mass)=-1.1712, 1/(kT)=38.061623, exponent=-2.1965, rmr=0.111186
Sample tb=275.31 K, log(mass)=-1.1712, 1/(kT)=42.137436, exponent=-4.1122, rmr=0.016372
MR results: 0 NA, 0 infinite, 0 negative, 0 zero
Energy calculations: 4255 non-zero gains, 11035 non-zero losses out of 11035 observations
Saved results to output/results/Eldo/2005/F/eb_results_MS_2005_Eldo_B1.rds

Processing: Species=MS, Year=2006, Origin=Eldo, Climate=B1, Sex=F
Looking for climate data at: /mmfs1/gscratch/biology/jmsmith/targeted_microclimate/B1/simplified_B1_2006.rds
Directory /mmfs1/gscratch/biology/jmsmith/targeted_microclimate/B1 exists. Contents:
simplified_B1_1945.rds
simplified_B1_1946.rds
simplified_B1_1947.rds
simplified_B1_1948.rds
simplified_B1_1949.rds
simplified_B1_1950.rds
simplified_B1_1951.rds
simplified_B1_1952.rds
simplified_B1_1953.rds
simplified_B1_1954.rds
simplified_B1_1955.rds
simplified_B1_1956.rds
simplified_B1_1957.rds
simplified_B1_1958.rds
simplified_B1_1959.rds
simplified_B1_1960.rds
simplified_B1_1961.rds
simplified_B1_1962.rds
simplified_B1_1963.rds
simplified_B1_1964.rds
simplified_B1_2005.rds
simplified_B1_2006.rds
simplified_B1_2007.rds
simplified_B1_2008.rds
simplified_B1_2009.rds
simplified_B1_2010.rds
simplified_B1_2011.rds
simplified_B1_2012.rds
simplified_B1_2013.rds
simplified_B1_2014.rds
simplified_B1_2015.rds
simplified_B1_2016.rds
simplified_B1_2017.rds
simplified_B1_2018.rds
simplified_B1_2019.rds
simplified_B1_2020.rds
simplified_B1_2021.rds
simplified_B1_2022.rds
simplified_B1_2023.rds
simplified_B1_2024.rds
Processing batch 1/12 (rows 1-1000)
  Calculated 1000 temperatures. Range: -0.57 to 58.74
Processing batch 2/12 (rows 1001-2000)
  Calculated 1000 temperatures. Range: 4.00 to 60.00
Processing batch 3/12 (rows 2001-3000)
  Calculated 1000 temperatures. Range: 0.77 to 55.89
Processing batch 4/12 (rows 3001-4000)
  Calculated 1000 temperatures. Range: 5.31 to 55.00
Processing batch 5/12 (rows 4001-5000)
  Calculated 1000 temperatures. Range: 1.47 to 45.97
Processing batch 6/12 (rows 5001-6000)
  Calculated 1000 temperatures. Range: 2.74 to 54.67
Processing batch 7/12 (rows 6001-7000)
  Calculated 1000 temperatures. Range: 2.37 to 49.01
Processing batch 8/12 (rows 7001-8000)
  Calculated 1000 temperatures. Range: 1.64 to 20.07
Processing batch 9/12 (rows 8001-9000)
  Calculated 1000 temperatures. Range: 2.77 to 21.90
Processing batch 10/12 (rows 9001-10000)
  Calculated 1000 temperatures. Range: 1.98 to 23.49
Processing batch 11/12 (rows 10001-11000)
  Calculated 1000 temperatures. Range: 3.23 to 23.29
Processing batch 12/12 (rows 11001-11035)
  Calculated 35 temperatures. Range: 5.95 to 19.50
Total observations: 11035, Unique timestamps: 2207
MR parameters: mass=0.31, elev=1740.0, b0=16.50, b1=0.85, b2=-0.47, b3=0.000108
Sample tb=310.89 K, log(mass)=-1.1712, 1/(kT)=37.314789, exponent=-1.8455, rmr=0.157941
Sample tb=282.10 K, log(mass)=-1.1712, 1/(kT)=41.122958, exponent=-3.6354, rmr=0.026374
Sample tb=291.62 K, log(mass)=-1.1712, 1/(kT)=39.781387, exponent=-3.0048, rmr=0.049547
Sample tb=282.85 K, log(mass)=-1.1712, 1/(kT)=41.015032, exponent=-3.5847, rmr=0.027746
Sample tb=300.25 K, log(mass)=-1.1712, 1/(kT)=38.637198, exponent=-2.4671, rmr=0.084833
MR results: 0 NA, 0 infinite, 0 negative, 0 zero
Energy calculations: 4506 non-zero gains, 11035 non-zero losses out of 11035 observations
Saved results to output/results/Eldo/2006/F/eb_results_MS_2006_Eldo_B1.rds

Processing: Species=MS, Year=2007, Origin=Eldo, Climate=B1, Sex=F
Looking for climate data at: /mmfs1/gscratch/biology/jmsmith/targeted_microclimate/B1/simplified_B1_2007.rds
Directory /mmfs1/gscratch/biology/jmsmith/targeted_microclimate/B1 exists. Contents:
simplified_B1_1945.rds
simplified_B1_1946.rds
simplified_B1_1947.rds
simplified_B1_1948.rds
simplified_B1_1949.rds
simplified_B1_1950.rds
simplified_B1_1951.rds
simplified_B1_1952.rds
simplified_B1_1953.rds
simplified_B1_1954.rds
simplified_B1_1955.rds
simplified_B1_1956.rds
simplified_B1_1957.rds
simplified_B1_1958.rds
simplified_B1_1959.rds
simplified_B1_1960.rds
simplified_B1_1961.rds
simplified_B1_1962.rds
simplified_B1_1963.rds
simplified_B1_1964.rds
simplified_B1_2005.rds
simplified_B1_2006.rds
simplified_B1_2007.rds
simplified_B1_2008.rds
simplified_B1_2009.rds
simplified_B1_2010.rds
simplified_B1_2011.rds
simplified_B1_2012.rds
simplified_B1_2013.rds
simplified_B1_2014.rds
simplified_B1_2015.rds
simplified_B1_2016.rds
simplified_B1_2017.rds
simplified_B1_2018.rds
simplified_B1_2019.rds
simplified_B1_2020.rds
simplified_B1_2021.rds
simplified_B1_2022.rds
simplified_B1_2023.rds
simplified_B1_2024.rds
Processing batch 1/12 (rows 1-1000)
  Calculated 1000 temperatures. Range: -4.35 to 60.00
Processing batch 2/12 (rows 1001-2000)
  Calculated 1000 temperatures. Range: 3.98 to 59.77
Processing batch 3/12 (rows 2001-3000)
  Calculated 1000 temperatures. Range: -3.52 to 50.44
Processing batch 4/12 (rows 3001-4000)
  Calculated 1000 temperatures. Range: 4.89 to 50.59
Processing batch 5/12 (rows 4001-5000)
  Calculated 1000 temperatures. Range: -2.84 to 49.70
Processing batch 6/12 (rows 5001-6000)
  Calculated 1000 temperatures. Range: 5.27 to 49.99
Processing batch 7/12 (rows 6001-7000)
  Calculated 1000 temperatures. Range: -1.68 to 45.47
Processing batch 8/12 (rows 7001-8000)
  Calculated 1000 temperatures. Range: 1.75 to 19.49
Processing batch 9/12 (rows 8001-9000)
  Calculated 1000 temperatures. Range: 0.55 to 19.21
Processing batch 10/12 (rows 9001-10000)
  Calculated 1000 temperatures. Range: -1.91 to 23.41
Processing batch 11/12 (rows 10001-11000)
  Calculated 1000 temperatures. Range: 5.88 to 23.13
Processing batch 12/12 (rows 11001-11035)
  Calculated 35 temperatures. Range: 6.82 to 20.68
Total observations: 11035, Unique timestamps: 2207
MR parameters: mass=0.31, elev=1740.0, b0=16.50, b1=0.85, b2=-0.47, b3=0.000108
Sample tb=281.81 K, log(mass)=-1.1712, 1/(kT)=41.166139, exponent=-3.6557, rmr=0.025844
Sample tb=284.39 K, log(mass)=-1.1712, 1/(kT)=40.792740, exponent=-3.4802, rmr=0.030802
Sample tb=282.01 K, log(mass)=-1.1712, 1/(kT)=41.137116, exponent=-3.6420, rmr=0.026199
Sample tb=283.89 K, log(mass)=-1.1712, 1/(kT)=40.863753, exponent=-3.5135, rmr=0.029791
Sample tb=280.57 K, log(mass)=-1.1712, 1/(kT)=41.347356, exponent=-3.7408, rmr=0.023734
MR results: 0 NA, 0 infinite, 0 negative, 0 zero
Energy calculations: 4679 non-zero gains, 11035 non-zero losses out of 11035 observations
Saved results to output/results/Eldo/2007/F/eb_results_MS_2007_Eldo_B1.rds

Processing: Species=MS, Year=2008, Origin=Eldo, Climate=B1, Sex=F
Looking for climate data at: /mmfs1/gscratch/biology/jmsmith/targeted_microclimate/B1/simplified_B1_2008.rds
Directory /mmfs1/gscratch/biology/jmsmith/targeted_microclimate/B1 exists. Contents:
simplified_B1_1945.rds
simplified_B1_1946.rds
simplified_B1_1947.rds
simplified_B1_1948.rds
simplified_B1_1949.rds
simplified_B1_1950.rds
simplified_B1_1951.rds
simplified_B1_1952.rds
simplified_B1_1953.rds
simplified_B1_1954.rds
simplified_B1_1955.rds
simplified_B1_1956.rds
simplified_B1_1957.rds
simplified_B1_1958.rds
simplified_B1_1959.rds
simplified_B1_1960.rds
simplified_B1_1961.rds
simplified_B1_1962.rds
simplified_B1_1963.rds
simplified_B1_1964.rds
simplified_B1_2005.rds
simplified_B1_2006.rds
simplified_B1_2007.rds
simplified_B1_2008.rds
simplified_B1_2009.rds
simplified_B1_2010.rds
simplified_B1_2011.rds
simplified_B1_2012.rds
simplified_B1_2013.rds
simplified_B1_2014.rds
simplified_B1_2015.rds
simplified_B1_2016.rds
simplified_B1_2017.rds
simplified_B1_2018.rds
simplified_B1_2019.rds
simplified_B1_2020.rds
simplified_B1_2021.rds
simplified_B1_2022.rds
simplified_B1_2023.rds
simplified_B1_2024.rds
Processing batch 1/12 (rows 1-1000)
  Calculated 1000 temperatures. Range: -5.23 to 60.00
Processing batch 2/12 (rows 1001-2000)
  Calculated 1000 temperatures. Range: 1.29 to 60.00
Processing batch 3/12 (rows 2001-3000)
  Calculated 1000 temperatures. Range: -3.44 to 56.87
Processing batch 4/12 (rows 3001-4000)
  Calculated 1000 temperatures. Range: 2.36 to 49.80
Processing batch 5/12 (rows 4001-5000)
  Calculated 1000 temperatures. Range: -3.32 to 48.74
Processing batch 6/12 (rows 5001-6000)
  Calculated 1000 temperatures. Range: 1.68 to 49.75
Processing batch 7/12 (rows 6001-7000)
  Calculated 1000 temperatures. Range: -2.56 to 46.35
Processing batch 8/12 (rows 7001-8000)
  Calculated 1000 temperatures. Range: 2.19 to 18.74
Processing batch 9/12 (rows 8001-9000)
  Calculated 1000 temperatures. Range: 1.93 to 18.68
Processing batch 10/12 (rows 9001-10000)
  Calculated 1000 temperatures. Range: -1.87 to 21.79
Processing batch 11/12 (rows 10001-11000)
  Calculated 1000 temperatures. Range: 3.65 to 22.93
Processing batch 12/12 (rows 11001-11035)
  Calculated 35 temperatures. Range: 6.55 to 19.84
Total observations: 11035, Unique timestamps: 2207
MR parameters: mass=0.31, elev=1740.0, b0=16.50, b1=0.85, b2=-0.47, b3=0.000108
Sample tb=278.44 K, log(mass)=-1.1712, 1/(kT)=41.664556, exponent=-3.8899, rmr=0.020447
Sample tb=278.86 K, log(mass)=-1.1712, 1/(kT)=41.601225, exponent=-3.8602, rmr=0.021065
Sample tb=283.57 K, log(mass)=-1.1712, 1/(kT)=40.909565, exponent=-3.5351, rmr=0.029156
Sample tb=280.30 K, log(mass)=-1.1712, 1/(kT)=41.387600, exponent=-3.7598, rmr=0.023289
Sample tb=282.71 K, log(mass)=-1.1712, 1/(kT)=41.034241, exponent=-3.5937, rmr=0.027497
MR results: 0 NA, 0 infinite, 0 negative, 0 zero
Energy calculations: 4318 non-zero gains, 11035 non-zero losses out of 11035 observations
Saved results to output/results/Eldo/2008/F/eb_results_MS_2008_Eldo_B1.rds

Processing: Species=MS, Year=2009, Origin=Eldo, Climate=B1, Sex=F
Looking for climate data at: /mmfs1/gscratch/biology/jmsmith/targeted_microclimate/B1/simplified_B1_2009.rds
Directory /mmfs1/gscratch/biology/jmsmith/targeted_microclimate/B1 exists. Contents:
simplified_B1_1945.rds
simplified_B1_1946.rds
simplified_B1_1947.rds
simplified_B1_1948.rds
simplified_B1_1949.rds
simplified_B1_1950.rds
simplified_B1_1951.rds
simplified_B1_1952.rds
simplified_B1_1953.rds
simplified_B1_1954.rds
simplified_B1_1955.rds
simplified_B1_1956.rds
simplified_B1_1957.rds
simplified_B1_1958.rds
simplified_B1_1959.rds
simplified_B1_1960.rds
simplified_B1_1961.rds
simplified_B1_1962.rds
simplified_B1_1963.rds
simplified_B1_1964.rds
simplified_B1_2005.rds
simplified_B1_2006.rds
simplified_B1_2007.rds
simplified_B1_2008.rds
simplified_B1_2009.rds
simplified_B1_2010.rds
simplified_B1_2011.rds
simplified_B1_2012.rds
simplified_B1_2013.rds
simplified_B1_2014.rds
simplified_B1_2015.rds
simplified_B1_2016.rds
simplified_B1_2017.rds
simplified_B1_2018.rds
simplified_B1_2019.rds
simplified_B1_2020.rds
simplified_B1_2021.rds
simplified_B1_2022.rds
simplified_B1_2023.rds
simplified_B1_2024.rds
Processing batch 1/12 (rows 1-1000)
  Calculated 1000 temperatures. Range: -1.58 to 60.00
Processing batch 2/12 (rows 1001-2000)
  Calculated 1000 temperatures. Range: 0.04 to 60.00
Processing batch 3/12 (rows 2001-3000)
  Calculated 1000 temperatures. Range: -0.57 to 54.50
Processing batch 4/12 (rows 3001-4000)
  Calculated 1000 temperatures. Range: 3.08 to 50.04
Processing batch 5/12 (rows 4001-5000)
  Calculated 1000 temperatures. Range: -0.04 to 46.69
Processing batch 6/12 (rows 5001-6000)
  Calculated 1000 temperatures. Range: 3.74 to 50.58
Processing batch 7/12 (rows 6001-7000)
  Calculated 1000 temperatures. Range: 0.27 to 46.59
Processing batch 8/12 (rows 7001-8000)
  Calculated 1000 temperatures. Range: 2.73 to 18.57
Processing batch 9/12 (rows 8001-9000)
  Calculated 1000 temperatures. Range: 0.78 to 18.58
Processing batch 10/12 (rows 9001-10000)
  Calculated 1000 temperatures. Range: 0.70 to 21.03
Processing batch 11/12 (rows 10001-11000)
  Calculated 1000 temperatures. Range: 2.38 to 23.18
Processing batch 12/12 (rows 11001-11035)
  Calculated 35 temperatures. Range: 4.78 to 17.95
Total observations: 11035, Unique timestamps: 2207
MR parameters: mass=0.31, elev=1740.0, b0=16.50, b1=0.85, b2=-0.47, b3=0.000108
Sample tb=287.40 K, log(mass)=-1.1712, 1/(kT)=40.365026, exponent=-3.2791, rmr=0.037660
Sample tb=281.35 K, log(mass)=-1.1712, 1/(kT)=41.232980, exponent=-3.6871, rmr=0.025045
Sample tb=282.15 K, log(mass)=-1.1712, 1/(kT)=41.116360, exponent=-3.6323, rmr=0.026456
Sample tb=287.93 K, log(mass)=-1.1712, 1/(kT)=40.290517, exponent=-3.2441, rmr=0.039003
Sample tb=282.78 K, log(mass)=-1.1712, 1/(kT)=41.025159, exponent=-3.5894, rmr=0.027615
MR results: 0 NA, 0 infinite, 0 negative, 0 zero
Energy calculations: 3966 non-zero gains, 11035 non-zero losses out of 11035 observations
Saved results to output/results/Eldo/2009/F/eb_results_MS_2009_Eldo_B1.rds

Processing: Species=MS, Year=2010, Origin=Eldo, Climate=B1, Sex=F
Looking for climate data at: /mmfs1/gscratch/biology/jmsmith/targeted_microclimate/B1/simplified_B1_2010.rds
Directory /mmfs1/gscratch/biology/jmsmith/targeted_microclimate/B1 exists. Contents:
simplified_B1_1945.rds
simplified_B1_1946.rds
simplified_B1_1947.rds
simplified_B1_1948.rds
simplified_B1_1949.rds
simplified_B1_1950.rds
simplified_B1_1951.rds
simplified_B1_1952.rds
simplified_B1_1953.rds
simplified_B1_1954.rds
simplified_B1_1955.rds
simplified_B1_1956.rds
simplified_B1_1957.rds
simplified_B1_1958.rds
simplified_B1_1959.rds
simplified_B1_1960.rds
simplified_B1_1961.rds
simplified_B1_1962.rds
simplified_B1_1963.rds
simplified_B1_1964.rds
simplified_B1_2005.rds
simplified_B1_2006.rds
simplified_B1_2007.rds
simplified_B1_2008.rds
simplified_B1_2009.rds
simplified_B1_2010.rds
simplified_B1_2011.rds
simplified_B1_2012.rds
simplified_B1_2013.rds
simplified_B1_2014.rds
simplified_B1_2015.rds
simplified_B1_2016.rds
simplified_B1_2017.rds
simplified_B1_2018.rds
simplified_B1_2019.rds
simplified_B1_2020.rds
simplified_B1_2021.rds
simplified_B1_2022.rds
simplified_B1_2023.rds
simplified_B1_2024.rds
Processing batch 1/12 (rows 1-1000)
  Calculated 1000 temperatures. Range: -2.50 to 60.00
Processing batch 2/12 (rows 1001-2000)
  Calculated 1000 temperatures. Range: 1.38 to 60.00
Processing batch 3/12 (rows 2001-3000)
  Calculated 1000 temperatures. Range: -0.52 to 53.27
Processing batch 4/12 (rows 3001-4000)
  Calculated 1000 temperatures. Range: 2.84 to 51.47
Processing batch 5/12 (rows 4001-5000)
  Calculated 1000 temperatures. Range: -0.01 to 47.13
Processing batch 6/12 (rows 5001-6000)
  Calculated 1000 temperatures. Range: 3.32 to 51.42
Processing batch 7/12 (rows 6001-7000)
  Calculated 1000 temperatures. Range: 1.50 to 47.16
Processing batch 8/12 (rows 7001-8000)
  Calculated 1000 temperatures. Range: 1.69 to 19.06
Processing batch 9/12 (rows 8001-9000)
  Calculated 1000 temperatures. Range: 1.99 to 20.74
Processing batch 10/12 (rows 9001-10000)
  Calculated 1000 temperatures. Range: 2.19 to 23.04
Processing batch 11/12 (rows 10001-11000)
  Calculated 1000 temperatures. Range: 4.09 to 22.53
Processing batch 12/12 (rows 11001-11035)
  Calculated 35 temperatures. Range: 4.58 to 16.89
Total observations: 11035, Unique timestamps: 2207
MR parameters: mass=0.31, elev=1740.0, b0=16.50, b1=0.85, b2=-0.47, b3=0.000108
Sample tb=291.04 K, log(mass)=-1.1712, 1/(kT)=39.860295, exponent=-3.0419, rmr=0.047743
Sample tb=281.30 K, log(mass)=-1.1712, 1/(kT)=41.239783, exponent=-3.6903, rmr=0.024965
Sample tb=287.77 K, log(mass)=-1.1712, 1/(kT)=40.312883, exponent=-3.2546, rmr=0.038595
Sample tb=274.83 K, log(mass)=-1.1712, 1/(kT)=42.211795, exponent=-4.1471, rmr=0.015810
Sample tb=279.70 K, log(mass)=-1.1712, 1/(kT)=41.476424, exponent=-3.8015, rmr=0.022337
MR results: 0 NA, 0 infinite, 0 negative, 0 zero
Energy calculations: 4483 non-zero gains, 11035 non-zero losses out of 11035 observations
Saved results to output/results/Eldo/2010/F/eb_results_MS_2010_Eldo_B1.rds

Processing: Species=MS, Year=2011, Origin=Eldo, Climate=B1, Sex=F
Looking for climate data at: /mmfs1/gscratch/biology/jmsmith/targeted_microclimate/B1/simplified_B1_2011.rds
Directory /mmfs1/gscratch/biology/jmsmith/targeted_microclimate/B1 exists. Contents:
simplified_B1_1945.rds
simplified_B1_1946.rds
simplified_B1_1947.rds
simplified_B1_1948.rds
simplified_B1_1949.rds
simplified_B1_1950.rds
simplified_B1_1951.rds
simplified_B1_1952.rds
simplified_B1_1953.rds
simplified_B1_1954.rds
simplified_B1_1955.rds
simplified_B1_1956.rds
simplified_B1_1957.rds
simplified_B1_1958.rds
simplified_B1_1959.rds
simplified_B1_1960.rds
simplified_B1_1961.rds
simplified_B1_1962.rds
simplified_B1_1963.rds
simplified_B1_1964.rds
simplified_B1_2005.rds
simplified_B1_2006.rds
simplified_B1_2007.rds
simplified_B1_2008.rds
simplified_B1_2009.rds
simplified_B1_2010.rds
simplified_B1_2011.rds
simplified_B1_2012.rds
simplified_B1_2013.rds
simplified_B1_2014.rds
simplified_B1_2015.rds
simplified_B1_2016.rds
simplified_B1_2017.rds
simplified_B1_2018.rds
simplified_B1_2019.rds
simplified_B1_2020.rds
simplified_B1_2021.rds
simplified_B1_2022.rds
simplified_B1_2023.rds
simplified_B1_2024.rds
Processing batch 1/12 (rows 1-1000)
  Calculated 1000 temperatures. Range: -1.85 to 56.73
Processing batch 2/12 (rows 1001-2000)
  Calculated 1000 temperatures. Range: 2.10 to 59.16
Processing batch 3/12 (rows 2001-3000)
  Calculated 1000 temperatures. Range: -0.49 to 55.02
Processing batch 4/12 (rows 3001-4000)
  Calculated 1000 temperatures. Range: 4.20 to 48.26
Processing batch 5/12 (rows 4001-5000)
  Calculated 1000 temperatures. Range: -0.05 to 46.86
Processing batch 6/12 (rows 5001-6000)
  Calculated 1000 temperatures. Range: 4.23 to 48.33
Processing batch 7/12 (rows 6001-7000)
  Calculated 1000 temperatures. Range: 0.90 to 46.15
Processing batch 8/12 (rows 7001-8000)
  Calculated 1000 temperatures. Range: 2.09 to 19.45
Processing batch 9/12 (rows 8001-9000)
  Calculated 1000 temperatures. Range: 2.45 to 20.19
Processing batch 10/12 (rows 9001-10000)
  Calculated 1000 temperatures. Range: 1.15 to 22.32
Processing batch 11/12 (rows 10001-11000)
  Calculated 1000 temperatures. Range: 4.94 to 22.60
Processing batch 12/12 (rows 11001-11035)
  Calculated 35 temperatures. Range: 7.56 to 21.21
Total observations: 11035, Unique timestamps: 2207
MR parameters: mass=0.31, elev=1740.0, b0=16.50, b1=0.85, b2=-0.47, b3=0.000108
Sample tb=284.06 K, log(mass)=-1.1712, 1/(kT)=40.839658, exponent=-3.5022, rmr=0.030130
Sample tb=285.42 K, log(mass)=-1.1712, 1/(kT)=40.644938, exponent=-3.4107, rmr=0.033018
Sample tb=290.89 K, log(mass)=-1.1712, 1/(kT)=39.881353, exponent=-3.0518, rmr=0.047273
Sample tb=290.91 K, log(mass)=-1.1712, 1/(kT)=39.877491, exponent=-3.0500, rmr=0.047359
Sample tb=277.99 K, log(mass)=-1.1712, 1/(kT)=41.732002, exponent=-3.9216, rmr=0.019809
MR results: 0 NA, 0 infinite, 0 negative, 0 zero
Energy calculations: 4625 non-zero gains, 11035 non-zero losses out of 11035 observations
Saved results to output/results/Eldo/2011/F/eb_results_MS_2011_Eldo_B1.rds

Processing: Species=MS, Year=2012, Origin=Eldo, Climate=B1, Sex=F
Looking for climate data at: /mmfs1/gscratch/biology/jmsmith/targeted_microclimate/B1/simplified_B1_2012.rds
Directory /mmfs1/gscratch/biology/jmsmith/targeted_microclimate/B1 exists. Contents:
simplified_B1_1945.rds
simplified_B1_1946.rds
simplified_B1_1947.rds
simplified_B1_1948.rds
simplified_B1_1949.rds
simplified_B1_1950.rds
simplified_B1_1951.rds
simplified_B1_1952.rds
simplified_B1_1953.rds
simplified_B1_1954.rds
simplified_B1_1955.rds
simplified_B1_1956.rds
simplified_B1_1957.rds
simplified_B1_1958.rds
simplified_B1_1959.rds
simplified_B1_1960.rds
simplified_B1_1961.rds
simplified_B1_1962.rds
simplified_B1_1963.rds
simplified_B1_1964.rds
simplified_B1_2005.rds
simplified_B1_2006.rds
simplified_B1_2007.rds
simplified_B1_2008.rds
simplified_B1_2009.rds
simplified_B1_2010.rds
simplified_B1_2011.rds
simplified_B1_2012.rds
simplified_B1_2013.rds
simplified_B1_2014.rds
simplified_B1_2015.rds
simplified_B1_2016.rds
simplified_B1_2017.rds
simplified_B1_2018.rds
simplified_B1_2019.rds
simplified_B1_2020.rds
simplified_B1_2021.rds
simplified_B1_2022.rds
simplified_B1_2023.rds
simplified_B1_2024.rds
Processing batch 1/12 (rows 1-1000)
  Calculated 1000 temperatures. Range: -3.92 to 59.47
Processing batch 2/12 (rows 1001-2000)
  Calculated 1000 temperatures. Range: -0.01 to 60.00
Processing batch 3/12 (rows 2001-3000)
  Calculated 1000 temperatures. Range: -2.06 to 57.78
Processing batch 4/12 (rows 3001-4000)
  Calculated 1000 temperatures. Range: 3.83 to 49.48
Processing batch 5/12 (rows 4001-5000)
  Calculated 1000 temperatures. Range: -1.78 to 47.90
Processing batch 6/12 (rows 5001-6000)
  Calculated 1000 temperatures. Range: 4.13 to 49.71
Processing batch 7/12 (rows 6001-7000)
  Calculated 1000 temperatures. Range: -0.70 to 47.34
Processing batch 8/12 (rows 7001-8000)
  Calculated 1000 temperatures. Range: 2.35 to 19.66
Processing batch 9/12 (rows 8001-9000)
  Calculated 1000 temperatures. Range: 2.99 to 20.51
Processing batch 10/12 (rows 9001-10000)
  Calculated 1000 temperatures. Range: -0.22 to 24.62
Processing batch 11/12 (rows 10001-11000)
  Calculated 1000 temperatures. Range: 2.89 to 23.23
Processing batch 12/12 (rows 11001-11035)
  Calculated 35 temperatures. Range: 6.35 to 20.01
Total observations: 11035, Unique timestamps: 2207
MR parameters: mass=0.31, elev=1740.0, b0=16.50, b1=0.85, b2=-0.47, b3=0.000108
Sample tb=307.60 K, log(mass)=-1.1712, 1/(kT)=37.713892, exponent=-2.0331, rmr=0.130927
Sample tb=308.14 K, log(mass)=-1.1712, 1/(kT)=37.648606, exponent=-2.0024, rmr=0.135007
Sample tb=306.64 K, log(mass)=-1.1712, 1/(kT)=37.831968, exponent=-2.0886, rmr=0.123859
Sample tb=287.82 K, log(mass)=-1.1712, 1/(kT)=40.306355, exponent=-3.2516, rmr=0.038713
Sample tb=278.65 K, log(mass)=-1.1712, 1/(kT)=41.632617, exponent=-3.8749, rmr=0.020756
MR results: 0 NA, 0 infinite, 0 negative, 0 zero
Energy calculations: 4786 non-zero gains, 11035 non-zero losses out of 11035 observations
Saved results to output/results/Eldo/2012/F/eb_results_MS_2012_Eldo_B1.rds

Processing: Species=MS, Year=2013, Origin=Eldo, Climate=B1, Sex=F
Looking for climate data at: /mmfs1/gscratch/biology/jmsmith/targeted_microclimate/B1/simplified_B1_2013.rds
Directory /mmfs1/gscratch/biology/jmsmith/targeted_microclimate/B1 exists. Contents:
simplified_B1_1945.rds
simplified_B1_1946.rds
simplified_B1_1947.rds
simplified_B1_1948.rds
simplified_B1_1949.rds
simplified_B1_1950.rds
simplified_B1_1951.rds
simplified_B1_1952.rds
simplified_B1_1953.rds
simplified_B1_1954.rds
simplified_B1_1955.rds
simplified_B1_1956.rds
simplified_B1_1957.rds
simplified_B1_1958.rds
simplified_B1_1959.rds
simplified_B1_1960.rds
simplified_B1_1961.rds
simplified_B1_1962.rds
simplified_B1_1963.rds
simplified_B1_1964.rds
simplified_B1_2005.rds
simplified_B1_2006.rds
simplified_B1_2007.rds
simplified_B1_2008.rds
simplified_B1_2009.rds
simplified_B1_2010.rds
simplified_B1_2011.rds
simplified_B1_2012.rds
simplified_B1_2013.rds
simplified_B1_2014.rds
simplified_B1_2015.rds
simplified_B1_2016.rds
simplified_B1_2017.rds
simplified_B1_2018.rds
simplified_B1_2019.rds
simplified_B1_2020.rds
simplified_B1_2021.rds
simplified_B1_2022.rds
simplified_B1_2023.rds
simplified_B1_2024.rds
Processing batch 1/12 (rows 1-1000)
  Calculated 1000 temperatures. Range: -2.93 to 60.00
Processing batch 2/12 (rows 1001-2000)
  Calculated 1000 temperatures. Range: 2.15 to 58.38
Processing batch 3/12 (rows 2001-3000)
  Calculated 1000 temperatures. Range: -1.72 to 54.37
Processing batch 4/12 (rows 3001-4000)
  Calculated 1000 temperatures. Range: 3.48 to 47.88
Processing batch 5/12 (rows 4001-5000)
  Calculated 1000 temperatures. Range: -1.08 to 46.33
Processing batch 6/12 (rows 5001-6000)
  Calculated 1000 temperatures. Range: 4.24 to 53.32
Processing batch 7/12 (rows 6001-7000)
  Calculated 1000 temperatures. Range: 0.45 to 45.64
Processing batch 8/12 (rows 7001-8000)
  Calculated 1000 temperatures. Range: 2.13 to 19.10
Processing batch 9/12 (rows 8001-9000)
  Calculated 1000 temperatures. Range: 0.28 to 18.88
Processing batch 10/12 (rows 9001-10000)
  Calculated 1000 temperatures. Range: 3.01 to 23.33
Processing batch 11/12 (rows 10001-11000)
  Calculated 1000 temperatures. Range: 4.46 to 22.52
Processing batch 12/12 (rows 11001-11035)
  Calculated 35 temperatures. Range: 9.16 to 20.36
Total observations: 11035, Unique timestamps: 2207
MR parameters: mass=0.31, elev=1740.0, b0=16.50, b1=0.85, b2=-0.47, b3=0.000108
Sample tb=298.61 K, log(mass)=-1.1712, 1/(kT)=38.849792, exponent=-2.5670, rmr=0.076766
Sample tb=283.76 K, log(mass)=-1.1712, 1/(kT)=40.882316, exponent=-3.5223, rmr=0.029532
Sample tb=290.46 K, log(mass)=-1.1712, 1/(kT)=39.940041, exponent=-3.0794, rmr=0.045987
Sample tb=319.34 K, log(mass)=-1.1712, 1/(kT)=36.328221, exponent=-1.3818, rmr=0.251114
Sample tb=283.61 K, log(mass)=-1.1712, 1/(kT)=40.904743, exponent=-3.5328, rmr=0.029223
MR results: 0 NA, 0 infinite, 0 negative, 0 zero
Energy calculations: 4602 non-zero gains, 11035 non-zero losses out of 11035 observations
Saved results to output/results/Eldo/2013/F/eb_results_MS_2013_Eldo_B1.rds

Processing: Species=MS, Year=2014, Origin=Eldo, Climate=B1, Sex=F
Looking for climate data at: /mmfs1/gscratch/biology/jmsmith/targeted_microclimate/B1/simplified_B1_2014.rds
Directory /mmfs1/gscratch/biology/jmsmith/targeted_microclimate/B1 exists. Contents:
simplified_B1_1945.rds
simplified_B1_1946.rds
simplified_B1_1947.rds
simplified_B1_1948.rds
simplified_B1_1949.rds
simplified_B1_1950.rds
simplified_B1_1951.rds
simplified_B1_1952.rds
simplified_B1_1953.rds
simplified_B1_1954.rds
simplified_B1_1955.rds
simplified_B1_1956.rds
simplified_B1_1957.rds
simplified_B1_1958.rds
simplified_B1_1959.rds
simplified_B1_1960.rds
simplified_B1_1961.rds
simplified_B1_1962.rds
simplified_B1_1963.rds
simplified_B1_1964.rds
simplified_B1_2005.rds
simplified_B1_2006.rds
simplified_B1_2007.rds
simplified_B1_2008.rds
simplified_B1_2009.rds
simplified_B1_2010.rds
simplified_B1_2011.rds
simplified_B1_2012.rds
simplified_B1_2013.rds
simplified_B1_2014.rds
simplified_B1_2015.rds
simplified_B1_2016.rds
simplified_B1_2017.rds
simplified_B1_2018.rds
simplified_B1_2019.rds
simplified_B1_2020.rds
simplified_B1_2021.rds
simplified_B1_2022.rds
simplified_B1_2023.rds
simplified_B1_2024.rds
Processing batch 1/12 (rows 1-1000)
  Calculated 1000 temperatures. Range: -2.69 to 59.05
Processing batch 2/12 (rows 1001-2000)
  Calculated 1000 temperatures. Range: 2.52 to 58.26
Processing batch 3/12 (rows 2001-3000)
  Calculated 1000 temperatures. Range: -1.15 to 47.35
Processing batch 4/12 (rows 3001-4000)
  Calculated 1000 temperatures. Range: 3.93 to 48.76
Processing batch 5/12 (rows 4001-5000)
  Calculated 1000 temperatures. Range: -0.85 to 43.36
Processing batch 6/12 (rows 5001-6000)
  Calculated 1000 temperatures. Range: 3.90 to 48.28
Processing batch 7/12 (rows 6001-7000)
  Calculated 1000 temperatures. Range: -0.19 to 43.69
Processing batch 8/12 (rows 7001-8000)
  Calculated 1000 temperatures. Range: 1.51 to 18.40
Processing batch 9/12 (rows 8001-9000)
  Calculated 1000 temperatures. Range: 2.87 to 18.78
Processing batch 10/12 (rows 9001-10000)
  Calculated 1000 temperatures. Range: 0.08 to 21.93
Processing batch 11/12 (rows 10001-11000)
  Calculated 1000 temperatures. Range: 4.03 to 21.89
Processing batch 12/12 (rows 11001-11035)
  Calculated 35 temperatures. Range: 4.16 to 17.93
Total observations: 11035, Unique timestamps: 2207
MR parameters: mass=0.31, elev=1740.0, b0=16.50, b1=0.85, b2=-0.47, b3=0.000108
Sample tb=301.09 K, log(mass)=-1.1712, 1/(kT)=38.529493, exponent=-2.4164, rmr=0.089238
Sample tb=291.52 K, log(mass)=-1.1712, 1/(kT)=39.795199, exponent=-3.0113, rmr=0.049226
Sample tb=283.63 K, log(mass)=-1.1712, 1/(kT)=40.901284, exponent=-3.5312, rmr=0.029270
Sample tb=288.29 K, log(mass)=-1.1712, 1/(kT)=40.240914, exponent=-3.2208, rmr=0.039922
Sample tb=275.82 K, log(mass)=-1.1712, 1/(kT)=42.059263, exponent=-4.0754, rmr=0.016985
MR results: 0 NA, 0 infinite, 0 negative, 0 zero
Energy calculations: 4137 non-zero gains, 11035 non-zero losses out of 11035 observations
Saved results to output/results/Eldo/2014/F/eb_results_MS_2014_Eldo_B1.rds

Processing: Species=MS, Year=2015, Origin=Eldo, Climate=B1, Sex=F
Looking for climate data at: /mmfs1/gscratch/biology/jmsmith/targeted_microclimate/B1/simplified_B1_2015.rds
Directory /mmfs1/gscratch/biology/jmsmith/targeted_microclimate/B1 exists. Contents:
simplified_B1_1945.rds
simplified_B1_1946.rds
simplified_B1_1947.rds
simplified_B1_1948.rds
simplified_B1_1949.rds
simplified_B1_1950.rds
simplified_B1_1951.rds
simplified_B1_1952.rds
simplified_B1_1953.rds
simplified_B1_1954.rds
simplified_B1_1955.rds
simplified_B1_1956.rds
simplified_B1_1957.rds
simplified_B1_1958.rds
simplified_B1_1959.rds
simplified_B1_1960.rds
simplified_B1_1961.rds
simplified_B1_1962.rds
simplified_B1_1963.rds
simplified_B1_1964.rds
simplified_B1_2005.rds
simplified_B1_2006.rds
simplified_B1_2007.rds
simplified_B1_2008.rds
simplified_B1_2009.rds
simplified_B1_2010.rds
simplified_B1_2011.rds
simplified_B1_2012.rds
simplified_B1_2013.rds
simplified_B1_2014.rds
simplified_B1_2015.rds
simplified_B1_2016.rds
simplified_B1_2017.rds
simplified_B1_2018.rds
simplified_B1_2019.rds
simplified_B1_2020.rds
simplified_B1_2021.rds
simplified_B1_2022.rds
simplified_B1_2023.rds
simplified_B1_2024.rds
Processing batch 1/12 (rows 1-1000)
  Calculated 1000 temperatures. Range: 1.30 to 60.00
Processing batch 2/12 (rows 1001-2000)
  Calculated 1000 temperatures. Range: 0.95 to 58.61
Processing batch 3/12 (rows 2001-3000)
  Calculated 1000 temperatures. Range: 0.16 to 55.25
Processing batch 4/12 (rows 3001-4000)
  Calculated 1000 temperatures. Range: 4.26 to 48.02
Processing batch 5/12 (rows 4001-5000)
  Calculated 1000 temperatures. Range: 1.31 to 49.00
Processing batch 6/12 (rows 5001-6000)
  Calculated 1000 temperatures. Range: 4.72 to 48.75
Processing batch 7/12 (rows 6001-7000)
  Calculated 1000 temperatures. Range: 1.78 to 47.37
Processing batch 8/12 (rows 7001-8000)
  Calculated 1000 temperatures. Range: 4.66 to 19.88
Processing batch 9/12 (rows 8001-9000)
  Calculated 1000 temperatures. Range: 2.51 to 19.66
Processing batch 10/12 (rows 9001-10000)
  Calculated 1000 temperatures. Range: 3.64 to 22.51
Processing batch 11/12 (rows 10001-11000)
  Calculated 1000 temperatures. Range: 2.79 to 23.15
Processing batch 12/12 (rows 11001-11035)
  Calculated 35 temperatures. Range: 7.74 to 21.39
Total observations: 11035, Unique timestamps: 2207
MR parameters: mass=0.31, elev=1740.0, b0=16.50, b1=0.85, b2=-0.47, b3=0.000108
Sample tb=282.85 K, log(mass)=-1.1712, 1/(kT)=41.014435, exponent=-3.5844, rmr=0.027754
Sample tb=287.79 K, log(mass)=-1.1712, 1/(kT)=40.310692, exponent=-3.2536, rmr=0.038634
Sample tb=281.97 K, log(mass)=-1.1712, 1/(kT)=41.141776, exponent=-3.6442, rmr=0.026142
Sample tb=283.02 K, log(mass)=-1.1712, 1/(kT)=40.989883, exponent=-3.5728, rmr=0.028076
Sample tb=313.37 K, log(mass)=-1.1712, 1/(kT)=37.019586, exponent=-1.7068, rmr=0.181447
MR results: 0 NA, 0 infinite, 0 negative, 0 zero
Energy calculations: 4542 non-zero gains, 11035 non-zero losses out of 11035 observations
Saved results to output/results/Eldo/2015/F/eb_results_MS_2015_Eldo_B1.rds

Processing: Species=MS, Year=2016, Origin=Eldo, Climate=B1, Sex=F
Looking for climate data at: /mmfs1/gscratch/biology/jmsmith/targeted_microclimate/B1/simplified_B1_2016.rds
Directory /mmfs1/gscratch/biology/jmsmith/targeted_microclimate/B1 exists. Contents:
simplified_B1_1945.rds
simplified_B1_1946.rds
simplified_B1_1947.rds
simplified_B1_1948.rds
simplified_B1_1949.rds
simplified_B1_1950.rds
simplified_B1_1951.rds
simplified_B1_1952.rds
simplified_B1_1953.rds
simplified_B1_1954.rds
simplified_B1_1955.rds
simplified_B1_1956.rds
simplified_B1_1957.rds
simplified_B1_1958.rds
simplified_B1_1959.rds
simplified_B1_1960.rds
simplified_B1_1961.rds
simplified_B1_1962.rds
simplified_B1_1963.rds
simplified_B1_1964.rds
simplified_B1_2005.rds
simplified_B1_2006.rds
simplified_B1_2007.rds
simplified_B1_2008.rds
simplified_B1_2009.rds
simplified_B1_2010.rds
simplified_B1_2011.rds
simplified_B1_2012.rds
simplified_B1_2013.rds
simplified_B1_2014.rds
simplified_B1_2015.rds
simplified_B1_2016.rds
simplified_B1_2017.rds
simplified_B1_2018.rds
simplified_B1_2019.rds
simplified_B1_2020.rds
simplified_B1_2021.rds
simplified_B1_2022.rds
simplified_B1_2023.rds
simplified_B1_2024.rds
Processing batch 1/12 (rows 1-1000)
  Calculated 1000 temperatures. Range: 1.21 to 60.00
Processing batch 2/12 (rows 1001-2000)
  Calculated 1000 temperatures. Range: 2.24 to 59.70
Processing batch 3/12 (rows 2001-3000)
  Calculated 1000 temperatures. Range: -0.37 to 50.26
Processing batch 4/12 (rows 3001-4000)
  Calculated 1000 temperatures. Range: 3.78 to 49.27
Processing batch 5/12 (rows 4001-5000)
  Calculated 1000 temperatures. Range: 0.57 to 50.00
Processing batch 6/12 (rows 5001-6000)
  Calculated 1000 temperatures. Range: 4.15 to 49.68
Processing batch 7/12 (rows 6001-7000)
  Calculated 1000 temperatures. Range: 1.16 to 47.95
Processing batch 8/12 (rows 7001-8000)
  Calculated 1000 temperatures. Range: 3.80 to 20.18
Processing batch 9/12 (rows 8001-9000)
  Calculated 1000 temperatures. Range: 2.32 to 19.08
Processing batch 10/12 (rows 9001-10000)
  Calculated 1000 temperatures. Range: 3.69 to 24.00
Processing batch 11/12 (rows 10001-11000)
  Calculated 1000 temperatures. Range: 2.26 to 22.96
Processing batch 12/12 (rows 11001-11035)
  Calculated 35 temperatures. Range: 4.55 to 16.87
Total observations: 11035, Unique timestamps: 2207
MR parameters: mass=0.31, elev=1740.0, b0=16.50, b1=0.85, b2=-0.47, b3=0.000108
Sample tb=283.31 K, log(mass)=-1.1712, 1/(kT)=40.948043, exponent=-3.5532, rmr=0.028634
Sample tb=283.53 K, log(mass)=-1.1712, 1/(kT)=40.915711, exponent=-3.5380, rmr=0.029072
Sample tb=282.79 K, log(mass)=-1.1712, 1/(kT)=41.023178, exponent=-3.5885, rmr=0.027640
Sample tb=318.65 K, log(mass)=-1.1712, 1/(kT)=36.406696, exponent=-1.4187, rmr=0.242021
Sample tb=279.70 K, log(mass)=-1.1712, 1/(kT)=41.476838, exponent=-3.8017, rmr=0.022333
MR results: 0 NA, 0 infinite, 0 negative, 0 zero
Energy calculations: 4612 non-zero gains, 11035 non-zero losses out of 11035 observations
Saved results to output/results/Eldo/2016/F/eb_results_MS_2016_Eldo_B1.rds

Processing: Species=MS, Year=2017, Origin=Eldo, Climate=B1, Sex=F
Looking for climate data at: /mmfs1/gscratch/biology/jmsmith/targeted_microclimate/B1/simplified_B1_2017.rds
Directory /mmfs1/gscratch/biology/jmsmith/targeted_microclimate/B1 exists. Contents:
simplified_B1_1945.rds
simplified_B1_1946.rds
simplified_B1_1947.rds
simplified_B1_1948.rds
simplified_B1_1949.rds
simplified_B1_1950.rds
simplified_B1_1951.rds
simplified_B1_1952.rds
simplified_B1_1953.rds
simplified_B1_1954.rds
simplified_B1_1955.rds
simplified_B1_1956.rds
simplified_B1_1957.rds
simplified_B1_1958.rds
simplified_B1_1959.rds
simplified_B1_1960.rds
simplified_B1_1961.rds
simplified_B1_1962.rds
simplified_B1_1963.rds
simplified_B1_1964.rds
simplified_B1_2005.rds
simplified_B1_2006.rds
simplified_B1_2007.rds
simplified_B1_2008.rds
simplified_B1_2009.rds
simplified_B1_2010.rds
simplified_B1_2011.rds
simplified_B1_2012.rds
simplified_B1_2013.rds
simplified_B1_2014.rds
simplified_B1_2015.rds
simplified_B1_2016.rds
simplified_B1_2017.rds
simplified_B1_2018.rds
simplified_B1_2019.rds
simplified_B1_2020.rds
simplified_B1_2021.rds
simplified_B1_2022.rds
simplified_B1_2023.rds
simplified_B1_2024.rds
Processing batch 1/12 (rows 1-1000)
  Calculated 1000 temperatures. Range: -1.13 to 60.00
Processing batch 2/12 (rows 1001-2000)
  Calculated 1000 temperatures. Range: 3.68 to 60.00
Processing batch 3/12 (rows 2001-3000)
  Calculated 1000 temperatures. Range: 1.01 to 56.09
Processing batch 4/12 (rows 3001-4000)
  Calculated 1000 temperatures. Range: 4.75 to 50.42
Processing batch 5/12 (rows 4001-5000)
  Calculated 1000 temperatures. Range: 0.99 to 48.62
Processing batch 6/12 (rows 5001-6000)
  Calculated 1000 temperatures. Range: 2.36 to 49.66
Processing batch 7/12 (rows 6001-7000)
  Calculated 1000 temperatures. Range: 1.52 to 47.97
Processing batch 8/12 (rows 7001-8000)
  Calculated 1000 temperatures. Range: 2.68 to 20.43
Processing batch 9/12 (rows 8001-9000)
  Calculated 1000 temperatures. Range: 3.49 to 18.69
Processing batch 10/12 (rows 9001-10000)
  Calculated 1000 temperatures. Range: 2.57 to 23.35
Processing batch 11/12 (rows 10001-11000)
  Calculated 1000 temperatures. Range: 5.28 to 22.68
Processing batch 12/12 (rows 11001-11035)
  Calculated 35 temperatures. Range: 5.85 to 19.08
Total observations: 11035, Unique timestamps: 2207
MR parameters: mass=0.31, elev=1740.0, b0=16.50, b1=0.85, b2=-0.47, b3=0.000108
Sample tb=298.07 K, log(mass)=-1.1712, 1/(kT)=38.919525, exponent=-2.5998, rmr=0.074291
Sample tb=281.62 K, log(mass)=-1.1712, 1/(kT)=41.193123, exponent=-3.6684, rmr=0.025518
Sample tb=285.91 K, log(mass)=-1.1712, 1/(kT)=40.575513, exponent=-3.3781, rmr=0.034113
Sample tb=319.12 K, log(mass)=-1.1712, 1/(kT)=36.352384, exponent=-1.3932, rmr=0.248278
Sample tb=290.55 K, log(mass)=-1.1712, 1/(kT)=39.928107, exponent=-3.0738, rmr=0.046245
MR results: 0 NA, 0 infinite, 0 negative, 0 zero
Energy calculations: 4528 non-zero gains, 11035 non-zero losses out of 11035 observations
Saved results to output/results/Eldo/2017/F/eb_results_MS_2017_Eldo_B1.rds

Processing: Species=MS, Year=2018, Origin=Eldo, Climate=B1, Sex=F
Looking for climate data at: /mmfs1/gscratch/biology/jmsmith/targeted_microclimate/B1/simplified_B1_2018.rds
Directory /mmfs1/gscratch/biology/jmsmith/targeted_microclimate/B1 exists. Contents:
simplified_B1_1945.rds
simplified_B1_1946.rds
simplified_B1_1947.rds
simplified_B1_1948.rds
simplified_B1_1949.rds
simplified_B1_1950.rds
simplified_B1_1951.rds
simplified_B1_1952.rds
simplified_B1_1953.rds
simplified_B1_1954.rds
simplified_B1_1955.rds
simplified_B1_1956.rds
simplified_B1_1957.rds
simplified_B1_1958.rds
simplified_B1_1959.rds
simplified_B1_1960.rds
simplified_B1_1961.rds
simplified_B1_1962.rds
simplified_B1_1963.rds
simplified_B1_1964.rds
simplified_B1_2005.rds
simplified_B1_2006.rds
simplified_B1_2007.rds
simplified_B1_2008.rds
simplified_B1_2009.rds
simplified_B1_2010.rds
simplified_B1_2011.rds
simplified_B1_2012.rds
simplified_B1_2013.rds
simplified_B1_2014.rds
simplified_B1_2015.rds
simplified_B1_2016.rds
simplified_B1_2017.rds
simplified_B1_2018.rds
simplified_B1_2019.rds
simplified_B1_2020.rds
simplified_B1_2021.rds
simplified_B1_2022.rds
simplified_B1_2023.rds
simplified_B1_2024.rds
Processing batch 1/12 (rows 1-1000)
  Calculated 1000 temperatures. Range: -1.35 to 60.00
Processing batch 2/12 (rows 1001-2000)
  Calculated 1000 temperatures. Range: 1.68 to 59.43
Processing batch 3/12 (rows 2001-3000)
  Calculated 1000 temperatures. Range: 0.24 to 51.67
Processing batch 4/12 (rows 3001-4000)
  Calculated 1000 temperatures. Range: 3.67 to 48.29
Processing batch 5/12 (rows 4001-5000)
  Calculated 1000 temperatures. Range: 0.33 to 50.04
Processing batch 6/12 (rows 5001-6000)
  Calculated 1000 temperatures. Range: 2.81 to 48.47
Processing batch 7/12 (rows 6001-7000)
  Calculated 1000 temperatures. Range: 1.07 to 42.11
Processing batch 8/12 (rows 7001-8000)
  Calculated 1000 temperatures. Range: 2.99 to 20.00
Processing batch 9/12 (rows 8001-9000)
  Calculated 1000 temperatures. Range: 1.62 to 21.13
Processing batch 10/12 (rows 9001-10000)
  Calculated 1000 temperatures. Range: 3.14 to 24.05
Processing batch 11/12 (rows 10001-11000)
  Calculated 1000 temperatures. Range: 2.98 to 22.95
Processing batch 12/12 (rows 11001-11035)
  Calculated 35 temperatures. Range: 6.54 to 19.76
Total observations: 11035, Unique timestamps: 2207
MR parameters: mass=0.31, elev=1740.0, b0=16.50, b1=0.85, b2=-0.47, b3=0.000108
Sample tb=293.47 K, log(mass)=-1.1712, 1/(kT)=39.530351, exponent=-2.8869, rmr=0.055752
Sample tb=279.11 K, log(mass)=-1.1712, 1/(kT)=41.563508, exponent=-3.8424, rmr=0.021441
Sample tb=297.10 K, log(mass)=-1.1712, 1/(kT)=39.046829, exponent=-2.6596, rmr=0.069977
Sample tb=280.14 K, log(mass)=-1.1712, 1/(kT)=41.411653, exponent=-3.7711, rmr=0.023028
Sample tb=301.21 K, log(mass)=-1.1712, 1/(kT)=38.513794, exponent=-2.4091, rmr=0.089899
MR results: 0 NA, 0 infinite, 0 negative, 0 zero
Energy calculations: 4732 non-zero gains, 11035 non-zero losses out of 11035 observations
Saved results to output/results/Eldo/2018/F/eb_results_MS_2018_Eldo_B1.rds

Processing: Species=MS, Year=2019, Origin=Eldo, Climate=B1, Sex=F
Looking for climate data at: /mmfs1/gscratch/biology/jmsmith/targeted_microclimate/B1/simplified_B1_2019.rds
Directory /mmfs1/gscratch/biology/jmsmith/targeted_microclimate/B1 exists. Contents:
simplified_B1_1945.rds
simplified_B1_1946.rds
simplified_B1_1947.rds
simplified_B1_1948.rds
simplified_B1_1949.rds
simplified_B1_1950.rds
simplified_B1_1951.rds
simplified_B1_1952.rds
simplified_B1_1953.rds
simplified_B1_1954.rds
simplified_B1_1955.rds
simplified_B1_1956.rds
simplified_B1_1957.rds
simplified_B1_1958.rds
simplified_B1_1959.rds
simplified_B1_1960.rds
simplified_B1_1961.rds
simplified_B1_1962.rds
simplified_B1_1963.rds
simplified_B1_1964.rds
simplified_B1_2005.rds
simplified_B1_2006.rds
simplified_B1_2007.rds
simplified_B1_2008.rds
simplified_B1_2009.rds
simplified_B1_2010.rds
simplified_B1_2011.rds
simplified_B1_2012.rds
simplified_B1_2013.rds
simplified_B1_2014.rds
simplified_B1_2015.rds
simplified_B1_2016.rds
simplified_B1_2017.rds
simplified_B1_2018.rds
simplified_B1_2019.rds
simplified_B1_2020.rds
simplified_B1_2021.rds
simplified_B1_2022.rds
simplified_B1_2023.rds
simplified_B1_2024.rds
Processing batch 1/12 (rows 1-1000)
  Calculated 1000 temperatures. Range: -1.08 to 60.00
Processing batch 2/12 (rows 1001-2000)
  Calculated 1000 temperatures. Range: 2.89 to 60.00
Processing batch 3/12 (rows 2001-3000)
  Calculated 1000 temperatures. Range: -1.01 to 51.52
Processing batch 4/12 (rows 3001-4000)
  Calculated 1000 temperatures. Range: 4.42 to 53.01
Processing batch 5/12 (rows 4001-5000)
  Calculated 1000 temperatures. Range: -0.01 to 44.80
Processing batch 6/12 (rows 5001-6000)
  Calculated 1000 temperatures. Range: 3.33 to 52.72
Processing batch 7/12 (rows 6001-7000)
  Calculated 1000 temperatures. Range: 0.63 to 47.53
Processing batch 8/12 (rows 7001-8000)
  Calculated 1000 temperatures. Range: 0.82 to 20.21
Processing batch 9/12 (rows 8001-9000)
  Calculated 1000 temperatures. Range: 2.83 to 19.56
Processing batch 10/12 (rows 9001-10000)
  Calculated 1000 temperatures. Range: 0.02 to 24.25
Processing batch 11/12 (rows 10001-11000)
  Calculated 1000 temperatures. Range: 4.87 to 24.67
Processing batch 12/12 (rows 11001-11035)
  Calculated 35 temperatures. Range: 6.93 to 20.17
Total observations: 11035, Unique timestamps: 2207
MR parameters: mass=0.31, elev=1740.0, b0=16.50, b1=0.85, b2=-0.47, b3=0.000108
Sample tb=294.68 K, log(mass)=-1.1712, 1/(kT)=39.367584, exponent=-2.8103, rmr=0.060184
Sample tb=281.88 K, log(mass)=-1.1712, 1/(kT)=41.155161, exponent=-3.6505, rmr=0.025978
Sample tb=282.18 K, log(mass)=-1.1712, 1/(kT)=41.111443, exponent=-3.6300, rmr=0.026517
Sample tb=296.98 K, log(mass)=-1.1712, 1/(kT)=39.063070, exponent=-2.6672, rmr=0.069444
Sample tb=282.05 K, log(mass)=-1.1712, 1/(kT)=41.130108, exponent=-3.6387, rmr=0.026286
MR results: 0 NA, 0 infinite, 0 negative, 0 zero
Energy calculations: 4588 non-zero gains, 11035 non-zero losses out of 11035 observations
Saved results to output/results/Eldo/2019/F/eb_results_MS_2019_Eldo_B1.rds

Processing: Species=MS, Year=2020, Origin=Eldo, Climate=B1, Sex=F
Looking for climate data at: /mmfs1/gscratch/biology/jmsmith/targeted_microclimate/B1/simplified_B1_2020.rds
Directory /mmfs1/gscratch/biology/jmsmith/targeted_microclimate/B1 exists. Contents:
simplified_B1_1945.rds
simplified_B1_1946.rds
simplified_B1_1947.rds
simplified_B1_1948.rds
simplified_B1_1949.rds
simplified_B1_1950.rds
simplified_B1_1951.rds
simplified_B1_1952.rds
simplified_B1_1953.rds
simplified_B1_1954.rds
simplified_B1_1955.rds
simplified_B1_1956.rds
simplified_B1_1957.rds
simplified_B1_1958.rds
simplified_B1_1959.rds
simplified_B1_1960.rds
simplified_B1_1961.rds
simplified_B1_1962.rds
simplified_B1_1963.rds
simplified_B1_1964.rds
simplified_B1_2005.rds
simplified_B1_2006.rds
simplified_B1_2007.rds
simplified_B1_2008.rds
simplified_B1_2009.rds
simplified_B1_2010.rds
simplified_B1_2011.rds
simplified_B1_2012.rds
simplified_B1_2013.rds
simplified_B1_2014.rds
simplified_B1_2015.rds
simplified_B1_2016.rds
simplified_B1_2017.rds
simplified_B1_2018.rds
simplified_B1_2019.rds
simplified_B1_2020.rds
simplified_B1_2021.rds
simplified_B1_2022.rds
simplified_B1_2023.rds
simplified_B1_2024.rds
Processing batch 1/12 (rows 1-1000)
  Calculated 1000 temperatures. Range: -1.53 to 59.84
Processing batch 2/12 (rows 1001-2000)
  Calculated 1000 temperatures. Range: 3.32 to 58.93
Processing batch 3/12 (rows 2001-3000)
  Calculated 1000 temperatures. Range: -0.09 to 55.48
Processing batch 4/12 (rows 3001-4000)
  Calculated 1000 temperatures. Range: 4.23 to 48.32
Processing batch 5/12 (rows 4001-5000)
  Calculated 1000 temperatures. Range: 0.11 to 47.85
Processing batch 6/12 (rows 5001-6000)
  Calculated 1000 temperatures. Range: 1.72 to 48.10
Processing batch 7/12 (rows 6001-7000)
  Calculated 1000 temperatures. Range: 0.38 to 48.25
Processing batch 8/12 (rows 7001-8000)
  Calculated 1000 temperatures. Range: 0.95 to 18.96
Processing batch 9/12 (rows 8001-9000)
  Calculated 1000 temperatures. Range: 1.67 to 21.53
Processing batch 10/12 (rows 9001-10000)
  Calculated 1000 temperatures. Range: 1.11 to 23.02
Processing batch 11/12 (rows 10001-11000)
  Calculated 1000 temperatures. Range: 5.88 to 22.96
Processing batch 12/12 (rows 11001-11035)
  Calculated 35 temperatures. Range: 2.19 to 18.97
Total observations: 11035, Unique timestamps: 2207
MR parameters: mass=0.31, elev=1740.0, b0=16.50, b1=0.85, b2=-0.47, b3=0.000108
Sample tb=322.80 K, log(mass)=-1.1712, 1/(kT)=35.938770, exponent=-1.1988, rmr=0.301554
Sample tb=283.50 K, log(mass)=-1.1712, 1/(kT)=40.921098, exponent=-3.5405, rmr=0.028999
Sample tb=301.02 K, log(mass)=-1.1712, 1/(kT)=38.538668, exponent=-2.4208, rmr=0.088854
Sample tb=287.24 K, log(mass)=-1.1712, 1/(kT)=40.387495, exponent=-3.2897, rmr=0.037265
Sample tb=282.82 K, log(mass)=-1.1712, 1/(kT)=41.018547, exponent=-3.5863, rmr=0.027701
MR results: 0 NA, 0 infinite, 0 negative, 0 zero
Energy calculations: 4758 non-zero gains, 11035 non-zero losses out of 11035 observations
Saved results to output/results/Eldo/2020/F/eb_results_MS_2020_Eldo_B1.rds

Processing: Species=MS, Year=2021, Origin=Eldo, Climate=B1, Sex=F
Looking for climate data at: /mmfs1/gscratch/biology/jmsmith/targeted_microclimate/B1/simplified_B1_2021.rds
Directory /mmfs1/gscratch/biology/jmsmith/targeted_microclimate/B1 exists. Contents:
simplified_B1_1945.rds
simplified_B1_1946.rds
simplified_B1_1947.rds
simplified_B1_1948.rds
simplified_B1_1949.rds
simplified_B1_1950.rds
simplified_B1_1951.rds
simplified_B1_1952.rds
simplified_B1_1953.rds
simplified_B1_1954.rds
simplified_B1_1955.rds
simplified_B1_1956.rds
simplified_B1_1957.rds
simplified_B1_1958.rds
simplified_B1_1959.rds
simplified_B1_1960.rds
simplified_B1_1961.rds
simplified_B1_1962.rds
simplified_B1_1963.rds
simplified_B1_1964.rds
simplified_B1_2005.rds
simplified_B1_2006.rds
simplified_B1_2007.rds
simplified_B1_2008.rds
simplified_B1_2009.rds
simplified_B1_2010.rds
simplified_B1_2011.rds
simplified_B1_2012.rds
simplified_B1_2013.rds
simplified_B1_2014.rds
simplified_B1_2015.rds
simplified_B1_2016.rds
simplified_B1_2017.rds
simplified_B1_2018.rds
simplified_B1_2019.rds
simplified_B1_2020.rds
simplified_B1_2021.rds
simplified_B1_2022.rds
simplified_B1_2023.rds
simplified_B1_2024.rds
Processing batch 1/12 (rows 1-1000)
  Calculated 1000 temperatures. Range: -3.68 to 60.00
Processing batch 2/12 (rows 1001-2000)
  Calculated 1000 temperatures. Range: 3.56 to 60.00
Processing batch 3/12 (rows 2001-3000)
  Calculated 1000 temperatures. Range: -2.24 to 52.63
Processing batch 4/12 (rows 3001-4000)
  Calculated 1000 temperatures. Range: 5.15 to 50.12
Processing batch 5/12 (rows 4001-5000)
  Calculated 1000 temperatures. Range: 0.03 to 51.71
Processing batch 6/12 (rows 5001-6000)
  Calculated 1000 temperatures. Range: 3.96 to 50.38
Processing batch 7/12 (rows 6001-7000)
  Calculated 1000 temperatures. Range: 1.00 to 44.79
Processing batch 8/12 (rows 7001-8000)
  Calculated 1000 temperatures. Range: 3.64 to 19.40
Processing batch 9/12 (rows 8001-9000)
  Calculated 1000 temperatures. Range: 0.49 to 20.94
Processing batch 10/12 (rows 9001-10000)
  Calculated 1000 temperatures. Range: 1.35 to 23.71
Processing batch 11/12 (rows 10001-11000)
  Calculated 1000 temperatures. Range: 4.71 to 23.26
Processing batch 12/12 (rows 11001-11035)
  Calculated 35 temperatures. Range: 5.09 to 21.36
Total observations: 11035, Unique timestamps: 2207
MR parameters: mass=0.31, elev=1740.0, b0=16.50, b1=0.85, b2=-0.47, b3=0.000108
Sample tb=287.31 K, log(mass)=-1.1712, 1/(kT)=40.377754, exponent=-3.2851, rmr=0.037436
Sample tb=282.73 K, log(mass)=-1.1712, 1/(kT)=41.031828, exponent=-3.5925, rmr=0.027528
Sample tb=284.69 K, log(mass)=-1.1712, 1/(kT)=40.749994, exponent=-3.4601, rmr=0.031427
Sample tb=281.40 K, log(mass)=-1.1712, 1/(kT)=41.226271, exponent=-3.6839, rmr=0.025124
Sample tb=281.55 K, log(mass)=-1.1712, 1/(kT)=41.203120, exponent=-3.6731, rmr=0.025399
MR results: 0 NA, 0 infinite, 0 negative, 0 zero
Energy calculations: 4801 non-zero gains, 11035 non-zero losses out of 11035 observations
Saved results to output/results/Eldo/2021/F/eb_results_MS_2021_Eldo_B1.rds

Processing: Species=MS, Year=2022, Origin=Eldo, Climate=B1, Sex=F
Looking for climate data at: /mmfs1/gscratch/biology/jmsmith/targeted_microclimate/B1/simplified_B1_2022.rds
Directory /mmfs1/gscratch/biology/jmsmith/targeted_microclimate/B1 exists. Contents:
simplified_B1_1945.rds
simplified_B1_1946.rds
simplified_B1_1947.rds
simplified_B1_1948.rds
simplified_B1_1949.rds
simplified_B1_1950.rds
simplified_B1_1951.rds
simplified_B1_1952.rds
simplified_B1_1953.rds
simplified_B1_1954.rds
simplified_B1_1955.rds
simplified_B1_1956.rds
simplified_B1_1957.rds
simplified_B1_1958.rds
simplified_B1_1959.rds
simplified_B1_1960.rds
simplified_B1_1961.rds
simplified_B1_1962.rds
simplified_B1_1963.rds
simplified_B1_1964.rds
simplified_B1_2005.rds
simplified_B1_2006.rds
simplified_B1_2007.rds
simplified_B1_2008.rds
simplified_B1_2009.rds
simplified_B1_2010.rds
simplified_B1_2011.rds
simplified_B1_2012.rds
simplified_B1_2013.rds
simplified_B1_2014.rds
simplified_B1_2015.rds
simplified_B1_2016.rds
simplified_B1_2017.rds
simplified_B1_2018.rds
simplified_B1_2019.rds
simplified_B1_2020.rds
simplified_B1_2021.rds
simplified_B1_2022.rds
simplified_B1_2023.rds
simplified_B1_2024.rds
Processing batch 1/12 (rows 1-1000)
  Calculated 1000 temperatures. Range: -5.08 to 60.00
Processing batch 2/12 (rows 1001-2000)
  Calculated 1000 temperatures. Range: 3.90 to 59.04
Processing batch 3/12 (rows 2001-3000)
  Calculated 1000 temperatures. Range: -3.33 to 57.51
Processing batch 4/12 (rows 3001-4000)
  Calculated 1000 temperatures. Range: 6.10 to 51.35
Processing batch 5/12 (rows 4001-5000)
  Calculated 1000 temperatures. Range: -2.50 to 46.68
Processing batch 6/12 (rows 5001-6000)
  Calculated 1000 temperatures. Range: 3.51 to 50.98
Processing batch 7/12 (rows 6001-7000)
  Calculated 1000 temperatures. Range: -2.38 to 46.52
Processing batch 8/12 (rows 7001-8000)
  Calculated 1000 temperatures. Range: 1.70 to 20.22
Processing batch 9/12 (rows 8001-9000)
  Calculated 1000 temperatures. Range: -1.84 to 19.53
Processing batch 10/12 (rows 9001-10000)
  Calculated 1000 temperatures. Range: 2.51 to 23.73
Processing batch 11/12 (rows 10001-11000)
  Calculated 1000 temperatures. Range: 5.87 to 23.25
Processing batch 12/12 (rows 11001-11035)
  Calculated 35 temperatures. Range: 5.86 to 21.07
Total observations: 11035, Unique timestamps: 2207
MR parameters: mass=0.31, elev=1740.0, b0=16.50, b1=0.85, b2=-0.47, b3=0.000108
Sample tb=279.01 K, log(mass)=-1.1712, 1/(kT)=41.579391, exponent=-3.8499, rmr=0.021282
Sample tb=290.83 K, log(mass)=-1.1712, 1/(kT)=39.889082, exponent=-3.0555, rmr=0.047101
Sample tb=289.50 K, log(mass)=-1.1712, 1/(kT)=40.072385, exponent=-3.1416, rmr=0.043213
Sample tb=274.23 K, log(mass)=-1.1712, 1/(kT)=42.303173, exponent=-4.1901, rmr=0.015145
Sample tb=275.96 K, log(mass)=-1.1712, 1/(kT)=42.038155, exponent=-4.0655, rmr=0.017154
MR results: 0 NA, 0 infinite, 0 negative, 0 zero
Energy calculations: 4817 non-zero gains, 11035 non-zero losses out of 11035 observations
Saved results to output/results/Eldo/2022/F/eb_results_MS_2022_Eldo_B1.rds

Processing: Species=MS, Year=2023, Origin=Eldo, Climate=B1, Sex=F
Looking for climate data at: /mmfs1/gscratch/biology/jmsmith/targeted_microclimate/B1/simplified_B1_2023.rds
Directory /mmfs1/gscratch/biology/jmsmith/targeted_microclimate/B1 exists. Contents:
simplified_B1_1945.rds
simplified_B1_1946.rds
simplified_B1_1947.rds
simplified_B1_1948.rds
simplified_B1_1949.rds
simplified_B1_1950.rds
simplified_B1_1951.rds
simplified_B1_1952.rds
simplified_B1_1953.rds
simplified_B1_1954.rds
simplified_B1_1955.rds
simplified_B1_1956.rds
simplified_B1_1957.rds
simplified_B1_1958.rds
simplified_B1_1959.rds
simplified_B1_1960.rds
simplified_B1_1961.rds
simplified_B1_1962.rds
simplified_B1_1963.rds
simplified_B1_1964.rds
simplified_B1_2005.rds
simplified_B1_2006.rds
simplified_B1_2007.rds
simplified_B1_2008.rds
simplified_B1_2009.rds
simplified_B1_2010.rds
simplified_B1_2011.rds
simplified_B1_2012.rds
simplified_B1_2013.rds
simplified_B1_2014.rds
simplified_B1_2015.rds
simplified_B1_2016.rds
simplified_B1_2017.rds
simplified_B1_2018.rds
simplified_B1_2019.rds
simplified_B1_2020.rds
simplified_B1_2021.rds
simplified_B1_2022.rds
simplified_B1_2023.rds
simplified_B1_2024.rds
Processing batch 1/12 (rows 1-1000)
  Calculated 1000 temperatures. Range: -0.27 to 57.00
Processing batch 2/12 (rows 1001-2000)
  Calculated 1000 temperatures. Range: 2.84 to 58.82
Processing batch 3/12 (rows 2001-3000)
  Calculated 1000 temperatures. Range: 1.73 to 51.11
Processing batch 4/12 (rows 3001-4000)
  Calculated 1000 temperatures. Range: 3.64 to 49.15
Processing batch 5/12 (rows 4001-5000)
  Calculated 1000 temperatures. Range: 1.54 to 45.78
Processing batch 6/12 (rows 5001-6000)
  Calculated 1000 temperatures. Range: 3.76 to 48.87
Processing batch 7/12 (rows 6001-7000)
  Calculated 1000 temperatures. Range: 2.54 to 45.52
Processing batch 8/12 (rows 7001-8000)
  Calculated 1000 temperatures. Range: 1.44 to 20.02
Processing batch 9/12 (rows 8001-9000)
  Calculated 1000 temperatures. Range: 4.19 to 19.48
Processing batch 10/12 (rows 9001-10000)
  Calculated 1000 temperatures. Range: 2.65 to 23.41
Processing batch 11/12 (rows 10001-11000)
  Calculated 1000 temperatures. Range: 4.56 to 24.18
Processing batch 12/12 (rows 11001-11035)
  Calculated 35 temperatures. Range: 7.15 to 21.75
Total observations: 11035, Unique timestamps: 2207
MR parameters: mass=0.31, elev=1740.0, b0=16.50, b1=0.85, b2=-0.47, b3=0.000108
Sample tb=290.62 K, log(mass)=-1.1712, 1/(kT)=39.917621, exponent=-3.0689, rmr=0.046474
Sample tb=290.12 K, log(mass)=-1.1712, 1/(kT)=39.986885, exponent=-3.1014, rmr=0.044985
Sample tb=301.43 K, log(mass)=-1.1712, 1/(kT)=38.486590, exponent=-2.3963, rmr=0.091056
Sample tb=279.75 K, log(mass)=-1.1712, 1/(kT)=41.468996, exponent=-3.7980, rmr=0.022415
Sample tb=306.35 K, log(mass)=-1.1712, 1/(kT)=37.868011, exponent=-2.1056, rmr=0.121779
MR results: 0 NA, 0 infinite, 0 negative, 0 zero
Energy calculations: 4482 non-zero gains, 11035 non-zero losses out of 11035 observations
Saved results to output/results/Eldo/2023/F/eb_results_MS_2023_Eldo_B1.rds

Processing: Species=MS, Year=2024, Origin=Eldo, Climate=B1, Sex=F
Looking for climate data at: /mmfs1/gscratch/biology/jmsmith/targeted_microclimate/B1/simplified_B1_2024.rds
Directory /mmfs1/gscratch/biology/jmsmith/targeted_microclimate/B1 exists. Contents:
simplified_B1_1945.rds
simplified_B1_1946.rds
simplified_B1_1947.rds
simplified_B1_1948.rds
simplified_B1_1949.rds
simplified_B1_1950.rds
simplified_B1_1951.rds
simplified_B1_1952.rds
simplified_B1_1953.rds
simplified_B1_1954.rds
simplified_B1_1955.rds
simplified_B1_1956.rds
simplified_B1_1957.rds
simplified_B1_1958.rds
simplified_B1_1959.rds
simplified_B1_1960.rds
simplified_B1_1961.rds
simplified_B1_1962.rds
simplified_B1_1963.rds
simplified_B1_1964.rds
simplified_B1_2005.rds
simplified_B1_2006.rds
simplified_B1_2007.rds
simplified_B1_2008.rds
simplified_B1_2009.rds
simplified_B1_2010.rds
simplified_B1_2011.rds
simplified_B1_2012.rds
simplified_B1_2013.rds
simplified_B1_2014.rds
simplified_B1_2015.rds
simplified_B1_2016.rds
simplified_B1_2017.rds
simplified_B1_2018.rds
simplified_B1_2019.rds
simplified_B1_2020.rds
simplified_B1_2021.rds
simplified_B1_2022.rds
simplified_B1_2023.rds
simplified_B1_2024.rds
Processing batch 1/12 (rows 1-1000)
  Calculated 1000 temperatures. Range: -1.72 to 60.00
Processing batch 2/12 (rows 1001-2000)
  Calculated 1000 temperatures. Range: 4.62 to 60.00
Processing batch 3/12 (rows 2001-3000)
  Calculated 1000 temperatures. Range: 0.33 to 51.67
Processing batch 4/12 (rows 3001-4000)
  Calculated 1000 temperatures. Range: 2.64 to 50.54
Processing batch 5/12 (rows 4001-5000)
  Calculated 1000 temperatures. Range: 0.06 to 50.97
Processing batch 6/12 (rows 5001-6000)
  Calculated 1000 temperatures. Range: 3.28 to 48.92
Processing batch 7/12 (rows 6001-7000)
  Calculated 1000 temperatures. Range: 3.50 to 50.92
Processing batch 8/12 (rows 7001-8000)
  Calculated 1000 temperatures. Range: -0.10 to 19.22
Processing batch 9/12 (rows 8001-9000)
  Calculated 1000 temperatures. Range: 4.05 to 20.61
Processing batch 10/12 (rows 9001-10000)
  Calculated 1000 temperatures. Range: 1.31 to 24.32
Processing batch 11/12 (rows 10001-11000)
  Calculated 1000 temperatures. Range: 5.05 to 23.55
Processing batch 12/12 (rows 11001-11035)
  Calculated 35 temperatures. Range: 4.74 to 19.58
Total observations: 11035, Unique timestamps: 2207
MR parameters: mass=0.31, elev=1740.0, b0=16.50, b1=0.85, b2=-0.47, b3=0.000108
Sample tb=283.14 K, log(mass)=-1.1712, 1/(kT)=40.972593, exponent=-3.5647, rmr=0.028305
Sample tb=290.58 K, log(mass)=-1.1712, 1/(kT)=39.923331, exponent=-3.0716, rmr=0.046349
Sample tb=332.21 K, log(mass)=-1.1712, 1/(kT)=34.920913, exponent=-0.7204, rmr=0.486550
Sample tb=285.76 K, log(mass)=-1.1712, 1/(kT)=40.597207, exponent=-3.3883, rmr=0.033767
Sample tb=310.51 K, log(mass)=-1.1712, 1/(kT)=37.361191, exponent=-1.8673, rmr=0.154533
MR results: 0 NA, 0 infinite, 0 negative, 0 zero
Energy calculations: 4807 non-zero gains, 11035 non-zero losses out of 11035 observations
Saved results to output/results/Eldo/2024/F/eb_results_MS_2024_Eldo_B1.rds

All years processed.
