Arguments received:
Species: MS
Years: 1945, 1946, 1947, 1948, 1949, 1950, 1951, 1952, 1953, 1954, 1955, 1956, 1957, 1958, 1959, 1960, 1961, 1962, 1963, 1964
Origin site: A1
Climate site: Eldo
Sex: M
Output directory: output/results/A1
Library paths:
[1] "/gscratch/biology/jmsmith/R"                          
[2] "/mmfs1/home/smithju/R/x86_64-pc-linux-gnu-library/4.4"
[3] "/usr/local/lib/R/site-library"                        
[4] "/usr/local/lib/R/library"                             
Package tidyverse loaded successfully
Package TrenchR loaded successfully
Package rTPC loaded successfully
Package lubridate loaded successfully

Processing: Species=MS, Year=1945, Origin=A1, Climate=Eldo, Sex=M
Looking for climate data at: /mmfs1/gscratch/biology/jmsmith/targeted_microclimate/Eldo/simplified_Eldo_1945.rds
Directory /mmfs1/gscratch/biology/jmsmith/targeted_microclimate/Eldo exists. Contents:
simplified_Eldo_1945.rds
simplified_Eldo_1946.rds
simplified_Eldo_1947.rds
simplified_Eldo_1948.rds
simplified_Eldo_1949.rds
simplified_Eldo_1950.rds
simplified_Eldo_1951.rds
simplified_Eldo_1952.rds
simplified_Eldo_1953.rds
simplified_Eldo_1954.rds
simplified_Eldo_1955.rds
simplified_Eldo_1956.rds
simplified_Eldo_1957.rds
simplified_Eldo_1958.rds
simplified_Eldo_1959.rds
simplified_Eldo_1960.rds
simplified_Eldo_1961.rds
simplified_Eldo_1962.rds
simplified_Eldo_1963.rds
simplified_Eldo_1964.rds
simplified_Eldo_2005.rds
simplified_Eldo_2006.rds
simplified_Eldo_2007.rds
simplified_Eldo_2008.rds
simplified_Eldo_2009.rds
simplified_Eldo_2010.rds
simplified_Eldo_2011.rds
simplified_Eldo_2012.rds
simplified_Eldo_2013.rds
simplified_Eldo_2014.rds
simplified_Eldo_2015.rds
simplified_Eldo_2016.rds
simplified_Eldo_2017.rds
simplified_Eldo_2018.rds
simplified_Eldo_2019.rds
simplified_Eldo_2020.rds
simplified_Eldo_2021.rds
simplified_Eldo_2022.rds
simplified_Eldo_2023.rds
simplified_Eldo_2024.rds
Processing batch 1/12 (rows 1-1000)
  Calculated 1000 temperatures. Range: -7.50 to 48.72
Processing batch 2/12 (rows 1001-2000)
  Calculated 1000 temperatures. Range: 4.38 to 49.76
Processing batch 3/12 (rows 2001-3000)
  Calculated 1000 temperatures. Range: -6.42 to 41.51
Processing batch 4/12 (rows 3001-4000)
  Calculated 1000 temperatures. Range: 4.38 to 40.98
Processing batch 5/12 (rows 4001-5000)
  Calculated 1000 temperatures. Range: -5.26 to 37.93
Processing batch 6/12 (rows 5001-6000)
  Calculated 1000 temperatures. Range: 2.76 to 19.18
Processing batch 7/12 (rows 6001-7000)
  Calculated 1000 temperatures. Range: -2.22 to 19.84
Processing batch 8/12 (rows 7001-8000)
  Calculated 1000 temperatures. Range: -5.17 to 21.56
Processing batch 9/12 (rows 8001-9000)
  Calculated 1000 temperatures. Range: 1.63 to 29.14
Processing batch 10/12 (rows 9001-10000)
  Calculated 1000 temperatures. Range: -6.16 to 37.13
Processing batch 11/12 (rows 10001-11000)
  Calculated 1000 temperatures. Range: 4.51 to 38.61
Processing batch 12/12 (rows 11001-11035)
  Calculated 35 temperatures. Range: 7.35 to 31.96
Total observations: 11035, Unique timestamps: 2207
MR parameters: mass=0.33, elev=2195.0, b0=16.50, b1=0.85, b2=-0.47, b3=0.000108
Sample tb=275.24 K, log(mass)=-1.1087, 1/(kT)=42.148043, exponent=-4.0149, rmr=0.018045
Sample tb=286.96 K, log(mass)=-1.1087, 1/(kT)=40.427320, exponent=-3.2061, rmr=0.040513
Sample tb=288.19 K, log(mass)=-1.1087, 1/(kT)=40.254102, exponent=-3.1247, rmr=0.043949
Sample tb=289.46 K, log(mass)=-1.1087, 1/(kT)=40.077528, exponent=-3.0417, rmr=0.047752
Sample tb=284.99 K, log(mass)=-1.1087, 1/(kT)=40.705857, exponent=-3.3371, rmr=0.035541
MR results: 0 NA, 0 infinite, 0 negative, 0 zero
Energy calculations: 5840 non-zero gains, 11035 non-zero losses out of 11035 observations
Saved results to output/results/A1/1945/M/eb_results_MS_1945_A1_Eldo.rds

Processing: Species=MS, Year=1946, Origin=A1, Climate=Eldo, Sex=M
Looking for climate data at: /mmfs1/gscratch/biology/jmsmith/targeted_microclimate/Eldo/simplified_Eldo_1946.rds
Directory /mmfs1/gscratch/biology/jmsmith/targeted_microclimate/Eldo exists. Contents:
simplified_Eldo_1945.rds
simplified_Eldo_1946.rds
simplified_Eldo_1947.rds
simplified_Eldo_1948.rds
simplified_Eldo_1949.rds
simplified_Eldo_1950.rds
simplified_Eldo_1951.rds
simplified_Eldo_1952.rds
simplified_Eldo_1953.rds
simplified_Eldo_1954.rds
simplified_Eldo_1955.rds
simplified_Eldo_1956.rds
simplified_Eldo_1957.rds
simplified_Eldo_1958.rds
simplified_Eldo_1959.rds
simplified_Eldo_1960.rds
simplified_Eldo_1961.rds
simplified_Eldo_1962.rds
simplified_Eldo_1963.rds
simplified_Eldo_1964.rds
simplified_Eldo_2005.rds
simplified_Eldo_2006.rds
simplified_Eldo_2007.rds
simplified_Eldo_2008.rds
simplified_Eldo_2009.rds
simplified_Eldo_2010.rds
simplified_Eldo_2011.rds
simplified_Eldo_2012.rds
simplified_Eldo_2013.rds
simplified_Eldo_2014.rds
simplified_Eldo_2015.rds
simplified_Eldo_2016.rds
simplified_Eldo_2017.rds
simplified_Eldo_2018.rds
simplified_Eldo_2019.rds
simplified_Eldo_2020.rds
simplified_Eldo_2021.rds
simplified_Eldo_2022.rds
simplified_Eldo_2023.rds
simplified_Eldo_2024.rds
Processing batch 1/12 (rows 1-1000)
  Calculated 1000 temperatures. Range: -2.34 to 54.18
Processing batch 2/12 (rows 1001-2000)
  Calculated 1000 temperatures. Range: 4.63 to 55.39
Processing batch 3/12 (rows 2001-3000)
  Calculated 1000 temperatures. Range: -0.94 to 44.23
Processing batch 4/12 (rows 3001-4000)
  Calculated 1000 temperatures. Range: 5.22 to 47.27
Processing batch 5/12 (rows 4001-5000)
  Calculated 1000 temperatures. Range: -0.10 to 39.93
Processing batch 6/12 (rows 5001-6000)
  Calculated 1000 temperatures. Range: 2.62 to 20.07
Processing batch 7/12 (rows 6001-7000)
  Calculated 1000 temperatures. Range: 1.41 to 21.97
Processing batch 8/12 (rows 7001-8000)
  Calculated 1000 temperatures. Range: 0.39 to 24.11
Processing batch 9/12 (rows 8001-9000)
  Calculated 1000 temperatures. Range: 0.18 to 41.51
Processing batch 10/12 (rows 9001-10000)
  Calculated 1000 temperatures. Range: -0.62 to 43.86
Processing batch 11/12 (rows 10001-11000)
  Calculated 1000 temperatures. Range: 4.91 to 40.90
Processing batch 12/12 (rows 11001-11035)
  Calculated 35 temperatures. Range: 4.85 to 30.87
Total observations: 11035, Unique timestamps: 2207
MR parameters: mass=0.33, elev=2195.0, b0=16.50, b1=0.85, b2=-0.47, b3=0.000108
Sample tb=304.18 K, log(mass)=-1.1087, 1/(kT)=38.138770, exponent=-2.1305, rmr=0.118775
Sample tb=288.66 K, log(mass)=-1.1087, 1/(kT)=40.188529, exponent=-3.0939, rmr=0.045324
Sample tb=289.82 K, log(mass)=-1.1087, 1/(kT)=40.027403, exponent=-3.0182, rmr=0.048890
Sample tb=287.43 K, log(mass)=-1.1087, 1/(kT)=40.360278, exponent=-3.1746, rmr=0.041809
Sample tb=303.73 K, log(mass)=-1.1087, 1/(kT)=38.195411, exponent=-2.1571, rmr=0.115655
MR results: 0 NA, 0 infinite, 0 negative, 0 zero
Energy calculations: 6356 non-zero gains, 11035 non-zero losses out of 11035 observations
Saved results to output/results/A1/1946/M/eb_results_MS_1946_A1_Eldo.rds

Processing: Species=MS, Year=1947, Origin=A1, Climate=Eldo, Sex=M
Looking for climate data at: /mmfs1/gscratch/biology/jmsmith/targeted_microclimate/Eldo/simplified_Eldo_1947.rds
Directory /mmfs1/gscratch/biology/jmsmith/targeted_microclimate/Eldo exists. Contents:
simplified_Eldo_1945.rds
simplified_Eldo_1946.rds
simplified_Eldo_1947.rds
simplified_Eldo_1948.rds
simplified_Eldo_1949.rds
simplified_Eldo_1950.rds
simplified_Eldo_1951.rds
simplified_Eldo_1952.rds
simplified_Eldo_1953.rds
simplified_Eldo_1954.rds
simplified_Eldo_1955.rds
simplified_Eldo_1956.rds
simplified_Eldo_1957.rds
simplified_Eldo_1958.rds
simplified_Eldo_1959.rds
simplified_Eldo_1960.rds
simplified_Eldo_1961.rds
simplified_Eldo_1962.rds
simplified_Eldo_1963.rds
simplified_Eldo_1964.rds
simplified_Eldo_2005.rds
simplified_Eldo_2006.rds
simplified_Eldo_2007.rds
simplified_Eldo_2008.rds
simplified_Eldo_2009.rds
simplified_Eldo_2010.rds
simplified_Eldo_2011.rds
simplified_Eldo_2012.rds
simplified_Eldo_2013.rds
simplified_Eldo_2014.rds
simplified_Eldo_2015.rds
simplified_Eldo_2016.rds
simplified_Eldo_2017.rds
simplified_Eldo_2018.rds
simplified_Eldo_2019.rds
simplified_Eldo_2020.rds
simplified_Eldo_2021.rds
simplified_Eldo_2022.rds
simplified_Eldo_2023.rds
simplified_Eldo_2024.rds
Processing batch 1/12 (rows 1-1000)
  Calculated 1000 temperatures. Range: -7.04 to 47.34
Processing batch 2/12 (rows 1001-2000)
  Calculated 1000 temperatures. Range: 4.14 to 49.23
Processing batch 3/12 (rows 2001-3000)
  Calculated 1000 temperatures. Range: -5.69 to 38.19
Processing batch 4/12 (rows 3001-4000)
  Calculated 1000 temperatures. Range: 5.23 to 41.07
Processing batch 5/12 (rows 4001-5000)
  Calculated 1000 temperatures. Range: -5.06 to 33.82
Processing batch 6/12 (rows 5001-6000)
  Calculated 1000 temperatures. Range: 2.57 to 20.12
Processing batch 7/12 (rows 6001-7000)
  Calculated 1000 temperatures. Range: -4.67 to 20.55
Processing batch 8/12 (rows 7001-8000)
  Calculated 1000 temperatures. Range: 2.15 to 22.64
Processing batch 9/12 (rows 8001-9000)
  Calculated 1000 temperatures. Range: 0.97 to 30.33
Processing batch 10/12 (rows 9001-10000)
  Calculated 1000 temperatures. Range: -5.55 to 36.12
Processing batch 11/12 (rows 10001-11000)
  Calculated 1000 temperatures. Range: 5.23 to 38.24
Processing batch 12/12 (rows 11001-11035)
  Calculated 35 temperatures. Range: 8.35 to 29.45
Total observations: 11035, Unique timestamps: 2207
MR parameters: mass=0.33, elev=2195.0, b0=16.50, b1=0.85, b2=-0.47, b3=0.000108
Sample tb=312.59 K, log(mass)=-1.1087, 1/(kT)=37.112817, exponent=-1.6483, rmr=0.192371
Sample tb=284.57 K, log(mass)=-1.1087, 1/(kT)=40.766946, exponent=-3.3658, rmr=0.034535
Sample tb=307.59 K, log(mass)=-1.1087, 1/(kT)=37.715038, exponent=-1.9314, rmr=0.144949
Sample tb=281.84 K, log(mass)=-1.1087, 1/(kT)=41.160776, exponent=-3.5509, rmr=0.028700
Sample tb=284.57 K, log(mass)=-1.1087, 1/(kT)=40.766810, exponent=-3.3657, rmr=0.034538
MR results: 0 NA, 0 infinite, 0 negative, 0 zero
Energy calculations: 6094 non-zero gains, 11035 non-zero losses out of 11035 observations
Saved results to output/results/A1/1947/M/eb_results_MS_1947_A1_Eldo.rds

Processing: Species=MS, Year=1948, Origin=A1, Climate=Eldo, Sex=M
Looking for climate data at: /mmfs1/gscratch/biology/jmsmith/targeted_microclimate/Eldo/simplified_Eldo_1948.rds
Directory /mmfs1/gscratch/biology/jmsmith/targeted_microclimate/Eldo exists. Contents:
simplified_Eldo_1945.rds
simplified_Eldo_1946.rds
simplified_Eldo_1947.rds
simplified_Eldo_1948.rds
simplified_Eldo_1949.rds
simplified_Eldo_1950.rds
simplified_Eldo_1951.rds
simplified_Eldo_1952.rds
simplified_Eldo_1953.rds
simplified_Eldo_1954.rds
simplified_Eldo_1955.rds
simplified_Eldo_1956.rds
simplified_Eldo_1957.rds
simplified_Eldo_1958.rds
simplified_Eldo_1959.rds
simplified_Eldo_1960.rds
simplified_Eldo_1961.rds
simplified_Eldo_1962.rds
simplified_Eldo_1963.rds
simplified_Eldo_1964.rds
simplified_Eldo_2005.rds
simplified_Eldo_2006.rds
simplified_Eldo_2007.rds
simplified_Eldo_2008.rds
simplified_Eldo_2009.rds
simplified_Eldo_2010.rds
simplified_Eldo_2011.rds
simplified_Eldo_2012.rds
simplified_Eldo_2013.rds
simplified_Eldo_2014.rds
simplified_Eldo_2015.rds
simplified_Eldo_2016.rds
simplified_Eldo_2017.rds
simplified_Eldo_2018.rds
simplified_Eldo_2019.rds
simplified_Eldo_2020.rds
simplified_Eldo_2021.rds
simplified_Eldo_2022.rds
simplified_Eldo_2023.rds
simplified_Eldo_2024.rds
Processing batch 1/12 (rows 1-1000)
  Calculated 1000 temperatures. Range: 1.70 to 55.85
Processing batch 2/12 (rows 1001-2000)
  Calculated 1000 temperatures. Range: 2.60 to 52.69
Processing batch 3/12 (rows 2001-3000)
  Calculated 1000 temperatures. Range: 2.67 to 49.03
Processing batch 4/12 (rows 3001-4000)
  Calculated 1000 temperatures. Range: 4.63 to 45.48
Processing batch 5/12 (rows 4001-5000)
  Calculated 1000 temperatures. Range: 3.05 to 41.29
Processing batch 6/12 (rows 5001-6000)
  Calculated 1000 temperatures. Range: 3.07 to 18.90
Processing batch 7/12 (rows 6001-7000)
  Calculated 1000 temperatures. Range: 3.78 to 20.57
Processing batch 8/12 (rows 7001-8000)
  Calculated 1000 temperatures. Range: 3.98 to 22.50
Processing batch 9/12 (rows 8001-9000)
  Calculated 1000 temperatures. Range: 3.35 to 37.46
Processing batch 10/12 (rows 9001-10000)
  Calculated 1000 temperatures. Range: 3.14 to 42.80
Processing batch 11/12 (rows 10001-11000)
  Calculated 1000 temperatures. Range: 4.29 to 41.02
Processing batch 12/12 (rows 11001-11035)
  Calculated 35 temperatures. Range: 5.83 to 38.27
Total observations: 11035, Unique timestamps: 2207
MR parameters: mass=0.33, elev=2195.0, b0=16.50, b1=0.85, b2=-0.47, b3=0.000108
Sample tb=277.22 K, log(mass)=-1.1087, 1/(kT)=41.847603, exponent=-3.8737, rmr=0.020782
Sample tb=281.40 K, log(mass)=-1.1087, 1/(kT)=41.225281, exponent=-3.5812, rmr=0.027843
Sample tb=288.50 K, log(mass)=-1.1087, 1/(kT)=40.210861, exponent=-3.1044, rmr=0.044851
Sample tb=292.96 K, log(mass)=-1.1087, 1/(kT)=39.598878, exponent=-2.8168, rmr=0.059798
Sample tb=287.09 K, log(mass)=-1.1087, 1/(kT)=40.408641, exponent=-3.1974, rmr=0.040870
MR results: 0 NA, 0 infinite, 0 negative, 0 zero
Energy calculations: 6104 non-zero gains, 11035 non-zero losses out of 11035 observations
Saved results to output/results/A1/1948/M/eb_results_MS_1948_A1_Eldo.rds

Processing: Species=MS, Year=1949, Origin=A1, Climate=Eldo, Sex=M
Looking for climate data at: /mmfs1/gscratch/biology/jmsmith/targeted_microclimate/Eldo/simplified_Eldo_1949.rds
Directory /mmfs1/gscratch/biology/jmsmith/targeted_microclimate/Eldo exists. Contents:
simplified_Eldo_1945.rds
simplified_Eldo_1946.rds
simplified_Eldo_1947.rds
simplified_Eldo_1948.rds
simplified_Eldo_1949.rds
simplified_Eldo_1950.rds
simplified_Eldo_1951.rds
simplified_Eldo_1952.rds
simplified_Eldo_1953.rds
simplified_Eldo_1954.rds
simplified_Eldo_1955.rds
simplified_Eldo_1956.rds
simplified_Eldo_1957.rds
simplified_Eldo_1958.rds
simplified_Eldo_1959.rds
simplified_Eldo_1960.rds
simplified_Eldo_1961.rds
simplified_Eldo_1962.rds
simplified_Eldo_1963.rds
simplified_Eldo_1964.rds
simplified_Eldo_2005.rds
simplified_Eldo_2006.rds
simplified_Eldo_2007.rds
simplified_Eldo_2008.rds
simplified_Eldo_2009.rds
simplified_Eldo_2010.rds
simplified_Eldo_2011.rds
simplified_Eldo_2012.rds
simplified_Eldo_2013.rds
simplified_Eldo_2014.rds
simplified_Eldo_2015.rds
simplified_Eldo_2016.rds
simplified_Eldo_2017.rds
simplified_Eldo_2018.rds
simplified_Eldo_2019.rds
simplified_Eldo_2020.rds
simplified_Eldo_2021.rds
simplified_Eldo_2022.rds
simplified_Eldo_2023.rds
simplified_Eldo_2024.rds
Processing batch 1/12 (rows 1-1000)
  Calculated 1000 temperatures. Range: -1.51 to 51.86
Processing batch 2/12 (rows 1001-2000)
  Calculated 1000 temperatures. Range: 2.74 to 57.93
Processing batch 3/12 (rows 2001-3000)
  Calculated 1000 temperatures. Range: 0.13 to 44.42
Processing batch 4/12 (rows 3001-4000)
  Calculated 1000 temperatures. Range: 6.07 to 47.44
Processing batch 5/12 (rows 4001-5000)
  Calculated 1000 temperatures. Range: 0.38 to 38.32
Processing batch 6/12 (rows 5001-6000)
  Calculated 1000 temperatures. Range: 4.01 to 19.61
Processing batch 7/12 (rows 6001-7000)
  Calculated 1000 temperatures. Range: 1.19 to 21.65
Processing batch 8/12 (rows 7001-8000)
  Calculated 1000 temperatures. Range: 5.53 to 23.07
Processing batch 9/12 (rows 8001-9000)
  Calculated 1000 temperatures. Range: 0.06 to 32.10
Processing batch 10/12 (rows 9001-10000)
  Calculated 1000 temperatures. Range: 4.29 to 41.87
Processing batch 11/12 (rows 10001-11000)
  Calculated 1000 temperatures. Range: 4.42 to 44.07
Processing batch 12/12 (rows 11001-11035)
  Calculated 35 temperatures. Range: 5.32 to 24.16
Total observations: 11035, Unique timestamps: 2207
MR parameters: mass=0.33, elev=2195.0, b0=16.50, b1=0.85, b2=-0.47, b3=0.000108
Sample tb=291.33 K, log(mass)=-1.1087, 1/(kT)=39.820599, exponent=-2.9210, rmr=0.053881
Sample tb=285.54 K, log(mass)=-1.1087, 1/(kT)=40.627518, exponent=-3.3002, rmr=0.036874
Sample tb=296.86 K, log(mass)=-1.1087, 1/(kT)=39.078450, exponent=-2.5722, rmr=0.076369
Sample tb=294.80 K, log(mass)=-1.1087, 1/(kT)=39.351942, exponent=-2.7007, rmr=0.067157
Sample tb=292.49 K, log(mass)=-1.1087, 1/(kT)=39.662381, exponent=-2.8466, rmr=0.058040
MR results: 0 NA, 0 infinite, 0 negative, 0 zero
Energy calculations: 6094 non-zero gains, 11035 non-zero losses out of 11035 observations
Saved results to output/results/A1/1949/M/eb_results_MS_1949_A1_Eldo.rds

Processing: Species=MS, Year=1950, Origin=A1, Climate=Eldo, Sex=M
Looking for climate data at: /mmfs1/gscratch/biology/jmsmith/targeted_microclimate/Eldo/simplified_Eldo_1950.rds
Directory /mmfs1/gscratch/biology/jmsmith/targeted_microclimate/Eldo exists. Contents:
simplified_Eldo_1945.rds
simplified_Eldo_1946.rds
simplified_Eldo_1947.rds
simplified_Eldo_1948.rds
simplified_Eldo_1949.rds
simplified_Eldo_1950.rds
simplified_Eldo_1951.rds
simplified_Eldo_1952.rds
simplified_Eldo_1953.rds
simplified_Eldo_1954.rds
simplified_Eldo_1955.rds
simplified_Eldo_1956.rds
simplified_Eldo_1957.rds
simplified_Eldo_1958.rds
simplified_Eldo_1959.rds
simplified_Eldo_1960.rds
simplified_Eldo_1961.rds
simplified_Eldo_1962.rds
simplified_Eldo_1963.rds
simplified_Eldo_1964.rds
simplified_Eldo_2005.rds
simplified_Eldo_2006.rds
simplified_Eldo_2007.rds
simplified_Eldo_2008.rds
simplified_Eldo_2009.rds
simplified_Eldo_2010.rds
simplified_Eldo_2011.rds
simplified_Eldo_2012.rds
simplified_Eldo_2013.rds
simplified_Eldo_2014.rds
simplified_Eldo_2015.rds
simplified_Eldo_2016.rds
simplified_Eldo_2017.rds
simplified_Eldo_2018.rds
simplified_Eldo_2019.rds
simplified_Eldo_2020.rds
simplified_Eldo_2021.rds
simplified_Eldo_2022.rds
simplified_Eldo_2023.rds
simplified_Eldo_2024.rds
Processing batch 1/12 (rows 1-1000)
  Calculated 1000 temperatures. Range: -6.67 to 60.00
Processing batch 2/12 (rows 1001-2000)
  Calculated 1000 temperatures. Range: 2.62 to 52.03
Processing batch 3/12 (rows 2001-3000)
  Calculated 1000 temperatures. Range: -5.59 to 50.73
Processing batch 4/12 (rows 3001-4000)
  Calculated 1000 temperatures. Range: 4.92 to 42.76
Processing batch 5/12 (rows 4001-5000)
  Calculated 1000 temperatures. Range: -3.57 to 38.64
Processing batch 6/12 (rows 5001-6000)
  Calculated 1000 temperatures. Range: 3.90 to 19.12
Processing batch 7/12 (rows 6001-7000)
  Calculated 1000 temperatures. Range: -3.82 to 21.71
Processing batch 8/12 (rows 7001-8000)
  Calculated 1000 temperatures. Range: 5.54 to 22.64
Processing batch 9/12 (rows 8001-9000)
  Calculated 1000 temperatures. Range: -5.21 to 48.45
Processing batch 10/12 (rows 9001-10000)
  Calculated 1000 temperatures. Range: -2.97 to 46.29
Processing batch 11/12 (rows 10001-11000)
  Calculated 1000 temperatures. Range: 2.36 to 37.37
Processing batch 12/12 (rows 11001-11035)
  Calculated 35 temperatures. Range: 3.52 to 29.75
Total observations: 11035, Unique timestamps: 2207
MR parameters: mass=0.33, elev=2195.0, b0=16.50, b1=0.85, b2=-0.47, b3=0.000108
Sample tb=293.31 K, log(mass)=-1.1087, 1/(kT)=39.552200, exponent=-2.7948, rmr=0.061125
Sample tb=280.41 K, log(mass)=-1.1087, 1/(kT)=41.371684, exponent=-3.6500, rmr=0.025991
Sample tb=283.40 K, log(mass)=-1.1087, 1/(kT)=40.935510, exponent=-3.4450, rmr=0.031905
Sample tb=299.51 K, log(mass)=-1.1087, 1/(kT)=38.732654, exponent=-2.4097, rmr=0.089847
Sample tb=286.42 K, log(mass)=-1.1087, 1/(kT)=40.503674, exponent=-3.2420, rmr=0.039084
MR results: 0 NA, 0 infinite, 0 negative, 0 zero
Energy calculations: 5590 non-zero gains, 11035 non-zero losses out of 11035 observations
Saved results to output/results/A1/1950/M/eb_results_MS_1950_A1_Eldo.rds

Processing: Species=MS, Year=1951, Origin=A1, Climate=Eldo, Sex=M
Looking for climate data at: /mmfs1/gscratch/biology/jmsmith/targeted_microclimate/Eldo/simplified_Eldo_1951.rds
Directory /mmfs1/gscratch/biology/jmsmith/targeted_microclimate/Eldo exists. Contents:
simplified_Eldo_1945.rds
simplified_Eldo_1946.rds
simplified_Eldo_1947.rds
simplified_Eldo_1948.rds
simplified_Eldo_1949.rds
simplified_Eldo_1950.rds
simplified_Eldo_1951.rds
simplified_Eldo_1952.rds
simplified_Eldo_1953.rds
simplified_Eldo_1954.rds
simplified_Eldo_1955.rds
simplified_Eldo_1956.rds
simplified_Eldo_1957.rds
simplified_Eldo_1958.rds
simplified_Eldo_1959.rds
simplified_Eldo_1960.rds
simplified_Eldo_1961.rds
simplified_Eldo_1962.rds
simplified_Eldo_1963.rds
simplified_Eldo_1964.rds
simplified_Eldo_2005.rds
simplified_Eldo_2006.rds
simplified_Eldo_2007.rds
simplified_Eldo_2008.rds
simplified_Eldo_2009.rds
simplified_Eldo_2010.rds
simplified_Eldo_2011.rds
simplified_Eldo_2012.rds
simplified_Eldo_2013.rds
simplified_Eldo_2014.rds
simplified_Eldo_2015.rds
simplified_Eldo_2016.rds
simplified_Eldo_2017.rds
simplified_Eldo_2018.rds
simplified_Eldo_2019.rds
simplified_Eldo_2020.rds
simplified_Eldo_2021.rds
simplified_Eldo_2022.rds
simplified_Eldo_2023.rds
simplified_Eldo_2024.rds
Processing batch 1/12 (rows 1-1000)
  Calculated 1000 temperatures. Range: -5.09 to 60.00
Processing batch 2/12 (rows 1001-2000)
  Calculated 1000 temperatures. Range: 3.51 to 51.36
Processing batch 3/12 (rows 2001-3000)
  Calculated 1000 temperatures. Range: -3.91 to 43.13
Processing batch 4/12 (rows 3001-4000)
  Calculated 1000 temperatures. Range: 4.97 to 52.45
Processing batch 5/12 (rows 4001-5000)
  Calculated 1000 temperatures. Range: -4.23 to 42.59
Processing batch 6/12 (rows 5001-6000)
  Calculated 1000 temperatures. Range: 3.36 to 21.13
Processing batch 7/12 (rows 6001-7000)
  Calculated 1000 temperatures. Range: -3.66 to 20.02
Processing batch 8/12 (rows 7001-8000)
  Calculated 1000 temperatures. Range: 3.43 to 24.88
Processing batch 9/12 (rows 8001-9000)
  Calculated 1000 temperatures. Range: -3.83 to 31.52
Processing batch 10/12 (rows 9001-10000)
  Calculated 1000 temperatures. Range: 0.19 to 42.34
Processing batch 11/12 (rows 10001-11000)
  Calculated 1000 temperatures. Range: 4.95 to 39.51
Processing batch 12/12 (rows 11001-11035)
  Calculated 35 temperatures. Range: 5.41 to 31.35
Total observations: 11035, Unique timestamps: 2207
MR parameters: mass=0.33, elev=2195.0, b0=16.50, b1=0.85, b2=-0.47, b3=0.000108
Sample tb=292.05 K, log(mass)=-1.1087, 1/(kT)=39.722508, exponent=-2.8749, rmr=0.056423
Sample tb=286.20 K, log(mass)=-1.1087, 1/(kT)=40.534345, exponent=-3.2564, rmr=0.038525
Sample tb=271.64 K, log(mass)=-1.1087, 1/(kT)=42.706639, exponent=-4.2774, rmr=0.013878
Sample tb=302.21 K, log(mass)=-1.1087, 1/(kT)=38.386614, exponent=-2.2470, rmr=0.105715
Sample tb=290.18 K, log(mass)=-1.1087, 1/(kT)=39.978097, exponent=-2.9950, rmr=0.050036
MR results: 0 NA, 0 infinite, 0 negative, 0 zero
Energy calculations: 5953 non-zero gains, 11035 non-zero losses out of 11035 observations
Saved results to output/results/A1/1951/M/eb_results_MS_1951_A1_Eldo.rds

Processing: Species=MS, Year=1952, Origin=A1, Climate=Eldo, Sex=M
Looking for climate data at: /mmfs1/gscratch/biology/jmsmith/targeted_microclimate/Eldo/simplified_Eldo_1952.rds
Directory /mmfs1/gscratch/biology/jmsmith/targeted_microclimate/Eldo exists. Contents:
simplified_Eldo_1945.rds
simplified_Eldo_1946.rds
simplified_Eldo_1947.rds
simplified_Eldo_1948.rds
simplified_Eldo_1949.rds
simplified_Eldo_1950.rds
simplified_Eldo_1951.rds
simplified_Eldo_1952.rds
simplified_Eldo_1953.rds
simplified_Eldo_1954.rds
simplified_Eldo_1955.rds
simplified_Eldo_1956.rds
simplified_Eldo_1957.rds
simplified_Eldo_1958.rds
simplified_Eldo_1959.rds
simplified_Eldo_1960.rds
simplified_Eldo_1961.rds
simplified_Eldo_1962.rds
simplified_Eldo_1963.rds
simplified_Eldo_1964.rds
simplified_Eldo_2005.rds
simplified_Eldo_2006.rds
simplified_Eldo_2007.rds
simplified_Eldo_2008.rds
simplified_Eldo_2009.rds
simplified_Eldo_2010.rds
simplified_Eldo_2011.rds
simplified_Eldo_2012.rds
simplified_Eldo_2013.rds
simplified_Eldo_2014.rds
simplified_Eldo_2015.rds
simplified_Eldo_2016.rds
simplified_Eldo_2017.rds
simplified_Eldo_2018.rds
simplified_Eldo_2019.rds
simplified_Eldo_2020.rds
simplified_Eldo_2021.rds
simplified_Eldo_2022.rds
simplified_Eldo_2023.rds
simplified_Eldo_2024.rds
Processing batch 1/12 (rows 1-1000)
  Calculated 1000 temperatures. Range: -0.61 to 60.00
Processing batch 2/12 (rows 1001-2000)
  Calculated 1000 temperatures. Range: 5.05 to 55.63
Processing batch 3/12 (rows 2001-3000)
  Calculated 1000 temperatures. Range: 0.59 to 50.71
Processing batch 4/12 (rows 3001-4000)
  Calculated 1000 temperatures. Range: 3.46 to 46.06
Processing batch 5/12 (rows 4001-5000)
  Calculated 1000 temperatures. Range: 1.77 to 44.03
Processing batch 6/12 (rows 5001-6000)
  Calculated 1000 temperatures. Range: 3.01 to 20.19
Processing batch 7/12 (rows 6001-7000)
  Calculated 1000 temperatures. Range: 2.52 to 23.88
Processing batch 8/12 (rows 7001-8000)
  Calculated 1000 temperatures. Range: 3.90 to 24.44
Processing batch 9/12 (rows 8001-9000)
  Calculated 1000 temperatures. Range: 3.73 to 33.56
Processing batch 10/12 (rows 9001-10000)
  Calculated 1000 temperatures. Range: 1.49 to 49.02
Processing batch 11/12 (rows 10001-11000)
  Calculated 1000 temperatures. Range: 6.01 to 41.27
Processing batch 12/12 (rows 11001-11035)
  Calculated 35 temperatures. Range: 2.48 to 31.07
Total observations: 11035, Unique timestamps: 2207
MR parameters: mass=0.33, elev=2195.0, b0=16.50, b1=0.85, b2=-0.47, b3=0.000108
Sample tb=288.88 K, log(mass)=-1.1087, 1/(kT)=40.157974, exponent=-3.0796, rmr=0.045980
Sample tb=286.09 K, log(mass)=-1.1087, 1/(kT)=40.550440, exponent=-3.2640, rmr=0.038235
Sample tb=283.62 K, log(mass)=-1.1087, 1/(kT)=40.902920, exponent=-3.4297, rmr=0.032397
Sample tb=306.46 K, log(mass)=-1.1087, 1/(kT)=37.854409, exponent=-1.9969, rmr=0.135759
Sample tb=280.60 K, log(mass)=-1.1087, 1/(kT)=41.343960, exponent=-3.6370, rmr=0.026332
MR results: 0 NA, 0 infinite, 0 negative, 0 zero
Energy calculations: 6543 non-zero gains, 11035 non-zero losses out of 11035 observations
Saved results to output/results/A1/1952/M/eb_results_MS_1952_A1_Eldo.rds

Processing: Species=MS, Year=1953, Origin=A1, Climate=Eldo, Sex=M
Looking for climate data at: /mmfs1/gscratch/biology/jmsmith/targeted_microclimate/Eldo/simplified_Eldo_1953.rds
Directory /mmfs1/gscratch/biology/jmsmith/targeted_microclimate/Eldo exists. Contents:
simplified_Eldo_1945.rds
simplified_Eldo_1946.rds
simplified_Eldo_1947.rds
simplified_Eldo_1948.rds
simplified_Eldo_1949.rds
simplified_Eldo_1950.rds
simplified_Eldo_1951.rds
simplified_Eldo_1952.rds
simplified_Eldo_1953.rds
simplified_Eldo_1954.rds
simplified_Eldo_1955.rds
simplified_Eldo_1956.rds
simplified_Eldo_1957.rds
simplified_Eldo_1958.rds
simplified_Eldo_1959.rds
simplified_Eldo_1960.rds
simplified_Eldo_1961.rds
simplified_Eldo_1962.rds
simplified_Eldo_1963.rds
simplified_Eldo_1964.rds
simplified_Eldo_2005.rds
simplified_Eldo_2006.rds
simplified_Eldo_2007.rds
simplified_Eldo_2008.rds
simplified_Eldo_2009.rds
simplified_Eldo_2010.rds
simplified_Eldo_2011.rds
simplified_Eldo_2012.rds
simplified_Eldo_2013.rds
simplified_Eldo_2014.rds
simplified_Eldo_2015.rds
simplified_Eldo_2016.rds
simplified_Eldo_2017.rds
simplified_Eldo_2018.rds
simplified_Eldo_2019.rds
simplified_Eldo_2020.rds
simplified_Eldo_2021.rds
simplified_Eldo_2022.rds
simplified_Eldo_2023.rds
simplified_Eldo_2024.rds
Processing batch 1/12 (rows 1-1000)
  Calculated 1000 temperatures. Range: -1.27 to 54.38
Processing batch 2/12 (rows 1001-2000)
  Calculated 1000 temperatures. Range: 2.61 to 51.06
Processing batch 3/12 (rows 2001-3000)
  Calculated 1000 temperatures. Range: 1.30 to 45.43
Processing batch 4/12 (rows 3001-4000)
  Calculated 1000 temperatures. Range: 5.99 to 43.07
Processing batch 5/12 (rows 4001-5000)
  Calculated 1000 temperatures. Range: 1.16 to 37.42
Processing batch 6/12 (rows 5001-6000)
  Calculated 1000 temperatures. Range: 4.00 to 20.28
Processing batch 7/12 (rows 6001-7000)
  Calculated 1000 temperatures. Range: 2.67 to 22.71
Processing batch 8/12 (rows 7001-8000)
  Calculated 1000 temperatures. Range: 5.12 to 24.43
Processing batch 9/12 (rows 8001-9000)
  Calculated 1000 temperatures. Range: 0.86 to 29.96
Processing batch 10/12 (rows 9001-10000)
  Calculated 1000 temperatures. Range: 2.47 to 42.33
Processing batch 11/12 (rows 10001-11000)
  Calculated 1000 temperatures. Range: 4.15 to 39.46
Processing batch 12/12 (rows 11001-11035)
  Calculated 35 temperatures. Range: 6.12 to 28.10
Total observations: 11035, Unique timestamps: 2207
MR parameters: mass=0.33, elev=2195.0, b0=16.50, b1=0.85, b2=-0.47, b3=0.000108
Sample tb=276.08 K, log(mass)=-1.1087, 1/(kT)=42.020157, exponent=-3.9548, rmr=0.019163
Sample tb=284.40 K, log(mass)=-1.1087, 1/(kT)=40.790234, exponent=-3.3767, rmr=0.034160
Sample tb=283.01 K, log(mass)=-1.1087, 1/(kT)=40.991076, exponent=-3.4711, rmr=0.031083
Sample tb=284.96 K, log(mass)=-1.1087, 1/(kT)=40.711255, exponent=-3.3396, rmr=0.035451
Sample tb=283.45 K, log(mass)=-1.1087, 1/(kT)=40.927717, exponent=-3.4413, rmr=0.032022
MR results: 0 NA, 0 infinite, 0 negative, 0 zero
Energy calculations: 6716 non-zero gains, 11035 non-zero losses out of 11035 observations
Saved results to output/results/A1/1953/M/eb_results_MS_1953_A1_Eldo.rds

Processing: Species=MS, Year=1954, Origin=A1, Climate=Eldo, Sex=M
Looking for climate data at: /mmfs1/gscratch/biology/jmsmith/targeted_microclimate/Eldo/simplified_Eldo_1954.rds
Directory /mmfs1/gscratch/biology/jmsmith/targeted_microclimate/Eldo exists. Contents:
simplified_Eldo_1945.rds
simplified_Eldo_1946.rds
simplified_Eldo_1947.rds
simplified_Eldo_1948.rds
simplified_Eldo_1949.rds
simplified_Eldo_1950.rds
simplified_Eldo_1951.rds
simplified_Eldo_1952.rds
simplified_Eldo_1953.rds
simplified_Eldo_1954.rds
simplified_Eldo_1955.rds
simplified_Eldo_1956.rds
simplified_Eldo_1957.rds
simplified_Eldo_1958.rds
simplified_Eldo_1959.rds
simplified_Eldo_1960.rds
simplified_Eldo_1961.rds
simplified_Eldo_1962.rds
simplified_Eldo_1963.rds
simplified_Eldo_1964.rds
simplified_Eldo_2005.rds
simplified_Eldo_2006.rds
simplified_Eldo_2007.rds
simplified_Eldo_2008.rds
simplified_Eldo_2009.rds
simplified_Eldo_2010.rds
simplified_Eldo_2011.rds
simplified_Eldo_2012.rds
simplified_Eldo_2013.rds
simplified_Eldo_2014.rds
simplified_Eldo_2015.rds
simplified_Eldo_2016.rds
simplified_Eldo_2017.rds
simplified_Eldo_2018.rds
simplified_Eldo_2019.rds
simplified_Eldo_2020.rds
simplified_Eldo_2021.rds
simplified_Eldo_2022.rds
simplified_Eldo_2023.rds
simplified_Eldo_2024.rds
Processing batch 1/12 (rows 1-1000)
  Calculated 1000 temperatures. Range: -3.85 to 60.00
Processing batch 2/12 (rows 1001-2000)
  Calculated 1000 temperatures. Range: 3.19 to 57.63
Processing batch 3/12 (rows 2001-3000)
  Calculated 1000 temperatures. Range: -2.10 to 49.14
Processing batch 4/12 (rows 3001-4000)
  Calculated 1000 temperatures. Range: 5.56 to 46.99
Processing batch 5/12 (rows 4001-5000)
  Calculated 1000 temperatures. Range: -1.08 to 38.21
Processing batch 6/12 (rows 5001-6000)
  Calculated 1000 temperatures. Range: 4.77 to 21.72
Processing batch 7/12 (rows 6001-7000)
  Calculated 1000 temperatures. Range: -0.55 to 21.15
Processing batch 8/12 (rows 7001-8000)
  Calculated 1000 temperatures. Range: 6.86 to 27.52
Processing batch 9/12 (rows 8001-9000)
  Calculated 1000 temperatures. Range: -1.98 to 31.64
Processing batch 10/12 (rows 9001-10000)
  Calculated 1000 temperatures. Range: 0.22 to 41.86
Processing batch 11/12 (rows 10001-11000)
  Calculated 1000 temperatures. Range: 4.15 to 37.34
Processing batch 12/12 (rows 11001-11035)
  Calculated 35 temperatures. Range: 6.19 to 35.47
Total observations: 11035, Unique timestamps: 2207
MR parameters: mass=0.33, elev=2195.0, b0=16.50, b1=0.85, b2=-0.47, b3=0.000108
Sample tb=301.89 K, log(mass)=-1.1087, 1/(kT)=38.427979, exponent=-2.2665, rmr=0.103679
Sample tb=283.80 K, log(mass)=-1.1087, 1/(kT)=40.877288, exponent=-3.4176, rmr=0.032790
Sample tb=290.09 K, log(mass)=-1.1087, 1/(kT)=39.991187, exponent=-3.0012, rmr=0.049729
Sample tb=278.87 K, log(mass)=-1.1087, 1/(kT)=41.600221, exponent=-3.7574, rmr=0.023344
Sample tb=288.65 K, log(mass)=-1.1087, 1/(kT)=40.190424, exponent=-3.0948, rmr=0.045284
MR results: 0 NA, 0 infinite, 0 negative, 0 zero
Energy calculations: 6962 non-zero gains, 11035 non-zero losses out of 11035 observations
Saved results to output/results/A1/1954/M/eb_results_MS_1954_A1_Eldo.rds

Processing: Species=MS, Year=1955, Origin=A1, Climate=Eldo, Sex=M
Looking for climate data at: /mmfs1/gscratch/biology/jmsmith/targeted_microclimate/Eldo/simplified_Eldo_1955.rds
Directory /mmfs1/gscratch/biology/jmsmith/targeted_microclimate/Eldo exists. Contents:
simplified_Eldo_1945.rds
simplified_Eldo_1946.rds
simplified_Eldo_1947.rds
simplified_Eldo_1948.rds
simplified_Eldo_1949.rds
simplified_Eldo_1950.rds
simplified_Eldo_1951.rds
simplified_Eldo_1952.rds
simplified_Eldo_1953.rds
simplified_Eldo_1954.rds
simplified_Eldo_1955.rds
simplified_Eldo_1956.rds
simplified_Eldo_1957.rds
simplified_Eldo_1958.rds
simplified_Eldo_1959.rds
simplified_Eldo_1960.rds
simplified_Eldo_1961.rds
simplified_Eldo_1962.rds
simplified_Eldo_1963.rds
simplified_Eldo_1964.rds
simplified_Eldo_2005.rds
simplified_Eldo_2006.rds
simplified_Eldo_2007.rds
simplified_Eldo_2008.rds
simplified_Eldo_2009.rds
simplified_Eldo_2010.rds
simplified_Eldo_2011.rds
simplified_Eldo_2012.rds
simplified_Eldo_2013.rds
simplified_Eldo_2014.rds
simplified_Eldo_2015.rds
simplified_Eldo_2016.rds
simplified_Eldo_2017.rds
simplified_Eldo_2018.rds
simplified_Eldo_2019.rds
simplified_Eldo_2020.rds
simplified_Eldo_2021.rds
simplified_Eldo_2022.rds
simplified_Eldo_2023.rds
simplified_Eldo_2024.rds
Processing batch 1/12 (rows 1-1000)
  Calculated 1000 temperatures. Range: -0.83 to 56.99
Processing batch 2/12 (rows 1001-2000)
  Calculated 1000 temperatures. Range: 2.17 to 55.22
Processing batch 3/12 (rows 2001-3000)
  Calculated 1000 temperatures. Range: 0.54 to 46.14
Processing batch 4/12 (rows 3001-4000)
  Calculated 1000 temperatures. Range: 5.19 to 45.67
Processing batch 5/12 (rows 4001-5000)
  Calculated 1000 temperatures. Range: 0.52 to 41.01
Processing batch 6/12 (rows 5001-6000)
  Calculated 1000 temperatures. Range: 2.81 to 20.21
Processing batch 7/12 (rows 6001-7000)
  Calculated 1000 temperatures. Range: 1.40 to 20.02
Processing batch 8/12 (rows 7001-8000)
  Calculated 1000 temperatures. Range: 3.36 to 25.60
Processing batch 9/12 (rows 8001-9000)
  Calculated 1000 temperatures. Range: 0.50 to 34.78
Processing batch 10/12 (rows 9001-10000)
  Calculated 1000 temperatures. Range: 2.17 to 39.33
Processing batch 11/12 (rows 10001-11000)
  Calculated 1000 temperatures. Range: 3.56 to 42.82
Processing batch 12/12 (rows 11001-11035)
  Calculated 35 temperatures. Range: 3.48 to 31.80
Total observations: 11035, Unique timestamps: 2207
MR parameters: mass=0.33, elev=2195.0, b0=16.50, b1=0.85, b2=-0.47, b3=0.000108
Sample tb=304.95 K, log(mass)=-1.1087, 1/(kT)=38.042359, exponent=-2.0852, rmr=0.124281
Sample tb=277.73 K, log(mass)=-1.1087, 1/(kT)=41.769872, exponent=-3.8371, rmr=0.021555
Sample tb=277.41 K, log(mass)=-1.1087, 1/(kT)=41.818191, exponent=-3.8599, rmr=0.021071
Sample tb=286.25 K, log(mass)=-1.1087, 1/(kT)=40.527033, exponent=-3.2530, rmr=0.038658
Sample tb=278.63 K, log(mass)=-1.1087, 1/(kT)=41.635057, exponent=-3.7738, rmr=0.022965
MR results: 0 NA, 0 infinite, 0 negative, 0 zero
Energy calculations: 6418 non-zero gains, 11035 non-zero losses out of 11035 observations
Saved results to output/results/A1/1955/M/eb_results_MS_1955_A1_Eldo.rds

Processing: Species=MS, Year=1956, Origin=A1, Climate=Eldo, Sex=M
Looking for climate data at: /mmfs1/gscratch/biology/jmsmith/targeted_microclimate/Eldo/simplified_Eldo_1956.rds
Directory /mmfs1/gscratch/biology/jmsmith/targeted_microclimate/Eldo exists. Contents:
simplified_Eldo_1945.rds
simplified_Eldo_1946.rds
simplified_Eldo_1947.rds
simplified_Eldo_1948.rds
simplified_Eldo_1949.rds
simplified_Eldo_1950.rds
simplified_Eldo_1951.rds
simplified_Eldo_1952.rds
simplified_Eldo_1953.rds
simplified_Eldo_1954.rds
simplified_Eldo_1955.rds
simplified_Eldo_1956.rds
simplified_Eldo_1957.rds
simplified_Eldo_1958.rds
simplified_Eldo_1959.rds
simplified_Eldo_1960.rds
simplified_Eldo_1961.rds
simplified_Eldo_1962.rds
simplified_Eldo_1963.rds
simplified_Eldo_1964.rds
simplified_Eldo_2005.rds
simplified_Eldo_2006.rds
simplified_Eldo_2007.rds
simplified_Eldo_2008.rds
simplified_Eldo_2009.rds
simplified_Eldo_2010.rds
simplified_Eldo_2011.rds
simplified_Eldo_2012.rds
simplified_Eldo_2013.rds
simplified_Eldo_2014.rds
simplified_Eldo_2015.rds
simplified_Eldo_2016.rds
simplified_Eldo_2017.rds
simplified_Eldo_2018.rds
simplified_Eldo_2019.rds
simplified_Eldo_2020.rds
simplified_Eldo_2021.rds
simplified_Eldo_2022.rds
simplified_Eldo_2023.rds
simplified_Eldo_2024.rds
Processing batch 1/12 (rows 1-1000)
  Calculated 1000 temperatures. Range: 0.99 to 59.55
Processing batch 2/12 (rows 1001-2000)
  Calculated 1000 temperatures. Range: 2.84 to 50.15
Processing batch 3/12 (rows 2001-3000)
  Calculated 1000 temperatures. Range: -1.18 to 48.31
Processing batch 4/12 (rows 3001-4000)
  Calculated 1000 temperatures. Range: 5.22 to 41.54
Processing batch 5/12 (rows 4001-5000)
  Calculated 1000 temperatures. Range: 0.27 to 40.28
Processing batch 6/12 (rows 5001-6000)
  Calculated 1000 temperatures. Range: 4.63 to 18.63
Processing batch 7/12 (rows 6001-7000)
  Calculated 1000 temperatures. Range: 0.98 to 23.13
Processing batch 8/12 (rows 7001-8000)
  Calculated 1000 temperatures. Range: 5.14 to 22.86
Processing batch 9/12 (rows 8001-9000)
  Calculated 1000 temperatures. Range: 1.50 to 37.33
Processing batch 10/12 (rows 9001-10000)
  Calculated 1000 temperatures. Range: 3.50 to 39.69
Processing batch 11/12 (rows 10001-11000)
  Calculated 1000 temperatures. Range: 4.36 to 37.00
Processing batch 12/12 (rows 11001-11035)
  Calculated 35 temperatures. Range: 0.49 to 26.14
Total observations: 11035, Unique timestamps: 2207
MR parameters: mass=0.33, elev=2195.0, b0=16.50, b1=0.85, b2=-0.47, b3=0.000108
Sample tb=288.84 K, log(mass)=-1.1087, 1/(kT)=40.163378, exponent=-3.0821, rmr=0.045863
Sample tb=288.90 K, log(mass)=-1.1087, 1/(kT)=40.155254, exponent=-3.0783, rmr=0.046039
Sample tb=302.48 K, log(mass)=-1.1087, 1/(kT)=38.352626, exponent=-2.2310, rmr=0.107417
Sample tb=309.66 K, log(mass)=-1.1087, 1/(kT)=37.463806, exponent=-1.8133, rmr=0.163116
Sample tb=284.41 K, log(mass)=-1.1087, 1/(kT)=40.790036, exponent=-3.3766, rmr=0.034163
MR results: 0 NA, 0 infinite, 0 negative, 0 zero
Energy calculations: 6264 non-zero gains, 11035 non-zero losses out of 11035 observations
Saved results to output/results/A1/1956/M/eb_results_MS_1956_A1_Eldo.rds

Processing: Species=MS, Year=1957, Origin=A1, Climate=Eldo, Sex=M
Looking for climate data at: /mmfs1/gscratch/biology/jmsmith/targeted_microclimate/Eldo/simplified_Eldo_1957.rds
Directory /mmfs1/gscratch/biology/jmsmith/targeted_microclimate/Eldo exists. Contents:
simplified_Eldo_1945.rds
simplified_Eldo_1946.rds
simplified_Eldo_1947.rds
simplified_Eldo_1948.rds
simplified_Eldo_1949.rds
simplified_Eldo_1950.rds
simplified_Eldo_1951.rds
simplified_Eldo_1952.rds
simplified_Eldo_1953.rds
simplified_Eldo_1954.rds
simplified_Eldo_1955.rds
simplified_Eldo_1956.rds
simplified_Eldo_1957.rds
simplified_Eldo_1958.rds
simplified_Eldo_1959.rds
simplified_Eldo_1960.rds
simplified_Eldo_1961.rds
simplified_Eldo_1962.rds
simplified_Eldo_1963.rds
simplified_Eldo_1964.rds
simplified_Eldo_2005.rds
simplified_Eldo_2006.rds
simplified_Eldo_2007.rds
simplified_Eldo_2008.rds
simplified_Eldo_2009.rds
simplified_Eldo_2010.rds
simplified_Eldo_2011.rds
simplified_Eldo_2012.rds
simplified_Eldo_2013.rds
simplified_Eldo_2014.rds
simplified_Eldo_2015.rds
simplified_Eldo_2016.rds
simplified_Eldo_2017.rds
simplified_Eldo_2018.rds
simplified_Eldo_2019.rds
simplified_Eldo_2020.rds
simplified_Eldo_2021.rds
simplified_Eldo_2022.rds
simplified_Eldo_2023.rds
simplified_Eldo_2024.rds
Processing batch 1/12 (rows 1-1000)
  Calculated 1000 temperatures. Range: -0.53 to 59.44
Processing batch 2/12 (rows 1001-2000)
  Calculated 1000 temperatures. Range: 4.89 to 49.01
Processing batch 3/12 (rows 2001-3000)
  Calculated 1000 temperatures. Range: 0.98 to 48.29
Processing batch 4/12 (rows 3001-4000)
  Calculated 1000 temperatures. Range: 5.19 to 43.75
Processing batch 5/12 (rows 4001-5000)
  Calculated 1000 temperatures. Range: 0.90 to 40.19
Processing batch 6/12 (rows 5001-6000)
  Calculated 1000 temperatures. Range: 4.59 to 19.41
Processing batch 7/12 (rows 6001-7000)
  Calculated 1000 temperatures. Range: 2.43 to 20.99
Processing batch 8/12 (rows 7001-8000)
  Calculated 1000 temperatures. Range: 1.74 to 24.04
Processing batch 9/12 (rows 8001-9000)
  Calculated 1000 temperatures. Range: 2.66 to 35.23
Processing batch 10/12 (rows 9001-10000)
  Calculated 1000 temperatures. Range: 0.90 to 39.87
Processing batch 11/12 (rows 10001-11000)
  Calculated 1000 temperatures. Range: 5.23 to 37.81
Processing batch 12/12 (rows 11001-11035)
  Calculated 35 temperatures. Range: 7.37 to 28.79
Total observations: 11035, Unique timestamps: 2207
MR parameters: mass=0.33, elev=2195.0, b0=16.50, b1=0.85, b2=-0.47, b3=0.000108
Sample tb=288.71 K, log(mass)=-1.1087, 1/(kT)=40.182204, exponent=-3.0909, rmr=0.045459
Sample tb=279.26 K, log(mass)=-1.1087, 1/(kT)=41.541820, exponent=-3.7300, rmr=0.023994
Sample tb=279.64 K, log(mass)=-1.1087, 1/(kT)=41.485060, exponent=-3.7033, rmr=0.024643
Sample tb=289.12 K, log(mass)=-1.1087, 1/(kT)=40.124347, exponent=-3.0637, rmr=0.046712
Sample tb=294.91 K, log(mass)=-1.1087, 1/(kT)=39.337104, exponent=-2.6937, rmr=0.067627
MR results: 0 NA, 0 infinite, 0 negative, 0 zero
Energy calculations: 6581 non-zero gains, 11035 non-zero losses out of 11035 observations
Saved results to output/results/A1/1957/M/eb_results_MS_1957_A1_Eldo.rds

Processing: Species=MS, Year=1958, Origin=A1, Climate=Eldo, Sex=M
Looking for climate data at: /mmfs1/gscratch/biology/jmsmith/targeted_microclimate/Eldo/simplified_Eldo_1958.rds
Directory /mmfs1/gscratch/biology/jmsmith/targeted_microclimate/Eldo exists. Contents:
simplified_Eldo_1945.rds
simplified_Eldo_1946.rds
simplified_Eldo_1947.rds
simplified_Eldo_1948.rds
simplified_Eldo_1949.rds
simplified_Eldo_1950.rds
simplified_Eldo_1951.rds
simplified_Eldo_1952.rds
simplified_Eldo_1953.rds
simplified_Eldo_1954.rds
simplified_Eldo_1955.rds
simplified_Eldo_1956.rds
simplified_Eldo_1957.rds
simplified_Eldo_1958.rds
simplified_Eldo_1959.rds
simplified_Eldo_1960.rds
simplified_Eldo_1961.rds
simplified_Eldo_1962.rds
simplified_Eldo_1963.rds
simplified_Eldo_1964.rds
simplified_Eldo_2005.rds
simplified_Eldo_2006.rds
simplified_Eldo_2007.rds
simplified_Eldo_2008.rds
simplified_Eldo_2009.rds
simplified_Eldo_2010.rds
simplified_Eldo_2011.rds
simplified_Eldo_2012.rds
simplified_Eldo_2013.rds
simplified_Eldo_2014.rds
simplified_Eldo_2015.rds
simplified_Eldo_2016.rds
simplified_Eldo_2017.rds
simplified_Eldo_2018.rds
simplified_Eldo_2019.rds
simplified_Eldo_2020.rds
simplified_Eldo_2021.rds
simplified_Eldo_2022.rds
simplified_Eldo_2023.rds
simplified_Eldo_2024.rds
Processing batch 1/12 (rows 1-1000)
  Calculated 1000 temperatures. Range: 0.85 to 47.48
Processing batch 2/12 (rows 1001-2000)
  Calculated 1000 temperatures. Range: 3.73 to 51.97
Processing batch 3/12 (rows 2001-3000)
  Calculated 1000 temperatures. Range: 1.48 to 48.14
Processing batch 4/12 (rows 3001-4000)
  Calculated 1000 temperatures. Range: 5.20 to 42.35
Processing batch 5/12 (rows 4001-5000)
  Calculated 1000 temperatures. Range: 2.48 to 40.43
Processing batch 6/12 (rows 5001-6000)
  Calculated 1000 temperatures. Range: 2.83 to 19.14
Processing batch 7/12 (rows 6001-7000)
  Calculated 1000 temperatures. Range: 3.61 to 22.69
Processing batch 8/12 (rows 7001-8000)
  Calculated 1000 temperatures. Range: 3.65 to 23.48
Processing batch 9/12 (rows 8001-9000)
  Calculated 1000 temperatures. Range: 4.08 to 32.90
Processing batch 10/12 (rows 9001-10000)
  Calculated 1000 temperatures. Range: 2.59 to 36.80
Processing batch 11/12 (rows 10001-11000)
  Calculated 1000 temperatures. Range: 5.10 to 38.96
Processing batch 12/12 (rows 11001-11035)
  Calculated 35 temperatures. Range: 3.37 to 30.18
Total observations: 11035, Unique timestamps: 2207
MR parameters: mass=0.33, elev=2195.0, b0=16.50, b1=0.85, b2=-0.47, b3=0.000108
Sample tb=291.50 K, log(mass)=-1.1087, 1/(kT)=39.797624, exponent=-2.9102, rmr=0.054466
Sample tb=281.14 K, log(mass)=-1.1087, 1/(kT)=41.264562, exponent=-3.5996, rmr=0.027333
Sample tb=307.89 K, log(mass)=-1.1087, 1/(kT)=37.678850, exponent=-1.9144, rmr=0.147436
Sample tb=278.65 K, log(mass)=-1.1087, 1/(kT)=41.632318, exponent=-3.7725, rmr=0.022995
Sample tb=279.17 K, log(mass)=-1.1087, 1/(kT)=41.554706, exponent=-3.7360, rmr=0.023849
MR results: 0 NA, 0 infinite, 0 negative, 0 zero
Energy calculations: 6227 non-zero gains, 11035 non-zero losses out of 11035 observations
Saved results to output/results/A1/1958/M/eb_results_MS_1958_A1_Eldo.rds

Processing: Species=MS, Year=1959, Origin=A1, Climate=Eldo, Sex=M
Looking for climate data at: /mmfs1/gscratch/biology/jmsmith/targeted_microclimate/Eldo/simplified_Eldo_1959.rds
Directory /mmfs1/gscratch/biology/jmsmith/targeted_microclimate/Eldo exists. Contents:
simplified_Eldo_1945.rds
simplified_Eldo_1946.rds
simplified_Eldo_1947.rds
simplified_Eldo_1948.rds
simplified_Eldo_1949.rds
simplified_Eldo_1950.rds
simplified_Eldo_1951.rds
simplified_Eldo_1952.rds
simplified_Eldo_1953.rds
simplified_Eldo_1954.rds
simplified_Eldo_1955.rds
simplified_Eldo_1956.rds
simplified_Eldo_1957.rds
simplified_Eldo_1958.rds
simplified_Eldo_1959.rds
simplified_Eldo_1960.rds
simplified_Eldo_1961.rds
simplified_Eldo_1962.rds
simplified_Eldo_1963.rds
simplified_Eldo_1964.rds
simplified_Eldo_2005.rds
simplified_Eldo_2006.rds
simplified_Eldo_2007.rds
simplified_Eldo_2008.rds
simplified_Eldo_2009.rds
simplified_Eldo_2010.rds
simplified_Eldo_2011.rds
simplified_Eldo_2012.rds
simplified_Eldo_2013.rds
simplified_Eldo_2014.rds
simplified_Eldo_2015.rds
simplified_Eldo_2016.rds
simplified_Eldo_2017.rds
simplified_Eldo_2018.rds
simplified_Eldo_2019.rds
simplified_Eldo_2020.rds
simplified_Eldo_2021.rds
simplified_Eldo_2022.rds
simplified_Eldo_2023.rds
simplified_Eldo_2024.rds
Processing batch 1/12 (rows 1-1000)
  Calculated 1000 temperatures. Range: -1.17 to 52.05
Processing batch 2/12 (rows 1001-2000)
  Calculated 1000 temperatures. Range: 4.64 to 54.84
Processing batch 3/12 (rows 2001-3000)
  Calculated 1000 temperatures. Range: 0.02 to 45.72
Processing batch 4/12 (rows 3001-4000)
  Calculated 1000 temperatures. Range: 4.60 to 46.30
Processing batch 5/12 (rows 4001-5000)
  Calculated 1000 temperatures. Range: 1.10 to 39.56
Processing batch 6/12 (rows 5001-6000)
  Calculated 1000 temperatures. Range: 3.78 to 19.96
Processing batch 7/12 (rows 6001-7000)
  Calculated 1000 temperatures. Range: 1.35 to 22.28
Processing batch 8/12 (rows 7001-8000)
  Calculated 1000 temperatures. Range: 5.01 to 23.27
Processing batch 9/12 (rows 8001-9000)
  Calculated 1000 temperatures. Range: 0.19 to 36.28
Processing batch 10/12 (rows 9001-10000)
  Calculated 1000 temperatures. Range: 4.21 to 39.92
Processing batch 11/12 (rows 10001-11000)
  Calculated 1000 temperatures. Range: 6.02 to 42.39
Processing batch 12/12 (rows 11001-11035)
  Calculated 35 temperatures. Range: 5.47 to 35.10
Total observations: 11035, Unique timestamps: 2207
MR parameters: mass=0.33, elev=2195.0, b0=16.50, b1=0.85, b2=-0.47, b3=0.000108
Sample tb=284.89 K, log(mass)=-1.1087, 1/(kT)=40.720261, exponent=-3.3438, rmr=0.035302
Sample tb=303.48 K, log(mass)=-1.1087, 1/(kT)=38.226870, exponent=-2.1719, rmr=0.113957
Sample tb=281.94 K, log(mass)=-1.1087, 1/(kT)=41.146903, exponent=-3.5443, rmr=0.028887
Sample tb=285.41 K, log(mass)=-1.1087, 1/(kT)=40.645982, exponent=-3.3089, rmr=0.036556
Sample tb=280.22 K, log(mass)=-1.1087, 1/(kT)=41.399392, exponent=-3.6630, rmr=0.025655
MR results: 0 NA, 0 infinite, 0 negative, 0 zero
Energy calculations: 6695 non-zero gains, 11035 non-zero losses out of 11035 observations
Saved results to output/results/A1/1959/M/eb_results_MS_1959_A1_Eldo.rds

Processing: Species=MS, Year=1960, Origin=A1, Climate=Eldo, Sex=M
Looking for climate data at: /mmfs1/gscratch/biology/jmsmith/targeted_microclimate/Eldo/simplified_Eldo_1960.rds
Directory /mmfs1/gscratch/biology/jmsmith/targeted_microclimate/Eldo exists. Contents:
simplified_Eldo_1945.rds
simplified_Eldo_1946.rds
simplified_Eldo_1947.rds
simplified_Eldo_1948.rds
simplified_Eldo_1949.rds
simplified_Eldo_1950.rds
simplified_Eldo_1951.rds
simplified_Eldo_1952.rds
simplified_Eldo_1953.rds
simplified_Eldo_1954.rds
simplified_Eldo_1955.rds
simplified_Eldo_1956.rds
simplified_Eldo_1957.rds
simplified_Eldo_1958.rds
simplified_Eldo_1959.rds
simplified_Eldo_1960.rds
simplified_Eldo_1961.rds
simplified_Eldo_1962.rds
simplified_Eldo_1963.rds
simplified_Eldo_1964.rds
simplified_Eldo_2005.rds
simplified_Eldo_2006.rds
simplified_Eldo_2007.rds
simplified_Eldo_2008.rds
simplified_Eldo_2009.rds
simplified_Eldo_2010.rds
simplified_Eldo_2011.rds
simplified_Eldo_2012.rds
simplified_Eldo_2013.rds
simplified_Eldo_2014.rds
simplified_Eldo_2015.rds
simplified_Eldo_2016.rds
simplified_Eldo_2017.rds
simplified_Eldo_2018.rds
simplified_Eldo_2019.rds
simplified_Eldo_2020.rds
simplified_Eldo_2021.rds
simplified_Eldo_2022.rds
simplified_Eldo_2023.rds
simplified_Eldo_2024.rds
Processing batch 1/12 (rows 1-1000)
  Calculated 1000 temperatures. Range: 1.34 to 60.00
Processing batch 2/12 (rows 1001-2000)
  Calculated 1000 temperatures. Range: -0.41 to 55.29
Processing batch 3/12 (rows 2001-3000)
  Calculated 1000 temperatures. Range: 1.23 to 49.35
Processing batch 4/12 (rows 3001-4000)
  Calculated 1000 temperatures. Range: 4.96 to 45.28
Processing batch 5/12 (rows 4001-5000)
  Calculated 1000 temperatures. Range: 1.94 to 40.15
Processing batch 6/12 (rows 5001-6000)
  Calculated 1000 temperatures. Range: 4.41 to 20.80
Processing batch 7/12 (rows 6001-7000)
  Calculated 1000 temperatures. Range: 1.58 to 20.87
Processing batch 8/12 (rows 7001-8000)
  Calculated 1000 temperatures. Range: 3.80 to 25.49
Processing batch 9/12 (rows 8001-9000)
  Calculated 1000 temperatures. Range: 3.02 to 45.69
Processing batch 10/12 (rows 9001-10000)
  Calculated 1000 temperatures. Range: 2.96 to 45.96
Processing batch 11/12 (rows 10001-11000)
  Calculated 1000 temperatures. Range: 1.56 to 42.77
Processing batch 12/12 (rows 11001-11035)
  Calculated 35 temperatures. Range: 4.70 to 34.09
Total observations: 11035, Unique timestamps: 2207
MR parameters: mass=0.33, elev=2195.0, b0=16.50, b1=0.85, b2=-0.47, b3=0.000108
Sample tb=291.75 K, log(mass)=-1.1087, 1/(kT)=39.763575, exponent=-2.8942, rmr=0.055344
Sample tb=309.82 K, log(mass)=-1.1087, 1/(kT)=37.444107, exponent=-1.8040, rmr=0.164633
Sample tb=281.14 K, log(mass)=-1.1087, 1/(kT)=41.264010, exponent=-3.5994, rmr=0.027340
Sample tb=292.99 K, log(mass)=-1.1087, 1/(kT)=39.595372, exponent=-2.8151, rmr=0.059897
Sample tb=288.45 K, log(mass)=-1.1087, 1/(kT)=40.218813, exponent=-3.1081, rmr=0.044684
MR results: 0 NA, 0 infinite, 0 negative, 0 zero
Energy calculations: 6405 non-zero gains, 11035 non-zero losses out of 11035 observations
Saved results to output/results/A1/1960/M/eb_results_MS_1960_A1_Eldo.rds

Processing: Species=MS, Year=1961, Origin=A1, Climate=Eldo, Sex=M
Looking for climate data at: /mmfs1/gscratch/biology/jmsmith/targeted_microclimate/Eldo/simplified_Eldo_1961.rds
Directory /mmfs1/gscratch/biology/jmsmith/targeted_microclimate/Eldo exists. Contents:
simplified_Eldo_1945.rds
simplified_Eldo_1946.rds
simplified_Eldo_1947.rds
simplified_Eldo_1948.rds
simplified_Eldo_1949.rds
simplified_Eldo_1950.rds
simplified_Eldo_1951.rds
simplified_Eldo_1952.rds
simplified_Eldo_1953.rds
simplified_Eldo_1954.rds
simplified_Eldo_1955.rds
simplified_Eldo_1956.rds
simplified_Eldo_1957.rds
simplified_Eldo_1958.rds
simplified_Eldo_1959.rds
simplified_Eldo_1960.rds
simplified_Eldo_1961.rds
simplified_Eldo_1962.rds
simplified_Eldo_1963.rds
simplified_Eldo_1964.rds
simplified_Eldo_2005.rds
simplified_Eldo_2006.rds
simplified_Eldo_2007.rds
simplified_Eldo_2008.rds
simplified_Eldo_2009.rds
simplified_Eldo_2010.rds
simplified_Eldo_2011.rds
simplified_Eldo_2012.rds
simplified_Eldo_2013.rds
simplified_Eldo_2014.rds
simplified_Eldo_2015.rds
simplified_Eldo_2016.rds
simplified_Eldo_2017.rds
simplified_Eldo_2018.rds
simplified_Eldo_2019.rds
simplified_Eldo_2020.rds
simplified_Eldo_2021.rds
simplified_Eldo_2022.rds
simplified_Eldo_2023.rds
simplified_Eldo_2024.rds
Processing batch 1/12 (rows 1-1000)
  Calculated 1000 temperatures. Range: -0.89 to 49.46
Processing batch 2/12 (rows 1001-2000)
  Calculated 1000 temperatures. Range: 2.08 to 50.80
Processing batch 3/12 (rows 2001-3000)
  Calculated 1000 temperatures. Range: 0.47 to 49.37
Processing batch 4/12 (rows 3001-4000)
  Calculated 1000 temperatures. Range: 3.03 to 43.20
Processing batch 5/12 (rows 4001-5000)
  Calculated 1000 temperatures. Range: 1.07 to 39.75
Processing batch 6/12 (rows 5001-6000)
  Calculated 1000 temperatures. Range: 2.87 to 19.67
Processing batch 7/12 (rows 6001-7000)
  Calculated 1000 temperatures. Range: 1.54 to 21.11
Processing batch 8/12 (rows 7001-8000)
  Calculated 1000 temperatures. Range: 3.54 to 23.75
Processing batch 9/12 (rows 8001-9000)
  Calculated 1000 temperatures. Range: 0.56 to 30.11
Processing batch 10/12 (rows 9001-10000)
  Calculated 1000 temperatures. Range: 2.86 to 38.43
Processing batch 11/12 (rows 10001-11000)
  Calculated 1000 temperatures. Range: 3.13 to 39.15
Processing batch 12/12 (rows 11001-11035)
  Calculated 35 temperatures. Range: 7.12 to 37.85
Total observations: 11035, Unique timestamps: 2207
MR parameters: mass=0.33, elev=2195.0, b0=16.50, b1=0.85, b2=-0.47, b3=0.000108
Sample tb=293.36 K, log(mass)=-1.1087, 1/(kT)=39.544421, exponent=-2.7912, rmr=0.061349
Sample tb=309.05 K, log(mass)=-1.1087, 1/(kT)=37.537121, exponent=-1.8477, rmr=0.157591
Sample tb=303.32 K, log(mass)=-1.1087, 1/(kT)=38.246665, exponent=-2.1812, rmr=0.112902
Sample tb=281.79 K, log(mass)=-1.1087, 1/(kT)=41.168567, exponent=-3.5545, rmr=0.028595
Sample tb=290.88 K, log(mass)=-1.1087, 1/(kT)=39.882700, exponent=-2.9502, rmr=0.052331
MR results: 0 NA, 0 infinite, 0 negative, 0 zero
Energy calculations: 6542 non-zero gains, 11035 non-zero losses out of 11035 observations
Saved results to output/results/A1/1961/M/eb_results_MS_1961_A1_Eldo.rds

Processing: Species=MS, Year=1962, Origin=A1, Climate=Eldo, Sex=M
Looking for climate data at: /mmfs1/gscratch/biology/jmsmith/targeted_microclimate/Eldo/simplified_Eldo_1962.rds
Directory /mmfs1/gscratch/biology/jmsmith/targeted_microclimate/Eldo exists. Contents:
simplified_Eldo_1945.rds
simplified_Eldo_1946.rds
simplified_Eldo_1947.rds
simplified_Eldo_1948.rds
simplified_Eldo_1949.rds
simplified_Eldo_1950.rds
simplified_Eldo_1951.rds
simplified_Eldo_1952.rds
simplified_Eldo_1953.rds
simplified_Eldo_1954.rds
simplified_Eldo_1955.rds
simplified_Eldo_1956.rds
simplified_Eldo_1957.rds
simplified_Eldo_1958.rds
simplified_Eldo_1959.rds
simplified_Eldo_1960.rds
simplified_Eldo_1961.rds
simplified_Eldo_1962.rds
simplified_Eldo_1963.rds
simplified_Eldo_1964.rds
simplified_Eldo_2005.rds
simplified_Eldo_2006.rds
simplified_Eldo_2007.rds
simplified_Eldo_2008.rds
simplified_Eldo_2009.rds
simplified_Eldo_2010.rds
simplified_Eldo_2011.rds
simplified_Eldo_2012.rds
simplified_Eldo_2013.rds
simplified_Eldo_2014.rds
simplified_Eldo_2015.rds
simplified_Eldo_2016.rds
simplified_Eldo_2017.rds
simplified_Eldo_2018.rds
simplified_Eldo_2019.rds
simplified_Eldo_2020.rds
simplified_Eldo_2021.rds
simplified_Eldo_2022.rds
simplified_Eldo_2023.rds
simplified_Eldo_2024.rds
Processing batch 1/12 (rows 1-1000)
  Calculated 1000 temperatures. Range: -1.59 to 50.06
Processing batch 2/12 (rows 1001-2000)
  Calculated 1000 temperatures. Range: 2.73 to 56.46
Processing batch 3/12 (rows 2001-3000)
  Calculated 1000 temperatures. Range: 0.14 to 56.05
Processing batch 4/12 (rows 3001-4000)
  Calculated 1000 temperatures. Range: 4.93 to 47.33
Processing batch 5/12 (rows 4001-5000)
  Calculated 1000 temperatures. Range: 0.17 to 45.54
Processing batch 6/12 (rows 5001-6000)
  Calculated 1000 temperatures. Range: 4.80 to 19.03
Processing batch 7/12 (rows 6001-7000)
  Calculated 1000 temperatures. Range: 1.07 to 20.32
Processing batch 8/12 (rows 7001-8000)
  Calculated 1000 temperatures. Range: 2.23 to 23.87
Processing batch 9/12 (rows 8001-9000)
  Calculated 1000 temperatures. Range: 0.48 to 25.64
Processing batch 10/12 (rows 9001-10000)
  Calculated 1000 temperatures. Range: 0.00 to 38.70
Processing batch 11/12 (rows 10001-11000)
  Calculated 1000 temperatures. Range: 2.72 to 43.38
Processing batch 12/12 (rows 11001-11035)
  Calculated 35 temperatures. Range: 3.15 to 21.10
Total observations: 11035, Unique timestamps: 2207
MR parameters: mass=0.33, elev=2195.0, b0=16.50, b1=0.85, b2=-0.47, b3=0.000108
Sample tb=286.11 K, log(mass)=-1.1087, 1/(kT)=40.547399, exponent=-3.2626, rmr=0.038289
Sample tb=276.80 K, log(mass)=-1.1087, 1/(kT)=41.911082, exponent=-3.9035, rmr=0.020171
Sample tb=291.19 K, log(mass)=-1.1087, 1/(kT)=39.839644, exponent=-2.9299, rmr=0.053400
Sample tb=313.26 K, log(mass)=-1.1087, 1/(kT)=37.032336, exponent=-1.6105, rmr=0.199787
Sample tb=285.75 K, log(mass)=-1.1087, 1/(kT)=40.597730, exponent=-3.2862, rmr=0.037394
MR results: 0 NA, 0 infinite, 0 negative, 0 zero
Energy calculations: 6129 non-zero gains, 11035 non-zero losses out of 11035 observations
Saved results to output/results/A1/1962/M/eb_results_MS_1962_A1_Eldo.rds

Processing: Species=MS, Year=1963, Origin=A1, Climate=Eldo, Sex=M
Looking for climate data at: /mmfs1/gscratch/biology/jmsmith/targeted_microclimate/Eldo/simplified_Eldo_1963.rds
Directory /mmfs1/gscratch/biology/jmsmith/targeted_microclimate/Eldo exists. Contents:
simplified_Eldo_1945.rds
simplified_Eldo_1946.rds
simplified_Eldo_1947.rds
simplified_Eldo_1948.rds
simplified_Eldo_1949.rds
simplified_Eldo_1950.rds
simplified_Eldo_1951.rds
simplified_Eldo_1952.rds
simplified_Eldo_1953.rds
simplified_Eldo_1954.rds
simplified_Eldo_1955.rds
simplified_Eldo_1956.rds
simplified_Eldo_1957.rds
simplified_Eldo_1958.rds
simplified_Eldo_1959.rds
simplified_Eldo_1960.rds
simplified_Eldo_1961.rds
simplified_Eldo_1962.rds
simplified_Eldo_1963.rds
simplified_Eldo_1964.rds
simplified_Eldo_2005.rds
simplified_Eldo_2006.rds
simplified_Eldo_2007.rds
simplified_Eldo_2008.rds
simplified_Eldo_2009.rds
simplified_Eldo_2010.rds
simplified_Eldo_2011.rds
simplified_Eldo_2012.rds
simplified_Eldo_2013.rds
simplified_Eldo_2014.rds
simplified_Eldo_2015.rds
simplified_Eldo_2016.rds
simplified_Eldo_2017.rds
simplified_Eldo_2018.rds
simplified_Eldo_2019.rds
simplified_Eldo_2020.rds
simplified_Eldo_2021.rds
simplified_Eldo_2022.rds
simplified_Eldo_2023.rds
simplified_Eldo_2024.rds
Processing batch 1/12 (rows 1-1000)
  Calculated 1000 temperatures. Range: 0.96 to 60.00
Processing batch 2/12 (rows 1001-2000)
  Calculated 1000 temperatures. Range: 5.19 to 50.73
Processing batch 3/12 (rows 2001-3000)
  Calculated 1000 temperatures. Range: 2.27 to 51.49
Processing batch 4/12 (rows 3001-4000)
  Calculated 1000 temperatures. Range: 6.02 to 42.86
Processing batch 5/12 (rows 4001-5000)
  Calculated 1000 temperatures. Range: 2.28 to 35.42
Processing batch 6/12 (rows 5001-6000)
  Calculated 1000 temperatures. Range: 4.02 to 20.93
Processing batch 7/12 (rows 6001-7000)
  Calculated 1000 temperatures. Range: 3.33 to 22.29
Processing batch 8/12 (rows 7001-8000)
  Calculated 1000 temperatures. Range: 3.76 to 25.01
Processing batch 9/12 (rows 8001-9000)
  Calculated 1000 temperatures. Range: 2.36 to 34.79
Processing batch 10/12 (rows 9001-10000)
  Calculated 1000 temperatures. Range: 2.50 to 42.96
Processing batch 11/12 (rows 10001-11000)
  Calculated 1000 temperatures. Range: 6.10 to 39.36
Processing batch 12/12 (rows 11001-11035)
  Calculated 35 temperatures. Range: 7.79 to 27.60
Total observations: 11035, Unique timestamps: 2207
MR parameters: mass=0.33, elev=2195.0, b0=16.50, b1=0.85, b2=-0.47, b3=0.000108
Sample tb=281.30 K, log(mass)=-1.1087, 1/(kT)=41.241130, exponent=-3.5886, rmr=0.027636
Sample tb=292.42 K, log(mass)=-1.1087, 1/(kT)=39.671540, exponent=-2.8509, rmr=0.057791
Sample tb=280.84 K, log(mass)=-1.1087, 1/(kT)=41.307672, exponent=-3.6199, rmr=0.026785
Sample tb=285.21 K, log(mass)=-1.1087, 1/(kT)=40.675498, exponent=-3.3228, rmr=0.036052
Sample tb=294.09 K, log(mass)=-1.1087, 1/(kT)=39.446552, exponent=-2.7452, rmr=0.064237
MR results: 0 NA, 0 infinite, 0 negative, 0 zero
Energy calculations: 6898 non-zero gains, 11035 non-zero losses out of 11035 observations
Saved results to output/results/A1/1963/M/eb_results_MS_1963_A1_Eldo.rds

Processing: Species=MS, Year=1964, Origin=A1, Climate=Eldo, Sex=M
Looking for climate data at: /mmfs1/gscratch/biology/jmsmith/targeted_microclimate/Eldo/simplified_Eldo_1964.rds
Directory /mmfs1/gscratch/biology/jmsmith/targeted_microclimate/Eldo exists. Contents:
simplified_Eldo_1945.rds
simplified_Eldo_1946.rds
simplified_Eldo_1947.rds
simplified_Eldo_1948.rds
simplified_Eldo_1949.rds
simplified_Eldo_1950.rds
simplified_Eldo_1951.rds
simplified_Eldo_1952.rds
simplified_Eldo_1953.rds
simplified_Eldo_1954.rds
simplified_Eldo_1955.rds
simplified_Eldo_1956.rds
simplified_Eldo_1957.rds
simplified_Eldo_1958.rds
simplified_Eldo_1959.rds
simplified_Eldo_1960.rds
simplified_Eldo_1961.rds
simplified_Eldo_1962.rds
simplified_Eldo_1963.rds
simplified_Eldo_1964.rds
simplified_Eldo_2005.rds
simplified_Eldo_2006.rds
simplified_Eldo_2007.rds
simplified_Eldo_2008.rds
simplified_Eldo_2009.rds
simplified_Eldo_2010.rds
simplified_Eldo_2011.rds
simplified_Eldo_2012.rds
simplified_Eldo_2013.rds
simplified_Eldo_2014.rds
simplified_Eldo_2015.rds
simplified_Eldo_2016.rds
simplified_Eldo_2017.rds
simplified_Eldo_2018.rds
simplified_Eldo_2019.rds
simplified_Eldo_2020.rds
simplified_Eldo_2021.rds
simplified_Eldo_2022.rds
simplified_Eldo_2023.rds
simplified_Eldo_2024.rds
Processing batch 1/12 (rows 1-1000)
  Calculated 1000 temperatures. Range: -0.87 to 48.52
Processing batch 2/12 (rows 1001-2000)
  Calculated 1000 temperatures. Range: -0.42 to 55.15
Processing batch 3/12 (rows 2001-3000)
  Calculated 1000 temperatures. Range: -1.61 to 44.72
Processing batch 4/12 (rows 3001-4000)
  Calculated 1000 temperatures. Range: 4.86 to 47.07
Processing batch 5/12 (rows 4001-5000)
  Calculated 1000 temperatures. Range: 0.60 to 39.92
Processing batch 6/12 (rows 5001-6000)
  Calculated 1000 temperatures. Range: 3.41 to 20.22
Processing batch 7/12 (rows 6001-7000)
  Calculated 1000 temperatures. Range: 0.66 to 22.02
Processing batch 8/12 (rows 7001-8000)
  Calculated 1000 temperatures. Range: 1.87 to 24.42
Processing batch 9/12 (rows 8001-9000)
  Calculated 1000 temperatures. Range: 0.36 to 34.81
Processing batch 10/12 (rows 9001-10000)
  Calculated 1000 temperatures. Range: 1.03 to 37.64
Processing batch 11/12 (rows 10001-11000)
  Calculated 1000 temperatures. Range: 0.45 to 42.93
Processing batch 12/12 (rows 11001-11035)
  Calculated 35 temperatures. Range: 1.08 to 30.24
Total observations: 11035, Unique timestamps: 2207
MR parameters: mass=0.33, elev=2195.0, b0=16.50, b1=0.85, b2=-0.47, b3=0.000108
Sample tb=288.95 K, log(mass)=-1.1087, 1/(kT)=40.149012, exponent=-3.0753, rmr=0.046174
Sample tb=277.13 K, log(mass)=-1.1087, 1/(kT)=41.860780, exponent=-3.8799, rmr=0.020654
Sample tb=294.74 K, log(mass)=-1.1087, 1/(kT)=39.360288, exponent=-2.7046, rmr=0.066894
Sample tb=303.11 K, log(mass)=-1.1087, 1/(kT)=38.273095, exponent=-2.1937, rmr=0.111508
Sample tb=288.48 K, log(mass)=-1.1087, 1/(kT)=40.214344, exponent=-3.1060, rmr=0.044778
MR results: 0 NA, 0 infinite, 0 negative, 0 zero
Energy calculations: 6386 non-zero gains, 11035 non-zero losses out of 11035 observations
Saved results to output/results/A1/1964/M/eb_results_MS_1964_A1_Eldo.rds

All years processed.
