Arguments received:
Species: MB
Years: 2005, 2006, 2007, 2008, 2009, 2010, 2011, 2012, 2013, 2014, 2015, 2016, 2017, 2018, 2019, 2020, 2021, 2022, 2023, 2024
Origin site: A1
Climate site: D1
Sex: F
Output directory: output/results/A1
Library paths:
[1] "/gscratch/biology/jmsmith/R"                          
[2] "/mmfs1/home/smithju/R/x86_64-pc-linux-gnu-library/4.4"
[3] "/usr/local/lib/R/site-library"                        
[4] "/usr/local/lib/R/library"                             
Package tidyverse loaded successfully
Package TrenchR loaded successfully
Package rTPC loaded successfully
Package lubridate loaded successfully

Processing: Species=MB, Year=2005, Origin=A1, Climate=D1, Sex=F
Looking for climate data at: /mmfs1/gscratch/biology/jmsmith/targeted_microclimate/D1/simplified_D1_2005.rds
Directory /mmfs1/gscratch/biology/jmsmith/targeted_microclimate/D1 exists. Contents:
simplified_D1_1945.rds
simplified_D1_1946.rds
simplified_D1_1947.rds
simplified_D1_1948.rds
simplified_D1_1949.rds
simplified_D1_1950.rds
simplified_D1_1951.rds
simplified_D1_1952.rds
simplified_D1_1953.rds
simplified_D1_1954.rds
simplified_D1_1955.rds
simplified_D1_1956.rds
simplified_D1_1957.rds
simplified_D1_1958.rds
simplified_D1_1959.rds
simplified_D1_1960.rds
simplified_D1_1961.rds
simplified_D1_1962.rds
simplified_D1_1963.rds
simplified_D1_1964.rds
simplified_D1_2005.rds
simplified_D1_2006.rds
simplified_D1_2007.rds
simplified_D1_2008.rds
simplified_D1_2009.rds
simplified_D1_2010.rds
simplified_D1_2011.rds
simplified_D1_2012.rds
simplified_D1_2013.rds
simplified_D1_2014.rds
simplified_D1_2015.rds
simplified_D1_2016.rds
simplified_D1_2017.rds
simplified_D1_2018.rds
simplified_D1_2019.rds
simplified_D1_2020.rds
simplified_D1_2021.rds
simplified_D1_2022.rds
simplified_D1_2023.rds
simplified_D1_2024.rds
Processing batch 1/12 (rows 1-1000)
  Calculated 1000 temperatures. Range: -10.15 to 52.20
Processing batch 2/12 (rows 1001-2000)
  Calculated 1000 temperatures. Range: -5.38 to 50.52
Processing batch 3/12 (rows 2001-3000)
  Calculated 1000 temperatures. Range: -9.72 to 42.43
Processing batch 4/12 (rows 3001-4000)
  Calculated 1000 temperatures. Range: -5.31 to 41.33
Processing batch 5/12 (rows 4001-5000)
  Calculated 1000 temperatures. Range: -8.71 to 36.64
Processing batch 6/12 (rows 5001-6000)
  Calculated 1000 temperatures. Range: -6.15 to 40.74
Processing batch 7/12 (rows 6001-7000)
  Calculated 1000 temperatures. Range: -8.30 to 38.90
Processing batch 8/12 (rows 7001-8000)
  Calculated 1000 temperatures. Range: -5.95 to 13.60
Processing batch 9/12 (rows 8001-9000)
  Calculated 1000 temperatures. Range: -6.78 to 11.69
Processing batch 10/12 (rows 9001-10000)
  Calculated 1000 temperatures. Range: -8.64 to 17.24
Processing batch 11/12 (rows 10001-11000)
  Calculated 1000 temperatures. Range: -3.77 to 17.37
Processing batch 12/12 (rows 11001-11035)
  Calculated 35 temperatures. Range: -5.28 to 13.82
Total observations: 11035, Unique timestamps: 2207
MR parameters: mass=0.33, elev=2195.0, b0=17.10, b1=0.98, b2=-0.48, b3=0.000124
Sample tb=269.39 K, log(mass)=-1.1087, 1/(kT)=43.063388, exponent=-4.3847, rmr=0.012466
Sample tb=296.60 K, log(mass)=-1.1087, 1/(kT)=39.113179, exponent=-2.4886, rmr=0.083023
Sample tb=276.89 K, log(mass)=-1.1087, 1/(kT)=41.896888, exponent=-3.8248, rmr=0.021822
Sample tb=289.37 K, log(mass)=-1.1087, 1/(kT)=40.090772, exponent=-2.9579, rmr=0.051929
Sample tb=280.91 K, log(mass)=-1.1087, 1/(kT)=41.297069, exponent=-3.5369, rmr=0.029103
MR results: 0 NA, 0 infinite, 0 negative, 0 zero
Energy calculations: 2547 non-zero gains, 11035 non-zero losses out of 11035 observations
Saved results to output/results/A1/2005/F/eb_results_MB_2005_A1_D1.rds

Processing: Species=MB, Year=2006, Origin=A1, Climate=D1, Sex=F
Looking for climate data at: /mmfs1/gscratch/biology/jmsmith/targeted_microclimate/D1/simplified_D1_2006.rds
Directory /mmfs1/gscratch/biology/jmsmith/targeted_microclimate/D1 exists. Contents:
simplified_D1_1945.rds
simplified_D1_1946.rds
simplified_D1_1947.rds
simplified_D1_1948.rds
simplified_D1_1949.rds
simplified_D1_1950.rds
simplified_D1_1951.rds
simplified_D1_1952.rds
simplified_D1_1953.rds
simplified_D1_1954.rds
simplified_D1_1955.rds
simplified_D1_1956.rds
simplified_D1_1957.rds
simplified_D1_1958.rds
simplified_D1_1959.rds
simplified_D1_1960.rds
simplified_D1_1961.rds
simplified_D1_1962.rds
simplified_D1_1963.rds
simplified_D1_1964.rds
simplified_D1_2005.rds
simplified_D1_2006.rds
simplified_D1_2007.rds
simplified_D1_2008.rds
simplified_D1_2009.rds
simplified_D1_2010.rds
simplified_D1_2011.rds
simplified_D1_2012.rds
simplified_D1_2013.rds
simplified_D1_2014.rds
simplified_D1_2015.rds
simplified_D1_2016.rds
simplified_D1_2017.rds
simplified_D1_2018.rds
simplified_D1_2019.rds
simplified_D1_2020.rds
simplified_D1_2021.rds
simplified_D1_2022.rds
simplified_D1_2023.rds
simplified_D1_2024.rds
Processing batch 1/12 (rows 1-1000)
  Calculated 1000 temperatures. Range: -7.23 to 52.48
Processing batch 2/12 (rows 1001-2000)
  Calculated 1000 temperatures. Range: -3.35 to 50.04
Processing batch 3/12 (rows 2001-3000)
  Calculated 1000 temperatures. Range: -6.80 to 48.34
Processing batch 4/12 (rows 3001-4000)
  Calculated 1000 temperatures. Range: -2.05 to 38.79
Processing batch 5/12 (rows 4001-5000)
  Calculated 1000 temperatures. Range: -6.60 to 38.64
Processing batch 6/12 (rows 5001-6000)
  Calculated 1000 temperatures. Range: -4.63 to 40.97
Processing batch 7/12 (rows 6001-7000)
  Calculated 1000 temperatures. Range: -7.24 to 38.27
Processing batch 8/12 (rows 7001-8000)
  Calculated 1000 temperatures. Range: -6.15 to 13.75
Processing batch 9/12 (rows 8001-9000)
  Calculated 1000 temperatures. Range: -6.84 to 13.94
Processing batch 10/12 (rows 9001-10000)
  Calculated 1000 temperatures. Range: -5.74 to 16.49
Processing batch 11/12 (rows 10001-11000)
  Calculated 1000 temperatures. Range: -4.72 to 16.96
Processing batch 12/12 (rows 11001-11035)
  Calculated 35 temperatures. Range: -0.56 to 12.65
Total observations: 11035, Unique timestamps: 2207
MR parameters: mass=0.33, elev=2195.0, b0=17.10, b1=0.98, b2=-0.48, b3=0.000124
Sample tb=274.60 K, log(mass)=-1.1087, 1/(kT)=42.247219, exponent=-3.9930, rmr=0.018445
Sample tb=281.41 K, log(mass)=-1.1087, 1/(kT)=41.224450, exponent=-3.5020, rmr=0.030136
Sample tb=267.69 K, log(mass)=-1.1087, 1/(kT)=43.337190, exponent=-4.5162, rmr=0.010931
Sample tb=273.05 K, log(mass)=-1.1087, 1/(kT)=42.485866, exponent=-4.1075, rmr=0.016448
Sample tb=289.53 K, log(mass)=-1.1087, 1/(kT)=40.068243, exponent=-2.9471, rmr=0.052493
MR results: 0 NA, 0 infinite, 0 negative, 0 zero
Energy calculations: 2787 non-zero gains, 11035 non-zero losses out of 11035 observations
Saved results to output/results/A1/2006/F/eb_results_MB_2006_A1_D1.rds

Processing: Species=MB, Year=2007, Origin=A1, Climate=D1, Sex=F
Looking for climate data at: /mmfs1/gscratch/biology/jmsmith/targeted_microclimate/D1/simplified_D1_2007.rds
Directory /mmfs1/gscratch/biology/jmsmith/targeted_microclimate/D1 exists. Contents:
simplified_D1_1945.rds
simplified_D1_1946.rds
simplified_D1_1947.rds
simplified_D1_1948.rds
simplified_D1_1949.rds
simplified_D1_1950.rds
simplified_D1_1951.rds
simplified_D1_1952.rds
simplified_D1_1953.rds
simplified_D1_1954.rds
simplified_D1_1955.rds
simplified_D1_1956.rds
simplified_D1_1957.rds
simplified_D1_1958.rds
simplified_D1_1959.rds
simplified_D1_1960.rds
simplified_D1_1961.rds
simplified_D1_1962.rds
simplified_D1_1963.rds
simplified_D1_1964.rds
simplified_D1_2005.rds
simplified_D1_2006.rds
simplified_D1_2007.rds
simplified_D1_2008.rds
simplified_D1_2009.rds
simplified_D1_2010.rds
simplified_D1_2011.rds
simplified_D1_2012.rds
simplified_D1_2013.rds
simplified_D1_2014.rds
simplified_D1_2015.rds
simplified_D1_2016.rds
simplified_D1_2017.rds
simplified_D1_2018.rds
simplified_D1_2019.rds
simplified_D1_2020.rds
simplified_D1_2021.rds
simplified_D1_2022.rds
simplified_D1_2023.rds
simplified_D1_2024.rds
Processing batch 1/12 (rows 1-1000)
  Calculated 1000 temperatures. Range: -11.08 to 48.78
Processing batch 2/12 (rows 1001-2000)
  Calculated 1000 temperatures. Range: -2.49 to 49.36
Processing batch 3/12 (rows 2001-3000)
  Calculated 1000 temperatures. Range: -10.85 to 49.50
Processing batch 4/12 (rows 3001-4000)
  Calculated 1000 temperatures. Range: -2.26 to 38.36
Processing batch 5/12 (rows 4001-5000)
  Calculated 1000 temperatures. Range: -10.58 to 37.83
Processing batch 6/12 (rows 5001-6000)
  Calculated 1000 temperatures. Range: -2.13 to 38.61
Processing batch 7/12 (rows 6001-7000)
  Calculated 1000 temperatures. Range: -9.62 to 38.37
Processing batch 8/12 (rows 7001-8000)
  Calculated 1000 temperatures. Range: -6.60 to 13.73
Processing batch 9/12 (rows 8001-9000)
  Calculated 1000 temperatures. Range: -7.14 to 13.12
Processing batch 10/12 (rows 9001-10000)
  Calculated 1000 temperatures. Range: -10.08 to 15.88
Processing batch 11/12 (rows 10001-11000)
  Calculated 1000 temperatures. Range: -1.43 to 16.41
Processing batch 12/12 (rows 11001-11035)
  Calculated 35 temperatures. Range: 0.08 to 13.50
Total observations: 11035, Unique timestamps: 2207
MR parameters: mass=0.33, elev=2195.0, b0=17.10, b1=0.98, b2=-0.48, b3=0.000124
Sample tb=276.52 K, log(mass)=-1.1087, 1/(kT)=41.952901, exponent=-3.8517, rmr=0.021244
Sample tb=276.22 K, log(mass)=-1.1087, 1/(kT)=41.998767, exponent=-3.8737, rmr=0.020781
Sample tb=294.39 K, log(mass)=-1.1087, 1/(kT)=39.406293, exponent=-2.6293, rmr=0.072127
Sample tb=279.20 K, log(mass)=-1.1087, 1/(kT)=41.550471, exponent=-3.6585, rmr=0.025770
Sample tb=282.74 K, log(mass)=-1.1087, 1/(kT)=41.030312, exponent=-3.4089, rmr=0.033079
MR results: 0 NA, 0 infinite, 0 negative, 0 zero
Energy calculations: 2810 non-zero gains, 11035 non-zero losses out of 11035 observations
Saved results to output/results/A1/2007/F/eb_results_MB_2007_A1_D1.rds

Processing: Species=MB, Year=2008, Origin=A1, Climate=D1, Sex=F
Looking for climate data at: /mmfs1/gscratch/biology/jmsmith/targeted_microclimate/D1/simplified_D1_2008.rds
Directory /mmfs1/gscratch/biology/jmsmith/targeted_microclimate/D1 exists. Contents:
simplified_D1_1945.rds
simplified_D1_1946.rds
simplified_D1_1947.rds
simplified_D1_1948.rds
simplified_D1_1949.rds
simplified_D1_1950.rds
simplified_D1_1951.rds
simplified_D1_1952.rds
simplified_D1_1953.rds
simplified_D1_1954.rds
simplified_D1_1955.rds
simplified_D1_1956.rds
simplified_D1_1957.rds
simplified_D1_1958.rds
simplified_D1_1959.rds
simplified_D1_1960.rds
simplified_D1_1961.rds
simplified_D1_1962.rds
simplified_D1_1963.rds
simplified_D1_1964.rds
simplified_D1_2005.rds
simplified_D1_2006.rds
simplified_D1_2007.rds
simplified_D1_2008.rds
simplified_D1_2009.rds
simplified_D1_2010.rds
simplified_D1_2011.rds
simplified_D1_2012.rds
simplified_D1_2013.rds
simplified_D1_2014.rds
simplified_D1_2015.rds
simplified_D1_2016.rds
simplified_D1_2017.rds
simplified_D1_2018.rds
simplified_D1_2019.rds
simplified_D1_2020.rds
simplified_D1_2021.rds
simplified_D1_2022.rds
simplified_D1_2023.rds
simplified_D1_2024.rds
Processing batch 1/12 (rows 1-1000)
  Calculated 1000 temperatures. Range: -13.16 to 51.50
Processing batch 2/12 (rows 1001-2000)
  Calculated 1000 temperatures. Range: -6.54 to 49.88
Processing batch 3/12 (rows 2001-3000)
  Calculated 1000 temperatures. Range: -11.72 to 44.63
Processing batch 4/12 (rows 3001-4000)
  Calculated 1000 temperatures. Range: -5.34 to 39.18
Processing batch 5/12 (rows 4001-5000)
  Calculated 1000 temperatures. Range: -10.63 to 36.37
Processing batch 6/12 (rows 5001-6000)
  Calculated 1000 temperatures. Range: -6.74 to 39.19
Processing batch 7/12 (rows 6001-7000)
  Calculated 1000 temperatures. Range: -10.82 to 36.25
Processing batch 8/12 (rows 7001-8000)
  Calculated 1000 temperatures. Range: -6.36 to 12.94
Processing batch 9/12 (rows 8001-9000)
  Calculated 1000 temperatures. Range: -7.07 to 11.92
Processing batch 10/12 (rows 9001-10000)
  Calculated 1000 temperatures. Range: -10.45 to 14.45
Processing batch 11/12 (rows 10001-11000)
  Calculated 1000 temperatures. Range: -3.46 to 15.45
Processing batch 12/12 (rows 11001-11035)
  Calculated 35 temperatures. Range: -0.27 to 12.51
Total observations: 11035, Unique timestamps: 2207
MR parameters: mass=0.33, elev=2195.0, b0=17.10, b1=0.98, b2=-0.48, b3=0.000124
Sample tb=300.66 K, log(mass)=-1.1087, 1/(kT)=38.584530, exponent=-2.2349, rmr=0.107005
Sample tb=276.70 K, log(mass)=-1.1087, 1/(kT)=41.925691, exponent=-3.8386, rmr=0.021523
Sample tb=277.22 K, log(mass)=-1.1087, 1/(kT)=41.846943, exponent=-3.8008, rmr=0.022352
Sample tb=285.24 K, log(mass)=-1.1087, 1/(kT)=40.670955, exponent=-3.2364, rmr=0.039306
Sample tb=269.07 K, log(mass)=-1.1087, 1/(kT)=43.114913, exponent=-4.4095, rmr=0.012162
MR results: 0 NA, 0 infinite, 0 negative, 0 zero
Energy calculations: 2583 non-zero gains, 11035 non-zero losses out of 11035 observations
Saved results to output/results/A1/2008/F/eb_results_MB_2008_A1_D1.rds

Processing: Species=MB, Year=2009, Origin=A1, Climate=D1, Sex=F
Looking for climate data at: /mmfs1/gscratch/biology/jmsmith/targeted_microclimate/D1/simplified_D1_2009.rds
Directory /mmfs1/gscratch/biology/jmsmith/targeted_microclimate/D1 exists. Contents:
simplified_D1_1945.rds
simplified_D1_1946.rds
simplified_D1_1947.rds
simplified_D1_1948.rds
simplified_D1_1949.rds
simplified_D1_1950.rds
simplified_D1_1951.rds
simplified_D1_1952.rds
simplified_D1_1953.rds
simplified_D1_1954.rds
simplified_D1_1955.rds
simplified_D1_1956.rds
simplified_D1_1957.rds
simplified_D1_1958.rds
simplified_D1_1959.rds
simplified_D1_1960.rds
simplified_D1_1961.rds
simplified_D1_1962.rds
simplified_D1_1963.rds
simplified_D1_1964.rds
simplified_D1_2005.rds
simplified_D1_2006.rds
simplified_D1_2007.rds
simplified_D1_2008.rds
simplified_D1_2009.rds
simplified_D1_2010.rds
simplified_D1_2011.rds
simplified_D1_2012.rds
simplified_D1_2013.rds
simplified_D1_2014.rds
simplified_D1_2015.rds
simplified_D1_2016.rds
simplified_D1_2017.rds
simplified_D1_2018.rds
simplified_D1_2019.rds
simplified_D1_2020.rds
simplified_D1_2021.rds
simplified_D1_2022.rds
simplified_D1_2023.rds
simplified_D1_2024.rds
Processing batch 1/12 (rows 1-1000)
  Calculated 1000 temperatures. Range: -9.51 to 49.08
Processing batch 2/12 (rows 1001-2000)
  Calculated 1000 temperatures. Range: -8.64 to 45.50
Processing batch 3/12 (rows 2001-3000)
  Calculated 1000 temperatures. Range: -8.76 to 36.96
Processing batch 4/12 (rows 3001-4000)
  Calculated 1000 temperatures. Range: -5.58 to 35.85
Processing batch 5/12 (rows 4001-5000)
  Calculated 1000 temperatures. Range: -8.54 to 33.38
Processing batch 6/12 (rows 5001-6000)
  Calculated 1000 temperatures. Range: -5.64 to 37.96
Processing batch 7/12 (rows 6001-7000)
  Calculated 1000 temperatures. Range: -8.29 to 34.49
Processing batch 8/12 (rows 7001-8000)
  Calculated 1000 temperatures. Range: -5.35 to 11.92
Processing batch 9/12 (rows 8001-9000)
  Calculated 1000 temperatures. Range: -6.90 to 11.82
Processing batch 10/12 (rows 9001-10000)
  Calculated 1000 temperatures. Range: -8.14 to 13.90
Processing batch 11/12 (rows 10001-11000)
  Calculated 1000 temperatures. Range: -6.84 to 15.36
Processing batch 12/12 (rows 11001-11035)
  Calculated 35 temperatures. Range: -2.66 to 10.76
Total observations: 11035, Unique timestamps: 2207
MR parameters: mass=0.33, elev=2195.0, b0=17.10, b1=0.98, b2=-0.48, b3=0.000124
Sample tb=269.14 K, log(mass)=-1.1087, 1/(kT)=43.103214, exponent=-4.4039, rmr=0.012230
Sample tb=265.96 K, log(mass)=-1.1087, 1/(kT)=43.619621, exponent=-4.6517, rmr=0.009545
Sample tb=264.95 K, log(mass)=-1.1087, 1/(kT)=43.785030, exponent=-4.7311, rmr=0.008817
Sample tb=277.52 K, log(mass)=-1.1087, 1/(kT)=41.801399, exponent=-3.7790, rmr=0.022846
Sample tb=271.90 K, log(mass)=-1.1087, 1/(kT)=42.666821, exponent=-4.1944, rmr=0.015080
MR results: 0 NA, 0 infinite, 0 negative, 0 zero
Energy calculations: 2312 non-zero gains, 11035 non-zero losses out of 11035 observations
Saved results to output/results/A1/2009/F/eb_results_MB_2009_A1_D1.rds

Processing: Species=MB, Year=2010, Origin=A1, Climate=D1, Sex=F
Looking for climate data at: /mmfs1/gscratch/biology/jmsmith/targeted_microclimate/D1/simplified_D1_2010.rds
Directory /mmfs1/gscratch/biology/jmsmith/targeted_microclimate/D1 exists. Contents:
simplified_D1_1945.rds
simplified_D1_1946.rds
simplified_D1_1947.rds
simplified_D1_1948.rds
simplified_D1_1949.rds
simplified_D1_1950.rds
simplified_D1_1951.rds
simplified_D1_1952.rds
simplified_D1_1953.rds
simplified_D1_1954.rds
simplified_D1_1955.rds
simplified_D1_1956.rds
simplified_D1_1957.rds
simplified_D1_1958.rds
simplified_D1_1959.rds
simplified_D1_1960.rds
simplified_D1_1961.rds
simplified_D1_1962.rds
simplified_D1_1963.rds
simplified_D1_1964.rds
simplified_D1_2005.rds
simplified_D1_2006.rds
simplified_D1_2007.rds
simplified_D1_2008.rds
simplified_D1_2009.rds
simplified_D1_2010.rds
simplified_D1_2011.rds
simplified_D1_2012.rds
simplified_D1_2013.rds
simplified_D1_2014.rds
simplified_D1_2015.rds
simplified_D1_2016.rds
simplified_D1_2017.rds
simplified_D1_2018.rds
simplified_D1_2019.rds
simplified_D1_2020.rds
simplified_D1_2021.rds
simplified_D1_2022.rds
simplified_D1_2023.rds
simplified_D1_2024.rds
Processing batch 1/12 (rows 1-1000)
  Calculated 1000 temperatures. Range: -8.62 to 46.10
Processing batch 2/12 (rows 1001-2000)
  Calculated 1000 temperatures. Range: -5.80 to 47.56
Processing batch 3/12 (rows 2001-3000)
  Calculated 1000 temperatures. Range: -6.87 to 39.13
Processing batch 4/12 (rows 3001-4000)
  Calculated 1000 temperatures. Range: -5.20 to 37.65
Processing batch 5/12 (rows 4001-5000)
  Calculated 1000 temperatures. Range: -7.44 to 35.21
Processing batch 6/12 (rows 5001-6000)
  Calculated 1000 temperatures. Range: -5.18 to 37.36
Processing batch 7/12 (rows 6001-7000)
  Calculated 1000 temperatures. Range: -7.24 to 37.03
Processing batch 8/12 (rows 7001-8000)
  Calculated 1000 temperatures. Range: -6.47 to 13.45
Processing batch 9/12 (rows 8001-9000)
  Calculated 1000 temperatures. Range: -6.04 to 14.10
Processing batch 10/12 (rows 9001-10000)
  Calculated 1000 temperatures. Range: -6.74 to 15.41
Processing batch 11/12 (rows 10001-11000)
  Calculated 1000 temperatures. Range: -4.10 to 15.81
Processing batch 12/12 (rows 11001-11035)
  Calculated 35 temperatures. Range: -2.75 to 9.18
Total observations: 11035, Unique timestamps: 2207
MR parameters: mass=0.33, elev=2195.0, b0=17.10, b1=0.98, b2=-0.48, b3=0.000124
Sample tb=267.70 K, log(mass)=-1.1087, 1/(kT)=43.335014, exponent=-4.5151, rmr=0.010942
Sample tb=291.03 K, log(mass)=-1.1087, 1/(kT)=39.860974, exponent=-2.8476, rmr=0.057985
Sample tb=273.97 K, log(mass)=-1.1087, 1/(kT)=42.344086, exponent=-4.0395, rmr=0.017607
Sample tb=275.43 K, log(mass)=-1.1087, 1/(kT)=42.119381, exponent=-3.9316, rmr=0.019612
Sample tb=275.66 K, log(mass)=-1.1087, 1/(kT)=42.083967, exponent=-3.9146, rmr=0.019948
MR results: 0 NA, 0 infinite, 0 negative, 0 zero
Energy calculations: 2640 non-zero gains, 11035 non-zero losses out of 11035 observations
Saved results to output/results/A1/2010/F/eb_results_MB_2010_A1_D1.rds

Processing: Species=MB, Year=2011, Origin=A1, Climate=D1, Sex=F
Looking for climate data at: /mmfs1/gscratch/biology/jmsmith/targeted_microclimate/D1/simplified_D1_2011.rds
Directory /mmfs1/gscratch/biology/jmsmith/targeted_microclimate/D1 exists. Contents:
simplified_D1_1945.rds
simplified_D1_1946.rds
simplified_D1_1947.rds
simplified_D1_1948.rds
simplified_D1_1949.rds
simplified_D1_1950.rds
simplified_D1_1951.rds
simplified_D1_1952.rds
simplified_D1_1953.rds
simplified_D1_1954.rds
simplified_D1_1955.rds
simplified_D1_1956.rds
simplified_D1_1957.rds
simplified_D1_1958.rds
simplified_D1_1959.rds
simplified_D1_1960.rds
simplified_D1_1961.rds
simplified_D1_1962.rds
simplified_D1_1963.rds
simplified_D1_1964.rds
simplified_D1_2005.rds
simplified_D1_2006.rds
simplified_D1_2007.rds
simplified_D1_2008.rds
simplified_D1_2009.rds
simplified_D1_2010.rds
simplified_D1_2011.rds
simplified_D1_2012.rds
simplified_D1_2013.rds
simplified_D1_2014.rds
simplified_D1_2015.rds
simplified_D1_2016.rds
simplified_D1_2017.rds
simplified_D1_2018.rds
simplified_D1_2019.rds
simplified_D1_2020.rds
simplified_D1_2021.rds
simplified_D1_2022.rds
simplified_D1_2023.rds
simplified_D1_2024.rds
Processing batch 1/12 (rows 1-1000)
  Calculated 1000 temperatures. Range: -9.71 to 47.47
Processing batch 2/12 (rows 1001-2000)
  Calculated 1000 temperatures. Range: -5.29 to 46.56
Processing batch 3/12 (rows 2001-3000)
  Calculated 1000 temperatures. Range: -8.97 to 50.24
Processing batch 4/12 (rows 3001-4000)
  Calculated 1000 temperatures. Range: -3.46 to 36.34
Processing batch 5/12 (rows 4001-5000)
  Calculated 1000 temperatures. Range: -8.67 to 40.20
Processing batch 6/12 (rows 5001-6000)
  Calculated 1000 temperatures. Range: -4.55 to 37.01
Processing batch 7/12 (rows 6001-7000)
  Calculated 1000 temperatures. Range: -7.83 to 39.71
Processing batch 8/12 (rows 7001-8000)
  Calculated 1000 temperatures. Range: -5.75 to 13.71
Processing batch 9/12 (rows 8001-9000)
  Calculated 1000 temperatures. Range: -7.09 to 13.23
Processing batch 10/12 (rows 9001-10000)
  Calculated 1000 temperatures. Range: -7.98 to 15.76
Processing batch 11/12 (rows 10001-11000)
  Calculated 1000 temperatures. Range: -2.50 to 15.73
Processing batch 12/12 (rows 11001-11035)
  Calculated 35 temperatures. Range: 0.07 to 14.37
Total observations: 11035, Unique timestamps: 2207
MR parameters: mass=0.33, elev=2195.0, b0=17.10, b1=0.98, b2=-0.48, b3=0.000124
Sample tb=281.87 K, log(mass)=-1.1087, 1/(kT)=41.157600, exponent=-3.4700, rmr=0.031118
Sample tb=286.14 K, log(mass)=-1.1087, 1/(kT)=40.542960, exponent=-3.1749, rmr=0.041797
Sample tb=274.78 K, log(mass)=-1.1087, 1/(kT)=42.219378, exponent=-3.9796, rmr=0.018693
Sample tb=301.42 K, log(mass)=-1.1087, 1/(kT)=38.487750, exponent=-2.1884, rmr=0.112093
Sample tb=271.00 K, log(mass)=-1.1087, 1/(kT)=42.807825, exponent=-4.2621, rmr=0.014093
MR results: 0 NA, 0 infinite, 0 negative, 0 zero
Energy calculations: 2825 non-zero gains, 11035 non-zero losses out of 11035 observations
Saved results to output/results/A1/2011/F/eb_results_MB_2011_A1_D1.rds

Processing: Species=MB, Year=2012, Origin=A1, Climate=D1, Sex=F
Looking for climate data at: /mmfs1/gscratch/biology/jmsmith/targeted_microclimate/D1/simplified_D1_2012.rds
Directory /mmfs1/gscratch/biology/jmsmith/targeted_microclimate/D1 exists. Contents:
simplified_D1_1945.rds
simplified_D1_1946.rds
simplified_D1_1947.rds
simplified_D1_1948.rds
simplified_D1_1949.rds
simplified_D1_1950.rds
simplified_D1_1951.rds
simplified_D1_1952.rds
simplified_D1_1953.rds
simplified_D1_1954.rds
simplified_D1_1955.rds
simplified_D1_1956.rds
simplified_D1_1957.rds
simplified_D1_1958.rds
simplified_D1_1959.rds
simplified_D1_1960.rds
simplified_D1_1961.rds
simplified_D1_1962.rds
simplified_D1_1963.rds
simplified_D1_1964.rds
simplified_D1_2005.rds
simplified_D1_2006.rds
simplified_D1_2007.rds
simplified_D1_2008.rds
simplified_D1_2009.rds
simplified_D1_2010.rds
simplified_D1_2011.rds
simplified_D1_2012.rds
simplified_D1_2013.rds
simplified_D1_2014.rds
simplified_D1_2015.rds
simplified_D1_2016.rds
simplified_D1_2017.rds
simplified_D1_2018.rds
simplified_D1_2019.rds
simplified_D1_2020.rds
simplified_D1_2021.rds
simplified_D1_2022.rds
simplified_D1_2023.rds
simplified_D1_2024.rds
Processing batch 1/12 (rows 1-1000)
  Calculated 1000 temperatures. Range: -10.62 to 51.27
Processing batch 2/12 (rows 1001-2000)
  Calculated 1000 temperatures. Range: -7.56 to 48.51
Processing batch 3/12 (rows 2001-3000)
  Calculated 1000 temperatures. Range: -9.98 to 50.94
Processing batch 4/12 (rows 3001-4000)
  Calculated 1000 temperatures. Range: -3.62 to 38.46
Processing batch 5/12 (rows 4001-5000)
  Calculated 1000 temperatures. Range: -9.72 to 40.23
Processing batch 6/12 (rows 5001-6000)
  Calculated 1000 temperatures. Range: -3.43 to 38.73
Processing batch 7/12 (rows 6001-7000)
  Calculated 1000 temperatures. Range: -8.76 to 40.00
Processing batch 8/12 (rows 7001-8000)
  Calculated 1000 temperatures. Range: -4.23 to 13.79
Processing batch 9/12 (rows 8001-9000)
  Calculated 1000 temperatures. Range: -5.08 to 13.22
Processing batch 10/12 (rows 9001-10000)
  Calculated 1000 temperatures. Range: -9.00 to 16.71
Processing batch 11/12 (rows 10001-11000)
  Calculated 1000 temperatures. Range: -4.95 to 16.36
Processing batch 12/12 (rows 11001-11035)
  Calculated 35 temperatures. Range: -0.95 to 12.76
Total observations: 11035, Unique timestamps: 2207
MR parameters: mass=0.33, elev=2195.0, b0=17.10, b1=0.98, b2=-0.48, b3=0.000124
Sample tb=271.96 K, log(mass)=-1.1087, 1/(kT)=42.656864, exponent=-4.1896, rmr=0.015152
Sample tb=288.11 K, log(mass)=-1.1087, 1/(kT)=40.264980, exponent=-3.0415, rmr=0.047763
Sample tb=269.18 K, log(mass)=-1.1087, 1/(kT)=43.097227, exponent=-4.4010, rmr=0.012265
Sample tb=297.55 K, log(mass)=-1.1087, 1/(kT)=38.987982, exponent=-2.4285, rmr=0.088165
Sample tb=297.93 K, log(mass)=-1.1087, 1/(kT)=38.938615, exponent=-2.4048, rmr=0.090280
MR results: 0 NA, 0 infinite, 0 negative, 0 zero
Energy calculations: 2893 non-zero gains, 11035 non-zero losses out of 11035 observations
Saved results to output/results/A1/2012/F/eb_results_MB_2012_A1_D1.rds

Processing: Species=MB, Year=2013, Origin=A1, Climate=D1, Sex=F
Looking for climate data at: /mmfs1/gscratch/biology/jmsmith/targeted_microclimate/D1/simplified_D1_2013.rds
Directory /mmfs1/gscratch/biology/jmsmith/targeted_microclimate/D1 exists. Contents:
simplified_D1_1945.rds
simplified_D1_1946.rds
simplified_D1_1947.rds
simplified_D1_1948.rds
simplified_D1_1949.rds
simplified_D1_1950.rds
simplified_D1_1951.rds
simplified_D1_1952.rds
simplified_D1_1953.rds
simplified_D1_1954.rds
simplified_D1_1955.rds
simplified_D1_1956.rds
simplified_D1_1957.rds
simplified_D1_1958.rds
simplified_D1_1959.rds
simplified_D1_1960.rds
simplified_D1_1961.rds
simplified_D1_1962.rds
simplified_D1_1963.rds
simplified_D1_1964.rds
simplified_D1_2005.rds
simplified_D1_2006.rds
simplified_D1_2007.rds
simplified_D1_2008.rds
simplified_D1_2009.rds
simplified_D1_2010.rds
simplified_D1_2011.rds
simplified_D1_2012.rds
simplified_D1_2013.rds
simplified_D1_2014.rds
simplified_D1_2015.rds
simplified_D1_2016.rds
simplified_D1_2017.rds
simplified_D1_2018.rds
simplified_D1_2019.rds
simplified_D1_2020.rds
simplified_D1_2021.rds
simplified_D1_2022.rds
simplified_D1_2023.rds
simplified_D1_2024.rds
Processing batch 1/12 (rows 1-1000)
  Calculated 1000 temperatures. Range: -9.79 to 60.00
Processing batch 2/12 (rows 1001-2000)
  Calculated 1000 temperatures. Range: -5.80 to 47.85
Processing batch 3/12 (rows 2001-3000)
  Calculated 1000 temperatures. Range: -9.37 to 51.28
Processing batch 4/12 (rows 3001-4000)
  Calculated 1000 temperatures. Range: -4.38 to 36.59
Processing batch 5/12 (rows 4001-5000)
  Calculated 1000 temperatures. Range: -9.00 to 36.67
Processing batch 6/12 (rows 5001-6000)
  Calculated 1000 temperatures. Range: -3.07 to 42.83
Processing batch 7/12 (rows 6001-7000)
  Calculated 1000 temperatures. Range: -7.99 to 36.46
Processing batch 8/12 (rows 7001-8000)
  Calculated 1000 temperatures. Range: -5.44 to 13.57
Processing batch 9/12 (rows 8001-9000)
  Calculated 1000 temperatures. Range: -8.33 to 13.08
Processing batch 10/12 (rows 9001-10000)
  Calculated 1000 temperatures. Range: -4.96 to 15.99
Processing batch 11/12 (rows 10001-11000)
  Calculated 1000 temperatures. Range: -3.35 to 15.50
Processing batch 12/12 (rows 11001-11035)
  Calculated 35 temperatures. Range: 2.53 to 13.85
Total observations: 11035, Unique timestamps: 2207
MR parameters: mass=0.33, elev=2195.0, b0=17.10, b1=0.98, b2=-0.48, b3=0.000124
Sample tb=283.07 K, log(mass)=-1.1087, 1/(kT)=40.981964, exponent=-3.3857, rmr=0.033856
Sample tb=287.47 K, log(mass)=-1.1087, 1/(kT)=40.354908, exponent=-3.0847, rmr=0.045745
Sample tb=288.37 K, log(mass)=-1.1087, 1/(kT)=40.229069, exponent=-3.0243, rmr=0.048594
Sample tb=272.95 K, log(mass)=-1.1087, 1/(kT)=42.502348, exponent=-4.1154, rmr=0.016319
Sample tb=276.56 K, log(mass)=-1.1087, 1/(kT)=41.946559, exponent=-3.8487, rmr=0.021308
MR results: 0 NA, 0 infinite, 0 negative, 0 zero
Energy calculations: 2800 non-zero gains, 11035 non-zero losses out of 11035 observations
Saved results to output/results/A1/2013/F/eb_results_MB_2013_A1_D1.rds

Processing: Species=MB, Year=2014, Origin=A1, Climate=D1, Sex=F
Looking for climate data at: /mmfs1/gscratch/biology/jmsmith/targeted_microclimate/D1/simplified_D1_2014.rds
Directory /mmfs1/gscratch/biology/jmsmith/targeted_microclimate/D1 exists. Contents:
simplified_D1_1945.rds
simplified_D1_1946.rds
simplified_D1_1947.rds
simplified_D1_1948.rds
simplified_D1_1949.rds
simplified_D1_1950.rds
simplified_D1_1951.rds
simplified_D1_1952.rds
simplified_D1_1953.rds
simplified_D1_1954.rds
simplified_D1_1955.rds
simplified_D1_1956.rds
simplified_D1_1957.rds
simplified_D1_1958.rds
simplified_D1_1959.rds
simplified_D1_1960.rds
simplified_D1_1961.rds
simplified_D1_1962.rds
simplified_D1_1963.rds
simplified_D1_1964.rds
simplified_D1_2005.rds
simplified_D1_2006.rds
simplified_D1_2007.rds
simplified_D1_2008.rds
simplified_D1_2009.rds
simplified_D1_2010.rds
simplified_D1_2011.rds
simplified_D1_2012.rds
simplified_D1_2013.rds
simplified_D1_2014.rds
simplified_D1_2015.rds
simplified_D1_2016.rds
simplified_D1_2017.rds
simplified_D1_2018.rds
simplified_D1_2019.rds
simplified_D1_2020.rds
simplified_D1_2021.rds
simplified_D1_2022.rds
simplified_D1_2023.rds
simplified_D1_2024.rds
Processing batch 1/12 (rows 1-1000)
  Calculated 1000 temperatures. Range: -10.29 to 47.24
Processing batch 2/12 (rows 1001-2000)
  Calculated 1000 temperatures. Range: -4.23 to 51.09
Processing batch 3/12 (rows 2001-3000)
  Calculated 1000 temperatures. Range: -9.22 to 41.92
Processing batch 4/12 (rows 3001-4000)
  Calculated 1000 temperatures. Range: -3.07 to 39.09
Processing batch 5/12 (rows 4001-5000)
  Calculated 1000 temperatures. Range: -9.02 to 34.96
Processing batch 6/12 (rows 5001-6000)
  Calculated 1000 temperatures. Range: -3.16 to 38.19
Processing batch 7/12 (rows 6001-7000)
  Calculated 1000 temperatures. Range: -8.36 to 39.71
Processing batch 8/12 (rows 7001-8000)
  Calculated 1000 temperatures. Range: -7.20 to 12.91
Processing batch 9/12 (rows 8001-9000)
  Calculated 1000 temperatures. Range: -5.61 to 11.56
Processing batch 10/12 (rows 9001-10000)
  Calculated 1000 temperatures. Range: -8.57 to 14.72
Processing batch 11/12 (rows 10001-11000)
  Calculated 1000 temperatures. Range: -3.27 to 15.82
Processing batch 12/12 (rows 11001-11035)
  Calculated 35 temperatures. Range: -3.22 to 11.29
Total observations: 11035, Unique timestamps: 2207
MR parameters: mass=0.33, elev=2195.0, b0=17.10, b1=0.98, b2=-0.48, b3=0.000124
Sample tb=280.58 K, log(mass)=-1.1087, 1/(kT)=41.346461, exponent=-3.5606, rmr=0.028421
Sample tb=273.37 K, log(mass)=-1.1087, 1/(kT)=42.436809, exponent=-4.0840, rmr=0.016840
Sample tb=278.99 K, log(mass)=-1.1087, 1/(kT)=41.581791, exponent=-3.6736, rmr=0.025386
Sample tb=295.83 K, log(mass)=-1.1087, 1/(kT)=39.215213, exponent=-2.5376, rmr=0.079055
Sample tb=278.05 K, log(mass)=-1.1087, 1/(kT)=41.722510, exponent=-3.7411, rmr=0.023728
MR results: 0 NA, 0 infinite, 0 negative, 0 zero
Energy calculations: 2464 non-zero gains, 11035 non-zero losses out of 11035 observations
Saved results to output/results/A1/2014/F/eb_results_MB_2014_A1_D1.rds

Processing: Species=MB, Year=2015, Origin=A1, Climate=D1, Sex=F
Looking for climate data at: /mmfs1/gscratch/biology/jmsmith/targeted_microclimate/D1/simplified_D1_2015.rds
Directory /mmfs1/gscratch/biology/jmsmith/targeted_microclimate/D1 exists. Contents:
simplified_D1_1945.rds
simplified_D1_1946.rds
simplified_D1_1947.rds
simplified_D1_1948.rds
simplified_D1_1949.rds
simplified_D1_1950.rds
simplified_D1_1951.rds
simplified_D1_1952.rds
simplified_D1_1953.rds
simplified_D1_1954.rds
simplified_D1_1955.rds
simplified_D1_1956.rds
simplified_D1_1957.rds
simplified_D1_1958.rds
simplified_D1_1959.rds
simplified_D1_1960.rds
simplified_D1_1961.rds
simplified_D1_1962.rds
simplified_D1_1963.rds
simplified_D1_1964.rds
simplified_D1_2005.rds
simplified_D1_2006.rds
simplified_D1_2007.rds
simplified_D1_2008.rds
simplified_D1_2009.rds
simplified_D1_2010.rds
simplified_D1_2011.rds
simplified_D1_2012.rds
simplified_D1_2013.rds
simplified_D1_2014.rds
simplified_D1_2015.rds
simplified_D1_2016.rds
simplified_D1_2017.rds
simplified_D1_2018.rds
simplified_D1_2019.rds
simplified_D1_2020.rds
simplified_D1_2021.rds
simplified_D1_2022.rds
simplified_D1_2023.rds
simplified_D1_2024.rds
Processing batch 1/12 (rows 1-1000)
  Calculated 1000 temperatures. Range: -6.75 to 49.91
Processing batch 2/12 (rows 1001-2000)
  Calculated 1000 temperatures. Range: -6.91 to 51.67
Processing batch 3/12 (rows 2001-3000)
  Calculated 1000 temperatures. Range: -7.12 to 47.36
Processing batch 4/12 (rows 3001-4000)
  Calculated 1000 temperatures. Range: -3.37 to 40.22
Processing batch 5/12 (rows 4001-5000)
  Calculated 1000 temperatures. Range: -6.10 to 38.79
Processing batch 6/12 (rows 5001-6000)
  Calculated 1000 temperatures. Range: -3.02 to 40.59
Processing batch 7/12 (rows 6001-7000)
  Calculated 1000 temperatures. Range: -5.72 to 38.02
Processing batch 8/12 (rows 7001-8000)
  Calculated 1000 temperatures. Range: -3.39 to 13.72
Processing batch 9/12 (rows 8001-9000)
  Calculated 1000 temperatures. Range: -5.48 to 13.67
Processing batch 10/12 (rows 9001-10000)
  Calculated 1000 temperatures. Range: -4.50 to 16.17
Processing batch 11/12 (rows 10001-11000)
  Calculated 1000 temperatures. Range: -5.22 to 16.24
Processing batch 12/12 (rows 11001-11035)
  Calculated 35 temperatures. Range: 1.20 to 14.12
Total observations: 11035, Unique timestamps: 2207
MR parameters: mass=0.33, elev=2195.0, b0=17.10, b1=0.98, b2=-0.48, b3=0.000124
Sample tb=278.78 K, log(mass)=-1.1087, 1/(kT)=41.613160, exponent=-3.6886, rmr=0.025006
Sample tb=306.50 K, log(mass)=-1.1087, 1/(kT)=37.850204, exponent=-1.8824, rmr=0.152223
Sample tb=285.53 K, log(mass)=-1.1087, 1/(kT)=40.628892, exponent=-3.2162, rmr=0.040108
Sample tb=303.42 K, log(mass)=-1.1087, 1/(kT)=38.233924, exponent=-2.0666, rmr=0.126616
Sample tb=284.94 K, log(mass)=-1.1087, 1/(kT)=40.713470, exponent=-3.2568, rmr=0.038512
MR results: 0 NA, 0 infinite, 0 negative, 0 zero
Energy calculations: 2753 non-zero gains, 11035 non-zero losses out of 11035 observations
Saved results to output/results/A1/2015/F/eb_results_MB_2015_A1_D1.rds

Processing: Species=MB, Year=2016, Origin=A1, Climate=D1, Sex=F
Looking for climate data at: /mmfs1/gscratch/biology/jmsmith/targeted_microclimate/D1/simplified_D1_2016.rds
Directory /mmfs1/gscratch/biology/jmsmith/targeted_microclimate/D1 exists. Contents:
simplified_D1_1945.rds
simplified_D1_1946.rds
simplified_D1_1947.rds
simplified_D1_1948.rds
simplified_D1_1949.rds
simplified_D1_1950.rds
simplified_D1_1951.rds
simplified_D1_1952.rds
simplified_D1_1953.rds
simplified_D1_1954.rds
simplified_D1_1955.rds
simplified_D1_1956.rds
simplified_D1_1957.rds
simplified_D1_1958.rds
simplified_D1_1959.rds
simplified_D1_1960.rds
simplified_D1_1961.rds
simplified_D1_1962.rds
simplified_D1_1963.rds
simplified_D1_1964.rds
simplified_D1_2005.rds
simplified_D1_2006.rds
simplified_D1_2007.rds
simplified_D1_2008.rds
simplified_D1_2009.rds
simplified_D1_2010.rds
simplified_D1_2011.rds
simplified_D1_2012.rds
simplified_D1_2013.rds
simplified_D1_2014.rds
simplified_D1_2015.rds
simplified_D1_2016.rds
simplified_D1_2017.rds
simplified_D1_2018.rds
simplified_D1_2019.rds
simplified_D1_2020.rds
simplified_D1_2021.rds
simplified_D1_2022.rds
simplified_D1_2023.rds
simplified_D1_2024.rds
Processing batch 1/12 (rows 1-1000)
  Calculated 1000 temperatures. Range: -7.57 to 52.13
Processing batch 2/12 (rows 1001-2000)
  Calculated 1000 temperatures. Range: -5.56 to 48.26
Processing batch 3/12 (rows 2001-3000)
  Calculated 1000 temperatures. Range: -7.17 to 42.66
Processing batch 4/12 (rows 3001-4000)
  Calculated 1000 temperatures. Range: -4.63 to 38.10
Processing batch 5/12 (rows 4001-5000)
  Calculated 1000 temperatures. Range: -6.22 to 37.21
Processing batch 6/12 (rows 5001-6000)
  Calculated 1000 temperatures. Range: -4.58 to 38.26
Processing batch 7/12 (rows 6001-7000)
  Calculated 1000 temperatures. Range: -6.40 to 35.57
Processing batch 8/12 (rows 7001-8000)
  Calculated 1000 temperatures. Range: -3.99 to 13.73
Processing batch 9/12 (rows 8001-9000)
  Calculated 1000 temperatures. Range: -5.52 to 12.68
Processing batch 10/12 (rows 9001-10000)
  Calculated 1000 temperatures. Range: -4.82 to 17.51
Processing batch 11/12 (rows 10001-11000)
  Calculated 1000 temperatures. Range: -5.43 to 15.74
Processing batch 12/12 (rows 11001-11035)
  Calculated 35 temperatures. Range: -3.22 to 10.69
Total observations: 11035, Unique timestamps: 2207
MR parameters: mass=0.33, elev=2195.0, b0=17.10, b1=0.98, b2=-0.48, b3=0.000124
Sample tb=275.61 K, log(mass)=-1.1087, 1/(kT)=42.092513, exponent=-3.9187, rmr=0.019867
Sample tb=275.56 K, log(mass)=-1.1087, 1/(kT)=42.099024, exponent=-3.9218, rmr=0.019805
Sample tb=271.98 K, log(mass)=-1.1087, 1/(kT)=42.653134, exponent=-4.1878, rmr=0.015179
Sample tb=272.87 K, log(mass)=-1.1087, 1/(kT)=42.514738, exponent=-4.1214, rmr=0.016222
Sample tb=276.09 K, log(mass)=-1.1087, 1/(kT)=42.018017, exponent=-3.8830, rmr=0.020590
MR results: 0 NA, 0 infinite, 0 negative, 0 zero
Energy calculations: 2757 non-zero gains, 11035 non-zero losses out of 11035 observations
Saved results to output/results/A1/2016/F/eb_results_MB_2016_A1_D1.rds

Processing: Species=MB, Year=2017, Origin=A1, Climate=D1, Sex=F
Looking for climate data at: /mmfs1/gscratch/biology/jmsmith/targeted_microclimate/D1/simplified_D1_2017.rds
Directory /mmfs1/gscratch/biology/jmsmith/targeted_microclimate/D1 exists. Contents:
simplified_D1_1945.rds
simplified_D1_1946.rds
simplified_D1_1947.rds
simplified_D1_1948.rds
simplified_D1_1949.rds
simplified_D1_1950.rds
simplified_D1_1951.rds
simplified_D1_1952.rds
simplified_D1_1953.rds
simplified_D1_1954.rds
simplified_D1_1955.rds
simplified_D1_1956.rds
simplified_D1_1957.rds
simplified_D1_1958.rds
simplified_D1_1959.rds
simplified_D1_1960.rds
simplified_D1_1961.rds
simplified_D1_1962.rds
simplified_D1_1963.rds
simplified_D1_1964.rds
simplified_D1_2005.rds
simplified_D1_2006.rds
simplified_D1_2007.rds
simplified_D1_2008.rds
simplified_D1_2009.rds
simplified_D1_2010.rds
simplified_D1_2011.rds
simplified_D1_2012.rds
simplified_D1_2013.rds
simplified_D1_2014.rds
simplified_D1_2015.rds
simplified_D1_2016.rds
simplified_D1_2017.rds
simplified_D1_2018.rds
simplified_D1_2019.rds
simplified_D1_2020.rds
simplified_D1_2021.rds
simplified_D1_2022.rds
simplified_D1_2023.rds
simplified_D1_2024.rds
Processing batch 1/12 (rows 1-1000)
  Calculated 1000 temperatures. Range: -8.04 to 48.64
Processing batch 2/12 (rows 1001-2000)
  Calculated 1000 temperatures. Range: -3.51 to 46.64
Processing batch 3/12 (rows 2001-3000)
  Calculated 1000 temperatures. Range: -6.62 to 46.28
Processing batch 4/12 (rows 3001-4000)
  Calculated 1000 temperatures. Range: -2.79 to 37.96
Processing batch 5/12 (rows 4001-5000)
  Calculated 1000 temperatures. Range: -6.60 to 37.57
Processing batch 6/12 (rows 5001-6000)
  Calculated 1000 temperatures. Range: -6.01 to 37.97
Processing batch 7/12 (rows 6001-7000)
  Calculated 1000 temperatures. Range: -6.18 to 36.24
Processing batch 8/12 (rows 7001-8000)
  Calculated 1000 temperatures. Range: -5.94 to 14.37
Processing batch 9/12 (rows 8001-9000)
  Calculated 1000 temperatures. Range: -5.61 to 12.34
Processing batch 10/12 (rows 9001-10000)
  Calculated 1000 temperatures. Range: -5.80 to 17.05
Processing batch 11/12 (rows 10001-11000)
  Calculated 1000 temperatures. Range: -2.53 to 15.73
Processing batch 12/12 (rows 11001-11035)
  Calculated 35 temperatures. Range: -0.75 to 12.56
Total observations: 11035, Unique timestamps: 2207
MR parameters: mass=0.33, elev=2195.0, b0=17.10, b1=0.98, b2=-0.48, b3=0.000124
Sample tb=290.57 K, log(mass)=-1.1087, 1/(kT)=39.925289, exponent=-2.8784, rmr=0.056222
Sample tb=288.11 K, log(mass)=-1.1087, 1/(kT)=40.265823, exponent=-3.0419, rmr=0.047744
Sample tb=282.32 K, log(mass)=-1.1087, 1/(kT)=41.091156, exponent=-3.4381, rmr=0.032127
Sample tb=275.24 K, log(mass)=-1.1087, 1/(kT)=42.148186, exponent=-3.9454, rmr=0.019343
Sample tb=283.51 K, log(mass)=-1.1087, 1/(kT)=40.918692, exponent=-3.3553, rmr=0.034900
MR results: 0 NA, 0 infinite, 0 negative, 0 zero
Energy calculations: 2807 non-zero gains, 11035 non-zero losses out of 11035 observations
Saved results to output/results/A1/2017/F/eb_results_MB_2017_A1_D1.rds

Processing: Species=MB, Year=2018, Origin=A1, Climate=D1, Sex=F
Looking for climate data at: /mmfs1/gscratch/biology/jmsmith/targeted_microclimate/D1/simplified_D1_2018.rds
Directory /mmfs1/gscratch/biology/jmsmith/targeted_microclimate/D1 exists. Contents:
simplified_D1_1945.rds
simplified_D1_1946.rds
simplified_D1_1947.rds
simplified_D1_1948.rds
simplified_D1_1949.rds
simplified_D1_1950.rds
simplified_D1_1951.rds
simplified_D1_1952.rds
simplified_D1_1953.rds
simplified_D1_1954.rds
simplified_D1_1955.rds
simplified_D1_1956.rds
simplified_D1_1957.rds
simplified_D1_1958.rds
simplified_D1_1959.rds
simplified_D1_1960.rds
simplified_D1_1961.rds
simplified_D1_1962.rds
simplified_D1_1963.rds
simplified_D1_1964.rds
simplified_D1_2005.rds
simplified_D1_2006.rds
simplified_D1_2007.rds
simplified_D1_2008.rds
simplified_D1_2009.rds
simplified_D1_2010.rds
simplified_D1_2011.rds
simplified_D1_2012.rds
simplified_D1_2013.rds
simplified_D1_2014.rds
simplified_D1_2015.rds
simplified_D1_2016.rds
simplified_D1_2017.rds
simplified_D1_2018.rds
simplified_D1_2019.rds
simplified_D1_2020.rds
simplified_D1_2021.rds
simplified_D1_2022.rds
simplified_D1_2023.rds
simplified_D1_2024.rds
Processing batch 1/12 (rows 1-1000)
  Calculated 1000 temperatures. Range: -7.87 to 51.59
Processing batch 2/12 (rows 1001-2000)
  Calculated 1000 temperatures. Range: -5.98 to 50.82
Processing batch 3/12 (rows 2001-3000)
  Calculated 1000 temperatures. Range: -7.38 to 43.39
Processing batch 4/12 (rows 3001-4000)
  Calculated 1000 temperatures. Range: -2.21 to 39.21
Processing batch 5/12 (rows 4001-5000)
  Calculated 1000 temperatures. Range: -7.13 to 37.94
Processing batch 6/12 (rows 5001-6000)
  Calculated 1000 temperatures. Range: -5.88 to 38.33
Processing batch 7/12 (rows 6001-7000)
  Calculated 1000 temperatures. Range: -7.00 to 39.97
Processing batch 8/12 (rows 7001-8000)
  Calculated 1000 temperatures. Range: -5.52 to 13.98
Processing batch 9/12 (rows 8001-9000)
  Calculated 1000 temperatures. Range: -6.96 to 12.81
Processing batch 10/12 (rows 9001-10000)
  Calculated 1000 temperatures. Range: -5.03 to 16.90
Processing batch 11/12 (rows 10001-11000)
  Calculated 1000 temperatures. Range: -4.60 to 15.94
Processing batch 12/12 (rows 11001-11035)
  Calculated 35 temperatures. Range: -0.49 to 12.98
Total observations: 11035, Unique timestamps: 2207
MR parameters: mass=0.33, elev=2195.0, b0=17.10, b1=0.98, b2=-0.48, b3=0.000124
Sample tb=292.82 K, log(mass)=-1.1087, 1/(kT)=39.617909, exponent=-2.7309, rmr=0.065160
Sample tb=277.85 K, log(mass)=-1.1087, 1/(kT)=41.752192, exponent=-3.7554, rmr=0.023392
Sample tb=284.61 K, log(mass)=-1.1087, 1/(kT)=40.761199, exponent=-3.2797, rmr=0.037640
Sample tb=269.65 K, log(mass)=-1.1087, 1/(kT)=43.021714, exponent=-4.3647, rmr=0.012718
Sample tb=290.54 K, log(mass)=-1.1087, 1/(kT)=39.928462, exponent=-2.8800, rmr=0.056136
MR results: 0 NA, 0 infinite, 0 negative, 0 zero
Energy calculations: 2892 non-zero gains, 11035 non-zero losses out of 11035 observations
Saved results to output/results/A1/2018/F/eb_results_MB_2018_A1_D1.rds

Processing: Species=MB, Year=2019, Origin=A1, Climate=D1, Sex=F
Looking for climate data at: /mmfs1/gscratch/biology/jmsmith/targeted_microclimate/D1/simplified_D1_2019.rds
Directory /mmfs1/gscratch/biology/jmsmith/targeted_microclimate/D1 exists. Contents:
simplified_D1_1945.rds
simplified_D1_1946.rds
simplified_D1_1947.rds
simplified_D1_1948.rds
simplified_D1_1949.rds
simplified_D1_1950.rds
simplified_D1_1951.rds
simplified_D1_1952.rds
simplified_D1_1953.rds
simplified_D1_1954.rds
simplified_D1_1955.rds
simplified_D1_1956.rds
simplified_D1_1957.rds
simplified_D1_1958.rds
simplified_D1_1959.rds
simplified_D1_1960.rds
simplified_D1_1961.rds
simplified_D1_1962.rds
simplified_D1_1963.rds
simplified_D1_1964.rds
simplified_D1_2005.rds
simplified_D1_2006.rds
simplified_D1_2007.rds
simplified_D1_2008.rds
simplified_D1_2009.rds
simplified_D1_2010.rds
simplified_D1_2011.rds
simplified_D1_2012.rds
simplified_D1_2013.rds
simplified_D1_2014.rds
simplified_D1_2015.rds
simplified_D1_2016.rds
simplified_D1_2017.rds
simplified_D1_2018.rds
simplified_D1_2019.rds
simplified_D1_2020.rds
simplified_D1_2021.rds
simplified_D1_2022.rds
simplified_D1_2023.rds
simplified_D1_2024.rds
Processing batch 1/12 (rows 1-1000)
  Calculated 1000 temperatures. Range: -9.53 to 45.75
Processing batch 2/12 (rows 1001-2000)
  Calculated 1000 temperatures. Range: -4.26 to 48.40
Processing batch 3/12 (rows 2001-3000)
  Calculated 1000 temperatures. Range: -9.67 to 43.01
Processing batch 4/12 (rows 3001-4000)
  Calculated 1000 temperatures. Range: -3.20 to 38.58
Processing batch 5/12 (rows 4001-5000)
  Calculated 1000 temperatures. Range: -9.16 to 35.19
Processing batch 6/12 (rows 5001-6000)
  Calculated 1000 temperatures. Range: -5.30 to 38.39
Processing batch 7/12 (rows 6001-7000)
  Calculated 1000 temperatures. Range: -8.37 to 38.52
Processing batch 8/12 (rows 7001-8000)
  Calculated 1000 temperatures. Range: -7.69 to 13.33
Processing batch 9/12 (rows 8001-9000)
  Calculated 1000 temperatures. Range: -5.36 to 13.68
Processing batch 10/12 (rows 9001-10000)
  Calculated 1000 temperatures. Range: -9.19 to 16.12
Processing batch 11/12 (rows 10001-11000)
  Calculated 1000 temperatures. Range: -2.91 to 16.95
Processing batch 12/12 (rows 11001-11035)
  Calculated 35 temperatures. Range: -0.13 to 14.08
Total observations: 11035, Unique timestamps: 2207
MR parameters: mass=0.33, elev=2195.0, b0=17.10, b1=0.98, b2=-0.48, b3=0.000124
Sample tb=274.82 K, log(mass)=-1.1087, 1/(kT)=42.212107, exponent=-3.9761, rmr=0.018758
Sample tb=279.36 K, log(mass)=-1.1087, 1/(kT)=41.526618, exponent=-3.6471, rmr=0.026067
Sample tb=280.88 K, log(mass)=-1.1087, 1/(kT)=41.301622, exponent=-3.5391, rmr=0.029040
Sample tb=297.10 K, log(mass)=-1.1087, 1/(kT)=39.047630, exponent=-2.4572, rmr=0.085677
Sample tb=296.69 K, log(mass)=-1.1087, 1/(kT)=39.101081, exponent=-2.4828, rmr=0.083507
MR results: 0 NA, 0 infinite, 0 negative, 0 zero
Energy calculations: 2749 non-zero gains, 11035 non-zero losses out of 11035 observations
Saved results to output/results/A1/2019/F/eb_results_MB_2019_A1_D1.rds

Processing: Species=MB, Year=2020, Origin=A1, Climate=D1, Sex=F
Looking for climate data at: /mmfs1/gscratch/biology/jmsmith/targeted_microclimate/D1/simplified_D1_2020.rds
Directory /mmfs1/gscratch/biology/jmsmith/targeted_microclimate/D1 exists. Contents:
simplified_D1_1945.rds
simplified_D1_1946.rds
simplified_D1_1947.rds
simplified_D1_1948.rds
simplified_D1_1949.rds
simplified_D1_1950.rds
simplified_D1_1951.rds
simplified_D1_1952.rds
simplified_D1_1953.rds
simplified_D1_1954.rds
simplified_D1_1955.rds
simplified_D1_1956.rds
simplified_D1_1957.rds
simplified_D1_1958.rds
simplified_D1_1959.rds
simplified_D1_1960.rds
simplified_D1_1961.rds
simplified_D1_1962.rds
simplified_D1_1963.rds
simplified_D1_1964.rds
simplified_D1_2005.rds
simplified_D1_2006.rds
simplified_D1_2007.rds
simplified_D1_2008.rds
simplified_D1_2009.rds
simplified_D1_2010.rds
simplified_D1_2011.rds
simplified_D1_2012.rds
simplified_D1_2013.rds
simplified_D1_2014.rds
simplified_D1_2015.rds
simplified_D1_2016.rds
simplified_D1_2017.rds
simplified_D1_2018.rds
simplified_D1_2019.rds
simplified_D1_2020.rds
simplified_D1_2021.rds
simplified_D1_2022.rds
simplified_D1_2023.rds
simplified_D1_2024.rds
Processing batch 1/12 (rows 1-1000)
  Calculated 1000 temperatures. Range: -9.19 to 46.31
Processing batch 2/12 (rows 1001-2000)
  Calculated 1000 temperatures. Range: -3.94 to 53.58
Processing batch 3/12 (rows 2001-3000)
  Calculated 1000 temperatures. Range: -8.92 to 47.64
Processing batch 4/12 (rows 3001-4000)
  Calculated 1000 temperatures. Range: -3.35 to 36.84
Processing batch 5/12 (rows 4001-5000)
  Calculated 1000 temperatures. Range: -8.64 to 41.38
Processing batch 6/12 (rows 5001-6000)
  Calculated 1000 temperatures. Range: -6.21 to 36.87
Processing batch 7/12 (rows 6001-7000)
  Calculated 1000 temperatures. Range: -8.19 to 39.67
Processing batch 8/12 (rows 7001-8000)
  Calculated 1000 temperatures. Range: -6.86 to 13.51
Processing batch 9/12 (rows 8001-9000)
  Calculated 1000 temperatures. Range: -5.51 to 13.94
Processing batch 10/12 (rows 9001-10000)
  Calculated 1000 temperatures. Range: -8.38 to 16.41
Processing batch 11/12 (rows 10001-11000)
  Calculated 1000 temperatures. Range: -1.37 to 16.17
Processing batch 12/12 (rows 11001-11035)
  Calculated 35 temperatures. Range: -4.80 to 11.80
Total observations: 11035, Unique timestamps: 2207
MR parameters: mass=0.33, elev=2195.0, b0=17.10, b1=0.98, b2=-0.48, b3=0.000124
Sample tb=280.96 K, log(mass)=-1.1087, 1/(kT)=41.290959, exponent=-3.5340, rmr=0.029189
Sample tb=281.65 K, log(mass)=-1.1087, 1/(kT)=41.189777, exponent=-3.4854, rmr=0.030641
Sample tb=277.82 K, log(mass)=-1.1087, 1/(kT)=41.757001, exponent=-3.7577, rmr=0.023338
Sample tb=276.94 K, log(mass)=-1.1087, 1/(kT)=41.890245, exponent=-3.8216, rmr=0.021892
Sample tb=271.44 K, log(mass)=-1.1087, 1/(kT)=42.738915, exponent=-4.2290, rmr=0.014567
MR results: 0 NA, 0 infinite, 0 negative, 0 zero
Energy calculations: 2766 non-zero gains, 11035 non-zero losses out of 11035 observations
Saved results to output/results/A1/2020/F/eb_results_MB_2020_A1_D1.rds

Processing: Species=MB, Year=2021, Origin=A1, Climate=D1, Sex=F
Looking for climate data at: /mmfs1/gscratch/biology/jmsmith/targeted_microclimate/D1/simplified_D1_2021.rds
Directory /mmfs1/gscratch/biology/jmsmith/targeted_microclimate/D1 exists. Contents:
simplified_D1_1945.rds
simplified_D1_1946.rds
simplified_D1_1947.rds
simplified_D1_1948.rds
simplified_D1_1949.rds
simplified_D1_1950.rds
simplified_D1_1951.rds
simplified_D1_1952.rds
simplified_D1_1953.rds
simplified_D1_1954.rds
simplified_D1_1955.rds
simplified_D1_1956.rds
simplified_D1_1957.rds
simplified_D1_1958.rds
simplified_D1_1959.rds
simplified_D1_1960.rds
simplified_D1_1961.rds
simplified_D1_1962.rds
simplified_D1_1963.rds
simplified_D1_1964.rds
simplified_D1_2005.rds
simplified_D1_2006.rds
simplified_D1_2007.rds
simplified_D1_2008.rds
simplified_D1_2009.rds
simplified_D1_2010.rds
simplified_D1_2011.rds
simplified_D1_2012.rds
simplified_D1_2013.rds
simplified_D1_2014.rds
simplified_D1_2015.rds
simplified_D1_2016.rds
simplified_D1_2017.rds
simplified_D1_2018.rds
simplified_D1_2019.rds
simplified_D1_2020.rds
simplified_D1_2021.rds
simplified_D1_2022.rds
simplified_D1_2023.rds
simplified_D1_2024.rds
Processing batch 1/12 (rows 1-1000)
  Calculated 1000 temperatures. Range: -10.34 to 52.16
Processing batch 2/12 (rows 1001-2000)
  Calculated 1000 temperatures. Range: -4.28 to 50.04
Processing batch 3/12 (rows 2001-3000)
  Calculated 1000 temperatures. Range: -9.36 to 40.71
Processing batch 4/12 (rows 3001-4000)
  Calculated 1000 temperatures. Range: -2.51 to 40.88
Processing batch 5/12 (rows 4001-5000)
  Calculated 1000 temperatures. Range: -9.25 to 35.71
Processing batch 6/12 (rows 5001-6000)
  Calculated 1000 temperatures. Range: -4.56 to 41.18
Processing batch 7/12 (rows 6001-7000)
  Calculated 1000 temperatures. Range: -8.05 to 38.87
Processing batch 8/12 (rows 7001-8000)
  Calculated 1000 temperatures. Range: -5.24 to 14.75
Processing batch 9/12 (rows 8001-9000)
  Calculated 1000 temperatures. Range: -8.18 to 13.75
Processing batch 10/12 (rows 9001-10000)
  Calculated 1000 temperatures. Range: -6.90 to 17.78
Processing batch 11/12 (rows 10001-11000)
  Calculated 1000 temperatures. Range: -3.22 to 16.55
Processing batch 12/12 (rows 11001-11035)
  Calculated 35 temperatures. Range: -2.05 to 13.22
Total observations: 11035, Unique timestamps: 2207
MR parameters: mass=0.33, elev=2195.0, b0=17.10, b1=0.98, b2=-0.48, b3=0.000124
Sample tb=267.79 K, log(mass)=-1.1087, 1/(kT)=43.321597, exponent=-4.5087, rmr=0.011013
Sample tb=271.28 K, log(mass)=-1.1087, 1/(kT)=42.763895, exponent=-4.2410, rmr=0.014393
Sample tb=286.35 K, log(mass)=-1.1087, 1/(kT)=40.513339, exponent=-3.1607, rmr=0.042396
Sample tb=272.77 K, log(mass)=-1.1087, 1/(kT)=42.530158, exponent=-4.1288, rmr=0.016102
Sample tb=283.71 K, log(mass)=-1.1087, 1/(kT)=40.890422, exponent=-3.3417, rmr=0.035376
MR results: 0 NA, 0 infinite, 0 negative, 0 zero
Energy calculations: 2959 non-zero gains, 11035 non-zero losses out of 11035 observations
Saved results to output/results/A1/2021/F/eb_results_MB_2021_A1_D1.rds

Processing: Species=MB, Year=2022, Origin=A1, Climate=D1, Sex=F
Looking for climate data at: /mmfs1/gscratch/biology/jmsmith/targeted_microclimate/D1/simplified_D1_2022.rds
Directory /mmfs1/gscratch/biology/jmsmith/targeted_microclimate/D1 exists. Contents:
simplified_D1_1945.rds
simplified_D1_1946.rds
simplified_D1_1947.rds
simplified_D1_1948.rds
simplified_D1_1949.rds
simplified_D1_1950.rds
simplified_D1_1951.rds
simplified_D1_1952.rds
simplified_D1_1953.rds
simplified_D1_1954.rds
simplified_D1_1955.rds
simplified_D1_1956.rds
simplified_D1_1957.rds
simplified_D1_1958.rds
simplified_D1_1959.rds
simplified_D1_1960.rds
simplified_D1_1961.rds
simplified_D1_1962.rds
simplified_D1_1963.rds
simplified_D1_1964.rds
simplified_D1_2005.rds
simplified_D1_2006.rds
simplified_D1_2007.rds
simplified_D1_2008.rds
simplified_D1_2009.rds
simplified_D1_2010.rds
simplified_D1_2011.rds
simplified_D1_2012.rds
simplified_D1_2013.rds
simplified_D1_2014.rds
simplified_D1_2015.rds
simplified_D1_2016.rds
simplified_D1_2017.rds
simplified_D1_2018.rds
simplified_D1_2019.rds
simplified_D1_2020.rds
simplified_D1_2021.rds
simplified_D1_2022.rds
simplified_D1_2023.rds
simplified_D1_2024.rds
Processing batch 1/12 (rows 1-1000)
  Calculated 1000 temperatures. Range: -8.97 to 52.22
Processing batch 2/12 (rows 1001-2000)
  Calculated 1000 temperatures. Range: -2.68 to 51.68
Processing batch 3/12 (rows 2001-3000)
  Calculated 1000 temperatures. Range: -8.59 to 48.92
Processing batch 4/12 (rows 3001-4000)
  Calculated 1000 temperatures. Range: -1.25 to 41.98
Processing batch 5/12 (rows 4001-5000)
  Calculated 1000 temperatures. Range: -8.62 to 36.92
Processing batch 6/12 (rows 5001-6000)
  Calculated 1000 temperatures. Range: -4.62 to 41.78
Processing batch 7/12 (rows 6001-7000)
  Calculated 1000 temperatures. Range: -8.67 to 38.29
Processing batch 8/12 (rows 7001-8000)
  Calculated 1000 temperatures. Range: -6.31 to 14.23
Processing batch 9/12 (rows 8001-9000)
  Calculated 1000 temperatures. Range: -8.35 to 13.77
Processing batch 10/12 (rows 9001-10000)
  Calculated 1000 temperatures. Range: -7.32 to 17.05
Processing batch 11/12 (rows 10001-11000)
  Calculated 1000 temperatures. Range: -1.04 to 16.33
Processing batch 12/12 (rows 11001-11035)
  Calculated 35 temperatures. Range: -1.26 to 14.11
Total observations: 11035, Unique timestamps: 2207
MR parameters: mass=0.33, elev=2195.0, b0=17.10, b1=0.98, b2=-0.48, b3=0.000124
Sample tb=278.02 K, log(mass)=-1.1087, 1/(kT)=41.727532, exponent=-3.7435, rmr=0.023671
Sample tb=294.29 K, log(mass)=-1.1087, 1/(kT)=39.420468, exponent=-2.6361, rmr=0.071638
Sample tb=274.34 K, log(mass)=-1.1087, 1/(kT)=42.286072, exponent=-4.0116, rmr=0.018104
Sample tb=278.83 K, log(mass)=-1.1087, 1/(kT)=41.606129, exponent=-3.6853, rmr=0.025091
Sample tb=278.67 K, log(mass)=-1.1087, 1/(kT)=41.630085, exponent=-3.6968, rmr=0.024804
MR results: 0 NA, 0 infinite, 0 negative, 0 zero
Energy calculations: 2934 non-zero gains, 11035 non-zero losses out of 11035 observations
Saved results to output/results/A1/2022/F/eb_results_MB_2022_A1_D1.rds

Processing: Species=MB, Year=2023, Origin=A1, Climate=D1, Sex=F
Looking for climate data at: /mmfs1/gscratch/biology/jmsmith/targeted_microclimate/D1/simplified_D1_2023.rds
Directory /mmfs1/gscratch/biology/jmsmith/targeted_microclimate/D1 exists. Contents:
simplified_D1_1945.rds
simplified_D1_1946.rds
simplified_D1_1947.rds
simplified_D1_1948.rds
simplified_D1_1949.rds
simplified_D1_1950.rds
simplified_D1_1951.rds
simplified_D1_1952.rds
simplified_D1_1953.rds
simplified_D1_1954.rds
simplified_D1_1955.rds
simplified_D1_1956.rds
simplified_D1_1957.rds
simplified_D1_1958.rds
simplified_D1_1959.rds
simplified_D1_1960.rds
simplified_D1_1961.rds
simplified_D1_1962.rds
simplified_D1_1963.rds
simplified_D1_1964.rds
simplified_D1_2005.rds
simplified_D1_2006.rds
simplified_D1_2007.rds
simplified_D1_2008.rds
simplified_D1_2009.rds
simplified_D1_2010.rds
simplified_D1_2011.rds
simplified_D1_2012.rds
simplified_D1_2013.rds
simplified_D1_2014.rds
simplified_D1_2015.rds
simplified_D1_2016.rds
simplified_D1_2017.rds
simplified_D1_2018.rds
simplified_D1_2019.rds
simplified_D1_2020.rds
simplified_D1_2021.rds
simplified_D1_2022.rds
simplified_D1_2023.rds
simplified_D1_2024.rds
Processing batch 1/12 (rows 1-1000)
  Calculated 1000 temperatures. Range: -7.32 to 45.92
Processing batch 2/12 (rows 1001-2000)
  Calculated 1000 temperatures. Range: -4.28 to 51.17
Processing batch 3/12 (rows 2001-3000)
  Calculated 1000 temperatures. Range: -6.35 to 42.84
Processing batch 4/12 (rows 3001-4000)
  Calculated 1000 temperatures. Range: -3.18 to 39.31
Processing batch 5/12 (rows 4001-5000)
  Calculated 1000 temperatures. Range: -6.36 to 36.45
Processing batch 6/12 (rows 5001-6000)
  Calculated 1000 temperatures. Range: -4.62 to 40.22
Processing batch 7/12 (rows 6001-7000)
  Calculated 1000 temperatures. Range: -5.53 to 36.97
Processing batch 8/12 (rows 7001-8000)
  Calculated 1000 temperatures. Range: -6.44 to 14.25
Processing batch 9/12 (rows 8001-9000)
  Calculated 1000 temperatures. Range: -4.94 to 14.05
Processing batch 10/12 (rows 9001-10000)
  Calculated 1000 temperatures. Range: -6.14 to 16.19
Processing batch 11/12 (rows 10001-11000)
  Calculated 1000 temperatures. Range: -2.47 to 17.18
Processing batch 12/12 (rows 11001-11035)
  Calculated 35 temperatures. Range: 0.95 to 15.90
Total observations: 11035, Unique timestamps: 2207
MR parameters: mass=0.33, elev=2195.0, b0=17.10, b1=0.98, b2=-0.48, b3=0.000124
Sample tb=270.94 K, log(mass)=-1.1087, 1/(kT)=42.817155, exponent=-4.2665, rmr=0.014030
Sample tb=283.27 K, log(mass)=-1.1087, 1/(kT)=40.953422, exponent=-3.3720, rmr=0.034323
Sample tb=278.82 K, log(mass)=-1.1087, 1/(kT)=41.607281, exponent=-3.6858, rmr=0.025077
Sample tb=275.26 K, log(mass)=-1.1087, 1/(kT)=42.145148, exponent=-3.9440, rmr=0.019371
Sample tb=291.55 K, log(mass)=-1.1087, 1/(kT)=39.790665, exponent=-2.8138, rmr=0.059975
MR results: 0 NA, 0 infinite, 0 negative, 0 zero
Energy calculations: 2725 non-zero gains, 11035 non-zero losses out of 11035 observations
Saved results to output/results/A1/2023/F/eb_results_MB_2023_A1_D1.rds

Processing: Species=MB, Year=2024, Origin=A1, Climate=D1, Sex=F
Looking for climate data at: /mmfs1/gscratch/biology/jmsmith/targeted_microclimate/D1/simplified_D1_2024.rds
Directory /mmfs1/gscratch/biology/jmsmith/targeted_microclimate/D1 exists. Contents:
simplified_D1_1945.rds
simplified_D1_1946.rds
simplified_D1_1947.rds
simplified_D1_1948.rds
simplified_D1_1949.rds
simplified_D1_1950.rds
simplified_D1_1951.rds
simplified_D1_1952.rds
simplified_D1_1953.rds
simplified_D1_1954.rds
simplified_D1_1955.rds
simplified_D1_1956.rds
simplified_D1_1957.rds
simplified_D1_1958.rds
simplified_D1_1959.rds
simplified_D1_1960.rds
simplified_D1_1961.rds
simplified_D1_1962.rds
simplified_D1_1963.rds
simplified_D1_1964.rds
simplified_D1_2005.rds
simplified_D1_2006.rds
simplified_D1_2007.rds
simplified_D1_2008.rds
simplified_D1_2009.rds
simplified_D1_2010.rds
simplified_D1_2011.rds
simplified_D1_2012.rds
simplified_D1_2013.rds
simplified_D1_2014.rds
simplified_D1_2015.rds
simplified_D1_2016.rds
simplified_D1_2017.rds
simplified_D1_2018.rds
simplified_D1_2019.rds
simplified_D1_2020.rds
simplified_D1_2021.rds
simplified_D1_2022.rds
simplified_D1_2023.rds
simplified_D1_2024.rds
Processing batch 1/12 (rows 1-1000)
  Calculated 1000 temperatures. Range: -7.76 to 52.03
Processing batch 2/12 (rows 1001-2000)
  Calculated 1000 temperatures. Range: -2.73 to 53.56
Processing batch 3/12 (rows 2001-3000)
  Calculated 1000 temperatures. Range: -6.46 to 43.82
Processing batch 4/12 (rows 3001-4000)
  Calculated 1000 temperatures. Range: -5.45 to 42.07
Processing batch 5/12 (rows 4001-5000)
  Calculated 1000 temperatures. Range: -6.38 to 41.01
Processing batch 6/12 (rows 5001-6000)
  Calculated 1000 temperatures. Range: -4.92 to 42.05
Processing batch 7/12 (rows 6001-7000)
  Calculated 1000 temperatures. Range: -5.71 to 39.06
Processing batch 8/12 (rows 7001-8000)
  Calculated 1000 temperatures. Range: -5.89 to 13.45
Processing batch 9/12 (rows 8001-9000)
  Calculated 1000 temperatures. Range: -5.03 to 14.35
Processing batch 10/12 (rows 9001-10000)
  Calculated 1000 temperatures. Range: -5.46 to 16.01
Processing batch 11/12 (rows 10001-11000)
  Calculated 1000 temperatures. Range: -2.58 to 16.37
Processing batch 12/12 (rows 11001-11035)
  Calculated 35 temperatures. Range: -2.80 to 12.11
Total observations: 11035, Unique timestamps: 2207
MR parameters: mass=0.33, elev=2195.0, b0=17.10, b1=0.98, b2=-0.48, b3=0.000124
Sample tb=278.42 K, log(mass)=-1.1087, 1/(kT)=41.666475, exponent=-3.7142, rmr=0.024375
Sample tb=291.72 K, log(mass)=-1.1087, 1/(kT)=39.767781, exponent=-2.8028, rmr=0.060637
Sample tb=282.77 K, log(mass)=-1.1087, 1/(kT)=41.025744, exponent=-3.4067, rmr=0.033152
Sample tb=284.26 K, log(mass)=-1.1087, 1/(kT)=40.810964, exponent=-3.3036, rmr=0.036752
Sample tb=281.31 K, log(mass)=-1.1087, 1/(kT)=41.239291, exponent=-3.5092, rmr=0.029922
MR results: 0 NA, 0 infinite, 0 negative, 0 zero
Energy calculations: 2868 non-zero gains, 11035 non-zero losses out of 11035 observations
Saved results to output/results/A1/2024/F/eb_results_MB_2024_A1_D1.rds

All years processed.
