Arguments received:
Species: MS
Years: 2005, 2006, 2007, 2008, 2009, 2010, 2011, 2012, 2013, 2014, 2015, 2016, 2017, 2018, 2019, 2020, 2021, 2022, 2023, 2024
Origin site: B1
Climate site: Eldo
Sex: F
Output directory: output/results/B1
Library paths:
[1] "/gscratch/biology/jmsmith/R"                          
[2] "/mmfs1/home/smithju/R/x86_64-pc-linux-gnu-library/4.4"
[3] "/usr/local/lib/R/site-library"                        
[4] "/usr/local/lib/R/library"                             
Package tidyverse loaded successfully
Package TrenchR loaded successfully
Package rTPC loaded successfully
Package lubridate loaded successfully

Processing: Species=MS, Year=2005, Origin=B1, Climate=Eldo, Sex=F
Looking for climate data at: /mmfs1/gscratch/biology/jmsmith/targeted_microclimate/Eldo/simplified_Eldo_2005.rds
Directory /mmfs1/gscratch/biology/jmsmith/targeted_microclimate/Eldo exists. Contents:
simplified_Eldo_1945.rds
simplified_Eldo_1946.rds
simplified_Eldo_1947.rds
simplified_Eldo_1948.rds
simplified_Eldo_1949.rds
simplified_Eldo_1950.rds
simplified_Eldo_1951.rds
simplified_Eldo_1952.rds
simplified_Eldo_1953.rds
simplified_Eldo_1954.rds
simplified_Eldo_1955.rds
simplified_Eldo_1956.rds
simplified_Eldo_1957.rds
simplified_Eldo_1958.rds
simplified_Eldo_1959.rds
simplified_Eldo_1960.rds
simplified_Eldo_1961.rds
simplified_Eldo_1962.rds
simplified_Eldo_1963.rds
simplified_Eldo_1964.rds
simplified_Eldo_2005.rds
simplified_Eldo_2006.rds
simplified_Eldo_2007.rds
simplified_Eldo_2008.rds
simplified_Eldo_2009.rds
simplified_Eldo_2010.rds
simplified_Eldo_2011.rds
simplified_Eldo_2012.rds
simplified_Eldo_2013.rds
simplified_Eldo_2014.rds
simplified_Eldo_2015.rds
simplified_Eldo_2016.rds
simplified_Eldo_2017.rds
simplified_Eldo_2018.rds
simplified_Eldo_2019.rds
simplified_Eldo_2020.rds
simplified_Eldo_2021.rds
simplified_Eldo_2022.rds
simplified_Eldo_2023.rds
simplified_Eldo_2024.rds
Processing batch 1/12 (rows 1-1000)
  Calculated 1000 temperatures. Range: 0.61 to 46.18
Processing batch 2/12 (rows 1001-2000)
  Calculated 1000 temperatures. Range: 5.37 to 60.00
Processing batch 3/12 (rows 2001-3000)
  Calculated 1000 temperatures. Range: 0.48 to 40.62
Processing batch 4/12 (rows 3001-4000)
  Calculated 1000 temperatures. Range: 3.51 to 21.92
Processing batch 5/12 (rows 4001-5000)
  Calculated 1000 temperatures. Range: 1.20 to 22.89
Processing batch 6/12 (rows 5001-6000)
  Calculated 1000 temperatures. Range: 4.55 to 26.92
Processing batch 7/12 (rows 6001-7000)
  Calculated 1000 temperatures. Range: 0.51 to 35.68
Processing batch 8/12 (rows 7001-8000)
  Calculated 1000 temperatures. Range: 3.63 to 44.89
Processing batch 9/12 (rows 8001-9000)
  Calculated 1000 temperatures. Range: 0.25 to 40.35
Processing batch 10/12 (rows 9001-10000)
  Calculated 1000 temperatures. Range: -1.27 to 55.74
Processing batch 11/12 (rows 10001-11000)
  Calculated 1000 temperatures. Range: 2.27 to 60.00
Processing batch 12/12 (rows 11001-11035)
  Calculated 35 temperatures. Range: 1.11 to 47.48
Total observations: 11035, Unique timestamps: 2207
MR parameters: mass=0.29, elev=2591.0, b0=16.50, b1=0.85, b2=-0.47, b3=0.000108
Sample tb=298.74 K, log(mass)=-1.2379, 1/(kT)=38.833319, exponent=-2.5240, rmr=0.080136
Sample tb=301.73 K, log(mass)=-1.2379, 1/(kT)=38.448438, exponent=-2.3431, rmr=0.096026
Sample tb=280.70 K, log(mass)=-1.2379, 1/(kT)=41.329046, exponent=-3.6970, rmr=0.024797
Sample tb=282.03 K, log(mass)=-1.2379, 1/(kT)=41.134218, exponent=-3.6054, rmr=0.027175
Sample tb=284.27 K, log(mass)=-1.2379, 1/(kT)=40.809227, exponent=-3.4527, rmr=0.031660
MR results: 0 NA, 0 infinite, 0 negative, 0 zero
Energy calculations: 6707 non-zero gains, 11035 non-zero losses out of 11035 observations
Saved results to output/results/B1/2005/F/eb_results_MS_2005_B1_Eldo.rds

Processing: Species=MS, Year=2006, Origin=B1, Climate=Eldo, Sex=F
Looking for climate data at: /mmfs1/gscratch/biology/jmsmith/targeted_microclimate/Eldo/simplified_Eldo_2006.rds
Directory /mmfs1/gscratch/biology/jmsmith/targeted_microclimate/Eldo exists. Contents:
simplified_Eldo_1945.rds
simplified_Eldo_1946.rds
simplified_Eldo_1947.rds
simplified_Eldo_1948.rds
simplified_Eldo_1949.rds
simplified_Eldo_1950.rds
simplified_Eldo_1951.rds
simplified_Eldo_1952.rds
simplified_Eldo_1953.rds
simplified_Eldo_1954.rds
simplified_Eldo_1955.rds
simplified_Eldo_1956.rds
simplified_Eldo_1957.rds
simplified_Eldo_1958.rds
simplified_Eldo_1959.rds
simplified_Eldo_1960.rds
simplified_Eldo_1961.rds
simplified_Eldo_1962.rds
simplified_Eldo_1963.rds
simplified_Eldo_1964.rds
simplified_Eldo_2005.rds
simplified_Eldo_2006.rds
simplified_Eldo_2007.rds
simplified_Eldo_2008.rds
simplified_Eldo_2009.rds
simplified_Eldo_2010.rds
simplified_Eldo_2011.rds
simplified_Eldo_2012.rds
simplified_Eldo_2013.rds
simplified_Eldo_2014.rds
simplified_Eldo_2015.rds
simplified_Eldo_2016.rds
simplified_Eldo_2017.rds
simplified_Eldo_2018.rds
simplified_Eldo_2019.rds
simplified_Eldo_2020.rds
simplified_Eldo_2021.rds
simplified_Eldo_2022.rds
simplified_Eldo_2023.rds
simplified_Eldo_2024.rds
Processing batch 1/12 (rows 1-1000)
  Calculated 1000 temperatures. Range: 2.19 to 55.35
Processing batch 2/12 (rows 1001-2000)
  Calculated 1000 temperatures. Range: 4.97 to 57.18
Processing batch 3/12 (rows 2001-3000)
  Calculated 1000 temperatures. Range: 2.08 to 46.65
Processing batch 4/12 (rows 3001-4000)
  Calculated 1000 temperatures. Range: 6.74 to 47.88
Processing batch 5/12 (rows 4001-5000)
  Calculated 1000 temperatures. Range: 3.14 to 40.17
Processing batch 6/12 (rows 5001-6000)
  Calculated 1000 temperatures. Range: 4.22 to 21.55
Processing batch 7/12 (rows 6001-7000)
  Calculated 1000 temperatures. Range: 3.89 to 25.82
Processing batch 8/12 (rows 7001-8000)
  Calculated 1000 temperatures. Range: 3.63 to 26.14
Processing batch 9/12 (rows 8001-9000)
  Calculated 1000 temperatures. Range: 4.05 to 40.99
Processing batch 10/12 (rows 9001-10000)
  Calculated 1000 temperatures. Range: 3.46 to 40.15
Processing batch 11/12 (rows 10001-11000)
  Calculated 1000 temperatures. Range: 3.66 to 41.28
Processing batch 12/12 (rows 11001-11035)
  Calculated 35 temperatures. Range: 6.68 to 34.43
Total observations: 11035, Unique timestamps: 2207
MR parameters: mass=0.29, elev=2591.0, b0=16.50, b1=0.85, b2=-0.47, b3=0.000108
Sample tb=314.28 K, log(mass)=-1.2379, 1/(kT)=36.912380, exponent=-1.6212, rmr=0.197665
Sample tb=282.52 K, log(mass)=-1.2379, 1/(kT)=41.062113, exponent=-3.5716, rmr=0.028112
Sample tb=302.44 K, log(mass)=-1.2379, 1/(kT)=38.357296, exponent=-2.3003, rmr=0.100229
Sample tb=285.09 K, log(mass)=-1.2379, 1/(kT)=40.692767, exponent=-3.3980, rmr=0.033441
Sample tb=280.24 K, log(mass)=-1.2379, 1/(kT)=41.396337, exponent=-3.7286, rmr=0.024025
MR results: 0 NA, 0 infinite, 0 negative, 0 zero
Energy calculations: 7584 non-zero gains, 11035 non-zero losses out of 11035 observations
Saved results to output/results/B1/2006/F/eb_results_MS_2006_B1_Eldo.rds

Processing: Species=MS, Year=2007, Origin=B1, Climate=Eldo, Sex=F
Looking for climate data at: /mmfs1/gscratch/biology/jmsmith/targeted_microclimate/Eldo/simplified_Eldo_2007.rds
Directory /mmfs1/gscratch/biology/jmsmith/targeted_microclimate/Eldo exists. Contents:
simplified_Eldo_1945.rds
simplified_Eldo_1946.rds
simplified_Eldo_1947.rds
simplified_Eldo_1948.rds
simplified_Eldo_1949.rds
simplified_Eldo_1950.rds
simplified_Eldo_1951.rds
simplified_Eldo_1952.rds
simplified_Eldo_1953.rds
simplified_Eldo_1954.rds
simplified_Eldo_1955.rds
simplified_Eldo_1956.rds
simplified_Eldo_1957.rds
simplified_Eldo_1958.rds
simplified_Eldo_1959.rds
simplified_Eldo_1960.rds
simplified_Eldo_1961.rds
simplified_Eldo_1962.rds
simplified_Eldo_1963.rds
simplified_Eldo_1964.rds
simplified_Eldo_2005.rds
simplified_Eldo_2006.rds
simplified_Eldo_2007.rds
simplified_Eldo_2008.rds
simplified_Eldo_2009.rds
simplified_Eldo_2010.rds
simplified_Eldo_2011.rds
simplified_Eldo_2012.rds
simplified_Eldo_2013.rds
simplified_Eldo_2014.rds
simplified_Eldo_2015.rds
simplified_Eldo_2016.rds
simplified_Eldo_2017.rds
simplified_Eldo_2018.rds
simplified_Eldo_2019.rds
simplified_Eldo_2020.rds
simplified_Eldo_2021.rds
simplified_Eldo_2022.rds
simplified_Eldo_2023.rds
simplified_Eldo_2024.rds
Processing batch 1/12 (rows 1-1000)
  Calculated 1000 temperatures. Range: -3.14 to 56.25
Processing batch 2/12 (rows 1001-2000)
  Calculated 1000 temperatures. Range: 6.10 to 49.19
Processing batch 3/12 (rows 2001-3000)
  Calculated 1000 temperatures. Range: -1.95 to 47.19
Processing batch 4/12 (rows 3001-4000)
  Calculated 1000 temperatures. Range: 6.97 to 40.89
Processing batch 5/12 (rows 4001-5000)
  Calculated 1000 temperatures. Range: -1.21 to 40.61
Processing batch 6/12 (rows 5001-6000)
  Calculated 1000 temperatures. Range: 6.32 to 20.64
Processing batch 7/12 (rows 6001-7000)
  Calculated 1000 temperatures. Range: -0.84 to 22.62
Processing batch 8/12 (rows 7001-8000)
  Calculated 1000 temperatures. Range: 4.64 to 25.67
Processing batch 9/12 (rows 8001-9000)
  Calculated 1000 temperatures. Range: 1.67 to 26.22
Processing batch 10/12 (rows 9001-10000)
  Calculated 1000 temperatures. Range: -1.75 to 40.93
Processing batch 11/12 (rows 10001-11000)
  Calculated 1000 temperatures. Range: 6.70 to 36.59
Processing batch 12/12 (rows 11001-11035)
  Calculated 35 temperatures. Range: 7.60 to 32.31
Total observations: 11035, Unique timestamps: 2207
MR parameters: mass=0.29, elev=2591.0, b0=16.50, b1=0.85, b2=-0.47, b3=0.000108
Sample tb=283.95 K, log(mass)=-1.2379, 1/(kT)=40.854901, exponent=-3.4742, rmr=0.030988
Sample tb=295.68 K, log(mass)=-1.2379, 1/(kT)=39.234554, exponent=-2.7126, rmr=0.066364
Sample tb=284.29 K, log(mass)=-1.2379, 1/(kT)=40.806522, exponent=-3.4514, rmr=0.031700
Sample tb=278.91 K, log(mass)=-1.2379, 1/(kT)=41.594000, exponent=-3.8215, rmr=0.021894
Sample tb=279.36 K, log(mass)=-1.2379, 1/(kT)=41.526593, exponent=-3.7899, rmr=0.022599
MR results: 0 NA, 0 infinite, 0 negative, 0 zero
Energy calculations: 7736 non-zero gains, 11035 non-zero losses out of 11035 observations
Saved results to output/results/B1/2007/F/eb_results_MS_2007_B1_Eldo.rds

Processing: Species=MS, Year=2008, Origin=B1, Climate=Eldo, Sex=F
Looking for climate data at: /mmfs1/gscratch/biology/jmsmith/targeted_microclimate/Eldo/simplified_Eldo_2008.rds
Directory /mmfs1/gscratch/biology/jmsmith/targeted_microclimate/Eldo exists. Contents:
simplified_Eldo_1945.rds
simplified_Eldo_1946.rds
simplified_Eldo_1947.rds
simplified_Eldo_1948.rds
simplified_Eldo_1949.rds
simplified_Eldo_1950.rds
simplified_Eldo_1951.rds
simplified_Eldo_1952.rds
simplified_Eldo_1953.rds
simplified_Eldo_1954.rds
simplified_Eldo_1955.rds
simplified_Eldo_1956.rds
simplified_Eldo_1957.rds
simplified_Eldo_1958.rds
simplified_Eldo_1959.rds
simplified_Eldo_1960.rds
simplified_Eldo_1961.rds
simplified_Eldo_1962.rds
simplified_Eldo_1963.rds
simplified_Eldo_1964.rds
simplified_Eldo_2005.rds
simplified_Eldo_2006.rds
simplified_Eldo_2007.rds
simplified_Eldo_2008.rds
simplified_Eldo_2009.rds
simplified_Eldo_2010.rds
simplified_Eldo_2011.rds
simplified_Eldo_2012.rds
simplified_Eldo_2013.rds
simplified_Eldo_2014.rds
simplified_Eldo_2015.rds
simplified_Eldo_2016.rds
simplified_Eldo_2017.rds
simplified_Eldo_2018.rds
simplified_Eldo_2019.rds
simplified_Eldo_2020.rds
simplified_Eldo_2021.rds
simplified_Eldo_2022.rds
simplified_Eldo_2023.rds
simplified_Eldo_2024.rds
Processing batch 1/12 (rows 1-1000)
  Calculated 1000 temperatures. Range: -3.27 to 54.52
Processing batch 2/12 (rows 1001-2000)
  Calculated 1000 temperatures. Range: 3.13 to 54.11
Processing batch 3/12 (rows 2001-3000)
  Calculated 1000 temperatures. Range: -1.47 to 50.95
Processing batch 4/12 (rows 3001-4000)
  Calculated 1000 temperatures. Range: 4.44 to 45.62
Processing batch 5/12 (rows 4001-5000)
  Calculated 1000 temperatures. Range: -1.26 to 42.11
Processing batch 6/12 (rows 5001-6000)
  Calculated 1000 temperatures. Range: 3.31 to 20.57
Processing batch 7/12 (rows 6001-7000)
  Calculated 1000 temperatures. Range: -0.30 to 20.87
Processing batch 8/12 (rows 7001-8000)
  Calculated 1000 temperatures. Range: 3.94 to 25.08
Processing batch 9/12 (rows 8001-9000)
  Calculated 1000 temperatures. Range: 2.38 to 33.23
Processing batch 10/12 (rows 9001-10000)
  Calculated 1000 temperatures. Range: -1.52 to 39.71
Processing batch 11/12 (rows 10001-11000)
  Calculated 1000 temperatures. Range: 4.99 to 40.13
Processing batch 12/12 (rows 11001-11035)
  Calculated 35 temperatures. Range: 7.23 to 29.22
Total observations: 11035, Unique timestamps: 2207
MR parameters: mass=0.29, elev=2591.0, b0=16.50, b1=0.85, b2=-0.47, b3=0.000108
Sample tb=295.99 K, log(mass)=-1.2379, 1/(kT)=39.193606, exponent=-2.6934, rmr=0.067653
Sample tb=305.49 K, log(mass)=-1.2379, 1/(kT)=37.974875, exponent=-2.1206, rmr=0.119965
Sample tb=291.70 K, log(mass)=-1.2379, 1/(kT)=39.769857, exponent=-2.9642, rmr=0.051602
Sample tb=283.79 K, log(mass)=-1.2379, 1/(kT)=40.878630, exponent=-3.4853, rmr=0.030644
Sample tb=289.54 K, log(mass)=-1.2379, 1/(kT)=40.066250, exponent=-3.1035, rmr=0.044892
MR results: 0 NA, 0 infinite, 0 negative, 0 zero
Energy calculations: 6794 non-zero gains, 11035 non-zero losses out of 11035 observations
Saved results to output/results/B1/2008/F/eb_results_MS_2008_B1_Eldo.rds

Processing: Species=MS, Year=2009, Origin=B1, Climate=Eldo, Sex=F
Looking for climate data at: /mmfs1/gscratch/biology/jmsmith/targeted_microclimate/Eldo/simplified_Eldo_2009.rds
Directory /mmfs1/gscratch/biology/jmsmith/targeted_microclimate/Eldo exists. Contents:
simplified_Eldo_1945.rds
simplified_Eldo_1946.rds
simplified_Eldo_1947.rds
simplified_Eldo_1948.rds
simplified_Eldo_1949.rds
simplified_Eldo_1950.rds
simplified_Eldo_1951.rds
simplified_Eldo_1952.rds
simplified_Eldo_1953.rds
simplified_Eldo_1954.rds
simplified_Eldo_1955.rds
simplified_Eldo_1956.rds
simplified_Eldo_1957.rds
simplified_Eldo_1958.rds
simplified_Eldo_1959.rds
simplified_Eldo_1960.rds
simplified_Eldo_1961.rds
simplified_Eldo_1962.rds
simplified_Eldo_1963.rds
simplified_Eldo_1964.rds
simplified_Eldo_2005.rds
simplified_Eldo_2006.rds
simplified_Eldo_2007.rds
simplified_Eldo_2008.rds
simplified_Eldo_2009.rds
simplified_Eldo_2010.rds
simplified_Eldo_2011.rds
simplified_Eldo_2012.rds
simplified_Eldo_2013.rds
simplified_Eldo_2014.rds
simplified_Eldo_2015.rds
simplified_Eldo_2016.rds
simplified_Eldo_2017.rds
simplified_Eldo_2018.rds
simplified_Eldo_2019.rds
simplified_Eldo_2020.rds
simplified_Eldo_2021.rds
simplified_Eldo_2022.rds
simplified_Eldo_2023.rds
simplified_Eldo_2024.rds
Processing batch 1/12 (rows 1-1000)
  Calculated 1000 temperatures. Range: 0.18 to 52.22
Processing batch 2/12 (rows 1001-2000)
  Calculated 1000 temperatures. Range: 1.88 to 48.27
Processing batch 3/12 (rows 2001-3000)
  Calculated 1000 temperatures. Range: 1.35 to 42.02
Processing batch 4/12 (rows 3001-4000)
  Calculated 1000 temperatures. Range: 4.49 to 40.80
Processing batch 5/12 (rows 4001-5000)
  Calculated 1000 temperatures. Range: 1.94 to 35.19
Processing batch 6/12 (rows 5001-6000)
  Calculated 1000 temperatures. Range: 4.60 to 19.45
Processing batch 7/12 (rows 6001-7000)
  Calculated 1000 temperatures. Range: 2.40 to 20.25
Processing batch 8/12 (rows 7001-8000)
  Calculated 1000 temperatures. Range: 4.61 to 23.35
Processing batch 9/12 (rows 8001-9000)
  Calculated 1000 temperatures. Range: 2.21 to 28.99
Processing batch 10/12 (rows 9001-10000)
  Calculated 1000 temperatures. Range: 1.70 to 36.87
Processing batch 11/12 (rows 10001-11000)
  Calculated 1000 temperatures. Range: 3.39 to 36.33
Processing batch 12/12 (rows 11001-11035)
  Calculated 35 temperatures. Range: 5.88 to 28.33
Total observations: 11035, Unique timestamps: 2207
MR parameters: mass=0.29, elev=2591.0, b0=16.50, b1=0.85, b2=-0.47, b3=0.000108
Sample tb=303.25 K, log(mass)=-1.2379, 1/(kT)=38.255668, exponent=-2.2525, rmr=0.105133
Sample tb=296.14 K, log(mass)=-1.2379, 1/(kT)=39.173701, exponent=-2.6840, rmr=0.068289
Sample tb=300.75 K, log(mass)=-1.2379, 1/(kT)=38.573296, exponent=-2.4018, rmr=0.090554
Sample tb=281.16 K, log(mass)=-1.2379, 1/(kT)=41.260701, exponent=-3.6649, rmr=0.025607
Sample tb=276.18 K, log(mass)=-1.2379, 1/(kT)=42.004701, exponent=-4.0146, rmr=0.018051
MR results: 0 NA, 0 infinite, 0 negative, 0 zero
Energy calculations: 6181 non-zero gains, 11035 non-zero losses out of 11035 observations
Saved results to output/results/B1/2009/F/eb_results_MS_2009_B1_Eldo.rds

Processing: Species=MS, Year=2010, Origin=B1, Climate=Eldo, Sex=F
Looking for climate data at: /mmfs1/gscratch/biology/jmsmith/targeted_microclimate/Eldo/simplified_Eldo_2010.rds
Directory /mmfs1/gscratch/biology/jmsmith/targeted_microclimate/Eldo exists. Contents:
simplified_Eldo_1945.rds
simplified_Eldo_1946.rds
simplified_Eldo_1947.rds
simplified_Eldo_1948.rds
simplified_Eldo_1949.rds
simplified_Eldo_1950.rds
simplified_Eldo_1951.rds
simplified_Eldo_1952.rds
simplified_Eldo_1953.rds
simplified_Eldo_1954.rds
simplified_Eldo_1955.rds
simplified_Eldo_1956.rds
simplified_Eldo_1957.rds
simplified_Eldo_1958.rds
simplified_Eldo_1959.rds
simplified_Eldo_1960.rds
simplified_Eldo_1961.rds
simplified_Eldo_1962.rds
simplified_Eldo_1963.rds
simplified_Eldo_1964.rds
simplified_Eldo_2005.rds
simplified_Eldo_2006.rds
simplified_Eldo_2007.rds
simplified_Eldo_2008.rds
simplified_Eldo_2009.rds
simplified_Eldo_2010.rds
simplified_Eldo_2011.rds
simplified_Eldo_2012.rds
simplified_Eldo_2013.rds
simplified_Eldo_2014.rds
simplified_Eldo_2015.rds
simplified_Eldo_2016.rds
simplified_Eldo_2017.rds
simplified_Eldo_2018.rds
simplified_Eldo_2019.rds
simplified_Eldo_2020.rds
simplified_Eldo_2021.rds
simplified_Eldo_2022.rds
simplified_Eldo_2023.rds
simplified_Eldo_2024.rds
Processing batch 1/12 (rows 1-1000)
  Calculated 1000 temperatures. Range: 0.49 to 58.08
Processing batch 2/12 (rows 1001-2000)
  Calculated 1000 temperatures. Range: 3.34 to 50.52
Processing batch 3/12 (rows 2001-3000)
  Calculated 1000 temperatures. Range: 2.10 to 48.01
Processing batch 4/12 (rows 3001-4000)
  Calculated 1000 temperatures. Range: 4.54 to 42.53
Processing batch 5/12 (rows 4001-5000)
  Calculated 1000 temperatures. Range: 2.21 to 41.13
Processing batch 6/12 (rows 5001-6000)
  Calculated 1000 temperatures. Range: 4.42 to 20.42
Processing batch 7/12 (rows 6001-7000)
  Calculated 1000 temperatures. Range: 3.11 to 22.64
Processing batch 8/12 (rows 7001-8000)
  Calculated 1000 temperatures. Range: 4.34 to 25.19
Processing batch 9/12 (rows 8001-9000)
  Calculated 1000 temperatures. Range: 2.38 to 39.85
Processing batch 10/12 (rows 9001-10000)
  Calculated 1000 temperatures. Range: 2.58 to 38.20
Processing batch 11/12 (rows 10001-11000)
  Calculated 1000 temperatures. Range: 4.87 to 37.60
Processing batch 12/12 (rows 11001-11035)
  Calculated 35 temperatures. Range: 4.74 to 27.65
Total observations: 11035, Unique timestamps: 2207
MR parameters: mass=0.29, elev=2591.0, b0=16.50, b1=0.85, b2=-0.47, b3=0.000108
Sample tb=306.54 K, log(mass)=-1.2379, 1/(kT)=37.845337, exponent=-2.0597, rmr=0.127496
Sample tb=302.77 K, log(mass)=-1.2379, 1/(kT)=38.316070, exponent=-2.2809, rmr=0.102190
Sample tb=303.19 K, log(mass)=-1.2379, 1/(kT)=38.262911, exponent=-2.2559, rmr=0.104776
Sample tb=290.70 K, log(mass)=-1.2379, 1/(kT)=39.906247, exponent=-3.0283, rmr=0.048398
Sample tb=288.77 K, log(mass)=-1.2379, 1/(kT)=40.173451, exponent=-3.1539, rmr=0.042686
MR results: 0 NA, 0 infinite, 0 negative, 0 zero
Energy calculations: 7264 non-zero gains, 11035 non-zero losses out of 11035 observations
Saved results to output/results/B1/2010/F/eb_results_MS_2010_B1_Eldo.rds

Processing: Species=MS, Year=2011, Origin=B1, Climate=Eldo, Sex=F
Looking for climate data at: /mmfs1/gscratch/biology/jmsmith/targeted_microclimate/Eldo/simplified_Eldo_2011.rds
Directory /mmfs1/gscratch/biology/jmsmith/targeted_microclimate/Eldo exists. Contents:
simplified_Eldo_1945.rds
simplified_Eldo_1946.rds
simplified_Eldo_1947.rds
simplified_Eldo_1948.rds
simplified_Eldo_1949.rds
simplified_Eldo_1950.rds
simplified_Eldo_1951.rds
simplified_Eldo_1952.rds
simplified_Eldo_1953.rds
simplified_Eldo_1954.rds
simplified_Eldo_1955.rds
simplified_Eldo_1956.rds
simplified_Eldo_1957.rds
simplified_Eldo_1958.rds
simplified_Eldo_1959.rds
simplified_Eldo_1960.rds
simplified_Eldo_1961.rds
simplified_Eldo_1962.rds
simplified_Eldo_1963.rds
simplified_Eldo_1964.rds
simplified_Eldo_2005.rds
simplified_Eldo_2006.rds
simplified_Eldo_2007.rds
simplified_Eldo_2008.rds
simplified_Eldo_2009.rds
simplified_Eldo_2010.rds
simplified_Eldo_2011.rds
simplified_Eldo_2012.rds
simplified_Eldo_2013.rds
simplified_Eldo_2014.rds
simplified_Eldo_2015.rds
simplified_Eldo_2016.rds
simplified_Eldo_2017.rds
simplified_Eldo_2018.rds
simplified_Eldo_2019.rds
simplified_Eldo_2020.rds
simplified_Eldo_2021.rds
simplified_Eldo_2022.rds
simplified_Eldo_2023.rds
simplified_Eldo_2024.rds
Processing batch 1/12 (rows 1-1000)
  Calculated 1000 temperatures. Range: -0.52 to 51.95
Processing batch 2/12 (rows 1001-2000)
  Calculated 1000 temperatures. Range: 3.37 to 54.54
Processing batch 3/12 (rows 2001-3000)
  Calculated 1000 temperatures. Range: 1.24 to 47.12
Processing batch 4/12 (rows 3001-4000)
  Calculated 1000 temperatures. Range: 6.07 to 45.46
Processing batch 5/12 (rows 4001-5000)
  Calculated 1000 temperatures. Range: 1.68 to 44.37
Processing batch 6/12 (rows 5001-6000)
  Calculated 1000 temperatures. Range: 4.74 to 20.97
Processing batch 7/12 (rows 6001-7000)
  Calculated 1000 temperatures. Range: 2.50 to 22.31
Processing batch 8/12 (rows 7001-8000)
  Calculated 1000 temperatures. Range: 4.23 to 24.28
Processing batch 9/12 (rows 8001-9000)
  Calculated 1000 temperatures. Range: 2.97 to 32.00
Processing batch 10/12 (rows 9001-10000)
  Calculated 1000 temperatures. Range: 1.24 to 38.49
Processing batch 11/12 (rows 10001-11000)
  Calculated 1000 temperatures. Range: 5.47 to 41.01
Processing batch 12/12 (rows 11001-11035)
  Calculated 35 temperatures. Range: 8.44 to 33.53
Total observations: 11035, Unique timestamps: 2207
MR parameters: mass=0.29, elev=2591.0, b0=16.50, b1=0.85, b2=-0.47, b3=0.000108
Sample tb=304.75 K, log(mass)=-1.2379, 1/(kT)=38.066778, exponent=-2.1638, rmr=0.114893
Sample tb=287.63 K, log(mass)=-1.2379, 1/(kT)=40.332925, exponent=-3.2288, rmr=0.039603
Sample tb=297.65 K, log(mass)=-1.2379, 1/(kT)=38.974985, exponent=-2.5906, rmr=0.074974
Sample tb=297.37 K, log(mass)=-1.2379, 1/(kT)=39.012367, exponent=-2.6082, rmr=0.073669
Sample tb=288.14 K, log(mass)=-1.2379, 1/(kT)=40.261374, exponent=-3.1952, rmr=0.040958
MR results: 0 NA, 0 infinite, 0 negative, 0 zero
Energy calculations: 7507 non-zero gains, 11035 non-zero losses out of 11035 observations
Saved results to output/results/B1/2011/F/eb_results_MS_2011_B1_Eldo.rds

Processing: Species=MS, Year=2012, Origin=B1, Climate=Eldo, Sex=F
Looking for climate data at: /mmfs1/gscratch/biology/jmsmith/targeted_microclimate/Eldo/simplified_Eldo_2012.rds
Directory /mmfs1/gscratch/biology/jmsmith/targeted_microclimate/Eldo exists. Contents:
simplified_Eldo_1945.rds
simplified_Eldo_1946.rds
simplified_Eldo_1947.rds
simplified_Eldo_1948.rds
simplified_Eldo_1949.rds
simplified_Eldo_1950.rds
simplified_Eldo_1951.rds
simplified_Eldo_1952.rds
simplified_Eldo_1953.rds
simplified_Eldo_1954.rds
simplified_Eldo_1955.rds
simplified_Eldo_1956.rds
simplified_Eldo_1957.rds
simplified_Eldo_1958.rds
simplified_Eldo_1959.rds
simplified_Eldo_1960.rds
simplified_Eldo_1961.rds
simplified_Eldo_1962.rds
simplified_Eldo_1963.rds
simplified_Eldo_1964.rds
simplified_Eldo_2005.rds
simplified_Eldo_2006.rds
simplified_Eldo_2007.rds
simplified_Eldo_2008.rds
simplified_Eldo_2009.rds
simplified_Eldo_2010.rds
simplified_Eldo_2011.rds
simplified_Eldo_2012.rds
simplified_Eldo_2013.rds
simplified_Eldo_2014.rds
simplified_Eldo_2015.rds
simplified_Eldo_2016.rds
simplified_Eldo_2017.rds
simplified_Eldo_2018.rds
simplified_Eldo_2019.rds
simplified_Eldo_2020.rds
simplified_Eldo_2021.rds
simplified_Eldo_2022.rds
simplified_Eldo_2023.rds
simplified_Eldo_2024.rds
Processing batch 1/12 (rows 1-1000)
  Calculated 1000 temperatures. Range: -1.84 to 60.00
Processing batch 2/12 (rows 1001-2000)
  Calculated 1000 temperatures. Range: 0.75 to 49.81
Processing batch 3/12 (rows 2001-3000)
  Calculated 1000 temperatures. Range: 0.11 to 53.07
Processing batch 4/12 (rows 3001-4000)
  Calculated 1000 temperatures. Range: 5.64 to 41.79
Processing batch 5/12 (rows 4001-5000)
  Calculated 1000 temperatures. Range: 0.69 to 44.48
Processing batch 6/12 (rows 5001-6000)
  Calculated 1000 temperatures. Range: 5.56 to 21.90
Processing batch 7/12 (rows 6001-7000)
  Calculated 1000 temperatures. Range: 1.52 to 23.16
Processing batch 8/12 (rows 7001-8000)
  Calculated 1000 temperatures. Range: 6.40 to 26.92
Processing batch 9/12 (rows 8001-9000)
  Calculated 1000 temperatures. Range: 4.23 to 30.15
Processing batch 10/12 (rows 9001-10000)
  Calculated 1000 temperatures. Range: 0.06 to 47.66
Processing batch 11/12 (rows 10001-11000)
  Calculated 1000 temperatures. Range: 2.66 to 39.67
Processing batch 12/12 (rows 11001-11035)
  Calculated 35 temperatures. Range: 7.23 to 27.81
Total observations: 11035, Unique timestamps: 2207
MR parameters: mass=0.29, elev=2591.0, b0=16.50, b1=0.85, b2=-0.47, b3=0.000108
Sample tb=297.14 K, log(mass)=-1.2379, 1/(kT)=39.041636, exponent=-2.6219, rmr=0.072662
Sample tb=280.67 K, log(mass)=-1.2379, 1/(kT)=41.332576, exponent=-3.6987, rmr=0.024756
Sample tb=285.27 K, log(mass)=-1.2379, 1/(kT)=40.665858, exponent=-3.3853, rmr=0.033867
Sample tb=280.53 K, log(mass)=-1.2379, 1/(kT)=41.353799, exponent=-3.7087, rmr=0.024511
Sample tb=282.25 K, log(mass)=-1.2379, 1/(kT)=41.101033, exponent=-3.5899, rmr=0.027602
MR results: 0 NA, 0 infinite, 0 negative, 0 zero
Energy calculations: 7809 non-zero gains, 11035 non-zero losses out of 11035 observations
Saved results to output/results/B1/2012/F/eb_results_MS_2012_B1_Eldo.rds

Processing: Species=MS, Year=2013, Origin=B1, Climate=Eldo, Sex=F
Looking for climate data at: /mmfs1/gscratch/biology/jmsmith/targeted_microclimate/Eldo/simplified_Eldo_2013.rds
Directory /mmfs1/gscratch/biology/jmsmith/targeted_microclimate/Eldo exists. Contents:
simplified_Eldo_1945.rds
simplified_Eldo_1946.rds
simplified_Eldo_1947.rds
simplified_Eldo_1948.rds
simplified_Eldo_1949.rds
simplified_Eldo_1950.rds
simplified_Eldo_1951.rds
simplified_Eldo_1952.rds
simplified_Eldo_1953.rds
simplified_Eldo_1954.rds
simplified_Eldo_1955.rds
simplified_Eldo_1956.rds
simplified_Eldo_1957.rds
simplified_Eldo_1958.rds
simplified_Eldo_1959.rds
simplified_Eldo_1960.rds
simplified_Eldo_1961.rds
simplified_Eldo_1962.rds
simplified_Eldo_1963.rds
simplified_Eldo_1964.rds
simplified_Eldo_2005.rds
simplified_Eldo_2006.rds
simplified_Eldo_2007.rds
simplified_Eldo_2008.rds
simplified_Eldo_2009.rds
simplified_Eldo_2010.rds
simplified_Eldo_2011.rds
simplified_Eldo_2012.rds
simplified_Eldo_2013.rds
simplified_Eldo_2014.rds
simplified_Eldo_2015.rds
simplified_Eldo_2016.rds
simplified_Eldo_2017.rds
simplified_Eldo_2018.rds
simplified_Eldo_2019.rds
simplified_Eldo_2020.rds
simplified_Eldo_2021.rds
simplified_Eldo_2022.rds
simplified_Eldo_2023.rds
simplified_Eldo_2024.rds
Processing batch 1/12 (rows 1-1000)
  Calculated 1000 temperatures. Range: -1.68 to 60.00
Processing batch 2/12 (rows 1001-2000)
  Calculated 1000 temperatures. Range: 4.26 to 49.09
Processing batch 3/12 (rows 2001-3000)
  Calculated 1000 temperatures. Range: -0.19 to 50.29
Processing batch 4/12 (rows 3001-4000)
  Calculated 1000 temperatures. Range: 5.76 to 43.09
Processing batch 5/12 (rows 4001-5000)
  Calculated 1000 temperatures. Range: 1.28 to 40.16
Processing batch 6/12 (rows 5001-6000)
  Calculated 1000 temperatures. Range: 5.69 to 21.04
Processing batch 7/12 (rows 6001-7000)
  Calculated 1000 temperatures. Range: 1.70 to 24.37
Processing batch 8/12 (rows 7001-8000)
  Calculated 1000 temperatures. Range: 5.07 to 25.53
Processing batch 9/12 (rows 8001-9000)
  Calculated 1000 temperatures. Range: 0.15 to 29.71
Processing batch 10/12 (rows 9001-10000)
  Calculated 1000 temperatures. Range: 3.77 to 39.76
Processing batch 11/12 (rows 10001-11000)
  Calculated 1000 temperatures. Range: 5.59 to 35.85
Processing batch 12/12 (rows 11001-11035)
  Calculated 35 temperatures. Range: 10.53 to 30.42
Total observations: 11035, Unique timestamps: 2207
MR parameters: mass=0.29, elev=2591.0, b0=16.50, b1=0.85, b2=-0.47, b3=0.000108
Sample tb=283.33 K, log(mass)=-1.2379, 1/(kT)=40.944513, exponent=-3.5163, rmr=0.029710
Sample tb=302.73 K, log(mass)=-1.2379, 1/(kT)=38.320912, exponent=-2.2832, rmr=0.101958
Sample tb=291.90 K, log(mass)=-1.2379, 1/(kT)=39.742876, exponent=-2.9515, rmr=0.052260
Sample tb=289.12 K, log(mass)=-1.2379, 1/(kT)=40.124825, exponent=-3.1310, rmr=0.043673
Sample tb=290.87 K, log(mass)=-1.2379, 1/(kT)=39.883830, exponent=-3.0178, rmr=0.048910
MR results: 0 NA, 0 infinite, 0 negative, 0 zero
Energy calculations: 7725 non-zero gains, 11035 non-zero losses out of 11035 observations
Saved results to output/results/B1/2013/F/eb_results_MS_2013_B1_Eldo.rds

Processing: Species=MS, Year=2014, Origin=B1, Climate=Eldo, Sex=F
Looking for climate data at: /mmfs1/gscratch/biology/jmsmith/targeted_microclimate/Eldo/simplified_Eldo_2014.rds
Directory /mmfs1/gscratch/biology/jmsmith/targeted_microclimate/Eldo exists. Contents:
simplified_Eldo_1945.rds
simplified_Eldo_1946.rds
simplified_Eldo_1947.rds
simplified_Eldo_1948.rds
simplified_Eldo_1949.rds
simplified_Eldo_1950.rds
simplified_Eldo_1951.rds
simplified_Eldo_1952.rds
simplified_Eldo_1953.rds
simplified_Eldo_1954.rds
simplified_Eldo_1955.rds
simplified_Eldo_1956.rds
simplified_Eldo_1957.rds
simplified_Eldo_1958.rds
simplified_Eldo_1959.rds
simplified_Eldo_1960.rds
simplified_Eldo_1961.rds
simplified_Eldo_1962.rds
simplified_Eldo_1963.rds
simplified_Eldo_1964.rds
simplified_Eldo_2005.rds
simplified_Eldo_2006.rds
simplified_Eldo_2007.rds
simplified_Eldo_2008.rds
simplified_Eldo_2009.rds
simplified_Eldo_2010.rds
simplified_Eldo_2011.rds
simplified_Eldo_2012.rds
simplified_Eldo_2013.rds
simplified_Eldo_2014.rds
simplified_Eldo_2015.rds
simplified_Eldo_2016.rds
simplified_Eldo_2017.rds
simplified_Eldo_2018.rds
simplified_Eldo_2019.rds
simplified_Eldo_2020.rds
simplified_Eldo_2021.rds
simplified_Eldo_2022.rds
simplified_Eldo_2023.rds
simplified_Eldo_2024.rds
Processing batch 1/12 (rows 1-1000)
  Calculated 1000 temperatures. Range: -0.83 to 51.42
Processing batch 2/12 (rows 1001-2000)
  Calculated 1000 temperatures. Range: 5.09 to 52.18
Processing batch 3/12 (rows 2001-3000)
  Calculated 1000 temperatures. Range: 0.54 to 43.02
Processing batch 4/12 (rows 3001-4000)
  Calculated 1000 temperatures. Range: 6.39 to 44.24
Processing batch 5/12 (rows 4001-5000)
  Calculated 1000 temperatures. Range: 1.11 to 39.85
Processing batch 6/12 (rows 5001-6000)
  Calculated 1000 temperatures. Range: 4.84 to 20.19
Processing batch 7/12 (rows 6001-7000)
  Calculated 1000 temperatures. Range: 1.48 to 21.77
Processing batch 8/12 (rows 7001-8000)
  Calculated 1000 temperatures. Range: 3.77 to 24.55
Processing batch 9/12 (rows 8001-9000)
  Calculated 1000 temperatures. Range: 3.64 to 36.61
Processing batch 10/12 (rows 9001-10000)
  Calculated 1000 temperatures. Range: 0.66 to 36.62
Processing batch 11/12 (rows 10001-11000)
  Calculated 1000 temperatures. Range: 4.98 to 39.98
Processing batch 12/12 (rows 11001-11035)
  Calculated 35 temperatures. Range: 4.96 to 31.67
Total observations: 11035, Unique timestamps: 2207
MR parameters: mass=0.29, elev=2591.0, b0=16.50, b1=0.85, b2=-0.47, b3=0.000108
Sample tb=280.31 K, log(mass)=-1.2379, 1/(kT)=41.386555, exponent=-3.7240, rmr=0.024136
Sample tb=315.29 K, log(mass)=-1.2379, 1/(kT)=36.793966, exponent=-1.5655, rmr=0.208977
Sample tb=288.28 K, log(mass)=-1.2379, 1/(kT)=40.241897, exponent=-3.1861, rmr=0.041335
Sample tb=291.87 K, log(mass)=-1.2379, 1/(kT)=39.747455, exponent=-2.9537, rmr=0.052148
Sample tb=282.77 K, log(mass)=-1.2379, 1/(kT)=41.025364, exponent=-3.5543, rmr=0.028602
MR results: 0 NA, 0 infinite, 0 negative, 0 zero
Energy calculations: 6907 non-zero gains, 11035 non-zero losses out of 11035 observations
Saved results to output/results/B1/2014/F/eb_results_MS_2014_B1_Eldo.rds

Processing: Species=MS, Year=2015, Origin=B1, Climate=Eldo, Sex=F
Looking for climate data at: /mmfs1/gscratch/biology/jmsmith/targeted_microclimate/Eldo/simplified_Eldo_2015.rds
Directory /mmfs1/gscratch/biology/jmsmith/targeted_microclimate/Eldo exists. Contents:
simplified_Eldo_1945.rds
simplified_Eldo_1946.rds
simplified_Eldo_1947.rds
simplified_Eldo_1948.rds
simplified_Eldo_1949.rds
simplified_Eldo_1950.rds
simplified_Eldo_1951.rds
simplified_Eldo_1952.rds
simplified_Eldo_1953.rds
simplified_Eldo_1954.rds
simplified_Eldo_1955.rds
simplified_Eldo_1956.rds
simplified_Eldo_1957.rds
simplified_Eldo_1958.rds
simplified_Eldo_1959.rds
simplified_Eldo_1960.rds
simplified_Eldo_1961.rds
simplified_Eldo_1962.rds
simplified_Eldo_1963.rds
simplified_Eldo_1964.rds
simplified_Eldo_2005.rds
simplified_Eldo_2006.rds
simplified_Eldo_2007.rds
simplified_Eldo_2008.rds
simplified_Eldo_2009.rds
simplified_Eldo_2010.rds
simplified_Eldo_2011.rds
simplified_Eldo_2012.rds
simplified_Eldo_2013.rds
simplified_Eldo_2014.rds
simplified_Eldo_2015.rds
simplified_Eldo_2016.rds
simplified_Eldo_2017.rds
simplified_Eldo_2018.rds
simplified_Eldo_2019.rds
simplified_Eldo_2020.rds
simplified_Eldo_2021.rds
simplified_Eldo_2022.rds
simplified_Eldo_2023.rds
simplified_Eldo_2024.rds
Processing batch 1/12 (rows 1-1000)
  Calculated 1000 temperatures. Range: 2.78 to 50.32
Processing batch 2/12 (rows 1001-2000)
  Calculated 1000 temperatures. Range: 2.16 to 49.87
Processing batch 3/12 (rows 2001-3000)
  Calculated 1000 temperatures. Range: 1.42 to 55.16
Processing batch 4/12 (rows 3001-4000)
  Calculated 1000 temperatures. Range: 6.19 to 40.79
Processing batch 5/12 (rows 4001-5000)
  Calculated 1000 temperatures. Range: 2.94 to 45.32
Processing batch 6/12 (rows 5001-6000)
  Calculated 1000 temperatures. Range: 6.05 to 21.24
Processing batch 7/12 (rows 6001-7000)
  Calculated 1000 temperatures. Range: 3.46 to 20.98
Processing batch 8/12 (rows 7001-8000)
  Calculated 1000 temperatures. Range: 7.02 to 24.88
Processing batch 9/12 (rows 8001-9000)
  Calculated 1000 temperatures. Range: 4.13 to 32.36
Processing batch 10/12 (rows 9001-10000)
  Calculated 1000 temperatures. Range: 4.15 to 36.61
Processing batch 11/12 (rows 10001-11000)
  Calculated 1000 temperatures. Range: 2.99 to 37.06
Processing batch 12/12 (rows 11001-11035)
  Calculated 35 temperatures. Range: 8.45 to 35.65
Total observations: 11035, Unique timestamps: 2207
MR parameters: mass=0.29, elev=2591.0, b0=16.50, b1=0.85, b2=-0.47, b3=0.000108
Sample tb=281.84 K, log(mass)=-1.2379, 1/(kT)=41.161058, exponent=-3.6181, rmr=0.026835
Sample tb=279.67 K, log(mass)=-1.2379, 1/(kT)=41.481062, exponent=-3.7685, rmr=0.023087
Sample tb=281.93 K, log(mass)=-1.2379, 1/(kT)=41.148376, exponent=-3.6121, rmr=0.026995
Sample tb=290.45 K, log(mass)=-1.2379, 1/(kT)=39.941638, exponent=-3.0449, rmr=0.047599
Sample tb=298.61 K, log(mass)=-1.2379, 1/(kT)=38.849529, exponent=-2.5316, rmr=0.079528
MR results: 0 NA, 0 infinite, 0 negative, 0 zero
Energy calculations: 7591 non-zero gains, 11035 non-zero losses out of 11035 observations
Saved results to output/results/B1/2015/F/eb_results_MS_2015_B1_Eldo.rds

Processing: Species=MS, Year=2016, Origin=B1, Climate=Eldo, Sex=F
Looking for climate data at: /mmfs1/gscratch/biology/jmsmith/targeted_microclimate/Eldo/simplified_Eldo_2016.rds
Directory /mmfs1/gscratch/biology/jmsmith/targeted_microclimate/Eldo exists. Contents:
simplified_Eldo_1945.rds
simplified_Eldo_1946.rds
simplified_Eldo_1947.rds
simplified_Eldo_1948.rds
simplified_Eldo_1949.rds
simplified_Eldo_1950.rds
simplified_Eldo_1951.rds
simplified_Eldo_1952.rds
simplified_Eldo_1953.rds
simplified_Eldo_1954.rds
simplified_Eldo_1955.rds
simplified_Eldo_1956.rds
simplified_Eldo_1957.rds
simplified_Eldo_1958.rds
simplified_Eldo_1959.rds
simplified_Eldo_1960.rds
simplified_Eldo_1961.rds
simplified_Eldo_1962.rds
simplified_Eldo_1963.rds
simplified_Eldo_1964.rds
simplified_Eldo_2005.rds
simplified_Eldo_2006.rds
simplified_Eldo_2007.rds
simplified_Eldo_2008.rds
simplified_Eldo_2009.rds
simplified_Eldo_2010.rds
simplified_Eldo_2011.rds
simplified_Eldo_2012.rds
simplified_Eldo_2013.rds
simplified_Eldo_2014.rds
simplified_Eldo_2015.rds
simplified_Eldo_2016.rds
simplified_Eldo_2017.rds
simplified_Eldo_2018.rds
simplified_Eldo_2019.rds
simplified_Eldo_2020.rds
simplified_Eldo_2021.rds
simplified_Eldo_2022.rds
simplified_Eldo_2023.rds
simplified_Eldo_2024.rds
Processing batch 1/12 (rows 1-1000)
  Calculated 1000 temperatures. Range: 2.94 to 60.00
Processing batch 2/12 (rows 1001-2000)
  Calculated 1000 temperatures. Range: 2.03 to 50.99
Processing batch 3/12 (rows 2001-3000)
  Calculated 1000 temperatures. Range: 1.18 to 49.64
Processing batch 4/12 (rows 3001-4000)
  Calculated 1000 temperatures. Range: 5.68 to 44.22
Processing batch 5/12 (rows 4001-5000)
  Calculated 1000 temperatures. Range: 2.39 to 35.99
Processing batch 6/12 (rows 5001-6000)
  Calculated 1000 temperatures. Range: 5.11 to 20.86
Processing batch 7/12 (rows 6001-7000)
  Calculated 1000 temperatures. Range: 3.13 to 23.31
Processing batch 8/12 (rows 7001-8000)
  Calculated 1000 temperatures. Range: 6.72 to 26.58
Processing batch 9/12 (rows 8001-9000)
  Calculated 1000 temperatures. Range: 3.55 to 31.23
Processing batch 10/12 (rows 9001-10000)
  Calculated 1000 temperatures. Range: 4.43 to 39.25
Processing batch 11/12 (rows 10001-11000)
  Calculated 1000 temperatures. Range: 2.58 to 35.72
Processing batch 12/12 (rows 11001-11035)
  Calculated 35 temperatures. Range: 5.44 to 25.11
Total observations: 11035, Unique timestamps: 2207
MR parameters: mass=0.29, elev=2591.0, b0=16.50, b1=0.85, b2=-0.47, b3=0.000108
Sample tb=289.63 K, log(mass)=-1.2379, 1/(kT)=40.054187, exponent=-3.0978, rmr=0.045147
Sample tb=280.49 K, log(mass)=-1.2379, 1/(kT)=41.359756, exponent=-3.7115, rmr=0.024442
Sample tb=282.38 K, log(mass)=-1.2379, 1/(kT)=41.082283, exponent=-3.5810, rmr=0.027847
Sample tb=283.71 K, log(mass)=-1.2379, 1/(kT)=40.890693, exponent=-3.4910, rmr=0.030471
Sample tb=288.44 K, log(mass)=-1.2379, 1/(kT)=40.220191, exponent=-3.1759, rmr=0.041758
MR results: 0 NA, 0 infinite, 0 negative, 0 zero
Energy calculations: 7631 non-zero gains, 11035 non-zero losses out of 11035 observations
Saved results to output/results/B1/2016/F/eb_results_MS_2016_B1_Eldo.rds

Processing: Species=MS, Year=2017, Origin=B1, Climate=Eldo, Sex=F
Looking for climate data at: /mmfs1/gscratch/biology/jmsmith/targeted_microclimate/Eldo/simplified_Eldo_2017.rds
Directory /mmfs1/gscratch/biology/jmsmith/targeted_microclimate/Eldo exists. Contents:
simplified_Eldo_1945.rds
simplified_Eldo_1946.rds
simplified_Eldo_1947.rds
simplified_Eldo_1948.rds
simplified_Eldo_1949.rds
simplified_Eldo_1950.rds
simplified_Eldo_1951.rds
simplified_Eldo_1952.rds
simplified_Eldo_1953.rds
simplified_Eldo_1954.rds
simplified_Eldo_1955.rds
simplified_Eldo_1956.rds
simplified_Eldo_1957.rds
simplified_Eldo_1958.rds
simplified_Eldo_1959.rds
simplified_Eldo_1960.rds
simplified_Eldo_1961.rds
simplified_Eldo_1962.rds
simplified_Eldo_1963.rds
simplified_Eldo_1964.rds
simplified_Eldo_2005.rds
simplified_Eldo_2006.rds
simplified_Eldo_2007.rds
simplified_Eldo_2008.rds
simplified_Eldo_2009.rds
simplified_Eldo_2010.rds
simplified_Eldo_2011.rds
simplified_Eldo_2012.rds
simplified_Eldo_2013.rds
simplified_Eldo_2014.rds
simplified_Eldo_2015.rds
simplified_Eldo_2016.rds
simplified_Eldo_2017.rds
simplified_Eldo_2018.rds
simplified_Eldo_2019.rds
simplified_Eldo_2020.rds
simplified_Eldo_2021.rds
simplified_Eldo_2022.rds
simplified_Eldo_2023.rds
simplified_Eldo_2024.rds
Processing batch 1/12 (rows 1-1000)
  Calculated 1000 temperatures. Range: 0.81 to 52.24
Processing batch 2/12 (rows 1001-2000)
  Calculated 1000 temperatures. Range: 4.86 to 51.69
Processing batch 3/12 (rows 2001-3000)
  Calculated 1000 temperatures. Range: 3.05 to 45.99
Processing batch 4/12 (rows 3001-4000)
  Calculated 1000 temperatures. Range: 5.78 to 43.64
Processing batch 5/12 (rows 4001-5000)
  Calculated 1000 temperatures. Range: 2.89 to 38.24
Processing batch 6/12 (rows 5001-6000)
  Calculated 1000 temperatures. Range: 4.24 to 21.93
Processing batch 7/12 (rows 6001-7000)
  Calculated 1000 temperatures. Range: 4.25 to 23.76
Processing batch 8/12 (rows 7001-8000)
  Calculated 1000 temperatures. Range: 4.94 to 25.86
Processing batch 9/12 (rows 8001-9000)
  Calculated 1000 temperatures. Range: 3.69 to 29.29
Processing batch 10/12 (rows 9001-10000)
  Calculated 1000 temperatures. Range: 2.66 to 38.57
Processing batch 11/12 (rows 10001-11000)
  Calculated 1000 temperatures. Range: 5.97 to 38.06
Processing batch 12/12 (rows 11001-11035)
  Calculated 35 temperatures. Range: 7.18 to 30.68
Total observations: 11035, Unique timestamps: 2207
MR parameters: mass=0.29, elev=2591.0, b0=16.50, b1=0.85, b2=-0.47, b3=0.000108
Sample tb=282.76 K, log(mass)=-1.2379, 1/(kT)=41.027617, exponent=-3.5553, rmr=0.028572
Sample tb=292.35 K, log(mass)=-1.2379, 1/(kT)=39.681931, exponent=-2.9229, rmr=0.053779
Sample tb=282.17 K, log(mass)=-1.2379, 1/(kT)=41.113562, exponent=-3.5957, rmr=0.027440
Sample tb=279.41 K, log(mass)=-1.2379, 1/(kT)=41.519505, exponent=-3.7865, rmr=0.022674
Sample tb=276.96 K, log(mass)=-1.2379, 1/(kT)=41.885922, exponent=-3.9587, rmr=0.019087
MR results: 0 NA, 0 infinite, 0 negative, 0 zero
Energy calculations: 7450 non-zero gains, 11035 non-zero losses out of 11035 observations
Saved results to output/results/B1/2017/F/eb_results_MS_2017_B1_Eldo.rds

Processing: Species=MS, Year=2018, Origin=B1, Climate=Eldo, Sex=F
Looking for climate data at: /mmfs1/gscratch/biology/jmsmith/targeted_microclimate/Eldo/simplified_Eldo_2018.rds
Directory /mmfs1/gscratch/biology/jmsmith/targeted_microclimate/Eldo exists. Contents:
simplified_Eldo_1945.rds
simplified_Eldo_1946.rds
simplified_Eldo_1947.rds
simplified_Eldo_1948.rds
simplified_Eldo_1949.rds
simplified_Eldo_1950.rds
simplified_Eldo_1951.rds
simplified_Eldo_1952.rds
simplified_Eldo_1953.rds
simplified_Eldo_1954.rds
simplified_Eldo_1955.rds
simplified_Eldo_1956.rds
simplified_Eldo_1957.rds
simplified_Eldo_1958.rds
simplified_Eldo_1959.rds
simplified_Eldo_1960.rds
simplified_Eldo_1961.rds
simplified_Eldo_1962.rds
simplified_Eldo_1963.rds
simplified_Eldo_1964.rds
simplified_Eldo_2005.rds
simplified_Eldo_2006.rds
simplified_Eldo_2007.rds
simplified_Eldo_2008.rds
simplified_Eldo_2009.rds
simplified_Eldo_2010.rds
simplified_Eldo_2011.rds
simplified_Eldo_2012.rds
simplified_Eldo_2013.rds
simplified_Eldo_2014.rds
simplified_Eldo_2015.rds
simplified_Eldo_2016.rds
simplified_Eldo_2017.rds
simplified_Eldo_2018.rds
simplified_Eldo_2019.rds
simplified_Eldo_2020.rds
simplified_Eldo_2021.rds
simplified_Eldo_2022.rds
simplified_Eldo_2023.rds
simplified_Eldo_2024.rds
Processing batch 1/12 (rows 1-1000)
  Calculated 1000 temperatures. Range: 1.68 to 60.00
Processing batch 2/12 (rows 1001-2000)
  Calculated 1000 temperatures. Range: 2.66 to 45.76
Processing batch 3/12 (rows 2001-3000)
  Calculated 1000 temperatures. Range: 3.01 to 49.55
Processing batch 4/12 (rows 3001-4000)
  Calculated 1000 temperatures. Range: 6.31 to 41.02
Processing batch 5/12 (rows 4001-5000)
  Calculated 1000 temperatures. Range: 2.85 to 39.66
Processing batch 6/12 (rows 5001-6000)
  Calculated 1000 temperatures. Range: 4.38 to 21.73
Processing batch 7/12 (rows 6001-7000)
  Calculated 1000 temperatures. Range: 3.54 to 23.72
Processing batch 8/12 (rows 7001-8000)
  Calculated 1000 temperatures. Range: 5.14 to 26.48
Processing batch 9/12 (rows 8001-9000)
  Calculated 1000 temperatures. Range: 3.01 to 45.99
Processing batch 10/12 (rows 9001-10000)
  Calculated 1000 temperatures. Range: 3.79 to 37.31
Processing batch 11/12 (rows 10001-11000)
  Calculated 1000 temperatures. Range: 3.87 to 35.33
Processing batch 12/12 (rows 11001-11035)
  Calculated 35 temperatures. Range: 7.34 to 33.44
Total observations: 11035, Unique timestamps: 2207
MR parameters: mass=0.29, elev=2591.0, b0=16.50, b1=0.85, b2=-0.47, b3=0.000108
Sample tb=292.83 K, log(mass)=-1.2379, 1/(kT)=39.616265, exponent=-2.8920, rmr=0.055465
Sample tb=295.15 K, log(mass)=-1.2379, 1/(kT)=39.305464, exponent=-2.7459, rmr=0.064188
Sample tb=280.58 K, log(mass)=-1.2379, 1/(kT)=41.345821, exponent=-3.7049, rmr=0.024603
Sample tb=292.79 K, log(mass)=-1.2379, 1/(kT)=39.622143, exponent=-2.8948, rmr=0.055312
Sample tb=289.05 K, log(mass)=-1.2379, 1/(kT)=40.134623, exponent=-3.1356, rmr=0.043472
MR results: 0 NA, 0 infinite, 0 negative, 0 zero
Energy calculations: 7659 non-zero gains, 11035 non-zero losses out of 11035 observations
Saved results to output/results/B1/2018/F/eb_results_MS_2018_B1_Eldo.rds

Processing: Species=MS, Year=2019, Origin=B1, Climate=Eldo, Sex=F
Looking for climate data at: /mmfs1/gscratch/biology/jmsmith/targeted_microclimate/Eldo/simplified_Eldo_2019.rds
Directory /mmfs1/gscratch/biology/jmsmith/targeted_microclimate/Eldo exists. Contents:
simplified_Eldo_1945.rds
simplified_Eldo_1946.rds
simplified_Eldo_1947.rds
simplified_Eldo_1948.rds
simplified_Eldo_1949.rds
simplified_Eldo_1950.rds
simplified_Eldo_1951.rds
simplified_Eldo_1952.rds
simplified_Eldo_1953.rds
simplified_Eldo_1954.rds
simplified_Eldo_1955.rds
simplified_Eldo_1956.rds
simplified_Eldo_1957.rds
simplified_Eldo_1958.rds
simplified_Eldo_1959.rds
simplified_Eldo_1960.rds
simplified_Eldo_1961.rds
simplified_Eldo_1962.rds
simplified_Eldo_1963.rds
simplified_Eldo_1964.rds
simplified_Eldo_2005.rds
simplified_Eldo_2006.rds
simplified_Eldo_2007.rds
simplified_Eldo_2008.rds
simplified_Eldo_2009.rds
simplified_Eldo_2010.rds
simplified_Eldo_2011.rds
simplified_Eldo_2012.rds
simplified_Eldo_2013.rds
simplified_Eldo_2014.rds
simplified_Eldo_2015.rds
simplified_Eldo_2016.rds
simplified_Eldo_2017.rds
simplified_Eldo_2018.rds
simplified_Eldo_2019.rds
simplified_Eldo_2020.rds
simplified_Eldo_2021.rds
simplified_Eldo_2022.rds
simplified_Eldo_2023.rds
simplified_Eldo_2024.rds
Processing batch 1/12 (rows 1-1000)
  Calculated 1000 temperatures. Range: 0.12 to 52.74
Processing batch 2/12 (rows 1001-2000)
  Calculated 1000 temperatures. Range: 3.91 to 55.30
Processing batch 3/12 (rows 2001-3000)
  Calculated 1000 temperatures. Range: 0.71 to 43.38
Processing batch 4/12 (rows 3001-4000)
  Calculated 1000 temperatures. Range: 6.78 to 46.19
Processing batch 5/12 (rows 4001-5000)
  Calculated 1000 temperatures. Range: 1.16 to 45.46
Processing batch 6/12 (rows 5001-6000)
  Calculated 1000 temperatures. Range: 3.95 to 21.58
Processing batch 7/12 (rows 6001-7000)
  Calculated 1000 temperatures. Range: 1.30 to 20.85
Processing batch 8/12 (rows 7001-8000)
  Calculated 1000 temperatures. Range: 2.55 to 26.79
Processing batch 9/12 (rows 8001-9000)
  Calculated 1000 temperatures. Range: 3.71 to 30.11
Processing batch 10/12 (rows 9001-10000)
  Calculated 1000 temperatures. Range: 1.00 to 40.52
Processing batch 11/12 (rows 10001-11000)
  Calculated 1000 temperatures. Range: 5.51 to 37.86
Processing batch 12/12 (rows 11001-11035)
  Calculated 35 temperatures. Range: 7.88 to 30.43
Total observations: 11035, Unique timestamps: 2207
MR parameters: mass=0.29, elev=2591.0, b0=16.50, b1=0.85, b2=-0.47, b3=0.000108
Sample tb=299.41 K, log(mass)=-1.2379, 1/(kT)=38.746239, exponent=-2.4831, rmr=0.083484
Sample tb=278.39 K, log(mass)=-1.2379, 1/(kT)=41.670808, exponent=-3.8576, rmr=0.021118
Sample tb=286.65 K, log(mass)=-1.2379, 1/(kT)=40.470008, exponent=-3.2933, rmr=0.037132
Sample tb=297.31 K, log(mass)=-1.2379, 1/(kT)=39.019318, exponent=-2.6114, rmr=0.073428
Sample tb=301.18 K, log(mass)=-1.2379, 1/(kT)=38.518433, exponent=-2.3760, rmr=0.092919
MR results: 0 NA, 0 infinite, 0 negative, 0 zero
Energy calculations: 7559 non-zero gains, 11035 non-zero losses out of 11035 observations
Saved results to output/results/B1/2019/F/eb_results_MS_2019_B1_Eldo.rds

Processing: Species=MS, Year=2020, Origin=B1, Climate=Eldo, Sex=F
Looking for climate data at: /mmfs1/gscratch/biology/jmsmith/targeted_microclimate/Eldo/simplified_Eldo_2020.rds
Directory /mmfs1/gscratch/biology/jmsmith/targeted_microclimate/Eldo exists. Contents:
simplified_Eldo_1945.rds
simplified_Eldo_1946.rds
simplified_Eldo_1947.rds
simplified_Eldo_1948.rds
simplified_Eldo_1949.rds
simplified_Eldo_1950.rds
simplified_Eldo_1951.rds
simplified_Eldo_1952.rds
simplified_Eldo_1953.rds
simplified_Eldo_1954.rds
simplified_Eldo_1955.rds
simplified_Eldo_1956.rds
simplified_Eldo_1957.rds
simplified_Eldo_1958.rds
simplified_Eldo_1959.rds
simplified_Eldo_1960.rds
simplified_Eldo_1961.rds
simplified_Eldo_1962.rds
simplified_Eldo_1963.rds
simplified_Eldo_1964.rds
simplified_Eldo_2005.rds
simplified_Eldo_2006.rds
simplified_Eldo_2007.rds
simplified_Eldo_2008.rds
simplified_Eldo_2009.rds
simplified_Eldo_2010.rds
simplified_Eldo_2011.rds
simplified_Eldo_2012.rds
simplified_Eldo_2013.rds
simplified_Eldo_2014.rds
simplified_Eldo_2015.rds
simplified_Eldo_2016.rds
simplified_Eldo_2017.rds
simplified_Eldo_2018.rds
simplified_Eldo_2019.rds
simplified_Eldo_2020.rds
simplified_Eldo_2021.rds
simplified_Eldo_2022.rds
simplified_Eldo_2023.rds
simplified_Eldo_2024.rds
Processing batch 1/12 (rows 1-1000)
  Calculated 1000 temperatures. Range: -0.22 to 54.76
Processing batch 2/12 (rows 1001-2000)
  Calculated 1000 temperatures. Range: 4.90 to 55.75
Processing batch 3/12 (rows 2001-3000)
  Calculated 1000 temperatures. Range: 1.63 to 44.65
Processing batch 4/12 (rows 3001-4000)
  Calculated 1000 temperatures. Range: 6.55 to 46.63
Processing batch 5/12 (rows 4001-5000)
  Calculated 1000 temperatures. Range: 1.61 to 41.43
Processing batch 6/12 (rows 5001-6000)
  Calculated 1000 temperatures. Range: 2.97 to 21.29
Processing batch 7/12 (rows 6001-7000)
  Calculated 1000 temperatures. Range: 2.51 to 23.63
Processing batch 8/12 (rows 7001-8000)
  Calculated 1000 temperatures. Range: 3.18 to 26.00
Processing batch 9/12 (rows 8001-9000)
  Calculated 1000 temperatures. Range: 3.78 to 35.90
Processing batch 10/12 (rows 9001-10000)
  Calculated 1000 temperatures. Range: 1.45 to 38.56
Processing batch 11/12 (rows 10001-11000)
  Calculated 1000 temperatures. Range: 6.69 to 41.36
Processing batch 12/12 (rows 11001-11035)
  Calculated 35 temperatures. Range: 3.11 to 29.90
Total observations: 11035, Unique timestamps: 2207
MR parameters: mass=0.29, elev=2591.0, b0=16.50, b1=0.85, b2=-0.47, b3=0.000108
Sample tb=303.01 K, log(mass)=-1.2379, 1/(kT)=38.285371, exponent=-2.2665, rmr=0.103675
Sample tb=285.35 K, log(mass)=-1.2379, 1/(kT)=40.654380, exponent=-3.3799, rmr=0.034050
Sample tb=296.71 K, log(mass)=-1.2379, 1/(kT)=39.098079, exponent=-2.6485, rmr=0.070760
Sample tb=282.35 K, log(mass)=-1.2379, 1/(kT)=41.086856, exponent=-3.5832, rmr=0.027787
Sample tb=295.97 K, log(mass)=-1.2379, 1/(kT)=39.196532, exponent=-2.6947, rmr=0.067560
MR results: 0 NA, 0 infinite, 0 negative, 0 zero
Energy calculations: 7699 non-zero gains, 11035 non-zero losses out of 11035 observations
Saved results to output/results/B1/2020/F/eb_results_MS_2020_B1_Eldo.rds

Processing: Species=MS, Year=2021, Origin=B1, Climate=Eldo, Sex=F
Looking for climate data at: /mmfs1/gscratch/biology/jmsmith/targeted_microclimate/Eldo/simplified_Eldo_2021.rds
Directory /mmfs1/gscratch/biology/jmsmith/targeted_microclimate/Eldo exists. Contents:
simplified_Eldo_1945.rds
simplified_Eldo_1946.rds
simplified_Eldo_1947.rds
simplified_Eldo_1948.rds
simplified_Eldo_1949.rds
simplified_Eldo_1950.rds
simplified_Eldo_1951.rds
simplified_Eldo_1952.rds
simplified_Eldo_1953.rds
simplified_Eldo_1954.rds
simplified_Eldo_1955.rds
simplified_Eldo_1956.rds
simplified_Eldo_1957.rds
simplified_Eldo_1958.rds
simplified_Eldo_1959.rds
simplified_Eldo_1960.rds
simplified_Eldo_1961.rds
simplified_Eldo_1962.rds
simplified_Eldo_1963.rds
simplified_Eldo_1964.rds
simplified_Eldo_2005.rds
simplified_Eldo_2006.rds
simplified_Eldo_2007.rds
simplified_Eldo_2008.rds
simplified_Eldo_2009.rds
simplified_Eldo_2010.rds
simplified_Eldo_2011.rds
simplified_Eldo_2012.rds
simplified_Eldo_2013.rds
simplified_Eldo_2014.rds
simplified_Eldo_2015.rds
simplified_Eldo_2016.rds
simplified_Eldo_2017.rds
simplified_Eldo_2018.rds
simplified_Eldo_2019.rds
simplified_Eldo_2020.rds
simplified_Eldo_2021.rds
simplified_Eldo_2022.rds
simplified_Eldo_2023.rds
simplified_Eldo_2024.rds
Processing batch 1/12 (rows 1-1000)
  Calculated 1000 temperatures. Range: 0.81 to 53.93
Processing batch 2/12 (rows 1001-2000)
  Calculated 1000 temperatures. Range: 5.27 to 53.16
Processing batch 3/12 (rows 2001-3000)
  Calculated 1000 temperatures. Range: 1.32 to 46.58
Processing batch 4/12 (rows 3001-4000)
  Calculated 1000 temperatures. Range: 6.63 to 45.75
Processing batch 5/12 (rows 4001-5000)
  Calculated 1000 temperatures. Range: 1.89 to 39.83
Processing batch 6/12 (rows 5001-6000)
  Calculated 1000 temperatures. Range: 4.78 to 21.73
Processing batch 7/12 (rows 6001-7000)
  Calculated 1000 temperatures. Range: 1.91 to 25.67
Processing batch 8/12 (rows 7001-8000)
  Calculated 1000 temperatures. Range: 5.39 to 25.94
Processing batch 9/12 (rows 8001-9000)
  Calculated 1000 temperatures. Range: 1.67 to 33.65
Processing batch 10/12 (rows 9001-10000)
  Calculated 1000 temperatures. Range: 2.20 to 40.35
Processing batch 11/12 (rows 10001-11000)
  Calculated 1000 temperatures. Range: 6.57 to 38.77
Processing batch 12/12 (rows 11001-11035)
  Calculated 35 temperatures. Range: 6.50 to 34.77
Total observations: 11035, Unique timestamps: 2207
MR parameters: mass=0.29, elev=2591.0, b0=16.50, b1=0.85, b2=-0.47, b3=0.000108
Sample tb=304.69 K, log(mass)=-1.2379, 1/(kT)=38.074861, exponent=-2.1675, rmr=0.114458
Sample tb=299.60 K, log(mass)=-1.2379, 1/(kT)=38.721932, exponent=-2.4717, rmr=0.084443
Sample tb=297.70 K, log(mass)=-1.2379, 1/(kT)=38.968712, exponent=-2.5877, rmr=0.075196
Sample tb=292.88 K, log(mass)=-1.2379, 1/(kT)=39.609319, exponent=-2.8887, rmr=0.055646
Sample tb=298.74 K, log(mass)=-1.2379, 1/(kT)=38.832550, exponent=-2.5237, rmr=0.080165
MR results: 0 NA, 0 infinite, 0 negative, 0 zero
Energy calculations: 7762 non-zero gains, 11035 non-zero losses out of 11035 observations
Saved results to output/results/B1/2021/F/eb_results_MS_2021_B1_Eldo.rds

Processing: Species=MS, Year=2022, Origin=B1, Climate=Eldo, Sex=F
Looking for climate data at: /mmfs1/gscratch/biology/jmsmith/targeted_microclimate/Eldo/simplified_Eldo_2022.rds
Directory /mmfs1/gscratch/biology/jmsmith/targeted_microclimate/Eldo exists. Contents:
simplified_Eldo_1945.rds
simplified_Eldo_1946.rds
simplified_Eldo_1947.rds
simplified_Eldo_1948.rds
simplified_Eldo_1949.rds
simplified_Eldo_1950.rds
simplified_Eldo_1951.rds
simplified_Eldo_1952.rds
simplified_Eldo_1953.rds
simplified_Eldo_1954.rds
simplified_Eldo_1955.rds
simplified_Eldo_1956.rds
simplified_Eldo_1957.rds
simplified_Eldo_1958.rds
simplified_Eldo_1959.rds
simplified_Eldo_1960.rds
simplified_Eldo_1961.rds
simplified_Eldo_1962.rds
simplified_Eldo_1963.rds
simplified_Eldo_1964.rds
simplified_Eldo_2005.rds
simplified_Eldo_2006.rds
simplified_Eldo_2007.rds
simplified_Eldo_2008.rds
simplified_Eldo_2009.rds
simplified_Eldo_2010.rds
simplified_Eldo_2011.rds
simplified_Eldo_2012.rds
simplified_Eldo_2013.rds
simplified_Eldo_2014.rds
simplified_Eldo_2015.rds
simplified_Eldo_2016.rds
simplified_Eldo_2017.rds
simplified_Eldo_2018.rds
simplified_Eldo_2019.rds
simplified_Eldo_2020.rds
simplified_Eldo_2021.rds
simplified_Eldo_2022.rds
simplified_Eldo_2023.rds
simplified_Eldo_2024.rds
Processing batch 1/12 (rows 1-1000)
  Calculated 1000 temperatures. Range: 1.34 to 54.22
Processing batch 2/12 (rows 1001-2000)
  Calculated 1000 temperatures. Range: 5.80 to 55.14
Processing batch 3/12 (rows 2001-3000)
  Calculated 1000 temperatures. Range: 1.46 to 44.67
Processing batch 4/12 (rows 3001-4000)
  Calculated 1000 temperatures. Range: 8.30 to 46.95
Processing batch 5/12 (rows 4001-5000)
  Calculated 1000 temperatures. Range: 1.74 to 38.13
Processing batch 6/12 (rows 5001-6000)
  Calculated 1000 temperatures. Range: 5.14 to 22.21
Processing batch 7/12 (rows 6001-7000)
  Calculated 1000 temperatures. Range: 1.67 to 25.06
Processing batch 8/12 (rows 7001-8000)
  Calculated 1000 temperatures. Range: 5.10 to 26.21
Processing batch 9/12 (rows 8001-9000)
  Calculated 1000 temperatures. Range: 1.80 to 33.24
Processing batch 10/12 (rows 9001-10000)
  Calculated 1000 temperatures. Range: 3.33 to 41.63
Processing batch 11/12 (rows 10001-11000)
  Calculated 1000 temperatures. Range: 6.82 to 39.39
Processing batch 12/12 (rows 11001-11035)
  Calculated 35 temperatures. Range: 6.80 to 29.06
Total observations: 11035, Unique timestamps: 2207
MR parameters: mass=0.29, elev=2591.0, b0=16.50, b1=0.85, b2=-0.47, b3=0.000108
Sample tb=300.36 K, log(mass)=-1.2379, 1/(kT)=38.623861, exponent=-2.4256, rmr=0.088427
Sample tb=299.06 K, log(mass)=-1.2379, 1/(kT)=38.791177, exponent=-2.5042, rmr=0.081739
Sample tb=285.92 K, log(mass)=-1.2379, 1/(kT)=40.574717, exponent=-3.3425, rmr=0.035349
Sample tb=288.95 K, log(mass)=-1.2379, 1/(kT)=40.148335, exponent=-3.1421, rmr=0.043193
Sample tb=288.74 K, log(mass)=-1.2379, 1/(kT)=40.178298, exponent=-3.1562, rmr=0.042589
MR results: 0 NA, 0 infinite, 0 negative, 0 zero
Energy calculations: 8231 non-zero gains, 11035 non-zero losses out of 11035 observations
Saved results to output/results/B1/2022/F/eb_results_MS_2022_B1_Eldo.rds

Processing: Species=MS, Year=2023, Origin=B1, Climate=Eldo, Sex=F
Looking for climate data at: /mmfs1/gscratch/biology/jmsmith/targeted_microclimate/Eldo/simplified_Eldo_2023.rds
Directory /mmfs1/gscratch/biology/jmsmith/targeted_microclimate/Eldo exists. Contents:
simplified_Eldo_1945.rds
simplified_Eldo_1946.rds
simplified_Eldo_1947.rds
simplified_Eldo_1948.rds
simplified_Eldo_1949.rds
simplified_Eldo_1950.rds
simplified_Eldo_1951.rds
simplified_Eldo_1952.rds
simplified_Eldo_1953.rds
simplified_Eldo_1954.rds
simplified_Eldo_1955.rds
simplified_Eldo_1956.rds
simplified_Eldo_1957.rds
simplified_Eldo_1958.rds
simplified_Eldo_1959.rds
simplified_Eldo_1960.rds
simplified_Eldo_1961.rds
simplified_Eldo_1962.rds
simplified_Eldo_1963.rds
simplified_Eldo_1964.rds
simplified_Eldo_2005.rds
simplified_Eldo_2006.rds
simplified_Eldo_2007.rds
simplified_Eldo_2008.rds
simplified_Eldo_2009.rds
simplified_Eldo_2010.rds
simplified_Eldo_2011.rds
simplified_Eldo_2012.rds
simplified_Eldo_2013.rds
simplified_Eldo_2014.rds
simplified_Eldo_2015.rds
simplified_Eldo_2016.rds
simplified_Eldo_2017.rds
simplified_Eldo_2018.rds
simplified_Eldo_2019.rds
simplified_Eldo_2020.rds
simplified_Eldo_2021.rds
simplified_Eldo_2022.rds
simplified_Eldo_2023.rds
simplified_Eldo_2024.rds
Processing batch 1/12 (rows 1-1000)
  Calculated 1000 temperatures. Range: 1.89 to 48.39
Processing batch 2/12 (rows 1001-2000)
  Calculated 1000 temperatures. Range: 4.37 to 55.27
Processing batch 3/12 (rows 2001-3000)
  Calculated 1000 temperatures. Range: 3.72 to 42.06
Processing batch 4/12 (rows 3001-4000)
  Calculated 1000 temperatures. Range: 5.38 to 45.88
Processing batch 5/12 (rows 4001-5000)
  Calculated 1000 temperatures. Range: 3.04 to 42.37
Processing batch 6/12 (rows 5001-6000)
  Calculated 1000 temperatures. Range: 4.99 to 21.64
Processing batch 7/12 (rows 6001-7000)
  Calculated 1000 temperatures. Range: 4.17 to 21.56
Processing batch 8/12 (rows 7001-8000)
  Calculated 1000 temperatures. Range: 4.51 to 25.89
Processing batch 9/12 (rows 8001-9000)
  Calculated 1000 temperatures. Range: 5.21 to 27.46
Processing batch 10/12 (rows 9001-10000)
  Calculated 1000 temperatures. Range: 3.44 to 39.26
Processing batch 11/12 (rows 10001-11000)
  Calculated 1000 temperatures. Range: 5.58 to 40.36
Processing batch 12/12 (rows 11001-11035)
  Calculated 35 temperatures. Range: 7.50 to 32.69
Total observations: 11035, Unique timestamps: 2207
MR parameters: mass=0.29, elev=2591.0, b0=16.50, b1=0.85, b2=-0.47, b3=0.000108
Sample tb=303.45 K, log(mass)=-1.2379, 1/(kT)=38.229970, exponent=-2.2405, rmr=0.106411
Sample tb=279.59 K, log(mass)=-1.2379, 1/(kT)=41.492030, exponent=-3.7736, rmr=0.022969
Sample tb=278.17 K, log(mass)=-1.2379, 1/(kT)=41.703821, exponent=-3.8732, rmr=0.020793
Sample tb=288.61 K, log(mass)=-1.2379, 1/(kT)=40.195690, exponent=-3.1643, rmr=0.042242
Sample tb=286.43 K, log(mass)=-1.2379, 1/(kT)=40.501769, exponent=-3.3082, rmr=0.036582
MR results: 0 NA, 0 infinite, 0 negative, 0 zero
Energy calculations: 7380 non-zero gains, 11035 non-zero losses out of 11035 observations
Saved results to output/results/B1/2023/F/eb_results_MS_2023_B1_Eldo.rds

Processing: Species=MS, Year=2024, Origin=B1, Climate=Eldo, Sex=F
Looking for climate data at: /mmfs1/gscratch/biology/jmsmith/targeted_microclimate/Eldo/simplified_Eldo_2024.rds
Directory /mmfs1/gscratch/biology/jmsmith/targeted_microclimate/Eldo exists. Contents:
simplified_Eldo_1945.rds
simplified_Eldo_1946.rds
simplified_Eldo_1947.rds
simplified_Eldo_1948.rds
simplified_Eldo_1949.rds
simplified_Eldo_1950.rds
simplified_Eldo_1951.rds
simplified_Eldo_1952.rds
simplified_Eldo_1953.rds
simplified_Eldo_1954.rds
simplified_Eldo_1955.rds
simplified_Eldo_1956.rds
simplified_Eldo_1957.rds
simplified_Eldo_1958.rds
simplified_Eldo_1959.rds
simplified_Eldo_1960.rds
simplified_Eldo_1961.rds
simplified_Eldo_1962.rds
simplified_Eldo_1963.rds
simplified_Eldo_1964.rds
simplified_Eldo_2005.rds
simplified_Eldo_2006.rds
simplified_Eldo_2007.rds
simplified_Eldo_2008.rds
simplified_Eldo_2009.rds
simplified_Eldo_2010.rds
simplified_Eldo_2011.rds
simplified_Eldo_2012.rds
simplified_Eldo_2013.rds
simplified_Eldo_2014.rds
simplified_Eldo_2015.rds
simplified_Eldo_2016.rds
simplified_Eldo_2017.rds
simplified_Eldo_2018.rds
simplified_Eldo_2019.rds
simplified_Eldo_2020.rds
simplified_Eldo_2021.rds
simplified_Eldo_2022.rds
simplified_Eldo_2023.rds
simplified_Eldo_2024.rds
Processing batch 1/12 (rows 1-1000)
  Calculated 1000 temperatures. Range: 0.98 to 59.07
Processing batch 2/12 (rows 1001-2000)
  Calculated 1000 temperatures. Range: 5.52 to 50.40
Processing batch 3/12 (rows 2001-3000)
  Calculated 1000 temperatures. Range: 3.15 to 49.38
Processing batch 4/12 (rows 3001-4000)
  Calculated 1000 temperatures. Range: 4.90 to 42.90
Processing batch 5/12 (rows 4001-5000)
  Calculated 1000 temperatures. Range: 2.50 to 41.03
Processing batch 6/12 (rows 5001-6000)
  Calculated 1000 temperatures. Range: 4.54 to 21.07
Processing batch 7/12 (rows 6001-7000)
  Calculated 1000 temperatures. Range: 5.22 to 24.63
Processing batch 8/12 (rows 7001-8000)
  Calculated 1000 temperatures. Range: 3.99 to 26.37
Processing batch 9/12 (rows 8001-9000)
  Calculated 1000 temperatures. Range: 4.38 to 33.81
Processing batch 10/12 (rows 9001-10000)
  Calculated 1000 temperatures. Range: 2.70 to 43.34
Processing batch 11/12 (rows 10001-11000)
  Calculated 1000 temperatures. Range: 5.50 to 38.46
Processing batch 12/12 (rows 11001-11035)
  Calculated 35 temperatures. Range: 5.31 to 27.41
Total observations: 11035, Unique timestamps: 2207
MR parameters: mass=0.29, elev=2591.0, b0=16.50, b1=0.85, b2=-0.47, b3=0.000108
Sample tb=286.14 K, log(mass)=-1.2379, 1/(kT)=40.542695, exponent=-3.3274, rmr=0.035885
Sample tb=282.62 K, log(mass)=-1.2379, 1/(kT)=41.048497, exponent=-3.5652, rmr=0.028292
Sample tb=285.07 K, log(mass)=-1.2379, 1/(kT)=40.694836, exponent=-3.3989, rmr=0.033409
Sample tb=282.72 K, log(mass)=-1.2379, 1/(kT)=41.033420, exponent=-3.5581, rmr=0.028494
Sample tb=292.02 K, log(mass)=-1.2379, 1/(kT)=39.725858, exponent=-2.9435, rmr=0.052680
MR results: 0 NA, 0 infinite, 0 negative, 0 zero
Energy calculations: 8140 non-zero gains, 11035 non-zero losses out of 11035 observations
Saved results to output/results/B1/2024/F/eb_results_MS_2024_B1_Eldo.rds

All years processed.
