Arguments received:
Species: MS
Years: 2005, 2006, 2007, 2008, 2009, 2010, 2011, 2012, 2013, 2014, 2015, 2016, 2017, 2018, 2019, 2020, 2021, 2022, 2023, 2024
Origin site: A1
Climate site: A1
Sex: M
Output directory: output/results/A1
Library paths:
[1] "/gscratch/biology/jmsmith/R"                          
[2] "/mmfs1/home/smithju/R/x86_64-pc-linux-gnu-library/4.4"
[3] "/usr/local/lib/R/site-library"                        
[4] "/usr/local/lib/R/library"                             
Package tidyverse loaded successfully
Package TrenchR loaded successfully
Package rTPC loaded successfully
Package lubridate loaded successfully

Processing: Species=MS, Year=2005, Origin=A1, Climate=A1, Sex=M
Looking for climate data at: /mmfs1/gscratch/biology/jmsmith/targeted_microclimate/A1/simplified_A1_2005.rds
Directory /mmfs1/gscratch/biology/jmsmith/targeted_microclimate/A1 exists. Contents:
simplified_A1_1945.rds
simplified_A1_1946.rds
simplified_A1_1947.rds
simplified_A1_1948.rds
simplified_A1_1949.rds
simplified_A1_1950.rds
simplified_A1_1951.rds
simplified_A1_1952.rds
simplified_A1_1953.rds
simplified_A1_1954.rds
simplified_A1_1955.rds
simplified_A1_1956.rds
simplified_A1_1957.rds
simplified_A1_1958.rds
simplified_A1_1959.rds
simplified_A1_1960.rds
simplified_A1_1961.rds
simplified_A1_1962.rds
simplified_A1_1963.rds
simplified_A1_1964.rds
simplified_A1_2005.rds
simplified_A1_2006.rds
simplified_A1_2007.rds
simplified_A1_2008.rds
simplified_A1_2009.rds
simplified_A1_2010.rds
simplified_A1_2011.rds
simplified_A1_2012.rds
simplified_A1_2013.rds
simplified_A1_2014.rds
simplified_A1_2015.rds
simplified_A1_2016.rds
simplified_A1_2017.rds
simplified_A1_2018.rds
simplified_A1_2019.rds
simplified_A1_2020.rds
simplified_A1_2021.rds
simplified_A1_2022.rds
simplified_A1_2023.rds
simplified_A1_2024.rds
Processing batch 1/12 (rows 1-1000)
  Calculated 1000 temperatures. Range: 0.42 to 60.00
Processing batch 2/12 (rows 1001-2000)
  Calculated 1000 temperatures. Range: 4.82 to 60.00
Processing batch 3/12 (rows 2001-3000)
  Calculated 1000 temperatures. Range: 1.77 to 46.90
Processing batch 4/12 (rows 3001-4000)
  Calculated 1000 temperatures. Range: 5.82 to 54.14
Processing batch 5/12 (rows 4001-5000)
  Calculated 1000 temperatures. Range: 1.80 to 39.88
Processing batch 6/12 (rows 5001-6000)
  Calculated 1000 temperatures. Range: 4.77 to 39.32
Processing batch 7/12 (rows 6001-7000)
  Calculated 1000 temperatures. Range: 1.30 to 36.68
Processing batch 8/12 (rows 7001-8000)
  Calculated 1000 temperatures. Range: 4.29 to 22.54
Processing batch 9/12 (rows 8001-9000)
  Calculated 1000 temperatures. Range: 3.35 to 20.70
Processing batch 10/12 (rows 9001-10000)
  Calculated 1000 temperatures. Range: 2.71 to 27.11
Processing batch 11/12 (rows 10001-11000)
  Calculated 1000 temperatures. Range: 6.16 to 27.75
Processing batch 12/12 (rows 11001-11035)
  Calculated 35 temperatures. Range: 5.07 to 24.96
Total observations: 11035, Unique timestamps: 2207
MR parameters: mass=0.33, elev=2195.0, b0=16.50, b1=0.85, b2=-0.47, b3=0.000108
Sample tb=286.18 K, log(mass)=-1.1087, 1/(kT)=40.537768, exponent=-3.2581, rmr=0.038463
Sample tb=282.44 K, log(mass)=-1.1087, 1/(kT)=41.073825, exponent=-3.5100, rmr=0.029897
Sample tb=283.41 K, log(mass)=-1.1087, 1/(kT)=40.932987, exponent=-3.4438, rmr=0.031943
Sample tb=280.97 K, log(mass)=-1.1087, 1/(kT)=41.288313, exponent=-3.6108, rmr=0.027030
Sample tb=296.70 K, log(mass)=-1.1087, 1/(kT)=39.099386, exponent=-2.5820, rmr=0.075621
MR results: 0 NA, 0 infinite, 0 negative, 0 zero
Energy calculations: 6866 non-zero gains, 11035 non-zero losses out of 11035 observations
Saved results to output/results/A1/2005/M/eb_results_MS_2005_A1_A1.rds

Processing: Species=MS, Year=2006, Origin=A1, Climate=A1, Sex=M
Looking for climate data at: /mmfs1/gscratch/biology/jmsmith/targeted_microclimate/A1/simplified_A1_2006.rds
Directory /mmfs1/gscratch/biology/jmsmith/targeted_microclimate/A1 exists. Contents:
simplified_A1_1945.rds
simplified_A1_1946.rds
simplified_A1_1947.rds
simplified_A1_1948.rds
simplified_A1_1949.rds
simplified_A1_1950.rds
simplified_A1_1951.rds
simplified_A1_1952.rds
simplified_A1_1953.rds
simplified_A1_1954.rds
simplified_A1_1955.rds
simplified_A1_1956.rds
simplified_A1_1957.rds
simplified_A1_1958.rds
simplified_A1_1959.rds
simplified_A1_1960.rds
simplified_A1_1961.rds
simplified_A1_1962.rds
simplified_A1_1963.rds
simplified_A1_1964.rds
simplified_A1_2005.rds
simplified_A1_2006.rds
simplified_A1_2007.rds
simplified_A1_2008.rds
simplified_A1_2009.rds
simplified_A1_2010.rds
simplified_A1_2011.rds
simplified_A1_2012.rds
simplified_A1_2013.rds
simplified_A1_2014.rds
simplified_A1_2015.rds
simplified_A1_2016.rds
simplified_A1_2017.rds
simplified_A1_2018.rds
simplified_A1_2019.rds
simplified_A1_2020.rds
simplified_A1_2021.rds
simplified_A1_2022.rds
simplified_A1_2023.rds
simplified_A1_2024.rds
Processing batch 1/12 (rows 1-1000)
  Calculated 1000 temperatures. Range: 3.58 to 55.25
Processing batch 2/12 (rows 1001-2000)
  Calculated 1000 temperatures. Range: 5.76 to 59.02
Processing batch 3/12 (rows 2001-3000)
  Calculated 1000 temperatures. Range: 3.33 to 46.27
Processing batch 4/12 (rows 3001-4000)
  Calculated 1000 temperatures. Range: 8.22 to 48.37
Processing batch 5/12 (rows 4001-5000)
  Calculated 1000 temperatures. Range: 4.55 to 41.35
Processing batch 6/12 (rows 5001-6000)
  Calculated 1000 temperatures. Range: 5.66 to 42.98
Processing batch 7/12 (rows 6001-7000)
  Calculated 1000 temperatures. Range: 4.72 to 37.73
Processing batch 8/12 (rows 7001-8000)
  Calculated 1000 temperatures. Range: 4.09 to 21.56
Processing batch 9/12 (rows 8001-9000)
  Calculated 1000 temperatures. Range: 4.54 to 24.78
Processing batch 10/12 (rows 9001-10000)
  Calculated 1000 temperatures. Range: 4.76 to 27.88
Processing batch 11/12 (rows 10001-11000)
  Calculated 1000 temperatures. Range: 5.85 to 27.08
Processing batch 12/12 (rows 11001-11035)
  Calculated 35 temperatures. Range: 9.09 to 22.99
Total observations: 11035, Unique timestamps: 2207
MR parameters: mass=0.33, elev=2195.0, b0=16.50, b1=0.85, b2=-0.47, b3=0.000108
Sample tb=283.36 K, log(mass)=-1.1087, 1/(kT)=40.940442, exponent=-3.4473, rmr=0.031831
Sample tb=285.78 K, log(mass)=-1.1087, 1/(kT)=40.593416, exponent=-3.2842, rmr=0.037470
Sample tb=302.01 K, log(mass)=-1.1087, 1/(kT)=38.412717, exponent=-2.2593, rmr=0.104426
Sample tb=283.96 K, log(mass)=-1.1087, 1/(kT)=40.854356, exponent=-3.4069, rmr=0.033145
Sample tb=288.19 K, log(mass)=-1.1087, 1/(kT)=40.254102, exponent=-3.1247, rmr=0.043949
MR results: 0 NA, 0 infinite, 0 negative, 0 zero
Energy calculations: 7710 non-zero gains, 11035 non-zero losses out of 11035 observations
Saved results to output/results/A1/2006/M/eb_results_MS_2006_A1_A1.rds

Processing: Species=MS, Year=2007, Origin=A1, Climate=A1, Sex=M
Looking for climate data at: /mmfs1/gscratch/biology/jmsmith/targeted_microclimate/A1/simplified_A1_2007.rds
Directory /mmfs1/gscratch/biology/jmsmith/targeted_microclimate/A1 exists. Contents:
simplified_A1_1945.rds
simplified_A1_1946.rds
simplified_A1_1947.rds
simplified_A1_1948.rds
simplified_A1_1949.rds
simplified_A1_1950.rds
simplified_A1_1951.rds
simplified_A1_1952.rds
simplified_A1_1953.rds
simplified_A1_1954.rds
simplified_A1_1955.rds
simplified_A1_1956.rds
simplified_A1_1957.rds
simplified_A1_1958.rds
simplified_A1_1959.rds
simplified_A1_1960.rds
simplified_A1_1961.rds
simplified_A1_1962.rds
simplified_A1_1963.rds
simplified_A1_1964.rds
simplified_A1_2005.rds
simplified_A1_2006.rds
simplified_A1_2007.rds
simplified_A1_2008.rds
simplified_A1_2009.rds
simplified_A1_2010.rds
simplified_A1_2011.rds
simplified_A1_2012.rds
simplified_A1_2013.rds
simplified_A1_2014.rds
simplified_A1_2015.rds
simplified_A1_2016.rds
simplified_A1_2017.rds
simplified_A1_2018.rds
simplified_A1_2019.rds
simplified_A1_2020.rds
simplified_A1_2021.rds
simplified_A1_2022.rds
simplified_A1_2023.rds
simplified_A1_2024.rds
Processing batch 1/12 (rows 1-1000)
  Calculated 1000 temperatures. Range: -1.98 to 60.00
Processing batch 2/12 (rows 1001-2000)
  Calculated 1000 temperatures. Range: 7.05 to 48.02
Processing batch 3/12 (rows 2001-3000)
  Calculated 1000 temperatures. Range: -0.27 to 49.13
Processing batch 4/12 (rows 3001-4000)
  Calculated 1000 temperatures. Range: 8.52 to 39.88
Processing batch 5/12 (rows 4001-5000)
  Calculated 1000 temperatures. Range: -0.43 to 45.23
Processing batch 6/12 (rows 5001-6000)
  Calculated 1000 temperatures. Range: 7.71 to 38.47
Processing batch 7/12 (rows 6001-7000)
  Calculated 1000 temperatures. Range: -0.29 to 36.01
Processing batch 8/12 (rows 7001-8000)
  Calculated 1000 temperatures. Range: 3.80 to 21.51
Processing batch 9/12 (rows 8001-9000)
  Calculated 1000 temperatures. Range: 3.16 to 21.19
Processing batch 10/12 (rows 9001-10000)
  Calculated 1000 temperatures. Range: 0.69 to 27.04
Processing batch 11/12 (rows 10001-11000)
  Calculated 1000 temperatures. Range: 8.62 to 25.81
Processing batch 12/12 (rows 11001-11035)
  Calculated 35 temperatures. Range: 9.57 to 23.53
Total observations: 11035, Unique timestamps: 2207
MR parameters: mass=0.33, elev=2195.0, b0=16.50, b1=0.85, b2=-0.47, b3=0.000108
Sample tb=286.21 K, log(mass)=-1.1087, 1/(kT)=40.533306, exponent=-3.2560, rmr=0.038544
Sample tb=285.55 K, log(mass)=-1.1087, 1/(kT)=40.626613, exponent=-3.2998, rmr=0.036890
Sample tb=285.74 K, log(mass)=-1.1087, 1/(kT)=40.599115, exponent=-3.2869, rmr=0.037370
Sample tb=290.71 K, log(mass)=-1.1087, 1/(kT)=39.905744, exponent=-2.9610, rmr=0.051767
Sample tb=306.02 K, log(mass)=-1.1087, 1/(kT)=37.909410, exponent=-2.0227, rmr=0.132294
MR results: 0 NA, 0 infinite, 0 negative, 0 zero
Energy calculations: 7951 non-zero gains, 11035 non-zero losses out of 11035 observations
Saved results to output/results/A1/2007/M/eb_results_MS_2007_A1_A1.rds

Processing: Species=MS, Year=2008, Origin=A1, Climate=A1, Sex=M
Looking for climate data at: /mmfs1/gscratch/biology/jmsmith/targeted_microclimate/A1/simplified_A1_2008.rds
Directory /mmfs1/gscratch/biology/jmsmith/targeted_microclimate/A1 exists. Contents:
simplified_A1_1945.rds
simplified_A1_1946.rds
simplified_A1_1947.rds
simplified_A1_1948.rds
simplified_A1_1949.rds
simplified_A1_1950.rds
simplified_A1_1951.rds
simplified_A1_1952.rds
simplified_A1_1953.rds
simplified_A1_1954.rds
simplified_A1_1955.rds
simplified_A1_1956.rds
simplified_A1_1957.rds
simplified_A1_1958.rds
simplified_A1_1959.rds
simplified_A1_1960.rds
simplified_A1_1961.rds
simplified_A1_1962.rds
simplified_A1_1963.rds
simplified_A1_1964.rds
simplified_A1_2005.rds
simplified_A1_2006.rds
simplified_A1_2007.rds
simplified_A1_2008.rds
simplified_A1_2009.rds
simplified_A1_2010.rds
simplified_A1_2011.rds
simplified_A1_2012.rds
simplified_A1_2013.rds
simplified_A1_2014.rds
simplified_A1_2015.rds
simplified_A1_2016.rds
simplified_A1_2017.rds
simplified_A1_2018.rds
simplified_A1_2019.rds
simplified_A1_2020.rds
simplified_A1_2021.rds
simplified_A1_2022.rds
simplified_A1_2023.rds
simplified_A1_2024.rds
Processing batch 1/12 (rows 1-1000)
  Calculated 1000 temperatures. Range: -1.64 to 60.00
Processing batch 2/12 (rows 1001-2000)
  Calculated 1000 temperatures. Range: 4.32 to 60.00
Processing batch 3/12 (rows 2001-3000)
  Calculated 1000 temperatures. Range: 0.61 to 47.88
Processing batch 4/12 (rows 3001-4000)
  Calculated 1000 temperatures. Range: 5.90 to 52.59
Processing batch 5/12 (rows 4001-5000)
  Calculated 1000 temperatures. Range: 0.04 to 45.18
Processing batch 6/12 (rows 5001-6000)
  Calculated 1000 temperatures. Range: 4.02 to 42.34
Processing batch 7/12 (rows 6001-7000)
  Calculated 1000 temperatures. Range: -0.27 to 36.07
Processing batch 8/12 (rows 7001-8000)
  Calculated 1000 temperatures. Range: 3.72 to 20.63
Processing batch 9/12 (rows 8001-9000)
  Calculated 1000 temperatures. Range: 5.15 to 21.80
Processing batch 10/12 (rows 9001-10000)
  Calculated 1000 temperatures. Range: 1.29 to 25.46
Processing batch 11/12 (rows 10001-11000)
  Calculated 1000 temperatures. Range: 6.13 to 26.45
Processing batch 12/12 (rows 11001-11035)
  Calculated 35 temperatures. Range: 9.39 to 22.28
Total observations: 11035, Unique timestamps: 2207
MR parameters: mass=0.33, elev=2195.0, b0=16.50, b1=0.85, b2=-0.47, b3=0.000108
Sample tb=281.34 K, log(mass)=-1.1087, 1/(kT)=41.234609, exponent=-3.5856, rmr=0.027721
Sample tb=291.73 K, log(mass)=-1.1087, 1/(kT)=39.766637, exponent=-2.8956, rmr=0.055265
Sample tb=280.84 K, log(mass)=-1.1087, 1/(kT)=41.307372, exponent=-3.6198, rmr=0.026789
Sample tb=304.73 K, log(mass)=-1.1087, 1/(kT)=38.069635, exponent=-2.0980, rmr=0.122698
Sample tb=294.08 K, log(mass)=-1.1087, 1/(kT)=39.447746, exponent=-2.7457, rmr=0.064201
MR results: 0 NA, 0 infinite, 0 negative, 0 zero
Energy calculations: 6978 non-zero gains, 11035 non-zero losses out of 11035 observations
Saved results to output/results/A1/2008/M/eb_results_MS_2008_A1_A1.rds

Processing: Species=MS, Year=2009, Origin=A1, Climate=A1, Sex=M
Looking for climate data at: /mmfs1/gscratch/biology/jmsmith/targeted_microclimate/A1/simplified_A1_2009.rds
Directory /mmfs1/gscratch/biology/jmsmith/targeted_microclimate/A1 exists. Contents:
simplified_A1_1945.rds
simplified_A1_1946.rds
simplified_A1_1947.rds
simplified_A1_1948.rds
simplified_A1_1949.rds
simplified_A1_1950.rds
simplified_A1_1951.rds
simplified_A1_1952.rds
simplified_A1_1953.rds
simplified_A1_1954.rds
simplified_A1_1955.rds
simplified_A1_1956.rds
simplified_A1_1957.rds
simplified_A1_1958.rds
simplified_A1_1959.rds
simplified_A1_1960.rds
simplified_A1_1961.rds
simplified_A1_1962.rds
simplified_A1_1963.rds
simplified_A1_1964.rds
simplified_A1_2005.rds
simplified_A1_2006.rds
simplified_A1_2007.rds
simplified_A1_2008.rds
simplified_A1_2009.rds
simplified_A1_2010.rds
simplified_A1_2011.rds
simplified_A1_2012.rds
simplified_A1_2013.rds
simplified_A1_2014.rds
simplified_A1_2015.rds
simplified_A1_2016.rds
simplified_A1_2017.rds
simplified_A1_2018.rds
simplified_A1_2019.rds
simplified_A1_2020.rds
simplified_A1_2021.rds
simplified_A1_2022.rds
simplified_A1_2023.rds
simplified_A1_2024.rds
Processing batch 1/12 (rows 1-1000)
  Calculated 1000 temperatures. Range: 1.49 to 47.60
Processing batch 2/12 (rows 1001-2000)
  Calculated 1000 temperatures. Range: 2.84 to 47.23
Processing batch 3/12 (rows 2001-3000)
  Calculated 1000 temperatures. Range: 2.86 to 40.16
Processing batch 4/12 (rows 3001-4000)
  Calculated 1000 temperatures. Range: 5.87 to 40.13
Processing batch 5/12 (rows 4001-5000)
  Calculated 1000 temperatures. Range: 2.70 to 40.59
Processing batch 6/12 (rows 5001-6000)
  Calculated 1000 temperatures. Range: 5.68 to 37.54
Processing batch 7/12 (rows 6001-7000)
  Calculated 1000 temperatures. Range: 2.06 to 37.47
Processing batch 8/12 (rows 7001-8000)
  Calculated 1000 temperatures. Range: 4.75 to 20.15
Processing batch 9/12 (rows 8001-9000)
  Calculated 1000 temperatures. Range: 3.79 to 20.75
Processing batch 10/12 (rows 9001-10000)
  Calculated 1000 temperatures. Range: 3.37 to 24.46
Processing batch 11/12 (rows 10001-11000)
  Calculated 1000 temperatures. Range: 4.89 to 25.88
Processing batch 12/12 (rows 11001-11035)
  Calculated 35 temperatures. Range: 7.52 to 21.23
Total observations: 11035, Unique timestamps: 2207
MR parameters: mass=0.33, elev=2195.0, b0=16.50, b1=0.85, b2=-0.47, b3=0.000108
Sample tb=286.69 K, log(mass)=-1.1087, 1/(kT)=40.465033, exponent=-3.2239, rmr=0.039801
Sample tb=283.20 K, log(mass)=-1.1087, 1/(kT)=40.963196, exponent=-3.4580, rmr=0.031493
Sample tb=308.32 K, log(mass)=-1.1087, 1/(kT)=37.626593, exponent=-1.8898, rmr=0.151102
Sample tb=285.69 K, log(mass)=-1.1087, 1/(kT)=40.607051, exponent=-3.2906, rmr=0.037231
Sample tb=285.38 K, log(mass)=-1.1087, 1/(kT)=40.651023, exponent=-3.3113, rmr=0.036469
MR results: 0 NA, 0 infinite, 0 negative, 0 zero
Energy calculations: 6375 non-zero gains, 11035 non-zero losses out of 11035 observations
Saved results to output/results/A1/2009/M/eb_results_MS_2009_A1_A1.rds

Processing: Species=MS, Year=2010, Origin=A1, Climate=A1, Sex=M
Looking for climate data at: /mmfs1/gscratch/biology/jmsmith/targeted_microclimate/A1/simplified_A1_2010.rds
Directory /mmfs1/gscratch/biology/jmsmith/targeted_microclimate/A1 exists. Contents:
simplified_A1_1945.rds
simplified_A1_1946.rds
simplified_A1_1947.rds
simplified_A1_1948.rds
simplified_A1_1949.rds
simplified_A1_1950.rds
simplified_A1_1951.rds
simplified_A1_1952.rds
simplified_A1_1953.rds
simplified_A1_1954.rds
simplified_A1_1955.rds
simplified_A1_1956.rds
simplified_A1_1957.rds
simplified_A1_1958.rds
simplified_A1_1959.rds
simplified_A1_1960.rds
simplified_A1_1961.rds
simplified_A1_1962.rds
simplified_A1_1963.rds
simplified_A1_1964.rds
simplified_A1_2005.rds
simplified_A1_2006.rds
simplified_A1_2007.rds
simplified_A1_2008.rds
simplified_A1_2009.rds
simplified_A1_2010.rds
simplified_A1_2011.rds
simplified_A1_2012.rds
simplified_A1_2013.rds
simplified_A1_2014.rds
simplified_A1_2015.rds
simplified_A1_2016.rds
simplified_A1_2017.rds
simplified_A1_2018.rds
simplified_A1_2019.rds
simplified_A1_2020.rds
simplified_A1_2021.rds
simplified_A1_2022.rds
simplified_A1_2023.rds
simplified_A1_2024.rds
Processing batch 1/12 (rows 1-1000)
  Calculated 1000 temperatures. Range: 2.35 to 60.00
Processing batch 2/12 (rows 1001-2000)
  Calculated 1000 temperatures. Range: 5.18 to 57.31
Processing batch 3/12 (rows 2001-3000)
  Calculated 1000 temperatures. Range: 4.10 to 52.53
Processing batch 4/12 (rows 3001-4000)
  Calculated 1000 temperatures. Range: 6.06 to 47.27
Processing batch 5/12 (rows 4001-5000)
  Calculated 1000 temperatures. Range: 4.19 to 43.10
Processing batch 6/12 (rows 5001-6000)
  Calculated 1000 temperatures. Range: 5.73 to 40.74
Processing batch 7/12 (rows 6001-7000)
  Calculated 1000 temperatures. Range: 3.65 to 37.63
Processing batch 8/12 (rows 7001-8000)
  Calculated 1000 temperatures. Range: 3.80 to 21.00
Processing batch 9/12 (rows 8001-9000)
  Calculated 1000 temperatures. Range: 5.40 to 23.72
Processing batch 10/12 (rows 9001-10000)
  Calculated 1000 temperatures. Range: 4.80 to 26.21
Processing batch 11/12 (rows 10001-11000)
  Calculated 1000 temperatures. Range: 6.99 to 25.72
Processing batch 12/12 (rows 11001-11035)
  Calculated 35 temperatures. Range: 7.64 to 20.23
Total observations: 11035, Unique timestamps: 2207
MR parameters: mass=0.33, elev=2195.0, b0=16.50, b1=0.85, b2=-0.47, b3=0.000108
Sample tb=300.82 K, log(mass)=-1.1087, 1/(kT)=38.563812, exponent=-2.3303, rmr=0.097267
Sample tb=287.79 K, log(mass)=-1.1087, 1/(kT)=40.310030, exponent=-3.1510, rmr=0.042809
Sample tb=285.87 K, log(mass)=-1.1087, 1/(kT)=40.581685, exponent=-3.2787, rmr=0.037677
Sample tb=291.67 K, log(mass)=-1.1087, 1/(kT)=39.773523, exponent=-2.8989, rmr=0.055086
Sample tb=281.40 K, log(mass)=-1.1087, 1/(kT)=41.225865, exponent=-3.5815, rmr=0.027835
MR results: 0 NA, 0 infinite, 0 negative, 0 zero
Energy calculations: 7432 non-zero gains, 11035 non-zero losses out of 11035 observations
Saved results to output/results/A1/2010/M/eb_results_MS_2010_A1_A1.rds

Processing: Species=MS, Year=2011, Origin=A1, Climate=A1, Sex=M
Looking for climate data at: /mmfs1/gscratch/biology/jmsmith/targeted_microclimate/A1/simplified_A1_2011.rds
Directory /mmfs1/gscratch/biology/jmsmith/targeted_microclimate/A1 exists. Contents:
simplified_A1_1945.rds
simplified_A1_1946.rds
simplified_A1_1947.rds
simplified_A1_1948.rds
simplified_A1_1949.rds
simplified_A1_1950.rds
simplified_A1_1951.rds
simplified_A1_1952.rds
simplified_A1_1953.rds
simplified_A1_1954.rds
simplified_A1_1955.rds
simplified_A1_1956.rds
simplified_A1_1957.rds
simplified_A1_1958.rds
simplified_A1_1959.rds
simplified_A1_1960.rds
simplified_A1_1961.rds
simplified_A1_1962.rds
simplified_A1_1963.rds
simplified_A1_1964.rds
simplified_A1_2005.rds
simplified_A1_2006.rds
simplified_A1_2007.rds
simplified_A1_2008.rds
simplified_A1_2009.rds
simplified_A1_2010.rds
simplified_A1_2011.rds
simplified_A1_2012.rds
simplified_A1_2013.rds
simplified_A1_2014.rds
simplified_A1_2015.rds
simplified_A1_2016.rds
simplified_A1_2017.rds
simplified_A1_2018.rds
simplified_A1_2019.rds
simplified_A1_2020.rds
simplified_A1_2021.rds
simplified_A1_2022.rds
simplified_A1_2023.rds
simplified_A1_2024.rds
Processing batch 1/12 (rows 1-1000)
  Calculated 1000 temperatures. Range: 1.29 to 52.29
Processing batch 2/12 (rows 1001-2000)
  Calculated 1000 temperatures. Range: 5.20 to 56.28
Processing batch 3/12 (rows 2001-3000)
  Calculated 1000 temperatures. Range: 3.32 to 44.07
Processing batch 4/12 (rows 3001-4000)
  Calculated 1000 temperatures. Range: 7.40 to 43.63
Processing batch 5/12 (rows 4001-5000)
  Calculated 1000 temperatures. Range: 2.91 to 47.51
Processing batch 6/12 (rows 5001-6000)
  Calculated 1000 temperatures. Range: 6.22 to 38.45
Processing batch 7/12 (rows 6001-7000)
  Calculated 1000 temperatures. Range: 2.42 to 44.37
Processing batch 8/12 (rows 7001-8000)
  Calculated 1000 temperatures. Range: 4.04 to 21.33
Processing batch 9/12 (rows 8001-9000)
  Calculated 1000 temperatures. Range: 4.78 to 23.34
Processing batch 10/12 (rows 9001-10000)
  Calculated 1000 temperatures. Range: 4.02 to 25.60
Processing batch 11/12 (rows 10001-11000)
  Calculated 1000 temperatures. Range: 7.80 to 25.80
Processing batch 12/12 (rows 11001-11035)
  Calculated 35 temperatures. Range: 10.60 to 25.46
Total observations: 11035, Unique timestamps: 2207
MR parameters: mass=0.33, elev=2195.0, b0=16.50, b1=0.85, b2=-0.47, b3=0.000108
Sample tb=284.85 K, log(mass)=-1.1087, 1/(kT)=40.726799, exponent=-3.3469, rmr=0.035193
Sample tb=282.77 K, log(mass)=-1.1087, 1/(kT)=41.025462, exponent=-3.4873, rmr=0.030584
Sample tb=287.14 K, log(mass)=-1.1087, 1/(kT)=40.401512, exponent=-3.1940, rmr=0.041007
Sample tb=285.66 K, log(mass)=-1.1087, 1/(kT)=40.611552, exponent=-3.2927, rmr=0.037152
Sample tb=288.06 K, log(mass)=-1.1087, 1/(kT)=40.272339, exponent=-3.1333, rmr=0.043574
MR results: 0 NA, 0 infinite, 0 negative, 0 zero
Energy calculations: 7712 non-zero gains, 11035 non-zero losses out of 11035 observations
Saved results to output/results/A1/2011/M/eb_results_MS_2011_A1_A1.rds

Processing: Species=MS, Year=2012, Origin=A1, Climate=A1, Sex=M
Looking for climate data at: /mmfs1/gscratch/biology/jmsmith/targeted_microclimate/A1/simplified_A1_2012.rds
Directory /mmfs1/gscratch/biology/jmsmith/targeted_microclimate/A1 exists. Contents:
simplified_A1_1945.rds
simplified_A1_1946.rds
simplified_A1_1947.rds
simplified_A1_1948.rds
simplified_A1_1949.rds
simplified_A1_1950.rds
simplified_A1_1951.rds
simplified_A1_1952.rds
simplified_A1_1953.rds
simplified_A1_1954.rds
simplified_A1_1955.rds
simplified_A1_1956.rds
simplified_A1_1957.rds
simplified_A1_1958.rds
simplified_A1_1959.rds
simplified_A1_1960.rds
simplified_A1_1961.rds
simplified_A1_1962.rds
simplified_A1_1963.rds
simplified_A1_1964.rds
simplified_A1_2005.rds
simplified_A1_2006.rds
simplified_A1_2007.rds
simplified_A1_2008.rds
simplified_A1_2009.rds
simplified_A1_2010.rds
simplified_A1_2011.rds
simplified_A1_2012.rds
simplified_A1_2013.rds
simplified_A1_2014.rds
simplified_A1_2015.rds
simplified_A1_2016.rds
simplified_A1_2017.rds
simplified_A1_2018.rds
simplified_A1_2019.rds
simplified_A1_2020.rds
simplified_A1_2021.rds
simplified_A1_2022.rds
simplified_A1_2023.rds
simplified_A1_2024.rds
Processing batch 1/12 (rows 1-1000)
  Calculated 1000 temperatures. Range: -0.52 to 60.00
Processing batch 2/12 (rows 1001-2000)
  Calculated 1000 temperatures. Range: 2.70 to 48.24
Processing batch 3/12 (rows 2001-3000)
  Calculated 1000 temperatures. Range: 1.94 to 52.16
Processing batch 4/12 (rows 3001-4000)
  Calculated 1000 temperatures. Range: 6.94 to 40.52
Processing batch 5/12 (rows 4001-5000)
  Calculated 1000 temperatures. Range: 1.17 to 50.38
Processing batch 6/12 (rows 5001-6000)
  Calculated 1000 temperatures. Range: 6.39 to 50.42
Processing batch 7/12 (rows 6001-7000)
  Calculated 1000 temperatures. Range: 1.02 to 39.18
Processing batch 8/12 (rows 7001-8000)
  Calculated 1000 temperatures. Range: 5.32 to 22.23
Processing batch 9/12 (rows 8001-9000)
  Calculated 1000 temperatures. Range: 4.05 to 23.97
Processing batch 10/12 (rows 9001-10000)
  Calculated 1000 temperatures. Range: 2.80 to 28.43
Processing batch 11/12 (rows 10001-11000)
  Calculated 1000 temperatures. Range: 5.51 to 26.29
Processing batch 12/12 (rows 11001-11035)
  Calculated 35 temperatures. Range: 9.08 to 22.97
Total observations: 11035, Unique timestamps: 2207
MR parameters: mass=0.33, elev=2195.0, b0=16.50, b1=0.85, b2=-0.47, b3=0.000108
Sample tb=297.41 K, log(mass)=-1.1087, 1/(kT)=39.006612, exponent=-2.5384, rmr=0.078992
Sample tb=283.27 K, log(mass)=-1.1087, 1/(kT)=40.953237, exponent=-3.4533, rmr=0.031640
Sample tb=292.94 K, log(mass)=-1.1087, 1/(kT)=39.602287, exponent=-2.8184, rmr=0.059703
Sample tb=292.33 K, log(mass)=-1.1087, 1/(kT)=39.683867, exponent=-2.8567, rmr=0.057457
Sample tb=287.49 K, log(mass)=-1.1087, 1/(kT)=40.352387, exponent=-3.1709, rmr=0.041965
MR results: 0 NA, 0 infinite, 0 negative, 0 zero
Energy calculations: 8072 non-zero gains, 11035 non-zero losses out of 11035 observations
Saved results to output/results/A1/2012/M/eb_results_MS_2012_A1_A1.rds

Processing: Species=MS, Year=2013, Origin=A1, Climate=A1, Sex=M
Looking for climate data at: /mmfs1/gscratch/biology/jmsmith/targeted_microclimate/A1/simplified_A1_2013.rds
Directory /mmfs1/gscratch/biology/jmsmith/targeted_microclimate/A1 exists. Contents:
simplified_A1_1945.rds
simplified_A1_1946.rds
simplified_A1_1947.rds
simplified_A1_1948.rds
simplified_A1_1949.rds
simplified_A1_1950.rds
simplified_A1_1951.rds
simplified_A1_1952.rds
simplified_A1_1953.rds
simplified_A1_1954.rds
simplified_A1_1955.rds
simplified_A1_1956.rds
simplified_A1_1957.rds
simplified_A1_1958.rds
simplified_A1_1959.rds
simplified_A1_1960.rds
simplified_A1_1961.rds
simplified_A1_1962.rds
simplified_A1_1963.rds
simplified_A1_1964.rds
simplified_A1_2005.rds
simplified_A1_2006.rds
simplified_A1_2007.rds
simplified_A1_2008.rds
simplified_A1_2009.rds
simplified_A1_2010.rds
simplified_A1_2011.rds
simplified_A1_2012.rds
simplified_A1_2013.rds
simplified_A1_2014.rds
simplified_A1_2015.rds
simplified_A1_2016.rds
simplified_A1_2017.rds
simplified_A1_2018.rds
simplified_A1_2019.rds
simplified_A1_2020.rds
simplified_A1_2021.rds
simplified_A1_2022.rds
simplified_A1_2023.rds
simplified_A1_2024.rds
Processing batch 1/12 (rows 1-1000)
  Calculated 1000 temperatures. Range: 0.39 to 60.00
Processing batch 2/12 (rows 1001-2000)
  Calculated 1000 temperatures. Range: 5.41 to 58.03
Processing batch 3/12 (rows 2001-3000)
  Calculated 1000 temperatures. Range: 1.94 to 56.15
Processing batch 4/12 (rows 3001-4000)
  Calculated 1000 temperatures. Range: 7.03 to 46.91
Processing batch 5/12 (rows 4001-5000)
  Calculated 1000 temperatures. Range: 1.87 to 46.94
Processing batch 6/12 (rows 5001-6000)
  Calculated 1000 temperatures. Range: 6.89 to 50.07
Processing batch 7/12 (rows 6001-7000)
  Calculated 1000 temperatures. Range: 2.00 to 36.54
Processing batch 8/12 (rows 7001-8000)
  Calculated 1000 temperatures. Range: 4.44 to 21.74
Processing batch 9/12 (rows 8001-9000)
  Calculated 1000 temperatures. Range: 2.98 to 22.98
Processing batch 10/12 (rows 9001-10000)
  Calculated 1000 temperatures. Range: 5.89 to 26.86
Processing batch 11/12 (rows 10001-11000)
  Calculated 1000 temperatures. Range: 7.37 to 25.80
Processing batch 12/12 (rows 11001-11035)
  Calculated 35 temperatures. Range: 12.22 to 23.08
Total observations: 11035, Unique timestamps: 2207
MR parameters: mass=0.33, elev=2195.0, b0=16.50, b1=0.85, b2=-0.47, b3=0.000108
Sample tb=283.97 K, log(mass)=-1.1087, 1/(kT)=40.853147, exponent=-3.4063, rmr=0.033164
Sample tb=297.48 K, log(mass)=-1.1087, 1/(kT)=38.997348, exponent=-2.5341, rmr=0.079337
Sample tb=302.66 K, log(mass)=-1.1087, 1/(kT)=38.330402, exponent=-2.2206, rmr=0.108545
Sample tb=288.78 K, log(mass)=-1.1087, 1/(kT)=40.171571, exponent=-3.0859, rmr=0.045687
Sample tb=284.94 K, log(mass)=-1.1087, 1/(kT)=40.713952, exponent=-3.3409, rmr=0.035406
MR results: 0 NA, 0 infinite, 0 negative, 0 zero
Energy calculations: 7969 non-zero gains, 11035 non-zero losses out of 11035 observations
Saved results to output/results/A1/2013/M/eb_results_MS_2013_A1_A1.rds

Processing: Species=MS, Year=2014, Origin=A1, Climate=A1, Sex=M
Looking for climate data at: /mmfs1/gscratch/biology/jmsmith/targeted_microclimate/A1/simplified_A1_2014.rds
Directory /mmfs1/gscratch/biology/jmsmith/targeted_microclimate/A1 exists. Contents:
simplified_A1_1945.rds
simplified_A1_1946.rds
simplified_A1_1947.rds
simplified_A1_1948.rds
simplified_A1_1949.rds
simplified_A1_1950.rds
simplified_A1_1951.rds
simplified_A1_1952.rds
simplified_A1_1953.rds
simplified_A1_1954.rds
simplified_A1_1955.rds
simplified_A1_1956.rds
simplified_A1_1957.rds
simplified_A1_1958.rds
simplified_A1_1959.rds
simplified_A1_1960.rds
simplified_A1_1961.rds
simplified_A1_1962.rds
simplified_A1_1963.rds
simplified_A1_1964.rds
simplified_A1_2005.rds
simplified_A1_2006.rds
simplified_A1_2007.rds
simplified_A1_2008.rds
simplified_A1_2009.rds
simplified_A1_2010.rds
simplified_A1_2011.rds
simplified_A1_2012.rds
simplified_A1_2013.rds
simplified_A1_2014.rds
simplified_A1_2015.rds
simplified_A1_2016.rds
simplified_A1_2017.rds
simplified_A1_2018.rds
simplified_A1_2019.rds
simplified_A1_2020.rds
simplified_A1_2021.rds
simplified_A1_2022.rds
simplified_A1_2023.rds
simplified_A1_2024.rds
Processing batch 1/12 (rows 1-1000)
  Calculated 1000 temperatures. Range: 0.43 to 44.64
Processing batch 2/12 (rows 1001-2000)
  Calculated 1000 temperatures. Range: 5.75 to 44.74
Processing batch 3/12 (rows 2001-3000)
  Calculated 1000 temperatures. Range: 2.20 to 38.89
Processing batch 4/12 (rows 3001-4000)
  Calculated 1000 temperatures. Range: 7.46 to 40.05
Processing batch 5/12 (rows 4001-5000)
  Calculated 1000 temperatures. Range: 1.90 to 37.48
Processing batch 6/12 (rows 5001-6000)
  Calculated 1000 temperatures. Range: 6.92 to 36.74
Processing batch 7/12 (rows 6001-7000)
  Calculated 1000 temperatures. Range: 1.49 to 35.12
Processing batch 8/12 (rows 7001-8000)
  Calculated 1000 temperatures. Range: 3.51 to 21.13
Processing batch 9/12 (rows 8001-9000)
  Calculated 1000 temperatures. Range: 5.36 to 22.71
Processing batch 10/12 (rows 9001-10000)
  Calculated 1000 temperatures. Range: 2.58 to 26.29
Processing batch 11/12 (rows 10001-11000)
  Calculated 1000 temperatures. Range: 6.72 to 25.32
Processing batch 12/12 (rows 11001-11035)
  Calculated 35 temperatures. Range: 6.98 to 21.63
Total observations: 11035, Unique timestamps: 2207
MR parameters: mass=0.33, elev=2195.0, b0=16.50, b1=0.85, b2=-0.47, b3=0.000108
Sample tb=298.99 K, log(mass)=-1.1087, 1/(kT)=38.800438, exponent=-2.4415, rmr=0.087029
Sample tb=290.98 K, log(mass)=-1.1087, 1/(kT)=39.868262, exponent=-2.9434, rmr=0.052687
Sample tb=292.28 K, log(mass)=-1.1087, 1/(kT)=39.691515, exponent=-2.8603, rmr=0.057251
Sample tb=295.66 K, log(mass)=-1.1087, 1/(kT)=39.236808, exponent=-2.6466, rmr=0.070892
Sample tb=289.69 K, log(mass)=-1.1087, 1/(kT)=40.045322, exponent=-3.0266, rmr=0.048480
MR results: 0 NA, 0 infinite, 0 negative, 0 zero
Energy calculations: 7079 non-zero gains, 11035 non-zero losses out of 11035 observations
Saved results to output/results/A1/2014/M/eb_results_MS_2014_A1_A1.rds

Processing: Species=MS, Year=2015, Origin=A1, Climate=A1, Sex=M
Looking for climate data at: /mmfs1/gscratch/biology/jmsmith/targeted_microclimate/A1/simplified_A1_2015.rds
Directory /mmfs1/gscratch/biology/jmsmith/targeted_microclimate/A1 exists. Contents:
simplified_A1_1945.rds
simplified_A1_1946.rds
simplified_A1_1947.rds
simplified_A1_1948.rds
simplified_A1_1949.rds
simplified_A1_1950.rds
simplified_A1_1951.rds
simplified_A1_1952.rds
simplified_A1_1953.rds
simplified_A1_1954.rds
simplified_A1_1955.rds
simplified_A1_1956.rds
simplified_A1_1957.rds
simplified_A1_1958.rds
simplified_A1_1959.rds
simplified_A1_1960.rds
simplified_A1_1961.rds
simplified_A1_1962.rds
simplified_A1_1963.rds
simplified_A1_1964.rds
simplified_A1_2005.rds
simplified_A1_2006.rds
simplified_A1_2007.rds
simplified_A1_2008.rds
simplified_A1_2009.rds
simplified_A1_2010.rds
simplified_A1_2011.rds
simplified_A1_2012.rds
simplified_A1_2013.rds
simplified_A1_2014.rds
simplified_A1_2015.rds
simplified_A1_2016.rds
simplified_A1_2017.rds
simplified_A1_2018.rds
simplified_A1_2019.rds
simplified_A1_2020.rds
simplified_A1_2021.rds
simplified_A1_2022.rds
simplified_A1_2023.rds
simplified_A1_2024.rds
Processing batch 1/12 (rows 1-1000)
  Calculated 1000 temperatures. Range: 4.15 to 59.71
Processing batch 2/12 (rows 1001-2000)
  Calculated 1000 temperatures. Range: 2.85 to 52.73
Processing batch 3/12 (rows 2001-3000)
  Calculated 1000 temperatures. Range: 1.90 to 60.00
Processing batch 4/12 (rows 3001-4000)
  Calculated 1000 temperatures. Range: 8.04 to 42.93
Processing batch 5/12 (rows 4001-5000)
  Calculated 1000 temperatures. Range: 3.79 to 51.30
Processing batch 6/12 (rows 5001-6000)
  Calculated 1000 temperatures. Range: 7.45 to 37.44
Processing batch 7/12 (rows 6001-7000)
  Calculated 1000 temperatures. Range: 3.50 to 38.04
Processing batch 8/12 (rows 7001-8000)
  Calculated 1000 temperatures. Range: 6.74 to 21.61
Processing batch 9/12 (rows 8001-9000)
  Calculated 1000 temperatures. Range: 3.90 to 22.55
Processing batch 10/12 (rows 9001-10000)
  Calculated 1000 temperatures. Range: 6.35 to 25.67
Processing batch 11/12 (rows 10001-11000)
  Calculated 1000 temperatures. Range: 5.00 to 25.81
Processing batch 12/12 (rows 11001-11035)
  Calculated 35 temperatures. Range: 11.17 to 24.16
Total observations: 11035, Unique timestamps: 2207
MR parameters: mass=0.33, elev=2195.0, b0=16.50, b1=0.85, b2=-0.47, b3=0.000108
Sample tb=302.85 K, log(mass)=-1.1087, 1/(kT)=38.305618, exponent=-2.2089, rmr=0.109817
Sample tb=285.11 K, log(mass)=-1.1087, 1/(kT)=40.688859, exponent=-3.3291, rmr=0.035827
Sample tb=284.31 K, log(mass)=-1.1087, 1/(kT)=40.804076, exponent=-3.3832, rmr=0.033938
Sample tb=299.12 K, log(mass)=-1.1087, 1/(kT)=38.783191, exponent=-2.4334, rmr=0.087738
Sample tb=291.99 K, log(mass)=-1.1087, 1/(kT)=39.730888, exponent=-2.8788, rmr=0.056201
MR results: 0 NA, 0 infinite, 0 negative, 0 zero
Energy calculations: 7815 non-zero gains, 11035 non-zero losses out of 11035 observations
Saved results to output/results/A1/2015/M/eb_results_MS_2015_A1_A1.rds

Processing: Species=MS, Year=2016, Origin=A1, Climate=A1, Sex=M
Looking for climate data at: /mmfs1/gscratch/biology/jmsmith/targeted_microclimate/A1/simplified_A1_2016.rds
Directory /mmfs1/gscratch/biology/jmsmith/targeted_microclimate/A1 exists. Contents:
simplified_A1_1945.rds
simplified_A1_1946.rds
simplified_A1_1947.rds
simplified_A1_1948.rds
simplified_A1_1949.rds
simplified_A1_1950.rds
simplified_A1_1951.rds
simplified_A1_1952.rds
simplified_A1_1953.rds
simplified_A1_1954.rds
simplified_A1_1955.rds
simplified_A1_1956.rds
simplified_A1_1957.rds
simplified_A1_1958.rds
simplified_A1_1959.rds
simplified_A1_1960.rds
simplified_A1_1961.rds
simplified_A1_1962.rds
simplified_A1_1963.rds
simplified_A1_1964.rds
simplified_A1_2005.rds
simplified_A1_2006.rds
simplified_A1_2007.rds
simplified_A1_2008.rds
simplified_A1_2009.rds
simplified_A1_2010.rds
simplified_A1_2011.rds
simplified_A1_2012.rds
simplified_A1_2013.rds
simplified_A1_2014.rds
simplified_A1_2015.rds
simplified_A1_2016.rds
simplified_A1_2017.rds
simplified_A1_2018.rds
simplified_A1_2019.rds
simplified_A1_2020.rds
simplified_A1_2021.rds
simplified_A1_2022.rds
simplified_A1_2023.rds
simplified_A1_2024.rds
Processing batch 1/12 (rows 1-1000)
  Calculated 1000 temperatures. Range: 3.97 to 60.00
Processing batch 2/12 (rows 1001-2000)
  Calculated 1000 temperatures. Range: 3.71 to 49.86
Processing batch 3/12 (rows 2001-3000)
  Calculated 1000 temperatures. Range: 2.47 to 57.32
Processing batch 4/12 (rows 3001-4000)
  Calculated 1000 temperatures. Range: 6.77 to 43.91
Processing batch 5/12 (rows 4001-5000)
  Calculated 1000 temperatures. Range: 4.12 to 42.03
Processing batch 6/12 (rows 5001-6000)
  Calculated 1000 temperatures. Range: 6.82 to 40.10
Processing batch 7/12 (rows 6001-7000)
  Calculated 1000 temperatures. Range: 3.92 to 37.10
Processing batch 8/12 (rows 7001-8000)
  Calculated 1000 temperatures. Range: 5.95 to 21.95
Processing batch 9/12 (rows 8001-9000)
  Calculated 1000 temperatures. Range: 3.75 to 20.91
Processing batch 10/12 (rows 9001-10000)
  Calculated 1000 temperatures. Range: 6.52 to 27.14
Processing batch 11/12 (rows 10001-11000)
  Calculated 1000 temperatures. Range: 4.85 to 26.05
Processing batch 12/12 (rows 11001-11035)
  Calculated 35 temperatures. Range: 7.40 to 19.64
Total observations: 11035, Unique timestamps: 2207
MR parameters: mass=0.33, elev=2195.0, b0=16.50, b1=0.85, b2=-0.47, b3=0.000108
Sample tb=307.63 K, log(mass)=-1.1087, 1/(kT)=37.710208, exponent=-1.9291, rmr=0.145279
Sample tb=307.92 K, log(mass)=-1.1087, 1/(kT)=37.675490, exponent=-1.9128, rmr=0.147669
Sample tb=286.60 K, log(mass)=-1.1087, 1/(kT)=40.478034, exponent=-3.2300, rmr=0.039558
Sample tb=299.96 K, log(mass)=-1.1087, 1/(kT)=38.674804, exponent=-2.3825, rmr=0.092323
Sample tb=286.74 K, log(mass)=-1.1087, 1/(kT)=40.457722, exponent=-3.2204, rmr=0.039938
MR results: 0 NA, 0 infinite, 0 negative, 0 zero
Energy calculations: 7884 non-zero gains, 11035 non-zero losses out of 11035 observations
Saved results to output/results/A1/2016/M/eb_results_MS_2016_A1_A1.rds

Processing: Species=MS, Year=2017, Origin=A1, Climate=A1, Sex=M
Looking for climate data at: /mmfs1/gscratch/biology/jmsmith/targeted_microclimate/A1/simplified_A1_2017.rds
Directory /mmfs1/gscratch/biology/jmsmith/targeted_microclimate/A1 exists. Contents:
simplified_A1_1945.rds
simplified_A1_1946.rds
simplified_A1_1947.rds
simplified_A1_1948.rds
simplified_A1_1949.rds
simplified_A1_1950.rds
simplified_A1_1951.rds
simplified_A1_1952.rds
simplified_A1_1953.rds
simplified_A1_1954.rds
simplified_A1_1955.rds
simplified_A1_1956.rds
simplified_A1_1957.rds
simplified_A1_1958.rds
simplified_A1_1959.rds
simplified_A1_1960.rds
simplified_A1_1961.rds
simplified_A1_1962.rds
simplified_A1_1963.rds
simplified_A1_1964.rds
simplified_A1_2005.rds
simplified_A1_2006.rds
simplified_A1_2007.rds
simplified_A1_2008.rds
simplified_A1_2009.rds
simplified_A1_2010.rds
simplified_A1_2011.rds
simplified_A1_2012.rds
simplified_A1_2013.rds
simplified_A1_2014.rds
simplified_A1_2015.rds
simplified_A1_2016.rds
simplified_A1_2017.rds
simplified_A1_2018.rds
simplified_A1_2019.rds
simplified_A1_2020.rds
simplified_A1_2021.rds
simplified_A1_2022.rds
simplified_A1_2023.rds
simplified_A1_2024.rds
Processing batch 1/12 (rows 1-1000)
  Calculated 1000 temperatures. Range: 2.61 to 58.59
Processing batch 2/12 (rows 1001-2000)
  Calculated 1000 temperatures. Range: 6.18 to 48.39
Processing batch 3/12 (rows 2001-3000)
  Calculated 1000 temperatures. Range: 5.23 to 47.53
Processing batch 4/12 (rows 3001-4000)
  Calculated 1000 temperatures. Range: 7.47 to 42.20
Processing batch 5/12 (rows 4001-5000)
  Calculated 1000 temperatures. Range: 4.36 to 40.08
Processing batch 6/12 (rows 5001-6000)
  Calculated 1000 temperatures. Range: 5.06 to 38.95
Processing batch 7/12 (rows 6001-7000)
  Calculated 1000 temperatures. Range: 3.71 to 37.09
Processing batch 8/12 (rows 7001-8000)
  Calculated 1000 temperatures. Range: 4.52 to 22.14
Processing batch 9/12 (rows 8001-9000)
  Calculated 1000 temperatures. Range: 5.82 to 20.94
Processing batch 10/12 (rows 9001-10000)
  Calculated 1000 temperatures. Range: 5.65 to 26.16
Processing batch 11/12 (rows 10001-11000)
  Calculated 1000 temperatures. Range: 7.79 to 25.54
Processing batch 12/12 (rows 11001-11035)
  Calculated 35 temperatures. Range: 8.98 to 21.94
Total observations: 11035, Unique timestamps: 2207
MR parameters: mass=0.33, elev=2195.0, b0=16.50, b1=0.85, b2=-0.47, b3=0.000108
Sample tb=286.21 K, log(mass)=-1.1087, 1/(kT)=40.532747, exponent=-3.2557, rmr=0.038554
Sample tb=285.65 K, log(mass)=-1.1087, 1/(kT)=40.611709, exponent=-3.2928, rmr=0.037149
Sample tb=283.19 K, log(mass)=-1.1087, 1/(kT)=40.965009, exponent=-3.4589, rmr=0.031466
Sample tb=307.12 K, log(mass)=-1.1087, 1/(kT)=37.772773, exponent=-1.9585, rmr=0.141069
Sample tb=280.71 K, log(mass)=-1.1087, 1/(kT)=41.327323, exponent=-3.6291, rmr=0.026539
MR results: 0 NA, 0 infinite, 0 negative, 0 zero
Energy calculations: 7627 non-zero gains, 11035 non-zero losses out of 11035 observations
Saved results to output/results/A1/2017/M/eb_results_MS_2017_A1_A1.rds

Processing: Species=MS, Year=2018, Origin=A1, Climate=A1, Sex=M
Looking for climate data at: /mmfs1/gscratch/biology/jmsmith/targeted_microclimate/A1/simplified_A1_2018.rds
Directory /mmfs1/gscratch/biology/jmsmith/targeted_microclimate/A1 exists. Contents:
simplified_A1_1945.rds
simplified_A1_1946.rds
simplified_A1_1947.rds
simplified_A1_1948.rds
simplified_A1_1949.rds
simplified_A1_1950.rds
simplified_A1_1951.rds
simplified_A1_1952.rds
simplified_A1_1953.rds
simplified_A1_1954.rds
simplified_A1_1955.rds
simplified_A1_1956.rds
simplified_A1_1957.rds
simplified_A1_1958.rds
simplified_A1_1959.rds
simplified_A1_1960.rds
simplified_A1_1961.rds
simplified_A1_1962.rds
simplified_A1_1963.rds
simplified_A1_1964.rds
simplified_A1_2005.rds
simplified_A1_2006.rds
simplified_A1_2007.rds
simplified_A1_2008.rds
simplified_A1_2009.rds
simplified_A1_2010.rds
simplified_A1_2011.rds
simplified_A1_2012.rds
simplified_A1_2013.rds
simplified_A1_2014.rds
simplified_A1_2015.rds
simplified_A1_2016.rds
simplified_A1_2017.rds
simplified_A1_2018.rds
simplified_A1_2019.rds
simplified_A1_2020.rds
simplified_A1_2021.rds
simplified_A1_2022.rds
simplified_A1_2023.rds
simplified_A1_2024.rds
Processing batch 1/12 (rows 1-1000)
  Calculated 1000 temperatures. Range: 1.94 to 60.00
Processing batch 2/12 (rows 1001-2000)
  Calculated 1000 temperatures. Range: 4.24 to 50.56
Processing batch 3/12 (rows 2001-3000)
  Calculated 1000 temperatures. Range: 4.02 to 49.74
Processing batch 4/12 (rows 3001-4000)
  Calculated 1000 temperatures. Range: 8.05 to 44.37
Processing batch 5/12 (rows 4001-5000)
  Calculated 1000 temperatures. Range: 3.53 to 43.54
Processing batch 6/12 (rows 5001-6000)
  Calculated 1000 temperatures. Range: 5.51 to 40.48
Processing batch 7/12 (rows 6001-7000)
  Calculated 1000 temperatures. Range: 3.19 to 33.86
Processing batch 8/12 (rows 7001-8000)
  Calculated 1000 temperatures. Range: 4.85 to 22.31
Processing batch 9/12 (rows 8001-9000)
  Calculated 1000 temperatures. Range: 4.64 to 24.30
Processing batch 10/12 (rows 9001-10000)
  Calculated 1000 temperatures. Range: 6.00 to 27.82
Processing batch 11/12 (rows 10001-11000)
  Calculated 1000 temperatures. Range: 5.88 to 26.83
Processing batch 12/12 (rows 11001-11035)
  Calculated 35 temperatures. Range: 9.64 to 23.42
Total observations: 11035, Unique timestamps: 2207
MR parameters: mass=0.33, elev=2195.0, b0=16.50, b1=0.85, b2=-0.47, b3=0.000108
Sample tb=305.74 K, log(mass)=-1.1087, 1/(kT)=37.944132, exponent=-2.0390, rmr=0.130153
Sample tb=289.95 K, log(mass)=-1.1087, 1/(kT)=40.009570, exponent=-3.0098, rmr=0.049301
Sample tb=284.24 K, log(mass)=-1.1087, 1/(kT)=40.813991, exponent=-3.3879, rmr=0.033780
Sample tb=291.33 K, log(mass)=-1.1087, 1/(kT)=39.820881, exponent=-2.9211, rmr=0.053873
Sample tb=306.17 K, log(mass)=-1.1087, 1/(kT)=37.890861, exponent=-2.0140, rmr=0.133453
MR results: 0 NA, 0 infinite, 0 negative, 0 zero
Energy calculations: 7875 non-zero gains, 11035 non-zero losses out of 11035 observations
Saved results to output/results/A1/2018/M/eb_results_MS_2018_A1_A1.rds

Processing: Species=MS, Year=2019, Origin=A1, Climate=A1, Sex=M
Looking for climate data at: /mmfs1/gscratch/biology/jmsmith/targeted_microclimate/A1/simplified_A1_2019.rds
Directory /mmfs1/gscratch/biology/jmsmith/targeted_microclimate/A1 exists. Contents:
simplified_A1_1945.rds
simplified_A1_1946.rds
simplified_A1_1947.rds
simplified_A1_1948.rds
simplified_A1_1949.rds
simplified_A1_1950.rds
simplified_A1_1951.rds
simplified_A1_1952.rds
simplified_A1_1953.rds
simplified_A1_1954.rds
simplified_A1_1955.rds
simplified_A1_1956.rds
simplified_A1_1957.rds
simplified_A1_1958.rds
simplified_A1_1959.rds
simplified_A1_1960.rds
simplified_A1_1961.rds
simplified_A1_1962.rds
simplified_A1_1963.rds
simplified_A1_1964.rds
simplified_A1_2005.rds
simplified_A1_2006.rds
simplified_A1_2007.rds
simplified_A1_2008.rds
simplified_A1_2009.rds
simplified_A1_2010.rds
simplified_A1_2011.rds
simplified_A1_2012.rds
simplified_A1_2013.rds
simplified_A1_2014.rds
simplified_A1_2015.rds
simplified_A1_2016.rds
simplified_A1_2017.rds
simplified_A1_2018.rds
simplified_A1_2019.rds
simplified_A1_2020.rds
simplified_A1_2021.rds
simplified_A1_2022.rds
simplified_A1_2023.rds
simplified_A1_2024.rds
Processing batch 1/12 (rows 1-1000)
  Calculated 1000 temperatures. Range: 0.71 to 50.06
Processing batch 2/12 (rows 1001-2000)
  Calculated 1000 temperatures. Range: 4.74 to 60.00
Processing batch 3/12 (rows 2001-3000)
  Calculated 1000 temperatures. Range: 1.95 to 46.15
Processing batch 4/12 (rows 3001-4000)
  Calculated 1000 temperatures. Range: 7.70 to 59.62
Processing batch 5/12 (rows 4001-5000)
  Calculated 1000 temperatures. Range: 1.89 to 49.34
Processing batch 6/12 (rows 5001-6000)
  Calculated 1000 temperatures. Range: 5.80 to 42.99
Processing batch 7/12 (rows 6001-7000)
  Calculated 1000 temperatures. Range: 1.50 to 38.55
Processing batch 8/12 (rows 7001-8000)
  Calculated 1000 temperatures. Range: 2.67 to 21.90
Processing batch 9/12 (rows 8001-9000)
  Calculated 1000 temperatures. Range: 5.53 to 21.87
Processing batch 10/12 (rows 9001-10000)
  Calculated 1000 temperatures. Range: 2.39 to 27.05
Processing batch 11/12 (rows 10001-11000)
  Calculated 1000 temperatures. Range: 7.50 to 27.66
Processing batch 12/12 (rows 11001-11035)
  Calculated 35 temperatures. Range: 9.96 to 24.10
Total observations: 11035, Unique timestamps: 2207
MR parameters: mass=0.33, elev=2195.0, b0=16.50, b1=0.85, b2=-0.47, b3=0.000108
Sample tb=290.19 K, log(mass)=-1.1087, 1/(kT)=39.976487, exponent=-2.9943, rmr=0.050074
Sample tb=287.41 K, log(mass)=-1.1087, 1/(kT)=40.363179, exponent=-3.1760, rmr=0.041752
Sample tb=282.65 K, log(mass)=-1.1087, 1/(kT)=41.043020, exponent=-3.4955, rmr=0.030333
Sample tb=289.27 K, log(mass)=-1.1087, 1/(kT)=40.104176, exponent=-3.0543, rmr=0.047157
Sample tb=291.83 K, log(mass)=-1.1087, 1/(kT)=39.752365, exponent=-2.8889, rmr=0.055637
MR results: 0 NA, 0 infinite, 0 negative, 0 zero
Energy calculations: 7666 non-zero gains, 11035 non-zero losses out of 11035 observations
Saved results to output/results/A1/2019/M/eb_results_MS_2019_A1_A1.rds

Processing: Species=MS, Year=2020, Origin=A1, Climate=A1, Sex=M
Looking for climate data at: /mmfs1/gscratch/biology/jmsmith/targeted_microclimate/A1/simplified_A1_2020.rds
Directory /mmfs1/gscratch/biology/jmsmith/targeted_microclimate/A1 exists. Contents:
simplified_A1_1945.rds
simplified_A1_1946.rds
simplified_A1_1947.rds
simplified_A1_1948.rds
simplified_A1_1949.rds
simplified_A1_1950.rds
simplified_A1_1951.rds
simplified_A1_1952.rds
simplified_A1_1953.rds
simplified_A1_1954.rds
simplified_A1_1955.rds
simplified_A1_1956.rds
simplified_A1_1957.rds
simplified_A1_1958.rds
simplified_A1_1959.rds
simplified_A1_1960.rds
simplified_A1_1961.rds
simplified_A1_1962.rds
simplified_A1_1963.rds
simplified_A1_1964.rds
simplified_A1_2005.rds
simplified_A1_2006.rds
simplified_A1_2007.rds
simplified_A1_2008.rds
simplified_A1_2009.rds
simplified_A1_2010.rds
simplified_A1_2011.rds
simplified_A1_2012.rds
simplified_A1_2013.rds
simplified_A1_2014.rds
simplified_A1_2015.rds
simplified_A1_2016.rds
simplified_A1_2017.rds
simplified_A1_2018.rds
simplified_A1_2019.rds
simplified_A1_2020.rds
simplified_A1_2021.rds
simplified_A1_2022.rds
simplified_A1_2023.rds
simplified_A1_2024.rds
Processing batch 1/12 (rows 1-1000)
  Calculated 1000 temperatures. Range: 1.33 to 60.00
Processing batch 2/12 (rows 1001-2000)
  Calculated 1000 temperatures. Range: 6.21 to 57.36
Processing batch 3/12 (rows 2001-3000)
  Calculated 1000 temperatures. Range: 2.42 to 46.21
Processing batch 4/12 (rows 3001-4000)
  Calculated 1000 temperatures. Range: 7.98 to 49.81
Processing batch 5/12 (rows 4001-5000)
  Calculated 1000 temperatures. Range: 2.88 to 46.69
Processing batch 6/12 (rows 5001-6000)
  Calculated 1000 temperatures. Range: 4.23 to 42.04
Processing batch 7/12 (rows 6001-7000)
  Calculated 1000 temperatures. Range: 2.43 to 41.60
Processing batch 8/12 (rows 7001-8000)
  Calculated 1000 temperatures. Range: 3.08 to 21.20
Processing batch 9/12 (rows 8001-9000)
  Calculated 1000 temperatures. Range: 3.77 to 24.33
Processing batch 10/12 (rows 9001-10000)
  Calculated 1000 temperatures. Range: 4.09 to 27.04
Processing batch 11/12 (rows 10001-11000)
  Calculated 1000 temperatures. Range: 8.44 to 26.76
Processing batch 12/12 (rows 11001-11035)
  Calculated 35 temperatures. Range: 5.20 to 23.50
Total observations: 11035, Unique timestamps: 2207
MR parameters: mass=0.33, elev=2195.0, b0=16.50, b1=0.85, b2=-0.47, b3=0.000108
Sample tb=306.66 K, log(mass)=-1.1087, 1/(kT)=37.830090, exponent=-1.9854, rmr=0.137319
Sample tb=284.82 K, log(mass)=-1.1087, 1/(kT)=40.730140, exponent=-3.3485, rmr=0.035138
Sample tb=300.32 K, log(mass)=-1.1087, 1/(kT)=38.628378, exponent=-2.3606, rmr=0.094360
Sample tb=310.52 K, log(mass)=-1.1087, 1/(kT)=37.360186, exponent=-1.7646, rmr=0.171257
Sample tb=284.55 K, log(mass)=-1.1087, 1/(kT)=40.769128, exponent=-3.3668, rmr=0.034500
MR results: 0 NA, 0 infinite, 0 negative, 0 zero
Energy calculations: 7940 non-zero gains, 11035 non-zero losses out of 11035 observations
Saved results to output/results/A1/2020/M/eb_results_MS_2020_A1_A1.rds

Processing: Species=MS, Year=2021, Origin=A1, Climate=A1, Sex=M
Looking for climate data at: /mmfs1/gscratch/biology/jmsmith/targeted_microclimate/A1/simplified_A1_2021.rds
Directory /mmfs1/gscratch/biology/jmsmith/targeted_microclimate/A1 exists. Contents:
simplified_A1_1945.rds
simplified_A1_1946.rds
simplified_A1_1947.rds
simplified_A1_1948.rds
simplified_A1_1949.rds
simplified_A1_1950.rds
simplified_A1_1951.rds
simplified_A1_1952.rds
simplified_A1_1953.rds
simplified_A1_1954.rds
simplified_A1_1955.rds
simplified_A1_1956.rds
simplified_A1_1957.rds
simplified_A1_1958.rds
simplified_A1_1959.rds
simplified_A1_1960.rds
simplified_A1_1961.rds
simplified_A1_1962.rds
simplified_A1_1963.rds
simplified_A1_1964.rds
simplified_A1_2005.rds
simplified_A1_2006.rds
simplified_A1_2007.rds
simplified_A1_2008.rds
simplified_A1_2009.rds
simplified_A1_2010.rds
simplified_A1_2011.rds
simplified_A1_2012.rds
simplified_A1_2013.rds
simplified_A1_2014.rds
simplified_A1_2015.rds
simplified_A1_2016.rds
simplified_A1_2017.rds
simplified_A1_2018.rds
simplified_A1_2019.rds
simplified_A1_2020.rds
simplified_A1_2021.rds
simplified_A1_2022.rds
simplified_A1_2023.rds
simplified_A1_2024.rds
Processing batch 1/12 (rows 1-1000)
  Calculated 1000 temperatures. Range: 2.05 to 56.56
Processing batch 2/12 (rows 1001-2000)
  Calculated 1000 temperatures. Range: 5.76 to 55.68
Processing batch 3/12 (rows 2001-3000)
  Calculated 1000 temperatures. Range: 2.80 to 47.38
Processing batch 4/12 (rows 3001-4000)
  Calculated 1000 temperatures. Range: 8.32 to 45.66
Processing batch 5/12 (rows 4001-5000)
  Calculated 1000 temperatures. Range: 2.78 to 39.54
Processing batch 6/12 (rows 5001-6000)
  Calculated 1000 temperatures. Range: 6.14 to 38.41
Processing batch 7/12 (rows 6001-7000)
  Calculated 1000 temperatures. Range: 2.36 to 36.35
Processing batch 8/12 (rows 7001-8000)
  Calculated 1000 temperatures. Range: 5.28 to 22.52
Processing batch 9/12 (rows 8001-9000)
  Calculated 1000 temperatures. Range: 2.97 to 23.70
Processing batch 10/12 (rows 9001-10000)
  Calculated 1000 temperatures. Range: 4.32 to 26.90
Processing batch 11/12 (rows 10001-11000)
  Calculated 1000 temperatures. Range: 7.90 to 27.25
Processing batch 12/12 (rows 11001-11035)
  Calculated 35 temperatures. Range: 8.24 to 24.62
Total observations: 11035, Unique timestamps: 2207
MR parameters: mass=0.33, elev=2195.0, b0=16.50, b1=0.85, b2=-0.47, b3=0.000108
Sample tb=298.59 K, log(mass)=-1.1087, 1/(kT)=38.852217, exponent=-2.4658, rmr=0.084937
Sample tb=282.01 K, log(mass)=-1.1087, 1/(kT)=41.136202, exponent=-3.5393, rmr=0.029033
Sample tb=294.86 K, log(mass)=-1.1087, 1/(kT)=39.343205, exponent=-2.6966, rmr=0.067434
Sample tb=308.05 K, log(mass)=-1.1087, 1/(kT)=37.658638, exponent=-1.9049, rmr=0.148843
Sample tb=292.35 K, log(mass)=-1.1087, 1/(kT)=39.681880, exponent=-2.8558, rmr=0.057511
MR results: 0 NA, 0 infinite, 0 negative, 0 zero
Energy calculations: 7929 non-zero gains, 11035 non-zero losses out of 11035 observations
Saved results to output/results/A1/2021/M/eb_results_MS_2021_A1_A1.rds

Processing: Species=MS, Year=2022, Origin=A1, Climate=A1, Sex=M
Looking for climate data at: /mmfs1/gscratch/biology/jmsmith/targeted_microclimate/A1/simplified_A1_2022.rds
Directory /mmfs1/gscratch/biology/jmsmith/targeted_microclimate/A1 exists. Contents:
simplified_A1_1945.rds
simplified_A1_1946.rds
simplified_A1_1947.rds
simplified_A1_1948.rds
simplified_A1_1949.rds
simplified_A1_1950.rds
simplified_A1_1951.rds
simplified_A1_1952.rds
simplified_A1_1953.rds
simplified_A1_1954.rds
simplified_A1_1955.rds
simplified_A1_1956.rds
simplified_A1_1957.rds
simplified_A1_1958.rds
simplified_A1_1959.rds
simplified_A1_1960.rds
simplified_A1_1961.rds
simplified_A1_1962.rds
simplified_A1_1963.rds
simplified_A1_1964.rds
simplified_A1_2005.rds
simplified_A1_2006.rds
simplified_A1_2007.rds
simplified_A1_2008.rds
simplified_A1_2009.rds
simplified_A1_2010.rds
simplified_A1_2011.rds
simplified_A1_2012.rds
simplified_A1_2013.rds
simplified_A1_2014.rds
simplified_A1_2015.rds
simplified_A1_2016.rds
simplified_A1_2017.rds
simplified_A1_2018.rds
simplified_A1_2019.rds
simplified_A1_2020.rds
simplified_A1_2021.rds
simplified_A1_2022.rds
simplified_A1_2023.rds
simplified_A1_2024.rds
Processing batch 1/12 (rows 1-1000)
  Calculated 1000 temperatures. Range: 1.99 to 49.86
Processing batch 2/12 (rows 1001-2000)
  Calculated 1000 temperatures. Range: 6.96 to 49.20
Processing batch 3/12 (rows 2001-3000)
  Calculated 1000 temperatures. Range: 3.11 to 46.04
Processing batch 4/12 (rows 3001-4000)
  Calculated 1000 temperatures. Range: 9.30 to 43.35
Processing batch 5/12 (rows 4001-5000)
  Calculated 1000 temperatures. Range: 2.87 to 38.59
Processing batch 6/12 (rows 5001-6000)
  Calculated 1000 temperatures. Range: 6.28 to 40.01
Processing batch 7/12 (rows 6001-7000)
  Calculated 1000 temperatures. Range: 2.62 to 35.81
Processing batch 8/12 (rows 7001-8000)
  Calculated 1000 temperatures. Range: 3.90 to 22.46
Processing batch 9/12 (rows 8001-9000)
  Calculated 1000 temperatures. Range: 3.12 to 21.72
Processing batch 10/12 (rows 9001-10000)
  Calculated 1000 temperatures. Range: 5.78 to 27.11
Processing batch 11/12 (rows 10001-11000)
  Calculated 1000 temperatures. Range: 8.79 to 26.08
Processing batch 12/12 (rows 11001-11035)
  Calculated 35 temperatures. Range: 8.87 to 24.07
Total observations: 11035, Unique timestamps: 2207
MR parameters: mass=0.33, elev=2195.0, b0=16.50, b1=0.85, b2=-0.47, b3=0.000108
Sample tb=283.57 K, log(mass)=-1.1087, 1/(kT)=40.910339, exponent=-3.4332, rmr=0.032285
Sample tb=303.72 K, log(mass)=-1.1087, 1/(kT)=38.195959, exponent=-2.1574, rmr=0.115625
Sample tb=291.13 K, log(mass)=-1.1087, 1/(kT)=39.847333, exponent=-2.9335, rmr=0.053208
Sample tb=281.05 K, log(mass)=-1.1087, 1/(kT)=41.277650, exponent=-3.6058, rmr=0.027166
Sample tb=282.11 K, log(mass)=-1.1087, 1/(kT)=41.121601, exponent=-3.5325, rmr=0.029233
MR results: 0 NA, 0 infinite, 0 negative, 0 zero
Energy calculations: 8366 non-zero gains, 11035 non-zero losses out of 11035 observations
Saved results to output/results/A1/2022/M/eb_results_MS_2022_A1_A1.rds

Processing: Species=MS, Year=2023, Origin=A1, Climate=A1, Sex=M
Looking for climate data at: /mmfs1/gscratch/biology/jmsmith/targeted_microclimate/A1/simplified_A1_2023.rds
Directory /mmfs1/gscratch/biology/jmsmith/targeted_microclimate/A1 exists. Contents:
simplified_A1_1945.rds
simplified_A1_1946.rds
simplified_A1_1947.rds
simplified_A1_1948.rds
simplified_A1_1949.rds
simplified_A1_1950.rds
simplified_A1_1951.rds
simplified_A1_1952.rds
simplified_A1_1953.rds
simplified_A1_1954.rds
simplified_A1_1955.rds
simplified_A1_1956.rds
simplified_A1_1957.rds
simplified_A1_1958.rds
simplified_A1_1959.rds
simplified_A1_1960.rds
simplified_A1_1961.rds
simplified_A1_1962.rds
simplified_A1_1963.rds
simplified_A1_1964.rds
simplified_A1_2005.rds
simplified_A1_2006.rds
simplified_A1_2007.rds
simplified_A1_2008.rds
simplified_A1_2009.rds
simplified_A1_2010.rds
simplified_A1_2011.rds
simplified_A1_2012.rds
simplified_A1_2013.rds
simplified_A1_2014.rds
simplified_A1_2015.rds
simplified_A1_2016.rds
simplified_A1_2017.rds
simplified_A1_2018.rds
simplified_A1_2019.rds
simplified_A1_2020.rds
simplified_A1_2021.rds
simplified_A1_2022.rds
simplified_A1_2023.rds
simplified_A1_2024.rds
Processing batch 1/12 (rows 1-1000)
  Calculated 1000 temperatures. Range: 3.32 to 45.39
Processing batch 2/12 (rows 1001-2000)
  Calculated 1000 temperatures. Range: 4.97 to 48.36
Processing batch 3/12 (rows 2001-3000)
  Calculated 1000 temperatures. Range: 5.55 to 43.94
Processing batch 4/12 (rows 3001-4000)
  Calculated 1000 temperatures. Range: 6.55 to 41.88
Processing batch 5/12 (rows 4001-5000)
  Calculated 1000 temperatures. Range: 4.97 to 39.61
Processing batch 6/12 (rows 5001-6000)
  Calculated 1000 temperatures. Range: 6.27 to 38.34
Processing batch 7/12 (rows 6001-7000)
  Calculated 1000 temperatures. Range: 4.10 to 35.32
Processing batch 8/12 (rows 7001-8000)
  Calculated 1000 temperatures. Range: 4.04 to 22.04
Processing batch 9/12 (rows 8001-9000)
  Calculated 1000 temperatures. Range: 5.91 to 21.50
Processing batch 10/12 (rows 9001-10000)
  Calculated 1000 temperatures. Range: 5.06 to 26.84
Processing batch 11/12 (rows 10001-11000)
  Calculated 1000 temperatures. Range: 7.08 to 26.73
Processing batch 12/12 (rows 11001-11035)
  Calculated 35 temperatures. Range: 10.28 to 25.25
Total observations: 11035, Unique timestamps: 2207
MR parameters: mass=0.33, elev=2195.0, b0=16.50, b1=0.85, b2=-0.47, b3=0.000108
Sample tb=285.30 K, log(mass)=-1.1087, 1/(kT)=40.662186, exponent=-3.3165, rmr=0.036278
Sample tb=300.75 K, log(mass)=-1.1087, 1/(kT)=38.572744, exponent=-2.3345, rmr=0.096860
Sample tb=281.21 K, log(mass)=-1.1087, 1/(kT)=41.253787, exponent=-3.5946, rmr=0.027472
Sample tb=301.45 K, log(mass)=-1.1087, 1/(kT)=38.484057, exponent=-2.2928, rmr=0.100982
Sample tb=287.52 K, log(mass)=-1.1087, 1/(kT)=40.348685, exponent=-3.1692, rmr=0.042038
MR results: 0 NA, 0 infinite, 0 negative, 0 zero
Energy calculations: 7569 non-zero gains, 11035 non-zero losses out of 11035 observations
Saved results to output/results/A1/2023/M/eb_results_MS_2023_A1_A1.rds

Processing: Species=MS, Year=2024, Origin=A1, Climate=A1, Sex=M
Looking for climate data at: /mmfs1/gscratch/biology/jmsmith/targeted_microclimate/A1/simplified_A1_2024.rds
Directory /mmfs1/gscratch/biology/jmsmith/targeted_microclimate/A1 exists. Contents:
simplified_A1_1945.rds
simplified_A1_1946.rds
simplified_A1_1947.rds
simplified_A1_1948.rds
simplified_A1_1949.rds
simplified_A1_1950.rds
simplified_A1_1951.rds
simplified_A1_1952.rds
simplified_A1_1953.rds
simplified_A1_1954.rds
simplified_A1_1955.rds
simplified_A1_1956.rds
simplified_A1_1957.rds
simplified_A1_1958.rds
simplified_A1_1959.rds
simplified_A1_1960.rds
simplified_A1_1961.rds
simplified_A1_1962.rds
simplified_A1_1963.rds
simplified_A1_1964.rds
simplified_A1_2005.rds
simplified_A1_2006.rds
simplified_A1_2007.rds
simplified_A1_2008.rds
simplified_A1_2009.rds
simplified_A1_2010.rds
simplified_A1_2011.rds
simplified_A1_2012.rds
simplified_A1_2013.rds
simplified_A1_2014.rds
simplified_A1_2015.rds
simplified_A1_2016.rds
simplified_A1_2017.rds
simplified_A1_2018.rds
simplified_A1_2019.rds
simplified_A1_2020.rds
simplified_A1_2021.rds
simplified_A1_2022.rds
simplified_A1_2023.rds
simplified_A1_2024.rds
Processing batch 1/12 (rows 1-1000)
  Calculated 1000 temperatures. Range: 2.35 to 57.12
Processing batch 2/12 (rows 1001-2000)
  Calculated 1000 temperatures. Range: 6.89 to 60.00
Processing batch 3/12 (rows 2001-3000)
  Calculated 1000 temperatures. Range: 4.61 to 42.96
Processing batch 4/12 (rows 3001-4000)
  Calculated 1000 temperatures. Range: 6.69 to 55.88
Processing batch 5/12 (rows 4001-5000)
  Calculated 1000 temperatures. Range: 4.06 to 42.90
Processing batch 6/12 (rows 5001-6000)
  Calculated 1000 temperatures. Range: 5.87 to 46.99
Processing batch 7/12 (rows 6001-7000)
  Calculated 1000 temperatures. Range: 5.19 to 39.39
Processing batch 8/12 (rows 7001-8000)
  Calculated 1000 temperatures. Range: 3.72 to 22.04
Processing batch 9/12 (rows 8001-9000)
  Calculated 1000 temperatures. Range: 6.04 to 23.71
Processing batch 10/12 (rows 9001-10000)
  Calculated 1000 temperatures. Range: 5.38 to 27.74
Processing batch 11/12 (rows 10001-11000)
  Calculated 1000 temperatures. Range: 7.91 to 26.74
Processing batch 12/12 (rows 11001-11035)
  Calculated 35 temperatures. Range: 7.62 to 23.26
Total observations: 11035, Unique timestamps: 2207
MR parameters: mass=0.33, elev=2195.0, b0=16.50, b1=0.85, b2=-0.47, b3=0.000108
Sample tb=285.69 K, log(mass)=-1.1087, 1/(kT)=40.606203, exponent=-3.2902, rmr=0.037246
Sample tb=283.29 K, log(mass)=-1.1087, 1/(kT)=40.950984, exponent=-3.4523, rmr=0.031674
Sample tb=286.90 K, log(mass)=-1.1087, 1/(kT)=40.435054, exponent=-3.2098, rmr=0.040366
Sample tb=282.02 K, log(mass)=-1.1087, 1/(kT)=41.134966, exponent=-3.5387, rmr=0.029050
Sample tb=286.23 K, log(mass)=-1.1087, 1/(kT)=40.530718, exponent=-3.2547, rmr=0.038591
MR results: 0 NA, 0 infinite, 0 negative, 0 zero
Energy calculations: 8288 non-zero gains, 11035 non-zero losses out of 11035 observations
Saved results to output/results/A1/2024/M/eb_results_MS_2024_A1_A1.rds

All years processed.
