Arguments received:
Species: MS
Years: 1945, 1946, 1947, 1948, 1949, 1950, 1951, 1952, 1953, 1954, 1955, 1956, 1957, 1958, 1959, 1960, 1961, 1962, 1963, 1964
Origin site: B1
Climate site: Eldo
Sex: F
Output directory: output/results/B1
Library paths:
[1] "/gscratch/biology/jmsmith/R"                          
[2] "/mmfs1/home/smithju/R/x86_64-pc-linux-gnu-library/4.4"
[3] "/usr/local/lib/R/site-library"                        
[4] "/usr/local/lib/R/library"                             
Package tidyverse loaded successfully
Package TrenchR loaded successfully
Package rTPC loaded successfully
Package lubridate loaded successfully

Processing: Species=MS, Year=1945, Origin=B1, Climate=Eldo, Sex=F
Looking for climate data at: /mmfs1/gscratch/biology/jmsmith/targeted_microclimate/Eldo/simplified_Eldo_1945.rds
Directory /mmfs1/gscratch/biology/jmsmith/targeted_microclimate/Eldo exists. Contents:
simplified_Eldo_1945.rds
simplified_Eldo_1946.rds
simplified_Eldo_1947.rds
simplified_Eldo_1948.rds
simplified_Eldo_1949.rds
simplified_Eldo_1950.rds
simplified_Eldo_1951.rds
simplified_Eldo_1952.rds
simplified_Eldo_1953.rds
simplified_Eldo_1954.rds
simplified_Eldo_1955.rds
simplified_Eldo_1956.rds
simplified_Eldo_1957.rds
simplified_Eldo_1958.rds
simplified_Eldo_1959.rds
simplified_Eldo_1960.rds
simplified_Eldo_1961.rds
simplified_Eldo_1962.rds
simplified_Eldo_1963.rds
simplified_Eldo_1964.rds
simplified_Eldo_2005.rds
simplified_Eldo_2006.rds
simplified_Eldo_2007.rds
simplified_Eldo_2008.rds
simplified_Eldo_2009.rds
simplified_Eldo_2010.rds
simplified_Eldo_2011.rds
simplified_Eldo_2012.rds
simplified_Eldo_2013.rds
simplified_Eldo_2014.rds
simplified_Eldo_2015.rds
simplified_Eldo_2016.rds
simplified_Eldo_2017.rds
simplified_Eldo_2018.rds
simplified_Eldo_2019.rds
simplified_Eldo_2020.rds
simplified_Eldo_2021.rds
simplified_Eldo_2022.rds
simplified_Eldo_2023.rds
simplified_Eldo_2024.rds
Processing batch 1/12 (rows 1-1000)
  Calculated 1000 temperatures. Range: -7.50 to 48.72
Processing batch 2/12 (rows 1001-2000)
  Calculated 1000 temperatures. Range: 4.38 to 49.76
Processing batch 3/12 (rows 2001-3000)
  Calculated 1000 temperatures. Range: -6.42 to 41.51
Processing batch 4/12 (rows 3001-4000)
  Calculated 1000 temperatures. Range: 4.38 to 40.98
Processing batch 5/12 (rows 4001-5000)
  Calculated 1000 temperatures. Range: -5.26 to 37.93
Processing batch 6/12 (rows 5001-6000)
  Calculated 1000 temperatures. Range: 2.76 to 19.18
Processing batch 7/12 (rows 6001-7000)
  Calculated 1000 temperatures. Range: -2.22 to 19.84
Processing batch 8/12 (rows 7001-8000)
  Calculated 1000 temperatures. Range: -5.17 to 21.56
Processing batch 9/12 (rows 8001-9000)
  Calculated 1000 temperatures. Range: 1.63 to 29.14
Processing batch 10/12 (rows 9001-10000)
  Calculated 1000 temperatures. Range: -6.16 to 37.13
Processing batch 11/12 (rows 10001-11000)
  Calculated 1000 temperatures. Range: 4.51 to 38.61
Processing batch 12/12 (rows 11001-11035)
  Calculated 35 temperatures. Range: 7.35 to 31.96
Total observations: 11035, Unique timestamps: 2207
MR parameters: mass=0.29, elev=2591.0, b0=16.50, b1=0.85, b2=-0.47, b3=0.000108
Sample tb=293.32 K, log(mass)=-1.2379, 1/(kT)=39.550490, exponent=-2.8611, rmr=0.057206
Sample tb=285.19 K, log(mass)=-1.2379, 1/(kT)=40.677234, exponent=-3.3907, rmr=0.033686
Sample tb=297.11 K, log(mass)=-1.2379, 1/(kT)=39.046113, exponent=-2.6240, rmr=0.072509
Sample tb=298.19 K, log(mass)=-1.2379, 1/(kT)=38.904986, exponent=-2.5577, rmr=0.077482
Sample tb=286.69 K, log(mass)=-1.2379, 1/(kT)=40.465317, exponent=-3.2911, rmr=0.037214
MR results: 0 NA, 0 infinite, 0 negative, 0 zero
Energy calculations: 6282 non-zero gains, 11035 non-zero losses out of 11035 observations
Saved results to output/results/B1/1945/F/eb_results_MS_1945_B1_Eldo.rds

Processing: Species=MS, Year=1946, Origin=B1, Climate=Eldo, Sex=F
Looking for climate data at: /mmfs1/gscratch/biology/jmsmith/targeted_microclimate/Eldo/simplified_Eldo_1946.rds
Directory /mmfs1/gscratch/biology/jmsmith/targeted_microclimate/Eldo exists. Contents:
simplified_Eldo_1945.rds
simplified_Eldo_1946.rds
simplified_Eldo_1947.rds
simplified_Eldo_1948.rds
simplified_Eldo_1949.rds
simplified_Eldo_1950.rds
simplified_Eldo_1951.rds
simplified_Eldo_1952.rds
simplified_Eldo_1953.rds
simplified_Eldo_1954.rds
simplified_Eldo_1955.rds
simplified_Eldo_1956.rds
simplified_Eldo_1957.rds
simplified_Eldo_1958.rds
simplified_Eldo_1959.rds
simplified_Eldo_1960.rds
simplified_Eldo_1961.rds
simplified_Eldo_1962.rds
simplified_Eldo_1963.rds
simplified_Eldo_1964.rds
simplified_Eldo_2005.rds
simplified_Eldo_2006.rds
simplified_Eldo_2007.rds
simplified_Eldo_2008.rds
simplified_Eldo_2009.rds
simplified_Eldo_2010.rds
simplified_Eldo_2011.rds
simplified_Eldo_2012.rds
simplified_Eldo_2013.rds
simplified_Eldo_2014.rds
simplified_Eldo_2015.rds
simplified_Eldo_2016.rds
simplified_Eldo_2017.rds
simplified_Eldo_2018.rds
simplified_Eldo_2019.rds
simplified_Eldo_2020.rds
simplified_Eldo_2021.rds
simplified_Eldo_2022.rds
simplified_Eldo_2023.rds
simplified_Eldo_2024.rds
Processing batch 1/12 (rows 1-1000)
  Calculated 1000 temperatures. Range: -2.34 to 54.18
Processing batch 2/12 (rows 1001-2000)
  Calculated 1000 temperatures. Range: 4.63 to 55.39
Processing batch 3/12 (rows 2001-3000)
  Calculated 1000 temperatures. Range: -0.94 to 44.23
Processing batch 4/12 (rows 3001-4000)
  Calculated 1000 temperatures. Range: 5.22 to 47.27
Processing batch 5/12 (rows 4001-5000)
  Calculated 1000 temperatures. Range: -0.10 to 39.93
Processing batch 6/12 (rows 5001-6000)
  Calculated 1000 temperatures. Range: 2.62 to 20.07
Processing batch 7/12 (rows 6001-7000)
  Calculated 1000 temperatures. Range: 1.41 to 21.97
Processing batch 8/12 (rows 7001-8000)
  Calculated 1000 temperatures. Range: 0.39 to 24.11
Processing batch 9/12 (rows 8001-9000)
  Calculated 1000 temperatures. Range: 0.18 to 41.51
Processing batch 10/12 (rows 9001-10000)
  Calculated 1000 temperatures. Range: -0.62 to 43.86
Processing batch 11/12 (rows 10001-11000)
  Calculated 1000 temperatures. Range: 4.91 to 40.90
Processing batch 12/12 (rows 11001-11035)
  Calculated 35 temperatures. Range: 4.85 to 30.87
Total observations: 11035, Unique timestamps: 2207
MR parameters: mass=0.29, elev=2591.0, b0=16.50, b1=0.85, b2=-0.47, b3=0.000108
Sample tb=300.33 K, log(mass)=-1.2379, 1/(kT)=38.626897, exponent=-2.4270, rmr=0.088301
Sample tb=277.07 K, log(mass)=-1.2379, 1/(kT)=41.869520, exponent=-3.9510, rmr=0.019235
Sample tb=283.04 K, log(mass)=-1.2379, 1/(kT)=40.986332, exponent=-3.5359, rmr=0.029131
Sample tb=283.79 K, log(mass)=-1.2379, 1/(kT)=40.878442, exponent=-3.4852, rmr=0.030647
Sample tb=276.60 K, log(mass)=-1.2379, 1/(kT)=41.940885, exponent=-3.9846, rmr=0.018600
MR results: 0 NA, 0 infinite, 0 negative, 0 zero
Energy calculations: 6831 non-zero gains, 11035 non-zero losses out of 11035 observations
Saved results to output/results/B1/1946/F/eb_results_MS_1946_B1_Eldo.rds

Processing: Species=MS, Year=1947, Origin=B1, Climate=Eldo, Sex=F
Looking for climate data at: /mmfs1/gscratch/biology/jmsmith/targeted_microclimate/Eldo/simplified_Eldo_1947.rds
Directory /mmfs1/gscratch/biology/jmsmith/targeted_microclimate/Eldo exists. Contents:
simplified_Eldo_1945.rds
simplified_Eldo_1946.rds
simplified_Eldo_1947.rds
simplified_Eldo_1948.rds
simplified_Eldo_1949.rds
simplified_Eldo_1950.rds
simplified_Eldo_1951.rds
simplified_Eldo_1952.rds
simplified_Eldo_1953.rds
simplified_Eldo_1954.rds
simplified_Eldo_1955.rds
simplified_Eldo_1956.rds
simplified_Eldo_1957.rds
simplified_Eldo_1958.rds
simplified_Eldo_1959.rds
simplified_Eldo_1960.rds
simplified_Eldo_1961.rds
simplified_Eldo_1962.rds
simplified_Eldo_1963.rds
simplified_Eldo_1964.rds
simplified_Eldo_2005.rds
simplified_Eldo_2006.rds
simplified_Eldo_2007.rds
simplified_Eldo_2008.rds
simplified_Eldo_2009.rds
simplified_Eldo_2010.rds
simplified_Eldo_2011.rds
simplified_Eldo_2012.rds
simplified_Eldo_2013.rds
simplified_Eldo_2014.rds
simplified_Eldo_2015.rds
simplified_Eldo_2016.rds
simplified_Eldo_2017.rds
simplified_Eldo_2018.rds
simplified_Eldo_2019.rds
simplified_Eldo_2020.rds
simplified_Eldo_2021.rds
simplified_Eldo_2022.rds
simplified_Eldo_2023.rds
simplified_Eldo_2024.rds
Processing batch 1/12 (rows 1-1000)
  Calculated 1000 temperatures. Range: -7.04 to 47.34
Processing batch 2/12 (rows 1001-2000)
  Calculated 1000 temperatures. Range: 4.14 to 49.23
Processing batch 3/12 (rows 2001-3000)
  Calculated 1000 temperatures. Range: -5.69 to 38.19
Processing batch 4/12 (rows 3001-4000)
  Calculated 1000 temperatures. Range: 5.23 to 41.07
Processing batch 5/12 (rows 4001-5000)
  Calculated 1000 temperatures. Range: -5.06 to 33.82
Processing batch 6/12 (rows 5001-6000)
  Calculated 1000 temperatures. Range: 2.57 to 20.12
Processing batch 7/12 (rows 6001-7000)
  Calculated 1000 temperatures. Range: -4.67 to 20.55
Processing batch 8/12 (rows 7001-8000)
  Calculated 1000 temperatures. Range: 2.15 to 22.64
Processing batch 9/12 (rows 8001-9000)
  Calculated 1000 temperatures. Range: 0.97 to 30.33
Processing batch 10/12 (rows 9001-10000)
  Calculated 1000 temperatures. Range: -5.55 to 36.12
Processing batch 11/12 (rows 10001-11000)
  Calculated 1000 temperatures. Range: 5.23 to 38.24
Processing batch 12/12 (rows 11001-11035)
  Calculated 35 temperatures. Range: 8.35 to 29.45
Total observations: 11035, Unique timestamps: 2207
MR parameters: mass=0.29, elev=2591.0, b0=16.50, b1=0.85, b2=-0.47, b3=0.000108
Sample tb=285.44 K, log(mass)=-1.2379, 1/(kT)=40.642939, exponent=-3.3745, rmr=0.034234
Sample tb=304.86 K, log(mass)=-1.2379, 1/(kT)=38.053792, exponent=-2.1576, rmr=0.115597
Sample tb=296.25 K, log(mass)=-1.2379, 1/(kT)=39.159252, exponent=-2.6772, rmr=0.068754
Sample tb=316.12 K, log(mass)=-1.2379, 1/(kT)=36.697346, exponent=-1.5201, rmr=0.218686
Sample tb=280.28 K, log(mass)=-1.2379, 1/(kT)=41.391002, exponent=-3.7261, rmr=0.024086
MR results: 0 NA, 0 infinite, 0 negative, 0 zero
Energy calculations: 6607 non-zero gains, 11035 non-zero losses out of 11035 observations
Saved results to output/results/B1/1947/F/eb_results_MS_1947_B1_Eldo.rds

Processing: Species=MS, Year=1948, Origin=B1, Climate=Eldo, Sex=F
Looking for climate data at: /mmfs1/gscratch/biology/jmsmith/targeted_microclimate/Eldo/simplified_Eldo_1948.rds
Directory /mmfs1/gscratch/biology/jmsmith/targeted_microclimate/Eldo exists. Contents:
simplified_Eldo_1945.rds
simplified_Eldo_1946.rds
simplified_Eldo_1947.rds
simplified_Eldo_1948.rds
simplified_Eldo_1949.rds
simplified_Eldo_1950.rds
simplified_Eldo_1951.rds
simplified_Eldo_1952.rds
simplified_Eldo_1953.rds
simplified_Eldo_1954.rds
simplified_Eldo_1955.rds
simplified_Eldo_1956.rds
simplified_Eldo_1957.rds
simplified_Eldo_1958.rds
simplified_Eldo_1959.rds
simplified_Eldo_1960.rds
simplified_Eldo_1961.rds
simplified_Eldo_1962.rds
simplified_Eldo_1963.rds
simplified_Eldo_1964.rds
simplified_Eldo_2005.rds
simplified_Eldo_2006.rds
simplified_Eldo_2007.rds
simplified_Eldo_2008.rds
simplified_Eldo_2009.rds
simplified_Eldo_2010.rds
simplified_Eldo_2011.rds
simplified_Eldo_2012.rds
simplified_Eldo_2013.rds
simplified_Eldo_2014.rds
simplified_Eldo_2015.rds
simplified_Eldo_2016.rds
simplified_Eldo_2017.rds
simplified_Eldo_2018.rds
simplified_Eldo_2019.rds
simplified_Eldo_2020.rds
simplified_Eldo_2021.rds
simplified_Eldo_2022.rds
simplified_Eldo_2023.rds
simplified_Eldo_2024.rds
Processing batch 1/12 (rows 1-1000)
  Calculated 1000 temperatures. Range: 1.70 to 55.85
Processing batch 2/12 (rows 1001-2000)
  Calculated 1000 temperatures. Range: 2.60 to 52.69
Processing batch 3/12 (rows 2001-3000)
  Calculated 1000 temperatures. Range: 2.67 to 49.03
Processing batch 4/12 (rows 3001-4000)
  Calculated 1000 temperatures. Range: 4.63 to 45.48
Processing batch 5/12 (rows 4001-5000)
  Calculated 1000 temperatures. Range: 3.05 to 41.29
Processing batch 6/12 (rows 5001-6000)
  Calculated 1000 temperatures. Range: 3.07 to 18.90
Processing batch 7/12 (rows 6001-7000)
  Calculated 1000 temperatures. Range: 3.78 to 20.57
Processing batch 8/12 (rows 7001-8000)
  Calculated 1000 temperatures. Range: 3.98 to 22.50
Processing batch 9/12 (rows 8001-9000)
  Calculated 1000 temperatures. Range: 3.35 to 37.46
Processing batch 10/12 (rows 9001-10000)
  Calculated 1000 temperatures. Range: 3.14 to 42.80
Processing batch 11/12 (rows 10001-11000)
  Calculated 1000 temperatures. Range: 4.29 to 41.02
Processing batch 12/12 (rows 11001-11035)
  Calculated 35 temperatures. Range: 5.83 to 38.27
Total observations: 11035, Unique timestamps: 2207
MR parameters: mass=0.29, elev=2591.0, b0=16.50, b1=0.85, b2=-0.47, b3=0.000108
Sample tb=282.26 K, log(mass)=-1.2379, 1/(kT)=41.099840, exponent=-3.5893, rmr=0.027618
Sample tb=299.36 K, log(mass)=-1.2379, 1/(kT)=38.752656, exponent=-2.4861, rmr=0.083233
Sample tb=279.39 K, log(mass)=-1.2379, 1/(kT)=41.522373, exponent=-3.7879, rmr=0.022644
Sample tb=290.64 K, log(mass)=-1.2379, 1/(kT)=39.914898, exponent=-3.0324, rmr=0.048201
Sample tb=288.12 K, log(mass)=-1.2379, 1/(kT)=40.264803, exponent=-3.1968, rmr=0.040892
MR results: 0 NA, 0 infinite, 0 negative, 0 zero
Energy calculations: 6521 non-zero gains, 11035 non-zero losses out of 11035 observations
Saved results to output/results/B1/1948/F/eb_results_MS_1948_B1_Eldo.rds

Processing: Species=MS, Year=1949, Origin=B1, Climate=Eldo, Sex=F
Looking for climate data at: /mmfs1/gscratch/biology/jmsmith/targeted_microclimate/Eldo/simplified_Eldo_1949.rds
Directory /mmfs1/gscratch/biology/jmsmith/targeted_microclimate/Eldo exists. Contents:
simplified_Eldo_1945.rds
simplified_Eldo_1946.rds
simplified_Eldo_1947.rds
simplified_Eldo_1948.rds
simplified_Eldo_1949.rds
simplified_Eldo_1950.rds
simplified_Eldo_1951.rds
simplified_Eldo_1952.rds
simplified_Eldo_1953.rds
simplified_Eldo_1954.rds
simplified_Eldo_1955.rds
simplified_Eldo_1956.rds
simplified_Eldo_1957.rds
simplified_Eldo_1958.rds
simplified_Eldo_1959.rds
simplified_Eldo_1960.rds
simplified_Eldo_1961.rds
simplified_Eldo_1962.rds
simplified_Eldo_1963.rds
simplified_Eldo_1964.rds
simplified_Eldo_2005.rds
simplified_Eldo_2006.rds
simplified_Eldo_2007.rds
simplified_Eldo_2008.rds
simplified_Eldo_2009.rds
simplified_Eldo_2010.rds
simplified_Eldo_2011.rds
simplified_Eldo_2012.rds
simplified_Eldo_2013.rds
simplified_Eldo_2014.rds
simplified_Eldo_2015.rds
simplified_Eldo_2016.rds
simplified_Eldo_2017.rds
simplified_Eldo_2018.rds
simplified_Eldo_2019.rds
simplified_Eldo_2020.rds
simplified_Eldo_2021.rds
simplified_Eldo_2022.rds
simplified_Eldo_2023.rds
simplified_Eldo_2024.rds
Processing batch 1/12 (rows 1-1000)
  Calculated 1000 temperatures. Range: -1.51 to 51.86
Processing batch 2/12 (rows 1001-2000)
  Calculated 1000 temperatures. Range: 2.74 to 57.93
Processing batch 3/12 (rows 2001-3000)
  Calculated 1000 temperatures. Range: 0.13 to 44.42
Processing batch 4/12 (rows 3001-4000)
  Calculated 1000 temperatures. Range: 6.07 to 47.44
Processing batch 5/12 (rows 4001-5000)
  Calculated 1000 temperatures. Range: 0.38 to 38.32
Processing batch 6/12 (rows 5001-6000)
  Calculated 1000 temperatures. Range: 4.01 to 19.61
Processing batch 7/12 (rows 6001-7000)
  Calculated 1000 temperatures. Range: 1.19 to 21.65
Processing batch 8/12 (rows 7001-8000)
  Calculated 1000 temperatures. Range: 5.53 to 23.07
Processing batch 9/12 (rows 8001-9000)
  Calculated 1000 temperatures. Range: 0.06 to 32.10
Processing batch 10/12 (rows 9001-10000)
  Calculated 1000 temperatures. Range: 4.29 to 41.87
Processing batch 11/12 (rows 10001-11000)
  Calculated 1000 temperatures. Range: 4.42 to 44.07
Processing batch 12/12 (rows 11001-11035)
  Calculated 35 temperatures. Range: 5.32 to 24.16
Total observations: 11035, Unique timestamps: 2207
MR parameters: mass=0.29, elev=2591.0, b0=16.50, b1=0.85, b2=-0.47, b3=0.000108
Sample tb=294.79 K, log(mass)=-1.2379, 1/(kT)=39.353808, exponent=-2.7687, rmr=0.062746
Sample tb=283.54 K, log(mass)=-1.2379, 1/(kT)=40.915262, exponent=-3.5025, rmr=0.030121
Sample tb=283.08 K, log(mass)=-1.2379, 1/(kT)=40.981801, exponent=-3.5338, rmr=0.029193
Sample tb=282.15 K, log(mass)=-1.2379, 1/(kT)=41.115673, exponent=-3.5967, rmr=0.027413
Sample tb=282.89 K, log(mass)=-1.2379, 1/(kT)=41.009021, exponent=-3.5466, rmr=0.028822
MR results: 0 NA, 0 infinite, 0 negative, 0 zero
Energy calculations: 6526 non-zero gains, 11035 non-zero losses out of 11035 observations
Saved results to output/results/B1/1949/F/eb_results_MS_1949_B1_Eldo.rds

Processing: Species=MS, Year=1950, Origin=B1, Climate=Eldo, Sex=F
Looking for climate data at: /mmfs1/gscratch/biology/jmsmith/targeted_microclimate/Eldo/simplified_Eldo_1950.rds
Directory /mmfs1/gscratch/biology/jmsmith/targeted_microclimate/Eldo exists. Contents:
simplified_Eldo_1945.rds
simplified_Eldo_1946.rds
simplified_Eldo_1947.rds
simplified_Eldo_1948.rds
simplified_Eldo_1949.rds
simplified_Eldo_1950.rds
simplified_Eldo_1951.rds
simplified_Eldo_1952.rds
simplified_Eldo_1953.rds
simplified_Eldo_1954.rds
simplified_Eldo_1955.rds
simplified_Eldo_1956.rds
simplified_Eldo_1957.rds
simplified_Eldo_1958.rds
simplified_Eldo_1959.rds
simplified_Eldo_1960.rds
simplified_Eldo_1961.rds
simplified_Eldo_1962.rds
simplified_Eldo_1963.rds
simplified_Eldo_1964.rds
simplified_Eldo_2005.rds
simplified_Eldo_2006.rds
simplified_Eldo_2007.rds
simplified_Eldo_2008.rds
simplified_Eldo_2009.rds
simplified_Eldo_2010.rds
simplified_Eldo_2011.rds
simplified_Eldo_2012.rds
simplified_Eldo_2013.rds
simplified_Eldo_2014.rds
simplified_Eldo_2015.rds
simplified_Eldo_2016.rds
simplified_Eldo_2017.rds
simplified_Eldo_2018.rds
simplified_Eldo_2019.rds
simplified_Eldo_2020.rds
simplified_Eldo_2021.rds
simplified_Eldo_2022.rds
simplified_Eldo_2023.rds
simplified_Eldo_2024.rds
Processing batch 1/12 (rows 1-1000)
  Calculated 1000 temperatures. Range: -6.67 to 60.00
Processing batch 2/12 (rows 1001-2000)
  Calculated 1000 temperatures. Range: 2.62 to 52.03
Processing batch 3/12 (rows 2001-3000)
  Calculated 1000 temperatures. Range: -5.59 to 50.73
Processing batch 4/12 (rows 3001-4000)
  Calculated 1000 temperatures. Range: 4.92 to 42.76
Processing batch 5/12 (rows 4001-5000)
  Calculated 1000 temperatures. Range: -3.57 to 38.64
Processing batch 6/12 (rows 5001-6000)
  Calculated 1000 temperatures. Range: 3.90 to 19.12
Processing batch 7/12 (rows 6001-7000)
  Calculated 1000 temperatures. Range: -3.82 to 21.71
Processing batch 8/12 (rows 7001-8000)
  Calculated 1000 temperatures. Range: 5.54 to 22.64
Processing batch 9/12 (rows 8001-9000)
  Calculated 1000 temperatures. Range: -5.21 to 48.45
Processing batch 10/12 (rows 9001-10000)
  Calculated 1000 temperatures. Range: -2.97 to 46.29
Processing batch 11/12 (rows 10001-11000)
  Calculated 1000 temperatures. Range: 2.36 to 37.37
Processing batch 12/12 (rows 11001-11035)
  Calculated 35 temperatures. Range: 3.52 to 29.75
Total observations: 11035, Unique timestamps: 2207
MR parameters: mass=0.29, elev=2591.0, b0=16.50, b1=0.85, b2=-0.47, b3=0.000108
Sample tb=296.97 K, log(mass)=-1.2379, 1/(kT)=39.064068, exponent=-2.6325, rmr=0.071900
Sample tb=280.04 K, log(mass)=-1.2379, 1/(kT)=41.426379, exponent=-3.7428, rmr=0.023689
Sample tb=282.59 K, log(mass)=-1.2379, 1/(kT)=41.052406, exponent=-3.5670, rmr=0.028241
Sample tb=298.56 K, log(mass)=-1.2379, 1/(kT)=38.856701, exponent=-2.5350, rmr=0.079261
Sample tb=277.15 K, log(mass)=-1.2379, 1/(kT)=41.858364, exponent=-3.9458, rmr=0.019336
MR results: 0 NA, 0 infinite, 0 negative, 0 zero
Energy calculations: 5984 non-zero gains, 11035 non-zero losses out of 11035 observations
Saved results to output/results/B1/1950/F/eb_results_MS_1950_B1_Eldo.rds

Processing: Species=MS, Year=1951, Origin=B1, Climate=Eldo, Sex=F
Looking for climate data at: /mmfs1/gscratch/biology/jmsmith/targeted_microclimate/Eldo/simplified_Eldo_1951.rds
Directory /mmfs1/gscratch/biology/jmsmith/targeted_microclimate/Eldo exists. Contents:
simplified_Eldo_1945.rds
simplified_Eldo_1946.rds
simplified_Eldo_1947.rds
simplified_Eldo_1948.rds
simplified_Eldo_1949.rds
simplified_Eldo_1950.rds
simplified_Eldo_1951.rds
simplified_Eldo_1952.rds
simplified_Eldo_1953.rds
simplified_Eldo_1954.rds
simplified_Eldo_1955.rds
simplified_Eldo_1956.rds
simplified_Eldo_1957.rds
simplified_Eldo_1958.rds
simplified_Eldo_1959.rds
simplified_Eldo_1960.rds
simplified_Eldo_1961.rds
simplified_Eldo_1962.rds
simplified_Eldo_1963.rds
simplified_Eldo_1964.rds
simplified_Eldo_2005.rds
simplified_Eldo_2006.rds
simplified_Eldo_2007.rds
simplified_Eldo_2008.rds
simplified_Eldo_2009.rds
simplified_Eldo_2010.rds
simplified_Eldo_2011.rds
simplified_Eldo_2012.rds
simplified_Eldo_2013.rds
simplified_Eldo_2014.rds
simplified_Eldo_2015.rds
simplified_Eldo_2016.rds
simplified_Eldo_2017.rds
simplified_Eldo_2018.rds
simplified_Eldo_2019.rds
simplified_Eldo_2020.rds
simplified_Eldo_2021.rds
simplified_Eldo_2022.rds
simplified_Eldo_2023.rds
simplified_Eldo_2024.rds
Processing batch 1/12 (rows 1-1000)
  Calculated 1000 temperatures. Range: -5.09 to 60.00
Processing batch 2/12 (rows 1001-2000)
  Calculated 1000 temperatures. Range: 3.51 to 51.36
Processing batch 3/12 (rows 2001-3000)
  Calculated 1000 temperatures. Range: -3.91 to 43.13
Processing batch 4/12 (rows 3001-4000)
  Calculated 1000 temperatures. Range: 4.97 to 52.45
Processing batch 5/12 (rows 4001-5000)
  Calculated 1000 temperatures. Range: -4.23 to 42.59
Processing batch 6/12 (rows 5001-6000)
  Calculated 1000 temperatures. Range: 3.36 to 21.13
Processing batch 7/12 (rows 6001-7000)
  Calculated 1000 temperatures. Range: -3.66 to 20.02
Processing batch 8/12 (rows 7001-8000)
  Calculated 1000 temperatures. Range: 3.43 to 24.88
Processing batch 9/12 (rows 8001-9000)
  Calculated 1000 temperatures. Range: -3.83 to 31.52
Processing batch 10/12 (rows 9001-10000)
  Calculated 1000 temperatures. Range: 0.19 to 42.34
Processing batch 11/12 (rows 10001-11000)
  Calculated 1000 temperatures. Range: 4.95 to 39.51
Processing batch 12/12 (rows 11001-11035)
  Calculated 35 temperatures. Range: 5.41 to 31.35
Total observations: 11035, Unique timestamps: 2207
MR parameters: mass=0.29, elev=2591.0, b0=16.50, b1=0.85, b2=-0.47, b3=0.000108
Sample tb=283.73 K, log(mass)=-1.2379, 1/(kT)=40.887827, exponent=-3.4896, rmr=0.030512
Sample tb=295.08 K, log(mass)=-1.2379, 1/(kT)=39.314521, exponent=-2.7502, rmr=0.063916
Sample tb=304.79 K, log(mass)=-1.2379, 1/(kT)=38.061526, exponent=-2.1613, rmr=0.115177
Sample tb=281.38 K, log(mass)=-1.2379, 1/(kT)=41.229129, exponent=-3.6501, rmr=0.025990
Sample tb=285.24 K, log(mass)=-1.2379, 1/(kT)=40.670901, exponent=-3.3877, rmr=0.033787
MR results: 0 NA, 0 infinite, 0 negative, 0 zero
Energy calculations: 6401 non-zero gains, 11035 non-zero losses out of 11035 observations
Saved results to output/results/B1/1951/F/eb_results_MS_1951_B1_Eldo.rds

Processing: Species=MS, Year=1952, Origin=B1, Climate=Eldo, Sex=F
Looking for climate data at: /mmfs1/gscratch/biology/jmsmith/targeted_microclimate/Eldo/simplified_Eldo_1952.rds
Directory /mmfs1/gscratch/biology/jmsmith/targeted_microclimate/Eldo exists. Contents:
simplified_Eldo_1945.rds
simplified_Eldo_1946.rds
simplified_Eldo_1947.rds
simplified_Eldo_1948.rds
simplified_Eldo_1949.rds
simplified_Eldo_1950.rds
simplified_Eldo_1951.rds
simplified_Eldo_1952.rds
simplified_Eldo_1953.rds
simplified_Eldo_1954.rds
simplified_Eldo_1955.rds
simplified_Eldo_1956.rds
simplified_Eldo_1957.rds
simplified_Eldo_1958.rds
simplified_Eldo_1959.rds
simplified_Eldo_1960.rds
simplified_Eldo_1961.rds
simplified_Eldo_1962.rds
simplified_Eldo_1963.rds
simplified_Eldo_1964.rds
simplified_Eldo_2005.rds
simplified_Eldo_2006.rds
simplified_Eldo_2007.rds
simplified_Eldo_2008.rds
simplified_Eldo_2009.rds
simplified_Eldo_2010.rds
simplified_Eldo_2011.rds
simplified_Eldo_2012.rds
simplified_Eldo_2013.rds
simplified_Eldo_2014.rds
simplified_Eldo_2015.rds
simplified_Eldo_2016.rds
simplified_Eldo_2017.rds
simplified_Eldo_2018.rds
simplified_Eldo_2019.rds
simplified_Eldo_2020.rds
simplified_Eldo_2021.rds
simplified_Eldo_2022.rds
simplified_Eldo_2023.rds
simplified_Eldo_2024.rds
Processing batch 1/12 (rows 1-1000)
  Calculated 1000 temperatures. Range: -0.61 to 60.00
Processing batch 2/12 (rows 1001-2000)
  Calculated 1000 temperatures. Range: 5.05 to 55.63
Processing batch 3/12 (rows 2001-3000)
  Calculated 1000 temperatures. Range: 0.59 to 50.71
Processing batch 4/12 (rows 3001-4000)
  Calculated 1000 temperatures. Range: 3.46 to 46.06
Processing batch 5/12 (rows 4001-5000)
  Calculated 1000 temperatures. Range: 1.77 to 44.03
Processing batch 6/12 (rows 5001-6000)
  Calculated 1000 temperatures. Range: 3.01 to 20.19
Processing batch 7/12 (rows 6001-7000)
  Calculated 1000 temperatures. Range: 2.52 to 23.88
Processing batch 8/12 (rows 7001-8000)
  Calculated 1000 temperatures. Range: 3.90 to 24.44
Processing batch 9/12 (rows 8001-9000)
  Calculated 1000 temperatures. Range: 3.73 to 33.56
Processing batch 10/12 (rows 9001-10000)
  Calculated 1000 temperatures. Range: 1.49 to 49.02
Processing batch 11/12 (rows 10001-11000)
  Calculated 1000 temperatures. Range: 6.01 to 41.27
Processing batch 12/12 (rows 11001-11035)
  Calculated 35 temperatures. Range: 2.48 to 31.07
Total observations: 11035, Unique timestamps: 2207
MR parameters: mass=0.29, elev=2591.0, b0=16.50, b1=0.85, b2=-0.47, b3=0.000108
Sample tb=309.23 K, log(mass)=-1.2379, 1/(kT)=37.515080, exponent=-1.9045, rmr=0.148904
Sample tb=279.82 K, log(mass)=-1.2379, 1/(kT)=41.458021, exponent=-3.7576, rmr=0.023339
Sample tb=298.40 K, log(mass)=-1.2379, 1/(kT)=38.877130, exponent=-2.5446, rmr=0.078503
Sample tb=283.75 K, log(mass)=-1.2379, 1/(kT)=40.884599, exponent=-3.4881, rmr=0.030558
Sample tb=303.38 K, log(mass)=-1.2379, 1/(kT)=38.238463, exponent=-2.2444, rmr=0.105987
MR results: 0 NA, 0 infinite, 0 negative, 0 zero
Energy calculations: 7052 non-zero gains, 11035 non-zero losses out of 11035 observations
Saved results to output/results/B1/1952/F/eb_results_MS_1952_B1_Eldo.rds

Processing: Species=MS, Year=1953, Origin=B1, Climate=Eldo, Sex=F
Looking for climate data at: /mmfs1/gscratch/biology/jmsmith/targeted_microclimate/Eldo/simplified_Eldo_1953.rds
Directory /mmfs1/gscratch/biology/jmsmith/targeted_microclimate/Eldo exists. Contents:
simplified_Eldo_1945.rds
simplified_Eldo_1946.rds
simplified_Eldo_1947.rds
simplified_Eldo_1948.rds
simplified_Eldo_1949.rds
simplified_Eldo_1950.rds
simplified_Eldo_1951.rds
simplified_Eldo_1952.rds
simplified_Eldo_1953.rds
simplified_Eldo_1954.rds
simplified_Eldo_1955.rds
simplified_Eldo_1956.rds
simplified_Eldo_1957.rds
simplified_Eldo_1958.rds
simplified_Eldo_1959.rds
simplified_Eldo_1960.rds
simplified_Eldo_1961.rds
simplified_Eldo_1962.rds
simplified_Eldo_1963.rds
simplified_Eldo_1964.rds
simplified_Eldo_2005.rds
simplified_Eldo_2006.rds
simplified_Eldo_2007.rds
simplified_Eldo_2008.rds
simplified_Eldo_2009.rds
simplified_Eldo_2010.rds
simplified_Eldo_2011.rds
simplified_Eldo_2012.rds
simplified_Eldo_2013.rds
simplified_Eldo_2014.rds
simplified_Eldo_2015.rds
simplified_Eldo_2016.rds
simplified_Eldo_2017.rds
simplified_Eldo_2018.rds
simplified_Eldo_2019.rds
simplified_Eldo_2020.rds
simplified_Eldo_2021.rds
simplified_Eldo_2022.rds
simplified_Eldo_2023.rds
simplified_Eldo_2024.rds
Processing batch 1/12 (rows 1-1000)
  Calculated 1000 temperatures. Range: -1.27 to 54.38
Processing batch 2/12 (rows 1001-2000)
  Calculated 1000 temperatures. Range: 2.61 to 51.06
Processing batch 3/12 (rows 2001-3000)
  Calculated 1000 temperatures. Range: 1.30 to 45.43
Processing batch 4/12 (rows 3001-4000)
  Calculated 1000 temperatures. Range: 5.99 to 43.07
Processing batch 5/12 (rows 4001-5000)
  Calculated 1000 temperatures. Range: 1.16 to 37.42
Processing batch 6/12 (rows 5001-6000)
  Calculated 1000 temperatures. Range: 4.00 to 20.28
Processing batch 7/12 (rows 6001-7000)
  Calculated 1000 temperatures. Range: 2.67 to 22.71
Processing batch 8/12 (rows 7001-8000)
  Calculated 1000 temperatures. Range: 5.12 to 24.43
Processing batch 9/12 (rows 8001-9000)
  Calculated 1000 temperatures. Range: 0.86 to 29.96
Processing batch 10/12 (rows 9001-10000)
  Calculated 1000 temperatures. Range: 2.47 to 42.33
Processing batch 11/12 (rows 10001-11000)
  Calculated 1000 temperatures. Range: 4.15 to 39.46
Processing batch 12/12 (rows 11001-11035)
  Calculated 35 temperatures. Range: 6.12 to 28.10
Total observations: 11035, Unique timestamps: 2207
MR parameters: mass=0.29, elev=2591.0, b0=16.50, b1=0.85, b2=-0.47, b3=0.000108
Sample tb=284.23 K, log(mass)=-1.2379, 1/(kT)=40.815937, exponent=-3.4559, rmr=0.031560
Sample tb=276.79 K, log(mass)=-1.2379, 1/(kT)=41.911731, exponent=-3.9709, rmr=0.018857
Sample tb=290.31 K, log(mass)=-1.2379, 1/(kT)=39.960527, exponent=-3.0538, rmr=0.047179
Sample tb=303.76 K, log(mass)=-1.2379, 1/(kT)=38.190551, exponent=-2.2219, rmr=0.108400
Sample tb=288.35 K, log(mass)=-1.2379, 1/(kT)=40.231595, exponent=-3.1812, rmr=0.041535
MR results: 0 NA, 0 infinite, 0 negative, 0 zero
Energy calculations: 7167 non-zero gains, 11035 non-zero losses out of 11035 observations
Saved results to output/results/B1/1953/F/eb_results_MS_1953_B1_Eldo.rds

Processing: Species=MS, Year=1954, Origin=B1, Climate=Eldo, Sex=F
Looking for climate data at: /mmfs1/gscratch/biology/jmsmith/targeted_microclimate/Eldo/simplified_Eldo_1954.rds
Directory /mmfs1/gscratch/biology/jmsmith/targeted_microclimate/Eldo exists. Contents:
simplified_Eldo_1945.rds
simplified_Eldo_1946.rds
simplified_Eldo_1947.rds
simplified_Eldo_1948.rds
simplified_Eldo_1949.rds
simplified_Eldo_1950.rds
simplified_Eldo_1951.rds
simplified_Eldo_1952.rds
simplified_Eldo_1953.rds
simplified_Eldo_1954.rds
simplified_Eldo_1955.rds
simplified_Eldo_1956.rds
simplified_Eldo_1957.rds
simplified_Eldo_1958.rds
simplified_Eldo_1959.rds
simplified_Eldo_1960.rds
simplified_Eldo_1961.rds
simplified_Eldo_1962.rds
simplified_Eldo_1963.rds
simplified_Eldo_1964.rds
simplified_Eldo_2005.rds
simplified_Eldo_2006.rds
simplified_Eldo_2007.rds
simplified_Eldo_2008.rds
simplified_Eldo_2009.rds
simplified_Eldo_2010.rds
simplified_Eldo_2011.rds
simplified_Eldo_2012.rds
simplified_Eldo_2013.rds
simplified_Eldo_2014.rds
simplified_Eldo_2015.rds
simplified_Eldo_2016.rds
simplified_Eldo_2017.rds
simplified_Eldo_2018.rds
simplified_Eldo_2019.rds
simplified_Eldo_2020.rds
simplified_Eldo_2021.rds
simplified_Eldo_2022.rds
simplified_Eldo_2023.rds
simplified_Eldo_2024.rds
Processing batch 1/12 (rows 1-1000)
  Calculated 1000 temperatures. Range: -3.85 to 60.00
Processing batch 2/12 (rows 1001-2000)
  Calculated 1000 temperatures. Range: 3.19 to 57.63
Processing batch 3/12 (rows 2001-3000)
  Calculated 1000 temperatures. Range: -2.10 to 49.14
Processing batch 4/12 (rows 3001-4000)
  Calculated 1000 temperatures. Range: 5.56 to 46.99
Processing batch 5/12 (rows 4001-5000)
  Calculated 1000 temperatures. Range: -1.08 to 38.21
Processing batch 6/12 (rows 5001-6000)
  Calculated 1000 temperatures. Range: 4.77 to 21.72
Processing batch 7/12 (rows 6001-7000)
  Calculated 1000 temperatures. Range: -0.55 to 21.15
Processing batch 8/12 (rows 7001-8000)
  Calculated 1000 temperatures. Range: 6.86 to 27.52
Processing batch 9/12 (rows 8001-9000)
  Calculated 1000 temperatures. Range: -1.98 to 31.64
Processing batch 10/12 (rows 9001-10000)
  Calculated 1000 temperatures. Range: 0.22 to 41.86
Processing batch 11/12 (rows 10001-11000)
  Calculated 1000 temperatures. Range: 4.15 to 37.34
Processing batch 12/12 (rows 11001-11035)
  Calculated 35 temperatures. Range: 6.19 to 35.47
Total observations: 11035, Unique timestamps: 2207
MR parameters: mass=0.29, elev=2591.0, b0=16.50, b1=0.85, b2=-0.47, b3=0.000108
Sample tb=299.97 K, log(mass)=-1.2379, 1/(kT)=38.674156, exponent=-2.4492, rmr=0.086361
Sample tb=298.09 K, log(mass)=-1.2379, 1/(kT)=38.917095, exponent=-2.5634, rmr=0.077042
Sample tb=299.18 K, log(mass)=-1.2379, 1/(kT)=38.775251, exponent=-2.4967, rmr=0.082354
Sample tb=280.06 K, log(mass)=-1.2379, 1/(kT)=41.422447, exponent=-3.7409, rmr=0.023732
Sample tb=288.74 K, log(mass)=-1.2379, 1/(kT)=40.177090, exponent=-3.1556, rmr=0.042613
MR results: 0 NA, 0 infinite, 0 negative, 0 zero
Energy calculations: 7455 non-zero gains, 11035 non-zero losses out of 11035 observations
Saved results to output/results/B1/1954/F/eb_results_MS_1954_B1_Eldo.rds

Processing: Species=MS, Year=1955, Origin=B1, Climate=Eldo, Sex=F
Looking for climate data at: /mmfs1/gscratch/biology/jmsmith/targeted_microclimate/Eldo/simplified_Eldo_1955.rds
Directory /mmfs1/gscratch/biology/jmsmith/targeted_microclimate/Eldo exists. Contents:
simplified_Eldo_1945.rds
simplified_Eldo_1946.rds
simplified_Eldo_1947.rds
simplified_Eldo_1948.rds
simplified_Eldo_1949.rds
simplified_Eldo_1950.rds
simplified_Eldo_1951.rds
simplified_Eldo_1952.rds
simplified_Eldo_1953.rds
simplified_Eldo_1954.rds
simplified_Eldo_1955.rds
simplified_Eldo_1956.rds
simplified_Eldo_1957.rds
simplified_Eldo_1958.rds
simplified_Eldo_1959.rds
simplified_Eldo_1960.rds
simplified_Eldo_1961.rds
simplified_Eldo_1962.rds
simplified_Eldo_1963.rds
simplified_Eldo_1964.rds
simplified_Eldo_2005.rds
simplified_Eldo_2006.rds
simplified_Eldo_2007.rds
simplified_Eldo_2008.rds
simplified_Eldo_2009.rds
simplified_Eldo_2010.rds
simplified_Eldo_2011.rds
simplified_Eldo_2012.rds
simplified_Eldo_2013.rds
simplified_Eldo_2014.rds
simplified_Eldo_2015.rds
simplified_Eldo_2016.rds
simplified_Eldo_2017.rds
simplified_Eldo_2018.rds
simplified_Eldo_2019.rds
simplified_Eldo_2020.rds
simplified_Eldo_2021.rds
simplified_Eldo_2022.rds
simplified_Eldo_2023.rds
simplified_Eldo_2024.rds
Processing batch 1/12 (rows 1-1000)
  Calculated 1000 temperatures. Range: -0.83 to 56.99
Processing batch 2/12 (rows 1001-2000)
  Calculated 1000 temperatures. Range: 2.17 to 55.22
Processing batch 3/12 (rows 2001-3000)
  Calculated 1000 temperatures. Range: 0.54 to 46.14
Processing batch 4/12 (rows 3001-4000)
  Calculated 1000 temperatures. Range: 5.19 to 45.67
Processing batch 5/12 (rows 4001-5000)
  Calculated 1000 temperatures. Range: 0.52 to 41.01
Processing batch 6/12 (rows 5001-6000)
  Calculated 1000 temperatures. Range: 2.81 to 20.21
Processing batch 7/12 (rows 6001-7000)
  Calculated 1000 temperatures. Range: 1.40 to 20.02
Processing batch 8/12 (rows 7001-8000)
  Calculated 1000 temperatures. Range: 3.36 to 25.60
Processing batch 9/12 (rows 8001-9000)
  Calculated 1000 temperatures. Range: 0.50 to 34.78
Processing batch 10/12 (rows 9001-10000)
  Calculated 1000 temperatures. Range: 2.17 to 39.33
Processing batch 11/12 (rows 10001-11000)
  Calculated 1000 temperatures. Range: 3.56 to 42.82
Processing batch 12/12 (rows 11001-11035)
  Calculated 35 temperatures. Range: 3.48 to 31.80
Total observations: 11035, Unique timestamps: 2207
MR parameters: mass=0.29, elev=2591.0, b0=16.50, b1=0.85, b2=-0.47, b3=0.000108
Sample tb=292.58 K, log(mass)=-1.2379, 1/(kT)=39.650472, exponent=-2.9081, rmr=0.054580
Sample tb=292.45 K, log(mass)=-1.2379, 1/(kT)=39.668328, exponent=-2.9165, rmr=0.054124
Sample tb=277.88 K, log(mass)=-1.2379, 1/(kT)=41.748389, exponent=-3.8941, rmr=0.020362
Sample tb=300.63 K, log(mass)=-1.2379, 1/(kT)=38.588104, exponent=-2.4088, rmr=0.089925
Sample tb=282.45 K, log(mass)=-1.2379, 1/(kT)=41.073189, exponent=-3.5768, rmr=0.027966
MR results: 0 NA, 0 infinite, 0 negative, 0 zero
Energy calculations: 6935 non-zero gains, 11035 non-zero losses out of 11035 observations
Saved results to output/results/B1/1955/F/eb_results_MS_1955_B1_Eldo.rds

Processing: Species=MS, Year=1956, Origin=B1, Climate=Eldo, Sex=F
Looking for climate data at: /mmfs1/gscratch/biology/jmsmith/targeted_microclimate/Eldo/simplified_Eldo_1956.rds
Directory /mmfs1/gscratch/biology/jmsmith/targeted_microclimate/Eldo exists. Contents:
simplified_Eldo_1945.rds
simplified_Eldo_1946.rds
simplified_Eldo_1947.rds
simplified_Eldo_1948.rds
simplified_Eldo_1949.rds
simplified_Eldo_1950.rds
simplified_Eldo_1951.rds
simplified_Eldo_1952.rds
simplified_Eldo_1953.rds
simplified_Eldo_1954.rds
simplified_Eldo_1955.rds
simplified_Eldo_1956.rds
simplified_Eldo_1957.rds
simplified_Eldo_1958.rds
simplified_Eldo_1959.rds
simplified_Eldo_1960.rds
simplified_Eldo_1961.rds
simplified_Eldo_1962.rds
simplified_Eldo_1963.rds
simplified_Eldo_1964.rds
simplified_Eldo_2005.rds
simplified_Eldo_2006.rds
simplified_Eldo_2007.rds
simplified_Eldo_2008.rds
simplified_Eldo_2009.rds
simplified_Eldo_2010.rds
simplified_Eldo_2011.rds
simplified_Eldo_2012.rds
simplified_Eldo_2013.rds
simplified_Eldo_2014.rds
simplified_Eldo_2015.rds
simplified_Eldo_2016.rds
simplified_Eldo_2017.rds
simplified_Eldo_2018.rds
simplified_Eldo_2019.rds
simplified_Eldo_2020.rds
simplified_Eldo_2021.rds
simplified_Eldo_2022.rds
simplified_Eldo_2023.rds
simplified_Eldo_2024.rds
Processing batch 1/12 (rows 1-1000)
  Calculated 1000 temperatures. Range: 0.99 to 59.55
Processing batch 2/12 (rows 1001-2000)
  Calculated 1000 temperatures. Range: 2.84 to 50.15
Processing batch 3/12 (rows 2001-3000)
  Calculated 1000 temperatures. Range: -1.18 to 48.31
Processing batch 4/12 (rows 3001-4000)
  Calculated 1000 temperatures. Range: 5.22 to 41.54
Processing batch 5/12 (rows 4001-5000)
  Calculated 1000 temperatures. Range: 0.27 to 40.28
Processing batch 6/12 (rows 5001-6000)
  Calculated 1000 temperatures. Range: 4.63 to 18.63
Processing batch 7/12 (rows 6001-7000)
  Calculated 1000 temperatures. Range: 0.98 to 23.13
Processing batch 8/12 (rows 7001-8000)
  Calculated 1000 temperatures. Range: 5.14 to 22.86
Processing batch 9/12 (rows 8001-9000)
  Calculated 1000 temperatures. Range: 1.50 to 37.33
Processing batch 10/12 (rows 9001-10000)
  Calculated 1000 temperatures. Range: 3.50 to 39.69
Processing batch 11/12 (rows 10001-11000)
  Calculated 1000 temperatures. Range: 4.36 to 37.00
Processing batch 12/12 (rows 11001-11035)
  Calculated 35 temperatures. Range: 0.49 to 26.14
Total observations: 11035, Unique timestamps: 2207
MR parameters: mass=0.29, elev=2591.0, b0=16.50, b1=0.85, b2=-0.47, b3=0.000108
Sample tb=285.94 K, log(mass)=-1.2379, 1/(kT)=40.571292, exponent=-3.3409, rmr=0.035406
Sample tb=302.70 K, log(mass)=-1.2379, 1/(kT)=38.324224, exponent=-2.2848, rmr=0.101799
Sample tb=288.10 K, log(mass)=-1.2379, 1/(kT)=40.266366, exponent=-3.1976, rmr=0.040862
Sample tb=280.74 K, log(mass)=-1.2379, 1/(kT)=41.322927, exponent=-3.6941, rmr=0.024869
Sample tb=279.51 K, log(mass)=-1.2379, 1/(kT)=41.504799, exponent=-3.7796, rmr=0.022831
MR results: 0 NA, 0 infinite, 0 negative, 0 zero
Energy calculations: 6711 non-zero gains, 11035 non-zero losses out of 11035 observations
Saved results to output/results/B1/1956/F/eb_results_MS_1956_B1_Eldo.rds

Processing: Species=MS, Year=1957, Origin=B1, Climate=Eldo, Sex=F
Looking for climate data at: /mmfs1/gscratch/biology/jmsmith/targeted_microclimate/Eldo/simplified_Eldo_1957.rds
Directory /mmfs1/gscratch/biology/jmsmith/targeted_microclimate/Eldo exists. Contents:
simplified_Eldo_1945.rds
simplified_Eldo_1946.rds
simplified_Eldo_1947.rds
simplified_Eldo_1948.rds
simplified_Eldo_1949.rds
simplified_Eldo_1950.rds
simplified_Eldo_1951.rds
simplified_Eldo_1952.rds
simplified_Eldo_1953.rds
simplified_Eldo_1954.rds
simplified_Eldo_1955.rds
simplified_Eldo_1956.rds
simplified_Eldo_1957.rds
simplified_Eldo_1958.rds
simplified_Eldo_1959.rds
simplified_Eldo_1960.rds
simplified_Eldo_1961.rds
simplified_Eldo_1962.rds
simplified_Eldo_1963.rds
simplified_Eldo_1964.rds
simplified_Eldo_2005.rds
simplified_Eldo_2006.rds
simplified_Eldo_2007.rds
simplified_Eldo_2008.rds
simplified_Eldo_2009.rds
simplified_Eldo_2010.rds
simplified_Eldo_2011.rds
simplified_Eldo_2012.rds
simplified_Eldo_2013.rds
simplified_Eldo_2014.rds
simplified_Eldo_2015.rds
simplified_Eldo_2016.rds
simplified_Eldo_2017.rds
simplified_Eldo_2018.rds
simplified_Eldo_2019.rds
simplified_Eldo_2020.rds
simplified_Eldo_2021.rds
simplified_Eldo_2022.rds
simplified_Eldo_2023.rds
simplified_Eldo_2024.rds
Processing batch 1/12 (rows 1-1000)
  Calculated 1000 temperatures. Range: -0.53 to 59.44
Processing batch 2/12 (rows 1001-2000)
  Calculated 1000 temperatures. Range: 4.89 to 49.01
Processing batch 3/12 (rows 2001-3000)
  Calculated 1000 temperatures. Range: 0.98 to 48.29
Processing batch 4/12 (rows 3001-4000)
  Calculated 1000 temperatures. Range: 5.19 to 43.75
Processing batch 5/12 (rows 4001-5000)
  Calculated 1000 temperatures. Range: 0.90 to 40.19
Processing batch 6/12 (rows 5001-6000)
  Calculated 1000 temperatures. Range: 4.59 to 19.41
Processing batch 7/12 (rows 6001-7000)
  Calculated 1000 temperatures. Range: 2.43 to 20.99
Processing batch 8/12 (rows 7001-8000)
  Calculated 1000 temperatures. Range: 1.74 to 24.04
Processing batch 9/12 (rows 8001-9000)
  Calculated 1000 temperatures. Range: 2.66 to 35.23
Processing batch 10/12 (rows 9001-10000)
  Calculated 1000 temperatures. Range: 0.90 to 39.87
Processing batch 11/12 (rows 10001-11000)
  Calculated 1000 temperatures. Range: 5.23 to 37.81
Processing batch 12/12 (rows 11001-11035)
  Calculated 35 temperatures. Range: 7.37 to 28.79
Total observations: 11035, Unique timestamps: 2207
MR parameters: mass=0.29, elev=2591.0, b0=16.50, b1=0.85, b2=-0.47, b3=0.000108
Sample tb=281.49 K, log(mass)=-1.2379, 1/(kT)=41.212178, exponent=-3.6421, rmr=0.026198
Sample tb=319.91 K, log(mass)=-1.2379, 1/(kT)=36.263237, exponent=-1.3161, rmr=0.268183
Sample tb=281.69 K, log(mass)=-1.2379, 1/(kT)=41.183642, exponent=-3.6287, rmr=0.026551
Sample tb=279.53 K, log(mass)=-1.2379, 1/(kT)=41.502226, exponent=-3.7784, rmr=0.022859
Sample tb=297.51 K, log(mass)=-1.2379, 1/(kT)=38.993323, exponent=-2.5992, rmr=0.074331
MR results: 0 NA, 0 infinite, 0 negative, 0 zero
Energy calculations: 7132 non-zero gains, 11035 non-zero losses out of 11035 observations
Saved results to output/results/B1/1957/F/eb_results_MS_1957_B1_Eldo.rds

Processing: Species=MS, Year=1958, Origin=B1, Climate=Eldo, Sex=F
Looking for climate data at: /mmfs1/gscratch/biology/jmsmith/targeted_microclimate/Eldo/simplified_Eldo_1958.rds
Directory /mmfs1/gscratch/biology/jmsmith/targeted_microclimate/Eldo exists. Contents:
simplified_Eldo_1945.rds
simplified_Eldo_1946.rds
simplified_Eldo_1947.rds
simplified_Eldo_1948.rds
simplified_Eldo_1949.rds
simplified_Eldo_1950.rds
simplified_Eldo_1951.rds
simplified_Eldo_1952.rds
simplified_Eldo_1953.rds
simplified_Eldo_1954.rds
simplified_Eldo_1955.rds
simplified_Eldo_1956.rds
simplified_Eldo_1957.rds
simplified_Eldo_1958.rds
simplified_Eldo_1959.rds
simplified_Eldo_1960.rds
simplified_Eldo_1961.rds
simplified_Eldo_1962.rds
simplified_Eldo_1963.rds
simplified_Eldo_1964.rds
simplified_Eldo_2005.rds
simplified_Eldo_2006.rds
simplified_Eldo_2007.rds
simplified_Eldo_2008.rds
simplified_Eldo_2009.rds
simplified_Eldo_2010.rds
simplified_Eldo_2011.rds
simplified_Eldo_2012.rds
simplified_Eldo_2013.rds
simplified_Eldo_2014.rds
simplified_Eldo_2015.rds
simplified_Eldo_2016.rds
simplified_Eldo_2017.rds
simplified_Eldo_2018.rds
simplified_Eldo_2019.rds
simplified_Eldo_2020.rds
simplified_Eldo_2021.rds
simplified_Eldo_2022.rds
simplified_Eldo_2023.rds
simplified_Eldo_2024.rds
Processing batch 1/12 (rows 1-1000)
  Calculated 1000 temperatures. Range: 0.85 to 47.48
Processing batch 2/12 (rows 1001-2000)
  Calculated 1000 temperatures. Range: 3.73 to 51.97
Processing batch 3/12 (rows 2001-3000)
  Calculated 1000 temperatures. Range: 1.48 to 48.14
Processing batch 4/12 (rows 3001-4000)
  Calculated 1000 temperatures. Range: 5.20 to 42.35
Processing batch 5/12 (rows 4001-5000)
  Calculated 1000 temperatures. Range: 2.48 to 40.43
Processing batch 6/12 (rows 5001-6000)
  Calculated 1000 temperatures. Range: 2.83 to 19.14
Processing batch 7/12 (rows 6001-7000)
  Calculated 1000 temperatures. Range: 3.61 to 22.69
Processing batch 8/12 (rows 7001-8000)
  Calculated 1000 temperatures. Range: 3.65 to 23.48
Processing batch 9/12 (rows 8001-9000)
  Calculated 1000 temperatures. Range: 4.08 to 32.90
Processing batch 10/12 (rows 9001-10000)
  Calculated 1000 temperatures. Range: 2.59 to 36.80
Processing batch 11/12 (rows 10001-11000)
  Calculated 1000 temperatures. Range: 5.10 to 38.96
Processing batch 12/12 (rows 11001-11035)
  Calculated 35 temperatures. Range: 3.37 to 30.18
Total observations: 11035, Unique timestamps: 2207
MR parameters: mass=0.29, elev=2591.0, b0=16.50, b1=0.85, b2=-0.47, b3=0.000108
Sample tb=284.39 K, log(mass)=-1.2379, 1/(kT)=40.793019, exponent=-3.4451, rmr=0.031902
Sample tb=280.08 K, log(mass)=-1.2379, 1/(kT)=41.420648, exponent=-3.7401, rmr=0.023752
Sample tb=295.77 K, log(mass)=-1.2379, 1/(kT)=39.222645, exponent=-2.7070, rmr=0.066736
Sample tb=281.26 K, log(mass)=-1.2379, 1/(kT)=41.246129, exponent=-3.6580, rmr=0.025783
Sample tb=276.94 K, log(mass)=-1.2379, 1/(kT)=41.889762, exponent=-3.9606, rmr=0.019053
MR results: 0 NA, 0 infinite, 0 negative, 0 zero
Energy calculations: 6702 non-zero gains, 11035 non-zero losses out of 11035 observations
Saved results to output/results/B1/1958/F/eb_results_MS_1958_B1_Eldo.rds

Processing: Species=MS, Year=1959, Origin=B1, Climate=Eldo, Sex=F
Looking for climate data at: /mmfs1/gscratch/biology/jmsmith/targeted_microclimate/Eldo/simplified_Eldo_1959.rds
Directory /mmfs1/gscratch/biology/jmsmith/targeted_microclimate/Eldo exists. Contents:
simplified_Eldo_1945.rds
simplified_Eldo_1946.rds
simplified_Eldo_1947.rds
simplified_Eldo_1948.rds
simplified_Eldo_1949.rds
simplified_Eldo_1950.rds
simplified_Eldo_1951.rds
simplified_Eldo_1952.rds
simplified_Eldo_1953.rds
simplified_Eldo_1954.rds
simplified_Eldo_1955.rds
simplified_Eldo_1956.rds
simplified_Eldo_1957.rds
simplified_Eldo_1958.rds
simplified_Eldo_1959.rds
simplified_Eldo_1960.rds
simplified_Eldo_1961.rds
simplified_Eldo_1962.rds
simplified_Eldo_1963.rds
simplified_Eldo_1964.rds
simplified_Eldo_2005.rds
simplified_Eldo_2006.rds
simplified_Eldo_2007.rds
simplified_Eldo_2008.rds
simplified_Eldo_2009.rds
simplified_Eldo_2010.rds
simplified_Eldo_2011.rds
simplified_Eldo_2012.rds
simplified_Eldo_2013.rds
simplified_Eldo_2014.rds
simplified_Eldo_2015.rds
simplified_Eldo_2016.rds
simplified_Eldo_2017.rds
simplified_Eldo_2018.rds
simplified_Eldo_2019.rds
simplified_Eldo_2020.rds
simplified_Eldo_2021.rds
simplified_Eldo_2022.rds
simplified_Eldo_2023.rds
simplified_Eldo_2024.rds
Processing batch 1/12 (rows 1-1000)
  Calculated 1000 temperatures. Range: -1.17 to 52.05
Processing batch 2/12 (rows 1001-2000)
  Calculated 1000 temperatures. Range: 4.64 to 54.84
Processing batch 3/12 (rows 2001-3000)
  Calculated 1000 temperatures. Range: 0.02 to 45.72
Processing batch 4/12 (rows 3001-4000)
  Calculated 1000 temperatures. Range: 4.60 to 46.30
Processing batch 5/12 (rows 4001-5000)
  Calculated 1000 temperatures. Range: 1.10 to 39.56
Processing batch 6/12 (rows 5001-6000)
  Calculated 1000 temperatures. Range: 3.78 to 19.96
Processing batch 7/12 (rows 6001-7000)
  Calculated 1000 temperatures. Range: 1.35 to 22.28
Processing batch 8/12 (rows 7001-8000)
  Calculated 1000 temperatures. Range: 5.01 to 23.27
Processing batch 9/12 (rows 8001-9000)
  Calculated 1000 temperatures. Range: 0.19 to 36.28
Processing batch 10/12 (rows 9001-10000)
  Calculated 1000 temperatures. Range: 4.21 to 39.92
Processing batch 11/12 (rows 10001-11000)
  Calculated 1000 temperatures. Range: 6.02 to 42.39
Processing batch 12/12 (rows 11001-11035)
  Calculated 35 temperatures. Range: 5.47 to 35.10
Total observations: 11035, Unique timestamps: 2207
MR parameters: mass=0.29, elev=2591.0, b0=16.50, b1=0.85, b2=-0.47, b3=0.000108
Sample tb=286.07 K, log(mass)=-1.2379, 1/(kT)=40.553106, exponent=-3.3323, rmr=0.035710
Sample tb=281.81 K, log(mass)=-1.2379, 1/(kT)=41.166034, exponent=-3.6204, rmr=0.026772
Sample tb=299.27 K, log(mass)=-1.2379, 1/(kT)=38.763836, exponent=-2.4914, rmr=0.082797
Sample tb=283.47 K, log(mass)=-1.2379, 1/(kT)=40.925045, exponent=-3.5071, rmr=0.029983
Sample tb=282.89 K, log(mass)=-1.2379, 1/(kT)=41.008574, exponent=-3.5464, rmr=0.028828
MR results: 0 NA, 0 infinite, 0 negative, 0 zero
Energy calculations: 7204 non-zero gains, 11035 non-zero losses out of 11035 observations
Saved results to output/results/B1/1959/F/eb_results_MS_1959_B1_Eldo.rds

Processing: Species=MS, Year=1960, Origin=B1, Climate=Eldo, Sex=F
Looking for climate data at: /mmfs1/gscratch/biology/jmsmith/targeted_microclimate/Eldo/simplified_Eldo_1960.rds
Directory /mmfs1/gscratch/biology/jmsmith/targeted_microclimate/Eldo exists. Contents:
simplified_Eldo_1945.rds
simplified_Eldo_1946.rds
simplified_Eldo_1947.rds
simplified_Eldo_1948.rds
simplified_Eldo_1949.rds
simplified_Eldo_1950.rds
simplified_Eldo_1951.rds
simplified_Eldo_1952.rds
simplified_Eldo_1953.rds
simplified_Eldo_1954.rds
simplified_Eldo_1955.rds
simplified_Eldo_1956.rds
simplified_Eldo_1957.rds
simplified_Eldo_1958.rds
simplified_Eldo_1959.rds
simplified_Eldo_1960.rds
simplified_Eldo_1961.rds
simplified_Eldo_1962.rds
simplified_Eldo_1963.rds
simplified_Eldo_1964.rds
simplified_Eldo_2005.rds
simplified_Eldo_2006.rds
simplified_Eldo_2007.rds
simplified_Eldo_2008.rds
simplified_Eldo_2009.rds
simplified_Eldo_2010.rds
simplified_Eldo_2011.rds
simplified_Eldo_2012.rds
simplified_Eldo_2013.rds
simplified_Eldo_2014.rds
simplified_Eldo_2015.rds
simplified_Eldo_2016.rds
simplified_Eldo_2017.rds
simplified_Eldo_2018.rds
simplified_Eldo_2019.rds
simplified_Eldo_2020.rds
simplified_Eldo_2021.rds
simplified_Eldo_2022.rds
simplified_Eldo_2023.rds
simplified_Eldo_2024.rds
Processing batch 1/12 (rows 1-1000)
  Calculated 1000 temperatures. Range: 1.34 to 60.00
Processing batch 2/12 (rows 1001-2000)
  Calculated 1000 temperatures. Range: -0.41 to 55.29
Processing batch 3/12 (rows 2001-3000)
  Calculated 1000 temperatures. Range: 1.23 to 49.35
Processing batch 4/12 (rows 3001-4000)
  Calculated 1000 temperatures. Range: 4.96 to 45.28
Processing batch 5/12 (rows 4001-5000)
  Calculated 1000 temperatures. Range: 1.94 to 40.15
Processing batch 6/12 (rows 5001-6000)
  Calculated 1000 temperatures. Range: 4.41 to 20.80
Processing batch 7/12 (rows 6001-7000)
  Calculated 1000 temperatures. Range: 1.58 to 20.87
Processing batch 8/12 (rows 7001-8000)
  Calculated 1000 temperatures. Range: 3.80 to 25.49
Processing batch 9/12 (rows 8001-9000)
  Calculated 1000 temperatures. Range: 3.02 to 45.69
Processing batch 10/12 (rows 9001-10000)
  Calculated 1000 temperatures. Range: 2.96 to 45.96
Processing batch 11/12 (rows 10001-11000)
  Calculated 1000 temperatures. Range: 1.56 to 42.77
Processing batch 12/12 (rows 11001-11035)
  Calculated 35 temperatures. Range: 4.70 to 34.09
Total observations: 11035, Unique timestamps: 2207
MR parameters: mass=0.29, elev=2591.0, b0=16.50, b1=0.85, b2=-0.47, b3=0.000108
Sample tb=283.15 K, log(mass)=-1.2379, 1/(kT)=40.970342, exponent=-3.5284, rmr=0.029351
Sample tb=282.14 K, log(mass)=-1.2379, 1/(kT)=41.118182, exponent=-3.5979, rmr=0.027381
Sample tb=291.68 K, log(mass)=-1.2379, 1/(kT)=39.772822, exponent=-2.9656, rmr=0.051530
Sample tb=287.41 K, log(mass)=-1.2379, 1/(kT)=40.363099, exponent=-3.2430, rmr=0.039046
Sample tb=298.47 K, log(mass)=-1.2379, 1/(kT)=38.867422, exponent=-2.5401, rmr=0.078862
MR results: 0 NA, 0 infinite, 0 negative, 0 zero
Energy calculations: 6875 non-zero gains, 11035 non-zero losses out of 11035 observations
Saved results to output/results/B1/1960/F/eb_results_MS_1960_B1_Eldo.rds

Processing: Species=MS, Year=1961, Origin=B1, Climate=Eldo, Sex=F
Looking for climate data at: /mmfs1/gscratch/biology/jmsmith/targeted_microclimate/Eldo/simplified_Eldo_1961.rds
Directory /mmfs1/gscratch/biology/jmsmith/targeted_microclimate/Eldo exists. Contents:
simplified_Eldo_1945.rds
simplified_Eldo_1946.rds
simplified_Eldo_1947.rds
simplified_Eldo_1948.rds
simplified_Eldo_1949.rds
simplified_Eldo_1950.rds
simplified_Eldo_1951.rds
simplified_Eldo_1952.rds
simplified_Eldo_1953.rds
simplified_Eldo_1954.rds
simplified_Eldo_1955.rds
simplified_Eldo_1956.rds
simplified_Eldo_1957.rds
simplified_Eldo_1958.rds
simplified_Eldo_1959.rds
simplified_Eldo_1960.rds
simplified_Eldo_1961.rds
simplified_Eldo_1962.rds
simplified_Eldo_1963.rds
simplified_Eldo_1964.rds
simplified_Eldo_2005.rds
simplified_Eldo_2006.rds
simplified_Eldo_2007.rds
simplified_Eldo_2008.rds
simplified_Eldo_2009.rds
simplified_Eldo_2010.rds
simplified_Eldo_2011.rds
simplified_Eldo_2012.rds
simplified_Eldo_2013.rds
simplified_Eldo_2014.rds
simplified_Eldo_2015.rds
simplified_Eldo_2016.rds
simplified_Eldo_2017.rds
simplified_Eldo_2018.rds
simplified_Eldo_2019.rds
simplified_Eldo_2020.rds
simplified_Eldo_2021.rds
simplified_Eldo_2022.rds
simplified_Eldo_2023.rds
simplified_Eldo_2024.rds
Processing batch 1/12 (rows 1-1000)
  Calculated 1000 temperatures. Range: -0.89 to 49.46
Processing batch 2/12 (rows 1001-2000)
  Calculated 1000 temperatures. Range: 2.08 to 50.80
Processing batch 3/12 (rows 2001-3000)
  Calculated 1000 temperatures. Range: 0.47 to 49.37
Processing batch 4/12 (rows 3001-4000)
  Calculated 1000 temperatures. Range: 3.03 to 43.20
Processing batch 5/12 (rows 4001-5000)
  Calculated 1000 temperatures. Range: 1.07 to 39.75
Processing batch 6/12 (rows 5001-6000)
  Calculated 1000 temperatures. Range: 2.87 to 19.67
Processing batch 7/12 (rows 6001-7000)
  Calculated 1000 temperatures. Range: 1.54 to 21.11
Processing batch 8/12 (rows 7001-8000)
  Calculated 1000 temperatures. Range: 3.54 to 23.75
Processing batch 9/12 (rows 8001-9000)
  Calculated 1000 temperatures. Range: 0.56 to 30.11
Processing batch 10/12 (rows 9001-10000)
  Calculated 1000 temperatures. Range: 2.86 to 38.43
Processing batch 11/12 (rows 10001-11000)
  Calculated 1000 temperatures. Range: 3.13 to 39.15
Processing batch 12/12 (rows 11001-11035)
  Calculated 35 temperatures. Range: 7.12 to 37.85
Total observations: 11035, Unique timestamps: 2207
MR parameters: mass=0.29, elev=2591.0, b0=16.50, b1=0.85, b2=-0.47, b3=0.000108
Sample tb=278.65 K, log(mass)=-1.2379, 1/(kT)=41.633340, exponent=-3.8400, rmr=0.021493
Sample tb=305.98 K, log(mass)=-1.2379, 1/(kT)=37.914448, exponent=-2.0922, rmr=0.123421
Sample tb=282.86 K, log(mass)=-1.2379, 1/(kT)=41.012267, exponent=-3.5481, rmr=0.028778
Sample tb=291.87 K, log(mass)=-1.2379, 1/(kT)=39.747117, exponent=-2.9535, rmr=0.052156
Sample tb=288.98 K, log(mass)=-1.2379, 1/(kT)=40.144081, exponent=-3.1401, rmr=0.043279
MR results: 0 NA, 0 infinite, 0 negative, 0 zero
Energy calculations: 7042 non-zero gains, 11035 non-zero losses out of 11035 observations
Saved results to output/results/B1/1961/F/eb_results_MS_1961_B1_Eldo.rds

Processing: Species=MS, Year=1962, Origin=B1, Climate=Eldo, Sex=F
Looking for climate data at: /mmfs1/gscratch/biology/jmsmith/targeted_microclimate/Eldo/simplified_Eldo_1962.rds
Directory /mmfs1/gscratch/biology/jmsmith/targeted_microclimate/Eldo exists. Contents:
simplified_Eldo_1945.rds
simplified_Eldo_1946.rds
simplified_Eldo_1947.rds
simplified_Eldo_1948.rds
simplified_Eldo_1949.rds
simplified_Eldo_1950.rds
simplified_Eldo_1951.rds
simplified_Eldo_1952.rds
simplified_Eldo_1953.rds
simplified_Eldo_1954.rds
simplified_Eldo_1955.rds
simplified_Eldo_1956.rds
simplified_Eldo_1957.rds
simplified_Eldo_1958.rds
simplified_Eldo_1959.rds
simplified_Eldo_1960.rds
simplified_Eldo_1961.rds
simplified_Eldo_1962.rds
simplified_Eldo_1963.rds
simplified_Eldo_1964.rds
simplified_Eldo_2005.rds
simplified_Eldo_2006.rds
simplified_Eldo_2007.rds
simplified_Eldo_2008.rds
simplified_Eldo_2009.rds
simplified_Eldo_2010.rds
simplified_Eldo_2011.rds
simplified_Eldo_2012.rds
simplified_Eldo_2013.rds
simplified_Eldo_2014.rds
simplified_Eldo_2015.rds
simplified_Eldo_2016.rds
simplified_Eldo_2017.rds
simplified_Eldo_2018.rds
simplified_Eldo_2019.rds
simplified_Eldo_2020.rds
simplified_Eldo_2021.rds
simplified_Eldo_2022.rds
simplified_Eldo_2023.rds
simplified_Eldo_2024.rds
Processing batch 1/12 (rows 1-1000)
  Calculated 1000 temperatures. Range: -1.59 to 50.06
Processing batch 2/12 (rows 1001-2000)
  Calculated 1000 temperatures. Range: 2.73 to 56.46
Processing batch 3/12 (rows 2001-3000)
  Calculated 1000 temperatures. Range: 0.14 to 56.05
Processing batch 4/12 (rows 3001-4000)
  Calculated 1000 temperatures. Range: 4.93 to 47.33
Processing batch 5/12 (rows 4001-5000)
  Calculated 1000 temperatures. Range: 0.17 to 45.54
Processing batch 6/12 (rows 5001-6000)
  Calculated 1000 temperatures. Range: 4.80 to 19.03
Processing batch 7/12 (rows 6001-7000)
  Calculated 1000 temperatures. Range: 1.07 to 20.32
Processing batch 8/12 (rows 7001-8000)
  Calculated 1000 temperatures. Range: 2.23 to 23.87
Processing batch 9/12 (rows 8001-9000)
  Calculated 1000 temperatures. Range: 0.48 to 25.64
Processing batch 10/12 (rows 9001-10000)
  Calculated 1000 temperatures. Range: 0.00 to 38.70
Processing batch 11/12 (rows 10001-11000)
  Calculated 1000 temperatures. Range: 2.72 to 43.38
Processing batch 12/12 (rows 11001-11035)
  Calculated 35 temperatures. Range: 3.15 to 21.10
Total observations: 11035, Unique timestamps: 2207
MR parameters: mass=0.29, elev=2591.0, b0=16.50, b1=0.85, b2=-0.47, b3=0.000108
Sample tb=278.15 K, log(mass)=-1.2379, 1/(kT)=41.707736, exponent=-3.8750, rmr=0.020754
Sample tb=307.34 K, log(mass)=-1.2379, 1/(kT)=37.746614, exponent=-2.0133, rmr=0.133551
Sample tb=286.64 K, log(mass)=-1.2379, 1/(kT)=40.471887, exponent=-3.2942, rmr=0.037099
Sample tb=288.95 K, log(mass)=-1.2379, 1/(kT)=40.148912, exponent=-3.1424, rmr=0.043181
Sample tb=282.19 K, log(mass)=-1.2379, 1/(kT)=41.110657, exponent=-3.5944, rmr=0.027478
MR results: 0 NA, 0 infinite, 0 negative, 0 zero
Energy calculations: 6516 non-zero gains, 11035 non-zero losses out of 11035 observations
Saved results to output/results/B1/1962/F/eb_results_MS_1962_B1_Eldo.rds

Processing: Species=MS, Year=1963, Origin=B1, Climate=Eldo, Sex=F
Looking for climate data at: /mmfs1/gscratch/biology/jmsmith/targeted_microclimate/Eldo/simplified_Eldo_1963.rds
Directory /mmfs1/gscratch/biology/jmsmith/targeted_microclimate/Eldo exists. Contents:
simplified_Eldo_1945.rds
simplified_Eldo_1946.rds
simplified_Eldo_1947.rds
simplified_Eldo_1948.rds
simplified_Eldo_1949.rds
simplified_Eldo_1950.rds
simplified_Eldo_1951.rds
simplified_Eldo_1952.rds
simplified_Eldo_1953.rds
simplified_Eldo_1954.rds
simplified_Eldo_1955.rds
simplified_Eldo_1956.rds
simplified_Eldo_1957.rds
simplified_Eldo_1958.rds
simplified_Eldo_1959.rds
simplified_Eldo_1960.rds
simplified_Eldo_1961.rds
simplified_Eldo_1962.rds
simplified_Eldo_1963.rds
simplified_Eldo_1964.rds
simplified_Eldo_2005.rds
simplified_Eldo_2006.rds
simplified_Eldo_2007.rds
simplified_Eldo_2008.rds
simplified_Eldo_2009.rds
simplified_Eldo_2010.rds
simplified_Eldo_2011.rds
simplified_Eldo_2012.rds
simplified_Eldo_2013.rds
simplified_Eldo_2014.rds
simplified_Eldo_2015.rds
simplified_Eldo_2016.rds
simplified_Eldo_2017.rds
simplified_Eldo_2018.rds
simplified_Eldo_2019.rds
simplified_Eldo_2020.rds
simplified_Eldo_2021.rds
simplified_Eldo_2022.rds
simplified_Eldo_2023.rds
simplified_Eldo_2024.rds
Processing batch 1/12 (rows 1-1000)
  Calculated 1000 temperatures. Range: 0.96 to 60.00
Processing batch 2/12 (rows 1001-2000)
  Calculated 1000 temperatures. Range: 5.19 to 50.73
Processing batch 3/12 (rows 2001-3000)
  Calculated 1000 temperatures. Range: 2.27 to 51.49
Processing batch 4/12 (rows 3001-4000)
  Calculated 1000 temperatures. Range: 6.02 to 42.86
Processing batch 5/12 (rows 4001-5000)
  Calculated 1000 temperatures. Range: 2.28 to 35.42
Processing batch 6/12 (rows 5001-6000)
  Calculated 1000 temperatures. Range: 4.02 to 20.93
Processing batch 7/12 (rows 6001-7000)
  Calculated 1000 temperatures. Range: 3.33 to 22.29
Processing batch 8/12 (rows 7001-8000)
  Calculated 1000 temperatures. Range: 3.76 to 25.01
Processing batch 9/12 (rows 8001-9000)
  Calculated 1000 temperatures. Range: 2.36 to 34.79
Processing batch 10/12 (rows 9001-10000)
  Calculated 1000 temperatures. Range: 2.50 to 42.96
Processing batch 11/12 (rows 10001-11000)
  Calculated 1000 temperatures. Range: 6.10 to 39.36
Processing batch 12/12 (rows 11001-11035)
  Calculated 35 temperatures. Range: 7.79 to 27.60
Total observations: 11035, Unique timestamps: 2207
MR parameters: mass=0.29, elev=2591.0, b0=16.50, b1=0.85, b2=-0.47, b3=0.000108
Sample tb=280.41 K, log(mass)=-1.2379, 1/(kT)=41.370919, exponent=-3.7167, rmr=0.024314
Sample tb=285.42 K, log(mass)=-1.2379, 1/(kT)=40.645568, exponent=-3.3758, rmr=0.034191
Sample tb=281.13 K, log(mass)=-1.2379, 1/(kT)=41.264891, exponent=-3.6669, rmr=0.025556
Sample tb=304.44 K, log(mass)=-1.2379, 1/(kT)=38.105445, exponent=-2.1819, rmr=0.112824
Sample tb=287.54 K, log(mass)=-1.2379, 1/(kT)=40.344829, exponent=-3.2344, rmr=0.039382
MR results: 0 NA, 0 infinite, 0 negative, 0 zero
Energy calculations: 7487 non-zero gains, 11035 non-zero losses out of 11035 observations
Saved results to output/results/B1/1963/F/eb_results_MS_1963_B1_Eldo.rds

Processing: Species=MS, Year=1964, Origin=B1, Climate=Eldo, Sex=F
Looking for climate data at: /mmfs1/gscratch/biology/jmsmith/targeted_microclimate/Eldo/simplified_Eldo_1964.rds
Directory /mmfs1/gscratch/biology/jmsmith/targeted_microclimate/Eldo exists. Contents:
simplified_Eldo_1945.rds
simplified_Eldo_1946.rds
simplified_Eldo_1947.rds
simplified_Eldo_1948.rds
simplified_Eldo_1949.rds
simplified_Eldo_1950.rds
simplified_Eldo_1951.rds
simplified_Eldo_1952.rds
simplified_Eldo_1953.rds
simplified_Eldo_1954.rds
simplified_Eldo_1955.rds
simplified_Eldo_1956.rds
simplified_Eldo_1957.rds
simplified_Eldo_1958.rds
simplified_Eldo_1959.rds
simplified_Eldo_1960.rds
simplified_Eldo_1961.rds
simplified_Eldo_1962.rds
simplified_Eldo_1963.rds
simplified_Eldo_1964.rds
simplified_Eldo_2005.rds
simplified_Eldo_2006.rds
simplified_Eldo_2007.rds
simplified_Eldo_2008.rds
simplified_Eldo_2009.rds
simplified_Eldo_2010.rds
simplified_Eldo_2011.rds
simplified_Eldo_2012.rds
simplified_Eldo_2013.rds
simplified_Eldo_2014.rds
simplified_Eldo_2015.rds
simplified_Eldo_2016.rds
simplified_Eldo_2017.rds
simplified_Eldo_2018.rds
simplified_Eldo_2019.rds
simplified_Eldo_2020.rds
simplified_Eldo_2021.rds
simplified_Eldo_2022.rds
simplified_Eldo_2023.rds
simplified_Eldo_2024.rds
Processing batch 1/12 (rows 1-1000)
  Calculated 1000 temperatures. Range: -0.87 to 48.52
Processing batch 2/12 (rows 1001-2000)
  Calculated 1000 temperatures. Range: -0.42 to 55.15
Processing batch 3/12 (rows 2001-3000)
  Calculated 1000 temperatures. Range: -1.61 to 44.72
Processing batch 4/12 (rows 3001-4000)
  Calculated 1000 temperatures. Range: 4.86 to 47.07
Processing batch 5/12 (rows 4001-5000)
  Calculated 1000 temperatures. Range: 0.60 to 39.92
Processing batch 6/12 (rows 5001-6000)
  Calculated 1000 temperatures. Range: 3.41 to 20.22
Processing batch 7/12 (rows 6001-7000)
  Calculated 1000 temperatures. Range: 0.66 to 22.02
Processing batch 8/12 (rows 7001-8000)
  Calculated 1000 temperatures. Range: 1.87 to 24.42
Processing batch 9/12 (rows 8001-9000)
  Calculated 1000 temperatures. Range: 0.36 to 34.81
Processing batch 10/12 (rows 9001-10000)
  Calculated 1000 temperatures. Range: 1.03 to 37.64
Processing batch 11/12 (rows 10001-11000)
  Calculated 1000 temperatures. Range: 0.45 to 42.93
Processing batch 12/12 (rows 11001-11035)
  Calculated 35 temperatures. Range: 1.08 to 30.24
Total observations: 11035, Unique timestamps: 2207
MR parameters: mass=0.29, elev=2591.0, b0=16.50, b1=0.85, b2=-0.47, b3=0.000108
Sample tb=288.49 K, log(mass)=-1.2379, 1/(kT)=40.212907, exponent=-3.1724, rmr=0.041902
Sample tb=284.41 K, log(mass)=-1.2379, 1/(kT)=40.788901, exponent=-3.4431, rmr=0.031964
Sample tb=287.68 K, log(mass)=-1.2379, 1/(kT)=40.326429, exponent=-3.2258, rmr=0.039725
Sample tb=304.68 K, log(mass)=-1.2379, 1/(kT)=38.075879, exponent=-2.1680, rmr=0.114403
Sample tb=280.46 K, log(mass)=-1.2379, 1/(kT)=41.363943, exponent=-3.7134, rmr=0.024394
MR results: 0 NA, 0 infinite, 0 negative, 0 zero
Energy calculations: 6818 non-zero gains, 11035 non-zero losses out of 11035 observations
Saved results to output/results/B1/1964/F/eb_results_MS_1964_B1_Eldo.rds

All years processed.
