Arguments received:
Species: MS
Years: 2005, 2006, 2007, 2008, 2009, 2010, 2011, 2012, 2013, 2014, 2015, 2016, 2017, 2018, 2019, 2020, 2021, 2022, 2023, 2024
Origin site: Eldo
Climate site: B1
Sex: M
Output directory: output/results/Eldo
Library paths:
[1] "/gscratch/biology/jmsmith/R"                          
[2] "/mmfs1/home/smithju/R/x86_64-pc-linux-gnu-library/4.4"
[3] "/usr/local/lib/R/site-library"                        
[4] "/usr/local/lib/R/library"                             
Package tidyverse loaded successfully
Package TrenchR loaded successfully
Package rTPC loaded successfully
Package lubridate loaded successfully

Processing: Species=MS, Year=2005, Origin=Eldo, Climate=B1, Sex=M
Looking for climate data at: /mmfs1/gscratch/biology/jmsmith/targeted_microclimate/B1/simplified_B1_2005.rds
Directory /mmfs1/gscratch/biology/jmsmith/targeted_microclimate/B1 exists. Contents:
simplified_B1_1945.rds
simplified_B1_1946.rds
simplified_B1_1947.rds
simplified_B1_1948.rds
simplified_B1_1949.rds
simplified_B1_1950.rds
simplified_B1_1951.rds
simplified_B1_1952.rds
simplified_B1_1953.rds
simplified_B1_1954.rds
simplified_B1_1955.rds
simplified_B1_1956.rds
simplified_B1_1957.rds
simplified_B1_1958.rds
simplified_B1_1959.rds
simplified_B1_1960.rds
simplified_B1_1961.rds
simplified_B1_1962.rds
simplified_B1_1963.rds
simplified_B1_1964.rds
simplified_B1_2005.rds
simplified_B1_2006.rds
simplified_B1_2007.rds
simplified_B1_2008.rds
simplified_B1_2009.rds
simplified_B1_2010.rds
simplified_B1_2011.rds
simplified_B1_2012.rds
simplified_B1_2013.rds
simplified_B1_2014.rds
simplified_B1_2015.rds
simplified_B1_2016.rds
simplified_B1_2017.rds
simplified_B1_2018.rds
simplified_B1_2019.rds
simplified_B1_2020.rds
simplified_B1_2021.rds
simplified_B1_2022.rds
simplified_B1_2023.rds
simplified_B1_2024.rds
Processing batch 1/12 (rows 1-1000)
  Calculated 1000 temperatures. Range: -2.79 to 59.51
Processing batch 2/12 (rows 1001-2000)
  Calculated 1000 temperatures. Range: 1.78 to 59.73
Processing batch 3/12 (rows 2001-3000)
  Calculated 1000 temperatures. Range: -1.10 to 59.00
Processing batch 4/12 (rows 3001-4000)
  Calculated 1000 temperatures. Range: 2.45 to 48.60
Processing batch 5/12 (rows 4001-5000)
  Calculated 1000 temperatures. Range: -1.00 to 47.95
Processing batch 6/12 (rows 5001-6000)
  Calculated 1000 temperatures. Range: 2.23 to 48.70
Processing batch 7/12 (rows 6001-7000)
  Calculated 1000 temperatures. Range: -0.51 to 47.97
Processing batch 8/12 (rows 7001-8000)
  Calculated 1000 temperatures. Range: 2.23 to 19.74
Processing batch 9/12 (rows 8001-9000)
  Calculated 1000 temperatures. Range: 1.54 to 18.06
Processing batch 10/12 (rows 9001-10000)
  Calculated 1000 temperatures. Range: -0.21 to 24.71
Processing batch 11/12 (rows 10001-11000)
  Calculated 1000 temperatures. Range: 3.31 to 24.88
Processing batch 12/12 (rows 11001-11035)
  Calculated 35 temperatures. Range: 2.71 to 20.67
Total observations: 11035, Unique timestamps: 2207
MR parameters: mass=0.31, elev=1740.0, b0=16.50, b1=0.85, b2=-0.47, b3=0.000108
Sample tb=285.36 K, log(mass)=-1.1712, 1/(kT)=40.653645, exponent=-3.4148, rmr=0.032883
Sample tb=276.86 K, log(mass)=-1.1712, 1/(kT)=41.901935, exponent=-4.0015, rmr=0.018288
Sample tb=297.17 K, log(mass)=-1.1712, 1/(kT)=39.038017, exponent=-2.6555, rmr=0.070267
Sample tb=295.09 K, log(mass)=-1.1712, 1/(kT)=39.313675, exponent=-2.7850, rmr=0.061728
Sample tb=282.59 K, log(mass)=-1.1712, 1/(kT)=41.051952, exponent=-3.6020, rmr=0.027269
MR results: 0 NA, 0 infinite, 0 negative, 0 zero
Energy calculations: 4255 non-zero gains, 11035 non-zero losses out of 11035 observations
Saved results to output/results/Eldo/2005/M/eb_results_MS_2005_Eldo_B1.rds

Processing: Species=MS, Year=2006, Origin=Eldo, Climate=B1, Sex=M
Looking for climate data at: /mmfs1/gscratch/biology/jmsmith/targeted_microclimate/B1/simplified_B1_2006.rds
Directory /mmfs1/gscratch/biology/jmsmith/targeted_microclimate/B1 exists. Contents:
simplified_B1_1945.rds
simplified_B1_1946.rds
simplified_B1_1947.rds
simplified_B1_1948.rds
simplified_B1_1949.rds
simplified_B1_1950.rds
simplified_B1_1951.rds
simplified_B1_1952.rds
simplified_B1_1953.rds
simplified_B1_1954.rds
simplified_B1_1955.rds
simplified_B1_1956.rds
simplified_B1_1957.rds
simplified_B1_1958.rds
simplified_B1_1959.rds
simplified_B1_1960.rds
simplified_B1_1961.rds
simplified_B1_1962.rds
simplified_B1_1963.rds
simplified_B1_1964.rds
simplified_B1_2005.rds
simplified_B1_2006.rds
simplified_B1_2007.rds
simplified_B1_2008.rds
simplified_B1_2009.rds
simplified_B1_2010.rds
simplified_B1_2011.rds
simplified_B1_2012.rds
simplified_B1_2013.rds
simplified_B1_2014.rds
simplified_B1_2015.rds
simplified_B1_2016.rds
simplified_B1_2017.rds
simplified_B1_2018.rds
simplified_B1_2019.rds
simplified_B1_2020.rds
simplified_B1_2021.rds
simplified_B1_2022.rds
simplified_B1_2023.rds
simplified_B1_2024.rds
Processing batch 1/12 (rows 1-1000)
  Calculated 1000 temperatures. Range: -0.57 to 58.74
Processing batch 2/12 (rows 1001-2000)
  Calculated 1000 temperatures. Range: 4.00 to 60.00
Processing batch 3/12 (rows 2001-3000)
  Calculated 1000 temperatures. Range: 0.77 to 55.89
Processing batch 4/12 (rows 3001-4000)
  Calculated 1000 temperatures. Range: 5.31 to 55.00
Processing batch 5/12 (rows 4001-5000)
  Calculated 1000 temperatures. Range: 1.47 to 45.97
Processing batch 6/12 (rows 5001-6000)
  Calculated 1000 temperatures. Range: 2.74 to 54.67
Processing batch 7/12 (rows 6001-7000)
  Calculated 1000 temperatures. Range: 2.37 to 49.01
Processing batch 8/12 (rows 7001-8000)
  Calculated 1000 temperatures. Range: 1.64 to 20.07
Processing batch 9/12 (rows 8001-9000)
  Calculated 1000 temperatures. Range: 2.77 to 21.90
Processing batch 10/12 (rows 9001-10000)
  Calculated 1000 temperatures. Range: 1.98 to 23.49
Processing batch 11/12 (rows 10001-11000)
  Calculated 1000 temperatures. Range: 3.23 to 23.29
Processing batch 12/12 (rows 11001-11035)
  Calculated 35 temperatures. Range: 5.95 to 19.50
Total observations: 11035, Unique timestamps: 2207
MR parameters: mass=0.31, elev=1740.0, b0=16.50, b1=0.85, b2=-0.47, b3=0.000108
Sample tb=279.19 K, log(mass)=-1.1712, 1/(kT)=41.552598, exponent=-3.8373, rmr=0.021552
Sample tb=291.13 K, log(mass)=-1.1712, 1/(kT)=39.848336, exponent=-3.0363, rmr=0.048012
Sample tb=297.09 K, log(mass)=-1.1712, 1/(kT)=39.049016, exponent=-2.6606, rmr=0.069905
Sample tb=301.09 K, log(mass)=-1.1712, 1/(kT)=38.530196, exponent=-2.4168, rmr=0.089209
Sample tb=287.98 K, log(mass)=-1.1712, 1/(kT)=40.284182, exponent=-3.2412, rmr=0.039119
MR results: 0 NA, 0 infinite, 0 negative, 0 zero
Energy calculations: 4506 non-zero gains, 11035 non-zero losses out of 11035 observations
Saved results to output/results/Eldo/2006/M/eb_results_MS_2006_Eldo_B1.rds

Processing: Species=MS, Year=2007, Origin=Eldo, Climate=B1, Sex=M
Looking for climate data at: /mmfs1/gscratch/biology/jmsmith/targeted_microclimate/B1/simplified_B1_2007.rds
Directory /mmfs1/gscratch/biology/jmsmith/targeted_microclimate/B1 exists. Contents:
simplified_B1_1945.rds
simplified_B1_1946.rds
simplified_B1_1947.rds
simplified_B1_1948.rds
simplified_B1_1949.rds
simplified_B1_1950.rds
simplified_B1_1951.rds
simplified_B1_1952.rds
simplified_B1_1953.rds
simplified_B1_1954.rds
simplified_B1_1955.rds
simplified_B1_1956.rds
simplified_B1_1957.rds
simplified_B1_1958.rds
simplified_B1_1959.rds
simplified_B1_1960.rds
simplified_B1_1961.rds
simplified_B1_1962.rds
simplified_B1_1963.rds
simplified_B1_1964.rds
simplified_B1_2005.rds
simplified_B1_2006.rds
simplified_B1_2007.rds
simplified_B1_2008.rds
simplified_B1_2009.rds
simplified_B1_2010.rds
simplified_B1_2011.rds
simplified_B1_2012.rds
simplified_B1_2013.rds
simplified_B1_2014.rds
simplified_B1_2015.rds
simplified_B1_2016.rds
simplified_B1_2017.rds
simplified_B1_2018.rds
simplified_B1_2019.rds
simplified_B1_2020.rds
simplified_B1_2021.rds
simplified_B1_2022.rds
simplified_B1_2023.rds
simplified_B1_2024.rds
Processing batch 1/12 (rows 1-1000)
  Calculated 1000 temperatures. Range: -4.35 to 60.00
Processing batch 2/12 (rows 1001-2000)
  Calculated 1000 temperatures. Range: 3.98 to 59.77
Processing batch 3/12 (rows 2001-3000)
  Calculated 1000 temperatures. Range: -3.52 to 50.44
Processing batch 4/12 (rows 3001-4000)
  Calculated 1000 temperatures. Range: 4.89 to 50.59
Processing batch 5/12 (rows 4001-5000)
  Calculated 1000 temperatures. Range: -2.84 to 49.70
Processing batch 6/12 (rows 5001-6000)
  Calculated 1000 temperatures. Range: 5.27 to 49.99
Processing batch 7/12 (rows 6001-7000)
  Calculated 1000 temperatures. Range: -1.68 to 45.47
Processing batch 8/12 (rows 7001-8000)
  Calculated 1000 temperatures. Range: 1.75 to 19.49
Processing batch 9/12 (rows 8001-9000)
  Calculated 1000 temperatures. Range: 0.55 to 19.21
Processing batch 10/12 (rows 9001-10000)
  Calculated 1000 temperatures. Range: -1.91 to 23.41
Processing batch 11/12 (rows 10001-11000)
  Calculated 1000 temperatures. Range: 5.88 to 23.13
Processing batch 12/12 (rows 11001-11035)
  Calculated 35 temperatures. Range: 6.82 to 20.68
Total observations: 11035, Unique timestamps: 2207
MR parameters: mass=0.31, elev=1740.0, b0=16.50, b1=0.85, b2=-0.47, b3=0.000108
Sample tb=290.64 K, log(mass)=-1.1712, 1/(kT)=39.914856, exponent=-3.0676, rmr=0.046534
Sample tb=293.87 K, log(mass)=-1.1712, 1/(kT)=39.476234, exponent=-2.8614, rmr=0.057188
Sample tb=283.63 K, log(mass)=-1.1712, 1/(kT)=40.900962, exponent=-3.5310, rmr=0.029275
Sample tb=281.49 K, log(mass)=-1.1712, 1/(kT)=41.212152, exponent=-3.6773, rmr=0.025291
Sample tb=292.55 K, log(mass)=-1.1712, 1/(kT)=39.655042, exponent=-2.9455, rmr=0.052578
MR results: 0 NA, 0 infinite, 0 negative, 0 zero
Energy calculations: 4679 non-zero gains, 11035 non-zero losses out of 11035 observations
Saved results to output/results/Eldo/2007/M/eb_results_MS_2007_Eldo_B1.rds

Processing: Species=MS, Year=2008, Origin=Eldo, Climate=B1, Sex=M
Looking for climate data at: /mmfs1/gscratch/biology/jmsmith/targeted_microclimate/B1/simplified_B1_2008.rds
Directory /mmfs1/gscratch/biology/jmsmith/targeted_microclimate/B1 exists. Contents:
simplified_B1_1945.rds
simplified_B1_1946.rds
simplified_B1_1947.rds
simplified_B1_1948.rds
simplified_B1_1949.rds
simplified_B1_1950.rds
simplified_B1_1951.rds
simplified_B1_1952.rds
simplified_B1_1953.rds
simplified_B1_1954.rds
simplified_B1_1955.rds
simplified_B1_1956.rds
simplified_B1_1957.rds
simplified_B1_1958.rds
simplified_B1_1959.rds
simplified_B1_1960.rds
simplified_B1_1961.rds
simplified_B1_1962.rds
simplified_B1_1963.rds
simplified_B1_1964.rds
simplified_B1_2005.rds
simplified_B1_2006.rds
simplified_B1_2007.rds
simplified_B1_2008.rds
simplified_B1_2009.rds
simplified_B1_2010.rds
simplified_B1_2011.rds
simplified_B1_2012.rds
simplified_B1_2013.rds
simplified_B1_2014.rds
simplified_B1_2015.rds
simplified_B1_2016.rds
simplified_B1_2017.rds
simplified_B1_2018.rds
simplified_B1_2019.rds
simplified_B1_2020.rds
simplified_B1_2021.rds
simplified_B1_2022.rds
simplified_B1_2023.rds
simplified_B1_2024.rds
Processing batch 1/12 (rows 1-1000)
  Calculated 1000 temperatures. Range: -5.23 to 60.00
Processing batch 2/12 (rows 1001-2000)
  Calculated 1000 temperatures. Range: 1.29 to 60.00
Processing batch 3/12 (rows 2001-3000)
  Calculated 1000 temperatures. Range: -3.44 to 56.87
Processing batch 4/12 (rows 3001-4000)
  Calculated 1000 temperatures. Range: 2.36 to 49.80
Processing batch 5/12 (rows 4001-5000)
  Calculated 1000 temperatures. Range: -3.32 to 48.74
Processing batch 6/12 (rows 5001-6000)
  Calculated 1000 temperatures. Range: 1.68 to 49.75
Processing batch 7/12 (rows 6001-7000)
  Calculated 1000 temperatures. Range: -2.56 to 46.35
Processing batch 8/12 (rows 7001-8000)
  Calculated 1000 temperatures. Range: 2.19 to 18.74
Processing batch 9/12 (rows 8001-9000)
  Calculated 1000 temperatures. Range: 1.93 to 18.68
Processing batch 10/12 (rows 9001-10000)
  Calculated 1000 temperatures. Range: -1.87 to 21.79
Processing batch 11/12 (rows 10001-11000)
  Calculated 1000 temperatures. Range: 3.65 to 22.93
Processing batch 12/12 (rows 11001-11035)
  Calculated 35 temperatures. Range: 6.55 to 19.84
Total observations: 11035, Unique timestamps: 2207
MR parameters: mass=0.31, elev=1740.0, b0=16.50, b1=0.85, b2=-0.47, b3=0.000108
Sample tb=271.53 K, log(mass)=-1.1712, 1/(kT)=42.724043, exponent=-4.3879, rmr=0.012427
Sample tb=278.86 K, log(mass)=-1.1712, 1/(kT)=41.601464, exponent=-3.8603, rmr=0.021062
Sample tb=290.83 K, log(mass)=-1.1712, 1/(kT)=39.889624, exponent=-3.0557, rmr=0.047089
Sample tb=278.81 K, log(mass)=-1.1712, 1/(kT)=41.609065, exponent=-3.8638, rmr=0.020987
Sample tb=289.27 K, log(mass)=-1.1712, 1/(kT)=40.104107, exponent=-3.1565, rmr=0.042574
MR results: 0 NA, 0 infinite, 0 negative, 0 zero
Energy calculations: 4318 non-zero gains, 11035 non-zero losses out of 11035 observations
Saved results to output/results/Eldo/2008/M/eb_results_MS_2008_Eldo_B1.rds

Processing: Species=MS, Year=2009, Origin=Eldo, Climate=B1, Sex=M
Looking for climate data at: /mmfs1/gscratch/biology/jmsmith/targeted_microclimate/B1/simplified_B1_2009.rds
Directory /mmfs1/gscratch/biology/jmsmith/targeted_microclimate/B1 exists. Contents:
simplified_B1_1945.rds
simplified_B1_1946.rds
simplified_B1_1947.rds
simplified_B1_1948.rds
simplified_B1_1949.rds
simplified_B1_1950.rds
simplified_B1_1951.rds
simplified_B1_1952.rds
simplified_B1_1953.rds
simplified_B1_1954.rds
simplified_B1_1955.rds
simplified_B1_1956.rds
simplified_B1_1957.rds
simplified_B1_1958.rds
simplified_B1_1959.rds
simplified_B1_1960.rds
simplified_B1_1961.rds
simplified_B1_1962.rds
simplified_B1_1963.rds
simplified_B1_1964.rds
simplified_B1_2005.rds
simplified_B1_2006.rds
simplified_B1_2007.rds
simplified_B1_2008.rds
simplified_B1_2009.rds
simplified_B1_2010.rds
simplified_B1_2011.rds
simplified_B1_2012.rds
simplified_B1_2013.rds
simplified_B1_2014.rds
simplified_B1_2015.rds
simplified_B1_2016.rds
simplified_B1_2017.rds
simplified_B1_2018.rds
simplified_B1_2019.rds
simplified_B1_2020.rds
simplified_B1_2021.rds
simplified_B1_2022.rds
simplified_B1_2023.rds
simplified_B1_2024.rds
Processing batch 1/12 (rows 1-1000)
  Calculated 1000 temperatures. Range: -1.58 to 60.00
Processing batch 2/12 (rows 1001-2000)
  Calculated 1000 temperatures. Range: 0.04 to 60.00
Processing batch 3/12 (rows 2001-3000)
  Calculated 1000 temperatures. Range: -0.57 to 54.50
Processing batch 4/12 (rows 3001-4000)
  Calculated 1000 temperatures. Range: 3.08 to 50.04
Processing batch 5/12 (rows 4001-5000)
  Calculated 1000 temperatures. Range: -0.04 to 46.69
Processing batch 6/12 (rows 5001-6000)
  Calculated 1000 temperatures. Range: 3.74 to 50.58
Processing batch 7/12 (rows 6001-7000)
  Calculated 1000 temperatures. Range: 0.27 to 46.59
Processing batch 8/12 (rows 7001-8000)
  Calculated 1000 temperatures. Range: 2.73 to 18.57
Processing batch 9/12 (rows 8001-9000)
  Calculated 1000 temperatures. Range: 0.78 to 18.58
Processing batch 10/12 (rows 9001-10000)
  Calculated 1000 temperatures. Range: 0.70 to 21.03
Processing batch 11/12 (rows 10001-11000)
  Calculated 1000 temperatures. Range: 2.38 to 23.18
Processing batch 12/12 (rows 11001-11035)
  Calculated 35 temperatures. Range: 4.78 to 17.95
Total observations: 11035, Unique timestamps: 2207
MR parameters: mass=0.31, elev=1740.0, b0=16.50, b1=0.85, b2=-0.47, b3=0.000108
Sample tb=278.99 K, log(mass)=-1.1712, 1/(kT)=41.581666, exponent=-3.8510, rmr=0.021259
Sample tb=288.18 K, log(mass)=-1.1712, 1/(kT)=40.256031, exponent=-3.2279, rmr=0.039640
Sample tb=283.13 K, log(mass)=-1.1712, 1/(kT)=40.973444, exponent=-3.5651, rmr=0.028294
Sample tb=280.08 K, log(mass)=-1.1712, 1/(kT)=41.420242, exponent=-3.7751, rmr=0.022935
Sample tb=278.67 K, log(mass)=-1.1712, 1/(kT)=41.630047, exponent=-3.8737, rmr=0.020781
MR results: 0 NA, 0 infinite, 0 negative, 0 zero
Energy calculations: 3966 non-zero gains, 11035 non-zero losses out of 11035 observations
Saved results to output/results/Eldo/2009/M/eb_results_MS_2009_Eldo_B1.rds

Processing: Species=MS, Year=2010, Origin=Eldo, Climate=B1, Sex=M
Looking for climate data at: /mmfs1/gscratch/biology/jmsmith/targeted_microclimate/B1/simplified_B1_2010.rds
Directory /mmfs1/gscratch/biology/jmsmith/targeted_microclimate/B1 exists. Contents:
simplified_B1_1945.rds
simplified_B1_1946.rds
simplified_B1_1947.rds
simplified_B1_1948.rds
simplified_B1_1949.rds
simplified_B1_1950.rds
simplified_B1_1951.rds
simplified_B1_1952.rds
simplified_B1_1953.rds
simplified_B1_1954.rds
simplified_B1_1955.rds
simplified_B1_1956.rds
simplified_B1_1957.rds
simplified_B1_1958.rds
simplified_B1_1959.rds
simplified_B1_1960.rds
simplified_B1_1961.rds
simplified_B1_1962.rds
simplified_B1_1963.rds
simplified_B1_1964.rds
simplified_B1_2005.rds
simplified_B1_2006.rds
simplified_B1_2007.rds
simplified_B1_2008.rds
simplified_B1_2009.rds
simplified_B1_2010.rds
simplified_B1_2011.rds
simplified_B1_2012.rds
simplified_B1_2013.rds
simplified_B1_2014.rds
simplified_B1_2015.rds
simplified_B1_2016.rds
simplified_B1_2017.rds
simplified_B1_2018.rds
simplified_B1_2019.rds
simplified_B1_2020.rds
simplified_B1_2021.rds
simplified_B1_2022.rds
simplified_B1_2023.rds
simplified_B1_2024.rds
Processing batch 1/12 (rows 1-1000)
  Calculated 1000 temperatures. Range: -2.50 to 60.00
Processing batch 2/12 (rows 1001-2000)
  Calculated 1000 temperatures. Range: 1.38 to 60.00
Processing batch 3/12 (rows 2001-3000)
  Calculated 1000 temperatures. Range: -0.52 to 53.27
Processing batch 4/12 (rows 3001-4000)
  Calculated 1000 temperatures. Range: 2.84 to 51.47
Processing batch 5/12 (rows 4001-5000)
  Calculated 1000 temperatures. Range: -0.01 to 47.13
Processing batch 6/12 (rows 5001-6000)
  Calculated 1000 temperatures. Range: 3.32 to 51.42
Processing batch 7/12 (rows 6001-7000)
  Calculated 1000 temperatures. Range: 1.50 to 47.16
Processing batch 8/12 (rows 7001-8000)
  Calculated 1000 temperatures. Range: 1.69 to 19.06
Processing batch 9/12 (rows 8001-9000)
  Calculated 1000 temperatures. Range: 1.99 to 20.74
Processing batch 10/12 (rows 9001-10000)
  Calculated 1000 temperatures. Range: 2.19 to 23.04
Processing batch 11/12 (rows 10001-11000)
  Calculated 1000 temperatures. Range: 4.09 to 22.53
Processing batch 12/12 (rows 11001-11035)
  Calculated 35 temperatures. Range: 4.58 to 16.89
Total observations: 11035, Unique timestamps: 2207
MR parameters: mass=0.31, elev=1740.0, b0=16.50, b1=0.85, b2=-0.47, b3=0.000108
Sample tb=284.74 K, log(mass)=-1.1712, 1/(kT)=40.742772, exponent=-3.4567, rmr=0.031534
Sample tb=294.18 K, log(mass)=-1.1712, 1/(kT)=39.434615, exponent=-2.8419, rmr=0.058317
Sample tb=281.95 K, log(mass)=-1.1712, 1/(kT)=41.145311, exponent=-3.6459, rmr=0.026098
Sample tb=288.05 K, log(mass)=-1.1712, 1/(kT)=40.273410, exponent=-3.2361, rmr=0.039317
Sample tb=312.39 K, log(mass)=-1.1712, 1/(kT)=37.135542, exponent=-1.7613, rmr=0.171823
MR results: 0 NA, 0 infinite, 0 negative, 0 zero
Energy calculations: 4483 non-zero gains, 11035 non-zero losses out of 11035 observations
Saved results to output/results/Eldo/2010/M/eb_results_MS_2010_Eldo_B1.rds

Processing: Species=MS, Year=2011, Origin=Eldo, Climate=B1, Sex=M
Looking for climate data at: /mmfs1/gscratch/biology/jmsmith/targeted_microclimate/B1/simplified_B1_2011.rds
Directory /mmfs1/gscratch/biology/jmsmith/targeted_microclimate/B1 exists. Contents:
simplified_B1_1945.rds
simplified_B1_1946.rds
simplified_B1_1947.rds
simplified_B1_1948.rds
simplified_B1_1949.rds
simplified_B1_1950.rds
simplified_B1_1951.rds
simplified_B1_1952.rds
simplified_B1_1953.rds
simplified_B1_1954.rds
simplified_B1_1955.rds
simplified_B1_1956.rds
simplified_B1_1957.rds
simplified_B1_1958.rds
simplified_B1_1959.rds
simplified_B1_1960.rds
simplified_B1_1961.rds
simplified_B1_1962.rds
simplified_B1_1963.rds
simplified_B1_1964.rds
simplified_B1_2005.rds
simplified_B1_2006.rds
simplified_B1_2007.rds
simplified_B1_2008.rds
simplified_B1_2009.rds
simplified_B1_2010.rds
simplified_B1_2011.rds
simplified_B1_2012.rds
simplified_B1_2013.rds
simplified_B1_2014.rds
simplified_B1_2015.rds
simplified_B1_2016.rds
simplified_B1_2017.rds
simplified_B1_2018.rds
simplified_B1_2019.rds
simplified_B1_2020.rds
simplified_B1_2021.rds
simplified_B1_2022.rds
simplified_B1_2023.rds
simplified_B1_2024.rds
Processing batch 1/12 (rows 1-1000)
  Calculated 1000 temperatures. Range: -1.85 to 56.73
Processing batch 2/12 (rows 1001-2000)
  Calculated 1000 temperatures. Range: 2.10 to 59.16
Processing batch 3/12 (rows 2001-3000)
  Calculated 1000 temperatures. Range: -0.49 to 55.02
Processing batch 4/12 (rows 3001-4000)
  Calculated 1000 temperatures. Range: 4.20 to 48.26
Processing batch 5/12 (rows 4001-5000)
  Calculated 1000 temperatures. Range: -0.05 to 46.86
Processing batch 6/12 (rows 5001-6000)
  Calculated 1000 temperatures. Range: 4.23 to 48.33
Processing batch 7/12 (rows 6001-7000)
  Calculated 1000 temperatures. Range: 0.90 to 46.15
Processing batch 8/12 (rows 7001-8000)
  Calculated 1000 temperatures. Range: 2.09 to 19.45
Processing batch 9/12 (rows 8001-9000)
  Calculated 1000 temperatures. Range: 2.45 to 20.19
Processing batch 10/12 (rows 9001-10000)
  Calculated 1000 temperatures. Range: 1.15 to 22.32
Processing batch 11/12 (rows 10001-11000)
  Calculated 1000 temperatures. Range: 4.94 to 22.60
Processing batch 12/12 (rows 11001-11035)
  Calculated 35 temperatures. Range: 7.56 to 21.21
Total observations: 11035, Unique timestamps: 2207
MR parameters: mass=0.31, elev=1740.0, b0=16.50, b1=0.85, b2=-0.47, b3=0.000108
Sample tb=296.65 K, log(mass)=-1.1712, 1/(kT)=39.106389, exponent=-2.6876, rmr=0.068045
Sample tb=284.20 K, log(mass)=-1.1712, 1/(kT)=40.820253, exponent=-3.4931, rmr=0.030406
Sample tb=293.10 K, log(mass)=-1.1712, 1/(kT)=39.580551, exponent=-2.9104, rmr=0.054452
Sample tb=280.84 K, log(mass)=-1.1712, 1/(kT)=41.308305, exponent=-3.7225, rmr=0.024174
Sample tb=279.56 K, log(mass)=-1.1712, 1/(kT)=41.497364, exponent=-3.8113, rmr=0.022118
MR results: 0 NA, 0 infinite, 0 negative, 0 zero
Energy calculations: 4625 non-zero gains, 11035 non-zero losses out of 11035 observations
Saved results to output/results/Eldo/2011/M/eb_results_MS_2011_Eldo_B1.rds

Processing: Species=MS, Year=2012, Origin=Eldo, Climate=B1, Sex=M
Looking for climate data at: /mmfs1/gscratch/biology/jmsmith/targeted_microclimate/B1/simplified_B1_2012.rds
Directory /mmfs1/gscratch/biology/jmsmith/targeted_microclimate/B1 exists. Contents:
simplified_B1_1945.rds
simplified_B1_1946.rds
simplified_B1_1947.rds
simplified_B1_1948.rds
simplified_B1_1949.rds
simplified_B1_1950.rds
simplified_B1_1951.rds
simplified_B1_1952.rds
simplified_B1_1953.rds
simplified_B1_1954.rds
simplified_B1_1955.rds
simplified_B1_1956.rds
simplified_B1_1957.rds
simplified_B1_1958.rds
simplified_B1_1959.rds
simplified_B1_1960.rds
simplified_B1_1961.rds
simplified_B1_1962.rds
simplified_B1_1963.rds
simplified_B1_1964.rds
simplified_B1_2005.rds
simplified_B1_2006.rds
simplified_B1_2007.rds
simplified_B1_2008.rds
simplified_B1_2009.rds
simplified_B1_2010.rds
simplified_B1_2011.rds
simplified_B1_2012.rds
simplified_B1_2013.rds
simplified_B1_2014.rds
simplified_B1_2015.rds
simplified_B1_2016.rds
simplified_B1_2017.rds
simplified_B1_2018.rds
simplified_B1_2019.rds
simplified_B1_2020.rds
simplified_B1_2021.rds
simplified_B1_2022.rds
simplified_B1_2023.rds
simplified_B1_2024.rds
Processing batch 1/12 (rows 1-1000)
  Calculated 1000 temperatures. Range: -3.92 to 59.47
Processing batch 2/12 (rows 1001-2000)
  Calculated 1000 temperatures. Range: -0.01 to 60.00
Processing batch 3/12 (rows 2001-3000)
  Calculated 1000 temperatures. Range: -2.06 to 57.78
Processing batch 4/12 (rows 3001-4000)
  Calculated 1000 temperatures. Range: 3.83 to 49.48
Processing batch 5/12 (rows 4001-5000)
  Calculated 1000 temperatures. Range: -1.78 to 47.90
Processing batch 6/12 (rows 5001-6000)
  Calculated 1000 temperatures. Range: 4.13 to 49.71
Processing batch 7/12 (rows 6001-7000)
  Calculated 1000 temperatures. Range: -0.70 to 47.34
Processing batch 8/12 (rows 7001-8000)
  Calculated 1000 temperatures. Range: 2.35 to 19.66
Processing batch 9/12 (rows 8001-9000)
  Calculated 1000 temperatures. Range: 2.99 to 20.51
Processing batch 10/12 (rows 9001-10000)
  Calculated 1000 temperatures. Range: -0.22 to 24.62
Processing batch 11/12 (rows 10001-11000)
  Calculated 1000 temperatures. Range: 2.89 to 23.23
Processing batch 12/12 (rows 11001-11035)
  Calculated 35 temperatures. Range: 6.35 to 20.01
Total observations: 11035, Unique timestamps: 2207
MR parameters: mass=0.31, elev=1740.0, b0=16.50, b1=0.85, b2=-0.47, b3=0.000108
Sample tb=291.97 K, log(mass)=-1.1712, 1/(kT)=39.733687, exponent=-2.9824, rmr=0.050670
Sample tb=306.92 K, log(mass)=-1.1712, 1/(kT)=37.798096, exponent=-2.0727, rmr=0.125847
Sample tb=284.11 K, log(mass)=-1.1712, 1/(kT)=40.832834, exponent=-3.4990, rmr=0.030227
Sample tb=291.55 K, log(mass)=-1.1712, 1/(kT)=39.790379, exponent=-3.0091, rmr=0.049338
Sample tb=285.04 K, log(mass)=-1.1712, 1/(kT)=40.699986, exponent=-3.4366, rmr=0.032175
MR results: 0 NA, 0 infinite, 0 negative, 0 zero
Energy calculations: 4786 non-zero gains, 11035 non-zero losses out of 11035 observations
Saved results to output/results/Eldo/2012/M/eb_results_MS_2012_Eldo_B1.rds

Processing: Species=MS, Year=2013, Origin=Eldo, Climate=B1, Sex=M
Looking for climate data at: /mmfs1/gscratch/biology/jmsmith/targeted_microclimate/B1/simplified_B1_2013.rds
Directory /mmfs1/gscratch/biology/jmsmith/targeted_microclimate/B1 exists. Contents:
simplified_B1_1945.rds
simplified_B1_1946.rds
simplified_B1_1947.rds
simplified_B1_1948.rds
simplified_B1_1949.rds
simplified_B1_1950.rds
simplified_B1_1951.rds
simplified_B1_1952.rds
simplified_B1_1953.rds
simplified_B1_1954.rds
simplified_B1_1955.rds
simplified_B1_1956.rds
simplified_B1_1957.rds
simplified_B1_1958.rds
simplified_B1_1959.rds
simplified_B1_1960.rds
simplified_B1_1961.rds
simplified_B1_1962.rds
simplified_B1_1963.rds
simplified_B1_1964.rds
simplified_B1_2005.rds
simplified_B1_2006.rds
simplified_B1_2007.rds
simplified_B1_2008.rds
simplified_B1_2009.rds
simplified_B1_2010.rds
simplified_B1_2011.rds
simplified_B1_2012.rds
simplified_B1_2013.rds
simplified_B1_2014.rds
simplified_B1_2015.rds
simplified_B1_2016.rds
simplified_B1_2017.rds
simplified_B1_2018.rds
simplified_B1_2019.rds
simplified_B1_2020.rds
simplified_B1_2021.rds
simplified_B1_2022.rds
simplified_B1_2023.rds
simplified_B1_2024.rds
Processing batch 1/12 (rows 1-1000)
  Calculated 1000 temperatures. Range: -2.93 to 60.00
Processing batch 2/12 (rows 1001-2000)
  Calculated 1000 temperatures. Range: 2.15 to 58.38
Processing batch 3/12 (rows 2001-3000)
  Calculated 1000 temperatures. Range: -1.72 to 54.37
Processing batch 4/12 (rows 3001-4000)
  Calculated 1000 temperatures. Range: 3.48 to 47.88
Processing batch 5/12 (rows 4001-5000)
  Calculated 1000 temperatures. Range: -1.08 to 46.33
Processing batch 6/12 (rows 5001-6000)
  Calculated 1000 temperatures. Range: 4.24 to 53.32
Processing batch 7/12 (rows 6001-7000)
  Calculated 1000 temperatures. Range: 0.45 to 45.64
Processing batch 8/12 (rows 7001-8000)
  Calculated 1000 temperatures. Range: 2.13 to 19.10
Processing batch 9/12 (rows 8001-9000)
  Calculated 1000 temperatures. Range: 0.28 to 18.88
Processing batch 10/12 (rows 9001-10000)
  Calculated 1000 temperatures. Range: 3.01 to 23.33
Processing batch 11/12 (rows 10001-11000)
  Calculated 1000 temperatures. Range: 4.46 to 22.52
Processing batch 12/12 (rows 11001-11035)
  Calculated 35 temperatures. Range: 9.16 to 20.36
Total observations: 11035, Unique timestamps: 2207
MR parameters: mass=0.31, elev=1740.0, b0=16.50, b1=0.85, b2=-0.47, b3=0.000108
Sample tb=280.82 K, log(mass)=-1.1712, 1/(kT)=41.311566, exponent=-3.7240, rmr=0.024137
Sample tb=283.13 K, log(mass)=-1.1712, 1/(kT)=40.973814, exponent=-3.5653, rmr=0.028289
Sample tb=281.39 K, log(mass)=-1.1712, 1/(kT)=41.227353, exponent=-3.6844, rmr=0.025111
Sample tb=304.41 K, log(mass)=-1.1712, 1/(kT)=38.109102, exponent=-2.2189, rmr=0.108733
Sample tb=281.19 K, log(mass)=-1.1712, 1/(kT)=41.256269, exponent=-3.6980, rmr=0.024772
MR results: 0 NA, 0 infinite, 0 negative, 0 zero
Energy calculations: 4602 non-zero gains, 11035 non-zero losses out of 11035 observations
Saved results to output/results/Eldo/2013/M/eb_results_MS_2013_Eldo_B1.rds

Processing: Species=MS, Year=2014, Origin=Eldo, Climate=B1, Sex=M
Looking for climate data at: /mmfs1/gscratch/biology/jmsmith/targeted_microclimate/B1/simplified_B1_2014.rds
Directory /mmfs1/gscratch/biology/jmsmith/targeted_microclimate/B1 exists. Contents:
simplified_B1_1945.rds
simplified_B1_1946.rds
simplified_B1_1947.rds
simplified_B1_1948.rds
simplified_B1_1949.rds
simplified_B1_1950.rds
simplified_B1_1951.rds
simplified_B1_1952.rds
simplified_B1_1953.rds
simplified_B1_1954.rds
simplified_B1_1955.rds
simplified_B1_1956.rds
simplified_B1_1957.rds
simplified_B1_1958.rds
simplified_B1_1959.rds
simplified_B1_1960.rds
simplified_B1_1961.rds
simplified_B1_1962.rds
simplified_B1_1963.rds
simplified_B1_1964.rds
simplified_B1_2005.rds
simplified_B1_2006.rds
simplified_B1_2007.rds
simplified_B1_2008.rds
simplified_B1_2009.rds
simplified_B1_2010.rds
simplified_B1_2011.rds
simplified_B1_2012.rds
simplified_B1_2013.rds
simplified_B1_2014.rds
simplified_B1_2015.rds
simplified_B1_2016.rds
simplified_B1_2017.rds
simplified_B1_2018.rds
simplified_B1_2019.rds
simplified_B1_2020.rds
simplified_B1_2021.rds
simplified_B1_2022.rds
simplified_B1_2023.rds
simplified_B1_2024.rds
Processing batch 1/12 (rows 1-1000)
  Calculated 1000 temperatures. Range: -2.69 to 59.05
Processing batch 2/12 (rows 1001-2000)
  Calculated 1000 temperatures. Range: 2.52 to 58.26
Processing batch 3/12 (rows 2001-3000)
  Calculated 1000 temperatures. Range: -1.15 to 47.35
Processing batch 4/12 (rows 3001-4000)
  Calculated 1000 temperatures. Range: 3.93 to 48.76
Processing batch 5/12 (rows 4001-5000)
  Calculated 1000 temperatures. Range: -0.85 to 43.36
Processing batch 6/12 (rows 5001-6000)
  Calculated 1000 temperatures. Range: 3.90 to 48.28
Processing batch 7/12 (rows 6001-7000)
  Calculated 1000 temperatures. Range: -0.19 to 43.69
Processing batch 8/12 (rows 7001-8000)
  Calculated 1000 temperatures. Range: 1.51 to 18.40
Processing batch 9/12 (rows 8001-9000)
  Calculated 1000 temperatures. Range: 2.87 to 18.78
Processing batch 10/12 (rows 9001-10000)
  Calculated 1000 temperatures. Range: 0.08 to 21.93
Processing batch 11/12 (rows 10001-11000)
  Calculated 1000 temperatures. Range: 4.03 to 21.89
Processing batch 12/12 (rows 11001-11035)
  Calculated 35 temperatures. Range: 4.16 to 17.93
Total observations: 11035, Unique timestamps: 2207
MR parameters: mass=0.31, elev=1740.0, b0=16.50, b1=0.85, b2=-0.47, b3=0.000108
Sample tb=279.68 K, log(mass)=-1.1712, 1/(kT)=41.478953, exponent=-3.8027, rmr=0.022311
Sample tb=292.03 K, log(mass)=-1.1712, 1/(kT)=39.724795, exponent=-2.9782, rmr=0.050882
Sample tb=307.47 K, log(mass)=-1.1712, 1/(kT)=37.729700, exponent=-2.0405, rmr=0.129958
Sample tb=295.80 K, log(mass)=-1.1712, 1/(kT)=39.219100, exponent=-2.7406, rmr=0.064534
Sample tb=280.01 K, log(mass)=-1.1712, 1/(kT)=41.429957, exponent=-3.7797, rmr=0.022830
MR results: 0 NA, 0 infinite, 0 negative, 0 zero
Energy calculations: 4137 non-zero gains, 11035 non-zero losses out of 11035 observations
Saved results to output/results/Eldo/2014/M/eb_results_MS_2014_Eldo_B1.rds

Processing: Species=MS, Year=2015, Origin=Eldo, Climate=B1, Sex=M
Looking for climate data at: /mmfs1/gscratch/biology/jmsmith/targeted_microclimate/B1/simplified_B1_2015.rds
Directory /mmfs1/gscratch/biology/jmsmith/targeted_microclimate/B1 exists. Contents:
simplified_B1_1945.rds
simplified_B1_1946.rds
simplified_B1_1947.rds
simplified_B1_1948.rds
simplified_B1_1949.rds
simplified_B1_1950.rds
simplified_B1_1951.rds
simplified_B1_1952.rds
simplified_B1_1953.rds
simplified_B1_1954.rds
simplified_B1_1955.rds
simplified_B1_1956.rds
simplified_B1_1957.rds
simplified_B1_1958.rds
simplified_B1_1959.rds
simplified_B1_1960.rds
simplified_B1_1961.rds
simplified_B1_1962.rds
simplified_B1_1963.rds
simplified_B1_1964.rds
simplified_B1_2005.rds
simplified_B1_2006.rds
simplified_B1_2007.rds
simplified_B1_2008.rds
simplified_B1_2009.rds
simplified_B1_2010.rds
simplified_B1_2011.rds
simplified_B1_2012.rds
simplified_B1_2013.rds
simplified_B1_2014.rds
simplified_B1_2015.rds
simplified_B1_2016.rds
simplified_B1_2017.rds
simplified_B1_2018.rds
simplified_B1_2019.rds
simplified_B1_2020.rds
simplified_B1_2021.rds
simplified_B1_2022.rds
simplified_B1_2023.rds
simplified_B1_2024.rds
Processing batch 1/12 (rows 1-1000)
  Calculated 1000 temperatures. Range: 1.30 to 60.00
Processing batch 2/12 (rows 1001-2000)
  Calculated 1000 temperatures. Range: 0.95 to 58.61
Processing batch 3/12 (rows 2001-3000)
  Calculated 1000 temperatures. Range: 0.16 to 55.25
Processing batch 4/12 (rows 3001-4000)
  Calculated 1000 temperatures. Range: 4.26 to 48.02
Processing batch 5/12 (rows 4001-5000)
  Calculated 1000 temperatures. Range: 1.31 to 49.00
Processing batch 6/12 (rows 5001-6000)
  Calculated 1000 temperatures. Range: 4.72 to 48.75
Processing batch 7/12 (rows 6001-7000)
  Calculated 1000 temperatures. Range: 1.78 to 47.37
Processing batch 8/12 (rows 7001-8000)
  Calculated 1000 temperatures. Range: 4.66 to 19.88
Processing batch 9/12 (rows 8001-9000)
  Calculated 1000 temperatures. Range: 2.51 to 19.66
Processing batch 10/12 (rows 9001-10000)
  Calculated 1000 temperatures. Range: 3.64 to 22.51
Processing batch 11/12 (rows 10001-11000)
  Calculated 1000 temperatures. Range: 2.79 to 23.15
Processing batch 12/12 (rows 11001-11035)
  Calculated 35 temperatures. Range: 7.74 to 21.39
Total observations: 11035, Unique timestamps: 2207
MR parameters: mass=0.31, elev=1740.0, b0=16.50, b1=0.85, b2=-0.47, b3=0.000108
Sample tb=280.72 K, log(mass)=-1.1712, 1/(kT)=41.326054, exponent=-3.7308, rmr=0.023973
Sample tb=298.59 K, log(mass)=-1.1712, 1/(kT)=38.851929, exponent=-2.5680, rmr=0.076689
Sample tb=290.14 K, log(mass)=-1.1712, 1/(kT)=39.984582, exponent=-3.1003, rmr=0.045034
Sample tb=304.90 K, log(mass)=-1.1712, 1/(kT)=38.048168, exponent=-2.1902, rmr=0.111892
Sample tb=284.64 K, log(mass)=-1.1712, 1/(kT)=40.757114, exponent=-3.4634, rmr=0.031322
MR results: 0 NA, 0 infinite, 0 negative, 0 zero
Energy calculations: 4542 non-zero gains, 11035 non-zero losses out of 11035 observations
Saved results to output/results/Eldo/2015/M/eb_results_MS_2015_Eldo_B1.rds

Processing: Species=MS, Year=2016, Origin=Eldo, Climate=B1, Sex=M
Looking for climate data at: /mmfs1/gscratch/biology/jmsmith/targeted_microclimate/B1/simplified_B1_2016.rds
Directory /mmfs1/gscratch/biology/jmsmith/targeted_microclimate/B1 exists. Contents:
simplified_B1_1945.rds
simplified_B1_1946.rds
simplified_B1_1947.rds
simplified_B1_1948.rds
simplified_B1_1949.rds
simplified_B1_1950.rds
simplified_B1_1951.rds
simplified_B1_1952.rds
simplified_B1_1953.rds
simplified_B1_1954.rds
simplified_B1_1955.rds
simplified_B1_1956.rds
simplified_B1_1957.rds
simplified_B1_1958.rds
simplified_B1_1959.rds
simplified_B1_1960.rds
simplified_B1_1961.rds
simplified_B1_1962.rds
simplified_B1_1963.rds
simplified_B1_1964.rds
simplified_B1_2005.rds
simplified_B1_2006.rds
simplified_B1_2007.rds
simplified_B1_2008.rds
simplified_B1_2009.rds
simplified_B1_2010.rds
simplified_B1_2011.rds
simplified_B1_2012.rds
simplified_B1_2013.rds
simplified_B1_2014.rds
simplified_B1_2015.rds
simplified_B1_2016.rds
simplified_B1_2017.rds
simplified_B1_2018.rds
simplified_B1_2019.rds
simplified_B1_2020.rds
simplified_B1_2021.rds
simplified_B1_2022.rds
simplified_B1_2023.rds
simplified_B1_2024.rds
Processing batch 1/12 (rows 1-1000)
  Calculated 1000 temperatures. Range: 1.21 to 60.00
Processing batch 2/12 (rows 1001-2000)
  Calculated 1000 temperatures. Range: 2.24 to 59.70
Processing batch 3/12 (rows 2001-3000)
  Calculated 1000 temperatures. Range: -0.37 to 50.26
Processing batch 4/12 (rows 3001-4000)
  Calculated 1000 temperatures. Range: 3.78 to 49.27
Processing batch 5/12 (rows 4001-5000)
  Calculated 1000 temperatures. Range: 0.57 to 50.00
Processing batch 6/12 (rows 5001-6000)
  Calculated 1000 temperatures. Range: 4.15 to 49.68
Processing batch 7/12 (rows 6001-7000)
  Calculated 1000 temperatures. Range: 1.16 to 47.95
Processing batch 8/12 (rows 7001-8000)
  Calculated 1000 temperatures. Range: 3.80 to 20.18
Processing batch 9/12 (rows 8001-9000)
  Calculated 1000 temperatures. Range: 2.32 to 19.08
Processing batch 10/12 (rows 9001-10000)
  Calculated 1000 temperatures. Range: 3.69 to 24.00
Processing batch 11/12 (rows 10001-11000)
  Calculated 1000 temperatures. Range: 2.26 to 22.96
Processing batch 12/12 (rows 11001-11035)
  Calculated 35 temperatures. Range: 4.55 to 16.87
Total observations: 11035, Unique timestamps: 2207
MR parameters: mass=0.31, elev=1740.0, b0=16.50, b1=0.85, b2=-0.47, b3=0.000108
Sample tb=287.47 K, log(mass)=-1.1712, 1/(kT)=40.355757, exponent=-3.2748, rmr=0.037825
Sample tb=277.78 K, log(mass)=-1.1712, 1/(kT)=41.763345, exponent=-3.9364, rmr=0.019519
Sample tb=294.69 K, log(mass)=-1.1712, 1/(kT)=39.366764, exponent=-2.8100, rmr=0.060207
Sample tb=297.20 K, log(mass)=-1.1712, 1/(kT)=39.034591, exponent=-2.6538, rmr=0.070380
Sample tb=300.45 K, log(mass)=-1.1712, 1/(kT)=38.612134, exponent=-2.4553, rmr=0.085838
MR results: 0 NA, 0 infinite, 0 negative, 0 zero
Energy calculations: 4612 non-zero gains, 11035 non-zero losses out of 11035 observations
Saved results to output/results/Eldo/2016/M/eb_results_MS_2016_Eldo_B1.rds

Processing: Species=MS, Year=2017, Origin=Eldo, Climate=B1, Sex=M
Looking for climate data at: /mmfs1/gscratch/biology/jmsmith/targeted_microclimate/B1/simplified_B1_2017.rds
Directory /mmfs1/gscratch/biology/jmsmith/targeted_microclimate/B1 exists. Contents:
simplified_B1_1945.rds
simplified_B1_1946.rds
simplified_B1_1947.rds
simplified_B1_1948.rds
simplified_B1_1949.rds
simplified_B1_1950.rds
simplified_B1_1951.rds
simplified_B1_1952.rds
simplified_B1_1953.rds
simplified_B1_1954.rds
simplified_B1_1955.rds
simplified_B1_1956.rds
simplified_B1_1957.rds
simplified_B1_1958.rds
simplified_B1_1959.rds
simplified_B1_1960.rds
simplified_B1_1961.rds
simplified_B1_1962.rds
simplified_B1_1963.rds
simplified_B1_1964.rds
simplified_B1_2005.rds
simplified_B1_2006.rds
simplified_B1_2007.rds
simplified_B1_2008.rds
simplified_B1_2009.rds
simplified_B1_2010.rds
simplified_B1_2011.rds
simplified_B1_2012.rds
simplified_B1_2013.rds
simplified_B1_2014.rds
simplified_B1_2015.rds
simplified_B1_2016.rds
simplified_B1_2017.rds
simplified_B1_2018.rds
simplified_B1_2019.rds
simplified_B1_2020.rds
simplified_B1_2021.rds
simplified_B1_2022.rds
simplified_B1_2023.rds
simplified_B1_2024.rds
Processing batch 1/12 (rows 1-1000)
  Calculated 1000 temperatures. Range: -1.13 to 60.00
Processing batch 2/12 (rows 1001-2000)
  Calculated 1000 temperatures. Range: 3.68 to 60.00
Processing batch 3/12 (rows 2001-3000)
  Calculated 1000 temperatures. Range: 1.01 to 56.09
Processing batch 4/12 (rows 3001-4000)
  Calculated 1000 temperatures. Range: 4.75 to 50.42
Processing batch 5/12 (rows 4001-5000)
  Calculated 1000 temperatures. Range: 0.99 to 48.62
Processing batch 6/12 (rows 5001-6000)
  Calculated 1000 temperatures. Range: 2.36 to 49.66
Processing batch 7/12 (rows 6001-7000)
  Calculated 1000 temperatures. Range: 1.52 to 47.97
Processing batch 8/12 (rows 7001-8000)
  Calculated 1000 temperatures. Range: 2.68 to 20.43
Processing batch 9/12 (rows 8001-9000)
  Calculated 1000 temperatures. Range: 3.49 to 18.69
Processing batch 10/12 (rows 9001-10000)
  Calculated 1000 temperatures. Range: 2.57 to 23.35
Processing batch 11/12 (rows 10001-11000)
  Calculated 1000 temperatures. Range: 5.28 to 22.68
Processing batch 12/12 (rows 11001-11035)
  Calculated 35 temperatures. Range: 5.85 to 19.08
Total observations: 11035, Unique timestamps: 2207
MR parameters: mass=0.31, elev=1740.0, b0=16.50, b1=0.85, b2=-0.47, b3=0.000108
Sample tb=283.27 K, log(mass)=-1.1712, 1/(kT)=40.953711, exponent=-3.5558, rmr=0.028558
Sample tb=280.57 K, log(mass)=-1.1712, 1/(kT)=41.347804, exponent=-3.7411, rmr=0.023729
Sample tb=278.76 K, log(mass)=-1.1712, 1/(kT)=41.616674, exponent=-3.8674, rmr=0.020912
Sample tb=284.17 K, log(mass)=-1.1712, 1/(kT)=40.824273, exponent=-3.4950, rmr=0.030349
Sample tb=280.83 K, log(mass)=-1.1712, 1/(kT)=41.309554, exponent=-3.7231, rmr=0.024160
MR results: 0 NA, 0 infinite, 0 negative, 0 zero
Energy calculations: 4528 non-zero gains, 11035 non-zero losses out of 11035 observations
Saved results to output/results/Eldo/2017/M/eb_results_MS_2017_Eldo_B1.rds

Processing: Species=MS, Year=2018, Origin=Eldo, Climate=B1, Sex=M
Looking for climate data at: /mmfs1/gscratch/biology/jmsmith/targeted_microclimate/B1/simplified_B1_2018.rds
Directory /mmfs1/gscratch/biology/jmsmith/targeted_microclimate/B1 exists. Contents:
simplified_B1_1945.rds
simplified_B1_1946.rds
simplified_B1_1947.rds
simplified_B1_1948.rds
simplified_B1_1949.rds
simplified_B1_1950.rds
simplified_B1_1951.rds
simplified_B1_1952.rds
simplified_B1_1953.rds
simplified_B1_1954.rds
simplified_B1_1955.rds
simplified_B1_1956.rds
simplified_B1_1957.rds
simplified_B1_1958.rds
simplified_B1_1959.rds
simplified_B1_1960.rds
simplified_B1_1961.rds
simplified_B1_1962.rds
simplified_B1_1963.rds
simplified_B1_1964.rds
simplified_B1_2005.rds
simplified_B1_2006.rds
simplified_B1_2007.rds
simplified_B1_2008.rds
simplified_B1_2009.rds
simplified_B1_2010.rds
simplified_B1_2011.rds
simplified_B1_2012.rds
simplified_B1_2013.rds
simplified_B1_2014.rds
simplified_B1_2015.rds
simplified_B1_2016.rds
simplified_B1_2017.rds
simplified_B1_2018.rds
simplified_B1_2019.rds
simplified_B1_2020.rds
simplified_B1_2021.rds
simplified_B1_2022.rds
simplified_B1_2023.rds
simplified_B1_2024.rds
Processing batch 1/12 (rows 1-1000)
  Calculated 1000 temperatures. Range: -1.35 to 60.00
Processing batch 2/12 (rows 1001-2000)
  Calculated 1000 temperatures. Range: 1.68 to 59.43
Processing batch 3/12 (rows 2001-3000)
  Calculated 1000 temperatures. Range: 0.24 to 51.67
Processing batch 4/12 (rows 3001-4000)
  Calculated 1000 temperatures. Range: 3.67 to 48.29
Processing batch 5/12 (rows 4001-5000)
  Calculated 1000 temperatures. Range: 0.33 to 50.04
Processing batch 6/12 (rows 5001-6000)
  Calculated 1000 temperatures. Range: 2.81 to 48.47
Processing batch 7/12 (rows 6001-7000)
  Calculated 1000 temperatures. Range: 1.07 to 42.11
Processing batch 8/12 (rows 7001-8000)
  Calculated 1000 temperatures. Range: 2.99 to 20.00
Processing batch 9/12 (rows 8001-9000)
  Calculated 1000 temperatures. Range: 1.62 to 21.13
Processing batch 10/12 (rows 9001-10000)
  Calculated 1000 temperatures. Range: 3.14 to 24.05
Processing batch 11/12 (rows 10001-11000)
  Calculated 1000 temperatures. Range: 2.98 to 22.95
Processing batch 12/12 (rows 11001-11035)
  Calculated 35 temperatures. Range: 6.54 to 19.76
Total observations: 11035, Unique timestamps: 2207
MR parameters: mass=0.31, elev=1740.0, b0=16.50, b1=0.85, b2=-0.47, b3=0.000108
Sample tb=285.55 K, log(mass)=-1.1712, 1/(kT)=40.625973, exponent=-3.4018, rmr=0.033313
Sample tb=287.78 K, log(mass)=-1.1712, 1/(kT)=40.312331, exponent=-3.2544, rmr=0.038605
Sample tb=288.29 K, log(mass)=-1.1712, 1/(kT)=40.240088, exponent=-3.2204, rmr=0.039938
Sample tb=280.79 K, log(mass)=-1.1712, 1/(kT)=41.315476, exponent=-3.7259, rmr=0.024092
Sample tb=277.20 K, log(mass)=-1.1712, 1/(kT)=41.851122, exponent=-3.9776, rmr=0.018730
MR results: 0 NA, 0 infinite, 0 negative, 0 zero
Energy calculations: 4732 non-zero gains, 11035 non-zero losses out of 11035 observations
Saved results to output/results/Eldo/2018/M/eb_results_MS_2018_Eldo_B1.rds

Processing: Species=MS, Year=2019, Origin=Eldo, Climate=B1, Sex=M
Looking for climate data at: /mmfs1/gscratch/biology/jmsmith/targeted_microclimate/B1/simplified_B1_2019.rds
Directory /mmfs1/gscratch/biology/jmsmith/targeted_microclimate/B1 exists. Contents:
simplified_B1_1945.rds
simplified_B1_1946.rds
simplified_B1_1947.rds
simplified_B1_1948.rds
simplified_B1_1949.rds
simplified_B1_1950.rds
simplified_B1_1951.rds
simplified_B1_1952.rds
simplified_B1_1953.rds
simplified_B1_1954.rds
simplified_B1_1955.rds
simplified_B1_1956.rds
simplified_B1_1957.rds
simplified_B1_1958.rds
simplified_B1_1959.rds
simplified_B1_1960.rds
simplified_B1_1961.rds
simplified_B1_1962.rds
simplified_B1_1963.rds
simplified_B1_1964.rds
simplified_B1_2005.rds
simplified_B1_2006.rds
simplified_B1_2007.rds
simplified_B1_2008.rds
simplified_B1_2009.rds
simplified_B1_2010.rds
simplified_B1_2011.rds
simplified_B1_2012.rds
simplified_B1_2013.rds
simplified_B1_2014.rds
simplified_B1_2015.rds
simplified_B1_2016.rds
simplified_B1_2017.rds
simplified_B1_2018.rds
simplified_B1_2019.rds
simplified_B1_2020.rds
simplified_B1_2021.rds
simplified_B1_2022.rds
simplified_B1_2023.rds
simplified_B1_2024.rds
Processing batch 1/12 (rows 1-1000)
  Calculated 1000 temperatures. Range: -1.08 to 60.00
Processing batch 2/12 (rows 1001-2000)
  Calculated 1000 temperatures. Range: 2.89 to 60.00
Processing batch 3/12 (rows 2001-3000)
  Calculated 1000 temperatures. Range: -1.01 to 51.52
Processing batch 4/12 (rows 3001-4000)
  Calculated 1000 temperatures. Range: 4.42 to 53.01
Processing batch 5/12 (rows 4001-5000)
  Calculated 1000 temperatures. Range: -0.01 to 44.80
Processing batch 6/12 (rows 5001-6000)
  Calculated 1000 temperatures. Range: 3.33 to 52.72
Processing batch 7/12 (rows 6001-7000)
  Calculated 1000 temperatures. Range: 0.63 to 47.53
Processing batch 8/12 (rows 7001-8000)
  Calculated 1000 temperatures. Range: 0.82 to 20.21
Processing batch 9/12 (rows 8001-9000)
  Calculated 1000 temperatures. Range: 2.83 to 19.56
Processing batch 10/12 (rows 9001-10000)
  Calculated 1000 temperatures. Range: 0.02 to 24.25
Processing batch 11/12 (rows 10001-11000)
  Calculated 1000 temperatures. Range: 4.87 to 24.67
Processing batch 12/12 (rows 11001-11035)
  Calculated 35 temperatures. Range: 6.93 to 20.17
Total observations: 11035, Unique timestamps: 2207
MR parameters: mass=0.31, elev=1740.0, b0=16.50, b1=0.85, b2=-0.47, b3=0.000108
Sample tb=278.67 K, log(mass)=-1.1712, 1/(kT)=41.628993, exponent=-3.8732, rmr=0.020791
Sample tb=295.52 K, log(mass)=-1.1712, 1/(kT)=39.255437, exponent=-2.7576, rmr=0.063441
Sample tb=287.50 K, log(mass)=-1.1712, 1/(kT)=40.351278, exponent=-3.2727, rmr=0.037904
Sample tb=282.82 K, log(mass)=-1.1712, 1/(kT)=41.018084, exponent=-3.5861, rmr=0.027707
Sample tb=313.78 K, log(mass)=-1.1712, 1/(kT)=36.971151, exponent=-1.6840, rmr=0.185625
MR results: 0 NA, 0 infinite, 0 negative, 0 zero
Energy calculations: 4588 non-zero gains, 11035 non-zero losses out of 11035 observations
Saved results to output/results/Eldo/2019/M/eb_results_MS_2019_Eldo_B1.rds

Processing: Species=MS, Year=2020, Origin=Eldo, Climate=B1, Sex=M
Looking for climate data at: /mmfs1/gscratch/biology/jmsmith/targeted_microclimate/B1/simplified_B1_2020.rds
Directory /mmfs1/gscratch/biology/jmsmith/targeted_microclimate/B1 exists. Contents:
simplified_B1_1945.rds
simplified_B1_1946.rds
simplified_B1_1947.rds
simplified_B1_1948.rds
simplified_B1_1949.rds
simplified_B1_1950.rds
simplified_B1_1951.rds
simplified_B1_1952.rds
simplified_B1_1953.rds
simplified_B1_1954.rds
simplified_B1_1955.rds
simplified_B1_1956.rds
simplified_B1_1957.rds
simplified_B1_1958.rds
simplified_B1_1959.rds
simplified_B1_1960.rds
simplified_B1_1961.rds
simplified_B1_1962.rds
simplified_B1_1963.rds
simplified_B1_1964.rds
simplified_B1_2005.rds
simplified_B1_2006.rds
simplified_B1_2007.rds
simplified_B1_2008.rds
simplified_B1_2009.rds
simplified_B1_2010.rds
simplified_B1_2011.rds
simplified_B1_2012.rds
simplified_B1_2013.rds
simplified_B1_2014.rds
simplified_B1_2015.rds
simplified_B1_2016.rds
simplified_B1_2017.rds
simplified_B1_2018.rds
simplified_B1_2019.rds
simplified_B1_2020.rds
simplified_B1_2021.rds
simplified_B1_2022.rds
simplified_B1_2023.rds
simplified_B1_2024.rds
Processing batch 1/12 (rows 1-1000)
  Calculated 1000 temperatures. Range: -1.53 to 59.84
Processing batch 2/12 (rows 1001-2000)
  Calculated 1000 temperatures. Range: 3.32 to 58.93
Processing batch 3/12 (rows 2001-3000)
  Calculated 1000 temperatures. Range: -0.09 to 55.48
Processing batch 4/12 (rows 3001-4000)
  Calculated 1000 temperatures. Range: 4.23 to 48.32
Processing batch 5/12 (rows 4001-5000)
  Calculated 1000 temperatures. Range: 0.11 to 47.85
Processing batch 6/12 (rows 5001-6000)
  Calculated 1000 temperatures. Range: 1.72 to 48.10
Processing batch 7/12 (rows 6001-7000)
  Calculated 1000 temperatures. Range: 0.38 to 48.25
Processing batch 8/12 (rows 7001-8000)
  Calculated 1000 temperatures. Range: 0.95 to 18.96
Processing batch 9/12 (rows 8001-9000)
  Calculated 1000 temperatures. Range: 1.67 to 21.53
Processing batch 10/12 (rows 9001-10000)
  Calculated 1000 temperatures. Range: 1.11 to 23.02
Processing batch 11/12 (rows 10001-11000)
  Calculated 1000 temperatures. Range: 5.88 to 22.96
Processing batch 12/12 (rows 11001-11035)
  Calculated 35 temperatures. Range: 2.19 to 18.97
Total observations: 11035, Unique timestamps: 2207
MR parameters: mass=0.31, elev=1740.0, b0=16.50, b1=0.85, b2=-0.47, b3=0.000108
Sample tb=281.48 K, log(mass)=-1.1712, 1/(kT)=41.214073, exponent=-3.6782, rmr=0.025268
Sample tb=293.70 K, log(mass)=-1.1712, 1/(kT)=39.499297, exponent=-2.8723, rmr=0.056571
Sample tb=287.51 K, log(mass)=-1.1712, 1/(kT)=40.349622, exponent=-3.2719, rmr=0.037934
Sample tb=279.49 K, log(mass)=-1.1712, 1/(kT)=41.507537, exponent=-3.8161, rmr=0.022013
Sample tb=282.56 K, log(mass)=-1.1712, 1/(kT)=41.056304, exponent=-3.6040, rmr=0.027213
MR results: 0 NA, 0 infinite, 0 negative, 0 zero
Energy calculations: 4758 non-zero gains, 11035 non-zero losses out of 11035 observations
Saved results to output/results/Eldo/2020/M/eb_results_MS_2020_Eldo_B1.rds

Processing: Species=MS, Year=2021, Origin=Eldo, Climate=B1, Sex=M
Looking for climate data at: /mmfs1/gscratch/biology/jmsmith/targeted_microclimate/B1/simplified_B1_2021.rds
Directory /mmfs1/gscratch/biology/jmsmith/targeted_microclimate/B1 exists. Contents:
simplified_B1_1945.rds
simplified_B1_1946.rds
simplified_B1_1947.rds
simplified_B1_1948.rds
simplified_B1_1949.rds
simplified_B1_1950.rds
simplified_B1_1951.rds
simplified_B1_1952.rds
simplified_B1_1953.rds
simplified_B1_1954.rds
simplified_B1_1955.rds
simplified_B1_1956.rds
simplified_B1_1957.rds
simplified_B1_1958.rds
simplified_B1_1959.rds
simplified_B1_1960.rds
simplified_B1_1961.rds
simplified_B1_1962.rds
simplified_B1_1963.rds
simplified_B1_1964.rds
simplified_B1_2005.rds
simplified_B1_2006.rds
simplified_B1_2007.rds
simplified_B1_2008.rds
simplified_B1_2009.rds
simplified_B1_2010.rds
simplified_B1_2011.rds
simplified_B1_2012.rds
simplified_B1_2013.rds
simplified_B1_2014.rds
simplified_B1_2015.rds
simplified_B1_2016.rds
simplified_B1_2017.rds
simplified_B1_2018.rds
simplified_B1_2019.rds
simplified_B1_2020.rds
simplified_B1_2021.rds
simplified_B1_2022.rds
simplified_B1_2023.rds
simplified_B1_2024.rds
Processing batch 1/12 (rows 1-1000)
  Calculated 1000 temperatures. Range: -3.68 to 60.00
Processing batch 2/12 (rows 1001-2000)
  Calculated 1000 temperatures. Range: 3.56 to 60.00
Processing batch 3/12 (rows 2001-3000)
  Calculated 1000 temperatures. Range: -2.24 to 52.63
Processing batch 4/12 (rows 3001-4000)
  Calculated 1000 temperatures. Range: 5.15 to 50.12
Processing batch 5/12 (rows 4001-5000)
  Calculated 1000 temperatures. Range: 0.03 to 51.71
Processing batch 6/12 (rows 5001-6000)
  Calculated 1000 temperatures. Range: 3.96 to 50.38
Processing batch 7/12 (rows 6001-7000)
  Calculated 1000 temperatures. Range: 1.00 to 44.79
Processing batch 8/12 (rows 7001-8000)
  Calculated 1000 temperatures. Range: 3.64 to 19.40
Processing batch 9/12 (rows 8001-9000)
  Calculated 1000 temperatures. Range: 0.49 to 20.94
Processing batch 10/12 (rows 9001-10000)
  Calculated 1000 temperatures. Range: 1.35 to 23.71
Processing batch 11/12 (rows 10001-11000)
  Calculated 1000 temperatures. Range: 4.71 to 23.26
Processing batch 12/12 (rows 11001-11035)
  Calculated 35 temperatures. Range: 5.09 to 21.36
Total observations: 11035, Unique timestamps: 2207
MR parameters: mass=0.31, elev=1740.0, b0=16.50, b1=0.85, b2=-0.47, b3=0.000108
Sample tb=289.69 K, log(mass)=-1.1712, 1/(kT)=40.045626, exponent=-3.1290, rmr=0.043760
Sample tb=290.10 K, log(mass)=-1.1712, 1/(kT)=39.988992, exponent=-3.1024, rmr=0.044941
Sample tb=306.96 K, log(mass)=-1.1712, 1/(kT)=37.793524, exponent=-2.0705, rmr=0.126117
Sample tb=280.20 K, log(mass)=-1.1712, 1/(kT)=41.402018, exponent=-3.7665, rmr=0.023132
Sample tb=308.54 K, log(mass)=-1.1712, 1/(kT)=37.599783, exponent=-1.9795, rmr=0.138141
MR results: 0 NA, 0 infinite, 0 negative, 0 zero
Energy calculations: 4801 non-zero gains, 11035 non-zero losses out of 11035 observations
Saved results to output/results/Eldo/2021/M/eb_results_MS_2021_Eldo_B1.rds

Processing: Species=MS, Year=2022, Origin=Eldo, Climate=B1, Sex=M
Looking for climate data at: /mmfs1/gscratch/biology/jmsmith/targeted_microclimate/B1/simplified_B1_2022.rds
Directory /mmfs1/gscratch/biology/jmsmith/targeted_microclimate/B1 exists. Contents:
simplified_B1_1945.rds
simplified_B1_1946.rds
simplified_B1_1947.rds
simplified_B1_1948.rds
simplified_B1_1949.rds
simplified_B1_1950.rds
simplified_B1_1951.rds
simplified_B1_1952.rds
simplified_B1_1953.rds
simplified_B1_1954.rds
simplified_B1_1955.rds
simplified_B1_1956.rds
simplified_B1_1957.rds
simplified_B1_1958.rds
simplified_B1_1959.rds
simplified_B1_1960.rds
simplified_B1_1961.rds
simplified_B1_1962.rds
simplified_B1_1963.rds
simplified_B1_1964.rds
simplified_B1_2005.rds
simplified_B1_2006.rds
simplified_B1_2007.rds
simplified_B1_2008.rds
simplified_B1_2009.rds
simplified_B1_2010.rds
simplified_B1_2011.rds
simplified_B1_2012.rds
simplified_B1_2013.rds
simplified_B1_2014.rds
simplified_B1_2015.rds
simplified_B1_2016.rds
simplified_B1_2017.rds
simplified_B1_2018.rds
simplified_B1_2019.rds
simplified_B1_2020.rds
simplified_B1_2021.rds
simplified_B1_2022.rds
simplified_B1_2023.rds
simplified_B1_2024.rds
Processing batch 1/12 (rows 1-1000)
  Calculated 1000 temperatures. Range: -5.08 to 60.00
Processing batch 2/12 (rows 1001-2000)
  Calculated 1000 temperatures. Range: 3.90 to 59.04
Processing batch 3/12 (rows 2001-3000)
  Calculated 1000 temperatures. Range: -3.33 to 57.51
Processing batch 4/12 (rows 3001-4000)
  Calculated 1000 temperatures. Range: 6.10 to 51.35
Processing batch 5/12 (rows 4001-5000)
  Calculated 1000 temperatures. Range: -2.50 to 46.68
Processing batch 6/12 (rows 5001-6000)
  Calculated 1000 temperatures. Range: 3.51 to 50.98
Processing batch 7/12 (rows 6001-7000)
  Calculated 1000 temperatures. Range: -2.38 to 46.52
Processing batch 8/12 (rows 7001-8000)
  Calculated 1000 temperatures. Range: 1.70 to 20.22
Processing batch 9/12 (rows 8001-9000)
  Calculated 1000 temperatures. Range: -1.84 to 19.53
Processing batch 10/12 (rows 9001-10000)
  Calculated 1000 temperatures. Range: 2.51 to 23.73
Processing batch 11/12 (rows 10001-11000)
  Calculated 1000 temperatures. Range: 5.87 to 23.25
Processing batch 12/12 (rows 11001-11035)
  Calculated 35 temperatures. Range: 5.86 to 21.07
Total observations: 11035, Unique timestamps: 2207
MR parameters: mass=0.31, elev=1740.0, b0=16.50, b1=0.85, b2=-0.47, b3=0.000108
Sample tb=303.97 K, log(mass)=-1.1712, 1/(kT)=38.164286, exponent=-2.2448, rmr=0.105949
Sample tb=288.07 K, log(mass)=-1.1712, 1/(kT)=40.271267, exponent=-3.2351, rmr=0.039357
Sample tb=309.72 K, log(mass)=-1.1712, 1/(kT)=37.455632, exponent=-1.9117, rmr=0.147824
Sample tb=304.25 K, log(mass)=-1.1712, 1/(kT)=38.130024, exponent=-2.2287, rmr=0.107669
Sample tb=299.63 K, log(mass)=-1.1712, 1/(kT)=38.717089, exponent=-2.5046, rmr=0.081707
MR results: 0 NA, 0 infinite, 0 negative, 0 zero
Energy calculations: 4817 non-zero gains, 11035 non-zero losses out of 11035 observations
Saved results to output/results/Eldo/2022/M/eb_results_MS_2022_Eldo_B1.rds

Processing: Species=MS, Year=2023, Origin=Eldo, Climate=B1, Sex=M
Looking for climate data at: /mmfs1/gscratch/biology/jmsmith/targeted_microclimate/B1/simplified_B1_2023.rds
Directory /mmfs1/gscratch/biology/jmsmith/targeted_microclimate/B1 exists. Contents:
simplified_B1_1945.rds
simplified_B1_1946.rds
simplified_B1_1947.rds
simplified_B1_1948.rds
simplified_B1_1949.rds
simplified_B1_1950.rds
simplified_B1_1951.rds
simplified_B1_1952.rds
simplified_B1_1953.rds
simplified_B1_1954.rds
simplified_B1_1955.rds
simplified_B1_1956.rds
simplified_B1_1957.rds
simplified_B1_1958.rds
simplified_B1_1959.rds
simplified_B1_1960.rds
simplified_B1_1961.rds
simplified_B1_1962.rds
simplified_B1_1963.rds
simplified_B1_1964.rds
simplified_B1_2005.rds
simplified_B1_2006.rds
simplified_B1_2007.rds
simplified_B1_2008.rds
simplified_B1_2009.rds
simplified_B1_2010.rds
simplified_B1_2011.rds
simplified_B1_2012.rds
simplified_B1_2013.rds
simplified_B1_2014.rds
simplified_B1_2015.rds
simplified_B1_2016.rds
simplified_B1_2017.rds
simplified_B1_2018.rds
simplified_B1_2019.rds
simplified_B1_2020.rds
simplified_B1_2021.rds
simplified_B1_2022.rds
simplified_B1_2023.rds
simplified_B1_2024.rds
Processing batch 1/12 (rows 1-1000)
  Calculated 1000 temperatures. Range: -0.27 to 57.00
Processing batch 2/12 (rows 1001-2000)
  Calculated 1000 temperatures. Range: 2.84 to 58.82
Processing batch 3/12 (rows 2001-3000)
  Calculated 1000 temperatures. Range: 1.73 to 51.11
Processing batch 4/12 (rows 3001-4000)
  Calculated 1000 temperatures. Range: 3.64 to 49.15
Processing batch 5/12 (rows 4001-5000)
  Calculated 1000 temperatures. Range: 1.54 to 45.78
Processing batch 6/12 (rows 5001-6000)
  Calculated 1000 temperatures. Range: 3.76 to 48.87
Processing batch 7/12 (rows 6001-7000)
  Calculated 1000 temperatures. Range: 2.54 to 45.52
Processing batch 8/12 (rows 7001-8000)
  Calculated 1000 temperatures. Range: 1.44 to 20.02
Processing batch 9/12 (rows 8001-9000)
  Calculated 1000 temperatures. Range: 4.19 to 19.48
Processing batch 10/12 (rows 9001-10000)
  Calculated 1000 temperatures. Range: 2.65 to 23.41
Processing batch 11/12 (rows 10001-11000)
  Calculated 1000 temperatures. Range: 4.56 to 24.18
Processing batch 12/12 (rows 11001-11035)
  Calculated 35 temperatures. Range: 7.15 to 21.75
Total observations: 11035, Unique timestamps: 2207
MR parameters: mass=0.31, elev=1740.0, b0=16.50, b1=0.85, b2=-0.47, b3=0.000108
Sample tb=308.25 K, log(mass)=-1.1712, 1/(kT)=37.634526, exponent=-1.9958, rmr=0.135903
Sample tb=277.71 K, log(mass)=-1.1712, 1/(kT)=41.773839, exponent=-3.9413, rmr=0.019423
Sample tb=279.43 K, log(mass)=-1.1712, 1/(kT)=41.516890, exponent=-3.8205, rmr=0.021916
Sample tb=288.62 K, log(mass)=-1.1712, 1/(kT)=40.195124, exponent=-3.1993, rmr=0.040791
Sample tb=284.20 K, log(mass)=-1.1712, 1/(kT)=40.819626, exponent=-3.4928, rmr=0.030415
MR results: 0 NA, 0 infinite, 0 negative, 0 zero
Energy calculations: 4482 non-zero gains, 11035 non-zero losses out of 11035 observations
Saved results to output/results/Eldo/2023/M/eb_results_MS_2023_Eldo_B1.rds

Processing: Species=MS, Year=2024, Origin=Eldo, Climate=B1, Sex=M
Looking for climate data at: /mmfs1/gscratch/biology/jmsmith/targeted_microclimate/B1/simplified_B1_2024.rds
Directory /mmfs1/gscratch/biology/jmsmith/targeted_microclimate/B1 exists. Contents:
simplified_B1_1945.rds
simplified_B1_1946.rds
simplified_B1_1947.rds
simplified_B1_1948.rds
simplified_B1_1949.rds
simplified_B1_1950.rds
simplified_B1_1951.rds
simplified_B1_1952.rds
simplified_B1_1953.rds
simplified_B1_1954.rds
simplified_B1_1955.rds
simplified_B1_1956.rds
simplified_B1_1957.rds
simplified_B1_1958.rds
simplified_B1_1959.rds
simplified_B1_1960.rds
simplified_B1_1961.rds
simplified_B1_1962.rds
simplified_B1_1963.rds
simplified_B1_1964.rds
simplified_B1_2005.rds
simplified_B1_2006.rds
simplified_B1_2007.rds
simplified_B1_2008.rds
simplified_B1_2009.rds
simplified_B1_2010.rds
simplified_B1_2011.rds
simplified_B1_2012.rds
simplified_B1_2013.rds
simplified_B1_2014.rds
simplified_B1_2015.rds
simplified_B1_2016.rds
simplified_B1_2017.rds
simplified_B1_2018.rds
simplified_B1_2019.rds
simplified_B1_2020.rds
simplified_B1_2021.rds
simplified_B1_2022.rds
simplified_B1_2023.rds
simplified_B1_2024.rds
Processing batch 1/12 (rows 1-1000)
  Calculated 1000 temperatures. Range: -1.72 to 60.00
Processing batch 2/12 (rows 1001-2000)
  Calculated 1000 temperatures. Range: 4.62 to 60.00
Processing batch 3/12 (rows 2001-3000)
  Calculated 1000 temperatures. Range: 0.33 to 51.67
Processing batch 4/12 (rows 3001-4000)
  Calculated 1000 temperatures. Range: 2.64 to 50.54
Processing batch 5/12 (rows 4001-5000)
  Calculated 1000 temperatures. Range: 0.06 to 50.97
Processing batch 6/12 (rows 5001-6000)
  Calculated 1000 temperatures. Range: 3.28 to 48.92
Processing batch 7/12 (rows 6001-7000)
  Calculated 1000 temperatures. Range: 3.50 to 50.92
Processing batch 8/12 (rows 7001-8000)
  Calculated 1000 temperatures. Range: -0.10 to 19.22
Processing batch 9/12 (rows 8001-9000)
  Calculated 1000 temperatures. Range: 4.05 to 20.61
Processing batch 10/12 (rows 9001-10000)
  Calculated 1000 temperatures. Range: 1.31 to 24.32
Processing batch 11/12 (rows 10001-11000)
  Calculated 1000 temperatures. Range: 5.05 to 23.55
Processing batch 12/12 (rows 11001-11035)
  Calculated 35 temperatures. Range: 4.74 to 19.58
Total observations: 11035, Unique timestamps: 2207
MR parameters: mass=0.31, elev=1740.0, b0=16.50, b1=0.85, b2=-0.47, b3=0.000108
Sample tb=288.78 K, log(mass)=-1.1712, 1/(kT)=40.172724, exponent=-3.1888, rmr=0.041223
Sample tb=285.68 K, log(mass)=-1.1712, 1/(kT)=40.608756, exponent=-3.3937, rmr=0.033584
Sample tb=302.07 K, log(mass)=-1.1712, 1/(kT)=38.404512, exponent=-2.3577, rmr=0.094637
Sample tb=289.02 K, log(mass)=-1.1712, 1/(kT)=40.138970, exponent=-3.1729, rmr=0.041882
Sample tb=318.62 K, log(mass)=-1.1712, 1/(kT)=36.410436, exponent=-1.4205, rmr=0.241595
MR results: 0 NA, 0 infinite, 0 negative, 0 zero
Energy calculations: 4807 non-zero gains, 11035 non-zero losses out of 11035 observations
Saved results to output/results/Eldo/2024/M/eb_results_MS_2024_Eldo_B1.rds

All years processed.
