Arguments received:
Species: MS
Years: 1945, 1946, 1947, 1948, 1949, 1950, 1951, 1952, 1953, 1954, 1955, 1956, 1957, 1958, 1959, 1960, 1961, 1962, 1963, 1964
Origin site: B1
Climate site: A1
Sex: M
Output directory: output/results/B1
Library paths:
[1] "/gscratch/biology/jmsmith/R"                          
[2] "/mmfs1/home/smithju/R/x86_64-pc-linux-gnu-library/4.4"
[3] "/usr/local/lib/R/site-library"                        
[4] "/usr/local/lib/R/library"                             
Package tidyverse loaded successfully
Package TrenchR loaded successfully
Package rTPC loaded successfully
Package lubridate loaded successfully

Processing: Species=MS, Year=1945, Origin=B1, Climate=A1, Sex=M
Looking for climate data at: /mmfs1/gscratch/biology/jmsmith/targeted_microclimate/A1/simplified_A1_1945.rds
Directory /mmfs1/gscratch/biology/jmsmith/targeted_microclimate/A1 exists. Contents:
simplified_A1_1945.rds
simplified_A1_1946.rds
simplified_A1_1947.rds
simplified_A1_1948.rds
simplified_A1_1949.rds
simplified_A1_1950.rds
simplified_A1_1951.rds
simplified_A1_1952.rds
simplified_A1_1953.rds
simplified_A1_1954.rds
simplified_A1_1955.rds
simplified_A1_1956.rds
simplified_A1_1957.rds
simplified_A1_1958.rds
simplified_A1_1959.rds
simplified_A1_1960.rds
simplified_A1_1961.rds
simplified_A1_1962.rds
simplified_A1_1963.rds
simplified_A1_1964.rds
simplified_A1_2005.rds
simplified_A1_2006.rds
simplified_A1_2007.rds
simplified_A1_2008.rds
simplified_A1_2009.rds
simplified_A1_2010.rds
simplified_A1_2011.rds
simplified_A1_2012.rds
simplified_A1_2013.rds
simplified_A1_2014.rds
simplified_A1_2015.rds
simplified_A1_2016.rds
simplified_A1_2017.rds
simplified_A1_2018.rds
simplified_A1_2019.rds
simplified_A1_2020.rds
simplified_A1_2021.rds
simplified_A1_2022.rds
simplified_A1_2023.rds
simplified_A1_2024.rds
Processing batch 1/12 (rows 1-1000)
  Calculated 1000 temperatures. Range: -6.06 to 42.86
Processing batch 2/12 (rows 1001-2000)
  Calculated 1000 temperatures. Range: 5.29 to 50.70
Processing batch 3/12 (rows 2001-3000)
  Calculated 1000 temperatures. Range: -4.59 to 41.47
Processing batch 4/12 (rows 3001-4000)
  Calculated 1000 temperatures. Range: 5.96 to 41.84
Processing batch 5/12 (rows 4001-5000)
  Calculated 1000 temperatures. Range: -4.63 to 40.61
Processing batch 6/12 (rows 5001-6000)
  Calculated 1000 temperatures. Range: 4.53 to 41.75
Processing batch 7/12 (rows 6001-7000)
  Calculated 1000 temperatures. Range: -3.48 to 40.25
Processing batch 8/12 (rows 7001-8000)
  Calculated 1000 temperatures. Range: -4.57 to 19.53
Processing batch 9/12 (rows 8001-9000)
  Calculated 1000 temperatures. Range: 2.87 to 20.28
Processing batch 10/12 (rows 9001-10000)
  Calculated 1000 temperatures. Range: -3.78 to 22.19
Processing batch 11/12 (rows 10001-11000)
  Calculated 1000 temperatures. Range: 7.09 to 23.64
Processing batch 12/12 (rows 11001-11035)
  Calculated 35 temperatures. Range: 9.34 to 21.87
Total observations: 11035, Unique timestamps: 2207
MR parameters: mass=0.29, elev=2591.0, b0=16.50, b1=0.85, b2=-0.47, b3=0.000108
Sample tb=295.82 K, log(mass)=-1.2379, 1/(kT)=39.216020, exponent=-2.7039, rmr=0.066944
Sample tb=287.19 K, log(mass)=-1.2379, 1/(kT)=40.394429, exponent=-3.2577, rmr=0.038475
Sample tb=287.28 K, log(mass)=-1.2379, 1/(kT)=40.382375, exponent=-3.2521, rmr=0.038694
Sample tb=289.96 K, log(mass)=-1.2379, 1/(kT)=40.009213, exponent=-3.0767, rmr=0.046111
Sample tb=294.00 K, log(mass)=-1.2379, 1/(kT)=39.458815, exponent=-2.8180, rmr=0.059725
MR results: 0 NA, 0 infinite, 0 negative, 0 zero
Energy calculations: 6924 non-zero gains, 11035 non-zero losses out of 11035 observations
Saved results to output/results/B1/1945/M/eb_results_MS_1945_B1_A1.rds

Processing: Species=MS, Year=1946, Origin=B1, Climate=A1, Sex=M
Looking for climate data at: /mmfs1/gscratch/biology/jmsmith/targeted_microclimate/A1/simplified_A1_1946.rds
Directory /mmfs1/gscratch/biology/jmsmith/targeted_microclimate/A1 exists. Contents:
simplified_A1_1945.rds
simplified_A1_1946.rds
simplified_A1_1947.rds
simplified_A1_1948.rds
simplified_A1_1949.rds
simplified_A1_1950.rds
simplified_A1_1951.rds
simplified_A1_1952.rds
simplified_A1_1953.rds
simplified_A1_1954.rds
simplified_A1_1955.rds
simplified_A1_1956.rds
simplified_A1_1957.rds
simplified_A1_1958.rds
simplified_A1_1959.rds
simplified_A1_1960.rds
simplified_A1_1961.rds
simplified_A1_1962.rds
simplified_A1_1963.rds
simplified_A1_1964.rds
simplified_A1_2005.rds
simplified_A1_2006.rds
simplified_A1_2007.rds
simplified_A1_2008.rds
simplified_A1_2009.rds
simplified_A1_2010.rds
simplified_A1_2011.rds
simplified_A1_2012.rds
simplified_A1_2013.rds
simplified_A1_2014.rds
simplified_A1_2015.rds
simplified_A1_2016.rds
simplified_A1_2017.rds
simplified_A1_2018.rds
simplified_A1_2019.rds
simplified_A1_2020.rds
simplified_A1_2021.rds
simplified_A1_2022.rds
simplified_A1_2023.rds
simplified_A1_2024.rds
Processing batch 1/12 (rows 1-1000)
  Calculated 1000 temperatures. Range: -0.90 to 47.58
Processing batch 2/12 (rows 1001-2000)
  Calculated 1000 temperatures. Range: 5.86 to 51.48
Processing batch 3/12 (rows 2001-3000)
  Calculated 1000 temperatures. Range: 0.83 to 39.88
Processing batch 4/12 (rows 3001-4000)
  Calculated 1000 temperatures. Range: 6.84 to 44.05
Processing batch 5/12 (rows 4001-5000)
  Calculated 1000 temperatures. Range: 0.70 to 37.43
Processing batch 6/12 (rows 5001-6000)
  Calculated 1000 temperatures. Range: 4.08 to 43.45
Processing batch 7/12 (rows 6001-7000)
  Calculated 1000 temperatures. Range: 1.86 to 40.81
Processing batch 8/12 (rows 7001-8000)
  Calculated 1000 temperatures. Range: 0.57 to 20.95
Processing batch 9/12 (rows 8001-9000)
  Calculated 1000 temperatures. Range: 2.87 to 22.86
Processing batch 10/12 (rows 9001-10000)
  Calculated 1000 temperatures. Range: 1.61 to 25.43
Processing batch 11/12 (rows 10001-11000)
  Calculated 1000 temperatures. Range: 6.56 to 24.30
Processing batch 12/12 (rows 11001-11035)
  Calculated 35 temperatures. Range: 6.60 to 17.88
Total observations: 11035, Unique timestamps: 2207
MR parameters: mass=0.29, elev=2591.0, b0=16.50, b1=0.85, b2=-0.47, b3=0.000108
Sample tb=280.18 K, log(mass)=-1.2379, 1/(kT)=41.405240, exponent=-3.7328, rmr=0.023925
Sample tb=299.53 K, log(mass)=-1.2379, 1/(kT)=38.729965, exponent=-2.4754, rmr=0.084125
Sample tb=292.03 K, log(mass)=-1.2379, 1/(kT)=39.724995, exponent=-2.9431, rmr=0.052701
Sample tb=282.93 K, log(mass)=-1.2379, 1/(kT)=41.003155, exponent=-3.5438, rmr=0.028902
Sample tb=285.90 K, log(mass)=-1.2379, 1/(kT)=40.576632, exponent=-3.3434, rmr=0.035317
MR results: 0 NA, 0 infinite, 0 negative, 0 zero
Energy calculations: 7509 non-zero gains, 11035 non-zero losses out of 11035 observations
Saved results to output/results/B1/1946/M/eb_results_MS_1946_B1_A1.rds

Processing: Species=MS, Year=1947, Origin=B1, Climate=A1, Sex=M
Looking for climate data at: /mmfs1/gscratch/biology/jmsmith/targeted_microclimate/A1/simplified_A1_1947.rds
Directory /mmfs1/gscratch/biology/jmsmith/targeted_microclimate/A1 exists. Contents:
simplified_A1_1945.rds
simplified_A1_1946.rds
simplified_A1_1947.rds
simplified_A1_1948.rds
simplified_A1_1949.rds
simplified_A1_1950.rds
simplified_A1_1951.rds
simplified_A1_1952.rds
simplified_A1_1953.rds
simplified_A1_1954.rds
simplified_A1_1955.rds
simplified_A1_1956.rds
simplified_A1_1957.rds
simplified_A1_1958.rds
simplified_A1_1959.rds
simplified_A1_1960.rds
simplified_A1_1961.rds
simplified_A1_1962.rds
simplified_A1_1963.rds
simplified_A1_1964.rds
simplified_A1_2005.rds
simplified_A1_2006.rds
simplified_A1_2007.rds
simplified_A1_2008.rds
simplified_A1_2009.rds
simplified_A1_2010.rds
simplified_A1_2011.rds
simplified_A1_2012.rds
simplified_A1_2013.rds
simplified_A1_2014.rds
simplified_A1_2015.rds
simplified_A1_2016.rds
simplified_A1_2017.rds
simplified_A1_2018.rds
simplified_A1_2019.rds
simplified_A1_2020.rds
simplified_A1_2021.rds
simplified_A1_2022.rds
simplified_A1_2023.rds
simplified_A1_2024.rds
Processing batch 1/12 (rows 1-1000)
  Calculated 1000 temperatures. Range: -5.39 to 46.29
Processing batch 2/12 (rows 1001-2000)
  Calculated 1000 temperatures. Range: 5.48 to 48.73
Processing batch 3/12 (rows 2001-3000)
  Calculated 1000 temperatures. Range: -3.85 to 41.55
Processing batch 4/12 (rows 3001-4000)
  Calculated 1000 temperatures. Range: 6.94 to 41.60
Processing batch 5/12 (rows 4001-5000)
  Calculated 1000 temperatures. Range: -4.08 to 36.33
Processing batch 6/12 (rows 5001-6000)
  Calculated 1000 temperatures. Range: 4.44 to 40.53
Processing batch 7/12 (rows 6001-7000)
  Calculated 1000 temperatures. Range: -4.41 to 38.79
Processing batch 8/12 (rows 7001-8000)
  Calculated 1000 temperatures. Range: 2.38 to 19.32
Processing batch 9/12 (rows 8001-9000)
  Calculated 1000 temperatures. Range: 3.32 to 21.09
Processing batch 10/12 (rows 9001-10000)
  Calculated 1000 temperatures. Range: -3.41 to 23.38
Processing batch 11/12 (rows 10001-11000)
  Calculated 1000 temperatures. Range: 7.09 to 24.32
Processing batch 12/12 (rows 11001-11035)
  Calculated 35 temperatures. Range: 9.26 to 20.24
Total observations: 11035, Unique timestamps: 2207
MR parameters: mass=0.29, elev=2591.0, b0=16.50, b1=0.85, b2=-0.47, b3=0.000108
Sample tb=282.10 K, log(mass)=-1.2379, 1/(kT)=41.123251, exponent=-3.6003, rmr=0.027316
Sample tb=293.50 K, log(mass)=-1.2379, 1/(kT)=39.526603, exponent=-2.8499, rmr=0.057852
Sample tb=282.25 K, log(mass)=-1.2379, 1/(kT)=41.102156, exponent=-3.5904, rmr=0.027588
Sample tb=281.11 K, log(mass)=-1.2379, 1/(kT)=41.268476, exponent=-3.6685, rmr=0.025513
Sample tb=281.37 K, log(mass)=-1.2379, 1/(kT)=41.230387, exponent=-3.6506, rmr=0.025974
MR results: 0 NA, 0 infinite, 0 negative, 0 zero
Energy calculations: 7348 non-zero gains, 11035 non-zero losses out of 11035 observations
Saved results to output/results/B1/1947/M/eb_results_MS_1947_B1_A1.rds

Processing: Species=MS, Year=1948, Origin=B1, Climate=A1, Sex=M
Looking for climate data at: /mmfs1/gscratch/biology/jmsmith/targeted_microclimate/A1/simplified_A1_1948.rds
Directory /mmfs1/gscratch/biology/jmsmith/targeted_microclimate/A1 exists. Contents:
simplified_A1_1945.rds
simplified_A1_1946.rds
simplified_A1_1947.rds
simplified_A1_1948.rds
simplified_A1_1949.rds
simplified_A1_1950.rds
simplified_A1_1951.rds
simplified_A1_1952.rds
simplified_A1_1953.rds
simplified_A1_1954.rds
simplified_A1_1955.rds
simplified_A1_1956.rds
simplified_A1_1957.rds
simplified_A1_1958.rds
simplified_A1_1959.rds
simplified_A1_1960.rds
simplified_A1_1961.rds
simplified_A1_1962.rds
simplified_A1_1963.rds
simplified_A1_1964.rds
simplified_A1_2005.rds
simplified_A1_2006.rds
simplified_A1_2007.rds
simplified_A1_2008.rds
simplified_A1_2009.rds
simplified_A1_2010.rds
simplified_A1_2011.rds
simplified_A1_2012.rds
simplified_A1_2013.rds
simplified_A1_2014.rds
simplified_A1_2015.rds
simplified_A1_2016.rds
simplified_A1_2017.rds
simplified_A1_2018.rds
simplified_A1_2019.rds
simplified_A1_2020.rds
simplified_A1_2021.rds
simplified_A1_2022.rds
simplified_A1_2023.rds
simplified_A1_2024.rds
Processing batch 1/12 (rows 1-1000)
  Calculated 1000 temperatures. Range: 2.92 to 51.13
Processing batch 2/12 (rows 1001-2000)
  Calculated 1000 temperatures. Range: 3.47 to 49.96
Processing batch 3/12 (rows 2001-3000)
  Calculated 1000 temperatures. Range: 4.01 to 49.67
Processing batch 4/12 (rows 3001-4000)
  Calculated 1000 temperatures. Range: 6.08 to 43.70
Processing batch 5/12 (rows 4001-5000)
  Calculated 1000 temperatures. Range: 4.64 to 43.06
Processing batch 6/12 (rows 5001-6000)
  Calculated 1000 temperatures. Range: 4.57 to 42.84
Processing batch 7/12 (rows 6001-7000)
  Calculated 1000 temperatures. Range: 4.52 to 41.53
Processing batch 8/12 (rows 7001-8000)
  Calculated 1000 temperatures. Range: 3.94 to 19.45
Processing batch 9/12 (rows 8001-9000)
  Calculated 1000 temperatures. Range: 4.73 to 21.81
Processing batch 10/12 (rows 9001-10000)
  Calculated 1000 temperatures. Range: 5.41 to 23.68
Processing batch 11/12 (rows 10001-11000)
  Calculated 1000 temperatures. Range: 6.85 to 24.68
Processing batch 12/12 (rows 11001-11035)
  Calculated 35 temperatures. Range: 8.54 to 24.69
Total observations: 11035, Unique timestamps: 2207
MR parameters: mass=0.29, elev=2591.0, b0=16.50, b1=0.85, b2=-0.47, b3=0.000108
Sample tb=282.41 K, log(mass)=-1.2379, 1/(kT)=41.077654, exponent=-3.5789, rmr=0.027907
Sample tb=286.58 K, log(mass)=-1.2379, 1/(kT)=40.480635, exponent=-3.2983, rmr=0.036947
Sample tb=292.93 K, log(mass)=-1.2379, 1/(kT)=39.603468, exponent=-2.8860, rmr=0.055799
Sample tb=291.37 K, log(mass)=-1.2379, 1/(kT)=39.815018, exponent=-2.9854, rmr=0.050518
Sample tb=283.32 K, log(mass)=-1.2379, 1/(kT)=40.946609, exponent=-3.5173, rmr=0.029680
MR results: 0 NA, 0 infinite, 0 negative, 0 zero
Energy calculations: 7245 non-zero gains, 11035 non-zero losses out of 11035 observations
Saved results to output/results/B1/1948/M/eb_results_MS_1948_B1_A1.rds

Processing: Species=MS, Year=1949, Origin=B1, Climate=A1, Sex=M
Looking for climate data at: /mmfs1/gscratch/biology/jmsmith/targeted_microclimate/A1/simplified_A1_1949.rds
Directory /mmfs1/gscratch/biology/jmsmith/targeted_microclimate/A1 exists. Contents:
simplified_A1_1945.rds
simplified_A1_1946.rds
simplified_A1_1947.rds
simplified_A1_1948.rds
simplified_A1_1949.rds
simplified_A1_1950.rds
simplified_A1_1951.rds
simplified_A1_1952.rds
simplified_A1_1953.rds
simplified_A1_1954.rds
simplified_A1_1955.rds
simplified_A1_1956.rds
simplified_A1_1957.rds
simplified_A1_1958.rds
simplified_A1_1959.rds
simplified_A1_1960.rds
simplified_A1_1961.rds
simplified_A1_1962.rds
simplified_A1_1963.rds
simplified_A1_1964.rds
simplified_A1_2005.rds
simplified_A1_2006.rds
simplified_A1_2007.rds
simplified_A1_2008.rds
simplified_A1_2009.rds
simplified_A1_2010.rds
simplified_A1_2011.rds
simplified_A1_2012.rds
simplified_A1_2013.rds
simplified_A1_2014.rds
simplified_A1_2015.rds
simplified_A1_2016.rds
simplified_A1_2017.rds
simplified_A1_2018.rds
simplified_A1_2019.rds
simplified_A1_2020.rds
simplified_A1_2021.rds
simplified_A1_2022.rds
simplified_A1_2023.rds
simplified_A1_2024.rds
Processing batch 1/12 (rows 1-1000)
  Calculated 1000 temperatures. Range: -0.09 to 56.82
Processing batch 2/12 (rows 1001-2000)
  Calculated 1000 temperatures. Range: 3.78 to 56.01
Processing batch 3/12 (rows 2001-3000)
  Calculated 1000 temperatures. Range: 1.93 to 44.49
Processing batch 4/12 (rows 3001-4000)
  Calculated 1000 temperatures. Range: 7.53 to 40.21
Processing batch 5/12 (rows 4001-5000)
  Calculated 1000 temperatures. Range: 1.39 to 45.74
Processing batch 6/12 (rows 5001-6000)
  Calculated 1000 temperatures. Range: 5.54 to 38.35
Processing batch 7/12 (rows 6001-7000)
  Calculated 1000 temperatures. Range: 1.14 to 39.85
Processing batch 8/12 (rows 7001-8000)
  Calculated 1000 temperatures. Range: 4.79 to 20.28
Processing batch 9/12 (rows 8001-9000)
  Calculated 1000 temperatures. Range: 2.65 to 19.91
Processing batch 10/12 (rows 9001-10000)
  Calculated 1000 temperatures. Range: 6.47 to 24.64
Processing batch 11/12 (rows 10001-11000)
  Calculated 1000 temperatures. Range: 6.76 to 25.11
Processing batch 12/12 (rows 11001-11035)
  Calculated 35 temperatures. Range: 7.54 to 17.82
Total observations: 11035, Unique timestamps: 2207
MR parameters: mass=0.29, elev=2591.0, b0=16.50, b1=0.85, b2=-0.47, b3=0.000108
Sample tb=280.11 K, log(mass)=-1.2379, 1/(kT)=41.415952, exponent=-3.7379, rmr=0.023805
Sample tb=280.70 K, log(mass)=-1.2379, 1/(kT)=41.328186, exponent=-3.6966, rmr=0.024807
Sample tb=293.42 K, log(mass)=-1.2379, 1/(kT)=39.536592, exponent=-2.8546, rmr=0.057581
Sample tb=282.85 K, log(mass)=-1.2379, 1/(kT)=41.013974, exponent=-3.5489, rmr=0.028755
Sample tb=280.59 K, log(mass)=-1.2379, 1/(kT)=41.344926, exponent=-3.7045, rmr=0.024613
MR results: 0 NA, 0 infinite, 0 negative, 0 zero
Energy calculations: 7296 non-zero gains, 11035 non-zero losses out of 11035 observations
Saved results to output/results/B1/1949/M/eb_results_MS_1949_B1_A1.rds

Processing: Species=MS, Year=1950, Origin=B1, Climate=A1, Sex=M
Looking for climate data at: /mmfs1/gscratch/biology/jmsmith/targeted_microclimate/A1/simplified_A1_1950.rds
Directory /mmfs1/gscratch/biology/jmsmith/targeted_microclimate/A1 exists. Contents:
simplified_A1_1945.rds
simplified_A1_1946.rds
simplified_A1_1947.rds
simplified_A1_1948.rds
simplified_A1_1949.rds
simplified_A1_1950.rds
simplified_A1_1951.rds
simplified_A1_1952.rds
simplified_A1_1953.rds
simplified_A1_1954.rds
simplified_A1_1955.rds
simplified_A1_1956.rds
simplified_A1_1957.rds
simplified_A1_1958.rds
simplified_A1_1959.rds
simplified_A1_1960.rds
simplified_A1_1961.rds
simplified_A1_1962.rds
simplified_A1_1963.rds
simplified_A1_1964.rds
simplified_A1_2005.rds
simplified_A1_2006.rds
simplified_A1_2007.rds
simplified_A1_2008.rds
simplified_A1_2009.rds
simplified_A1_2010.rds
simplified_A1_2011.rds
simplified_A1_2012.rds
simplified_A1_2013.rds
simplified_A1_2014.rds
simplified_A1_2015.rds
simplified_A1_2016.rds
simplified_A1_2017.rds
simplified_A1_2018.rds
simplified_A1_2019.rds
simplified_A1_2020.rds
simplified_A1_2021.rds
simplified_A1_2022.rds
simplified_A1_2023.rds
simplified_A1_2024.rds
Processing batch 1/12 (rows 1-1000)
  Calculated 1000 temperatures. Range: -4.64 to 60.00
Processing batch 2/12 (rows 1001-2000)
  Calculated 1000 temperatures. Range: 3.72 to 50.25
Processing batch 3/12 (rows 2001-3000)
  Calculated 1000 temperatures. Range: -2.94 to 46.94
Processing batch 4/12 (rows 3001-4000)
  Calculated 1000 temperatures. Range: 6.03 to 42.41
Processing batch 5/12 (rows 4001-5000)
  Calculated 1000 temperatures. Range: -2.91 to 46.51
Processing batch 6/12 (rows 5001-6000)
  Calculated 1000 temperatures. Range: 5.36 to 40.28
Processing batch 7/12 (rows 6001-7000)
  Calculated 1000 temperatures. Range: -2.50 to 41.60
Processing batch 8/12 (rows 7001-8000)
  Calculated 1000 temperatures. Range: 4.26 to 19.51
Processing batch 9/12 (rows 8001-9000)
  Calculated 1000 temperatures. Range: -1.82 to 22.65
Processing batch 10/12 (rows 9001-10000)
  Calculated 1000 temperatures. Range: 1.03 to 23.80
Processing batch 11/12 (rows 10001-11000)
  Calculated 1000 temperatures. Range: 4.72 to 22.91
Processing batch 12/12 (rows 11001-11035)
  Calculated 35 temperatures. Range: 6.44 to 22.48
Total observations: 11035, Unique timestamps: 2207
MR parameters: mass=0.29, elev=2591.0, b0=16.50, b1=0.85, b2=-0.47, b3=0.000108
Sample tb=299.39 K, log(mass)=-1.2379, 1/(kT)=38.748529, exponent=-2.4842, rmr=0.083394
Sample tb=308.16 K, log(mass)=-1.2379, 1/(kT)=37.646334, exponent=-1.9661, rmr=0.139996
Sample tb=283.45 K, log(mass)=-1.2379, 1/(kT)=40.927634, exponent=-3.5084, rmr=0.029946
Sample tb=283.23 K, log(mass)=-1.2379, 1/(kT)=40.959319, exponent=-3.5232, rmr=0.029504
Sample tb=281.98 K, log(mass)=-1.2379, 1/(kT)=41.140597, exponent=-3.6084, rmr=0.027094
MR results: 0 NA, 0 infinite, 0 negative, 0 zero
Energy calculations: 6554 non-zero gains, 11035 non-zero losses out of 11035 observations
Saved results to output/results/B1/1950/M/eb_results_MS_1950_B1_A1.rds

Processing: Species=MS, Year=1951, Origin=B1, Climate=A1, Sex=M
Looking for climate data at: /mmfs1/gscratch/biology/jmsmith/targeted_microclimate/A1/simplified_A1_1951.rds
Directory /mmfs1/gscratch/biology/jmsmith/targeted_microclimate/A1 exists. Contents:
simplified_A1_1945.rds
simplified_A1_1946.rds
simplified_A1_1947.rds
simplified_A1_1948.rds
simplified_A1_1949.rds
simplified_A1_1950.rds
simplified_A1_1951.rds
simplified_A1_1952.rds
simplified_A1_1953.rds
simplified_A1_1954.rds
simplified_A1_1955.rds
simplified_A1_1956.rds
simplified_A1_1957.rds
simplified_A1_1958.rds
simplified_A1_1959.rds
simplified_A1_1960.rds
simplified_A1_1961.rds
simplified_A1_1962.rds
simplified_A1_1963.rds
simplified_A1_1964.rds
simplified_A1_2005.rds
simplified_A1_2006.rds
simplified_A1_2007.rds
simplified_A1_2008.rds
simplified_A1_2009.rds
simplified_A1_2010.rds
simplified_A1_2011.rds
simplified_A1_2012.rds
simplified_A1_2013.rds
simplified_A1_2014.rds
simplified_A1_2015.rds
simplified_A1_2016.rds
simplified_A1_2017.rds
simplified_A1_2018.rds
simplified_A1_2019.rds
simplified_A1_2020.rds
simplified_A1_2021.rds
simplified_A1_2022.rds
simplified_A1_2023.rds
simplified_A1_2024.rds
Processing batch 1/12 (rows 1-1000)
  Calculated 1000 temperatures. Range: -4.36 to 60.00
Processing batch 2/12 (rows 1001-2000)
  Calculated 1000 temperatures. Range: 4.82 to 48.99
Processing batch 3/12 (rows 2001-3000)
  Calculated 1000 temperatures. Range: -3.26 to 42.01
Processing batch 4/12 (rows 3001-4000)
  Calculated 1000 temperatures. Range: 6.77 to 50.24
Processing batch 5/12 (rows 4001-5000)
  Calculated 1000 temperatures. Range: -3.47 to 37.50
Processing batch 6/12 (rows 5001-6000)
  Calculated 1000 temperatures. Range: 4.69 to 45.16
Processing batch 7/12 (rows 6001-7000)
  Calculated 1000 temperatures. Range: -3.79 to 36.13
Processing batch 8/12 (rows 7001-8000)
  Calculated 1000 temperatures. Range: 3.72 to 21.48
Processing batch 9/12 (rows 8001-9000)
  Calculated 1000 temperatures. Range: -3.17 to 20.57
Processing batch 10/12 (rows 9001-10000)
  Calculated 1000 temperatures. Range: 2.26 to 25.74
Processing batch 11/12 (rows 10001-11000)
  Calculated 1000 temperatures. Range: 7.10 to 25.65
Processing batch 12/12 (rows 11001-11035)
  Calculated 35 temperatures. Range: 7.53 to 20.10
Total observations: 11035, Unique timestamps: 2207
MR parameters: mass=0.29, elev=2591.0, b0=16.50, b1=0.85, b2=-0.47, b3=0.000108
Sample tb=283.31 K, log(mass)=-1.2379, 1/(kT)=40.948035, exponent=-3.5179, rmr=0.029660
Sample tb=290.79 K, log(mass)=-1.2379, 1/(kT)=39.894291, exponent=-3.0227, rmr=0.048671
Sample tb=296.49 K, log(mass)=-1.2379, 1/(kT)=39.127698, exponent=-2.6624, rmr=0.069782
Sample tb=282.57 K, log(mass)=-1.2379, 1/(kT)=41.054636, exponent=-3.5680, rmr=0.028211
Sample tb=281.84 K, log(mass)=-1.2379, 1/(kT)=41.161835, exponent=-3.6184, rmr=0.026825
MR results: 0 NA, 0 infinite, 0 negative, 0 zero
Energy calculations: 7097 non-zero gains, 11035 non-zero losses out of 11035 observations
Saved results to output/results/B1/1951/M/eb_results_MS_1951_B1_A1.rds

Processing: Species=MS, Year=1952, Origin=B1, Climate=A1, Sex=M
Looking for climate data at: /mmfs1/gscratch/biology/jmsmith/targeted_microclimate/A1/simplified_A1_1952.rds
Directory /mmfs1/gscratch/biology/jmsmith/targeted_microclimate/A1 exists. Contents:
simplified_A1_1945.rds
simplified_A1_1946.rds
simplified_A1_1947.rds
simplified_A1_1948.rds
simplified_A1_1949.rds
simplified_A1_1950.rds
simplified_A1_1951.rds
simplified_A1_1952.rds
simplified_A1_1953.rds
simplified_A1_1954.rds
simplified_A1_1955.rds
simplified_A1_1956.rds
simplified_A1_1957.rds
simplified_A1_1958.rds
simplified_A1_1959.rds
simplified_A1_1960.rds
simplified_A1_1961.rds
simplified_A1_1962.rds
simplified_A1_1963.rds
simplified_A1_1964.rds
simplified_A1_2005.rds
simplified_A1_2006.rds
simplified_A1_2007.rds
simplified_A1_2008.rds
simplified_A1_2009.rds
simplified_A1_2010.rds
simplified_A1_2011.rds
simplified_A1_2012.rds
simplified_A1_2013.rds
simplified_A1_2014.rds
simplified_A1_2015.rds
simplified_A1_2016.rds
simplified_A1_2017.rds
simplified_A1_2018.rds
simplified_A1_2019.rds
simplified_A1_2020.rds
simplified_A1_2021.rds
simplified_A1_2022.rds
simplified_A1_2023.rds
simplified_A1_2024.rds
Processing batch 1/12 (rows 1-1000)
  Calculated 1000 temperatures. Range: 3.10 to 60.00
Processing batch 2/12 (rows 1001-2000)
  Calculated 1000 temperatures. Range: 6.15 to 60.00
Processing batch 3/12 (rows 2001-3000)
  Calculated 1000 temperatures. Range: 1.75 to 53.53
Processing batch 4/12 (rows 3001-4000)
  Calculated 1000 temperatures. Range: 5.26 to 49.54
Processing batch 5/12 (rows 4001-5000)
  Calculated 1000 temperatures. Range: 4.39 to 54.36
Processing batch 6/12 (rows 5001-6000)
  Calculated 1000 temperatures. Range: 4.83 to 41.19
Processing batch 7/12 (rows 6001-7000)
  Calculated 1000 temperatures. Range: 2.25 to 41.10
Processing batch 8/12 (rows 7001-8000)
  Calculated 1000 temperatures. Range: 3.58 to 20.06
Processing batch 9/12 (rows 8001-9000)
  Calculated 1000 temperatures. Range: 3.27 to 23.91
Processing batch 10/12 (rows 9001-10000)
  Calculated 1000 temperatures. Range: 5.01 to 25.24
Processing batch 11/12 (rows 10001-11000)
  Calculated 1000 temperatures. Range: 8.01 to 25.06
Processing batch 12/12 (rows 11001-11035)
  Calculated 35 temperatures. Range: 5.20 to 21.57
Total observations: 11035, Unique timestamps: 2207
MR parameters: mass=0.29, elev=2591.0, b0=16.50, b1=0.85, b2=-0.47, b3=0.000108
Sample tb=285.14 K, log(mass)=-1.2379, 1/(kT)=40.684672, exponent=-3.3942, rmr=0.033569
Sample tb=281.50 K, log(mass)=-1.2379, 1/(kT)=41.211100, exponent=-3.6416, rmr=0.026211
Sample tb=291.11 K, log(mass)=-1.2379, 1/(kT)=39.850474, exponent=-3.0021, rmr=0.049683
Sample tb=282.02 K, log(mass)=-1.2379, 1/(kT)=41.135505, exponent=-3.6061, rmr=0.027159
Sample tb=284.63 K, log(mass)=-1.2379, 1/(kT)=40.757315, exponent=-3.4283, rmr=0.032442
MR results: 0 NA, 0 infinite, 0 negative, 0 zero
Energy calculations: 7795 non-zero gains, 11035 non-zero losses out of 11035 observations
Saved results to output/results/B1/1952/M/eb_results_MS_1952_B1_A1.rds

Processing: Species=MS, Year=1953, Origin=B1, Climate=A1, Sex=M
Looking for climate data at: /mmfs1/gscratch/biology/jmsmith/targeted_microclimate/A1/simplified_A1_1953.rds
Directory /mmfs1/gscratch/biology/jmsmith/targeted_microclimate/A1 exists. Contents:
simplified_A1_1945.rds
simplified_A1_1946.rds
simplified_A1_1947.rds
simplified_A1_1948.rds
simplified_A1_1949.rds
simplified_A1_1950.rds
simplified_A1_1951.rds
simplified_A1_1952.rds
simplified_A1_1953.rds
simplified_A1_1954.rds
simplified_A1_1955.rds
simplified_A1_1956.rds
simplified_A1_1957.rds
simplified_A1_1958.rds
simplified_A1_1959.rds
simplified_A1_1960.rds
simplified_A1_1961.rds
simplified_A1_1962.rds
simplified_A1_1963.rds
simplified_A1_1964.rds
simplified_A1_2005.rds
simplified_A1_2006.rds
simplified_A1_2007.rds
simplified_A1_2008.rds
simplified_A1_2009.rds
simplified_A1_2010.rds
simplified_A1_2011.rds
simplified_A1_2012.rds
simplified_A1_2013.rds
simplified_A1_2014.rds
simplified_A1_2015.rds
simplified_A1_2016.rds
simplified_A1_2017.rds
simplified_A1_2018.rds
simplified_A1_2019.rds
simplified_A1_2020.rds
simplified_A1_2021.rds
simplified_A1_2022.rds
simplified_A1_2023.rds
simplified_A1_2024.rds
Processing batch 1/12 (rows 1-1000)
  Calculated 1000 temperatures. Range: 0.78 to 50.22
Processing batch 2/12 (rows 1001-2000)
  Calculated 1000 temperatures. Range: 4.02 to 46.98
Processing batch 3/12 (rows 2001-3000)
  Calculated 1000 temperatures. Range: 3.16 to 43.53
Processing batch 4/12 (rows 3001-4000)
  Calculated 1000 temperatures. Range: 7.45 to 40.45
Processing batch 5/12 (rows 4001-5000)
  Calculated 1000 temperatures. Range: 2.61 to 38.30
Processing batch 6/12 (rows 5001-6000)
  Calculated 1000 temperatures. Range: 5.74 to 42.12
Processing batch 7/12 (rows 6001-7000)
  Calculated 1000 temperatures. Range: 2.32 to 37.50
Processing batch 8/12 (rows 7001-8000)
  Calculated 1000 temperatures. Range: 4.61 to 20.60
Processing batch 9/12 (rows 8001-9000)
  Calculated 1000 temperatures. Range: 3.97 to 19.99
Processing batch 10/12 (rows 9001-10000)
  Calculated 1000 temperatures. Range: 5.53 to 25.16
Processing batch 11/12 (rows 10001-11000)
  Calculated 1000 temperatures. Range: 6.41 to 24.76
Processing batch 12/12 (rows 11001-11035)
  Calculated 35 temperatures. Range: 8.64 to 21.58
Total observations: 11035, Unique timestamps: 2207
MR parameters: mass=0.29, elev=2591.0, b0=16.50, b1=0.85, b2=-0.47, b3=0.000108
Sample tb=303.58 K, log(mass)=-1.2379, 1/(kT)=38.213138, exponent=-2.2325, rmr=0.107256
Sample tb=287.56 K, log(mass)=-1.2379, 1/(kT)=40.343119, exponent=-3.2336, rmr=0.039414
Sample tb=287.63 K, log(mass)=-1.2379, 1/(kT)=40.332707, exponent=-3.2287, rmr=0.039607
Sample tb=285.72 K, log(mass)=-1.2379, 1/(kT)=40.601945, exponent=-3.3553, rmr=0.034900
Sample tb=295.37 K, log(mass)=-1.2379, 1/(kT)=39.276089, exponent=-2.7321, rmr=0.065081
MR results: 0 NA, 0 infinite, 0 negative, 0 zero
Energy calculations: 8008 non-zero gains, 11035 non-zero losses out of 11035 observations
Saved results to output/results/B1/1953/M/eb_results_MS_1953_B1_A1.rds

Processing: Species=MS, Year=1954, Origin=B1, Climate=A1, Sex=M
Looking for climate data at: /mmfs1/gscratch/biology/jmsmith/targeted_microclimate/A1/simplified_A1_1954.rds
Directory /mmfs1/gscratch/biology/jmsmith/targeted_microclimate/A1 exists. Contents:
simplified_A1_1945.rds
simplified_A1_1946.rds
simplified_A1_1947.rds
simplified_A1_1948.rds
simplified_A1_1949.rds
simplified_A1_1950.rds
simplified_A1_1951.rds
simplified_A1_1952.rds
simplified_A1_1953.rds
simplified_A1_1954.rds
simplified_A1_1955.rds
simplified_A1_1956.rds
simplified_A1_1957.rds
simplified_A1_1958.rds
simplified_A1_1959.rds
simplified_A1_1960.rds
simplified_A1_1961.rds
simplified_A1_1962.rds
simplified_A1_1963.rds
simplified_A1_1964.rds
simplified_A1_2005.rds
simplified_A1_2006.rds
simplified_A1_2007.rds
simplified_A1_2008.rds
simplified_A1_2009.rds
simplified_A1_2010.rds
simplified_A1_2011.rds
simplified_A1_2012.rds
simplified_A1_2013.rds
simplified_A1_2014.rds
simplified_A1_2015.rds
simplified_A1_2016.rds
simplified_A1_2017.rds
simplified_A1_2018.rds
simplified_A1_2019.rds
simplified_A1_2020.rds
simplified_A1_2021.rds
simplified_A1_2022.rds
simplified_A1_2023.rds
simplified_A1_2024.rds
Processing batch 1/12 (rows 1-1000)
  Calculated 1000 temperatures. Range: -2.57 to 60.00
Processing batch 2/12 (rows 1001-2000)
  Calculated 1000 temperatures. Range: 4.53 to 60.00
Processing batch 3/12 (rows 2001-3000)
  Calculated 1000 temperatures. Range: -0.19 to 57.88
Processing batch 4/12 (rows 3001-4000)
  Calculated 1000 temperatures. Range: 7.35 to 53.32
Processing batch 5/12 (rows 4001-5000)
  Calculated 1000 temperatures. Range: -0.51 to 53.62
Processing batch 6/12 (rows 5001-6000)
  Calculated 1000 temperatures. Range: 6.23 to 49.30
Processing batch 7/12 (rows 6001-7000)
  Calculated 1000 temperatures. Range: -0.12 to 38.60
Processing batch 8/12 (rows 7001-8000)
  Calculated 1000 temperatures. Range: 5.42 to 22.31
Processing batch 9/12 (rows 8001-9000)
  Calculated 1000 temperatures. Range: 1.15 to 23.09
Processing batch 10/12 (rows 9001-10000)
  Calculated 1000 temperatures. Range: 2.51 to 28.56
Processing batch 11/12 (rows 10001-11000)
  Calculated 1000 temperatures. Range: 6.36 to 26.02
Processing batch 12/12 (rows 11001-11035)
  Calculated 35 temperatures. Range: 8.61 to 23.81
Total observations: 11035, Unique timestamps: 2207
MR parameters: mass=0.29, elev=2591.0, b0=16.50, b1=0.85, b2=-0.47, b3=0.000108
Sample tb=308.31 K, log(mass)=-1.2379, 1/(kT)=37.627775, exponent=-1.9574, rmr=0.141222
Sample tb=297.60 K, log(mass)=-1.2379, 1/(kT)=38.981076, exponent=-2.5935, rmr=0.074760
Sample tb=308.84 K, log(mass)=-1.2379, 1/(kT)=37.562643, exponent=-1.9268, rmr=0.145612
Sample tb=281.24 K, log(mass)=-1.2379, 1/(kT)=41.249042, exponent=-3.6594, rmr=0.025748
Sample tb=282.42 K, log(mass)=-1.2379, 1/(kT)=41.077455, exponent=-3.5788, rmr=0.027910
MR results: 0 NA, 0 infinite, 0 negative, 0 zero
Energy calculations: 8151 non-zero gains, 11035 non-zero losses out of 11035 observations
Saved results to output/results/B1/1954/M/eb_results_MS_1954_B1_A1.rds

Processing: Species=MS, Year=1955, Origin=B1, Climate=A1, Sex=M
Looking for climate data at: /mmfs1/gscratch/biology/jmsmith/targeted_microclimate/A1/simplified_A1_1955.rds
Directory /mmfs1/gscratch/biology/jmsmith/targeted_microclimate/A1 exists. Contents:
simplified_A1_1945.rds
simplified_A1_1946.rds
simplified_A1_1947.rds
simplified_A1_1948.rds
simplified_A1_1949.rds
simplified_A1_1950.rds
simplified_A1_1951.rds
simplified_A1_1952.rds
simplified_A1_1953.rds
simplified_A1_1954.rds
simplified_A1_1955.rds
simplified_A1_1956.rds
simplified_A1_1957.rds
simplified_A1_1958.rds
simplified_A1_1959.rds
simplified_A1_1960.rds
simplified_A1_1961.rds
simplified_A1_1962.rds
simplified_A1_1963.rds
simplified_A1_1964.rds
simplified_A1_2005.rds
simplified_A1_2006.rds
simplified_A1_2007.rds
simplified_A1_2008.rds
simplified_A1_2009.rds
simplified_A1_2010.rds
simplified_A1_2011.rds
simplified_A1_2012.rds
simplified_A1_2013.rds
simplified_A1_2014.rds
simplified_A1_2015.rds
simplified_A1_2016.rds
simplified_A1_2017.rds
simplified_A1_2018.rds
simplified_A1_2019.rds
simplified_A1_2020.rds
simplified_A1_2021.rds
simplified_A1_2022.rds
simplified_A1_2023.rds
simplified_A1_2024.rds
Processing batch 1/12 (rows 1-1000)
  Calculated 1000 temperatures. Range: 0.62 to 60.00
Processing batch 2/12 (rows 1001-2000)
  Calculated 1000 temperatures. Range: 4.46 to 53.81
Processing batch 3/12 (rows 2001-3000)
  Calculated 1000 temperatures. Range: 2.31 to 50.99
Processing batch 4/12 (rows 3001-4000)
  Calculated 1000 temperatures. Range: 7.27 to 54.10
Processing batch 5/12 (rows 4001-5000)
  Calculated 1000 temperatures. Range: 1.94 to 43.11
Processing batch 6/12 (rows 5001-6000)
  Calculated 1000 temperatures. Range: 3.93 to 51.16
Processing batch 7/12 (rows 6001-7000)
  Calculated 1000 temperatures. Range: 1.50 to 42.12
Processing batch 8/12 (rows 7001-8000)
  Calculated 1000 temperatures. Range: 3.41 to 20.42
Processing batch 9/12 (rows 8001-9000)
  Calculated 1000 temperatures. Range: 2.75 to 21.84
Processing batch 10/12 (rows 9001-10000)
  Calculated 1000 temperatures. Range: 3.36 to 26.57
Processing batch 11/12 (rows 10001-11000)
  Calculated 1000 temperatures. Range: 6.07 to 24.73
Processing batch 12/12 (rows 11001-11035)
  Calculated 35 temperatures. Range: 6.32 to 22.21
Total observations: 11035, Unique timestamps: 2207
MR parameters: mass=0.29, elev=2591.0, b0=16.50, b1=0.85, b2=-0.47, b3=0.000108
Sample tb=304.12 K, log(mass)=-1.2379, 1/(kT)=38.146166, exponent=-2.2011, rmr=0.110685
Sample tb=285.37 K, log(mass)=-1.2379, 1/(kT)=40.652900, exponent=-3.3792, rmr=0.034074
Sample tb=286.49 K, log(mass)=-1.2379, 1/(kT)=40.493223, exponent=-3.3042, rmr=0.036729
Sample tb=279.78 K, log(mass)=-1.2379, 1/(kT)=41.464464, exponent=-3.7607, rmr=0.023268
Sample tb=281.20 K, log(mass)=-1.2379, 1/(kT)=41.255394, exponent=-3.6624, rmr=0.025671
MR results: 0 NA, 0 infinite, 0 negative, 0 zero
Energy calculations: 7683 non-zero gains, 11035 non-zero losses out of 11035 observations
Saved results to output/results/B1/1955/M/eb_results_MS_1955_B1_A1.rds

Processing: Species=MS, Year=1956, Origin=B1, Climate=A1, Sex=M
Looking for climate data at: /mmfs1/gscratch/biology/jmsmith/targeted_microclimate/A1/simplified_A1_1956.rds
Directory /mmfs1/gscratch/biology/jmsmith/targeted_microclimate/A1 exists. Contents:
simplified_A1_1945.rds
simplified_A1_1946.rds
simplified_A1_1947.rds
simplified_A1_1948.rds
simplified_A1_1949.rds
simplified_A1_1950.rds
simplified_A1_1951.rds
simplified_A1_1952.rds
simplified_A1_1953.rds
simplified_A1_1954.rds
simplified_A1_1955.rds
simplified_A1_1956.rds
simplified_A1_1957.rds
simplified_A1_1958.rds
simplified_A1_1959.rds
simplified_A1_1960.rds
simplified_A1_1961.rds
simplified_A1_1962.rds
simplified_A1_1963.rds
simplified_A1_1964.rds
simplified_A1_2005.rds
simplified_A1_2006.rds
simplified_A1_2007.rds
simplified_A1_2008.rds
simplified_A1_2009.rds
simplified_A1_2010.rds
simplified_A1_2011.rds
simplified_A1_2012.rds
simplified_A1_2013.rds
simplified_A1_2014.rds
simplified_A1_2015.rds
simplified_A1_2016.rds
simplified_A1_2017.rds
simplified_A1_2018.rds
simplified_A1_2019.rds
simplified_A1_2020.rds
simplified_A1_2021.rds
simplified_A1_2022.rds
simplified_A1_2023.rds
simplified_A1_2024.rds
Processing batch 1/12 (rows 1-1000)
  Calculated 1000 temperatures. Range: 2.48 to 60.00
Processing batch 2/12 (rows 1001-2000)
  Calculated 1000 temperatures. Range: 4.55 to 46.46
Processing batch 3/12 (rows 2001-3000)
  Calculated 1000 temperatures. Range: -0.56 to 50.54
Processing batch 4/12 (rows 3001-4000)
  Calculated 1000 temperatures. Range: 7.05 to 40.57
Processing batch 5/12 (rows 4001-5000)
  Calculated 1000 temperatures. Range: 1.36 to 43.00
Processing batch 6/12 (rows 5001-6000)
  Calculated 1000 temperatures. Range: 6.53 to 39.26
Processing batch 7/12 (rows 6001-7000)
  Calculated 1000 temperatures. Range: 1.08 to 37.57
Processing batch 8/12 (rows 7001-8000)
  Calculated 1000 temperatures. Range: 4.12 to 20.22
Processing batch 9/12 (rows 8001-9000)
  Calculated 1000 temperatures. Range: 1.37 to 22.22
Processing batch 10/12 (rows 9001-10000)
  Calculated 1000 temperatures. Range: 6.51 to 26.01
Processing batch 11/12 (rows 10001-11000)
  Calculated 1000 temperatures. Range: 6.69 to 23.79
Processing batch 12/12 (rows 11001-11035)
  Calculated 35 temperatures. Range: 2.45 to 19.57
Total observations: 11035, Unique timestamps: 2207
MR parameters: mass=0.29, elev=2591.0, b0=16.50, b1=0.85, b2=-0.47, b3=0.000108
Sample tb=284.06 K, log(mass)=-1.2379, 1/(kT)=40.839743, exponent=-3.4670, rmr=0.031209
Sample tb=281.93 K, log(mass)=-1.2379, 1/(kT)=41.148965, exponent=-3.6124, rmr=0.026988
Sample tb=287.66 K, log(mass)=-1.2379, 1/(kT)=40.329297, exponent=-3.2271, rmr=0.039671
Sample tb=279.71 K, log(mass)=-1.2379, 1/(kT)=41.475492, exponent=-3.7658, rmr=0.023148
Sample tb=278.66 K, log(mass)=-1.2379, 1/(kT)=41.631109, exponent=-3.8390, rmr=0.021515
MR results: 0 NA, 0 infinite, 0 negative, 0 zero
Energy calculations: 7486 non-zero gains, 11035 non-zero losses out of 11035 observations
Saved results to output/results/B1/1956/M/eb_results_MS_1956_B1_A1.rds

Processing: Species=MS, Year=1957, Origin=B1, Climate=A1, Sex=M
Looking for climate data at: /mmfs1/gscratch/biology/jmsmith/targeted_microclimate/A1/simplified_A1_1957.rds
Directory /mmfs1/gscratch/biology/jmsmith/targeted_microclimate/A1 exists. Contents:
simplified_A1_1945.rds
simplified_A1_1946.rds
simplified_A1_1947.rds
simplified_A1_1948.rds
simplified_A1_1949.rds
simplified_A1_1950.rds
simplified_A1_1951.rds
simplified_A1_1952.rds
simplified_A1_1953.rds
simplified_A1_1954.rds
simplified_A1_1955.rds
simplified_A1_1956.rds
simplified_A1_1957.rds
simplified_A1_1958.rds
simplified_A1_1959.rds
simplified_A1_1960.rds
simplified_A1_1961.rds
simplified_A1_1962.rds
simplified_A1_1963.rds
simplified_A1_1964.rds
simplified_A1_2005.rds
simplified_A1_2006.rds
simplified_A1_2007.rds
simplified_A1_2008.rds
simplified_A1_2009.rds
simplified_A1_2010.rds
simplified_A1_2011.rds
simplified_A1_2012.rds
simplified_A1_2013.rds
simplified_A1_2014.rds
simplified_A1_2015.rds
simplified_A1_2016.rds
simplified_A1_2017.rds
simplified_A1_2018.rds
simplified_A1_2019.rds
simplified_A1_2020.rds
simplified_A1_2021.rds
simplified_A1_2022.rds
simplified_A1_2023.rds
simplified_A1_2024.rds
Processing batch 1/12 (rows 1-1000)
  Calculated 1000 temperatures. Range: 0.83 to 60.00
Processing batch 2/12 (rows 1001-2000)
  Calculated 1000 temperatures. Range: 6.23 to 48.31
Processing batch 3/12 (rows 2001-3000)
  Calculated 1000 temperatures. Range: 2.78 to 46.61
Processing batch 4/12 (rows 3001-4000)
  Calculated 1000 temperatures. Range: 6.68 to 53.78
Processing batch 5/12 (rows 4001-5000)
  Calculated 1000 temperatures. Range: 2.26 to 37.80
Processing batch 6/12 (rows 5001-6000)
  Calculated 1000 temperatures. Range: 5.83 to 53.79
Processing batch 7/12 (rows 6001-7000)
  Calculated 1000 temperatures. Range: 2.44 to 36.79
Processing batch 8/12 (rows 7001-8000)
  Calculated 1000 temperatures. Range: 1.75 to 20.41
Processing batch 9/12 (rows 8001-9000)
  Calculated 1000 temperatures. Range: 4.82 to 21.75
Processing batch 10/12 (rows 9001-10000)
  Calculated 1000 temperatures. Range: 3.20 to 25.68
Processing batch 11/12 (rows 10001-11000)
  Calculated 1000 temperatures. Range: 7.04 to 24.15
Processing batch 12/12 (rows 11001-11035)
  Calculated 35 temperatures. Range: 8.13 to 17.67
Total observations: 11035, Unique timestamps: 2207
MR parameters: mass=0.29, elev=2591.0, b0=16.50, b1=0.85, b2=-0.47, b3=0.000108
Sample tb=288.40 K, log(mass)=-1.2379, 1/(kT)=40.225606, exponent=-3.1784, rmr=0.041652
Sample tb=289.66 K, log(mass)=-1.2379, 1/(kT)=40.050418, exponent=-3.0961, rmr=0.045227
Sample tb=285.01 K, log(mass)=-1.2379, 1/(kT)=40.703915, exponent=-3.4032, rmr=0.033266
Sample tb=282.70 K, log(mass)=-1.2379, 1/(kT)=41.036798, exponent=-3.5597, rmr=0.028448
Sample tb=306.77 K, log(mass)=-1.2379, 1/(kT)=37.815968, exponent=-2.0459, rmr=0.129268
MR results: 0 NA, 0 infinite, 0 negative, 0 zero
Energy calculations: 7848 non-zero gains, 11035 non-zero losses out of 11035 observations
Saved results to output/results/B1/1957/M/eb_results_MS_1957_B1_A1.rds

Processing: Species=MS, Year=1958, Origin=B1, Climate=A1, Sex=M
Looking for climate data at: /mmfs1/gscratch/biology/jmsmith/targeted_microclimate/A1/simplified_A1_1958.rds
Directory /mmfs1/gscratch/biology/jmsmith/targeted_microclimate/A1 exists. Contents:
simplified_A1_1945.rds
simplified_A1_1946.rds
simplified_A1_1947.rds
simplified_A1_1948.rds
simplified_A1_1949.rds
simplified_A1_1950.rds
simplified_A1_1951.rds
simplified_A1_1952.rds
simplified_A1_1953.rds
simplified_A1_1954.rds
simplified_A1_1955.rds
simplified_A1_1956.rds
simplified_A1_1957.rds
simplified_A1_1958.rds
simplified_A1_1959.rds
simplified_A1_1960.rds
simplified_A1_1961.rds
simplified_A1_1962.rds
simplified_A1_1963.rds
simplified_A1_1964.rds
simplified_A1_2005.rds
simplified_A1_2006.rds
simplified_A1_2007.rds
simplified_A1_2008.rds
simplified_A1_2009.rds
simplified_A1_2010.rds
simplified_A1_2011.rds
simplified_A1_2012.rds
simplified_A1_2013.rds
simplified_A1_2014.rds
simplified_A1_2015.rds
simplified_A1_2016.rds
simplified_A1_2017.rds
simplified_A1_2018.rds
simplified_A1_2019.rds
simplified_A1_2020.rds
simplified_A1_2021.rds
simplified_A1_2022.rds
simplified_A1_2023.rds
simplified_A1_2024.rds
Processing batch 1/12 (rows 1-1000)
  Calculated 1000 temperatures. Range: 2.27 to 50.41
Processing batch 2/12 (rows 1001-2000)
  Calculated 1000 temperatures. Range: 4.89 to 57.51
Processing batch 3/12 (rows 2001-3000)
  Calculated 1000 temperatures. Range: 3.29 to 42.84
Processing batch 4/12 (rows 3001-4000)
  Calculated 1000 temperatures. Range: 6.84 to 45.59
Processing batch 5/12 (rows 4001-5000)
  Calculated 1000 temperatures. Range: 3.95 to 37.69
Processing batch 6/12 (rows 5001-6000)
  Calculated 1000 temperatures. Range: 4.77 to 41.12
Processing batch 7/12 (rows 6001-7000)
  Calculated 1000 temperatures. Range: 3.18 to 41.35
Processing batch 8/12 (rows 7001-8000)
  Calculated 1000 temperatures. Range: 4.04 to 20.41
Processing batch 9/12 (rows 8001-9000)
  Calculated 1000 temperatures. Range: 4.42 to 24.37
Processing batch 10/12 (rows 9001-10000)
  Calculated 1000 temperatures. Range: 5.13 to 25.43
Processing batch 11/12 (rows 10001-11000)
  Calculated 1000 temperatures. Range: 6.99 to 25.17
Processing batch 12/12 (rows 11001-11035)
  Calculated 35 temperatures. Range: 6.18 to 20.96
Total observations: 11035, Unique timestamps: 2207
MR parameters: mass=0.29, elev=2591.0, b0=16.50, b1=0.85, b2=-0.47, b3=0.000108
Sample tb=300.97 K, log(mass)=-1.2379, 1/(kT)=38.544801, exponent=-2.3884, rmr=0.091774
Sample tb=301.28 K, log(mass)=-1.2379, 1/(kT)=38.505242, exponent=-2.3698, rmr=0.093497
Sample tb=290.33 K, log(mass)=-1.2379, 1/(kT)=39.958385, exponent=-3.0528, rmr=0.047226
Sample tb=280.16 K, log(mass)=-1.2379, 1/(kT)=41.407714, exponent=-3.7340, rmr=0.023897
Sample tb=307.54 K, log(mass)=-1.2379, 1/(kT)=37.721148, exponent=-2.0013, rmr=0.135159
MR results: 0 NA, 0 infinite, 0 negative, 0 zero
Energy calculations: 7434 non-zero gains, 11035 non-zero losses out of 11035 observations
Saved results to output/results/B1/1958/M/eb_results_MS_1958_B1_A1.rds

Processing: Species=MS, Year=1959, Origin=B1, Climate=A1, Sex=M
Looking for climate data at: /mmfs1/gscratch/biology/jmsmith/targeted_microclimate/A1/simplified_A1_1959.rds
Directory /mmfs1/gscratch/biology/jmsmith/targeted_microclimate/A1 exists. Contents:
simplified_A1_1945.rds
simplified_A1_1946.rds
simplified_A1_1947.rds
simplified_A1_1948.rds
simplified_A1_1949.rds
simplified_A1_1950.rds
simplified_A1_1951.rds
simplified_A1_1952.rds
simplified_A1_1953.rds
simplified_A1_1954.rds
simplified_A1_1955.rds
simplified_A1_1956.rds
simplified_A1_1957.rds
simplified_A1_1958.rds
simplified_A1_1959.rds
simplified_A1_1960.rds
simplified_A1_1961.rds
simplified_A1_1962.rds
simplified_A1_1963.rds
simplified_A1_1964.rds
simplified_A1_2005.rds
simplified_A1_2006.rds
simplified_A1_2007.rds
simplified_A1_2008.rds
simplified_A1_2009.rds
simplified_A1_2010.rds
simplified_A1_2011.rds
simplified_A1_2012.rds
simplified_A1_2013.rds
simplified_A1_2014.rds
simplified_A1_2015.rds
simplified_A1_2016.rds
simplified_A1_2017.rds
simplified_A1_2018.rds
simplified_A1_2019.rds
simplified_A1_2020.rds
simplified_A1_2021.rds
simplified_A1_2022.rds
simplified_A1_2023.rds
simplified_A1_2024.rds
Processing batch 1/12 (rows 1-1000)
  Calculated 1000 temperatures. Range: 0.62 to 49.08
Processing batch 2/12 (rows 1001-2000)
  Calculated 1000 temperatures. Range: 5.65 to 54.49
Processing batch 3/12 (rows 2001-3000)
  Calculated 1000 temperatures. Range: 2.14 to 44.62
Processing batch 4/12 (rows 3001-4000)
  Calculated 1000 temperatures. Range: 6.00 to 46.09
Processing batch 5/12 (rows 4001-5000)
  Calculated 1000 temperatures. Range: 1.87 to 40.60
Processing batch 6/12 (rows 5001-6000)
  Calculated 1000 temperatures. Range: 5.07 to 45.61
Processing batch 7/12 (rows 6001-7000)
  Calculated 1000 temperatures. Range: 2.04 to 44.60
Processing batch 8/12 (rows 7001-8000)
  Calculated 1000 temperatures. Range: 4.55 to 20.54
Processing batch 9/12 (rows 8001-9000)
  Calculated 1000 temperatures. Range: 2.95 to 23.55
Processing batch 10/12 (rows 9001-10000)
  Calculated 1000 temperatures. Range: 5.73 to 24.01
Processing batch 11/12 (rows 10001-11000)
  Calculated 1000 temperatures. Range: 7.65 to 24.87
Processing batch 12/12 (rows 11001-11035)
  Calculated 35 temperatures. Range: 7.81 to 22.26
Total observations: 11035, Unique timestamps: 2207
MR parameters: mass=0.29, elev=2591.0, b0=16.50, b1=0.85, b2=-0.47, b3=0.000108
Sample tb=285.22 K, log(mass)=-1.2379, 1/(kT)=40.673764, exponent=-3.3890, rmr=0.033741
Sample tb=276.27 K, log(mass)=-1.2379, 1/(kT)=41.991372, exponent=-4.0083, rmr=0.018164
Sample tb=285.05 K, log(mass)=-1.2379, 1/(kT)=40.698250, exponent=-3.4005, rmr=0.033355
Sample tb=303.15 K, log(mass)=-1.2379, 1/(kT)=38.267522, exponent=-2.2581, rmr=0.104549
Sample tb=293.52 K, log(mass)=-1.2379, 1/(kT)=39.523183, exponent=-2.8483, rmr=0.057945
MR results: 0 NA, 0 infinite, 0 negative, 0 zero
Energy calculations: 7992 non-zero gains, 11035 non-zero losses out of 11035 observations
Saved results to output/results/B1/1959/M/eb_results_MS_1959_B1_A1.rds

Processing: Species=MS, Year=1960, Origin=B1, Climate=A1, Sex=M
Looking for climate data at: /mmfs1/gscratch/biology/jmsmith/targeted_microclimate/A1/simplified_A1_1960.rds
Directory /mmfs1/gscratch/biology/jmsmith/targeted_microclimate/A1 exists. Contents:
simplified_A1_1945.rds
simplified_A1_1946.rds
simplified_A1_1947.rds
simplified_A1_1948.rds
simplified_A1_1949.rds
simplified_A1_1950.rds
simplified_A1_1951.rds
simplified_A1_1952.rds
simplified_A1_1953.rds
simplified_A1_1954.rds
simplified_A1_1955.rds
simplified_A1_1956.rds
simplified_A1_1957.rds
simplified_A1_1958.rds
simplified_A1_1959.rds
simplified_A1_1960.rds
simplified_A1_1961.rds
simplified_A1_1962.rds
simplified_A1_1963.rds
simplified_A1_1964.rds
simplified_A1_2005.rds
simplified_A1_2006.rds
simplified_A1_2007.rds
simplified_A1_2008.rds
simplified_A1_2009.rds
simplified_A1_2010.rds
simplified_A1_2011.rds
simplified_A1_2012.rds
simplified_A1_2013.rds
simplified_A1_2014.rds
simplified_A1_2015.rds
simplified_A1_2016.rds
simplified_A1_2017.rds
simplified_A1_2018.rds
simplified_A1_2019.rds
simplified_A1_2020.rds
simplified_A1_2021.rds
simplified_A1_2022.rds
simplified_A1_2023.rds
simplified_A1_2024.rds
Processing batch 1/12 (rows 1-1000)
  Calculated 1000 temperatures. Range: 2.43 to 58.46
Processing batch 2/12 (rows 1001-2000)
  Calculated 1000 temperatures. Range: 1.12 to 50.71
Processing batch 3/12 (rows 2001-3000)
  Calculated 1000 temperatures. Range: 2.22 to 54.67
Processing batch 4/12 (rows 3001-4000)
  Calculated 1000 temperatures. Range: 6.65 to 43.01
Processing batch 5/12 (rows 4001-5000)
  Calculated 1000 temperatures. Range: 3.72 to 44.60
Processing batch 6/12 (rows 5001-6000)
  Calculated 1000 temperatures. Range: 5.62 to 42.28
Processing batch 7/12 (rows 6001-7000)
  Calculated 1000 temperatures. Range: 2.98 to 39.06
Processing batch 8/12 (rows 7001-8000)
  Calculated 1000 temperatures. Range: 3.47 to 21.26
Processing batch 9/12 (rows 8001-9000)
  Calculated 1000 temperatures. Range: 2.31 to 22.53
Processing batch 10/12 (rows 9001-10000)
  Calculated 1000 temperatures. Range: 5.04 to 26.07
Processing batch 11/12 (rows 10001-11000)
  Calculated 1000 temperatures. Range: 4.28 to 26.42
Processing batch 12/12 (rows 11001-11035)
  Calculated 35 temperatures. Range: 7.70 to 25.14
Total observations: 11035, Unique timestamps: 2207
MR parameters: mass=0.29, elev=2591.0, b0=16.50, b1=0.85, b2=-0.47, b3=0.000108
Sample tb=296.29 K, log(mass)=-1.2379, 1/(kT)=39.154057, exponent=-2.6748, rmr=0.068923
Sample tb=287.72 K, log(mass)=-1.2379, 1/(kT)=40.320858, exponent=-3.2232, rmr=0.039829
Sample tb=286.88 K, log(mass)=-1.2379, 1/(kT)=40.438719, exponent=-3.2786, rmr=0.037682
Sample tb=292.62 K, log(mass)=-1.2379, 1/(kT)=39.644834, exponent=-2.9054, rmr=0.054725
Sample tb=284.97 K, log(mass)=-1.2379, 1/(kT)=40.709862, exponent=-3.4060, rmr=0.033174
MR results: 0 NA, 0 infinite, 0 negative, 0 zero
Energy calculations: 7524 non-zero gains, 11035 non-zero losses out of 11035 observations
Saved results to output/results/B1/1960/M/eb_results_MS_1960_B1_A1.rds

Processing: Species=MS, Year=1961, Origin=B1, Climate=A1, Sex=M
Looking for climate data at: /mmfs1/gscratch/biology/jmsmith/targeted_microclimate/A1/simplified_A1_1961.rds
Directory /mmfs1/gscratch/biology/jmsmith/targeted_microclimate/A1 exists. Contents:
simplified_A1_1945.rds
simplified_A1_1946.rds
simplified_A1_1947.rds
simplified_A1_1948.rds
simplified_A1_1949.rds
simplified_A1_1950.rds
simplified_A1_1951.rds
simplified_A1_1952.rds
simplified_A1_1953.rds
simplified_A1_1954.rds
simplified_A1_1955.rds
simplified_A1_1956.rds
simplified_A1_1957.rds
simplified_A1_1958.rds
simplified_A1_1959.rds
simplified_A1_1960.rds
simplified_A1_1961.rds
simplified_A1_1962.rds
simplified_A1_1963.rds
simplified_A1_1964.rds
simplified_A1_2005.rds
simplified_A1_2006.rds
simplified_A1_2007.rds
simplified_A1_2008.rds
simplified_A1_2009.rds
simplified_A1_2010.rds
simplified_A1_2011.rds
simplified_A1_2012.rds
simplified_A1_2013.rds
simplified_A1_2014.rds
simplified_A1_2015.rds
simplified_A1_2016.rds
simplified_A1_2017.rds
simplified_A1_2018.rds
simplified_A1_2019.rds
simplified_A1_2020.rds
simplified_A1_2021.rds
simplified_A1_2022.rds
simplified_A1_2023.rds
simplified_A1_2024.rds
Processing batch 1/12 (rows 1-1000)
  Calculated 1000 temperatures. Range: 0.59 to 48.07
Processing batch 2/12 (rows 1001-2000)
  Calculated 1000 temperatures. Range: 3.67 to 50.84
Processing batch 3/12 (rows 2001-3000)
  Calculated 1000 temperatures. Range: 2.27 to 44.85
Processing batch 4/12 (rows 3001-4000)
  Calculated 1000 temperatures. Range: 4.88 to 41.63
Processing batch 5/12 (rows 4001-5000)
  Calculated 1000 temperatures. Range: 1.98 to 39.02
Processing batch 6/12 (rows 5001-6000)
  Calculated 1000 temperatures. Range: 4.60 to 40.21
Processing batch 7/12 (rows 6001-7000)
  Calculated 1000 temperatures. Range: 1.78 to 41.50
Processing batch 8/12 (rows 7001-8000)
  Calculated 1000 temperatures. Range: 3.78 to 20.12
Processing batch 9/12 (rows 8001-9000)
  Calculated 1000 temperatures. Range: 2.85 to 20.18
Processing batch 10/12 (rows 9001-10000)
  Calculated 1000 temperatures. Range: 5.32 to 24.75
Processing batch 11/12 (rows 10001-11000)
  Calculated 1000 temperatures. Range: 4.97 to 24.47
Processing batch 12/12 (rows 11001-11035)
  Calculated 35 temperatures. Range: 9.22 to 19.07
Total observations: 11035, Unique timestamps: 2207
MR parameters: mass=0.29, elev=2591.0, b0=16.50, b1=0.85, b2=-0.47, b3=0.000108
Sample tb=283.71 K, log(mass)=-1.2379, 1/(kT)=40.889870, exponent=-3.4906, rmr=0.030482
Sample tb=281.95 K, log(mass)=-1.2379, 1/(kT)=41.145140, exponent=-3.6106, rmr=0.027036
Sample tb=291.56 K, log(mass)=-1.2379, 1/(kT)=39.789447, exponent=-2.9734, rmr=0.051129
Sample tb=306.72 K, log(mass)=-1.2379, 1/(kT)=37.822898, exponent=-2.0491, rmr=0.128847
Sample tb=289.38 K, log(mass)=-1.2379, 1/(kT)=40.088344, exponent=-3.1139, rmr=0.044428
MR results: 0 NA, 0 infinite, 0 negative, 0 zero
Energy calculations: 7697 non-zero gains, 11035 non-zero losses out of 11035 observations
Saved results to output/results/B1/1961/M/eb_results_MS_1961_B1_A1.rds

Processing: Species=MS, Year=1962, Origin=B1, Climate=A1, Sex=M
Looking for climate data at: /mmfs1/gscratch/biology/jmsmith/targeted_microclimate/A1/simplified_A1_1962.rds
Directory /mmfs1/gscratch/biology/jmsmith/targeted_microclimate/A1 exists. Contents:
simplified_A1_1945.rds
simplified_A1_1946.rds
simplified_A1_1947.rds
simplified_A1_1948.rds
simplified_A1_1949.rds
simplified_A1_1950.rds
simplified_A1_1951.rds
simplified_A1_1952.rds
simplified_A1_1953.rds
simplified_A1_1954.rds
simplified_A1_1955.rds
simplified_A1_1956.rds
simplified_A1_1957.rds
simplified_A1_1958.rds
simplified_A1_1959.rds
simplified_A1_1960.rds
simplified_A1_1961.rds
simplified_A1_1962.rds
simplified_A1_1963.rds
simplified_A1_1964.rds
simplified_A1_2005.rds
simplified_A1_2006.rds
simplified_A1_2007.rds
simplified_A1_2008.rds
simplified_A1_2009.rds
simplified_A1_2010.rds
simplified_A1_2011.rds
simplified_A1_2012.rds
simplified_A1_2013.rds
simplified_A1_2014.rds
simplified_A1_2015.rds
simplified_A1_2016.rds
simplified_A1_2017.rds
simplified_A1_2018.rds
simplified_A1_2019.rds
simplified_A1_2020.rds
simplified_A1_2021.rds
simplified_A1_2022.rds
simplified_A1_2023.rds
simplified_A1_2024.rds
Processing batch 1/12 (rows 1-1000)
  Calculated 1000 temperatures. Range: 0.31 to 57.13
Processing batch 2/12 (rows 1001-2000)
  Calculated 1000 temperatures. Range: 4.22 to 60.00
Processing batch 3/12 (rows 2001-3000)
  Calculated 1000 temperatures. Range: 1.78 to 57.48
Processing batch 4/12 (rows 3001-4000)
  Calculated 1000 temperatures. Range: 6.47 to 49.94
Processing batch 5/12 (rows 4001-5000)
  Calculated 1000 temperatures. Range: 1.72 to 45.42
Processing batch 6/12 (rows 5001-6000)
  Calculated 1000 temperatures. Range: 6.15 to 47.21
Processing batch 7/12 (rows 6001-7000)
  Calculated 1000 temperatures. Range: 1.49 to 40.33
Processing batch 8/12 (rows 7001-8000)
  Calculated 1000 temperatures. Range: 2.21 to 19.96
Processing batch 9/12 (rows 8001-9000)
  Calculated 1000 temperatures. Range: 2.84 to 21.14
Processing batch 10/12 (rows 9001-10000)
  Calculated 1000 temperatures. Range: 2.31 to 23.88
Processing batch 11/12 (rows 10001-11000)
  Calculated 1000 temperatures. Range: 5.41 to 26.46
Processing batch 12/12 (rows 11001-11035)
  Calculated 35 temperatures. Range: 4.82 to 16.77
Total observations: 11035, Unique timestamps: 2207
MR parameters: mass=0.29, elev=2591.0, b0=16.50, b1=0.85, b2=-0.47, b3=0.000108
Sample tb=281.14 K, log(mass)=-1.2379, 1/(kT)=41.263703, exponent=-3.6663, rmr=0.025571
Sample tb=299.46 K, log(mass)=-1.2379, 1/(kT)=38.739777, exponent=-2.4801, rmr=0.083738
Sample tb=279.35 K, log(mass)=-1.2379, 1/(kT)=41.528569, exponent=-3.7908, rmr=0.022578
Sample tb=295.14 K, log(mass)=-1.2379, 1/(kT)=39.306912, exponent=-2.7466, rmr=0.064145
Sample tb=285.33 K, log(mass)=-1.2379, 1/(kT)=40.658117, exponent=-3.3817, rmr=0.033990
MR results: 0 NA, 0 infinite, 0 negative, 0 zero
Energy calculations: 7142 non-zero gains, 11035 non-zero losses out of 11035 observations
Saved results to output/results/B1/1962/M/eb_results_MS_1962_B1_A1.rds

Processing: Species=MS, Year=1963, Origin=B1, Climate=A1, Sex=M
Looking for climate data at: /mmfs1/gscratch/biology/jmsmith/targeted_microclimate/A1/simplified_A1_1963.rds
Directory /mmfs1/gscratch/biology/jmsmith/targeted_microclimate/A1 exists. Contents:
simplified_A1_1945.rds
simplified_A1_1946.rds
simplified_A1_1947.rds
simplified_A1_1948.rds
simplified_A1_1949.rds
simplified_A1_1950.rds
simplified_A1_1951.rds
simplified_A1_1952.rds
simplified_A1_1953.rds
simplified_A1_1954.rds
simplified_A1_1955.rds
simplified_A1_1956.rds
simplified_A1_1957.rds
simplified_A1_1958.rds
simplified_A1_1959.rds
simplified_A1_1960.rds
simplified_A1_1961.rds
simplified_A1_1962.rds
simplified_A1_1963.rds
simplified_A1_1964.rds
simplified_A1_2005.rds
simplified_A1_2006.rds
simplified_A1_2007.rds
simplified_A1_2008.rds
simplified_A1_2009.rds
simplified_A1_2010.rds
simplified_A1_2011.rds
simplified_A1_2012.rds
simplified_A1_2013.rds
simplified_A1_2014.rds
simplified_A1_2015.rds
simplified_A1_2016.rds
simplified_A1_2017.rds
simplified_A1_2018.rds
simplified_A1_2019.rds
simplified_A1_2020.rds
simplified_A1_2021.rds
simplified_A1_2022.rds
simplified_A1_2023.rds
simplified_A1_2024.rds
Processing batch 1/12 (rows 1-1000)
  Calculated 1000 temperatures. Range: 2.31 to 60.00
Processing batch 2/12 (rows 1001-2000)
  Calculated 1000 temperatures. Range: 5.78 to 50.82
Processing batch 3/12 (rows 2001-3000)
  Calculated 1000 temperatures. Range: 3.85 to 50.13
Processing batch 4/12 (rows 3001-4000)
  Calculated 1000 temperatures. Range: 7.15 to 42.56
Processing batch 5/12 (rows 4001-5000)
  Calculated 1000 temperatures. Range: 3.63 to 39.06
Processing batch 6/12 (rows 5001-6000)
  Calculated 1000 temperatures. Range: 6.41 to 48.86
Processing batch 7/12 (rows 6001-7000)
  Calculated 1000 temperatures. Range: 3.34 to 37.80
Processing batch 8/12 (rows 7001-8000)
  Calculated 1000 temperatures. Range: 4.34 to 21.25
Processing batch 9/12 (rows 8001-9000)
  Calculated 1000 temperatures. Range: 4.45 to 21.52
Processing batch 10/12 (rows 9001-10000)
  Calculated 1000 temperatures. Range: 5.04 to 26.29
Processing batch 11/12 (rows 10001-11000)
  Calculated 1000 temperatures. Range: 7.52 to 25.87
Processing batch 12/12 (rows 11001-11035)
  Calculated 35 temperatures. Range: 8.92 to 19.00
Total observations: 11035, Unique timestamps: 2207
MR parameters: mass=0.29, elev=2591.0, b0=16.50, b1=0.85, b2=-0.47, b3=0.000108
Sample tb=295.85 K, log(mass)=-1.2379, 1/(kT)=39.211944, exponent=-2.7020, rmr=0.067073
Sample tb=281.60 K, log(mass)=-1.2379, 1/(kT)=41.195903, exponent=-3.6344, rmr=0.026399
Sample tb=285.77 K, log(mass)=-1.2379, 1/(kT)=40.595683, exponent=-3.3523, rmr=0.035002
Sample tb=291.17 K, log(mass)=-1.2379, 1/(kT)=39.841834, exponent=-2.9980, rmr=0.049885
Sample tb=302.26 K, log(mass)=-1.2379, 1/(kT)=38.381128, exponent=-2.3115, rmr=0.099113
MR results: 0 NA, 0 infinite, 0 negative, 0 zero
Energy calculations: 8226 non-zero gains, 11035 non-zero losses out of 11035 observations
Saved results to output/results/B1/1963/M/eb_results_MS_1963_B1_A1.rds

Processing: Species=MS, Year=1964, Origin=B1, Climate=A1, Sex=M
Looking for climate data at: /mmfs1/gscratch/biology/jmsmith/targeted_microclimate/A1/simplified_A1_1964.rds
Directory /mmfs1/gscratch/biology/jmsmith/targeted_microclimate/A1 exists. Contents:
simplified_A1_1945.rds
simplified_A1_1946.rds
simplified_A1_1947.rds
simplified_A1_1948.rds
simplified_A1_1949.rds
simplified_A1_1950.rds
simplified_A1_1951.rds
simplified_A1_1952.rds
simplified_A1_1953.rds
simplified_A1_1954.rds
simplified_A1_1955.rds
simplified_A1_1956.rds
simplified_A1_1957.rds
simplified_A1_1958.rds
simplified_A1_1959.rds
simplified_A1_1960.rds
simplified_A1_1961.rds
simplified_A1_1962.rds
simplified_A1_1963.rds
simplified_A1_1964.rds
simplified_A1_2005.rds
simplified_A1_2006.rds
simplified_A1_2007.rds
simplified_A1_2008.rds
simplified_A1_2009.rds
simplified_A1_2010.rds
simplified_A1_2011.rds
simplified_A1_2012.rds
simplified_A1_2013.rds
simplified_A1_2014.rds
simplified_A1_2015.rds
simplified_A1_2016.rds
simplified_A1_2017.rds
simplified_A1_2018.rds
simplified_A1_2019.rds
simplified_A1_2020.rds
simplified_A1_2021.rds
simplified_A1_2022.rds
simplified_A1_2023.rds
simplified_A1_2024.rds
Processing batch 1/12 (rows 1-1000)
  Calculated 1000 temperatures. Range: 0.98 to 48.36
Processing batch 2/12 (rows 1001-2000)
  Calculated 1000 temperatures. Range: 0.73 to 49.28
Processing batch 3/12 (rows 2001-3000)
  Calculated 1000 temperatures. Range: -0.57 to 40.45
Processing batch 4/12 (rows 3001-4000)
  Calculated 1000 temperatures. Range: 6.20 to 42.56
Processing batch 5/12 (rows 4001-5000)
  Calculated 1000 temperatures. Range: 1.64 to 38.70
Processing batch 6/12 (rows 5001-6000)
  Calculated 1000 temperatures. Range: 5.09 to 41.37
Processing batch 7/12 (rows 6001-7000)
  Calculated 1000 temperatures. Range: 1.00 to 36.79
Processing batch 8/12 (rows 7001-8000)
  Calculated 1000 temperatures. Range: 1.97 to 20.65
Processing batch 9/12 (rows 8001-9000)
  Calculated 1000 temperatures. Range: 1.16 to 22.44
Processing batch 10/12 (rows 9001-10000)
  Calculated 1000 temperatures. Range: 3.45 to 25.33
Processing batch 11/12 (rows 10001-11000)
  Calculated 1000 temperatures. Range: 3.34 to 25.06
Processing batch 12/12 (rows 11001-11035)
  Calculated 35 temperatures. Range: 4.12 to 23.35
Total observations: 11035, Unique timestamps: 2207
MR parameters: mass=0.29, elev=2591.0, b0=16.50, b1=0.85, b2=-0.47, b3=0.000108
Sample tb=302.25 K, log(mass)=-1.2379, 1/(kT)=38.382290, exponent=-2.3120, rmr=0.099059
Sample tb=289.45 K, log(mass)=-1.2379, 1/(kT)=40.079103, exponent=-3.1095, rmr=0.044621
Sample tb=280.25 K, log(mass)=-1.2379, 1/(kT)=41.395578, exponent=-3.7283, rmr=0.024034
Sample tb=284.71 K, log(mass)=-1.2379, 1/(kT)=40.746616, exponent=-3.4233, rmr=0.032605
Sample tb=275.63 K, log(mass)=-1.2379, 1/(kT)=42.088942, exponent=-4.0542, rmr=0.017350
MR results: 0 NA, 0 infinite, 0 negative, 0 zero
Energy calculations: 7416 non-zero gains, 11035 non-zero losses out of 11035 observations
Saved results to output/results/B1/1964/M/eb_results_MS_1964_B1_A1.rds

All years processed.
