Arguments received:
Species: MS
Years: 2015, 2016, 2017, 2018, 2019, 2020, 2021, 2022, 2023, 2024
Origin site: A1
Climate site: B1
Sex: F
Output directory: output/results/A1
Library paths:
[1] "/gscratch/biology/jmsmith/R"                          
[2] "/mmfs1/home/smithju/R/x86_64-pc-linux-gnu-library/4.4"
[3] "/usr/local/lib/R/site-library"                        
[4] "/usr/local/lib/R/library"                             
Package tidyverse loaded successfully
Package TrenchR loaded successfully
Package rTPC loaded successfully
Package lubridate loaded successfully

Processing: Species=MS, Year=2015, Origin=A1, Climate=B1, Sex=F
Looking for climate data at: /mmfs1/gscratch/biology/jmsmith/targeted_microclimate/B1/simplified_B1_2015.rds
Directory /mmfs1/gscratch/biology/jmsmith/targeted_microclimate/B1 exists. Contents:
simplified_B1_1950.rds
simplified_B1_1951.rds
simplified_B1_1952.rds
simplified_B1_1953.rds
simplified_B1_1954.rds
simplified_B1_1955.rds
simplified_B1_1956.rds
simplified_B1_1957.rds
simplified_B1_1958.rds
simplified_B1_1959.rds
simplified_B1_2015.rds
simplified_B1_2016.rds
simplified_B1_2017.rds
simplified_B1_2018.rds
simplified_B1_2019.rds
simplified_B1_2020.rds
simplified_B1_2021.rds
simplified_B1_2022.rds
simplified_B1_2023.rds
simplified_B1_2024.rds
Processing batch 1/12 (rows 1-1000)
  Calculated 1000 temperatures. Range: 0.32 to 41.51
Processing batch 2/12 (rows 1001-2000)
  Calculated 1000 temperatures. Range: 1.53 to 41.36
Processing batch 3/12 (rows 2001-3000)
  Calculated 1000 temperatures. Range: 3.82 to 45.43
Processing batch 4/12 (rows 3001-4000)
  Calculated 1000 temperatures. Range: 5.24 to 42.64
Processing batch 5/12 (rows 4001-5000)
  Calculated 1000 temperatures. Range: 2.76 to 37.74
Processing batch 6/12 (rows 5001-6000)
  Calculated 1000 temperatures. Range: 3.68 to 39.72
Processing batch 7/12 (rows 6001-7000)
  Calculated 1000 temperatures. Range: 3.50 to 44.68
Processing batch 8/12 (rows 7001-8000)
  Calculated 1000 temperatures. Range: 3.36 to 40.86
Processing batch 9/12 (rows 8001-9000)
  Calculated 1000 temperatures. Range: 3.66 to 39.66
Processing batch 10/12 (rows 9001-10000)
  Calculated 1000 temperatures. Range: 0.90 to 41.49
Processing batch 11/12 (rows 10001-11000)
  Calculated 1000 temperatures. Range: 1.18 to 41.50
Processing batch 12/12 (rows 11001-11035)
  Calculated 35 temperatures. Range: 10.50 to 33.71
Total observations: 11035, Unique timestamps: 2207
MR parameters: mass=0.33, elev=2195.0, b0=16.50, b1=0.85, b2=-0.47, b3=0.000108
Sample tb=280.88 K, log(mass)=-1.1087, 1/(kT)=41.302085, exponent=-3.6173, rmr=0.026856
Sample tb=281.32 K, log(mass)=-1.1087, 1/(kT)=41.237880, exponent=-3.5871, rmr=0.027678
Sample tb=282.88 K, log(mass)=-1.1087, 1/(kT)=41.009817, exponent=-3.4799, rmr=0.030810
Sample tb=286.20 K, log(mass)=-1.1087, 1/(kT)=40.534628, exponent=-3.2566, rmr=0.038520
Sample tb=277.69 K, log(mass)=-1.1087, 1/(kT)=41.777205, exponent=-3.8406, rmr=0.021481
MR results: 0 NA, 0 infinite, 0 negative, 0 zero
Energy calculations: 5233 non-zero gains, 11035 non-zero losses out of 11035 observations
Saved results to output/results/A1/2015/F/eb_results_MS_2015_A1_B1.rds

Processing: Species=MS, Year=2016, Origin=A1, Climate=B1, Sex=F
Looking for climate data at: /mmfs1/gscratch/biology/jmsmith/targeted_microclimate/B1/simplified_B1_2016.rds
Directory /mmfs1/gscratch/biology/jmsmith/targeted_microclimate/B1 exists. Contents:
simplified_B1_1950.rds
simplified_B1_1951.rds
simplified_B1_1952.rds
simplified_B1_1953.rds
simplified_B1_1954.rds
simplified_B1_1955.rds
simplified_B1_1956.rds
simplified_B1_1957.rds
simplified_B1_1958.rds
simplified_B1_1959.rds
simplified_B1_2015.rds
simplified_B1_2016.rds
simplified_B1_2017.rds
simplified_B1_2018.rds
simplified_B1_2019.rds
simplified_B1_2020.rds
simplified_B1_2021.rds
simplified_B1_2022.rds
simplified_B1_2023.rds
simplified_B1_2024.rds
Processing batch 1/12 (rows 1-1000)
  Calculated 1000 temperatures. Range: -0.24 to 41.64
Processing batch 2/12 (rows 1001-2000)
  Calculated 1000 temperatures. Range: 0.96 to 44.11
Processing batch 3/12 (rows 2001-3000)
  Calculated 1000 temperatures. Range: 4.12 to 43.98
Processing batch 4/12 (rows 3001-4000)
  Calculated 1000 temperatures. Range: 3.63 to 43.49
Processing batch 5/12 (rows 4001-5000)
  Calculated 1000 temperatures. Range: 2.90 to 43.47
Processing batch 6/12 (rows 5001-6000)
  Calculated 1000 temperatures. Range: 2.44 to 42.70
Processing batch 7/12 (rows 6001-7000)
  Calculated 1000 temperatures. Range: 5.88 to 45.11
Processing batch 8/12 (rows 7001-8000)
  Calculated 1000 temperatures. Range: 5.95 to 40.50
Processing batch 9/12 (rows 8001-9000)
  Calculated 1000 temperatures. Range: 2.94 to 41.04
Processing batch 10/12 (rows 9001-10000)
  Calculated 1000 temperatures. Range: 2.05 to 35.72
Processing batch 11/12 (rows 10001-11000)
  Calculated 1000 temperatures. Range: 0.43 to 35.23
Processing batch 12/12 (rows 11001-11035)
  Calculated 35 temperatures. Range: 11.13 to 31.40
Total observations: 11035, Unique timestamps: 2207
MR parameters: mass=0.33, elev=2195.0, b0=16.50, b1=0.85, b2=-0.47, b3=0.000108
Sample tb=283.43 K, log(mass)=-1.1087, 1/(kT)=40.930528, exponent=-3.4427, rmr=0.031980
Sample tb=296.80 K, log(mass)=-1.1087, 1/(kT)=39.087035, exponent=-2.5762, rmr=0.076062
Sample tb=293.56 K, log(mass)=-1.1087, 1/(kT)=39.518633, exponent=-2.7791, rmr=0.062097
Sample tb=288.85 K, log(mass)=-1.1087, 1/(kT)=40.162988, exponent=-3.0819, rmr=0.045872
Sample tb=300.20 K, log(mass)=-1.1087, 1/(kT)=38.644157, exponent=-2.3681, rmr=0.093663
MR results: 0 NA, 0 infinite, 0 negative, 0 zero
Energy calculations: 5356 non-zero gains, 11035 non-zero losses out of 11035 observations
Saved results to output/results/A1/2016/F/eb_results_MS_2016_A1_B1.rds

Processing: Species=MS, Year=2017, Origin=A1, Climate=B1, Sex=F
Looking for climate data at: /mmfs1/gscratch/biology/jmsmith/targeted_microclimate/B1/simplified_B1_2017.rds
Directory /mmfs1/gscratch/biology/jmsmith/targeted_microclimate/B1 exists. Contents:
simplified_B1_1950.rds
simplified_B1_1951.rds
simplified_B1_1952.rds
simplified_B1_1953.rds
simplified_B1_1954.rds
simplified_B1_1955.rds
simplified_B1_1956.rds
simplified_B1_1957.rds
simplified_B1_1958.rds
simplified_B1_1959.rds
simplified_B1_2015.rds
simplified_B1_2016.rds
simplified_B1_2017.rds
simplified_B1_2018.rds
simplified_B1_2019.rds
simplified_B1_2020.rds
simplified_B1_2021.rds
simplified_B1_2022.rds
simplified_B1_2023.rds
simplified_B1_2024.rds
Processing batch 1/12 (rows 1-1000)
  Calculated 1000 temperatures. Range: 0.24 to 42.59
Processing batch 2/12 (rows 1001-2000)
  Calculated 1000 temperatures. Range: -0.33 to 35.26
Processing batch 3/12 (rows 2001-3000)
  Calculated 1000 temperatures. Range: 3.53 to 40.23
Processing batch 4/12 (rows 3001-4000)
  Calculated 1000 temperatures. Range: 0.99 to 45.10
Processing batch 5/12 (rows 4001-5000)
  Calculated 1000 temperatures. Range: 4.39 to 42.72
Processing batch 6/12 (rows 5001-6000)
  Calculated 1000 temperatures. Range: 4.14 to 46.04
Processing batch 7/12 (rows 6001-7000)
  Calculated 1000 temperatures. Range: 6.48 to 44.83
Processing batch 8/12 (rows 7001-8000)
  Calculated 1000 temperatures. Range: 4.11 to 36.52
Processing batch 9/12 (rows 8001-9000)
  Calculated 1000 temperatures. Range: 3.18 to 37.86
Processing batch 10/12 (rows 9001-10000)
  Calculated 1000 temperatures. Range: 2.99 to 39.10
Processing batch 11/12 (rows 10001-11000)
  Calculated 1000 temperatures. Range: 3.48 to 45.58
Processing batch 12/12 (rows 11001-11035)
  Calculated 35 temperatures. Range: 11.99 to 37.26
Total observations: 11035, Unique timestamps: 2207
MR parameters: mass=0.33, elev=2195.0, b0=16.50, b1=0.85, b2=-0.47, b3=0.000108
Sample tb=281.37 K, log(mass)=-1.1087, 1/(kT)=41.230219, exponent=-3.5835, rmr=0.027778
Sample tb=296.24 K, log(mass)=-1.1087, 1/(kT)=39.161072, exponent=-2.6110, rmr=0.073461
Sample tb=281.51 K, log(mass)=-1.1087, 1/(kT)=41.210157, exponent=-3.5741, rmr=0.028041
Sample tb=284.46 K, log(mass)=-1.1087, 1/(kT)=40.782707, exponent=-3.3732, rmr=0.034281
Sample tb=299.01 K, log(mass)=-1.1087, 1/(kT)=38.797547, exponent=-2.4402, rmr=0.087148
MR results: 0 NA, 0 infinite, 0 negative, 0 zero
Energy calculations: 5203 non-zero gains, 11035 non-zero losses out of 11035 observations
Saved results to output/results/A1/2017/F/eb_results_MS_2017_A1_B1.rds

Processing: Species=MS, Year=2018, Origin=A1, Climate=B1, Sex=F
Looking for climate data at: /mmfs1/gscratch/biology/jmsmith/targeted_microclimate/B1/simplified_B1_2018.rds
Directory /mmfs1/gscratch/biology/jmsmith/targeted_microclimate/B1 exists. Contents:
simplified_B1_1950.rds
simplified_B1_1951.rds
simplified_B1_1952.rds
simplified_B1_1953.rds
simplified_B1_1954.rds
simplified_B1_1955.rds
simplified_B1_1956.rds
simplified_B1_1957.rds
simplified_B1_1958.rds
simplified_B1_1959.rds
simplified_B1_2015.rds
simplified_B1_2016.rds
simplified_B1_2017.rds
simplified_B1_2018.rds
simplified_B1_2019.rds
simplified_B1_2020.rds
simplified_B1_2021.rds
simplified_B1_2022.rds
simplified_B1_2023.rds
simplified_B1_2024.rds
Processing batch 1/12 (rows 1-1000)
  Calculated 1000 temperatures. Range: -0.95 to 40.83
Processing batch 2/12 (rows 1001-2000)
  Calculated 1000 temperatures. Range: 0.69 to 41.07
Processing batch 3/12 (rows 2001-3000)
  Calculated 1000 temperatures. Range: 0.90 to 36.10
Processing batch 4/12 (rows 3001-4000)
  Calculated 1000 temperatures. Range: 2.05 to 40.88
Processing batch 5/12 (rows 4001-5000)
  Calculated 1000 temperatures. Range: 5.10 to 41.39
Processing batch 6/12 (rows 5001-6000)
  Calculated 1000 temperatures. Range: 5.47 to 41.90
Processing batch 7/12 (rows 6001-7000)
  Calculated 1000 temperatures. Range: 5.63 to 43.57
Processing batch 8/12 (rows 7001-8000)
  Calculated 1000 temperatures. Range: 4.30 to 41.65
Processing batch 9/12 (rows 8001-9000)
  Calculated 1000 temperatures. Range: 3.57 to 37.22
Processing batch 10/12 (rows 9001-10000)
  Calculated 1000 temperatures. Range: 1.19 to 38.68
Processing batch 11/12 (rows 10001-11000)
  Calculated 1000 temperatures. Range: 1.77 to 39.35
Processing batch 12/12 (rows 11001-11035)
  Calculated 35 temperatures. Range: 11.02 to 30.74
Total observations: 11035, Unique timestamps: 2207
MR parameters: mass=0.33, elev=2195.0, b0=16.50, b1=0.85, b2=-0.47, b3=0.000108
Sample tb=285.15 K, log(mass)=-1.1087, 1/(kT)=40.684044, exponent=-3.3268, rmr=0.035908
Sample tb=300.37 K, log(mass)=-1.1087, 1/(kT)=38.622370, exponent=-2.3578, rmr=0.094627
Sample tb=288.28 K, log(mass)=-1.1087, 1/(kT)=40.241848, exponent=-3.1190, rmr=0.044203
Sample tb=279.49 K, log(mass)=-1.1087, 1/(kT)=41.507271, exponent=-3.7137, rmr=0.024387
Sample tb=278.23 K, log(mass)=-1.1087, 1/(kT)=41.695903, exponent=-3.8024, rmr=0.022318
MR results: 0 NA, 0 infinite, 0 negative, 0 zero
Energy calculations: 5364 non-zero gains, 11035 non-zero losses out of 11035 observations
Saved results to output/results/A1/2018/F/eb_results_MS_2018_A1_B1.rds

Processing: Species=MS, Year=2019, Origin=A1, Climate=B1, Sex=F
Looking for climate data at: /mmfs1/gscratch/biology/jmsmith/targeted_microclimate/B1/simplified_B1_2019.rds
Directory /mmfs1/gscratch/biology/jmsmith/targeted_microclimate/B1 exists. Contents:
simplified_B1_1950.rds
simplified_B1_1951.rds
simplified_B1_1952.rds
simplified_B1_1953.rds
simplified_B1_1954.rds
simplified_B1_1955.rds
simplified_B1_1956.rds
simplified_B1_1957.rds
simplified_B1_1958.rds
simplified_B1_1959.rds
simplified_B1_2015.rds
simplified_B1_2016.rds
simplified_B1_2017.rds
simplified_B1_2018.rds
simplified_B1_2019.rds
simplified_B1_2020.rds
simplified_B1_2021.rds
simplified_B1_2022.rds
simplified_B1_2023.rds
simplified_B1_2024.rds
Processing batch 1/12 (rows 1-1000)
  Calculated 1000 temperatures. Range: -1.06 to 38.72
Processing batch 2/12 (rows 1001-2000)
  Calculated 1000 temperatures. Range: -3.24 to 37.95
Processing batch 3/12 (rows 2001-3000)
  Calculated 1000 temperatures. Range: -1.36 to 33.22
Processing batch 4/12 (rows 3001-4000)
  Calculated 1000 temperatures. Range: 0.80 to 44.10
Processing batch 5/12 (rows 4001-5000)
  Calculated 1000 temperatures. Range: 2.99 to 44.81
Processing batch 6/12 (rows 5001-6000)
  Calculated 1000 temperatures. Range: 4.84 to 46.42
Processing batch 7/12 (rows 6001-7000)
  Calculated 1000 temperatures. Range: 5.27 to 47.64
Processing batch 8/12 (rows 7001-8000)
  Calculated 1000 temperatures. Range: 4.02 to 48.25
Processing batch 9/12 (rows 8001-9000)
  Calculated 1000 temperatures. Range: 3.85 to 42.34
Processing batch 10/12 (rows 9001-10000)
  Calculated 1000 temperatures. Range: 3.03 to 40.45
Processing batch 11/12 (rows 10001-11000)
  Calculated 1000 temperatures. Range: 2.78 to 35.78
Processing batch 12/12 (rows 11001-11035)
  Calculated 35 temperatures. Range: 12.95 to 32.85
Total observations: 11035, Unique timestamps: 2207
MR parameters: mass=0.33, elev=2195.0, b0=16.50, b1=0.85, b2=-0.47, b3=0.000108
Sample tb=288.64 K, log(mass)=-1.1087, 1/(kT)=40.191791, exponent=-3.0954, rmr=0.045255
Sample tb=303.47 K, log(mass)=-1.1087, 1/(kT)=38.227237, exponent=-2.1721, rmr=0.113938
Sample tb=291.48 K, log(mass)=-1.1087, 1/(kT)=39.799588, exponent=-2.9111, rmr=0.054415
Sample tb=284.51 K, log(mass)=-1.1087, 1/(kT)=40.775642, exponent=-3.3699, rmr=0.034395
Sample tb=278.26 K, log(mass)=-1.1087, 1/(kT)=41.691054, exponent=-3.8001, rmr=0.022369
MR results: 0 NA, 0 infinite, 0 negative, 0 zero
Energy calculations: 5202 non-zero gains, 11035 non-zero losses out of 11035 observations
Saved results to output/results/A1/2019/F/eb_results_MS_2019_A1_B1.rds

Processing: Species=MS, Year=2020, Origin=A1, Climate=B1, Sex=F
Looking for climate data at: /mmfs1/gscratch/biology/jmsmith/targeted_microclimate/B1/simplified_B1_2020.rds
Directory /mmfs1/gscratch/biology/jmsmith/targeted_microclimate/B1 exists. Contents:
simplified_B1_1950.rds
simplified_B1_1951.rds
simplified_B1_1952.rds
simplified_B1_1953.rds
simplified_B1_1954.rds
simplified_B1_1955.rds
simplified_B1_1956.rds
simplified_B1_1957.rds
simplified_B1_1958.rds
simplified_B1_1959.rds
simplified_B1_2015.rds
simplified_B1_2016.rds
simplified_B1_2017.rds
simplified_B1_2018.rds
simplified_B1_2019.rds
simplified_B1_2020.rds
simplified_B1_2021.rds
simplified_B1_2022.rds
simplified_B1_2023.rds
simplified_B1_2024.rds
Processing batch 1/8 (rows 1-1000)
  Calculated 1000 temperatures. Range: 0.65 to 45.33
Processing batch 2/8 (rows 1001-2000)
  Calculated 1000 temperatures. Range: -2.25 to 31.05
Processing batch 3/8 (rows 2001-3000)
  Calculated 1000 temperatures. Range: 0.57 to 32.07
Processing batch 4/8 (rows 3001-4000)
  Calculated 1000 temperatures. Range: 3.69 to 33.85
Processing batch 5/8 (rows 4001-5000)
  Calculated 1000 temperatures. Range: 4.11 to 34.14
Processing batch 6/8 (rows 5001-6000)
  Calculated 1000 temperatures. Range: 3.49 to 33.83
Processing batch 7/8 (rows 6001-7000)
  Calculated 1000 temperatures. Range: 4.95 to 34.68
Processing batch 8/8 (rows 7001-7051)
  Calculated 51 temperatures. Range: 1.95 to 24.21
Total observations: 7051, Unique timestamps: 2207
MR parameters: mass=0.33, elev=2195.0, b0=16.50, b1=0.85, b2=-0.47, b3=0.000108
Sample tb=282.66 K, log(mass)=-1.1087, 1/(kT)=41.041634, exponent=-3.4949, rmr=0.030353
Sample tb=281.05 K, log(mass)=-1.1087, 1/(kT)=41.276705, exponent=-3.6054, rmr=0.027178
Sample tb=287.82 K, log(mass)=-1.1087, 1/(kT)=40.306087, exponent=-3.1492, rmr=0.042888
Sample tb=274.23 K, log(mass)=-1.1087, 1/(kT)=42.303859, exponent=-4.0881, rmr=0.016771
Sample tb=280.59 K, log(mass)=-1.1087, 1/(kT)=41.344702, exponent=-3.6373, rmr=0.026323
MR results: 0 NA, 0 infinite, 0 negative, 0 zero
Energy calculations: 3172 non-zero gains, 7051 non-zero losses out of 7051 observations
Saved results to output/results/A1/2020/F/eb_results_MS_2020_A1_B1.rds

Processing: Species=MS, Year=2021, Origin=A1, Climate=B1, Sex=F
Looking for climate data at: /mmfs1/gscratch/biology/jmsmith/targeted_microclimate/B1/simplified_B1_2021.rds
Directory /mmfs1/gscratch/biology/jmsmith/targeted_microclimate/B1 exists. Contents:
simplified_B1_1950.rds
simplified_B1_1951.rds
simplified_B1_1952.rds
simplified_B1_1953.rds
simplified_B1_1954.rds
simplified_B1_1955.rds
simplified_B1_1956.rds
simplified_B1_1957.rds
simplified_B1_1958.rds
simplified_B1_1959.rds
simplified_B1_2015.rds
simplified_B1_2016.rds
simplified_B1_2017.rds
simplified_B1_2018.rds
simplified_B1_2019.rds
simplified_B1_2020.rds
simplified_B1_2021.rds
simplified_B1_2022.rds
simplified_B1_2023.rds
simplified_B1_2024.rds
Processing batch 1/12 (rows 1-1000)
  Calculated 1000 temperatures. Range: -4.25 to 42.15
Processing batch 2/12 (rows 1001-2000)
  Calculated 1000 temperatures. Range: 0.26 to 51.59
Processing batch 3/12 (rows 2001-3000)
  Calculated 1000 temperatures. Range: 2.44 to 46.20
Processing batch 4/12 (rows 3001-4000)
  Calculated 1000 temperatures. Range: 1.21 to 40.85
Processing batch 5/12 (rows 4001-5000)
  Calculated 1000 temperatures. Range: 4.76 to 42.83
Processing batch 6/12 (rows 5001-6000)
  Calculated 1000 temperatures. Range: 3.90 to 43.34
Processing batch 7/12 (rows 6001-7000)
  Calculated 1000 temperatures. Range: 4.79 to 38.55
Processing batch 8/12 (rows 7001-8000)
  Calculated 1000 temperatures. Range: 3.85 to 41.20
Processing batch 9/12 (rows 8001-9000)
  Calculated 1000 temperatures. Range: 3.69 to 41.63
Processing batch 10/12 (rows 9001-10000)
  Calculated 1000 temperatures. Range: 3.40 to 40.86
Processing batch 11/12 (rows 10001-11000)
  Calculated 1000 temperatures. Range: 2.99 to 37.68
Processing batch 12/12 (rows 11001-11035)
  Calculated 35 temperatures. Range: 12.79 to 38.35
Total observations: 11035, Unique timestamps: 2207
MR parameters: mass=0.33, elev=2195.0, b0=16.50, b1=0.85, b2=-0.47, b3=0.000108
Sample tb=280.08 K, log(mass)=-1.1087, 1/(kT)=41.420542, exponent=-3.6730, rmr=0.025401
Sample tb=285.81 K, log(mass)=-1.1087, 1/(kT)=40.589920, exponent=-3.2826, rmr=0.037532
Sample tb=282.35 K, log(mass)=-1.1087, 1/(kT)=41.086935, exponent=-3.5162, rmr=0.029713
Sample tb=294.52 K, log(mass)=-1.1087, 1/(kT)=39.389631, exponent=-2.7184, rmr=0.065978
Sample tb=280.41 K, log(mass)=-1.1087, 1/(kT)=41.371974, exponent=-3.6501, rmr=0.025988
MR results: 0 NA, 0 infinite, 0 negative, 0 zero
Energy calculations: 5489 non-zero gains, 11035 non-zero losses out of 11035 observations
Saved results to output/results/A1/2021/F/eb_results_MS_2021_A1_B1.rds

Processing: Species=MS, Year=2022, Origin=A1, Climate=B1, Sex=F
Looking for climate data at: /mmfs1/gscratch/biology/jmsmith/targeted_microclimate/B1/simplified_B1_2022.rds
Directory /mmfs1/gscratch/biology/jmsmith/targeted_microclimate/B1 exists. Contents:
simplified_B1_1950.rds
simplified_B1_1951.rds
simplified_B1_1952.rds
simplified_B1_1953.rds
simplified_B1_1954.rds
simplified_B1_1955.rds
simplified_B1_1956.rds
simplified_B1_1957.rds
simplified_B1_1958.rds
simplified_B1_1959.rds
simplified_B1_2015.rds
simplified_B1_2016.rds
simplified_B1_2017.rds
simplified_B1_2018.rds
simplified_B1_2019.rds
simplified_B1_2020.rds
simplified_B1_2021.rds
simplified_B1_2022.rds
simplified_B1_2023.rds
simplified_B1_2024.rds
Processing batch 1/12 (rows 1-1000)
  Calculated 1000 temperatures. Range: -3.93 to 36.33
Processing batch 2/12 (rows 1001-2000)
  Calculated 1000 temperatures. Range: -1.14 to 35.72
Processing batch 3/12 (rows 2001-3000)
  Calculated 1000 temperatures. Range: -0.65 to 41.36
Processing batch 4/12 (rows 3001-4000)
  Calculated 1000 temperatures. Range: 2.57 to 43.19
Processing batch 5/12 (rows 4001-5000)
  Calculated 1000 temperatures. Range: 5.46 to 46.26
Processing batch 6/12 (rows 5001-6000)
  Calculated 1000 temperatures. Range: 6.44 to 48.00
Processing batch 7/12 (rows 6001-7000)
  Calculated 1000 temperatures. Range: 5.54 to 43.07
Processing batch 8/12 (rows 7001-8000)
  Calculated 1000 temperatures. Range: 5.36 to 42.51
Processing batch 9/12 (rows 8001-9000)
  Calculated 1000 temperatures. Range: 6.28 to 43.05
Processing batch 10/12 (rows 9001-10000)
  Calculated 1000 temperatures. Range: 3.68 to 35.00
Processing batch 11/12 (rows 10001-11000)
  Calculated 1000 temperatures. Range: 3.95 to 41.80
Processing batch 12/12 (rows 11001-11035)
  Calculated 35 temperatures. Range: 13.53 to 32.75
Total observations: 11035, Unique timestamps: 2207
MR parameters: mass=0.33, elev=2195.0, b0=16.50, b1=0.85, b2=-0.47, b3=0.000108
Sample tb=282.81 K, log(mass)=-1.1087, 1/(kT)=41.020939, exponent=-3.4851, rmr=0.030649
Sample tb=289.24 K, log(mass)=-1.1087, 1/(kT)=40.108495, exponent=-3.0563, rmr=0.047062
Sample tb=282.19 K, log(mass)=-1.1087, 1/(kT)=41.110031, exponent=-3.5270, rmr=0.029392
Sample tb=283.97 K, log(mass)=-1.1087, 1/(kT)=40.852184, exponent=-3.4058, rmr=0.033179
Sample tb=285.66 K, log(mass)=-1.1087, 1/(kT)=40.610630, exponent=-3.2923, rmr=0.037168
MR results: 0 NA, 0 infinite, 0 negative, 0 zero
Energy calculations: 5459 non-zero gains, 11035 non-zero losses out of 11035 observations
Saved results to output/results/A1/2022/F/eb_results_MS_2022_A1_B1.rds

Processing: Species=MS, Year=2023, Origin=A1, Climate=B1, Sex=F
Looking for climate data at: /mmfs1/gscratch/biology/jmsmith/targeted_microclimate/B1/simplified_B1_2023.rds
Directory /mmfs1/gscratch/biology/jmsmith/targeted_microclimate/B1 exists. Contents:
simplified_B1_1950.rds
simplified_B1_1951.rds
simplified_B1_1952.rds
simplified_B1_1953.rds
simplified_B1_1954.rds
simplified_B1_1955.rds
simplified_B1_1956.rds
simplified_B1_1957.rds
simplified_B1_1958.rds
simplified_B1_1959.rds
simplified_B1_2015.rds
simplified_B1_2016.rds
simplified_B1_2017.rds
simplified_B1_2018.rds
simplified_B1_2019.rds
simplified_B1_2020.rds
simplified_B1_2021.rds
simplified_B1_2022.rds
simplified_B1_2023.rds
simplified_B1_2024.rds
Processing batch 1/12 (rows 1-1000)
  Calculated 1000 temperatures. Range: 0.24 to 38.25
Processing batch 2/12 (rows 1001-2000)
  Calculated 1000 temperatures. Range: -0.04 to 36.54
Processing batch 3/12 (rows 2001-3000)
  Calculated 1000 temperatures. Range: -0.02 to 40.93
Processing batch 4/12 (rows 3001-4000)
  Calculated 1000 temperatures. Range: 1.80 to 40.38
Processing batch 5/12 (rows 4001-5000)
  Calculated 1000 temperatures. Range: 4.34 to 38.39
Processing batch 6/12 (rows 5001-6000)
  Calculated 1000 temperatures. Range: 4.00 to 41.68
Processing batch 7/12 (rows 6001-7000)
  Calculated 1000 temperatures. Range: 4.24 to 41.96
Processing batch 8/12 (rows 7001-8000)
  Calculated 1000 temperatures. Range: 4.46 to 43.11
Processing batch 9/12 (rows 8001-9000)
  Calculated 1000 temperatures. Range: 1.95 to 41.35
Processing batch 10/12 (rows 9001-10000)
  Calculated 1000 temperatures. Range: 3.73 to 42.78
Processing batch 11/12 (rows 10001-11000)
  Calculated 1000 temperatures. Range: 4.05 to 34.86
Processing batch 12/12 (rows 11001-11035)
  Calculated 35 temperatures. Range: 13.93 to 34.90
Total observations: 11035, Unique timestamps: 2207
MR parameters: mass=0.33, elev=2195.0, b0=16.50, b1=0.85, b2=-0.47, b3=0.000108
Sample tb=297.12 K, log(mass)=-1.1087, 1/(kT)=39.044602, exponent=-2.5563, rmr=0.077594
Sample tb=279.35 K, log(mass)=-1.1087, 1/(kT)=41.528907, exponent=-3.7239, rmr=0.024140
Sample tb=283.56 K, log(mass)=-1.1087, 1/(kT)=40.912036, exponent=-3.4340, rmr=0.032259
Sample tb=293.03 K, log(mass)=-1.1087, 1/(kT)=39.589304, exponent=-2.8123, rmr=0.060068
Sample tb=279.36 K, log(mass)=-1.1087, 1/(kT)=41.526350, exponent=-3.7227, rmr=0.024169
MR results: 0 NA, 0 infinite, 0 negative, 0 zero
Energy calculations: 5004 non-zero gains, 11035 non-zero losses out of 11035 observations
Saved results to output/results/A1/2023/F/eb_results_MS_2023_A1_B1.rds

Processing: Species=MS, Year=2024, Origin=A1, Climate=B1, Sex=F
Looking for climate data at: /mmfs1/gscratch/biology/jmsmith/targeted_microclimate/B1/simplified_B1_2024.rds
Directory /mmfs1/gscratch/biology/jmsmith/targeted_microclimate/B1 exists. Contents:
simplified_B1_1950.rds
simplified_B1_1951.rds
simplified_B1_1952.rds
simplified_B1_1953.rds
simplified_B1_1954.rds
simplified_B1_1955.rds
simplified_B1_1956.rds
simplified_B1_1957.rds
simplified_B1_1958.rds
simplified_B1_1959.rds
simplified_B1_2015.rds
simplified_B1_2016.rds
simplified_B1_2017.rds
simplified_B1_2018.rds
simplified_B1_2019.rds
simplified_B1_2020.rds
simplified_B1_2021.rds
simplified_B1_2022.rds
simplified_B1_2023.rds
simplified_B1_2024.rds
Processing batch 1/12 (rows 1-1000)
  Calculated 1000 temperatures. Range: -0.28 to 40.88
Processing batch 2/12 (rows 1001-2000)
  Calculated 1000 temperatures. Range: 2.70 to 40.95
Processing batch 3/12 (rows 2001-3000)
  Calculated 1000 temperatures. Range: -0.72 to 44.98
Processing batch 4/12 (rows 3001-4000)
  Calculated 1000 temperatures. Range: 3.19 to 43.33
Processing batch 5/12 (rows 4001-5000)
  Calculated 1000 temperatures. Range: 1.74 to 38.23
Processing batch 6/12 (rows 5001-6000)
  Calculated 1000 temperatures. Range: 5.34 to 43.52
Processing batch 7/12 (rows 6001-7000)
  Calculated 1000 temperatures. Range: 2.53 to 45.35
Processing batch 8/12 (rows 7001-8000)
  Calculated 1000 temperatures. Range: 3.98 to 44.08
Processing batch 9/12 (rows 8001-9000)
  Calculated 1000 temperatures. Range: 6.35 to 41.97
Processing batch 10/12 (rows 9001-10000)
  Calculated 1000 temperatures. Range: 4.27 to 42.80
Processing batch 11/12 (rows 10001-11000)
  Calculated 1000 temperatures. Range: 2.90 to 38.98
Processing batch 12/12 (rows 11001-11035)
  Calculated 35 temperatures. Range: 11.98 to 30.73
Total observations: 11035, Unique timestamps: 2207
MR parameters: mass=0.33, elev=2195.0, b0=16.50, b1=0.85, b2=-0.47, b3=0.000108
Sample tb=282.12 K, log(mass)=-1.1087, 1/(kT)=41.120622, exponent=-3.5320, rmr=0.029246
Sample tb=301.73 K, log(mass)=-1.1087, 1/(kT)=38.447963, exponent=-2.2758, rmr=0.102710
Sample tb=280.08 K, log(mass)=-1.1087, 1/(kT)=41.419341, exponent=-3.6724, rmr=0.025416
Sample tb=283.82 K, log(mass)=-1.1087, 1/(kT)=40.873992, exponent=-3.4161, rmr=0.032841
Sample tb=281.83 K, log(mass)=-1.1087, 1/(kT)=41.162604, exponent=-3.5517, rmr=0.028675
MR results: 0 NA, 0 infinite, 0 negative, 0 zero
Energy calculations: 5585 non-zero gains, 11035 non-zero losses out of 11035 observations
Saved results to output/results/A1/2024/F/eb_results_MS_2024_A1_B1.rds

All years processed.
