Arguments received:
Species: MS
Years: 2015, 2016, 2017, 2018, 2019, 2020, 2021, 2022, 2023, 2024
Origin site: A1
Climate site: A1
Sex: M
Output directory: output/results/A1
Library paths:
[1] "/gscratch/biology/jmsmith/R"                          
[2] "/mmfs1/home/smithju/R/x86_64-pc-linux-gnu-library/4.4"
[3] "/usr/local/lib/R/site-library"                        
[4] "/usr/local/lib/R/library"                             
Package tidyverse loaded successfully
Package TrenchR loaded successfully
Package rTPC loaded successfully
Package lubridate loaded successfully

Processing: Species=MS, Year=2015, Origin=A1, Climate=A1, Sex=M
Looking for climate data at: /mmfs1/gscratch/biology/jmsmith/targeted_microclimate/A1/simplified_A1_2015.rds
Directory /mmfs1/gscratch/biology/jmsmith/targeted_microclimate/A1 exists. Contents:
simplified_A1_1950.rds
simplified_A1_1951.rds
simplified_A1_1952.rds
simplified_A1_1953.rds
simplified_A1_1954.rds
simplified_A1_1955.rds
simplified_A1_1956.rds
simplified_A1_1957.rds
simplified_A1_1958.rds
simplified_A1_1959.rds
simplified_A1_2015.rds
simplified_A1_2016.rds
simplified_A1_2017.rds
simplified_A1_2018.rds
simplified_A1_2019.rds
simplified_A1_2020.rds
simplified_A1_2021.rds
simplified_A1_2022.rds
simplified_A1_2023.rds
simplified_A1_2024.rds
Processing batch 1/12 (rows 1-1000)
  Calculated 1000 temperatures. Range: 1.40 to 44.39
Processing batch 2/12 (rows 1001-2000)
  Calculated 1000 temperatures. Range: 2.04 to 45.98
Processing batch 3/12 (rows 2001-3000)
  Calculated 1000 temperatures. Range: 4.45 to 45.91
Processing batch 4/12 (rows 3001-4000)
  Calculated 1000 temperatures. Range: 6.14 to 48.53
Processing batch 5/12 (rows 4001-5000)
  Calculated 1000 temperatures. Range: 3.74 to 45.43
Processing batch 6/12 (rows 5001-6000)
  Calculated 1000 temperatures. Range: 4.50 to 46.54
Processing batch 7/12 (rows 6001-7000)
  Calculated 1000 temperatures. Range: 4.04 to 51.48
Processing batch 8/12 (rows 7001-8000)
  Calculated 1000 temperatures. Range: 4.21 to 44.43
Processing batch 9/12 (rows 8001-9000)
  Calculated 1000 temperatures. Range: 4.63 to 46.70
Processing batch 10/12 (rows 9001-10000)
  Calculated 1000 temperatures. Range: 1.89 to 47.74
Processing batch 11/12 (rows 10001-11000)
  Calculated 1000 temperatures. Range: 1.95 to 44.65
Processing batch 12/12 (rows 11001-11035)
  Calculated 35 temperatures. Range: 10.81 to 38.29
Total observations: 11035, Unique timestamps: 2207
MR parameters: mass=0.33, elev=2195.0, b0=16.50, b1=0.85, b2=-0.47, b3=0.000108
Sample tb=300.22 K, log(mass)=-1.1087, 1/(kT)=38.641318, exponent=-2.3667, rmr=0.093788
Sample tb=286.96 K, log(mass)=-1.1087, 1/(kT)=40.427464, exponent=-3.2062, rmr=0.040510
Sample tb=281.80 K, log(mass)=-1.1087, 1/(kT)=41.167297, exponent=-3.5539, rmr=0.028612
Sample tb=283.56 K, log(mass)=-1.1087, 1/(kT)=40.912342, exponent=-3.4341, rmr=0.032254
Sample tb=306.16 K, log(mass)=-1.1087, 1/(kT)=37.891347, exponent=-2.0142, rmr=0.133422
MR results: 0 NA, 0 infinite, 0 negative, 0 zero
Energy calculations: 5708 non-zero gains, 11035 non-zero losses out of 11035 observations
Saved results to output/results/A1/2015/M/eb_results_MS_2015_A1_A1.rds

Processing: Species=MS, Year=2016, Origin=A1, Climate=A1, Sex=M
Looking for climate data at: /mmfs1/gscratch/biology/jmsmith/targeted_microclimate/A1/simplified_A1_2016.rds
Directory /mmfs1/gscratch/biology/jmsmith/targeted_microclimate/A1 exists. Contents:
simplified_A1_1950.rds
simplified_A1_1951.rds
simplified_A1_1952.rds
simplified_A1_1953.rds
simplified_A1_1954.rds
simplified_A1_1955.rds
simplified_A1_1956.rds
simplified_A1_1957.rds
simplified_A1_1958.rds
simplified_A1_1959.rds
simplified_A1_2015.rds
simplified_A1_2016.rds
simplified_A1_2017.rds
simplified_A1_2018.rds
simplified_A1_2019.rds
simplified_A1_2020.rds
simplified_A1_2021.rds
simplified_A1_2022.rds
simplified_A1_2023.rds
simplified_A1_2024.rds
Processing batch 1/12 (rows 1-1000)
  Calculated 1000 temperatures. Range: 0.76 to 45.27
Processing batch 2/12 (rows 1001-2000)
  Calculated 1000 temperatures. Range: 1.97 to 48.65
Processing batch 3/12 (rows 2001-3000)
  Calculated 1000 temperatures. Range: 5.09 to 49.67
Processing batch 4/12 (rows 3001-4000)
  Calculated 1000 temperatures. Range: 4.35 to 45.95
Processing batch 5/12 (rows 4001-5000)
  Calculated 1000 temperatures. Range: 3.64 to 47.91
Processing batch 6/12 (rows 5001-6000)
  Calculated 1000 temperatures. Range: 2.93 to 46.08
Processing batch 7/12 (rows 6001-7000)
  Calculated 1000 temperatures. Range: 6.42 to 47.58
Processing batch 8/12 (rows 7001-8000)
  Calculated 1000 temperatures. Range: 6.40 to 46.38
Processing batch 9/12 (rows 8001-9000)
  Calculated 1000 temperatures. Range: 3.46 to 45.08
Processing batch 10/12 (rows 9001-10000)
  Calculated 1000 temperatures. Range: 2.47 to 40.57
Processing batch 11/12 (rows 10001-11000)
  Calculated 1000 temperatures. Range: 1.33 to 41.83
Processing batch 12/12 (rows 11001-11035)
  Calculated 35 temperatures. Range: 12.18 to 32.57
Total observations: 11035, Unique timestamps: 2207
MR parameters: mass=0.33, elev=2195.0, b0=16.50, b1=0.85, b2=-0.47, b3=0.000108
Sample tb=280.21 K, log(mass)=-1.1087, 1/(kT)=41.400389, exponent=-3.6635, rmr=0.025643
Sample tb=297.85 K, log(mass)=-1.1087, 1/(kT)=38.948517, exponent=-2.5111, rmr=0.081178
Sample tb=283.84 K, log(mass)=-1.1087, 1/(kT)=40.872052, exponent=-3.4152, rmr=0.032871
Sample tb=283.13 K, log(mass)=-1.1087, 1/(kT)=40.973464, exponent=-3.4628, rmr=0.031341
Sample tb=301.38 K, log(mass)=-1.1087, 1/(kT)=38.493143, exponent=-2.2971, rmr=0.100552
MR results: 0 NA, 0 infinite, 0 negative, 0 zero
Energy calculations: 5868 non-zero gains, 11035 non-zero losses out of 11035 observations
Saved results to output/results/A1/2016/M/eb_results_MS_2016_A1_A1.rds

Processing: Species=MS, Year=2017, Origin=A1, Climate=A1, Sex=M
Looking for climate data at: /mmfs1/gscratch/biology/jmsmith/targeted_microclimate/A1/simplified_A1_2017.rds
Directory /mmfs1/gscratch/biology/jmsmith/targeted_microclimate/A1 exists. Contents:
simplified_A1_1950.rds
simplified_A1_1951.rds
simplified_A1_1952.rds
simplified_A1_1953.rds
simplified_A1_1954.rds
simplified_A1_1955.rds
simplified_A1_1956.rds
simplified_A1_1957.rds
simplified_A1_1958.rds
simplified_A1_1959.rds
simplified_A1_2015.rds
simplified_A1_2016.rds
simplified_A1_2017.rds
simplified_A1_2018.rds
simplified_A1_2019.rds
simplified_A1_2020.rds
simplified_A1_2021.rds
simplified_A1_2022.rds
simplified_A1_2023.rds
simplified_A1_2024.rds
Processing batch 1/12 (rows 1-1000)
  Calculated 1000 temperatures. Range: 1.01 to 44.67
Processing batch 2/12 (rows 1001-2000)
  Calculated 1000 temperatures. Range: 0.06 to 42.96
Processing batch 3/12 (rows 2001-3000)
  Calculated 1000 temperatures. Range: 4.42 to 43.80
Processing batch 4/12 (rows 3001-4000)
  Calculated 1000 temperatures. Range: 1.81 to 46.04
Processing batch 5/12 (rows 4001-5000)
  Calculated 1000 temperatures. Range: 5.12 to 47.81
Processing batch 6/12 (rows 5001-6000)
  Calculated 1000 temperatures. Range: 5.02 to 47.09
Processing batch 7/12 (rows 6001-7000)
  Calculated 1000 temperatures. Range: 7.24 to 45.97
Processing batch 8/12 (rows 7001-8000)
  Calculated 1000 temperatures. Range: 4.77 to 41.98
Processing batch 9/12 (rows 8001-9000)
  Calculated 1000 temperatures. Range: 3.96 to 41.80
Processing batch 10/12 (rows 9001-10000)
  Calculated 1000 temperatures. Range: 3.63 to 44.25
Processing batch 11/12 (rows 10001-11000)
  Calculated 1000 temperatures. Range: 4.23 to 46.17
Processing batch 12/12 (rows 11001-11035)
  Calculated 35 temperatures. Range: 13.15 to 43.43
Total observations: 11035, Unique timestamps: 2207
MR parameters: mass=0.33, elev=2195.0, b0=16.50, b1=0.85, b2=-0.47, b3=0.000108
Sample tb=290.55 K, log(mass)=-1.1087, 1/(kT)=39.927617, exponent=-2.9713, rmr=0.051238
Sample tb=280.67 K, log(mass)=-1.1087, 1/(kT)=41.332590, exponent=-3.6316, rmr=0.026473
Sample tb=301.32 K, log(mass)=-1.1087, 1/(kT)=38.500477, exponent=-2.3005, rmr=0.100206
Sample tb=280.10 K, log(mass)=-1.1087, 1/(kT)=41.417502, exponent=-3.6715, rmr=0.025438
Sample tb=307.94 K, log(mass)=-1.1087, 1/(kT)=37.673012, exponent=-1.9116, rmr=0.147841
MR results: 0 NA, 0 infinite, 0 negative, 0 zero
Energy calculations: 5744 non-zero gains, 11035 non-zero losses out of 11035 observations
Saved results to output/results/A1/2017/M/eb_results_MS_2017_A1_A1.rds

Processing: Species=MS, Year=2018, Origin=A1, Climate=A1, Sex=M
Looking for climate data at: /mmfs1/gscratch/biology/jmsmith/targeted_microclimate/A1/simplified_A1_2018.rds
Directory /mmfs1/gscratch/biology/jmsmith/targeted_microclimate/A1 exists. Contents:
simplified_A1_1950.rds
simplified_A1_1951.rds
simplified_A1_1952.rds
simplified_A1_1953.rds
simplified_A1_1954.rds
simplified_A1_1955.rds
simplified_A1_1956.rds
simplified_A1_1957.rds
simplified_A1_1958.rds
simplified_A1_1959.rds
simplified_A1_2015.rds
simplified_A1_2016.rds
simplified_A1_2017.rds
simplified_A1_2018.rds
simplified_A1_2019.rds
simplified_A1_2020.rds
simplified_A1_2021.rds
simplified_A1_2022.rds
simplified_A1_2023.rds
simplified_A1_2024.rds
Processing batch 1/12 (rows 1-1000)
  Calculated 1000 temperatures. Range: -0.40 to 45.53
Processing batch 2/12 (rows 1001-2000)
  Calculated 1000 temperatures. Range: 1.41 to 46.72
Processing batch 3/12 (rows 2001-3000)
  Calculated 1000 temperatures. Range: 1.96 to 40.87
Processing batch 4/12 (rows 3001-4000)
  Calculated 1000 temperatures. Range: 2.75 to 48.31
Processing batch 5/12 (rows 4001-5000)
  Calculated 1000 temperatures. Range: 5.86 to 46.94
Processing batch 6/12 (rows 5001-6000)
  Calculated 1000 temperatures. Range: 6.38 to 43.36
Processing batch 7/12 (rows 6001-7000)
  Calculated 1000 temperatures. Range: 6.69 to 50.08
Processing batch 8/12 (rows 7001-8000)
  Calculated 1000 temperatures. Range: 4.98 to 45.54
Processing batch 9/12 (rows 8001-9000)
  Calculated 1000 temperatures. Range: 3.68 to 42.71
Processing batch 10/12 (rows 9001-10000)
  Calculated 1000 temperatures. Range: 2.07 to 43.90
Processing batch 11/12 (rows 10001-11000)
  Calculated 1000 temperatures. Range: 2.82 to 46.15
Processing batch 12/12 (rows 11001-11035)
  Calculated 35 temperatures. Range: 12.26 to 38.38
Total observations: 11035, Unique timestamps: 2207
MR parameters: mass=0.33, elev=2195.0, b0=16.50, b1=0.85, b2=-0.47, b3=0.000108
Sample tb=282.29 K, log(mass)=-1.1087, 1/(kT)=41.095996, exponent=-3.5204, rmr=0.029587
Sample tb=297.71 K, log(mass)=-1.1087, 1/(kT)=38.967773, exponent=-2.5202, rmr=0.080447
Sample tb=286.26 K, log(mass)=-1.1087, 1/(kT)=40.526544, exponent=-3.2528, rmr=0.038667
Sample tb=289.10 K, log(mass)=-1.1087, 1/(kT)=40.127380, exponent=-3.0652, rmr=0.046646
Sample tb=286.72 K, log(mass)=-1.1087, 1/(kT)=40.461089, exponent=-3.2220, rmr=0.039875
MR results: 0 NA, 0 infinite, 0 negative, 0 zero
Energy calculations: 5817 non-zero gains, 11035 non-zero losses out of 11035 observations
Saved results to output/results/A1/2018/M/eb_results_MS_2018_A1_A1.rds

Processing: Species=MS, Year=2019, Origin=A1, Climate=A1, Sex=M
Looking for climate data at: /mmfs1/gscratch/biology/jmsmith/targeted_microclimate/A1/simplified_A1_2019.rds
Directory /mmfs1/gscratch/biology/jmsmith/targeted_microclimate/A1 exists. Contents:
simplified_A1_1950.rds
simplified_A1_1951.rds
simplified_A1_1952.rds
simplified_A1_1953.rds
simplified_A1_1954.rds
simplified_A1_1955.rds
simplified_A1_1956.rds
simplified_A1_1957.rds
simplified_A1_1958.rds
simplified_A1_1959.rds
simplified_A1_2015.rds
simplified_A1_2016.rds
simplified_A1_2017.rds
simplified_A1_2018.rds
simplified_A1_2019.rds
simplified_A1_2020.rds
simplified_A1_2021.rds
simplified_A1_2022.rds
simplified_A1_2023.rds
simplified_A1_2024.rds
Processing batch 1/12 (rows 1-1000)
  Calculated 1000 temperatures. Range: 0.08 to 43.34
Processing batch 2/12 (rows 1001-2000)
  Calculated 1000 temperatures. Range: -1.56 to 44.17
Processing batch 3/12 (rows 2001-3000)
  Calculated 1000 temperatures. Range: -0.82 to 36.52
Processing batch 4/12 (rows 3001-4000)
  Calculated 1000 temperatures. Range: 1.69 to 51.13
Processing batch 5/12 (rows 4001-5000)
  Calculated 1000 temperatures. Range: 3.87 to 49.60
Processing batch 6/12 (rows 5001-6000)
  Calculated 1000 temperatures. Range: 5.89 to 52.04
Processing batch 7/12 (rows 6001-7000)
  Calculated 1000 temperatures. Range: 6.15 to 47.03
Processing batch 8/12 (rows 7001-8000)
  Calculated 1000 temperatures. Range: 4.88 to 46.51
Processing batch 9/12 (rows 8001-9000)
  Calculated 1000 temperatures. Range: 4.61 to 46.17
Processing batch 10/12 (rows 9001-10000)
  Calculated 1000 temperatures. Range: 3.68 to 47.98
Processing batch 11/12 (rows 10001-11000)
  Calculated 1000 temperatures. Range: 3.19 to 41.45
Processing batch 12/12 (rows 11001-11035)
  Calculated 35 temperatures. Range: 14.16 to 36.29
Total observations: 11035, Unique timestamps: 2207
MR parameters: mass=0.33, elev=2195.0, b0=16.50, b1=0.85, b2=-0.47, b3=0.000108
Sample tb=276.26 K, log(mass)=-1.1087, 1/(kT)=41.992274, exponent=-3.9417, rmr=0.019416
Sample tb=286.83 K, log(mass)=-1.1087, 1/(kT)=40.445142, exponent=-3.2145, rmr=0.040175
Sample tb=283.52 K, log(mass)=-1.1087, 1/(kT)=40.917474, exponent=-3.4365, rmr=0.032177
Sample tb=304.64 K, log(mass)=-1.1087, 1/(kT)=38.080329, exponent=-2.1031, rmr=0.122083
Sample tb=280.55 K, log(mass)=-1.1087, 1/(kT)=41.350029, exponent=-3.6398, rmr=0.026257
MR results: 0 NA, 0 infinite, 0 negative, 0 zero
Energy calculations: 5694 non-zero gains, 11035 non-zero losses out of 11035 observations
Saved results to output/results/A1/2019/M/eb_results_MS_2019_A1_A1.rds

Processing: Species=MS, Year=2020, Origin=A1, Climate=A1, Sex=M
Looking for climate data at: /mmfs1/gscratch/biology/jmsmith/targeted_microclimate/A1/simplified_A1_2020.rds
Directory /mmfs1/gscratch/biology/jmsmith/targeted_microclimate/A1 exists. Contents:
simplified_A1_1950.rds
simplified_A1_1951.rds
simplified_A1_1952.rds
simplified_A1_1953.rds
simplified_A1_1954.rds
simplified_A1_1955.rds
simplified_A1_1956.rds
simplified_A1_1957.rds
simplified_A1_1958.rds
simplified_A1_1959.rds
simplified_A1_2015.rds
simplified_A1_2016.rds
simplified_A1_2017.rds
simplified_A1_2018.rds
simplified_A1_2019.rds
simplified_A1_2020.rds
simplified_A1_2021.rds
simplified_A1_2022.rds
simplified_A1_2023.rds
simplified_A1_2024.rds
Processing batch 1/12 (rows 1-1000)
  Calculated 1000 temperatures. Range: 2.08 to 52.71
Processing batch 2/12 (rows 1001-2000)
  Calculated 1000 temperatures. Range: -1.29 to 45.06
Processing batch 3/12 (rows 2001-3000)
  Calculated 1000 temperatures. Range: -0.16 to 45.14
Processing batch 4/12 (rows 3001-4000)
  Calculated 1000 temperatures. Range: 0.78 to 45.44
Processing batch 5/12 (rows 4001-5000)
  Calculated 1000 temperatures. Range: 4.03 to 47.65
Processing batch 6/12 (rows 5001-6000)
  Calculated 1000 temperatures. Range: 6.52 to 48.27
Processing batch 7/12 (rows 6001-7000)
  Calculated 1000 temperatures. Range: 6.28 to 49.47
Processing batch 8/12 (rows 7001-8000)
  Calculated 1000 temperatures. Range: 4.25 to 44.98
Processing batch 9/12 (rows 8001-9000)
  Calculated 1000 temperatures. Range: 3.72 to 52.10
Processing batch 10/12 (rows 9001-10000)
  Calculated 1000 temperatures. Range: 4.14 to 43.59
Processing batch 11/12 (rows 10001-11000)
  Calculated 1000 temperatures. Range: 1.33 to 46.13
Processing batch 12/12 (rows 11001-11035)
  Calculated 35 temperatures. Range: 11.00 to 34.71
Total observations: 11035, Unique timestamps: 2207
MR parameters: mass=0.33, elev=2195.0, b0=16.50, b1=0.85, b2=-0.47, b3=0.000108
Sample tb=304.77 K, log(mass)=-1.1087, 1/(kT)=38.064182, exponent=-2.0955, rmr=0.123013
Sample tb=283.16 K, log(mass)=-1.1087, 1/(kT)=40.968985, exponent=-3.4607, rmr=0.031407
Sample tb=285.15 K, log(mass)=-1.1087, 1/(kT)=40.683404, exponent=-3.3265, rmr=0.035918
Sample tb=280.60 K, log(mass)=-1.1087, 1/(kT)=41.343369, exponent=-3.6367, rmr=0.026339
Sample tb=287.19 K, log(mass)=-1.1087, 1/(kT)=40.393920, exponent=-3.1904, rmr=0.041154
MR results: 0 NA, 0 infinite, 0 negative, 0 zero
Energy calculations: 5856 non-zero gains, 11035 non-zero losses out of 11035 observations
Saved results to output/results/A1/2020/M/eb_results_MS_2020_A1_A1.rds

Processing: Species=MS, Year=2021, Origin=A1, Climate=A1, Sex=M
Looking for climate data at: /mmfs1/gscratch/biology/jmsmith/targeted_microclimate/A1/simplified_A1_2021.rds
Directory /mmfs1/gscratch/biology/jmsmith/targeted_microclimate/A1 exists. Contents:
simplified_A1_1950.rds
simplified_A1_1951.rds
simplified_A1_1952.rds
simplified_A1_1953.rds
simplified_A1_1954.rds
simplified_A1_1955.rds
simplified_A1_1956.rds
simplified_A1_1957.rds
simplified_A1_1958.rds
simplified_A1_1959.rds
simplified_A1_2015.rds
simplified_A1_2016.rds
simplified_A1_2017.rds
simplified_A1_2018.rds
simplified_A1_2019.rds
simplified_A1_2020.rds
simplified_A1_2021.rds
simplified_A1_2022.rds
simplified_A1_2023.rds
simplified_A1_2024.rds
Processing batch 1/12 (rows 1-1000)
  Calculated 1000 temperatures. Range: -3.27 to 48.98
Processing batch 2/12 (rows 1001-2000)
  Calculated 1000 temperatures. Range: 1.05 to 53.93
Processing batch 3/12 (rows 2001-3000)
  Calculated 1000 temperatures. Range: 2.90 to 49.18
Processing batch 4/12 (rows 3001-4000)
  Calculated 1000 temperatures. Range: 2.61 to 47.36
Processing batch 5/12 (rows 4001-5000)
  Calculated 1000 temperatures. Range: 5.42 to 49.64
Processing batch 6/12 (rows 5001-6000)
  Calculated 1000 temperatures. Range: 4.78 to 47.76
Processing batch 7/12 (rows 6001-7000)
  Calculated 1000 temperatures. Range: 5.32 to 44.66
Processing batch 8/12 (rows 7001-8000)
  Calculated 1000 temperatures. Range: 4.44 to 43.96
Processing batch 9/12 (rows 8001-9000)
  Calculated 1000 temperatures. Range: 4.16 to 48.48
Processing batch 10/12 (rows 9001-10000)
  Calculated 1000 temperatures. Range: 4.49 to 45.18
Processing batch 11/12 (rows 10001-11000)
  Calculated 1000 temperatures. Range: 3.59 to 46.62
Processing batch 12/12 (rows 11001-11035)
  Calculated 35 temperatures. Range: 14.30 to 42.96
Total observations: 11035, Unique timestamps: 2207
MR parameters: mass=0.33, elev=2195.0, b0=16.50, b1=0.85, b2=-0.47, b3=0.000108
Sample tb=309.33 K, log(mass)=-1.1087, 1/(kT)=37.502955, exponent=-1.8317, rmr=0.160142
Sample tb=288.02 K, log(mass)=-1.1087, 1/(kT)=40.277708, exponent=-3.1358, rmr=0.043464
Sample tb=311.85 K, log(mass)=-1.1087, 1/(kT)=37.199807, exponent=-1.6892, rmr=0.184665
Sample tb=278.61 K, log(mass)=-1.1087, 1/(kT)=41.638611, exponent=-3.7755, rmr=0.022927
Sample tb=294.35 K, log(mass)=-1.1087, 1/(kT)=39.411668, exponent=-2.7288, rmr=0.065298
MR results: 0 NA, 0 infinite, 0 negative, 0 zero
Energy calculations: 5980 non-zero gains, 11035 non-zero losses out of 11035 observations
Saved results to output/results/A1/2021/M/eb_results_MS_2021_A1_A1.rds

Processing: Species=MS, Year=2022, Origin=A1, Climate=A1, Sex=M
Looking for climate data at: /mmfs1/gscratch/biology/jmsmith/targeted_microclimate/A1/simplified_A1_2022.rds
Directory /mmfs1/gscratch/biology/jmsmith/targeted_microclimate/A1 exists. Contents:
simplified_A1_1950.rds
simplified_A1_1951.rds
simplified_A1_1952.rds
simplified_A1_1953.rds
simplified_A1_1954.rds
simplified_A1_1955.rds
simplified_A1_1956.rds
simplified_A1_1957.rds
simplified_A1_1958.rds
simplified_A1_1959.rds
simplified_A1_2015.rds
simplified_A1_2016.rds
simplified_A1_2017.rds
simplified_A1_2018.rds
simplified_A1_2019.rds
simplified_A1_2020.rds
simplified_A1_2021.rds
simplified_A1_2022.rds
simplified_A1_2023.rds
simplified_A1_2024.rds
Processing batch 1/12 (rows 1-1000)
  Calculated 1000 temperatures. Range: -4.58 to 41.09
Processing batch 2/12 (rows 1001-2000)
  Calculated 1000 temperatures. Range: 0.20 to 45.36
Processing batch 3/12 (rows 2001-3000)
  Calculated 1000 temperatures. Range: 0.30 to 48.63
Processing batch 4/12 (rows 3001-4000)
  Calculated 1000 temperatures. Range: 3.44 to 49.01
Processing batch 5/12 (rows 4001-5000)
  Calculated 1000 temperatures. Range: 6.33 to 50.68
Processing batch 6/12 (rows 5001-6000)
  Calculated 1000 temperatures. Range: 7.04 to 49.27
Processing batch 7/12 (rows 6001-7000)
  Calculated 1000 temperatures. Range: 6.47 to 48.29
Processing batch 8/12 (rows 7001-8000)
  Calculated 1000 temperatures. Range: 6.10 to 49.04
Processing batch 9/12 (rows 8001-9000)
  Calculated 1000 temperatures. Range: 6.84 to 43.59
Processing batch 10/12 (rows 9001-10000)
  Calculated 1000 temperatures. Range: 4.19 to 36.16
Processing batch 11/12 (rows 10001-11000)
  Calculated 1000 temperatures. Range: 4.51 to 40.83
Processing batch 12/12 (rows 11001-11035)
  Calculated 35 temperatures. Range: 14.62 to 37.39
Total observations: 11035, Unique timestamps: 2207
MR parameters: mass=0.33, elev=2195.0, b0=16.50, b1=0.85, b2=-0.47, b3=0.000108
Sample tb=285.06 K, log(mass)=-1.1087, 1/(kT)=40.696034, exponent=-3.3324, rmr=0.035706
Sample tb=280.78 K, log(mass)=-1.1087, 1/(kT)=41.316245, exponent=-3.6239, rmr=0.026677
Sample tb=280.10 K, log(mass)=-1.1087, 1/(kT)=41.416792, exponent=-3.6712, rmr=0.025446
Sample tb=288.65 K, log(mass)=-1.1087, 1/(kT)=40.189920, exponent=-3.0946, rmr=0.045295
Sample tb=288.64 K, log(mass)=-1.1087, 1/(kT)=40.191367, exponent=-3.0952, rmr=0.045264
MR results: 0 NA, 0 infinite, 0 negative, 0 zero
Energy calculations: 6062 non-zero gains, 11035 non-zero losses out of 11035 observations
Saved results to output/results/A1/2022/M/eb_results_MS_2022_A1_A1.rds

Processing: Species=MS, Year=2023, Origin=A1, Climate=A1, Sex=M
Looking for climate data at: /mmfs1/gscratch/biology/jmsmith/targeted_microclimate/A1/simplified_A1_2023.rds
Directory /mmfs1/gscratch/biology/jmsmith/targeted_microclimate/A1 exists. Contents:
simplified_A1_1950.rds
simplified_A1_1951.rds
simplified_A1_1952.rds
simplified_A1_1953.rds
simplified_A1_1954.rds
simplified_A1_1955.rds
simplified_A1_1956.rds
simplified_A1_1957.rds
simplified_A1_1958.rds
simplified_A1_1959.rds
simplified_A1_2015.rds
simplified_A1_2016.rds
simplified_A1_2017.rds
simplified_A1_2018.rds
simplified_A1_2019.rds
simplified_A1_2020.rds
simplified_A1_2021.rds
simplified_A1_2022.rds
simplified_A1_2023.rds
simplified_A1_2024.rds
Processing batch 1/12 (rows 1-1000)
  Calculated 1000 temperatures. Range: 1.28 to 39.64
Processing batch 2/12 (rows 1001-2000)
  Calculated 1000 temperatures. Range: 1.01 to 40.14
Processing batch 3/12 (rows 2001-3000)
  Calculated 1000 temperatures. Range: 0.74 to 45.42
Processing batch 4/12 (rows 3001-4000)
  Calculated 1000 temperatures. Range: 2.56 to 46.00
Processing batch 5/12 (rows 4001-5000)
  Calculated 1000 temperatures. Range: 5.08 to 48.16
Processing batch 6/12 (rows 5001-6000)
  Calculated 1000 temperatures. Range: 4.45 to 47.02
Processing batch 7/12 (rows 6001-7000)
  Calculated 1000 temperatures. Range: 5.02 to 48.54
Processing batch 8/12 (rows 7001-8000)
  Calculated 1000 temperatures. Range: 5.38 to 47.51
Processing batch 9/12 (rows 8001-9000)
  Calculated 1000 temperatures. Range: 2.91 to 46.57
Processing batch 10/12 (rows 9001-10000)
  Calculated 1000 temperatures. Range: 4.02 to 47.70
Processing batch 11/12 (rows 10001-11000)
  Calculated 1000 temperatures. Range: 4.34 to 41.93
Processing batch 12/12 (rows 11001-11035)
  Calculated 35 temperatures. Range: 14.80 to 37.50
Total observations: 11035, Unique timestamps: 2207
MR parameters: mass=0.33, elev=2195.0, b0=16.50, b1=0.85, b2=-0.47, b3=0.000108
Sample tb=282.61 K, log(mass)=-1.1087, 1/(kT)=41.049049, exponent=-3.4984, rmr=0.030247
Sample tb=292.05 K, log(mass)=-1.1087, 1/(kT)=39.722834, exponent=-2.8750, rmr=0.056414
Sample tb=298.04 K, log(mass)=-1.1087, 1/(kT)=38.924566, exponent=-2.4998, rmr=0.082097
Sample tb=279.68 K, log(mass)=-1.1087, 1/(kT)=41.478887, exponent=-3.7004, rmr=0.024714
Sample tb=289.46 K, log(mass)=-1.1087, 1/(kT)=40.077461, exponent=-3.0417, rmr=0.047753
MR results: 0 NA, 0 infinite, 0 negative, 0 zero
Energy calculations: 5499 non-zero gains, 11035 non-zero losses out of 11035 observations
Saved results to output/results/A1/2023/M/eb_results_MS_2023_A1_A1.rds

Processing: Species=MS, Year=2024, Origin=A1, Climate=A1, Sex=M
Looking for climate data at: /mmfs1/gscratch/biology/jmsmith/targeted_microclimate/A1/simplified_A1_2024.rds
Directory /mmfs1/gscratch/biology/jmsmith/targeted_microclimate/A1 exists. Contents:
simplified_A1_1950.rds
simplified_A1_1951.rds
simplified_A1_1952.rds
simplified_A1_1953.rds
simplified_A1_1954.rds
simplified_A1_1955.rds
simplified_A1_1956.rds
simplified_A1_1957.rds
simplified_A1_1958.rds
simplified_A1_1959.rds
simplified_A1_2015.rds
simplified_A1_2016.rds
simplified_A1_2017.rds
simplified_A1_2018.rds
simplified_A1_2019.rds
simplified_A1_2020.rds
simplified_A1_2021.rds
simplified_A1_2022.rds
simplified_A1_2023.rds
simplified_A1_2024.rds
Processing batch 1/12 (rows 1-1000)
  Calculated 1000 temperatures. Range: 0.58 to 44.08
Processing batch 2/12 (rows 1001-2000)
  Calculated 1000 temperatures. Range: 3.79 to 46.02
Processing batch 3/12 (rows 2001-3000)
  Calculated 1000 temperatures. Range: 0.19 to 50.91
Processing batch 4/12 (rows 3001-4000)
  Calculated 1000 temperatures. Range: 4.24 to 47.52
Processing batch 5/12 (rows 4001-5000)
  Calculated 1000 temperatures. Range: 2.66 to 43.00
Processing batch 6/12 (rows 5001-6000)
  Calculated 1000 temperatures. Range: 6.00 to 49.94
Processing batch 7/12 (rows 6001-7000)
  Calculated 1000 temperatures. Range: 3.38 to 45.53
Processing batch 8/12 (rows 7001-8000)
  Calculated 1000 temperatures. Range: 4.43 to 50.28
Processing batch 9/12 (rows 8001-9000)
  Calculated 1000 temperatures. Range: 7.06 to 48.57
Processing batch 10/12 (rows 9001-10000)
  Calculated 1000 temperatures. Range: 4.92 to 47.69
Processing batch 11/12 (rows 10001-11000)
  Calculated 1000 temperatures. Range: 3.46 to 42.56
Processing batch 12/12 (rows 11001-11035)
  Calculated 35 temperatures. Range: 13.12 to 35.07
Total observations: 11035, Unique timestamps: 2207
MR parameters: mass=0.33, elev=2195.0, b0=16.50, b1=0.85, b2=-0.47, b3=0.000108
Sample tb=287.46 K, log(mass)=-1.1087, 1/(kT)=40.356711, exponent=-3.1730, rmr=0.041880
Sample tb=295.70 K, log(mass)=-1.1087, 1/(kT)=39.231814, exponent=-2.6443, rmr=0.071058
Sample tb=285.15 K, log(mass)=-1.1087, 1/(kT)=40.684184, exponent=-3.3269, rmr=0.035905
Sample tb=284.38 K, log(mass)=-1.1087, 1/(kT)=40.793845, exponent=-3.3784, rmr=0.034102
Sample tb=289.81 K, log(mass)=-1.1087, 1/(kT)=40.028782, exponent=-3.0188, rmr=0.048858
MR results: 0 NA, 0 infinite, 0 negative, 0 zero
Energy calculations: 6105 non-zero gains, 11035 non-zero losses out of 11035 observations
Saved results to output/results/A1/2024/M/eb_results_MS_2024_A1_A1.rds

All years processed.
