Arguments received:
Species: MB
Years: 2015, 2016, 2017, 2018, 2019, 2020, 2021, 2022, 2023, 2024
Origin site: C1
Climate site: A1
Sex: F
Output directory: output/results/C1
Library paths:
[1] "/gscratch/biology/jmsmith/R"                          
[2] "/mmfs1/home/smithju/R/x86_64-pc-linux-gnu-library/4.4"
[3] "/usr/local/lib/R/site-library"                        
[4] "/usr/local/lib/R/library"                             
Package tidyverse loaded successfully
Package TrenchR loaded successfully
Package rTPC loaded successfully
Package lubridate loaded successfully

Processing: Species=MB, Year=2015, Origin=C1, Climate=A1, Sex=F
Looking for climate data at: /mmfs1/gscratch/biology/jmsmith/targeted_microclimate/A1/simplified_A1_2015.rds
Directory /mmfs1/gscratch/biology/jmsmith/targeted_microclimate/A1 exists. Contents:
simplified_A1_1950.rds
simplified_A1_1951.rds
simplified_A1_1952.rds
simplified_A1_1953.rds
simplified_A1_1954.rds
simplified_A1_1955.rds
simplified_A1_1956.rds
simplified_A1_1957.rds
simplified_A1_1958.rds
simplified_A1_1959.rds
simplified_A1_2015.rds
simplified_A1_2016.rds
simplified_A1_2017.rds
simplified_A1_2018.rds
simplified_A1_2019.rds
simplified_A1_2020.rds
simplified_A1_2021.rds
simplified_A1_2022.rds
simplified_A1_2023.rds
simplified_A1_2024.rds
Processing batch 1/12 (rows 1-1000)
  Calculated 1000 temperatures. Range: 1.40 to 44.39
Processing batch 2/12 (rows 1001-2000)
  Calculated 1000 temperatures. Range: 2.04 to 45.98
Processing batch 3/12 (rows 2001-3000)
  Calculated 1000 temperatures. Range: 4.45 to 45.91
Processing batch 4/12 (rows 3001-4000)
  Calculated 1000 temperatures. Range: 6.14 to 48.53
Processing batch 5/12 (rows 4001-5000)
  Calculated 1000 temperatures. Range: 3.74 to 45.43
Processing batch 6/12 (rows 5001-6000)
  Calculated 1000 temperatures. Range: 4.50 to 46.54
Processing batch 7/12 (rows 6001-7000)
  Calculated 1000 temperatures. Range: 4.04 to 51.48
Processing batch 8/12 (rows 7001-8000)
  Calculated 1000 temperatures. Range: 4.21 to 44.43
Processing batch 9/12 (rows 8001-9000)
  Calculated 1000 temperatures. Range: 4.63 to 46.70
Processing batch 10/12 (rows 9001-10000)
  Calculated 1000 temperatures. Range: 1.89 to 47.74
Processing batch 11/12 (rows 10001-11000)
  Calculated 1000 temperatures. Range: 1.95 to 44.65
Processing batch 12/12 (rows 11001-11035)
  Calculated 35 temperatures. Range: 10.81 to 38.29
Total observations: 11035, Unique timestamps: 2207
MR parameters: mass=0.24, elev=3014.0, b0=17.10, b1=0.98, b2=-0.48, b3=0.000124
Sample tb=285.61 K, log(mass)=-1.4271, 1/(kT)=40.618471, exponent=-3.4217, rmr=0.032657
Sample tb=277.24 K, log(mass)=-1.4271, 1/(kT)=41.844625, exponent=-4.0103, rmr=0.018129
Sample tb=285.22 K, log(mass)=-1.4271, 1/(kT)=40.673026, exponent=-3.4479, rmr=0.031813
Sample tb=281.49 K, log(mass)=-1.4271, 1/(kT)=41.212649, exponent=-3.7069, rmr=0.024553
Sample tb=284.33 K, log(mass)=-1.4271, 1/(kT)=40.801471, exponent=-3.5095, rmr=0.029911
MR results: 0 NA, 0 infinite, 0 negative, 0 zero
Energy calculations: 6449 non-zero gains, 11035 non-zero losses out of 11035 observations
Saved results to output/results/C1/2015/F/eb_results_MB_2015_C1_A1.rds

Processing: Species=MB, Year=2016, Origin=C1, Climate=A1, Sex=F
Looking for climate data at: /mmfs1/gscratch/biology/jmsmith/targeted_microclimate/A1/simplified_A1_2016.rds
Directory /mmfs1/gscratch/biology/jmsmith/targeted_microclimate/A1 exists. Contents:
simplified_A1_1950.rds
simplified_A1_1951.rds
simplified_A1_1952.rds
simplified_A1_1953.rds
simplified_A1_1954.rds
simplified_A1_1955.rds
simplified_A1_1956.rds
simplified_A1_1957.rds
simplified_A1_1958.rds
simplified_A1_1959.rds
simplified_A1_2015.rds
simplified_A1_2016.rds
simplified_A1_2017.rds
simplified_A1_2018.rds
simplified_A1_2019.rds
simplified_A1_2020.rds
simplified_A1_2021.rds
simplified_A1_2022.rds
simplified_A1_2023.rds
simplified_A1_2024.rds
Processing batch 1/12 (rows 1-1000)
  Calculated 1000 temperatures. Range: 0.76 to 45.27
Processing batch 2/12 (rows 1001-2000)
  Calculated 1000 temperatures. Range: 1.97 to 48.65
Processing batch 3/12 (rows 2001-3000)
  Calculated 1000 temperatures. Range: 5.09 to 49.67
Processing batch 4/12 (rows 3001-4000)
  Calculated 1000 temperatures. Range: 4.35 to 45.95
Processing batch 5/12 (rows 4001-5000)
  Calculated 1000 temperatures. Range: 3.64 to 47.91
Processing batch 6/12 (rows 5001-6000)
  Calculated 1000 temperatures. Range: 2.93 to 46.08
Processing batch 7/12 (rows 6001-7000)
  Calculated 1000 temperatures. Range: 6.42 to 47.58
Processing batch 8/12 (rows 7001-8000)
  Calculated 1000 temperatures. Range: 6.40 to 46.38
Processing batch 9/12 (rows 8001-9000)
  Calculated 1000 temperatures. Range: 3.46 to 45.08
Processing batch 10/12 (rows 9001-10000)
  Calculated 1000 temperatures. Range: 2.47 to 40.57
Processing batch 11/12 (rows 10001-11000)
  Calculated 1000 temperatures. Range: 1.33 to 41.83
Processing batch 12/12 (rows 11001-11035)
  Calculated 35 temperatures. Range: 12.18 to 32.57
Total observations: 11035, Unique timestamps: 2207
MR parameters: mass=0.24, elev=3014.0, b0=17.10, b1=0.98, b2=-0.48, b3=0.000124
Sample tb=281.58 K, log(mass)=-1.4271, 1/(kT)=41.198887, exponent=-3.7003, rmr=0.024716
Sample tb=290.61 K, log(mass)=-1.4271, 1/(kT)=39.919083, exponent=-3.0860, rmr=0.045684
Sample tb=291.66 K, log(mass)=-1.4271, 1/(kT)=39.776024, exponent=-3.0173, rmr=0.048932
Sample tb=298.04 K, log(mass)=-1.4271, 1/(kT)=38.924567, exponent=-2.6086, rmr=0.073635
Sample tb=304.00 K, log(mass)=-1.4271, 1/(kT)=38.161126, exponent=-2.2422, rmr=0.106227
MR results: 0 NA, 0 infinite, 0 negative, 0 zero
Energy calculations: 6636 non-zero gains, 11035 non-zero losses out of 11035 observations
Saved results to output/results/C1/2016/F/eb_results_MB_2016_C1_A1.rds

Processing: Species=MB, Year=2017, Origin=C1, Climate=A1, Sex=F
Looking for climate data at: /mmfs1/gscratch/biology/jmsmith/targeted_microclimate/A1/simplified_A1_2017.rds
Directory /mmfs1/gscratch/biology/jmsmith/targeted_microclimate/A1 exists. Contents:
simplified_A1_1950.rds
simplified_A1_1951.rds
simplified_A1_1952.rds
simplified_A1_1953.rds
simplified_A1_1954.rds
simplified_A1_1955.rds
simplified_A1_1956.rds
simplified_A1_1957.rds
simplified_A1_1958.rds
simplified_A1_1959.rds
simplified_A1_2015.rds
simplified_A1_2016.rds
simplified_A1_2017.rds
simplified_A1_2018.rds
simplified_A1_2019.rds
simplified_A1_2020.rds
simplified_A1_2021.rds
simplified_A1_2022.rds
simplified_A1_2023.rds
simplified_A1_2024.rds
Processing batch 1/12 (rows 1-1000)
  Calculated 1000 temperatures. Range: 1.01 to 44.67
Processing batch 2/12 (rows 1001-2000)
  Calculated 1000 temperatures. Range: 0.06 to 42.96
Processing batch 3/12 (rows 2001-3000)
  Calculated 1000 temperatures. Range: 4.42 to 43.80
Processing batch 4/12 (rows 3001-4000)
  Calculated 1000 temperatures. Range: 1.81 to 46.04
Processing batch 5/12 (rows 4001-5000)
  Calculated 1000 temperatures. Range: 5.12 to 47.81
Processing batch 6/12 (rows 5001-6000)
  Calculated 1000 temperatures. Range: 5.02 to 47.09
Processing batch 7/12 (rows 6001-7000)
  Calculated 1000 temperatures. Range: 7.24 to 45.97
Processing batch 8/12 (rows 7001-8000)
  Calculated 1000 temperatures. Range: 4.77 to 41.98
Processing batch 9/12 (rows 8001-9000)
  Calculated 1000 temperatures. Range: 3.96 to 41.80
Processing batch 10/12 (rows 9001-10000)
  Calculated 1000 temperatures. Range: 3.63 to 44.25
Processing batch 11/12 (rows 10001-11000)
  Calculated 1000 temperatures. Range: 4.23 to 46.17
Processing batch 12/12 (rows 11001-11035)
  Calculated 35 temperatures. Range: 13.15 to 43.43
Total observations: 11035, Unique timestamps: 2207
MR parameters: mass=0.24, elev=3014.0, b0=17.10, b1=0.98, b2=-0.48, b3=0.000124
Sample tb=280.33 K, log(mass)=-1.4271, 1/(kT)=41.383800, exponent=-3.7891, rmr=0.022617
Sample tb=279.93 K, log(mass)=-1.4271, 1/(kT)=41.442549, exponent=-3.8173, rmr=0.021988
Sample tb=293.36 K, log(mass)=-1.4271, 1/(kT)=39.544512, exponent=-2.9062, rmr=0.054683
Sample tb=297.90 K, log(mass)=-1.4271, 1/(kT)=38.942124, exponent=-2.6171, rmr=0.073017
Sample tb=286.06 K, log(mass)=-1.4271, 1/(kT)=40.554016, exponent=-3.3908, rmr=0.033683
MR results: 0 NA, 0 infinite, 0 negative, 0 zero
Energy calculations: 6539 non-zero gains, 11035 non-zero losses out of 11035 observations
Saved results to output/results/C1/2017/F/eb_results_MB_2017_C1_A1.rds

Processing: Species=MB, Year=2018, Origin=C1, Climate=A1, Sex=F
Looking for climate data at: /mmfs1/gscratch/biology/jmsmith/targeted_microclimate/A1/simplified_A1_2018.rds
Directory /mmfs1/gscratch/biology/jmsmith/targeted_microclimate/A1 exists. Contents:
simplified_A1_1950.rds
simplified_A1_1951.rds
simplified_A1_1952.rds
simplified_A1_1953.rds
simplified_A1_1954.rds
simplified_A1_1955.rds
simplified_A1_1956.rds
simplified_A1_1957.rds
simplified_A1_1958.rds
simplified_A1_1959.rds
simplified_A1_2015.rds
simplified_A1_2016.rds
simplified_A1_2017.rds
simplified_A1_2018.rds
simplified_A1_2019.rds
simplified_A1_2020.rds
simplified_A1_2021.rds
simplified_A1_2022.rds
simplified_A1_2023.rds
simplified_A1_2024.rds
Processing batch 1/12 (rows 1-1000)
  Calculated 1000 temperatures. Range: -0.40 to 45.53
Processing batch 2/12 (rows 1001-2000)
  Calculated 1000 temperatures. Range: 1.41 to 46.72
Processing batch 3/12 (rows 2001-3000)
  Calculated 1000 temperatures. Range: 1.96 to 40.87
Processing batch 4/12 (rows 3001-4000)
  Calculated 1000 temperatures. Range: 2.75 to 48.31
Processing batch 5/12 (rows 4001-5000)
  Calculated 1000 temperatures. Range: 5.86 to 46.94
Processing batch 6/12 (rows 5001-6000)
  Calculated 1000 temperatures. Range: 6.38 to 43.36
Processing batch 7/12 (rows 6001-7000)
  Calculated 1000 temperatures. Range: 6.69 to 50.08
Processing batch 8/12 (rows 7001-8000)
  Calculated 1000 temperatures. Range: 4.98 to 45.54
Processing batch 9/12 (rows 8001-9000)
  Calculated 1000 temperatures. Range: 3.68 to 42.71
Processing batch 10/12 (rows 9001-10000)
  Calculated 1000 temperatures. Range: 2.07 to 43.90
Processing batch 11/12 (rows 10001-11000)
  Calculated 1000 temperatures. Range: 2.82 to 46.15
Processing batch 12/12 (rows 11001-11035)
  Calculated 35 temperatures. Range: 12.26 to 38.38
Total observations: 11035, Unique timestamps: 2207
MR parameters: mass=0.24, elev=3014.0, b0=17.10, b1=0.98, b2=-0.48, b3=0.000124
Sample tb=294.16 K, log(mass)=-1.4271, 1/(kT)=39.436866, exponent=-2.8545, rmr=0.057583
Sample tb=282.00 K, log(mass)=-1.4271, 1/(kT)=41.138341, exponent=-3.6712, rmr=0.025445
Sample tb=284.72 K, log(mass)=-1.4271, 1/(kT)=40.744452, exponent=-3.4822, rmr=0.030740
Sample tb=302.49 K, log(mass)=-1.4271, 1/(kT)=38.351143, exponent=-2.3334, rmr=0.096967
Sample tb=294.21 K, log(mass)=-1.4271, 1/(kT)=39.431189, exponent=-2.8518, rmr=0.057740
MR results: 0 NA, 0 infinite, 0 negative, 0 zero
Energy calculations: 6585 non-zero gains, 11035 non-zero losses out of 11035 observations
Saved results to output/results/C1/2018/F/eb_results_MB_2018_C1_A1.rds

Processing: Species=MB, Year=2019, Origin=C1, Climate=A1, Sex=F
Looking for climate data at: /mmfs1/gscratch/biology/jmsmith/targeted_microclimate/A1/simplified_A1_2019.rds
Directory /mmfs1/gscratch/biology/jmsmith/targeted_microclimate/A1 exists. Contents:
simplified_A1_1950.rds
simplified_A1_1951.rds
simplified_A1_1952.rds
simplified_A1_1953.rds
simplified_A1_1954.rds
simplified_A1_1955.rds
simplified_A1_1956.rds
simplified_A1_1957.rds
simplified_A1_1958.rds
simplified_A1_1959.rds
simplified_A1_2015.rds
simplified_A1_2016.rds
simplified_A1_2017.rds
simplified_A1_2018.rds
simplified_A1_2019.rds
simplified_A1_2020.rds
simplified_A1_2021.rds
simplified_A1_2022.rds
simplified_A1_2023.rds
simplified_A1_2024.rds
Processing batch 1/12 (rows 1-1000)
  Calculated 1000 temperatures. Range: 0.08 to 43.34
Processing batch 2/12 (rows 1001-2000)
  Calculated 1000 temperatures. Range: -1.56 to 44.17
Processing batch 3/12 (rows 2001-3000)
  Calculated 1000 temperatures. Range: -0.82 to 36.52
Processing batch 4/12 (rows 3001-4000)
  Calculated 1000 temperatures. Range: 1.69 to 51.13
Processing batch 5/12 (rows 4001-5000)
  Calculated 1000 temperatures. Range: 3.87 to 49.60
Processing batch 6/12 (rows 5001-6000)
  Calculated 1000 temperatures. Range: 5.89 to 52.04
Processing batch 7/12 (rows 6001-7000)
  Calculated 1000 temperatures. Range: 6.15 to 47.03
Processing batch 8/12 (rows 7001-8000)
  Calculated 1000 temperatures. Range: 4.88 to 46.51
Processing batch 9/12 (rows 8001-9000)
  Calculated 1000 temperatures. Range: 4.61 to 46.17
Processing batch 10/12 (rows 9001-10000)
  Calculated 1000 temperatures. Range: 3.68 to 47.98
Processing batch 11/12 (rows 10001-11000)
  Calculated 1000 temperatures. Range: 3.19 to 41.45
Processing batch 12/12 (rows 11001-11035)
  Calculated 35 temperatures. Range: 14.16 to 36.29
Total observations: 11035, Unique timestamps: 2207
MR parameters: mass=0.24, elev=3014.0, b0=17.10, b1=0.98, b2=-0.48, b3=0.000124
Sample tb=304.98 K, log(mass)=-1.4271, 1/(kT)=38.038318, exponent=-2.1832, rmr=0.112677
Sample tb=276.97 K, log(mass)=-1.4271, 1/(kT)=41.885059, exponent=-4.0297, rmr=0.017780
Sample tb=310.97 K, log(mass)=-1.4271, 1/(kT)=37.305573, exponent=-1.8315, rmr=0.160171
Sample tb=290.72 K, log(mass)=-1.4271, 1/(kT)=39.904564, exponent=-3.0790, rmr=0.046004
Sample tb=280.69 K, log(mass)=-1.4271, 1/(kT)=41.330244, exponent=-3.7634, rmr=0.023206
MR results: 0 NA, 0 infinite, 0 negative, 0 zero
Energy calculations: 6464 non-zero gains, 11035 non-zero losses out of 11035 observations
Saved results to output/results/C1/2019/F/eb_results_MB_2019_C1_A1.rds

Processing: Species=MB, Year=2020, Origin=C1, Climate=A1, Sex=F
Looking for climate data at: /mmfs1/gscratch/biology/jmsmith/targeted_microclimate/A1/simplified_A1_2020.rds
Directory /mmfs1/gscratch/biology/jmsmith/targeted_microclimate/A1 exists. Contents:
simplified_A1_1950.rds
simplified_A1_1951.rds
simplified_A1_1952.rds
simplified_A1_1953.rds
simplified_A1_1954.rds
simplified_A1_1955.rds
simplified_A1_1956.rds
simplified_A1_1957.rds
simplified_A1_1958.rds
simplified_A1_1959.rds
simplified_A1_2015.rds
simplified_A1_2016.rds
simplified_A1_2017.rds
simplified_A1_2018.rds
simplified_A1_2019.rds
simplified_A1_2020.rds
simplified_A1_2021.rds
simplified_A1_2022.rds
simplified_A1_2023.rds
simplified_A1_2024.rds
Processing batch 1/12 (rows 1-1000)
  Calculated 1000 temperatures. Range: 2.08 to 52.71
Processing batch 2/12 (rows 1001-2000)
  Calculated 1000 temperatures. Range: -1.29 to 45.06
Processing batch 3/12 (rows 2001-3000)
  Calculated 1000 temperatures. Range: -0.16 to 45.14
Processing batch 4/12 (rows 3001-4000)
  Calculated 1000 temperatures. Range: 0.78 to 45.44
Processing batch 5/12 (rows 4001-5000)
  Calculated 1000 temperatures. Range: 4.03 to 47.65
Processing batch 6/12 (rows 5001-6000)
  Calculated 1000 temperatures. Range: 6.52 to 48.27
Processing batch 7/12 (rows 6001-7000)
  Calculated 1000 temperatures. Range: 6.28 to 49.47
Processing batch 8/12 (rows 7001-8000)
  Calculated 1000 temperatures. Range: 4.25 to 44.98
Processing batch 9/12 (rows 8001-9000)
  Calculated 1000 temperatures. Range: 3.72 to 52.10
Processing batch 10/12 (rows 9001-10000)
  Calculated 1000 temperatures. Range: 4.14 to 43.59
Processing batch 11/12 (rows 10001-11000)
  Calculated 1000 temperatures. Range: 1.33 to 46.13
Processing batch 12/12 (rows 11001-11035)
  Calculated 35 temperatures. Range: 11.00 to 34.71
Total observations: 11035, Unique timestamps: 2207
MR parameters: mass=0.24, elev=3014.0, b0=17.10, b1=0.98, b2=-0.48, b3=0.000124
Sample tb=285.87 K, log(mass)=-1.4271, 1/(kT)=40.581315, exponent=-3.4039, rmr=0.033244
Sample tb=294.05 K, log(mass)=-1.4271, 1/(kT)=39.452552, exponent=-2.8621, rmr=0.057151
Sample tb=289.03 K, log(mass)=-1.4271, 1/(kT)=40.136924, exponent=-3.1906, rmr=0.041149
Sample tb=289.88 K, log(mass)=-1.4271, 1/(kT)=40.020252, exponent=-3.1346, rmr=0.043519
Sample tb=287.24 K, log(mass)=-1.4271, 1/(kT)=40.387481, exponent=-3.3108, rmr=0.036486
MR results: 0 NA, 0 infinite, 0 negative, 0 zero
Energy calculations: 6569 non-zero gains, 11035 non-zero losses out of 11035 observations
Saved results to output/results/C1/2020/F/eb_results_MB_2020_C1_A1.rds

Processing: Species=MB, Year=2021, Origin=C1, Climate=A1, Sex=F
Looking for climate data at: /mmfs1/gscratch/biology/jmsmith/targeted_microclimate/A1/simplified_A1_2021.rds
Directory /mmfs1/gscratch/biology/jmsmith/targeted_microclimate/A1 exists. Contents:
simplified_A1_1950.rds
simplified_A1_1951.rds
simplified_A1_1952.rds
simplified_A1_1953.rds
simplified_A1_1954.rds
simplified_A1_1955.rds
simplified_A1_1956.rds
simplified_A1_1957.rds
simplified_A1_1958.rds
simplified_A1_1959.rds
simplified_A1_2015.rds
simplified_A1_2016.rds
simplified_A1_2017.rds
simplified_A1_2018.rds
simplified_A1_2019.rds
simplified_A1_2020.rds
simplified_A1_2021.rds
simplified_A1_2022.rds
simplified_A1_2023.rds
simplified_A1_2024.rds
Processing batch 1/12 (rows 1-1000)
  Calculated 1000 temperatures. Range: -3.27 to 48.98
Processing batch 2/12 (rows 1001-2000)
  Calculated 1000 temperatures. Range: 1.05 to 53.93
Processing batch 3/12 (rows 2001-3000)
  Calculated 1000 temperatures. Range: 2.90 to 49.18
Processing batch 4/12 (rows 3001-4000)
  Calculated 1000 temperatures. Range: 2.61 to 47.36
Processing batch 5/12 (rows 4001-5000)
  Calculated 1000 temperatures. Range: 5.42 to 49.64
Processing batch 6/12 (rows 5001-6000)
  Calculated 1000 temperatures. Range: 4.78 to 47.76
Processing batch 7/12 (rows 6001-7000)
  Calculated 1000 temperatures. Range: 5.32 to 44.66
Processing batch 8/12 (rows 7001-8000)
  Calculated 1000 temperatures. Range: 4.44 to 43.96
Processing batch 9/12 (rows 8001-9000)
  Calculated 1000 temperatures. Range: 4.16 to 48.48
Processing batch 10/12 (rows 9001-10000)
  Calculated 1000 temperatures. Range: 4.49 to 45.18
Processing batch 11/12 (rows 10001-11000)
  Calculated 1000 temperatures. Range: 3.59 to 46.62
Processing batch 12/12 (rows 11001-11035)
  Calculated 35 temperatures. Range: 14.30 to 42.96
Total observations: 11035, Unique timestamps: 2207
MR parameters: mass=0.24, elev=3014.0, b0=17.10, b1=0.98, b2=-0.48, b3=0.000124
Sample tb=283.37 K, log(mass)=-1.4271, 1/(kT)=40.938744, exponent=-3.5754, rmr=0.028003
Sample tb=280.13 K, log(mass)=-1.4271, 1/(kT)=41.412214, exponent=-3.8027, rmr=0.022310
Sample tb=281.85 K, log(mass)=-1.4271, 1/(kT)=41.159268, exponent=-3.6813, rmr=0.025191
Sample tb=310.95 K, log(mass)=-1.4271, 1/(kT)=37.307727, exponent=-1.8325, rmr=0.160006
Sample tb=282.92 K, log(mass)=-1.4271, 1/(kT)=41.004158, exponent=-3.6068, rmr=0.027138
MR results: 0 NA, 0 infinite, 0 negative, 0 zero
Energy calculations: 6812 non-zero gains, 11035 non-zero losses out of 11035 observations
Saved results to output/results/C1/2021/F/eb_results_MB_2021_C1_A1.rds

Processing: Species=MB, Year=2022, Origin=C1, Climate=A1, Sex=F
Looking for climate data at: /mmfs1/gscratch/biology/jmsmith/targeted_microclimate/A1/simplified_A1_2022.rds
Directory /mmfs1/gscratch/biology/jmsmith/targeted_microclimate/A1 exists. Contents:
simplified_A1_1950.rds
simplified_A1_1951.rds
simplified_A1_1952.rds
simplified_A1_1953.rds
simplified_A1_1954.rds
simplified_A1_1955.rds
simplified_A1_1956.rds
simplified_A1_1957.rds
simplified_A1_1958.rds
simplified_A1_1959.rds
simplified_A1_2015.rds
simplified_A1_2016.rds
simplified_A1_2017.rds
simplified_A1_2018.rds
simplified_A1_2019.rds
simplified_A1_2020.rds
simplified_A1_2021.rds
simplified_A1_2022.rds
simplified_A1_2023.rds
simplified_A1_2024.rds
Processing batch 1/12 (rows 1-1000)
  Calculated 1000 temperatures. Range: -4.58 to 41.09
Processing batch 2/12 (rows 1001-2000)
  Calculated 1000 temperatures. Range: 0.20 to 45.36
Processing batch 3/12 (rows 2001-3000)
  Calculated 1000 temperatures. Range: 0.30 to 48.63
Processing batch 4/12 (rows 3001-4000)
  Calculated 1000 temperatures. Range: 3.44 to 49.01
Processing batch 5/12 (rows 4001-5000)
  Calculated 1000 temperatures. Range: 6.33 to 50.68
Processing batch 6/12 (rows 5001-6000)
  Calculated 1000 temperatures. Range: 7.04 to 49.27
Processing batch 7/12 (rows 6001-7000)
  Calculated 1000 temperatures. Range: 6.47 to 48.29
Processing batch 8/12 (rows 7001-8000)
  Calculated 1000 temperatures. Range: 6.10 to 49.04
Processing batch 9/12 (rows 8001-9000)
  Calculated 1000 temperatures. Range: 6.84 to 43.59
Processing batch 10/12 (rows 9001-10000)
  Calculated 1000 temperatures. Range: 4.19 to 36.16
Processing batch 11/12 (rows 10001-11000)
  Calculated 1000 temperatures. Range: 4.51 to 40.83
Processing batch 12/12 (rows 11001-11035)
  Calculated 35 temperatures. Range: 14.62 to 37.39
Total observations: 11035, Unique timestamps: 2207
MR parameters: mass=0.24, elev=3014.0, b0=17.10, b1=0.98, b2=-0.48, b3=0.000124
Sample tb=278.17 K, log(mass)=-1.4271, 1/(kT)=41.704748, exponent=-3.9431, rmr=0.019388
Sample tb=302.99 K, log(mass)=-1.4271, 1/(kT)=38.287790, exponent=-2.3030, rmr=0.099961
Sample tb=281.98 K, log(mass)=-1.4271, 1/(kT)=41.140935, exponent=-3.6725, rmr=0.025413
Sample tb=296.38 K, log(mass)=-1.4271, 1/(kT)=39.142352, exponent=-2.7132, rmr=0.066326
Sample tb=305.25 K, log(mass)=-1.4271, 1/(kT)=38.004272, exponent=-2.1669, rmr=0.114533
MR results: 0 NA, 0 infinite, 0 negative, 0 zero
Energy calculations: 6994 non-zero gains, 11035 non-zero losses out of 11035 observations
Saved results to output/results/C1/2022/F/eb_results_MB_2022_C1_A1.rds

Processing: Species=MB, Year=2023, Origin=C1, Climate=A1, Sex=F
Looking for climate data at: /mmfs1/gscratch/biology/jmsmith/targeted_microclimate/A1/simplified_A1_2023.rds
Directory /mmfs1/gscratch/biology/jmsmith/targeted_microclimate/A1 exists. Contents:
simplified_A1_1950.rds
simplified_A1_1951.rds
simplified_A1_1952.rds
simplified_A1_1953.rds
simplified_A1_1954.rds
simplified_A1_1955.rds
simplified_A1_1956.rds
simplified_A1_1957.rds
simplified_A1_1958.rds
simplified_A1_1959.rds
simplified_A1_2015.rds
simplified_A1_2016.rds
simplified_A1_2017.rds
simplified_A1_2018.rds
simplified_A1_2019.rds
simplified_A1_2020.rds
simplified_A1_2021.rds
simplified_A1_2022.rds
simplified_A1_2023.rds
simplified_A1_2024.rds
Processing batch 1/12 (rows 1-1000)
  Calculated 1000 temperatures. Range: 1.28 to 39.64
Processing batch 2/12 (rows 1001-2000)
  Calculated 1000 temperatures. Range: 1.01 to 40.14
Processing batch 3/12 (rows 2001-3000)
  Calculated 1000 temperatures. Range: 0.74 to 45.42
Processing batch 4/12 (rows 3001-4000)
  Calculated 1000 temperatures. Range: 2.56 to 46.00
Processing batch 5/12 (rows 4001-5000)
  Calculated 1000 temperatures. Range: 5.08 to 48.16
Processing batch 6/12 (rows 5001-6000)
  Calculated 1000 temperatures. Range: 4.45 to 47.02
Processing batch 7/12 (rows 6001-7000)
  Calculated 1000 temperatures. Range: 5.02 to 48.54
Processing batch 8/12 (rows 7001-8000)
  Calculated 1000 temperatures. Range: 5.38 to 47.51
Processing batch 9/12 (rows 8001-9000)
  Calculated 1000 temperatures. Range: 2.91 to 46.57
Processing batch 10/12 (rows 9001-10000)
  Calculated 1000 temperatures. Range: 4.02 to 47.70
Processing batch 11/12 (rows 10001-11000)
  Calculated 1000 temperatures. Range: 4.34 to 41.93
Processing batch 12/12 (rows 11001-11035)
  Calculated 35 temperatures. Range: 14.80 to 37.50
Total observations: 11035, Unique timestamps: 2207
MR parameters: mass=0.24, elev=3014.0, b0=17.10, b1=0.98, b2=-0.48, b3=0.000124
Sample tb=299.29 K, log(mass)=-1.4271, 1/(kT)=38.761392, exponent=-2.5303, rmr=0.079635
Sample tb=308.12 K, log(mass)=-1.4271, 1/(kT)=37.650948, exponent=-1.9973, rmr=0.135702
Sample tb=276.98 K, log(mass)=-1.4271, 1/(kT)=41.883645, exponent=-4.0290, rmr=0.017792
Sample tb=281.78 K, log(mass)=-1.4271, 1/(kT)=41.170813, exponent=-3.6868, rmr=0.025051
Sample tb=284.76 K, log(mass)=-1.4271, 1/(kT)=40.738625, exponent=-3.4794, rmr=0.030827
MR results: 0 NA, 0 infinite, 0 negative, 0 zero
Energy calculations: 6298 non-zero gains, 11035 non-zero losses out of 11035 observations
Saved results to output/results/C1/2023/F/eb_results_MB_2023_C1_A1.rds

Processing: Species=MB, Year=2024, Origin=C1, Climate=A1, Sex=F
Looking for climate data at: /mmfs1/gscratch/biology/jmsmith/targeted_microclimate/A1/simplified_A1_2024.rds
Directory /mmfs1/gscratch/biology/jmsmith/targeted_microclimate/A1 exists. Contents:
simplified_A1_1950.rds
simplified_A1_1951.rds
simplified_A1_1952.rds
simplified_A1_1953.rds
simplified_A1_1954.rds
simplified_A1_1955.rds
simplified_A1_1956.rds
simplified_A1_1957.rds
simplified_A1_1958.rds
simplified_A1_1959.rds
simplified_A1_2015.rds
simplified_A1_2016.rds
simplified_A1_2017.rds
simplified_A1_2018.rds
simplified_A1_2019.rds
simplified_A1_2020.rds
simplified_A1_2021.rds
simplified_A1_2022.rds
simplified_A1_2023.rds
simplified_A1_2024.rds
Processing batch 1/12 (rows 1-1000)
  Calculated 1000 temperatures. Range: 0.58 to 44.08
Processing batch 2/12 (rows 1001-2000)
  Calculated 1000 temperatures. Range: 3.79 to 46.02
Processing batch 3/12 (rows 2001-3000)
  Calculated 1000 temperatures. Range: 0.19 to 50.91
Processing batch 4/12 (rows 3001-4000)
  Calculated 1000 temperatures. Range: 4.24 to 47.52
Processing batch 5/12 (rows 4001-5000)
  Calculated 1000 temperatures. Range: 2.66 to 43.00
Processing batch 6/12 (rows 5001-6000)
  Calculated 1000 temperatures. Range: 6.00 to 49.94
Processing batch 7/12 (rows 6001-7000)
  Calculated 1000 temperatures. Range: 3.38 to 45.53
Processing batch 8/12 (rows 7001-8000)
  Calculated 1000 temperatures. Range: 4.43 to 50.28
Processing batch 9/12 (rows 8001-9000)
  Calculated 1000 temperatures. Range: 7.06 to 48.57
Processing batch 10/12 (rows 9001-10000)
  Calculated 1000 temperatures. Range: 4.92 to 47.69
Processing batch 11/12 (rows 10001-11000)
  Calculated 1000 temperatures. Range: 3.46 to 42.56
Processing batch 12/12 (rows 11001-11035)
  Calculated 35 temperatures. Range: 13.12 to 35.07
Total observations: 11035, Unique timestamps: 2207
MR parameters: mass=0.24, elev=3014.0, b0=17.10, b1=0.98, b2=-0.48, b3=0.000124
Sample tb=283.81 K, log(mass)=-1.4271, 1/(kT)=40.876030, exponent=-3.5453, rmr=0.028859
Sample tb=306.04 K, log(mass)=-1.4271, 1/(kT)=37.906248, exponent=-2.1198, rmr=0.120051
Sample tb=291.57 K, log(mass)=-1.4271, 1/(kT)=39.787306, exponent=-3.0227, rmr=0.048667
Sample tb=281.85 K, log(mass)=-1.4271, 1/(kT)=41.160421, exponent=-3.6818, rmr=0.025177
Sample tb=285.52 K, log(mass)=-1.4271, 1/(kT)=40.631349, exponent=-3.4279, rmr=0.032455
MR results: 0 NA, 0 infinite, 0 negative, 0 zero
Energy calculations: 6978 non-zero gains, 11035 non-zero losses out of 11035 observations
Saved results to output/results/C1/2024/F/eb_results_MB_2024_C1_A1.rds

All years processed.
