Arguments received:
Species: MB
Years: 1950, 1951, 1952, 1953, 1954, 1955, 1956, 1957, 1958, 1959
Origin site: C1
Climate site: A1
Sex: M
Output directory: output/results/C1
Library paths:
[1] "/gscratch/biology/jmsmith/R"                          
[2] "/mmfs1/home/smithju/R/x86_64-pc-linux-gnu-library/4.4"
[3] "/usr/local/lib/R/site-library"                        
[4] "/usr/local/lib/R/library"                             
Package tidyverse loaded successfully
Package TrenchR loaded successfully
Package rTPC loaded successfully
Package lubridate loaded successfully

Processing: Species=MB, Year=1950, Origin=C1, Climate=A1, Sex=M
Looking for climate data at: /mmfs1/gscratch/biology/jmsmith/targeted_microclimate/A1/simplified_A1_1950.rds
Directory /mmfs1/gscratch/biology/jmsmith/targeted_microclimate/A1 exists. Contents:
simplified_A1_1950.rds
simplified_A1_1951.rds
simplified_A1_1952.rds
simplified_A1_1953.rds
simplified_A1_1954.rds
simplified_A1_1955.rds
simplified_A1_1956.rds
simplified_A1_1957.rds
simplified_A1_1958.rds
simplified_A1_1959.rds
simplified_A1_2015.rds
simplified_A1_2016.rds
simplified_A1_2017.rds
simplified_A1_2018.rds
simplified_A1_2019.rds
simplified_A1_2020.rds
simplified_A1_2021.rds
simplified_A1_2022.rds
simplified_A1_2023.rds
simplified_A1_2024.rds
Processing batch 1/12 (rows 1-1000)
  Calculated 1000 temperatures. Range: -9.61 to 38.71
Processing batch 2/12 (rows 1001-2000)
  Calculated 1000 temperatures. Range: -6.15 to 39.97
Processing batch 3/12 (rows 2001-3000)
  Calculated 1000 temperatures. Range: 1.03 to 43.70
Processing batch 4/12 (rows 3001-4000)
  Calculated 1000 temperatures. Range: 0.77 to 45.82
Processing batch 5/12 (rows 4001-5000)
  Calculated 1000 temperatures. Range: 3.23 to 47.58
Processing batch 6/12 (rows 5001-6000)
  Calculated 1000 temperatures. Range: 2.89 to 48.19
Processing batch 7/12 (rows 6001-7000)
  Calculated 1000 temperatures. Range: 3.04 to 49.28
Processing batch 8/12 (rows 7001-8000)
  Calculated 1000 temperatures. Range: 2.79 to 44.85
Processing batch 9/12 (rows 8001-9000)
  Calculated 1000 temperatures. Range: 2.86 to 49.53
Processing batch 10/12 (rows 9001-10000)
  Calculated 1000 temperatures. Range: 2.16 to 40.43
Processing batch 11/12 (rows 10001-11000)
  Calculated 1000 temperatures. Range: 0.02 to 43.54
Processing batch 12/12 (rows 11001-11035)
  Calculated 35 temperatures. Range: 13.22 to 36.52
Total observations: 11035, Unique timestamps: 2207
MR parameters: mass=0.24, elev=3014.0, b0=17.10, b1=0.98, b2=-0.48, b3=0.000124
Sample tb=291.03 K, log(mass)=-1.4271, 1/(kT)=39.862046, exponent=-3.0586, rmr=0.046952
Sample tb=285.28 K, log(mass)=-1.4271, 1/(kT)=40.665374, exponent=-3.4442, rmr=0.031930
Sample tb=280.18 K, log(mass)=-1.4271, 1/(kT)=41.405731, exponent=-3.7996, rmr=0.022380
Sample tb=276.75 K, log(mass)=-1.4271, 1/(kT)=41.918864, exponent=-4.0459, rmr=0.017494
Sample tb=277.06 K, log(mass)=-1.4271, 1/(kT)=41.872174, exponent=-4.0235, rmr=0.017891
MR results: 0 NA, 0 infinite, 0 negative, 0 zero
Energy calculations: 5244 non-zero gains, 11035 non-zero losses out of 11035 observations
Saved results to output/results/C1/1950/M/eb_results_MB_1950_C1_A1.rds

Processing: Species=MB, Year=1951, Origin=C1, Climate=A1, Sex=M
Looking for climate data at: /mmfs1/gscratch/biology/jmsmith/targeted_microclimate/A1/simplified_A1_1951.rds
Directory /mmfs1/gscratch/biology/jmsmith/targeted_microclimate/A1 exists. Contents:
simplified_A1_1950.rds
simplified_A1_1951.rds
simplified_A1_1952.rds
simplified_A1_1953.rds
simplified_A1_1954.rds
simplified_A1_1955.rds
simplified_A1_1956.rds
simplified_A1_1957.rds
simplified_A1_1958.rds
simplified_A1_1959.rds
simplified_A1_2015.rds
simplified_A1_2016.rds
simplified_A1_2017.rds
simplified_A1_2018.rds
simplified_A1_2019.rds
simplified_A1_2020.rds
simplified_A1_2021.rds
simplified_A1_2022.rds
simplified_A1_2023.rds
simplified_A1_2024.rds
Processing batch 1/12 (rows 1-1000)
  Calculated 1000 temperatures. Range: -9.02 to 17.63
Processing batch 2/12 (rows 1001-2000)
  Calculated 1000 temperatures. Range: -4.80 to 25.62
Processing batch 3/12 (rows 2001-3000)
  Calculated 1000 temperatures. Range: -1.34 to 40.28
Processing batch 4/12 (rows 3001-4000)
  Calculated 1000 temperatures. Range: 0.86 to 44.36
Processing batch 5/12 (rows 4001-5000)
  Calculated 1000 temperatures. Range: 2.21 to 51.84
Processing batch 6/12 (rows 5001-6000)
  Calculated 1000 temperatures. Range: 3.59 to 49.51
Processing batch 7/12 (rows 6001-7000)
  Calculated 1000 temperatures. Range: 4.18 to 42.01
Processing batch 8/12 (rows 7001-8000)
  Calculated 1000 temperatures. Range: 7.06 to 50.31
Processing batch 9/12 (rows 8001-9000)
  Calculated 1000 temperatures. Range: 3.36 to 43.27
Processing batch 10/12 (rows 9001-10000)
  Calculated 1000 temperatures. Range: 2.86 to 44.37
Processing batch 11/12 (rows 10001-11000)
  Calculated 1000 temperatures. Range: 2.60 to 42.76
Processing batch 12/12 (rows 11001-11035)
  Calculated 35 temperatures. Range: 11.19 to 37.11
Total observations: 11035, Unique timestamps: 2207
MR parameters: mass=0.24, elev=3014.0, b0=17.10, b1=0.98, b2=-0.48, b3=0.000124
Sample tb=284.58 K, log(mass)=-1.4271, 1/(kT)=40.765602, exponent=-3.4923, rmr=0.030430
Sample tb=283.29 K, log(mass)=-1.4271, 1/(kT)=40.951412, exponent=-3.5815, rmr=0.027833
Sample tb=277.85 K, log(mass)=-1.4271, 1/(kT)=41.752689, exponent=-3.9661, rmr=0.018947
Sample tb=286.04 K, log(mass)=-1.4271, 1/(kT)=40.557533, exponent=-3.3925, rmr=0.033626
Sample tb=271.52 K, log(mass)=-1.4271, 1/(kT)=42.726585, exponent=-4.4336, rmr=0.011872
MR results: 0 NA, 0 infinite, 0 negative, 0 zero
Energy calculations: 5233 non-zero gains, 11035 non-zero losses out of 11035 observations
Saved results to output/results/C1/1951/M/eb_results_MB_1951_C1_A1.rds

Processing: Species=MB, Year=1952, Origin=C1, Climate=A1, Sex=M
Looking for climate data at: /mmfs1/gscratch/biology/jmsmith/targeted_microclimate/A1/simplified_A1_1952.rds
Directory /mmfs1/gscratch/biology/jmsmith/targeted_microclimate/A1 exists. Contents:
simplified_A1_1950.rds
simplified_A1_1951.rds
simplified_A1_1952.rds
simplified_A1_1953.rds
simplified_A1_1954.rds
simplified_A1_1955.rds
simplified_A1_1956.rds
simplified_A1_1957.rds
simplified_A1_1958.rds
simplified_A1_1959.rds
simplified_A1_2015.rds
simplified_A1_2016.rds
simplified_A1_2017.rds
simplified_A1_2018.rds
simplified_A1_2019.rds
simplified_A1_2020.rds
simplified_A1_2021.rds
simplified_A1_2022.rds
simplified_A1_2023.rds
simplified_A1_2024.rds
Processing batch 1/12 (rows 1-1000)
  Calculated 1000 temperatures. Range: 0.61 to 47.27
Processing batch 2/12 (rows 1001-2000)
  Calculated 1000 temperatures. Range: -2.24 to 60.00
Processing batch 3/12 (rows 2001-3000)
  Calculated 1000 temperatures. Range: 1.73 to 60.00
Processing batch 4/12 (rows 3001-4000)
  Calculated 1000 temperatures. Range: 2.57 to 51.87
Processing batch 5/12 (rows 4001-5000)
  Calculated 1000 temperatures. Range: 1.86 to 45.80
Processing batch 6/12 (rows 5001-6000)
  Calculated 1000 temperatures. Range: 3.15 to 49.38
Processing batch 7/12 (rows 6001-7000)
  Calculated 1000 temperatures. Range: 3.88 to 48.03
Processing batch 8/12 (rows 7001-8000)
  Calculated 1000 temperatures. Range: 5.60 to 47.11
Processing batch 9/12 (rows 8001-9000)
  Calculated 1000 temperatures. Range: 4.62 to 44.01
Processing batch 10/12 (rows 9001-10000)
  Calculated 1000 temperatures. Range: 4.53 to 47.26
Processing batch 11/12 (rows 10001-11000)
  Calculated 1000 temperatures. Range: 0.21 to 46.32
Processing batch 12/12 (rows 11001-11035)
  Calculated 35 temperatures. Range: 10.13 to 34.57
Total observations: 11035, Unique timestamps: 2207
MR parameters: mass=0.24, elev=3014.0, b0=17.10, b1=0.98, b2=-0.48, b3=0.000124
Sample tb=308.16 K, log(mass)=-1.4271, 1/(kT)=37.645278, exponent=-1.9946, rmr=0.136072
Sample tb=288.38 K, log(mass)=-1.4271, 1/(kT)=40.227753, exponent=-3.2342, rmr=0.039393
Sample tb=286.69 K, log(mass)=-1.4271, 1/(kT)=40.465052, exponent=-3.3481, rmr=0.035152
Sample tb=277.01 K, log(mass)=-1.4271, 1/(kT)=41.878876, exponent=-4.0267, rmr=0.017833
Sample tb=311.04 K, log(mass)=-1.4271, 1/(kT)=37.297548, exponent=-1.8277, rmr=0.160789
MR results: 0 NA, 0 infinite, 0 negative, 0 zero
Energy calculations: 6161 non-zero gains, 11035 non-zero losses out of 11035 observations
Saved results to output/results/C1/1952/M/eb_results_MB_1952_C1_A1.rds

Processing: Species=MB, Year=1953, Origin=C1, Climate=A1, Sex=M
Looking for climate data at: /mmfs1/gscratch/biology/jmsmith/targeted_microclimate/A1/simplified_A1_1953.rds
Directory /mmfs1/gscratch/biology/jmsmith/targeted_microclimate/A1 exists. Contents:
simplified_A1_1950.rds
simplified_A1_1951.rds
simplified_A1_1952.rds
simplified_A1_1953.rds
simplified_A1_1954.rds
simplified_A1_1955.rds
simplified_A1_1956.rds
simplified_A1_1957.rds
simplified_A1_1958.rds
simplified_A1_1959.rds
simplified_A1_2015.rds
simplified_A1_2016.rds
simplified_A1_2017.rds
simplified_A1_2018.rds
simplified_A1_2019.rds
simplified_A1_2020.rds
simplified_A1_2021.rds
simplified_A1_2022.rds
simplified_A1_2023.rds
simplified_A1_2024.rds
Processing batch 1/12 (rows 1-1000)
  Calculated 1000 temperatures. Range: -3.67 to 40.01
Processing batch 2/12 (rows 1001-2000)
  Calculated 1000 temperatures. Range: 0.04 to 47.58
Processing batch 3/12 (rows 2001-3000)
  Calculated 1000 temperatures. Range: 1.74 to 47.35
Processing batch 4/12 (rows 3001-4000)
  Calculated 1000 temperatures. Range: 2.02 to 53.10
Processing batch 5/12 (rows 4001-5000)
  Calculated 1000 temperatures. Range: 3.79 to 44.93
Processing batch 6/12 (rows 5001-6000)
  Calculated 1000 temperatures. Range: 4.03 to 43.16
Processing batch 7/12 (rows 6001-7000)
  Calculated 1000 temperatures. Range: 3.85 to 50.30
Processing batch 8/12 (rows 7001-8000)
  Calculated 1000 temperatures. Range: 3.22 to 46.46
Processing batch 9/12 (rows 8001-9000)
  Calculated 1000 temperatures. Range: 2.82 to 48.79
Processing batch 10/12 (rows 9001-10000)
  Calculated 1000 temperatures. Range: 1.59 to 42.78
Processing batch 11/12 (rows 10001-11000)
  Calculated 1000 temperatures. Range: 2.25 to 46.93
Processing batch 12/12 (rows 11001-11035)
  Calculated 35 temperatures. Range: 13.52 to 34.60
Total observations: 11035, Unique timestamps: 2207
MR parameters: mass=0.24, elev=3014.0, b0=17.10, b1=0.98, b2=-0.48, b3=0.000124
Sample tb=280.39 K, log(mass)=-1.4271, 1/(kT)=41.374839, exponent=-3.7848, rmr=0.022714
Sample tb=279.06 K, log(mass)=-1.4271, 1/(kT)=41.572112, exponent=-3.8795, rmr=0.020662
Sample tb=301.71 K, log(mass)=-1.4271, 1/(kT)=38.451191, exponent=-2.3814, rmr=0.092420
Sample tb=278.62 K, log(mass)=-1.4271, 1/(kT)=41.637815, exponent=-3.9110, rmr=0.020021
Sample tb=289.89 K, log(mass)=-1.4271, 1/(kT)=40.018220, exponent=-3.1336, rmr=0.043561
MR results: 0 NA, 0 infinite, 0 negative, 0 zero
Energy calculations: 6186 non-zero gains, 11035 non-zero losses out of 11035 observations
Saved results to output/results/C1/1953/M/eb_results_MB_1953_C1_A1.rds

Processing: Species=MB, Year=1954, Origin=C1, Climate=A1, Sex=M
Looking for climate data at: /mmfs1/gscratch/biology/jmsmith/targeted_microclimate/A1/simplified_A1_1954.rds
Directory /mmfs1/gscratch/biology/jmsmith/targeted_microclimate/A1 exists. Contents:
simplified_A1_1950.rds
simplified_A1_1951.rds
simplified_A1_1952.rds
simplified_A1_1953.rds
simplified_A1_1954.rds
simplified_A1_1955.rds
simplified_A1_1956.rds
simplified_A1_1957.rds
simplified_A1_1958.rds
simplified_A1_1959.rds
simplified_A1_2015.rds
simplified_A1_2016.rds
simplified_A1_2017.rds
simplified_A1_2018.rds
simplified_A1_2019.rds
simplified_A1_2020.rds
simplified_A1_2021.rds
simplified_A1_2022.rds
simplified_A1_2023.rds
simplified_A1_2024.rds
Processing batch 1/12 (rows 1-1000)
  Calculated 1000 temperatures. Range: -5.99 to 40.54
Processing batch 2/12 (rows 1001-2000)
  Calculated 1000 temperatures. Range: -1.25 to 39.70
Processing batch 3/12 (rows 2001-3000)
  Calculated 1000 temperatures. Range: 3.70 to 49.55
Processing batch 4/12 (rows 3001-4000)
  Calculated 1000 temperatures. Range: 3.26 to 49.96
Processing batch 5/12 (rows 4001-5000)
  Calculated 1000 temperatures. Range: 6.56 to 51.13
Processing batch 6/12 (rows 5001-6000)
  Calculated 1000 temperatures. Range: 7.18 to 47.74
Processing batch 7/12 (rows 6001-7000)
  Calculated 1000 temperatures. Range: 6.70 to 49.65
Processing batch 8/12 (rows 7001-8000)
  Calculated 1000 temperatures. Range: 3.85 to 50.46
Processing batch 9/12 (rows 8001-9000)
  Calculated 1000 temperatures. Range: 3.62 to 45.35
Processing batch 10/12 (rows 9001-10000)
  Calculated 1000 temperatures. Range: 1.99 to 45.52
Processing batch 11/12 (rows 10001-11000)
  Calculated 1000 temperatures. Range: 1.74 to 50.54
Processing batch 12/12 (rows 11001-11035)
  Calculated 35 temperatures. Range: 14.73 to 46.66
Total observations: 11035, Unique timestamps: 2207
MR parameters: mass=0.24, elev=3014.0, b0=17.10, b1=0.98, b2=-0.48, b3=0.000124
Sample tb=281.50 K, log(mass)=-1.4271, 1/(kT)=41.211517, exponent=-3.7064, rmr=0.024567
Sample tb=304.58 K, log(mass)=-1.4271, 1/(kT)=38.087954, exponent=-2.2071, rmr=0.110024
Sample tb=303.32 K, log(mass)=-1.4271, 1/(kT)=38.246256, exponent=-2.2830, rmr=0.101974
Sample tb=282.26 K, log(mass)=-1.4271, 1/(kT)=41.100245, exponent=-3.6530, rmr=0.025914
Sample tb=306.20 K, log(mass)=-1.4271, 1/(kT)=37.887201, exponent=-2.1107, rmr=0.121154
MR results: 0 NA, 0 infinite, 0 negative, 0 zero
Energy calculations: 6541 non-zero gains, 11035 non-zero losses out of 11035 observations
Saved results to output/results/C1/1954/M/eb_results_MB_1954_C1_A1.rds

Processing: Species=MB, Year=1955, Origin=C1, Climate=A1, Sex=M
Looking for climate data at: /mmfs1/gscratch/biology/jmsmith/targeted_microclimate/A1/simplified_A1_1955.rds
Directory /mmfs1/gscratch/biology/jmsmith/targeted_microclimate/A1 exists. Contents:
simplified_A1_1950.rds
simplified_A1_1951.rds
simplified_A1_1952.rds
simplified_A1_1953.rds
simplified_A1_1954.rds
simplified_A1_1955.rds
simplified_A1_1956.rds
simplified_A1_1957.rds
simplified_A1_1958.rds
simplified_A1_1959.rds
simplified_A1_2015.rds
simplified_A1_2016.rds
simplified_A1_2017.rds
simplified_A1_2018.rds
simplified_A1_2019.rds
simplified_A1_2020.rds
simplified_A1_2021.rds
simplified_A1_2022.rds
simplified_A1_2023.rds
simplified_A1_2024.rds
Processing batch 1/12 (rows 1-1000)
  Calculated 1000 temperatures. Range: -5.25 to 39.89
Processing batch 2/12 (rows 1001-2000)
  Calculated 1000 temperatures. Range: -0.84 to 43.34
Processing batch 3/12 (rows 2001-3000)
  Calculated 1000 temperatures. Range: 0.90 to 44.41
Processing batch 4/12 (rows 3001-4000)
  Calculated 1000 temperatures. Range: 0.31 to 47.80
Processing batch 5/12 (rows 4001-5000)
  Calculated 1000 temperatures. Range: 1.51 to 50.34
Processing batch 6/12 (rows 5001-6000)
  Calculated 1000 temperatures. Range: 2.48 to 50.70
Processing batch 7/12 (rows 6001-7000)
  Calculated 1000 temperatures. Range: 5.71 to 44.58
Processing batch 8/12 (rows 7001-8000)
  Calculated 1000 temperatures. Range: 5.39 to 46.17
Processing batch 9/12 (rows 8001-9000)
  Calculated 1000 temperatures. Range: 4.89 to 44.91
Processing batch 10/12 (rows 9001-10000)
  Calculated 1000 temperatures. Range: 4.23 to 41.58
Processing batch 11/12 (rows 10001-11000)
  Calculated 1000 temperatures. Range: 1.36 to 50.56
Processing batch 12/12 (rows 11001-11035)
  Calculated 35 temperatures. Range: 12.60 to 40.83
Total observations: 11035, Unique timestamps: 2207
MR parameters: mass=0.24, elev=3014.0, b0=17.10, b1=0.98, b2=-0.48, b3=0.000124
Sample tb=280.94 K, log(mass)=-1.4271, 1/(kT)=41.293031, exponent=-3.7455, rmr=0.023624
Sample tb=307.38 K, log(mass)=-1.4271, 1/(kT)=37.740737, exponent=-2.0404, rmr=0.129978
Sample tb=287.12 K, log(mass)=-1.4271, 1/(kT)=40.405065, exponent=-3.3193, rmr=0.036179
Sample tb=302.81 K, log(mass)=-1.4271, 1/(kT)=38.310987, exponent=-2.3141, rmr=0.098854
Sample tb=310.92 K, log(mass)=-1.4271, 1/(kT)=37.312204, exponent=-1.8347, rmr=0.159662
MR results: 0 NA, 0 infinite, 0 negative, 0 zero
Energy calculations: 6064 non-zero gains, 11035 non-zero losses out of 11035 observations
Saved results to output/results/C1/1955/M/eb_results_MB_1955_C1_A1.rds

Processing: Species=MB, Year=1956, Origin=C1, Climate=A1, Sex=M
Looking for climate data at: /mmfs1/gscratch/biology/jmsmith/targeted_microclimate/A1/simplified_A1_1956.rds
Directory /mmfs1/gscratch/biology/jmsmith/targeted_microclimate/A1 exists. Contents:
simplified_A1_1950.rds
simplified_A1_1951.rds
simplified_A1_1952.rds
simplified_A1_1953.rds
simplified_A1_1954.rds
simplified_A1_1955.rds
simplified_A1_1956.rds
simplified_A1_1957.rds
simplified_A1_1958.rds
simplified_A1_1959.rds
simplified_A1_2015.rds
simplified_A1_2016.rds
simplified_A1_2017.rds
simplified_A1_2018.rds
simplified_A1_2019.rds
simplified_A1_2020.rds
simplified_A1_2021.rds
simplified_A1_2022.rds
simplified_A1_2023.rds
simplified_A1_2024.rds
Processing batch 1/12 (rows 1-1000)
  Calculated 1000 temperatures. Range: 0.79 to 52.75
Processing batch 2/12 (rows 1001-2000)
  Calculated 1000 temperatures. Range: 1.09 to 47.19
Processing batch 3/12 (rows 2001-3000)
  Calculated 1000 temperatures. Range: 1.29 to 44.74
Processing batch 4/12 (rows 3001-4000)
  Calculated 1000 temperatures. Range: 3.44 to 47.24
Processing batch 5/12 (rows 4001-5000)
  Calculated 1000 temperatures. Range: 2.80 to 50.09
Processing batch 6/12 (rows 5001-6000)
  Calculated 1000 temperatures. Range: 3.49 to 49.57
Processing batch 7/12 (rows 6001-7000)
  Calculated 1000 temperatures. Range: 3.55 to 43.64
Processing batch 8/12 (rows 7001-8000)
  Calculated 1000 temperatures. Range: 2.32 to 43.02
Processing batch 9/12 (rows 8001-9000)
  Calculated 1000 temperatures. Range: 2.55 to 46.04
Processing batch 10/12 (rows 9001-10000)
  Calculated 1000 temperatures. Range: 1.38 to 46.04
Processing batch 11/12 (rows 10001-11000)
  Calculated 1000 temperatures. Range: -1.90 to 45.14
Processing batch 12/12 (rows 11001-11035)
  Calculated 35 temperatures. Range: 6.50 to 31.56
Total observations: 11035, Unique timestamps: 2207
MR parameters: mass=0.24, elev=3014.0, b0=17.10, b1=0.98, b2=-0.48, b3=0.000124
Sample tb=300.93 K, log(mass)=-1.4271, 1/(kT)=38.550587, exponent=-2.4291, rmr=0.088114
Sample tb=280.89 K, log(mass)=-1.4271, 1/(kT)=41.300532, exponent=-3.7491, rmr=0.023539
Sample tb=295.49 K, log(mass)=-1.4271, 1/(kT)=39.260017, exponent=-2.7696, rmr=0.062684
Sample tb=277.01 K, log(mass)=-1.4271, 1/(kT)=41.879727, exponent=-4.0271, rmr=0.017826
Sample tb=300.27 K, log(mass)=-1.4271, 1/(kT)=38.634851, exponent=-2.4696, rmr=0.084622
MR results: 0 NA, 0 infinite, 0 negative, 0 zero
Energy calculations: 5869 non-zero gains, 11035 non-zero losses out of 11035 observations
Saved results to output/results/C1/1956/M/eb_results_MB_1956_C1_A1.rds

Processing: Species=MB, Year=1957, Origin=C1, Climate=A1, Sex=M
Looking for climate data at: /mmfs1/gscratch/biology/jmsmith/targeted_microclimate/A1/simplified_A1_1957.rds
Directory /mmfs1/gscratch/biology/jmsmith/targeted_microclimate/A1 exists. Contents:
simplified_A1_1950.rds
simplified_A1_1951.rds
simplified_A1_1952.rds
simplified_A1_1953.rds
simplified_A1_1954.rds
simplified_A1_1955.rds
simplified_A1_1956.rds
simplified_A1_1957.rds
simplified_A1_1958.rds
simplified_A1_1959.rds
simplified_A1_2015.rds
simplified_A1_2016.rds
simplified_A1_2017.rds
simplified_A1_2018.rds
simplified_A1_2019.rds
simplified_A1_2020.rds
simplified_A1_2021.rds
simplified_A1_2022.rds
simplified_A1_2023.rds
simplified_A1_2024.rds
Processing batch 1/12 (rows 1-1000)
  Calculated 1000 temperatures. Range: -0.43 to 45.06
Processing batch 2/12 (rows 1001-2000)
  Calculated 1000 temperatures. Range: -1.39 to 50.11
Processing batch 3/12 (rows 2001-3000)
  Calculated 1000 temperatures. Range: -2.63 to 42.06
Processing batch 4/12 (rows 3001-4000)
  Calculated 1000 temperatures. Range: 3.34 to 44.35
Processing batch 5/12 (rows 4001-5000)
  Calculated 1000 temperatures. Range: 1.89 to 52.97
Processing batch 6/12 (rows 5001-6000)
  Calculated 1000 temperatures. Range: 6.02 to 47.72
Processing batch 7/12 (rows 6001-7000)
  Calculated 1000 temperatures. Range: 5.14 to 43.22
Processing batch 8/12 (rows 7001-8000)
  Calculated 1000 temperatures. Range: 6.67 to 50.89
Processing batch 9/12 (rows 8001-9000)
  Calculated 1000 temperatures. Range: 4.88 to 49.36
Processing batch 10/12 (rows 9001-10000)
  Calculated 1000 temperatures. Range: 3.70 to 43.14
Processing batch 11/12 (rows 10001-11000)
  Calculated 1000 temperatures. Range: 3.58 to 46.72
Processing batch 12/12 (rows 11001-11035)
  Calculated 35 temperatures. Range: 10.50 to 37.34
Total observations: 11035, Unique timestamps: 2207
MR parameters: mass=0.24, elev=3014.0, b0=17.10, b1=0.98, b2=-0.48, b3=0.000124
Sample tb=279.92 K, log(mass)=-1.4271, 1/(kT)=41.443686, exponent=-3.8178, rmr=0.021976
Sample tb=291.29 K, log(mass)=-1.4271, 1/(kT)=39.826158, exponent=-3.0414, rmr=0.047768
Sample tb=291.95 K, log(mass)=-1.4271, 1/(kT)=39.735773, exponent=-2.9980, rmr=0.049886
Sample tb=285.68 K, log(mass)=-1.4271, 1/(kT)=40.608103, exponent=-3.4167, rmr=0.032820
Sample tb=294.13 K, log(mass)=-1.4271, 1/(kT)=39.441300, exponent=-2.8567, rmr=0.057460
MR results: 0 NA, 0 infinite, 0 negative, 0 zero
Energy calculations: 6034 non-zero gains, 11035 non-zero losses out of 11035 observations
Saved results to output/results/C1/1957/M/eb_results_MB_1957_C1_A1.rds

Processing: Species=MB, Year=1958, Origin=C1, Climate=A1, Sex=M
Looking for climate data at: /mmfs1/gscratch/biology/jmsmith/targeted_microclimate/A1/simplified_A1_1958.rds
Directory /mmfs1/gscratch/biology/jmsmith/targeted_microclimate/A1 exists. Contents:
simplified_A1_1950.rds
simplified_A1_1951.rds
simplified_A1_1952.rds
simplified_A1_1953.rds
simplified_A1_1954.rds
simplified_A1_1955.rds
simplified_A1_1956.rds
simplified_A1_1957.rds
simplified_A1_1958.rds
simplified_A1_1959.rds
simplified_A1_2015.rds
simplified_A1_2016.rds
simplified_A1_2017.rds
simplified_A1_2018.rds
simplified_A1_2019.rds
simplified_A1_2020.rds
simplified_A1_2021.rds
simplified_A1_2022.rds
simplified_A1_2023.rds
simplified_A1_2024.rds
Processing batch 1/12 (rows 1-1000)
  Calculated 1000 temperatures. Range: 0.69 to 43.99
Processing batch 2/12 (rows 1001-2000)
  Calculated 1000 temperatures. Range: 0.13 to 40.20
Processing batch 3/12 (rows 2001-3000)
  Calculated 1000 temperatures. Range: 2.46 to 43.43
Processing batch 4/12 (rows 3001-4000)
  Calculated 1000 temperatures. Range: 1.34 to 49.85
Processing batch 5/12 (rows 4001-5000)
  Calculated 1000 temperatures. Range: 2.10 to 45.13
Processing batch 6/12 (rows 5001-6000)
  Calculated 1000 temperatures. Range: 2.64 to 46.68
Processing batch 7/12 (rows 6001-7000)
  Calculated 1000 temperatures. Range: 2.83 to 43.98
Processing batch 8/12 (rows 7001-8000)
  Calculated 1000 temperatures. Range: 3.85 to 51.15
Processing batch 9/12 (rows 8001-9000)
  Calculated 1000 temperatures. Range: 4.37 to 46.42
Processing batch 10/12 (rows 9001-10000)
  Calculated 1000 temperatures. Range: 5.86 to 48.20
Processing batch 11/12 (rows 10001-11000)
  Calculated 1000 temperatures. Range: 2.26 to 43.53
Processing batch 12/12 (rows 11001-11035)
  Calculated 35 temperatures. Range: 12.24 to 41.45
Total observations: 11035, Unique timestamps: 2207
MR parameters: mass=0.24, elev=3014.0, b0=17.10, b1=0.98, b2=-0.48, b3=0.000124
Sample tb=278.72 K, log(mass)=-1.4271, 1/(kT)=41.622591, exponent=-3.9037, rmr=0.020168
Sample tb=314.88 K, log(mass)=-1.4271, 1/(kT)=36.842059, exponent=-1.6090, rmr=0.200082
Sample tb=285.09 K, log(mass)=-1.4271, 1/(kT)=40.691552, exponent=-3.4568, rmr=0.031531
Sample tb=283.96 K, log(mass)=-1.4271, 1/(kT)=40.854335, exponent=-3.5349, rmr=0.029161
Sample tb=288.06 K, log(mass)=-1.4271, 1/(kT)=40.273168, exponent=-3.2560, rmr=0.038544
MR results: 0 NA, 0 infinite, 0 negative, 0 zero
Energy calculations: 5859 non-zero gains, 11035 non-zero losses out of 11035 observations
Saved results to output/results/C1/1958/M/eb_results_MB_1958_C1_A1.rds

Processing: Species=MB, Year=1959, Origin=C1, Climate=A1, Sex=M
Looking for climate data at: /mmfs1/gscratch/biology/jmsmith/targeted_microclimate/A1/simplified_A1_1959.rds
Directory /mmfs1/gscratch/biology/jmsmith/targeted_microclimate/A1 exists. Contents:
simplified_A1_1950.rds
simplified_A1_1951.rds
simplified_A1_1952.rds
simplified_A1_1953.rds
simplified_A1_1954.rds
simplified_A1_1955.rds
simplified_A1_1956.rds
simplified_A1_1957.rds
simplified_A1_1958.rds
simplified_A1_1959.rds
simplified_A1_2015.rds
simplified_A1_2016.rds
simplified_A1_2017.rds
simplified_A1_2018.rds
simplified_A1_2019.rds
simplified_A1_2020.rds
simplified_A1_2021.rds
simplified_A1_2022.rds
simplified_A1_2023.rds
simplified_A1_2024.rds
Processing batch 1/12 (rows 1-1000)
  Calculated 1000 temperatures. Range: -4.81 to 45.56
Processing batch 2/12 (rows 1001-2000)
  Calculated 1000 temperatures. Range: 2.44 to 47.41
Processing batch 3/12 (rows 2001-3000)
  Calculated 1000 temperatures. Range: 4.31 to 45.51
Processing batch 4/12 (rows 3001-4000)
  Calculated 1000 temperatures. Range: 1.46 to 43.51
Processing batch 5/12 (rows 4001-5000)
  Calculated 1000 temperatures. Range: 0.88 to 44.25
Processing batch 6/12 (rows 5001-6000)
  Calculated 1000 temperatures. Range: 4.41 to 50.29
Processing batch 7/12 (rows 6001-7000)
  Calculated 1000 temperatures. Range: 4.03 to 50.14
Processing batch 8/12 (rows 7001-8000)
  Calculated 1000 temperatures. Range: 5.13 to 45.45
Processing batch 9/12 (rows 8001-9000)
  Calculated 1000 temperatures. Range: 4.78 to 51.41
Processing batch 10/12 (rows 9001-10000)
  Calculated 1000 temperatures. Range: 3.92 to 49.01
Processing batch 11/12 (rows 10001-11000)
  Calculated 1000 temperatures. Range: 2.46 to 41.23
Processing batch 12/12 (rows 11001-11035)
  Calculated 35 temperatures. Range: 12.51 to 41.46
Total observations: 11035, Unique timestamps: 2207
MR parameters: mass=0.24, elev=3014.0, b0=17.10, b1=0.98, b2=-0.48, b3=0.000124
Sample tb=279.48 K, log(mass)=-1.4271, 1/(kT)=41.509251, exponent=-3.8493, rmr=0.021295
Sample tb=287.28 K, log(mass)=-1.4271, 1/(kT)=40.381880, exponent=-3.3081, rmr=0.036584
Sample tb=288.96 K, log(mass)=-1.4271, 1/(kT)=40.146569, exponent=-3.1952, rmr=0.040959
Sample tb=297.72 K, log(mass)=-1.4271, 1/(kT)=38.965705, exponent=-2.6284, rmr=0.072196
Sample tb=310.11 K, log(mass)=-1.4271, 1/(kT)=37.408589, exponent=-1.8810, rmr=0.152444
MR results: 0 NA, 0 infinite, 0 negative, 0 zero
Energy calculations: 6103 non-zero gains, 11035 non-zero losses out of 11035 observations
Saved results to output/results/C1/1959/M/eb_results_MB_1959_C1_A1.rds

All years processed.
