Arguments received:
Species: MB
Years: 2015, 2016, 2017, 2018, 2019, 2020, 2021, 2022, 2023, 2024
Origin site: D1
Climate site: B1
Sex: F
Output directory: output/results/D1
Library paths:
[1] "/gscratch/biology/jmsmith/R"                          
[2] "/mmfs1/home/smithju/R/x86_64-pc-linux-gnu-library/4.4"
[3] "/usr/local/lib/R/site-library"                        
[4] "/usr/local/lib/R/library"                             
Package tidyverse loaded successfully
Package TrenchR loaded successfully
Package rTPC loaded successfully
Package lubridate loaded successfully

Processing: Species=MB, Year=2015, Origin=D1, Climate=B1, Sex=F
Looking for climate data at: /mmfs1/gscratch/biology/jmsmith/targeted_microclimate/B1/simplified_B1_2015.rds
Directory /mmfs1/gscratch/biology/jmsmith/targeted_microclimate/B1 exists. Contents:
simplified_B1_1950.rds
simplified_B1_1951.rds
simplified_B1_1952.rds
simplified_B1_1953.rds
simplified_B1_1954.rds
simplified_B1_1955.rds
simplified_B1_1956.rds
simplified_B1_1957.rds
simplified_B1_1958.rds
simplified_B1_1959.rds
simplified_B1_2015.rds
simplified_B1_2016.rds
simplified_B1_2017.rds
simplified_B1_2018.rds
simplified_B1_2019.rds
simplified_B1_2020.rds
simplified_B1_2021.rds
simplified_B1_2022.rds
simplified_B1_2023.rds
simplified_B1_2024.rds
Processing batch 1/12 (rows 1-1000)
  Calculated 1000 temperatures. Range: 0.32 to 41.51
Processing batch 2/12 (rows 1001-2000)
  Calculated 1000 temperatures. Range: 1.53 to 41.36
Processing batch 3/12 (rows 2001-3000)
  Calculated 1000 temperatures. Range: 3.82 to 45.43
Processing batch 4/12 (rows 3001-4000)
  Calculated 1000 temperatures. Range: 5.24 to 42.64
Processing batch 5/12 (rows 4001-5000)
  Calculated 1000 temperatures. Range: 2.76 to 37.74
Processing batch 6/12 (rows 5001-6000)
  Calculated 1000 temperatures. Range: 3.68 to 39.72
Processing batch 7/12 (rows 6001-7000)
  Calculated 1000 temperatures. Range: 3.50 to 44.68
Processing batch 8/12 (rows 7001-8000)
  Calculated 1000 temperatures. Range: 3.36 to 40.86
Processing batch 9/12 (rows 8001-9000)
  Calculated 1000 temperatures. Range: 3.66 to 39.66
Processing batch 10/12 (rows 9001-10000)
  Calculated 1000 temperatures. Range: 0.90 to 41.49
Processing batch 11/12 (rows 10001-11000)
  Calculated 1000 temperatures. Range: 1.18 to 41.50
Processing batch 12/12 (rows 11001-11035)
  Calculated 35 temperatures. Range: 10.50 to 33.71
Total observations: 11035, Unique timestamps: 2207
MR parameters: mass=0.22, elev=3300.0, b0=17.10, b1=0.98, b2=-0.48, b3=0.000124
Sample tb=284.09 K, log(mass)=-1.5141, 1/(kT)=40.835866, exponent=-3.5759, rmr=0.027991
Sample tb=284.36 K, log(mass)=-1.5141, 1/(kT)=40.796137, exponent=-3.5568, rmr=0.028530
Sample tb=292.99 K, log(mass)=-1.5141, 1/(kT)=39.594318, exponent=-2.9799, rmr=0.050797
Sample tb=292.25 K, log(mass)=-1.5141, 1/(kT)=39.695897, exponent=-3.0287, rmr=0.048380
Sample tb=292.10 K, log(mass)=-1.5141, 1/(kT)=39.715508, exponent=-3.0381, rmr=0.047926
MR results: 0 NA, 0 infinite, 0 negative, 0 zero
Energy calculations: 6036 non-zero gains, 11035 non-zero losses out of 11035 observations
Saved results to output/results/D1/2015/F/eb_results_MB_2015_D1_B1.rds

Processing: Species=MB, Year=2016, Origin=D1, Climate=B1, Sex=F
Looking for climate data at: /mmfs1/gscratch/biology/jmsmith/targeted_microclimate/B1/simplified_B1_2016.rds
Directory /mmfs1/gscratch/biology/jmsmith/targeted_microclimate/B1 exists. Contents:
simplified_B1_1950.rds
simplified_B1_1951.rds
simplified_B1_1952.rds
simplified_B1_1953.rds
simplified_B1_1954.rds
simplified_B1_1955.rds
simplified_B1_1956.rds
simplified_B1_1957.rds
simplified_B1_1958.rds
simplified_B1_1959.rds
simplified_B1_2015.rds
simplified_B1_2016.rds
simplified_B1_2017.rds
simplified_B1_2018.rds
simplified_B1_2019.rds
simplified_B1_2020.rds
simplified_B1_2021.rds
simplified_B1_2022.rds
simplified_B1_2023.rds
simplified_B1_2024.rds
Processing batch 1/12 (rows 1-1000)
  Calculated 1000 temperatures. Range: -0.24 to 41.64
Processing batch 2/12 (rows 1001-2000)
  Calculated 1000 temperatures. Range: 0.96 to 44.11
Processing batch 3/12 (rows 2001-3000)
  Calculated 1000 temperatures. Range: 4.12 to 43.98
Processing batch 4/12 (rows 3001-4000)
  Calculated 1000 temperatures. Range: 3.63 to 43.49
Processing batch 5/12 (rows 4001-5000)
  Calculated 1000 temperatures. Range: 2.90 to 43.47
Processing batch 6/12 (rows 5001-6000)
  Calculated 1000 temperatures. Range: 2.44 to 42.70
Processing batch 7/12 (rows 6001-7000)
  Calculated 1000 temperatures. Range: 5.88 to 45.11
Processing batch 8/12 (rows 7001-8000)
  Calculated 1000 temperatures. Range: 5.95 to 40.50
Processing batch 9/12 (rows 8001-9000)
  Calculated 1000 temperatures. Range: 2.94 to 41.04
Processing batch 10/12 (rows 9001-10000)
  Calculated 1000 temperatures. Range: 2.05 to 35.72
Processing batch 11/12 (rows 10001-11000)
  Calculated 1000 temperatures. Range: 0.43 to 35.23
Processing batch 12/12 (rows 11001-11035)
  Calculated 35 temperatures. Range: 11.13 to 31.40
Total observations: 11035, Unique timestamps: 2207
MR parameters: mass=0.22, elev=3300.0, b0=17.10, b1=0.98, b2=-0.48, b3=0.000124
Sample tb=284.69 K, log(mass)=-1.5141, 1/(kT)=40.749479, exponent=-3.5344, rmr=0.029176
Sample tb=301.34 K, log(mass)=-1.5141, 1/(kT)=38.498359, exponent=-2.4539, rmr=0.085961
Sample tb=277.47 K, log(mass)=-1.5141, 1/(kT)=41.810342, exponent=-4.0436, rmr=0.017534
Sample tb=295.87 K, log(mass)=-1.5141, 1/(kT)=39.208937, exponent=-2.7949, rmr=0.061119
Sample tb=285.54 K, log(mass)=-1.5141, 1/(kT)=40.627817, exponent=-3.4760, rmr=0.030931
MR results: 0 NA, 0 infinite, 0 negative, 0 zero
Energy calculations: 6206 non-zero gains, 11035 non-zero losses out of 11035 observations
Saved results to output/results/D1/2016/F/eb_results_MB_2016_D1_B1.rds

Processing: Species=MB, Year=2017, Origin=D1, Climate=B1, Sex=F
Looking for climate data at: /mmfs1/gscratch/biology/jmsmith/targeted_microclimate/B1/simplified_B1_2017.rds
Directory /mmfs1/gscratch/biology/jmsmith/targeted_microclimate/B1 exists. Contents:
simplified_B1_1950.rds
simplified_B1_1951.rds
simplified_B1_1952.rds
simplified_B1_1953.rds
simplified_B1_1954.rds
simplified_B1_1955.rds
simplified_B1_1956.rds
simplified_B1_1957.rds
simplified_B1_1958.rds
simplified_B1_1959.rds
simplified_B1_2015.rds
simplified_B1_2016.rds
simplified_B1_2017.rds
simplified_B1_2018.rds
simplified_B1_2019.rds
simplified_B1_2020.rds
simplified_B1_2021.rds
simplified_B1_2022.rds
simplified_B1_2023.rds
simplified_B1_2024.rds
Processing batch 1/12 (rows 1-1000)
  Calculated 1000 temperatures. Range: 0.24 to 42.59
Processing batch 2/12 (rows 1001-2000)
  Calculated 1000 temperatures. Range: -0.33 to 35.26
Processing batch 3/12 (rows 2001-3000)
  Calculated 1000 temperatures. Range: 3.53 to 40.23
Processing batch 4/12 (rows 3001-4000)
  Calculated 1000 temperatures. Range: 0.99 to 45.10
Processing batch 5/12 (rows 4001-5000)
  Calculated 1000 temperatures. Range: 4.39 to 42.72
Processing batch 6/12 (rows 5001-6000)
  Calculated 1000 temperatures. Range: 4.14 to 46.04
Processing batch 7/12 (rows 6001-7000)
  Calculated 1000 temperatures. Range: 6.48 to 44.83
Processing batch 8/12 (rows 7001-8000)
  Calculated 1000 temperatures. Range: 4.11 to 36.52
Processing batch 9/12 (rows 8001-9000)
  Calculated 1000 temperatures. Range: 3.18 to 37.86
Processing batch 10/12 (rows 9001-10000)
  Calculated 1000 temperatures. Range: 2.99 to 39.10
Processing batch 11/12 (rows 10001-11000)
  Calculated 1000 temperatures. Range: 3.48 to 45.58
Processing batch 12/12 (rows 11001-11035)
  Calculated 35 temperatures. Range: 11.99 to 37.26
Total observations: 11035, Unique timestamps: 2207
MR parameters: mass=0.22, elev=3300.0, b0=17.10, b1=0.98, b2=-0.48, b3=0.000124
Sample tb=278.98 K, log(mass)=-1.5141, 1/(kT)=41.583294, exponent=-3.9346, rmr=0.019553
Sample tb=285.69 K, log(mass)=-1.5141, 1/(kT)=40.606459, exponent=-3.4657, rmr=0.031250
Sample tb=277.83 K, log(mass)=-1.5141, 1/(kT)=41.756022, exponent=-4.0175, rmr=0.017997
Sample tb=281.55 K, log(mass)=-1.5141, 1/(kT)=41.203511, exponent=-3.7523, rmr=0.023463
Sample tb=285.28 K, log(mass)=-1.5141, 1/(kT)=40.665158, exponent=-3.4939, rmr=0.030382
MR results: 0 NA, 0 infinite, 0 negative, 0 zero
Energy calculations: 6072 non-zero gains, 11035 non-zero losses out of 11035 observations
Saved results to output/results/D1/2017/F/eb_results_MB_2017_D1_B1.rds

Processing: Species=MB, Year=2018, Origin=D1, Climate=B1, Sex=F
Looking for climate data at: /mmfs1/gscratch/biology/jmsmith/targeted_microclimate/B1/simplified_B1_2018.rds
Directory /mmfs1/gscratch/biology/jmsmith/targeted_microclimate/B1 exists. Contents:
simplified_B1_1950.rds
simplified_B1_1951.rds
simplified_B1_1952.rds
simplified_B1_1953.rds
simplified_B1_1954.rds
simplified_B1_1955.rds
simplified_B1_1956.rds
simplified_B1_1957.rds
simplified_B1_1958.rds
simplified_B1_1959.rds
simplified_B1_2015.rds
simplified_B1_2016.rds
simplified_B1_2017.rds
simplified_B1_2018.rds
simplified_B1_2019.rds
simplified_B1_2020.rds
simplified_B1_2021.rds
simplified_B1_2022.rds
simplified_B1_2023.rds
simplified_B1_2024.rds
Processing batch 1/12 (rows 1-1000)
  Calculated 1000 temperatures. Range: -0.95 to 40.83
Processing batch 2/12 (rows 1001-2000)
  Calculated 1000 temperatures. Range: 0.69 to 41.07
Processing batch 3/12 (rows 2001-3000)
  Calculated 1000 temperatures. Range: 0.90 to 36.10
Processing batch 4/12 (rows 3001-4000)
  Calculated 1000 temperatures. Range: 2.05 to 40.88
Processing batch 5/12 (rows 4001-5000)
  Calculated 1000 temperatures. Range: 5.10 to 41.39
Processing batch 6/12 (rows 5001-6000)
  Calculated 1000 temperatures. Range: 5.47 to 41.90
Processing batch 7/12 (rows 6001-7000)
  Calculated 1000 temperatures. Range: 5.63 to 43.57
Processing batch 8/12 (rows 7001-8000)
  Calculated 1000 temperatures. Range: 4.30 to 41.65
Processing batch 9/12 (rows 8001-9000)
  Calculated 1000 temperatures. Range: 3.57 to 37.22
Processing batch 10/12 (rows 9001-10000)
  Calculated 1000 temperatures. Range: 1.19 to 38.68
Processing batch 11/12 (rows 10001-11000)
  Calculated 1000 temperatures. Range: 1.77 to 39.35
Processing batch 12/12 (rows 11001-11035)
  Calculated 35 temperatures. Range: 11.02 to 30.74
Total observations: 11035, Unique timestamps: 2207
MR parameters: mass=0.22, elev=3300.0, b0=17.10, b1=0.98, b2=-0.48, b3=0.000124
Sample tb=295.43 K, log(mass)=-1.5141, 1/(kT)=39.268379, exponent=-2.8235, rmr=0.059400
Sample tb=288.24 K, log(mass)=-1.5141, 1/(kT)=40.247217, exponent=-3.2933, rmr=0.037131
Sample tb=294.66 K, log(mass)=-1.5141, 1/(kT)=39.370379, exponent=-2.8724, rmr=0.056561
Sample tb=291.25 K, log(mass)=-1.5141, 1/(kT)=39.831246, exponent=-3.0936, rmr=0.045336
Sample tb=281.80 K, log(mass)=-1.5141, 1/(kT)=41.166519, exponent=-3.7346, rmr=0.023883
MR results: 0 NA, 0 infinite, 0 negative, 0 zero
Energy calculations: 6175 non-zero gains, 11035 non-zero losses out of 11035 observations
Saved results to output/results/D1/2018/F/eb_results_MB_2018_D1_B1.rds

Processing: Species=MB, Year=2019, Origin=D1, Climate=B1, Sex=F
Looking for climate data at: /mmfs1/gscratch/biology/jmsmith/targeted_microclimate/B1/simplified_B1_2019.rds
Directory /mmfs1/gscratch/biology/jmsmith/targeted_microclimate/B1 exists. Contents:
simplified_B1_1950.rds
simplified_B1_1951.rds
simplified_B1_1952.rds
simplified_B1_1953.rds
simplified_B1_1954.rds
simplified_B1_1955.rds
simplified_B1_1956.rds
simplified_B1_1957.rds
simplified_B1_1958.rds
simplified_B1_1959.rds
simplified_B1_2015.rds
simplified_B1_2016.rds
simplified_B1_2017.rds
simplified_B1_2018.rds
simplified_B1_2019.rds
simplified_B1_2020.rds
simplified_B1_2021.rds
simplified_B1_2022.rds
simplified_B1_2023.rds
simplified_B1_2024.rds
Processing batch 1/12 (rows 1-1000)
  Calculated 1000 temperatures. Range: -1.06 to 38.72
Processing batch 2/12 (rows 1001-2000)
  Calculated 1000 temperatures. Range: -3.24 to 37.95
Processing batch 3/12 (rows 2001-3000)
  Calculated 1000 temperatures. Range: -1.36 to 33.22
Processing batch 4/12 (rows 3001-4000)
  Calculated 1000 temperatures. Range: 0.80 to 44.10
Processing batch 5/12 (rows 4001-5000)
  Calculated 1000 temperatures. Range: 2.99 to 44.81
Processing batch 6/12 (rows 5001-6000)
  Calculated 1000 temperatures. Range: 4.84 to 46.42
Processing batch 7/12 (rows 6001-7000)
  Calculated 1000 temperatures. Range: 5.27 to 47.64
Processing batch 8/12 (rows 7001-8000)
  Calculated 1000 temperatures. Range: 4.02 to 48.25
Processing batch 9/12 (rows 8001-9000)
  Calculated 1000 temperatures. Range: 3.85 to 42.34
Processing batch 10/12 (rows 9001-10000)
  Calculated 1000 temperatures. Range: 3.03 to 40.45
Processing batch 11/12 (rows 10001-11000)
  Calculated 1000 temperatures. Range: 2.78 to 35.78
Processing batch 12/12 (rows 11001-11035)
  Calculated 35 temperatures. Range: 12.95 to 32.85
Total observations: 11035, Unique timestamps: 2207
MR parameters: mass=0.22, elev=3300.0, b0=17.10, b1=0.98, b2=-0.48, b3=0.000124
Sample tb=289.87 K, log(mass)=-1.5141, 1/(kT)=40.021538, exponent=-3.1850, rmr=0.041379
Sample tb=280.21 K, log(mass)=-1.5141, 1/(kT)=41.400577, exponent=-3.8469, rmr=0.021345
Sample tb=289.19 K, log(mass)=-1.5141, 1/(kT)=40.115671, exponent=-3.2302, rmr=0.039551
Sample tb=306.09 K, log(mass)=-1.5141, 1/(kT)=37.900552, exponent=-2.1669, rmr=0.114531
Sample tb=281.50 K, log(mass)=-1.5141, 1/(kT)=41.211637, exponent=-3.7562, rmr=0.023372
MR results: 0 NA, 0 infinite, 0 negative, 0 zero
Energy calculations: 6004 non-zero gains, 11035 non-zero losses out of 11035 observations
Saved results to output/results/D1/2019/F/eb_results_MB_2019_D1_B1.rds

Processing: Species=MB, Year=2020, Origin=D1, Climate=B1, Sex=F
Looking for climate data at: /mmfs1/gscratch/biology/jmsmith/targeted_microclimate/B1/simplified_B1_2020.rds
Directory /mmfs1/gscratch/biology/jmsmith/targeted_microclimate/B1 exists. Contents:
simplified_B1_1950.rds
simplified_B1_1951.rds
simplified_B1_1952.rds
simplified_B1_1953.rds
simplified_B1_1954.rds
simplified_B1_1955.rds
simplified_B1_1956.rds
simplified_B1_1957.rds
simplified_B1_1958.rds
simplified_B1_1959.rds
simplified_B1_2015.rds
simplified_B1_2016.rds
simplified_B1_2017.rds
simplified_B1_2018.rds
simplified_B1_2019.rds
simplified_B1_2020.rds
simplified_B1_2021.rds
simplified_B1_2022.rds
simplified_B1_2023.rds
simplified_B1_2024.rds
Processing batch 1/8 (rows 1-1000)
  Calculated 1000 temperatures. Range: 0.65 to 45.33
Processing batch 2/8 (rows 1001-2000)
  Calculated 1000 temperatures. Range: -2.25 to 31.05
Processing batch 3/8 (rows 2001-3000)
  Calculated 1000 temperatures. Range: 0.57 to 32.07
Processing batch 4/8 (rows 3001-4000)
  Calculated 1000 temperatures. Range: 3.69 to 33.85
Processing batch 5/8 (rows 4001-5000)
  Calculated 1000 temperatures. Range: 4.11 to 34.14
Processing batch 6/8 (rows 5001-6000)
  Calculated 1000 temperatures. Range: 3.49 to 33.83
Processing batch 7/8 (rows 6001-7000)
  Calculated 1000 temperatures. Range: 4.95 to 34.68
Processing batch 8/8 (rows 7001-7051)
  Calculated 51 temperatures. Range: 1.95 to 24.21
Total observations: 7051, Unique timestamps: 2207
MR parameters: mass=0.22, elev=3300.0, b0=17.10, b1=0.98, b2=-0.48, b3=0.000124
Sample tb=278.03 K, log(mass)=-1.5141, 1/(kT)=41.725100, exponent=-4.0027, rmr=0.018266
Sample tb=282.28 K, log(mass)=-1.5141, 1/(kT)=41.097402, exponent=-3.7014, rmr=0.024689
Sample tb=290.71 K, log(mass)=-1.5141, 1/(kT)=39.905594, exponent=-3.1293, rmr=0.043747
Sample tb=287.69 K, log(mass)=-1.5141, 1/(kT)=40.324108, exponent=-3.3302, rmr=0.035785
Sample tb=288.63 K, log(mass)=-1.5141, 1/(kT)=40.193280, exponent=-3.2674, rmr=0.038105
MR results: 0 NA, 0 infinite, 0 negative, 0 zero
Energy calculations: 3737 non-zero gains, 7051 non-zero losses out of 7051 observations
Saved results to output/results/D1/2020/F/eb_results_MB_2020_D1_B1.rds

Processing: Species=MB, Year=2021, Origin=D1, Climate=B1, Sex=F
Looking for climate data at: /mmfs1/gscratch/biology/jmsmith/targeted_microclimate/B1/simplified_B1_2021.rds
Directory /mmfs1/gscratch/biology/jmsmith/targeted_microclimate/B1 exists. Contents:
simplified_B1_1950.rds
simplified_B1_1951.rds
simplified_B1_1952.rds
simplified_B1_1953.rds
simplified_B1_1954.rds
simplified_B1_1955.rds
simplified_B1_1956.rds
simplified_B1_1957.rds
simplified_B1_1958.rds
simplified_B1_1959.rds
simplified_B1_2015.rds
simplified_B1_2016.rds
simplified_B1_2017.rds
simplified_B1_2018.rds
simplified_B1_2019.rds
simplified_B1_2020.rds
simplified_B1_2021.rds
simplified_B1_2022.rds
simplified_B1_2023.rds
simplified_B1_2024.rds
Processing batch 1/12 (rows 1-1000)
  Calculated 1000 temperatures. Range: -4.25 to 42.15
Processing batch 2/12 (rows 1001-2000)
  Calculated 1000 temperatures. Range: 0.26 to 51.59
Processing batch 3/12 (rows 2001-3000)
  Calculated 1000 temperatures. Range: 2.44 to 46.20
Processing batch 4/12 (rows 3001-4000)
  Calculated 1000 temperatures. Range: 1.21 to 40.85
Processing batch 5/12 (rows 4001-5000)
  Calculated 1000 temperatures. Range: 4.76 to 42.83
Processing batch 6/12 (rows 5001-6000)
  Calculated 1000 temperatures. Range: 3.90 to 43.34
Processing batch 7/12 (rows 6001-7000)
  Calculated 1000 temperatures. Range: 4.79 to 38.55
Processing batch 8/12 (rows 7001-8000)
  Calculated 1000 temperatures. Range: 3.85 to 41.20
Processing batch 9/12 (rows 8001-9000)
  Calculated 1000 temperatures. Range: 3.69 to 41.63
Processing batch 10/12 (rows 9001-10000)
  Calculated 1000 temperatures. Range: 3.40 to 40.86
Processing batch 11/12 (rows 10001-11000)
  Calculated 1000 temperatures. Range: 2.99 to 37.68
Processing batch 12/12 (rows 11001-11035)
  Calculated 35 temperatures. Range: 12.79 to 38.35
Total observations: 11035, Unique timestamps: 2207
MR parameters: mass=0.22, elev=3300.0, b0=17.10, b1=0.98, b2=-0.48, b3=0.000124
Sample tb=287.16 K, log(mass)=-1.5141, 1/(kT)=40.398433, exponent=-3.3659, rmr=0.034531
Sample tb=282.65 K, log(mass)=-1.5141, 1/(kT)=41.043070, exponent=-3.6753, rmr=0.025341
Sample tb=303.94 K, log(mass)=-1.5141, 1/(kT)=38.168331, exponent=-2.2954, rmr=0.100717
Sample tb=278.34 K, log(mass)=-1.5141, 1/(kT)=41.678305, exponent=-3.9802, rmr=0.018681
Sample tb=284.24 K, log(mass)=-1.5141, 1/(kT)=40.814206, exponent=-3.5655, rmr=0.028284
MR results: 0 NA, 0 infinite, 0 negative, 0 zero
Energy calculations: 6382 non-zero gains, 11035 non-zero losses out of 11035 observations
Saved results to output/results/D1/2021/F/eb_results_MB_2021_D1_B1.rds

Processing: Species=MB, Year=2022, Origin=D1, Climate=B1, Sex=F
Looking for climate data at: /mmfs1/gscratch/biology/jmsmith/targeted_microclimate/B1/simplified_B1_2022.rds
Directory /mmfs1/gscratch/biology/jmsmith/targeted_microclimate/B1 exists. Contents:
simplified_B1_1950.rds
simplified_B1_1951.rds
simplified_B1_1952.rds
simplified_B1_1953.rds
simplified_B1_1954.rds
simplified_B1_1955.rds
simplified_B1_1956.rds
simplified_B1_1957.rds
simplified_B1_1958.rds
simplified_B1_1959.rds
simplified_B1_2015.rds
simplified_B1_2016.rds
simplified_B1_2017.rds
simplified_B1_2018.rds
simplified_B1_2019.rds
simplified_B1_2020.rds
simplified_B1_2021.rds
simplified_B1_2022.rds
simplified_B1_2023.rds
simplified_B1_2024.rds
Processing batch 1/12 (rows 1-1000)
  Calculated 1000 temperatures. Range: -3.93 to 36.33
Processing batch 2/12 (rows 1001-2000)
  Calculated 1000 temperatures. Range: -1.14 to 35.72
Processing batch 3/12 (rows 2001-3000)
  Calculated 1000 temperatures. Range: -0.65 to 41.36
Processing batch 4/12 (rows 3001-4000)
  Calculated 1000 temperatures. Range: 2.57 to 43.19
Processing batch 5/12 (rows 4001-5000)
  Calculated 1000 temperatures. Range: 5.46 to 46.26
Processing batch 6/12 (rows 5001-6000)
  Calculated 1000 temperatures. Range: 6.44 to 48.00
Processing batch 7/12 (rows 6001-7000)
  Calculated 1000 temperatures. Range: 5.54 to 43.07
Processing batch 8/12 (rows 7001-8000)
  Calculated 1000 temperatures. Range: 5.36 to 42.51
Processing batch 9/12 (rows 8001-9000)
  Calculated 1000 temperatures. Range: 6.28 to 43.05
Processing batch 10/12 (rows 9001-10000)
  Calculated 1000 temperatures. Range: 3.68 to 35.00
Processing batch 11/12 (rows 10001-11000)
  Calculated 1000 temperatures. Range: 3.95 to 41.80
Processing batch 12/12 (rows 11001-11035)
  Calculated 35 temperatures. Range: 13.53 to 32.75
Total observations: 11035, Unique timestamps: 2207
MR parameters: mass=0.22, elev=3300.0, b0=17.10, b1=0.98, b2=-0.48, b3=0.000124
Sample tb=303.29 K, log(mass)=-1.5141, 1/(kT)=38.250160, exponent=-2.3347, rmr=0.096837
Sample tb=284.89 K, log(mass)=-1.5141, 1/(kT)=40.720121, exponent=-3.5203, rmr=0.029590
Sample tb=281.98 K, log(mass)=-1.5141, 1/(kT)=41.141430, exponent=-3.7225, rmr=0.024173
Sample tb=278.56 K, log(mass)=-1.5141, 1/(kT)=41.646633, exponent=-3.9650, rmr=0.018967
Sample tb=287.80 K, log(mass)=-1.5141, 1/(kT)=40.308943, exponent=-3.3229, rmr=0.036047
MR results: 0 NA, 0 infinite, 0 negative, 0 zero
Energy calculations: 6421 non-zero gains, 11035 non-zero losses out of 11035 observations
Saved results to output/results/D1/2022/F/eb_results_MB_2022_D1_B1.rds

Processing: Species=MB, Year=2023, Origin=D1, Climate=B1, Sex=F
Looking for climate data at: /mmfs1/gscratch/biology/jmsmith/targeted_microclimate/B1/simplified_B1_2023.rds
Directory /mmfs1/gscratch/biology/jmsmith/targeted_microclimate/B1 exists. Contents:
simplified_B1_1950.rds
simplified_B1_1951.rds
simplified_B1_1952.rds
simplified_B1_1953.rds
simplified_B1_1954.rds
simplified_B1_1955.rds
simplified_B1_1956.rds
simplified_B1_1957.rds
simplified_B1_1958.rds
simplified_B1_1959.rds
simplified_B1_2015.rds
simplified_B1_2016.rds
simplified_B1_2017.rds
simplified_B1_2018.rds
simplified_B1_2019.rds
simplified_B1_2020.rds
simplified_B1_2021.rds
simplified_B1_2022.rds
simplified_B1_2023.rds
simplified_B1_2024.rds
Processing batch 1/12 (rows 1-1000)
  Calculated 1000 temperatures. Range: 0.24 to 38.25
Processing batch 2/12 (rows 1001-2000)
  Calculated 1000 temperatures. Range: -0.04 to 36.54
Processing batch 3/12 (rows 2001-3000)
  Calculated 1000 temperatures. Range: -0.02 to 40.93
Processing batch 4/12 (rows 3001-4000)
  Calculated 1000 temperatures. Range: 1.80 to 40.38
Processing batch 5/12 (rows 4001-5000)
  Calculated 1000 temperatures. Range: 4.34 to 38.39
Processing batch 6/12 (rows 5001-6000)
  Calculated 1000 temperatures. Range: 4.00 to 41.68
Processing batch 7/12 (rows 6001-7000)
  Calculated 1000 temperatures. Range: 4.24 to 41.96
Processing batch 8/12 (rows 7001-8000)
  Calculated 1000 temperatures. Range: 4.46 to 43.11
Processing batch 9/12 (rows 8001-9000)
  Calculated 1000 temperatures. Range: 1.95 to 41.35
Processing batch 10/12 (rows 9001-10000)
  Calculated 1000 temperatures. Range: 3.73 to 42.78
Processing batch 11/12 (rows 10001-11000)
  Calculated 1000 temperatures. Range: 4.05 to 34.86
Processing batch 12/12 (rows 11001-11035)
  Calculated 35 temperatures. Range: 13.93 to 34.90
Total observations: 11035, Unique timestamps: 2207
MR parameters: mass=0.22, elev=3300.0, b0=17.10, b1=0.98, b2=-0.48, b3=0.000124
Sample tb=289.75 K, log(mass)=-1.5141, 1/(kT)=40.037676, exponent=-3.1927, rmr=0.041060
Sample tb=277.29 K, log(mass)=-1.5141, 1/(kT)=41.836966, exponent=-4.0564, rmr=0.017311
Sample tb=288.62 K, log(mass)=-1.5141, 1/(kT)=40.194794, exponent=-3.2681, rmr=0.038077
Sample tb=300.93 K, log(mass)=-1.5141, 1/(kT)=38.550194, exponent=-2.4787, rmr=0.083849
Sample tb=287.15 K, log(mass)=-1.5141, 1/(kT)=40.400391, exponent=-3.3668, rmr=0.034499
MR results: 0 NA, 0 infinite, 0 negative, 0 zero
Energy calculations: 5867 non-zero gains, 11035 non-zero losses out of 11035 observations
Saved results to output/results/D1/2023/F/eb_results_MB_2023_D1_B1.rds

Processing: Species=MB, Year=2024, Origin=D1, Climate=B1, Sex=F
Looking for climate data at: /mmfs1/gscratch/biology/jmsmith/targeted_microclimate/B1/simplified_B1_2024.rds
Directory /mmfs1/gscratch/biology/jmsmith/targeted_microclimate/B1 exists. Contents:
simplified_B1_1950.rds
simplified_B1_1951.rds
simplified_B1_1952.rds
simplified_B1_1953.rds
simplified_B1_1954.rds
simplified_B1_1955.rds
simplified_B1_1956.rds
simplified_B1_1957.rds
simplified_B1_1958.rds
simplified_B1_1959.rds
simplified_B1_2015.rds
simplified_B1_2016.rds
simplified_B1_2017.rds
simplified_B1_2018.rds
simplified_B1_2019.rds
simplified_B1_2020.rds
simplified_B1_2021.rds
simplified_B1_2022.rds
simplified_B1_2023.rds
simplified_B1_2024.rds
Processing batch 1/12 (rows 1-1000)
  Calculated 1000 temperatures. Range: -0.28 to 40.88
Processing batch 2/12 (rows 1001-2000)
  Calculated 1000 temperatures. Range: 2.70 to 40.95
Processing batch 3/12 (rows 2001-3000)
  Calculated 1000 temperatures. Range: -0.72 to 44.98
Processing batch 4/12 (rows 3001-4000)
  Calculated 1000 temperatures. Range: 3.19 to 43.33
Processing batch 5/12 (rows 4001-5000)
  Calculated 1000 temperatures. Range: 1.74 to 38.23
Processing batch 6/12 (rows 5001-6000)
  Calculated 1000 temperatures. Range: 5.34 to 43.52
Processing batch 7/12 (rows 6001-7000)
  Calculated 1000 temperatures. Range: 2.53 to 45.35
Processing batch 8/12 (rows 7001-8000)
  Calculated 1000 temperatures. Range: 3.98 to 44.08
Processing batch 9/12 (rows 8001-9000)
  Calculated 1000 temperatures. Range: 6.35 to 41.97
Processing batch 10/12 (rows 9001-10000)
  Calculated 1000 temperatures. Range: 4.27 to 42.80
Processing batch 11/12 (rows 10001-11000)
  Calculated 1000 temperatures. Range: 2.90 to 38.98
Processing batch 12/12 (rows 11001-11035)
  Calculated 35 temperatures. Range: 11.98 to 30.73
Total observations: 11035, Unique timestamps: 2207
MR parameters: mass=0.22, elev=3300.0, b0=17.10, b1=0.98, b2=-0.48, b3=0.000124
Sample tb=299.21 K, log(mass)=-1.5141, 1/(kT)=38.771864, exponent=-2.5851, rmr=0.075386
Sample tb=280.17 K, log(mass)=-1.5141, 1/(kT)=41.406479, exponent=-3.8498, rmr=0.021285
Sample tb=280.46 K, log(mass)=-1.5141, 1/(kT)=41.363753, exponent=-3.8292, rmr=0.021726
Sample tb=293.76 K, log(mass)=-1.5141, 1/(kT)=39.490992, exponent=-2.9303, rmr=0.053380
Sample tb=283.65 K, log(mass)=-1.5141, 1/(kT)=40.898935, exponent=-3.6061, rmr=0.027157
MR results: 0 NA, 0 infinite, 0 negative, 0 zero
Energy calculations: 6504 non-zero gains, 11035 non-zero losses out of 11035 observations
Saved results to output/results/D1/2024/F/eb_results_MB_2024_D1_B1.rds

All years processed.
