Arguments received:
Species: MB
Years: 1950, 1951, 1952, 1953, 1954, 1955, 1956, 1957, 1958, 1959
Origin site: A1
Climate site: B1
Sex: M
Output directory: output/results/A1
Library paths:
[1] "/gscratch/biology/jmsmith/R"                          
[2] "/mmfs1/home/smithju/R/x86_64-pc-linux-gnu-library/4.4"
[3] "/usr/local/lib/R/site-library"                        
[4] "/usr/local/lib/R/library"                             
Package tidyverse loaded successfully
Package TrenchR loaded successfully
Package rTPC loaded successfully
Package lubridate loaded successfully

Processing: Species=MB, Year=1950, Origin=A1, Climate=B1, Sex=M
Looking for climate data at: /mmfs1/gscratch/biology/jmsmith/targeted_microclimate/B1/simplified_B1_1950.rds
Directory /mmfs1/gscratch/biology/jmsmith/targeted_microclimate/B1 exists. Contents:
simplified_B1_1950.rds
simplified_B1_1951.rds
simplified_B1_1952.rds
simplified_B1_1953.rds
simplified_B1_1954.rds
simplified_B1_1955.rds
simplified_B1_1956.rds
simplified_B1_1957.rds
simplified_B1_1958.rds
simplified_B1_1959.rds
simplified_B1_2015.rds
simplified_B1_2016.rds
simplified_B1_2017.rds
simplified_B1_2018.rds
simplified_B1_2019.rds
simplified_B1_2020.rds
simplified_B1_2021.rds
simplified_B1_2022.rds
simplified_B1_2023.rds
simplified_B1_2024.rds
Processing batch 1/12 (rows 1-1000)
  Calculated 1000 temperatures. Range: -10.12 to 33.18
Processing batch 2/12 (rows 1001-2000)
  Calculated 1000 temperatures. Range: -5.85 to 33.77
Processing batch 3/12 (rows 2001-3000)
  Calculated 1000 temperatures. Range: 0.42 to 38.28
Processing batch 4/12 (rows 3001-4000)
  Calculated 1000 temperatures. Range: 0.02 to 41.36
Processing batch 5/12 (rows 4001-5000)
  Calculated 1000 temperatures. Range: 2.19 to 46.04
Processing batch 6/12 (rows 5001-6000)
  Calculated 1000 temperatures. Range: 2.13 to 45.91
Processing batch 7/12 (rows 6001-7000)
  Calculated 1000 temperatures. Range: 2.24 to 43.46
Processing batch 8/12 (rows 7001-8000)
  Calculated 1000 temperatures. Range: 1.85 to 35.61
Processing batch 9/12 (rows 8001-9000)
  Calculated 1000 temperatures. Range: 1.80 to 44.46
Processing batch 10/12 (rows 9001-10000)
  Calculated 1000 temperatures. Range: 1.15 to 37.28
Processing batch 11/12 (rows 10001-11000)
  Calculated 1000 temperatures. Range: -0.40 to 40.49
Processing batch 12/12 (rows 11001-11035)
  Calculated 35 temperatures. Range: 12.37 to 31.16
Total observations: 11035, Unique timestamps: 2207
MR parameters: mass=0.33, elev=2195.0, b0=17.10, b1=0.98, b2=-0.48, b3=0.000124
Sample tb=285.50 K, log(mass)=-1.1087, 1/(kT)=40.634268, exponent=-3.2188, rmr=0.040005
Sample tb=280.86 K, log(mass)=-1.1087, 1/(kT)=41.304495, exponent=-3.5405, rmr=0.029000
Sample tb=286.51 K, log(mass)=-1.1087, 1/(kT)=40.490982, exponent=-3.1500, rmr=0.042853
Sample tb=300.42 K, log(mass)=-1.1087, 1/(kT)=38.615206, exponent=-2.2496, rmr=0.105441
Sample tb=282.94 K, log(mass)=-1.1087, 1/(kT)=41.000704, exponent=-3.3946, rmr=0.033552
MR results: 0 NA, 0 infinite, 0 negative, 0 zero
Energy calculations: 4916 non-zero gains, 11035 non-zero losses out of 11035 observations
Saved results to output/results/A1/1950/M/eb_results_MB_1950_A1_B1.rds

Processing: Species=MB, Year=1951, Origin=A1, Climate=B1, Sex=M
Looking for climate data at: /mmfs1/gscratch/biology/jmsmith/targeted_microclimate/B1/simplified_B1_1951.rds
Directory /mmfs1/gscratch/biology/jmsmith/targeted_microclimate/B1 exists. Contents:
simplified_B1_1950.rds
simplified_B1_1951.rds
simplified_B1_1952.rds
simplified_B1_1953.rds
simplified_B1_1954.rds
simplified_B1_1955.rds
simplified_B1_1956.rds
simplified_B1_1957.rds
simplified_B1_1958.rds
simplified_B1_1959.rds
simplified_B1_2015.rds
simplified_B1_2016.rds
simplified_B1_2017.rds
simplified_B1_2018.rds
simplified_B1_2019.rds
simplified_B1_2020.rds
simplified_B1_2021.rds
simplified_B1_2022.rds
simplified_B1_2023.rds
simplified_B1_2024.rds
Processing batch 1/12 (rows 1-1000)
  Calculated 1000 temperatures. Range: -9.67 to 16.65
Processing batch 2/12 (rows 1001-2000)
  Calculated 1000 temperatures. Range: -4.61 to 22.26
Processing batch 3/12 (rows 2001-3000)
  Calculated 1000 temperatures. Range: -1.84 to 33.37
Processing batch 4/12 (rows 3001-4000)
  Calculated 1000 temperatures. Range: 0.06 to 39.79
Processing batch 5/12 (rows 4001-5000)
  Calculated 1000 temperatures. Range: 1.80 to 46.55
Processing batch 6/12 (rows 5001-6000)
  Calculated 1000 temperatures. Range: 3.06 to 49.48
Processing batch 7/12 (rows 6001-7000)
  Calculated 1000 temperatures. Range: 3.63 to 40.98
Processing batch 8/12 (rows 7001-8000)
  Calculated 1000 temperatures. Range: 6.19 to 46.16
Processing batch 9/12 (rows 8001-9000)
  Calculated 1000 temperatures. Range: 2.40 to 39.68
Processing batch 10/12 (rows 9001-10000)
  Calculated 1000 temperatures. Range: 2.48 to 39.28
Processing batch 11/12 (rows 10001-11000)
  Calculated 1000 temperatures. Range: 1.80 to 36.27
Processing batch 12/12 (rows 11001-11035)
  Calculated 35 temperatures. Range: 10.07 to 30.87
Total observations: 11035, Unique timestamps: 2207
MR parameters: mass=0.33, elev=2195.0, b0=17.10, b1=0.98, b2=-0.48, b3=0.000124
Sample tb=290.82 K, log(mass)=-1.1087, 1/(kT)=39.890837, exponent=-2.8619, rmr=0.057159
Sample tb=309.36 K, log(mass)=-1.1087, 1/(kT)=37.500090, exponent=-1.7144, rmr=0.180080
Sample tb=283.31 K, log(mass)=-1.1087, 1/(kT)=40.947627, exponent=-3.3692, rmr=0.034418
Sample tb=287.40 K, log(mass)=-1.1087, 1/(kT)=40.364543, exponent=-3.0893, rmr=0.045534
Sample tb=282.19 K, log(mass)=-1.1087, 1/(kT)=41.110955, exponent=-3.4476, rmr=0.031823
MR results: 0 NA, 0 infinite, 0 negative, 0 zero
Energy calculations: 4931 non-zero gains, 11035 non-zero losses out of 11035 observations
Saved results to output/results/A1/1951/M/eb_results_MB_1951_A1_B1.rds

Processing: Species=MB, Year=1952, Origin=A1, Climate=B1, Sex=M
Looking for climate data at: /mmfs1/gscratch/biology/jmsmith/targeted_microclimate/B1/simplified_B1_1952.rds
Directory /mmfs1/gscratch/biology/jmsmith/targeted_microclimate/B1 exists. Contents:
simplified_B1_1950.rds
simplified_B1_1951.rds
simplified_B1_1952.rds
simplified_B1_1953.rds
simplified_B1_1954.rds
simplified_B1_1955.rds
simplified_B1_1956.rds
simplified_B1_1957.rds
simplified_B1_1958.rds
simplified_B1_1959.rds
simplified_B1_2015.rds
simplified_B1_2016.rds
simplified_B1_2017.rds
simplified_B1_2018.rds
simplified_B1_2019.rds
simplified_B1_2020.rds
simplified_B1_2021.rds
simplified_B1_2022.rds
simplified_B1_2023.rds
simplified_B1_2024.rds
Processing batch 1/12 (rows 1-1000)
  Calculated 1000 temperatures. Range: -0.28 to 44.27
Processing batch 2/12 (rows 1001-2000)
  Calculated 1000 temperatures. Range: -1.78 to 60.00
Processing batch 3/12 (rows 2001-3000)
  Calculated 1000 temperatures. Range: 0.81 to 60.00
Processing batch 4/12 (rows 3001-4000)
  Calculated 1000 temperatures. Range: 1.51 to 45.32
Processing batch 5/12 (rows 4001-5000)
  Calculated 1000 temperatures. Range: 1.31 to 39.86
Processing batch 6/12 (rows 5001-6000)
  Calculated 1000 temperatures. Range: 2.08 to 45.72
Processing batch 7/12 (rows 6001-7000)
  Calculated 1000 temperatures. Range: 3.03 to 43.82
Processing batch 8/12 (rows 7001-8000)
  Calculated 1000 temperatures. Range: 4.48 to 41.72
Processing batch 9/12 (rows 8001-9000)
  Calculated 1000 temperatures. Range: 3.23 to 43.76
Processing batch 10/12 (rows 9001-10000)
  Calculated 1000 temperatures. Range: 4.04 to 44.84
Processing batch 11/12 (rows 10001-11000)
  Calculated 1000 temperatures. Range: -0.29 to 38.81
Processing batch 12/12 (rows 11001-11035)
  Calculated 35 temperatures. Range: 8.93 to 26.25
Total observations: 11035, Unique timestamps: 2207
MR parameters: mass=0.33, elev=2195.0, b0=17.10, b1=0.98, b2=-0.48, b3=0.000124
Sample tb=288.91 K, log(mass)=-1.1087, 1/(kT)=40.154565, exponent=-2.9885, rmr=0.050363
Sample tb=287.99 K, log(mass)=-1.1087, 1/(kT)=40.282266, exponent=-3.0498, rmr=0.047369
Sample tb=291.26 K, log(mass)=-1.1087, 1/(kT)=39.829601, exponent=-2.8325, rmr=0.058864
Sample tb=292.89 K, log(mass)=-1.1087, 1/(kT)=39.608728, exponent=-2.7265, rmr=0.065448
Sample tb=285.60 K, log(mass)=-1.1087, 1/(kT)=40.619239, exponent=-3.2115, rmr=0.040294
MR results: 0 NA, 0 infinite, 0 negative, 0 zero
Energy calculations: 5851 non-zero gains, 11035 non-zero losses out of 11035 observations
Saved results to output/results/A1/1952/M/eb_results_MB_1952_A1_B1.rds

Processing: Species=MB, Year=1953, Origin=A1, Climate=B1, Sex=M
Looking for climate data at: /mmfs1/gscratch/biology/jmsmith/targeted_microclimate/B1/simplified_B1_1953.rds
Directory /mmfs1/gscratch/biology/jmsmith/targeted_microclimate/B1 exists. Contents:
simplified_B1_1950.rds
simplified_B1_1951.rds
simplified_B1_1952.rds
simplified_B1_1953.rds
simplified_B1_1954.rds
simplified_B1_1955.rds
simplified_B1_1956.rds
simplified_B1_1957.rds
simplified_B1_1958.rds
simplified_B1_1959.rds
simplified_B1_2015.rds
simplified_B1_2016.rds
simplified_B1_2017.rds
simplified_B1_2018.rds
simplified_B1_2019.rds
simplified_B1_2020.rds
simplified_B1_2021.rds
simplified_B1_2022.rds
simplified_B1_2023.rds
simplified_B1_2024.rds
Processing batch 1/12 (rows 1-1000)
  Calculated 1000 temperatures. Range: -4.19 to 34.11
Processing batch 2/12 (rows 1001-2000)
  Calculated 1000 temperatures. Range: -0.72 to 46.01
Processing batch 3/12 (rows 2001-3000)
  Calculated 1000 temperatures. Range: 0.58 to 44.84
Processing batch 4/12 (rows 3001-4000)
  Calculated 1000 temperatures. Range: 1.56 to 49.30
Processing batch 5/12 (rows 4001-5000)
  Calculated 1000 temperatures. Range: 3.26 to 42.37
Processing batch 6/12 (rows 5001-6000)
  Calculated 1000 temperatures. Range: 3.37 to 37.89
Processing batch 7/12 (rows 6001-7000)
  Calculated 1000 temperatures. Range: 3.36 to 43.82
Processing batch 8/12 (rows 7001-8000)
  Calculated 1000 temperatures. Range: 2.20 to 39.71
Processing batch 9/12 (rows 8001-9000)
  Calculated 1000 temperatures. Range: 2.12 to 41.37
Processing batch 10/12 (rows 9001-10000)
  Calculated 1000 temperatures. Range: 0.61 to 38.14
Processing batch 11/12 (rows 10001-11000)
  Calculated 1000 temperatures. Range: 1.40 to 40.43
Processing batch 12/12 (rows 11001-11035)
  Calculated 35 temperatures. Range: 12.61 to 31.38
Total observations: 11035, Unique timestamps: 2207
MR parameters: mass=0.33, elev=2195.0, b0=17.10, b1=0.98, b2=-0.48, b3=0.000124
Sample tb=283.12 K, log(mass)=-1.1087, 1/(kT)=40.975846, exponent=-3.3827, rmr=0.033955
Sample tb=284.90 K, log(mass)=-1.1087, 1/(kT)=40.719787, exponent=-3.2598, rmr=0.038396
Sample tb=285.13 K, log(mass)=-1.1087, 1/(kT)=40.686939, exponent=-3.2440, rmr=0.039006
Sample tb=294.92 K, log(mass)=-1.1087, 1/(kT)=39.335812, exponent=-2.5955, rmr=0.074609
Sample tb=306.22 K, log(mass)=-1.1087, 1/(kT)=37.884192, exponent=-1.8987, rmr=0.149760
MR results: 0 NA, 0 infinite, 0 negative, 0 zero
Energy calculations: 5828 non-zero gains, 11035 non-zero losses out of 11035 observations
Saved results to output/results/A1/1953/M/eb_results_MB_1953_A1_B1.rds

Processing: Species=MB, Year=1954, Origin=A1, Climate=B1, Sex=M
Looking for climate data at: /mmfs1/gscratch/biology/jmsmith/targeted_microclimate/B1/simplified_B1_1954.rds
Directory /mmfs1/gscratch/biology/jmsmith/targeted_microclimate/B1 exists. Contents:
simplified_B1_1950.rds
simplified_B1_1951.rds
simplified_B1_1952.rds
simplified_B1_1953.rds
simplified_B1_1954.rds
simplified_B1_1955.rds
simplified_B1_1956.rds
simplified_B1_1957.rds
simplified_B1_1958.rds
simplified_B1_1959.rds
simplified_B1_2015.rds
simplified_B1_2016.rds
simplified_B1_2017.rds
simplified_B1_2018.rds
simplified_B1_2019.rds
simplified_B1_2020.rds
simplified_B1_2021.rds
simplified_B1_2022.rds
simplified_B1_2023.rds
simplified_B1_2024.rds
Processing batch 1/12 (rows 1-1000)
  Calculated 1000 temperatures. Range: -6.14 to 38.03
Processing batch 2/12 (rows 1001-2000)
  Calculated 1000 temperatures. Range: -2.12 to 35.09
Processing batch 3/12 (rows 2001-3000)
  Calculated 1000 temperatures. Range: 3.10 to 44.76
Processing batch 4/12 (rows 3001-4000)
  Calculated 1000 temperatures. Range: 2.46 to 44.36
Processing batch 5/12 (rows 4001-5000)
  Calculated 1000 temperatures. Range: 5.78 to 41.02
Processing batch 6/12 (rows 5001-6000)
  Calculated 1000 temperatures. Range: 6.28 to 45.45
Processing batch 7/12 (rows 6001-7000)
  Calculated 1000 temperatures. Range: 5.81 to 47.70
Processing batch 8/12 (rows 7001-8000)
  Calculated 1000 temperatures. Range: 3.14 to 41.14
Processing batch 9/12 (rows 8001-9000)
  Calculated 1000 temperatures. Range: 2.87 to 44.22
Processing batch 10/12 (rows 9001-10000)
  Calculated 1000 temperatures. Range: 1.06 to 42.30
Processing batch 11/12 (rows 10001-11000)
  Calculated 1000 temperatures. Range: 0.98 to 43.82
Processing batch 12/12 (rows 11001-11035)
  Calculated 35 temperatures. Range: 13.53 to 40.15
Total observations: 11035, Unique timestamps: 2207
MR parameters: mass=0.33, elev=2195.0, b0=17.10, b1=0.98, b2=-0.48, b3=0.000124
Sample tb=290.46 K, log(mass)=-1.1087, 1/(kT)=39.940259, exponent=-2.8856, rmr=0.055819
Sample tb=304.40 K, log(mass)=-1.1087, 1/(kT)=38.110353, exponent=-2.0073, rmr=0.134354
Sample tb=295.36 K, log(mass)=-1.1087, 1/(kT)=39.277740, exponent=-2.5676, rmr=0.076718
Sample tb=283.52 K, log(mass)=-1.1087, 1/(kT)=40.917683, exponent=-3.3548, rmr=0.034916
Sample tb=286.59 K, log(mass)=-1.1087, 1/(kT)=40.478762, exponent=-3.1441, rmr=0.043105
MR results: 0 NA, 0 infinite, 0 negative, 0 zero
Energy calculations: 6140 non-zero gains, 11035 non-zero losses out of 11035 observations
Saved results to output/results/A1/1954/M/eb_results_MB_1954_A1_B1.rds

Processing: Species=MB, Year=1955, Origin=A1, Climate=B1, Sex=M
Looking for climate data at: /mmfs1/gscratch/biology/jmsmith/targeted_microclimate/B1/simplified_B1_1955.rds
Directory /mmfs1/gscratch/biology/jmsmith/targeted_microclimate/B1 exists. Contents:
simplified_B1_1950.rds
simplified_B1_1951.rds
simplified_B1_1952.rds
simplified_B1_1953.rds
simplified_B1_1954.rds
simplified_B1_1955.rds
simplified_B1_1956.rds
simplified_B1_1957.rds
simplified_B1_1958.rds
simplified_B1_1959.rds
simplified_B1_2015.rds
simplified_B1_2016.rds
simplified_B1_2017.rds
simplified_B1_2018.rds
simplified_B1_2019.rds
simplified_B1_2020.rds
simplified_B1_2021.rds
simplified_B1_2022.rds
simplified_B1_2023.rds
simplified_B1_2024.rds
Processing batch 1/12 (rows 1-1000)
  Calculated 1000 temperatures. Range: -4.98 to 34.21
Processing batch 2/12 (rows 1001-2000)
  Calculated 1000 temperatures. Range: -4.29 to 38.49
Processing batch 3/12 (rows 2001-3000)
  Calculated 1000 temperatures. Range: -0.42 to 40.46
Processing batch 4/12 (rows 3001-4000)
  Calculated 1000 temperatures. Range: -0.71 to 43.57
Processing batch 5/12 (rows 4001-5000)
  Calculated 1000 temperatures. Range: 1.13 to 41.41
Processing batch 6/12 (rows 5001-6000)
  Calculated 1000 temperatures. Range: 2.23 to 44.54
Processing batch 7/12 (rows 6001-7000)
  Calculated 1000 temperatures. Range: 4.78 to 40.58
Processing batch 8/12 (rows 7001-8000)
  Calculated 1000 temperatures. Range: 4.40 to 40.74
Processing batch 9/12 (rows 8001-9000)
  Calculated 1000 temperatures. Range: 4.22 to 40.05
Processing batch 10/12 (rows 9001-10000)
  Calculated 1000 temperatures. Range: 3.54 to 39.05
Processing batch 11/12 (rows 10001-11000)
  Calculated 1000 temperatures. Range: 1.02 to 41.41
Processing batch 12/12 (rows 11001-11035)
  Calculated 35 temperatures. Range: 11.37 to 38.19
Total observations: 11035, Unique timestamps: 2207
MR parameters: mass=0.33, elev=2195.0, b0=17.10, b1=0.98, b2=-0.48, b3=0.000124
Sample tb=296.38 K, log(mass)=-1.1087, 1/(kT)=39.142419, exponent=-2.5027, rmr=0.081866
Sample tb=282.40 K, log(mass)=-1.1087, 1/(kT)=41.080004, exponent=-3.4327, rmr=0.032299
Sample tb=297.13 K, log(mass)=-1.1087, 1/(kT)=39.043654, exponent=-2.4553, rmr=0.085841
Sample tb=282.37 K, log(mass)=-1.1087, 1/(kT)=41.084433, exponent=-3.4348, rmr=0.032231
Sample tb=282.63 K, log(mass)=-1.1087, 1/(kT)=41.046781, exponent=-3.4168, rmr=0.032818
MR results: 0 NA, 0 infinite, 0 negative, 0 zero
Energy calculations: 5698 non-zero gains, 11035 non-zero losses out of 11035 observations
Saved results to output/results/A1/1955/M/eb_results_MB_1955_A1_B1.rds

Processing: Species=MB, Year=1956, Origin=A1, Climate=B1, Sex=M
Looking for climate data at: /mmfs1/gscratch/biology/jmsmith/targeted_microclimate/B1/simplified_B1_1956.rds
Directory /mmfs1/gscratch/biology/jmsmith/targeted_microclimate/B1 exists. Contents:
simplified_B1_1950.rds
simplified_B1_1951.rds
simplified_B1_1952.rds
simplified_B1_1953.rds
simplified_B1_1954.rds
simplified_B1_1955.rds
simplified_B1_1956.rds
simplified_B1_1957.rds
simplified_B1_1958.rds
simplified_B1_1959.rds
simplified_B1_2015.rds
simplified_B1_2016.rds
simplified_B1_2017.rds
simplified_B1_2018.rds
simplified_B1_2019.rds
simplified_B1_2020.rds
simplified_B1_2021.rds
simplified_B1_2022.rds
simplified_B1_2023.rds
simplified_B1_2024.rds
Processing batch 1/12 (rows 1-1000)
  Calculated 1000 temperatures. Range: -0.13 to 49.18
Processing batch 2/12 (rows 1001-2000)
  Calculated 1000 temperatures. Range: 0.36 to 44.69
Processing batch 3/12 (rows 2001-3000)
  Calculated 1000 temperatures. Range: 0.57 to 40.36
Processing batch 4/12 (rows 3001-4000)
  Calculated 1000 temperatures. Range: 2.63 to 42.70
Processing batch 5/12 (rows 4001-5000)
  Calculated 1000 temperatures. Range: 1.96 to 43.27
Processing batch 6/12 (rows 5001-6000)
  Calculated 1000 temperatures. Range: 2.71 to 46.05
Processing batch 7/12 (rows 6001-7000)
  Calculated 1000 temperatures. Range: 3.01 to 41.26
Processing batch 8/12 (rows 7001-8000)
  Calculated 1000 temperatures. Range: 1.68 to 38.04
Processing batch 9/12 (rows 8001-9000)
  Calculated 1000 temperatures. Range: 1.80 to 41.77
Processing batch 10/12 (rows 9001-10000)
  Calculated 1000 temperatures. Range: 0.89 to 42.89
Processing batch 11/12 (rows 10001-11000)
  Calculated 1000 temperatures. Range: -3.11 to 40.85
Processing batch 12/12 (rows 11001-11035)
  Calculated 35 temperatures. Range: 4.95 to 29.58
Total observations: 11035, Unique timestamps: 2207
MR parameters: mass=0.33, elev=2195.0, b0=17.10, b1=0.98, b2=-0.48, b3=0.000124
Sample tb=291.53 K, log(mass)=-1.1087, 1/(kT)=39.793566, exponent=-2.8152, rmr=0.059891
Sample tb=278.31 K, log(mass)=-1.1087, 1/(kT)=41.684144, exponent=-3.7227, rmr=0.024169
Sample tb=285.16 K, log(mass)=-1.1087, 1/(kT)=40.682259, exponent=-3.2418, rmr=0.039094
Sample tb=304.86 K, log(mass)=-1.1087, 1/(kT)=38.053622, exponent=-1.9800, rmr=0.138063
Sample tb=292.93 K, log(mass)=-1.1087, 1/(kT)=39.603021, exponent=-2.7238, rmr=0.065628
MR results: 0 NA, 0 infinite, 0 negative, 0 zero
Energy calculations: 5594 non-zero gains, 11035 non-zero losses out of 11035 observations
Saved results to output/results/A1/1956/M/eb_results_MB_1956_A1_B1.rds

Processing: Species=MB, Year=1957, Origin=A1, Climate=B1, Sex=M
Looking for climate data at: /mmfs1/gscratch/biology/jmsmith/targeted_microclimate/B1/simplified_B1_1957.rds
Directory /mmfs1/gscratch/biology/jmsmith/targeted_microclimate/B1 exists. Contents:
simplified_B1_1950.rds
simplified_B1_1951.rds
simplified_B1_1952.rds
simplified_B1_1953.rds
simplified_B1_1954.rds
simplified_B1_1955.rds
simplified_B1_1956.rds
simplified_B1_1957.rds
simplified_B1_1958.rds
simplified_B1_1959.rds
simplified_B1_2015.rds
simplified_B1_2016.rds
simplified_B1_2017.rds
simplified_B1_2018.rds
simplified_B1_2019.rds
simplified_B1_2020.rds
simplified_B1_2021.rds
simplified_B1_2022.rds
simplified_B1_2023.rds
simplified_B1_2024.rds
Processing batch 1/12 (rows 1-1000)
  Calculated 1000 temperatures. Range: -1.36 to 42.70
Processing batch 2/12 (rows 1001-2000)
  Calculated 1000 temperatures. Range: -2.30 to 42.32
Processing batch 3/12 (rows 2001-3000)
  Calculated 1000 temperatures. Range: -4.88 to 36.69
Processing batch 4/12 (rows 3001-4000)
  Calculated 1000 temperatures. Range: 2.58 to 39.19
Processing batch 5/12 (rows 4001-5000)
  Calculated 1000 temperatures. Range: 1.36 to 46.15
Processing batch 6/12 (rows 5001-6000)
  Calculated 1000 temperatures. Range: 5.04 to 44.20
Processing batch 7/12 (rows 6001-7000)
  Calculated 1000 temperatures. Range: 4.12 to 39.39
Processing batch 8/12 (rows 7001-8000)
  Calculated 1000 temperatures. Range: 5.71 to 45.79
Processing batch 9/12 (rows 8001-9000)
  Calculated 1000 temperatures. Range: 3.97 to 41.30
Processing batch 10/12 (rows 9001-10000)
  Calculated 1000 temperatures. Range: 3.31 to 39.06
Processing batch 11/12 (rows 10001-11000)
  Calculated 1000 temperatures. Range: 2.61 to 43.51
Processing batch 12/12 (rows 11001-11035)
  Calculated 35 temperatures. Range: 9.65 to 32.88
Total observations: 11035, Unique timestamps: 2207
MR parameters: mass=0.33, elev=2195.0, b0=17.10, b1=0.98, b2=-0.48, b3=0.000124
Sample tb=280.97 K, log(mass)=-1.1087, 1/(kT)=41.288756, exponent=-3.5329, rmr=0.029220
Sample tb=282.63 K, log(mass)=-1.1087, 1/(kT)=41.046820, exponent=-3.4168, rmr=0.032818
Sample tb=293.52 K, log(mass)=-1.1087, 1/(kT)=39.523809, exponent=-2.6857, rmr=0.068171
Sample tb=273.86 K, log(mass)=-1.1087, 1/(kT)=42.360830, exponent=-4.0475, rmr=0.017466
Sample tb=288.13 K, log(mass)=-1.1087, 1/(kT)=40.263418, exponent=-3.0408, rmr=0.047799
MR results: 0 NA, 0 infinite, 0 negative, 0 zero
Energy calculations: 5623 non-zero gains, 11035 non-zero losses out of 11035 observations
Saved results to output/results/A1/1957/M/eb_results_MB_1957_A1_B1.rds

Processing: Species=MB, Year=1958, Origin=A1, Climate=B1, Sex=M
Looking for climate data at: /mmfs1/gscratch/biology/jmsmith/targeted_microclimate/B1/simplified_B1_1958.rds
Directory /mmfs1/gscratch/biology/jmsmith/targeted_microclimate/B1 exists. Contents:
simplified_B1_1950.rds
simplified_B1_1951.rds
simplified_B1_1952.rds
simplified_B1_1953.rds
simplified_B1_1954.rds
simplified_B1_1955.rds
simplified_B1_1956.rds
simplified_B1_1957.rds
simplified_B1_1958.rds
simplified_B1_1959.rds
simplified_B1_2015.rds
simplified_B1_2016.rds
simplified_B1_2017.rds
simplified_B1_2018.rds
simplified_B1_2019.rds
simplified_B1_2020.rds
simplified_B1_2021.rds
simplified_B1_2022.rds
simplified_B1_2023.rds
simplified_B1_2024.rds
Processing batch 1/12 (rows 1-1000)
  Calculated 1000 temperatures. Range: 0.04 to 40.40
Processing batch 2/12 (rows 1001-2000)
  Calculated 1000 temperatures. Range: -0.71 to 36.70
Processing batch 3/12 (rows 2001-3000)
  Calculated 1000 temperatures. Range: 1.65 to 39.10
Processing batch 4/12 (rows 3001-4000)
  Calculated 1000 temperatures. Range: 0.72 to 41.31
Processing batch 5/12 (rows 4001-5000)
  Calculated 1000 temperatures. Range: 1.32 to 43.72
Processing batch 6/12 (rows 5001-6000)
  Calculated 1000 temperatures. Range: 1.89 to 40.71
Processing batch 7/12 (rows 6001-7000)
  Calculated 1000 temperatures. Range: 2.02 to 42.01
Processing batch 8/12 (rows 7001-8000)
  Calculated 1000 temperatures. Range: 2.94 to 43.58
Processing batch 9/12 (rows 8001-9000)
  Calculated 1000 temperatures. Range: 3.74 to 42.25
Processing batch 10/12 (rows 9001-10000)
  Calculated 1000 temperatures. Range: 4.59 to 43.10
Processing batch 11/12 (rows 10001-11000)
  Calculated 1000 temperatures. Range: 1.78 to 35.17
Processing batch 12/12 (rows 11001-11035)
  Calculated 35 temperatures. Range: 11.31 to 36.19
Total observations: 11035, Unique timestamps: 2207
MR parameters: mass=0.33, elev=2195.0, b0=17.10, b1=0.98, b2=-0.48, b3=0.000124
Sample tb=278.21 K, log(mass)=-1.1087, 1/(kT)=41.698114, exponent=-3.7294, rmr=0.024007
Sample tb=279.81 K, log(mass)=-1.1087, 1/(kT)=41.459970, exponent=-3.6151, rmr=0.026914
Sample tb=284.03 K, log(mass)=-1.1087, 1/(kT)=40.844250, exponent=-3.3195, rmr=0.036169
Sample tb=275.95 K, log(mass)=-1.1087, 1/(kT)=42.040345, exponent=-3.8937, rmr=0.020370
Sample tb=295.59 K, log(mass)=-1.1087, 1/(kT)=39.246060, exponent=-2.5524, rmr=0.077893
MR results: 0 NA, 0 infinite, 0 negative, 0 zero
Energy calculations: 5601 non-zero gains, 11035 non-zero losses out of 11035 observations
Saved results to output/results/A1/1958/M/eb_results_MB_1958_A1_B1.rds

Processing: Species=MB, Year=1959, Origin=A1, Climate=B1, Sex=M
Looking for climate data at: /mmfs1/gscratch/biology/jmsmith/targeted_microclimate/B1/simplified_B1_1959.rds
Directory /mmfs1/gscratch/biology/jmsmith/targeted_microclimate/B1 exists. Contents:
simplified_B1_1950.rds
simplified_B1_1951.rds
simplified_B1_1952.rds
simplified_B1_1953.rds
simplified_B1_1954.rds
simplified_B1_1955.rds
simplified_B1_1956.rds
simplified_B1_1957.rds
simplified_B1_1958.rds
simplified_B1_1959.rds
simplified_B1_2015.rds
simplified_B1_2016.rds
simplified_B1_2017.rds
simplified_B1_2018.rds
simplified_B1_2019.rds
simplified_B1_2020.rds
simplified_B1_2021.rds
simplified_B1_2022.rds
simplified_B1_2023.rds
simplified_B1_2024.rds
Processing batch 1/12 (rows 1-1000)
  Calculated 1000 temperatures. Range: -5.77 to 43.82
Processing batch 2/12 (rows 1001-2000)
  Calculated 1000 temperatures. Range: 1.60 to 43.22
Processing batch 3/12 (rows 2001-3000)
  Calculated 1000 temperatures. Range: 3.35 to 43.32
Processing batch 4/12 (rows 3001-4000)
  Calculated 1000 temperatures. Range: -0.11 to 38.83
Processing batch 5/12 (rows 4001-5000)
  Calculated 1000 temperatures. Range: 0.18 to 40.59
Processing batch 6/12 (rows 5001-6000)
  Calculated 1000 temperatures. Range: 3.38 to 48.35
Processing batch 7/12 (rows 6001-7000)
  Calculated 1000 temperatures. Range: 3.23 to 44.78
Processing batch 8/12 (rows 7001-8000)
  Calculated 1000 temperatures. Range: 4.43 to 38.13
Processing batch 9/12 (rows 8001-9000)
  Calculated 1000 temperatures. Range: 3.70 to 46.59
Processing batch 10/12 (rows 9001-10000)
  Calculated 1000 temperatures. Range: 3.25 to 42.67
Processing batch 11/12 (rows 10001-11000)
  Calculated 1000 temperatures. Range: 1.97 to 38.48
Processing batch 12/12 (rows 11001-11035)
  Calculated 35 temperatures. Range: 11.70 to 32.12
Total observations: 11035, Unique timestamps: 2207
MR parameters: mass=0.33, elev=2195.0, b0=17.10, b1=0.98, b2=-0.48, b3=0.000124
Sample tb=281.64 K, log(mass)=-1.1087, 1/(kT)=41.191045, exponent=-3.4860, rmr=0.030623
Sample tb=307.55 K, log(mass)=-1.1087, 1/(kT)=37.720232, exponent=-1.8200, rmr=0.162022
Sample tb=281.51 K, log(mass)=-1.1087, 1/(kT)=41.210019, exponent=-3.4951, rmr=0.030345
Sample tb=280.24 K, log(mass)=-1.1087, 1/(kT)=41.396461, exponent=-3.5846, rmr=0.027747
Sample tb=282.55 K, log(mass)=-1.1087, 1/(kT)=41.057494, exponent=-3.4219, rmr=0.032650
MR results: 0 NA, 0 infinite, 0 negative, 0 zero
Energy calculations: 5775 non-zero gains, 11035 non-zero losses out of 11035 observations
Saved results to output/results/A1/1959/M/eb_results_MB_1959_A1_B1.rds

All years processed.
