Arguments received:
Species: MS
Years: 1950, 1951, 1952, 1953, 1954, 1955, 1956, 1957, 1958, 1959
Origin site: A1
Climate site: Eldo
Sex: F
Output directory: output/results/A1
Library paths:
[1] "/gscratch/biology/jmsmith/R"                          
[2] "/mmfs1/home/smithju/R/x86_64-pc-linux-gnu-library/4.4"
[3] "/usr/local/lib/R/site-library"                        
[4] "/usr/local/lib/R/library"                             
Package tidyverse loaded successfully
Package TrenchR loaded successfully
Package rTPC loaded successfully
Package lubridate loaded successfully

Processing: Species=MS, Year=1950, Origin=A1, Climate=Eldo, Sex=F
Looking for climate data at: /mmfs1/gscratch/biology/jmsmith/targeted_microclimate/Eldo/simplified_Eldo_1950.rds
Directory /mmfs1/gscratch/biology/jmsmith/targeted_microclimate/Eldo exists. Contents:
simplified_Eldo_1950.rds
simplified_Eldo_1951.rds
simplified_Eldo_1952.rds
simplified_Eldo_1953.rds
simplified_Eldo_1954.rds
simplified_Eldo_1955.rds
simplified_Eldo_1956.rds
simplified_Eldo_1957.rds
simplified_Eldo_1958.rds
simplified_Eldo_1959.rds
simplified_Eldo_2015.rds
simplified_Eldo_2016.rds
simplified_Eldo_2017.rds
simplified_Eldo_2018.rds
simplified_Eldo_2019.rds
simplified_Eldo_2020.rds
simplified_Eldo_2021.rds
simplified_Eldo_2022.rds
simplified_Eldo_2023.rds
simplified_Eldo_2024.rds
Processing batch 1/12 (rows 1-1000)
  Calculated 1000 temperatures. Range: -10.84 to 46.19
Processing batch 2/12 (rows 1001-2000)
  Calculated 1000 temperatures. Range: -5.60 to 52.42
Processing batch 3/12 (rows 2001-3000)
  Calculated 1000 temperatures. Range: 2.13 to 49.75
Processing batch 4/12 (rows 3001-4000)
  Calculated 1000 temperatures. Range: 2.13 to 53.19
Processing batch 5/12 (rows 4001-5000)
  Calculated 1000 temperatures. Range: 4.59 to 47.05
Processing batch 6/12 (rows 5001-6000)
  Calculated 1000 temperatures. Range: 3.63 to 48.37
Processing batch 7/12 (rows 6001-7000)
  Calculated 1000 temperatures. Range: 3.71 to 42.08
Processing batch 8/12 (rows 7001-8000)
  Calculated 1000 temperatures. Range: 3.85 to 51.38
Processing batch 9/12 (rows 8001-9000)
  Calculated 1000 temperatures. Range: 3.82 to 53.83
Processing batch 10/12 (rows 9001-10000)
  Calculated 1000 temperatures. Range: 2.98 to 42.60
Processing batch 11/12 (rows 10001-11000)
  Calculated 1000 temperatures. Range: 0.86 to 46.37
Processing batch 12/12 (rows 11001-11035)
  Calculated 35 temperatures. Range: 14.27 to 39.08
Total observations: 11035, Unique timestamps: 2207
MR parameters: mass=0.33, elev=2195.0, b0=16.50, b1=0.85, b2=-0.47, b3=0.000108
Sample tb=289.94 K, log(mass)=-1.1087, 1/(kT)=40.011616, exponent=-3.0108, rmr=0.049254
Sample tb=295.41 K, log(mass)=-1.1087, 1/(kT)=39.271019, exponent=-2.6627, rmr=0.069761
Sample tb=290.36 K, log(mass)=-1.1087, 1/(kT)=39.954251, exponent=-2.9838, rmr=0.050600
Sample tb=284.34 K, log(mass)=-1.1087, 1/(kT)=40.799639, exponent=-3.3811, rmr=0.034009
Sample tb=289.50 K, log(mass)=-1.1087, 1/(kT)=40.071985, exponent=-3.0391, rmr=0.047876
MR results: 0 NA, 0 infinite, 0 negative, 0 zero
Energy calculations: 5244 non-zero gains, 11035 non-zero losses out of 11035 observations
Saved results to output/results/A1/1950/F/eb_results_MS_1950_A1_Eldo.rds

Processing: Species=MS, Year=1951, Origin=A1, Climate=Eldo, Sex=F
Looking for climate data at: /mmfs1/gscratch/biology/jmsmith/targeted_microclimate/Eldo/simplified_Eldo_1951.rds
Directory /mmfs1/gscratch/biology/jmsmith/targeted_microclimate/Eldo exists. Contents:
simplified_Eldo_1950.rds
simplified_Eldo_1951.rds
simplified_Eldo_1952.rds
simplified_Eldo_1953.rds
simplified_Eldo_1954.rds
simplified_Eldo_1955.rds
simplified_Eldo_1956.rds
simplified_Eldo_1957.rds
simplified_Eldo_1958.rds
simplified_Eldo_1959.rds
simplified_Eldo_2015.rds
simplified_Eldo_2016.rds
simplified_Eldo_2017.rds
simplified_Eldo_2018.rds
simplified_Eldo_2019.rds
simplified_Eldo_2020.rds
simplified_Eldo_2021.rds
simplified_Eldo_2022.rds
simplified_Eldo_2023.rds
simplified_Eldo_2024.rds
Processing batch 1/12 (rows 1-1000)
  Calculated 1000 temperatures. Range: -7.91 to 19.88
Processing batch 2/12 (rows 1001-2000)
  Calculated 1000 temperatures. Range: -5.00 to 55.19
Processing batch 3/12 (rows 2001-3000)
  Calculated 1000 temperatures. Range: 0.99 to 53.56
Processing batch 4/12 (rows 3001-4000)
  Calculated 1000 temperatures. Range: 2.11 to 53.24
Processing batch 5/12 (rows 4001-5000)
  Calculated 1000 temperatures. Range: 3.24 to 57.37
Processing batch 6/12 (rows 5001-6000)
  Calculated 1000 temperatures. Range: 5.39 to 59.29
Processing batch 7/12 (rows 6001-7000)
  Calculated 1000 temperatures. Range: 4.71 to 41.42
Processing batch 8/12 (rows 7001-8000)
  Calculated 1000 temperatures. Range: 8.16 to 47.71
Processing batch 9/12 (rows 8001-9000)
  Calculated 1000 temperatures. Range: 4.29 to 55.49
Processing batch 10/12 (rows 9001-10000)
  Calculated 1000 temperatures. Range: 3.36 to 52.31
Processing batch 11/12 (rows 10001-11000)
  Calculated 1000 temperatures. Range: 3.64 to 48.01
Processing batch 12/12 (rows 11001-11035)
  Calculated 35 temperatures. Range: 12.61 to 34.84
Total observations: 11035, Unique timestamps: 2207
MR parameters: mass=0.33, elev=2195.0, b0=16.50, b1=0.85, b2=-0.47, b3=0.000108
Sample tb=278.43 K, log(mass)=-1.1087, 1/(kT)=41.666160, exponent=-3.7884, rmr=0.022632
Sample tb=285.63 K, log(mass)=-1.1087, 1/(kT)=40.615176, exponent=-3.2944, rmr=0.037089
Sample tb=301.85 K, log(mass)=-1.1087, 1/(kT)=38.433271, exponent=-2.2689, rmr=0.103422
Sample tb=288.04 K, log(mass)=-1.1087, 1/(kT)=40.275927, exponent=-3.1350, rmr=0.043500
Sample tb=285.63 K, log(mass)=-1.1087, 1/(kT)=40.614933, exponent=-3.2943, rmr=0.037093
MR results: 0 NA, 0 infinite, 0 negative, 0 zero
Energy calculations: 5151 non-zero gains, 11035 non-zero losses out of 11035 observations
Saved results to output/results/A1/1951/F/eb_results_MS_1951_A1_Eldo.rds

Processing: Species=MS, Year=1952, Origin=A1, Climate=Eldo, Sex=F
Looking for climate data at: /mmfs1/gscratch/biology/jmsmith/targeted_microclimate/Eldo/simplified_Eldo_1952.rds
Directory /mmfs1/gscratch/biology/jmsmith/targeted_microclimate/Eldo exists. Contents:
simplified_Eldo_1950.rds
simplified_Eldo_1951.rds
simplified_Eldo_1952.rds
simplified_Eldo_1953.rds
simplified_Eldo_1954.rds
simplified_Eldo_1955.rds
simplified_Eldo_1956.rds
simplified_Eldo_1957.rds
simplified_Eldo_1958.rds
simplified_Eldo_1959.rds
simplified_Eldo_2015.rds
simplified_Eldo_2016.rds
simplified_Eldo_2017.rds
simplified_Eldo_2018.rds
simplified_Eldo_2019.rds
simplified_Eldo_2020.rds
simplified_Eldo_2021.rds
simplified_Eldo_2022.rds
simplified_Eldo_2023.rds
simplified_Eldo_2024.rds
Processing batch 1/12 (rows 1-1000)
  Calculated 1000 temperatures. Range: 2.08 to 56.22
Processing batch 2/12 (rows 1001-2000)
  Calculated 1000 temperatures. Range: -1.55 to 60.00
Processing batch 3/12 (rows 2001-3000)
  Calculated 1000 temperatures. Range: 2.62 to 60.00
Processing batch 4/12 (rows 3001-4000)
  Calculated 1000 temperatures. Range: 3.89 to 47.03
Processing batch 5/12 (rows 4001-5000)
  Calculated 1000 temperatures. Range: 2.30 to 53.15
Processing batch 6/12 (rows 5001-6000)
  Calculated 1000 temperatures. Range: 4.41 to 54.95
Processing batch 7/12 (rows 6001-7000)
  Calculated 1000 temperatures. Range: 5.26 to 54.28
Processing batch 8/12 (rows 7001-8000)
  Calculated 1000 temperatures. Range: 6.32 to 52.78
Processing batch 9/12 (rows 8001-9000)
  Calculated 1000 temperatures. Range: 5.47 to 51.26
Processing batch 10/12 (rows 9001-10000)
  Calculated 1000 temperatures. Range: 5.48 to 50.31
Processing batch 11/12 (rows 10001-11000)
  Calculated 1000 temperatures. Range: 1.47 to 55.28
Processing batch 12/12 (rows 11001-11035)
  Calculated 35 temperatures. Range: 11.37 to 42.71
Total observations: 11035, Unique timestamps: 2207
MR parameters: mass=0.33, elev=2195.0, b0=16.50, b1=0.85, b2=-0.47, b3=0.000108
Sample tb=287.63 K, log(mass)=-1.1087, 1/(kT)=40.333007, exponent=-3.1618, rmr=0.042349
Sample tb=280.58 K, log(mass)=-1.1087, 1/(kT)=41.345667, exponent=-3.6378, rmr=0.026311
Sample tb=288.20 K, log(mass)=-1.1087, 1/(kT)=40.253128, exponent=-3.1243, rmr=0.043969
Sample tb=292.15 K, log(mass)=-1.1087, 1/(kT)=39.708169, exponent=-2.8681, rmr=0.056804
Sample tb=286.06 K, log(mass)=-1.1087, 1/(kT)=40.554336, exponent=-3.2658, rmr=0.038165
MR results: 0 NA, 0 infinite, 0 negative, 0 zero
Energy calculations: 6023 non-zero gains, 11035 non-zero losses out of 11035 observations
Saved results to output/results/A1/1952/F/eb_results_MS_1952_A1_Eldo.rds

Processing: Species=MS, Year=1953, Origin=A1, Climate=Eldo, Sex=F
Looking for climate data at: /mmfs1/gscratch/biology/jmsmith/targeted_microclimate/Eldo/simplified_Eldo_1953.rds
Directory /mmfs1/gscratch/biology/jmsmith/targeted_microclimate/Eldo exists. Contents:
simplified_Eldo_1950.rds
simplified_Eldo_1951.rds
simplified_Eldo_1952.rds
simplified_Eldo_1953.rds
simplified_Eldo_1954.rds
simplified_Eldo_1955.rds
simplified_Eldo_1956.rds
simplified_Eldo_1957.rds
simplified_Eldo_1958.rds
simplified_Eldo_1959.rds
simplified_Eldo_2015.rds
simplified_Eldo_2016.rds
simplified_Eldo_2017.rds
simplified_Eldo_2018.rds
simplified_Eldo_2019.rds
simplified_Eldo_2020.rds
simplified_Eldo_2021.rds
simplified_Eldo_2022.rds
simplified_Eldo_2023.rds
simplified_Eldo_2024.rds
Processing batch 1/12 (rows 1-1000)
  Calculated 1000 temperatures. Range: -2.93 to 45.39
Processing batch 2/12 (rows 1001-2000)
  Calculated 1000 temperatures. Range: 0.75 to 56.10
Processing batch 3/12 (rows 2001-3000)
  Calculated 1000 temperatures. Range: 2.65 to 52.30
Processing batch 4/12 (rows 3001-4000)
  Calculated 1000 temperatures. Range: 3.05 to 52.19
Processing batch 5/12 (rows 4001-5000)
  Calculated 1000 temperatures. Range: 4.12 to 43.16
Processing batch 6/12 (rows 5001-6000)
  Calculated 1000 temperatures. Range: 4.66 to 46.71
Processing batch 7/12 (rows 6001-7000)
  Calculated 1000 temperatures. Range: 4.40 to 56.84
Processing batch 8/12 (rows 7001-8000)
  Calculated 1000 temperatures. Range: 4.08 to 53.13
Processing batch 9/12 (rows 8001-9000)
  Calculated 1000 temperatures. Range: 3.64 to 51.37
Processing batch 10/12 (rows 9001-10000)
  Calculated 1000 temperatures. Range: 2.66 to 41.66
Processing batch 11/12 (rows 10001-11000)
  Calculated 1000 temperatures. Range: 3.00 to 48.27
Processing batch 12/12 (rows 11001-11035)
  Calculated 35 temperatures. Range: 14.78 to 34.27
Total observations: 11035, Unique timestamps: 2207
MR parameters: mass=0.33, elev=2195.0, b0=16.50, b1=0.85, b2=-0.47, b3=0.000108
Sample tb=278.64 K, log(mass)=-1.1087, 1/(kT)=41.633513, exponent=-3.7731, rmr=0.022982
Sample tb=287.63 K, log(mass)=-1.1087, 1/(kT)=40.332551, exponent=-3.1616, rmr=0.042358
Sample tb=282.65 K, log(mass)=-1.1087, 1/(kT)=41.043097, exponent=-3.4956, rmr=0.030332
Sample tb=279.26 K, log(mass)=-1.1087, 1/(kT)=41.542024, exponent=-3.7301, rmr=0.023992
Sample tb=287.38 K, log(mass)=-1.1087, 1/(kT)=40.368056, exponent=-3.1783, rmr=0.041657
MR results: 0 NA, 0 infinite, 0 negative, 0 zero
Energy calculations: 6030 non-zero gains, 11035 non-zero losses out of 11035 observations
Saved results to output/results/A1/1953/F/eb_results_MS_1953_A1_Eldo.rds

Processing: Species=MS, Year=1954, Origin=A1, Climate=Eldo, Sex=F
Looking for climate data at: /mmfs1/gscratch/biology/jmsmith/targeted_microclimate/Eldo/simplified_Eldo_1954.rds
Directory /mmfs1/gscratch/biology/jmsmith/targeted_microclimate/Eldo exists. Contents:
simplified_Eldo_1950.rds
simplified_Eldo_1951.rds
simplified_Eldo_1952.rds
simplified_Eldo_1953.rds
simplified_Eldo_1954.rds
simplified_Eldo_1955.rds
simplified_Eldo_1956.rds
simplified_Eldo_1957.rds
simplified_Eldo_1958.rds
simplified_Eldo_1959.rds
simplified_Eldo_2015.rds
simplified_Eldo_2016.rds
simplified_Eldo_2017.rds
simplified_Eldo_2018.rds
simplified_Eldo_2019.rds
simplified_Eldo_2020.rds
simplified_Eldo_2021.rds
simplified_Eldo_2022.rds
simplified_Eldo_2023.rds
simplified_Eldo_2024.rds
Processing batch 1/12 (rows 1-1000)
  Calculated 1000 temperatures. Range: -4.16 to 39.99
Processing batch 2/12 (rows 1001-2000)
  Calculated 1000 temperatures. Range: -0.20 to 50.32
Processing batch 3/12 (rows 2001-3000)
  Calculated 1000 temperatures. Range: 5.06 to 50.02
Processing batch 4/12 (rows 3001-4000)
  Calculated 1000 temperatures. Range: 4.97 to 52.93
Processing batch 5/12 (rows 4001-5000)
  Calculated 1000 temperatures. Range: 7.53 to 56.61
Processing batch 6/12 (rows 5001-6000)
  Calculated 1000 temperatures. Range: 8.61 to 45.26
Processing batch 7/12 (rows 6001-7000)
  Calculated 1000 temperatures. Range: 7.58 to 44.12
Processing batch 8/12 (rows 7001-8000)
  Calculated 1000 temperatures. Range: 4.55 to 51.24
Processing batch 9/12 (rows 8001-9000)
  Calculated 1000 temperatures. Range: 4.90 to 48.83
Processing batch 10/12 (rows 9001-10000)
  Calculated 1000 temperatures. Range: 2.83 to 45.24
Processing batch 11/12 (rows 10001-11000)
  Calculated 1000 temperatures. Range: 2.67 to 50.33
Processing batch 12/12 (rows 11001-11035)
  Calculated 35 temperatures. Range: 15.63 to 39.88
Total observations: 11035, Unique timestamps: 2207
MR parameters: mass=0.33, elev=2195.0, b0=16.50, b1=0.85, b2=-0.47, b3=0.000108
Sample tb=281.23 K, log(mass)=-1.1087, 1/(kT)=41.250666, exponent=-3.5931, rmr=0.027512
Sample tb=291.58 K, log(mass)=-1.1087, 1/(kT)=39.786456, exponent=-2.9049, rmr=0.054752
Sample tb=304.61 K, log(mass)=-1.1087, 1/(kT)=38.084598, exponent=-2.1051, rmr=0.121838
Sample tb=314.88 K, log(mass)=-1.1087, 1/(kT)=36.842105, exponent=-1.5211, rmr=0.218473
Sample tb=281.92 K, log(mass)=-1.1087, 1/(kT)=41.150099, exponent=-3.5458, rmr=0.028844
MR results: 0 NA, 0 infinite, 0 negative, 0 zero
Energy calculations: 6388 non-zero gains, 11035 non-zero losses out of 11035 observations
Saved results to output/results/A1/1954/F/eb_results_MS_1954_A1_Eldo.rds

Processing: Species=MS, Year=1955, Origin=A1, Climate=Eldo, Sex=F
Looking for climate data at: /mmfs1/gscratch/biology/jmsmith/targeted_microclimate/Eldo/simplified_Eldo_1955.rds
Directory /mmfs1/gscratch/biology/jmsmith/targeted_microclimate/Eldo exists. Contents:
simplified_Eldo_1950.rds
simplified_Eldo_1951.rds
simplified_Eldo_1952.rds
simplified_Eldo_1953.rds
simplified_Eldo_1954.rds
simplified_Eldo_1955.rds
simplified_Eldo_1956.rds
simplified_Eldo_1957.rds
simplified_Eldo_1958.rds
simplified_Eldo_1959.rds
simplified_Eldo_2015.rds
simplified_Eldo_2016.rds
simplified_Eldo_2017.rds
simplified_Eldo_2018.rds
simplified_Eldo_2019.rds
simplified_Eldo_2020.rds
simplified_Eldo_2021.rds
simplified_Eldo_2022.rds
simplified_Eldo_2023.rds
simplified_Eldo_2024.rds
Processing batch 1/12 (rows 1-1000)
  Calculated 1000 temperatures. Range: -5.18 to 47.22
Processing batch 2/12 (rows 1001-2000)
  Calculated 1000 temperatures. Range: 0.22 to 52.15
Processing batch 3/12 (rows 2001-3000)
  Calculated 1000 temperatures. Range: 1.65 to 52.78
Processing batch 4/12 (rows 3001-4000)
  Calculated 1000 temperatures. Range: 1.24 to 50.42
Processing batch 5/12 (rows 4001-5000)
  Calculated 1000 temperatures. Range: 2.62 to 52.21
Processing batch 6/12 (rows 5001-6000)
  Calculated 1000 temperatures. Range: 2.99 to 53.63
Processing batch 7/12 (rows 6001-7000)
  Calculated 1000 temperatures. Range: 6.88 to 47.02
Processing batch 8/12 (rows 7001-8000)
  Calculated 1000 temperatures. Range: 6.91 to 55.28
Processing batch 9/12 (rows 8001-9000)
  Calculated 1000 temperatures. Range: 5.86 to 45.66
Processing batch 10/12 (rows 9001-10000)
  Calculated 1000 temperatures. Range: 4.95 to 40.85
Processing batch 11/12 (rows 10001-11000)
  Calculated 1000 temperatures. Range: 1.64 to 53.33
Processing batch 12/12 (rows 11001-11035)
  Calculated 35 temperatures. Range: 13.97 to 38.14
Total observations: 11035, Unique timestamps: 2207
MR parameters: mass=0.33, elev=2195.0, b0=16.50, b1=0.85, b2=-0.47, b3=0.000108
Sample tb=308.81 K, log(mass)=-1.1087, 1/(kT)=37.566749, exponent=-1.8617, rmr=0.155412
Sample tb=300.92 K, log(mass)=-1.1087, 1/(kT)=38.551377, exponent=-2.3245, rmr=0.097837
Sample tb=302.96 K, log(mass)=-1.1087, 1/(kT)=38.292066, exponent=-2.2026, rmr=0.110518
Sample tb=284.96 K, log(mass)=-1.1087, 1/(kT)=40.710847, exponent=-3.3394, rmr=0.035458
Sample tb=278.21 K, log(mass)=-1.1087, 1/(kT)=41.698739, exponent=-3.8037, rmr=0.022288
MR results: 0 NA, 0 infinite, 0 negative, 0 zero
Energy calculations: 5892 non-zero gains, 11035 non-zero losses out of 11035 observations
Saved results to output/results/A1/1955/F/eb_results_MS_1955_A1_Eldo.rds

Processing: Species=MS, Year=1956, Origin=A1, Climate=Eldo, Sex=F
Looking for climate data at: /mmfs1/gscratch/biology/jmsmith/targeted_microclimate/Eldo/simplified_Eldo_1956.rds
Directory /mmfs1/gscratch/biology/jmsmith/targeted_microclimate/Eldo exists. Contents:
simplified_Eldo_1950.rds
simplified_Eldo_1951.rds
simplified_Eldo_1952.rds
simplified_Eldo_1953.rds
simplified_Eldo_1954.rds
simplified_Eldo_1955.rds
simplified_Eldo_1956.rds
simplified_Eldo_1957.rds
simplified_Eldo_1958.rds
simplified_Eldo_1959.rds
simplified_Eldo_2015.rds
simplified_Eldo_2016.rds
simplified_Eldo_2017.rds
simplified_Eldo_2018.rds
simplified_Eldo_2019.rds
simplified_Eldo_2020.rds
simplified_Eldo_2021.rds
simplified_Eldo_2022.rds
simplified_Eldo_2023.rds
simplified_Eldo_2024.rds
Processing batch 1/12 (rows 1-1000)
  Calculated 1000 temperatures. Range: 2.06 to 52.44
Processing batch 2/12 (rows 1001-2000)
  Calculated 1000 temperatures. Range: 1.54 to 52.52
Processing batch 3/12 (rows 2001-3000)
  Calculated 1000 temperatures. Range: 2.27 to 49.04
Processing batch 4/12 (rows 3001-4000)
  Calculated 1000 temperatures. Range: 4.04 to 44.34
Processing batch 5/12 (rows 4001-5000)
  Calculated 1000 temperatures. Range: 3.67 to 56.22
Processing batch 6/12 (rows 5001-6000)
  Calculated 1000 temperatures. Range: 4.09 to 49.16
Processing batch 7/12 (rows 6001-7000)
  Calculated 1000 temperatures. Range: 4.00 to 42.23
Processing batch 8/12 (rows 7001-8000)
  Calculated 1000 temperatures. Range: 3.05 to 46.28
Processing batch 9/12 (rows 8001-9000)
  Calculated 1000 temperatures. Range: 3.02 to 49.91
Processing batch 10/12 (rows 9001-10000)
  Calculated 1000 temperatures. Range: 1.73 to 46.71
Processing batch 11/12 (rows 10001-11000)
  Calculated 1000 temperatures. Range: -0.43 to 49.18
Processing batch 12/12 (rows 11001-11035)
  Calculated 35 temperatures. Range: 7.86 to 34.41
Total observations: 11035, Unique timestamps: 2207
MR parameters: mass=0.33, elev=2195.0, b0=16.50, b1=0.85, b2=-0.47, b3=0.000108
Sample tb=282.82 K, log(mass)=-1.1087, 1/(kT)=41.019043, exponent=-3.4843, rmr=0.030677
Sample tb=277.18 K, log(mass)=-1.1087, 1/(kT)=41.853471, exponent=-3.8764, rmr=0.020725
Sample tb=289.49 K, log(mass)=-1.1087, 1/(kT)=40.073738, exponent=-3.0400, rmr=0.047837
Sample tb=294.66 K, log(mass)=-1.1087, 1/(kT)=39.370735, exponent=-2.7095, rmr=0.066567
Sample tb=302.83 K, log(mass)=-1.1087, 1/(kT)=38.308246, exponent=-2.2102, rmr=0.109681
MR results: 0 NA, 0 infinite, 0 negative, 0 zero
Energy calculations: 5728 non-zero gains, 11035 non-zero losses out of 11035 observations
Saved results to output/results/A1/1956/F/eb_results_MS_1956_A1_Eldo.rds

Processing: Species=MS, Year=1957, Origin=A1, Climate=Eldo, Sex=F
Looking for climate data at: /mmfs1/gscratch/biology/jmsmith/targeted_microclimate/Eldo/simplified_Eldo_1957.rds
Directory /mmfs1/gscratch/biology/jmsmith/targeted_microclimate/Eldo exists. Contents:
simplified_Eldo_1950.rds
simplified_Eldo_1951.rds
simplified_Eldo_1952.rds
simplified_Eldo_1953.rds
simplified_Eldo_1954.rds
simplified_Eldo_1955.rds
simplified_Eldo_1956.rds
simplified_Eldo_1957.rds
simplified_Eldo_1958.rds
simplified_Eldo_1959.rds
simplified_Eldo_2015.rds
simplified_Eldo_2016.rds
simplified_Eldo_2017.rds
simplified_Eldo_2018.rds
simplified_Eldo_2019.rds
simplified_Eldo_2020.rds
simplified_Eldo_2021.rds
simplified_Eldo_2022.rds
simplified_Eldo_2023.rds
simplified_Eldo_2024.rds
Processing batch 1/12 (rows 1-1000)
  Calculated 1000 temperatures. Range: 0.04 to 50.49
Processing batch 2/12 (rows 1001-2000)
  Calculated 1000 temperatures. Range: -1.43 to 48.37
Processing batch 3/12 (rows 2001-3000)
  Calculated 1000 temperatures. Range: -1.73 to 50.03
Processing batch 4/12 (rows 3001-4000)
  Calculated 1000 temperatures. Range: 4.53 to 50.87
Processing batch 5/12 (rows 4001-5000)
  Calculated 1000 temperatures. Range: 3.39 to 48.51
Processing batch 6/12 (rows 5001-6000)
  Calculated 1000 temperatures. Range: 7.25 to 46.53
Processing batch 7/12 (rows 6001-7000)
  Calculated 1000 temperatures. Range: 6.30 to 45.99
Processing batch 8/12 (rows 7001-8000)
  Calculated 1000 temperatures. Range: 7.76 to 48.54
Processing batch 9/12 (rows 8001-9000)
  Calculated 1000 temperatures. Range: 6.17 to 51.94
Processing batch 10/12 (rows 9001-10000)
  Calculated 1000 temperatures. Range: 4.44 to 51.83
Processing batch 11/12 (rows 10001-11000)
  Calculated 1000 temperatures. Range: 4.49 to 46.88
Processing batch 12/12 (rows 11001-11035)
  Calculated 35 temperatures. Range: 11.65 to 34.80
Total observations: 11035, Unique timestamps: 2207
MR parameters: mass=0.33, elev=2195.0, b0=16.50, b1=0.85, b2=-0.47, b3=0.000108
Sample tb=284.42 K, log(mass)=-1.1087, 1/(kT)=40.787452, exponent=-3.3754, rmr=0.034204
Sample tb=291.21 K, log(mass)=-1.1087, 1/(kT)=39.837442, exponent=-2.9289, rmr=0.053456
Sample tb=272.85 K, log(mass)=-1.1087, 1/(kT)=42.518014, exponent=-4.1888, rmr=0.015165
Sample tb=298.35 K, log(mass)=-1.1087, 1/(kT)=38.883931, exponent=-2.4808, rmr=0.083680
Sample tb=278.19 K, log(mass)=-1.1087, 1/(kT)=41.701020, exponent=-3.8048, rmr=0.022264
MR results: 0 NA, 0 infinite, 0 negative, 0 zero
Energy calculations: 5948 non-zero gains, 11035 non-zero losses out of 11035 observations
Saved results to output/results/A1/1957/F/eb_results_MS_1957_A1_Eldo.rds

Processing: Species=MS, Year=1958, Origin=A1, Climate=Eldo, Sex=F
Looking for climate data at: /mmfs1/gscratch/biology/jmsmith/targeted_microclimate/Eldo/simplified_Eldo_1958.rds
Directory /mmfs1/gscratch/biology/jmsmith/targeted_microclimate/Eldo exists. Contents:
simplified_Eldo_1950.rds
simplified_Eldo_1951.rds
simplified_Eldo_1952.rds
simplified_Eldo_1953.rds
simplified_Eldo_1954.rds
simplified_Eldo_1955.rds
simplified_Eldo_1956.rds
simplified_Eldo_1957.rds
simplified_Eldo_1958.rds
simplified_Eldo_1959.rds
simplified_Eldo_2015.rds
simplified_Eldo_2016.rds
simplified_Eldo_2017.rds
simplified_Eldo_2018.rds
simplified_Eldo_2019.rds
simplified_Eldo_2020.rds
simplified_Eldo_2021.rds
simplified_Eldo_2022.rds
simplified_Eldo_2023.rds
simplified_Eldo_2024.rds
Processing batch 1/12 (rows 1-1000)
  Calculated 1000 temperatures. Range: 1.45 to 51.04
Processing batch 2/12 (rows 1001-2000)
  Calculated 1000 temperatures. Range: 1.08 to 51.01
Processing batch 3/12 (rows 2001-3000)
  Calculated 1000 temperatures. Range: 3.21 to 53.01
Processing batch 4/12 (rows 3001-4000)
  Calculated 1000 temperatures. Range: 2.09 to 55.32
Processing batch 5/12 (rows 4001-5000)
  Calculated 1000 temperatures. Range: 3.02 to 53.83
Processing batch 6/12 (rows 5001-6000)
  Calculated 1000 temperatures. Range: 4.15 to 56.38
Processing batch 7/12 (rows 6001-7000)
  Calculated 1000 temperatures. Range: 4.49 to 51.63
Processing batch 8/12 (rows 7001-8000)
  Calculated 1000 temperatures. Range: 4.63 to 50.31
Processing batch 9/12 (rows 8001-9000)
  Calculated 1000 temperatures. Range: 5.26 to 50.71
Processing batch 10/12 (rows 9001-10000)
  Calculated 1000 temperatures. Range: 6.94 to 45.39
Processing batch 11/12 (rows 10001-11000)
  Calculated 1000 temperatures. Range: 3.06 to 49.93
Processing batch 12/12 (rows 11001-11035)
  Calculated 35 temperatures. Range: 13.52 to 39.96
Total observations: 11035, Unique timestamps: 2207
MR parameters: mass=0.33, elev=2195.0, b0=16.50, b1=0.85, b2=-0.47, b3=0.000108
Sample tb=278.49 K, log(mass)=-1.1087, 1/(kT)=41.656767, exponent=-3.7840, rmr=0.022732
Sample tb=280.07 K, log(mass)=-1.1087, 1/(kT)=41.421136, exponent=-3.6732, rmr=0.025394
Sample tb=281.50 K, log(mass)=-1.1087, 1/(kT)=41.210798, exponent=-3.5744, rmr=0.028033
Sample tb=303.72 K, log(mass)=-1.1087, 1/(kT)=38.196558, exponent=-2.1577, rmr=0.115592
Sample tb=279.49 K, log(mass)=-1.1087, 1/(kT)=41.507755, exponent=-3.7139, rmr=0.024381
MR results: 0 NA, 0 infinite, 0 negative, 0 zero
Energy calculations: 5717 non-zero gains, 11035 non-zero losses out of 11035 observations
Saved results to output/results/A1/1958/F/eb_results_MS_1958_A1_Eldo.rds

Processing: Species=MS, Year=1959, Origin=A1, Climate=Eldo, Sex=F
Looking for climate data at: /mmfs1/gscratch/biology/jmsmith/targeted_microclimate/Eldo/simplified_Eldo_1959.rds
Directory /mmfs1/gscratch/biology/jmsmith/targeted_microclimate/Eldo exists. Contents:
simplified_Eldo_1950.rds
simplified_Eldo_1951.rds
simplified_Eldo_1952.rds
simplified_Eldo_1953.rds
simplified_Eldo_1954.rds
simplified_Eldo_1955.rds
simplified_Eldo_1956.rds
simplified_Eldo_1957.rds
simplified_Eldo_1958.rds
simplified_Eldo_1959.rds
simplified_Eldo_2015.rds
simplified_Eldo_2016.rds
simplified_Eldo_2017.rds
simplified_Eldo_2018.rds
simplified_Eldo_2019.rds
simplified_Eldo_2020.rds
simplified_Eldo_2021.rds
simplified_Eldo_2022.rds
simplified_Eldo_2023.rds
simplified_Eldo_2024.rds
Processing batch 1/12 (rows 1-1000)
  Calculated 1000 temperatures. Range: -1.75 to 51.37
Processing batch 2/12 (rows 1001-2000)
  Calculated 1000 temperatures. Range: 2.88 to 52.78
Processing batch 3/12 (rows 2001-3000)
  Calculated 1000 temperatures. Range: 5.58 to 51.90
Processing batch 4/12 (rows 3001-4000)
  Calculated 1000 temperatures. Range: 3.41 to 48.38
Processing batch 5/12 (rows 4001-5000)
  Calculated 1000 temperatures. Range: 1.45 to 51.00
Processing batch 6/12 (rows 5001-6000)
  Calculated 1000 temperatures. Range: 5.46 to 52.55
Processing batch 7/12 (rows 6001-7000)
  Calculated 1000 temperatures. Range: 5.01 to 48.57
Processing batch 8/12 (rows 7001-8000)
  Calculated 1000 temperatures. Range: 6.12 to 54.38
Processing batch 9/12 (rows 8001-9000)
  Calculated 1000 temperatures. Range: 5.36 to 57.52
Processing batch 10/12 (rows 9001-10000)
  Calculated 1000 temperatures. Range: 4.67 to 51.82
Processing batch 11/12 (rows 10001-11000)
  Calculated 1000 temperatures. Range: 3.09 to 53.17
Processing batch 12/12 (rows 11001-11035)
  Calculated 35 temperatures. Range: 13.51 to 48.75
Total observations: 11035, Unique timestamps: 2207
MR parameters: mass=0.33, elev=2195.0, b0=16.50, b1=0.85, b2=-0.47, b3=0.000108
Sample tb=284.21 K, log(mass)=-1.1087, 1/(kT)=40.818404, exponent=-3.3900, rmr=0.033710
Sample tb=301.16 K, log(mass)=-1.1087, 1/(kT)=38.521035, exponent=-2.3102, rmr=0.099242
Sample tb=292.06 K, log(mass)=-1.1087, 1/(kT)=39.720798, exponent=-2.8741, rmr=0.056468
Sample tb=286.52 K, log(mass)=-1.1087, 1/(kT)=40.489034, exponent=-3.2351, rmr=0.039354
Sample tb=283.70 K, log(mass)=-1.1087, 1/(kT)=40.891223, exponent=-3.4242, rmr=0.032576
MR results: 0 NA, 0 infinite, 0 negative, 0 zero
Energy calculations: 5965 non-zero gains, 11035 non-zero losses out of 11035 observations
Saved results to output/results/A1/1959/F/eb_results_MS_1959_A1_Eldo.rds

All years processed.
