Arguments received:
Species: MB
Years: 1950, 1951, 1952, 1953, 1954, 1955, 1956, 1957, 1958, 1959
Origin site: B1
Climate site: B1
Sex: F
Output directory: output/results/B1
Library paths:
[1] "/gscratch/biology/jmsmith/R"                          
[2] "/mmfs1/home/smithju/R/x86_64-pc-linux-gnu-library/4.4"
[3] "/usr/local/lib/R/site-library"                        
[4] "/usr/local/lib/R/library"                             
Package tidyverse loaded successfully
Package TrenchR loaded successfully
Package rTPC loaded successfully
Package lubridate loaded successfully

Processing: Species=MB, Year=1950, Origin=B1, Climate=B1, Sex=F
Looking for climate data at: /mmfs1/gscratch/biology/jmsmith/targeted_microclimate/B1/simplified_B1_1950.rds
Directory /mmfs1/gscratch/biology/jmsmith/targeted_microclimate/B1 exists. Contents:
simplified_B1_1950.rds
simplified_B1_1951.rds
simplified_B1_1952.rds
simplified_B1_1953.rds
simplified_B1_1954.rds
simplified_B1_1955.rds
simplified_B1_1956.rds
simplified_B1_1957.rds
simplified_B1_1958.rds
simplified_B1_1959.rds
simplified_B1_2015.rds
simplified_B1_2016.rds
simplified_B1_2017.rds
simplified_B1_2018.rds
simplified_B1_2019.rds
simplified_B1_2020.rds
simplified_B1_2021.rds
simplified_B1_2022.rds
simplified_B1_2023.rds
simplified_B1_2024.rds
Processing batch 1/12 (rows 1-1000)
  Calculated 1000 temperatures. Range: -10.12 to 33.18
Processing batch 2/12 (rows 1001-2000)
  Calculated 1000 temperatures. Range: -5.85 to 33.77
Processing batch 3/12 (rows 2001-3000)
  Calculated 1000 temperatures. Range: 0.42 to 38.28
Processing batch 4/12 (rows 3001-4000)
  Calculated 1000 temperatures. Range: 0.02 to 41.36
Processing batch 5/12 (rows 4001-5000)
  Calculated 1000 temperatures. Range: 2.19 to 46.04
Processing batch 6/12 (rows 5001-6000)
  Calculated 1000 temperatures. Range: 2.13 to 45.91
Processing batch 7/12 (rows 6001-7000)
  Calculated 1000 temperatures. Range: 2.24 to 43.46
Processing batch 8/12 (rows 7001-8000)
  Calculated 1000 temperatures. Range: 1.85 to 35.61
Processing batch 9/12 (rows 8001-9000)
  Calculated 1000 temperatures. Range: 1.80 to 44.46
Processing batch 10/12 (rows 9001-10000)
  Calculated 1000 temperatures. Range: 1.15 to 37.28
Processing batch 11/12 (rows 10001-11000)
  Calculated 1000 temperatures. Range: -0.40 to 40.49
Processing batch 12/12 (rows 11001-11035)
  Calculated 35 temperatures. Range: 12.37 to 31.16
Total observations: 11035, Unique timestamps: 2207
MR parameters: mass=0.28, elev=2591.0, b0=17.10, b1=0.98, b2=-0.48, b3=0.000124
Sample tb=278.28 K, log(mass)=-1.2730, 1/(kT)=41.688672, exponent=-3.8368, rmr=0.021563
Sample tb=301.06 K, log(mass)=-1.2730, 1/(kT)=38.533936, exponent=-2.3225, rmr=0.098027
Sample tb=288.22 K, log(mass)=-1.2730, 1/(kT)=40.250086, exponent=-3.1463, rmr=0.043013
Sample tb=299.56 K, log(mass)=-1.2730, 1/(kT)=38.726974, exponent=-2.4152, rmr=0.089352
Sample tb=288.93 K, log(mass)=-1.2730, 1/(kT)=40.151707, exponent=-3.0990, rmr=0.045092
MR results: 0 NA, 0 infinite, 0 negative, 0 zero
Energy calculations: 4637 non-zero gains, 11035 non-zero losses out of 11035 observations
Saved results to output/results/B1/1950/F/eb_results_MB_1950_B1_B1.rds

Processing: Species=MB, Year=1951, Origin=B1, Climate=B1, Sex=F
Looking for climate data at: /mmfs1/gscratch/biology/jmsmith/targeted_microclimate/B1/simplified_B1_1951.rds
Directory /mmfs1/gscratch/biology/jmsmith/targeted_microclimate/B1 exists. Contents:
simplified_B1_1950.rds
simplified_B1_1951.rds
simplified_B1_1952.rds
simplified_B1_1953.rds
simplified_B1_1954.rds
simplified_B1_1955.rds
simplified_B1_1956.rds
simplified_B1_1957.rds
simplified_B1_1958.rds
simplified_B1_1959.rds
simplified_B1_2015.rds
simplified_B1_2016.rds
simplified_B1_2017.rds
simplified_B1_2018.rds
simplified_B1_2019.rds
simplified_B1_2020.rds
simplified_B1_2021.rds
simplified_B1_2022.rds
simplified_B1_2023.rds
simplified_B1_2024.rds
Processing batch 1/12 (rows 1-1000)
  Calculated 1000 temperatures. Range: -9.67 to 16.65
Processing batch 2/12 (rows 1001-2000)
  Calculated 1000 temperatures. Range: -4.61 to 22.26
Processing batch 3/12 (rows 2001-3000)
  Calculated 1000 temperatures. Range: -1.84 to 33.37
Processing batch 4/12 (rows 3001-4000)
  Calculated 1000 temperatures. Range: 0.06 to 39.79
Processing batch 5/12 (rows 4001-5000)
  Calculated 1000 temperatures. Range: 1.80 to 46.55
Processing batch 6/12 (rows 5001-6000)
  Calculated 1000 temperatures. Range: 3.06 to 49.48
Processing batch 7/12 (rows 6001-7000)
  Calculated 1000 temperatures. Range: 3.63 to 40.98
Processing batch 8/12 (rows 7001-8000)
  Calculated 1000 temperatures. Range: 6.19 to 46.16
Processing batch 9/12 (rows 8001-9000)
  Calculated 1000 temperatures. Range: 2.40 to 39.68
Processing batch 10/12 (rows 9001-10000)
  Calculated 1000 temperatures. Range: 2.48 to 39.28
Processing batch 11/12 (rows 10001-11000)
  Calculated 1000 temperatures. Range: 1.80 to 36.27
Processing batch 12/12 (rows 11001-11035)
  Calculated 35 temperatures. Range: 10.07 to 30.87
Total observations: 11035, Unique timestamps: 2207
MR parameters: mass=0.28, elev=2591.0, b0=17.10, b1=0.98, b2=-0.48, b3=0.000124
Sample tb=282.36 K, log(mass)=-1.2730, 1/(kT)=41.086187, exponent=-3.5476, rmr=0.028794
Sample tb=278.84 K, log(mass)=-1.2730, 1/(kT)=41.604235, exponent=-3.7963, rmr=0.022455
Sample tb=292.69 K, log(mass)=-1.2730, 1/(kT)=39.635937, exponent=-2.8515, rmr=0.057759
Sample tb=283.62 K, log(mass)=-1.2730, 1/(kT)=40.903766, exponent=-3.4600, rmr=0.031429
Sample tb=290.06 K, log(mass)=-1.2730, 1/(kT)=39.995129, exponent=-3.0239, rmr=0.048612
MR results: 0 NA, 0 infinite, 0 negative, 0 zero
Energy calculations: 4640 non-zero gains, 11035 non-zero losses out of 11035 observations
Saved results to output/results/B1/1951/F/eb_results_MB_1951_B1_B1.rds

Processing: Species=MB, Year=1952, Origin=B1, Climate=B1, Sex=F
Looking for climate data at: /mmfs1/gscratch/biology/jmsmith/targeted_microclimate/B1/simplified_B1_1952.rds
Directory /mmfs1/gscratch/biology/jmsmith/targeted_microclimate/B1 exists. Contents:
simplified_B1_1950.rds
simplified_B1_1951.rds
simplified_B1_1952.rds
simplified_B1_1953.rds
simplified_B1_1954.rds
simplified_B1_1955.rds
simplified_B1_1956.rds
simplified_B1_1957.rds
simplified_B1_1958.rds
simplified_B1_1959.rds
simplified_B1_2015.rds
simplified_B1_2016.rds
simplified_B1_2017.rds
simplified_B1_2018.rds
simplified_B1_2019.rds
simplified_B1_2020.rds
simplified_B1_2021.rds
simplified_B1_2022.rds
simplified_B1_2023.rds
simplified_B1_2024.rds
Processing batch 1/12 (rows 1-1000)
  Calculated 1000 temperatures. Range: -0.28 to 44.27
Processing batch 2/12 (rows 1001-2000)
  Calculated 1000 temperatures. Range: -1.78 to 60.00
Processing batch 3/12 (rows 2001-3000)
  Calculated 1000 temperatures. Range: 0.81 to 60.00
Processing batch 4/12 (rows 3001-4000)
  Calculated 1000 temperatures. Range: 1.51 to 45.32
Processing batch 5/12 (rows 4001-5000)
  Calculated 1000 temperatures. Range: 1.31 to 39.86
Processing batch 6/12 (rows 5001-6000)
  Calculated 1000 temperatures. Range: 2.08 to 45.72
Processing batch 7/12 (rows 6001-7000)
  Calculated 1000 temperatures. Range: 3.03 to 43.82
Processing batch 8/12 (rows 7001-8000)
  Calculated 1000 temperatures. Range: 4.48 to 41.72
Processing batch 9/12 (rows 8001-9000)
  Calculated 1000 temperatures. Range: 3.23 to 43.76
Processing batch 10/12 (rows 9001-10000)
  Calculated 1000 temperatures. Range: 4.04 to 44.84
Processing batch 11/12 (rows 10001-11000)
  Calculated 1000 temperatures. Range: -0.29 to 38.81
Processing batch 12/12 (rows 11001-11035)
  Calculated 35 temperatures. Range: 8.93 to 26.25
Total observations: 11035, Unique timestamps: 2207
MR parameters: mass=0.28, elev=2591.0, b0=17.10, b1=0.98, b2=-0.48, b3=0.000124
Sample tb=279.87 K, log(mass)=-1.2730, 1/(kT)=41.451341, exponent=-3.7229, rmr=0.024165
Sample tb=293.44 K, log(mass)=-1.2730, 1/(kT)=39.533960, exponent=-2.8025, rmr=0.060657
Sample tb=281.58 K, log(mass)=-1.2730, 1/(kT)=41.199724, exponent=-3.6021, rmr=0.027267
Sample tb=289.14 K, log(mass)=-1.2730, 1/(kT)=40.122404, exponent=-3.0850, rmr=0.045731
Sample tb=291.73 K, log(mass)=-1.2730, 1/(kT)=39.765538, exponent=-2.9137, rmr=0.054276
MR results: 0 NA, 0 infinite, 0 negative, 0 zero
Energy calculations: 5511 non-zero gains, 11035 non-zero losses out of 11035 observations
Saved results to output/results/B1/1952/F/eb_results_MB_1952_B1_B1.rds

Processing: Species=MB, Year=1953, Origin=B1, Climate=B1, Sex=F
Looking for climate data at: /mmfs1/gscratch/biology/jmsmith/targeted_microclimate/B1/simplified_B1_1953.rds
Directory /mmfs1/gscratch/biology/jmsmith/targeted_microclimate/B1 exists. Contents:
simplified_B1_1950.rds
simplified_B1_1951.rds
simplified_B1_1952.rds
simplified_B1_1953.rds
simplified_B1_1954.rds
simplified_B1_1955.rds
simplified_B1_1956.rds
simplified_B1_1957.rds
simplified_B1_1958.rds
simplified_B1_1959.rds
simplified_B1_2015.rds
simplified_B1_2016.rds
simplified_B1_2017.rds
simplified_B1_2018.rds
simplified_B1_2019.rds
simplified_B1_2020.rds
simplified_B1_2021.rds
simplified_B1_2022.rds
simplified_B1_2023.rds
simplified_B1_2024.rds
Processing batch 1/12 (rows 1-1000)
  Calculated 1000 temperatures. Range: -4.19 to 34.11
Processing batch 2/12 (rows 1001-2000)
  Calculated 1000 temperatures. Range: -0.72 to 46.01
Processing batch 3/12 (rows 2001-3000)
  Calculated 1000 temperatures. Range: 0.58 to 44.84
Processing batch 4/12 (rows 3001-4000)
  Calculated 1000 temperatures. Range: 1.56 to 49.30
Processing batch 5/12 (rows 4001-5000)
  Calculated 1000 temperatures. Range: 3.26 to 42.37
Processing batch 6/12 (rows 5001-6000)
  Calculated 1000 temperatures. Range: 3.37 to 37.89
Processing batch 7/12 (rows 6001-7000)
  Calculated 1000 temperatures. Range: 3.36 to 43.82
Processing batch 8/12 (rows 7001-8000)
  Calculated 1000 temperatures. Range: 2.20 to 39.71
Processing batch 9/12 (rows 8001-9000)
  Calculated 1000 temperatures. Range: 2.12 to 41.37
Processing batch 10/12 (rows 9001-10000)
  Calculated 1000 temperatures. Range: 0.61 to 38.14
Processing batch 11/12 (rows 10001-11000)
  Calculated 1000 temperatures. Range: 1.40 to 40.43
Processing batch 12/12 (rows 11001-11035)
  Calculated 35 temperatures. Range: 12.61 to 31.38
Total observations: 11035, Unique timestamps: 2207
MR parameters: mass=0.28, elev=2591.0, b0=17.10, b1=0.98, b2=-0.48, b3=0.000124
Sample tb=284.47 K, log(mass)=-1.2730, 1/(kT)=40.780746, exponent=-3.4010, rmr=0.033341
Sample tb=288.35 K, log(mass)=-1.2730, 1/(kT)=40.231862, exponent=-3.1375, rmr=0.043390
Sample tb=311.38 K, log(mass)=-1.2730, 1/(kT)=37.256372, exponent=-1.7093, rmr=0.180996
Sample tb=290.70 K, log(mass)=-1.2730, 1/(kT)=39.907284, exponent=-2.9817, rmr=0.050706
Sample tb=293.64 K, log(mass)=-1.2730, 1/(kT)=39.507453, exponent=-2.7898, rmr=0.061434
MR results: 0 NA, 0 infinite, 0 negative, 0 zero
Energy calculations: 5501 non-zero gains, 11035 non-zero losses out of 11035 observations
Saved results to output/results/B1/1953/F/eb_results_MB_1953_B1_B1.rds

Processing: Species=MB, Year=1954, Origin=B1, Climate=B1, Sex=F
Looking for climate data at: /mmfs1/gscratch/biology/jmsmith/targeted_microclimate/B1/simplified_B1_1954.rds
Directory /mmfs1/gscratch/biology/jmsmith/targeted_microclimate/B1 exists. Contents:
simplified_B1_1950.rds
simplified_B1_1951.rds
simplified_B1_1952.rds
simplified_B1_1953.rds
simplified_B1_1954.rds
simplified_B1_1955.rds
simplified_B1_1956.rds
simplified_B1_1957.rds
simplified_B1_1958.rds
simplified_B1_1959.rds
simplified_B1_2015.rds
simplified_B1_2016.rds
simplified_B1_2017.rds
simplified_B1_2018.rds
simplified_B1_2019.rds
simplified_B1_2020.rds
simplified_B1_2021.rds
simplified_B1_2022.rds
simplified_B1_2023.rds
simplified_B1_2024.rds
Processing batch 1/12 (rows 1-1000)
  Calculated 1000 temperatures. Range: -6.14 to 38.03
Processing batch 2/12 (rows 1001-2000)
  Calculated 1000 temperatures. Range: -2.12 to 35.09
Processing batch 3/12 (rows 2001-3000)
  Calculated 1000 temperatures. Range: 3.10 to 44.76
Processing batch 4/12 (rows 3001-4000)
  Calculated 1000 temperatures. Range: 2.46 to 44.36
Processing batch 5/12 (rows 4001-5000)
  Calculated 1000 temperatures. Range: 5.78 to 41.02
Processing batch 6/12 (rows 5001-6000)
  Calculated 1000 temperatures. Range: 6.28 to 45.45
Processing batch 7/12 (rows 6001-7000)
  Calculated 1000 temperatures. Range: 5.81 to 47.70
Processing batch 8/12 (rows 7001-8000)
  Calculated 1000 temperatures. Range: 3.14 to 41.14
Processing batch 9/12 (rows 8001-9000)
  Calculated 1000 temperatures. Range: 2.87 to 44.22
Processing batch 10/12 (rows 9001-10000)
  Calculated 1000 temperatures. Range: 1.06 to 42.30
Processing batch 11/12 (rows 10001-11000)
  Calculated 1000 temperatures. Range: 0.98 to 43.82
Processing batch 12/12 (rows 11001-11035)
  Calculated 35 temperatures. Range: 13.53 to 40.15
Total observations: 11035, Unique timestamps: 2207
MR parameters: mass=0.28, elev=2591.0, b0=17.10, b1=0.98, b2=-0.48, b3=0.000124
Sample tb=278.47 K, log(mass)=-1.2730, 1/(kT)=41.659002, exponent=-3.8225, rmr=0.021872
Sample tb=277.63 K, log(mass)=-1.2730, 1/(kT)=41.785815, exponent=-3.8834, rmr=0.020580
Sample tb=290.26 K, log(mass)=-1.2730, 1/(kT)=39.966766, exponent=-3.0103, rmr=0.049278
Sample tb=312.18 K, log(mass)=-1.2730, 1/(kT)=37.160863, exponent=-1.6634, rmr=0.189487
Sample tb=297.50 K, log(mass)=-1.2730, 1/(kT)=38.995264, exponent=-2.5439, rmr=0.078556
MR results: 0 NA, 0 infinite, 0 negative, 0 zero
Energy calculations: 5745 non-zero gains, 11035 non-zero losses out of 11035 observations
Saved results to output/results/B1/1954/F/eb_results_MB_1954_B1_B1.rds

Processing: Species=MB, Year=1955, Origin=B1, Climate=B1, Sex=F
Looking for climate data at: /mmfs1/gscratch/biology/jmsmith/targeted_microclimate/B1/simplified_B1_1955.rds
Directory /mmfs1/gscratch/biology/jmsmith/targeted_microclimate/B1 exists. Contents:
simplified_B1_1950.rds
simplified_B1_1951.rds
simplified_B1_1952.rds
simplified_B1_1953.rds
simplified_B1_1954.rds
simplified_B1_1955.rds
simplified_B1_1956.rds
simplified_B1_1957.rds
simplified_B1_1958.rds
simplified_B1_1959.rds
simplified_B1_2015.rds
simplified_B1_2016.rds
simplified_B1_2017.rds
simplified_B1_2018.rds
simplified_B1_2019.rds
simplified_B1_2020.rds
simplified_B1_2021.rds
simplified_B1_2022.rds
simplified_B1_2023.rds
simplified_B1_2024.rds
Processing batch 1/12 (rows 1-1000)
  Calculated 1000 temperatures. Range: -4.98 to 34.21
Processing batch 2/12 (rows 1001-2000)
  Calculated 1000 temperatures. Range: -4.29 to 38.49
Processing batch 3/12 (rows 2001-3000)
  Calculated 1000 temperatures. Range: -0.42 to 40.46
Processing batch 4/12 (rows 3001-4000)
  Calculated 1000 temperatures. Range: -0.71 to 43.57
Processing batch 5/12 (rows 4001-5000)
  Calculated 1000 temperatures. Range: 1.13 to 41.41
Processing batch 6/12 (rows 5001-6000)
  Calculated 1000 temperatures. Range: 2.23 to 44.54
Processing batch 7/12 (rows 6001-7000)
  Calculated 1000 temperatures. Range: 4.78 to 40.58
Processing batch 8/12 (rows 7001-8000)
  Calculated 1000 temperatures. Range: 4.40 to 40.74
Processing batch 9/12 (rows 8001-9000)
  Calculated 1000 temperatures. Range: 4.22 to 40.05
Processing batch 10/12 (rows 9001-10000)
  Calculated 1000 temperatures. Range: 3.54 to 39.05
Processing batch 11/12 (rows 10001-11000)
  Calculated 1000 temperatures. Range: 1.02 to 41.41
Processing batch 12/12 (rows 11001-11035)
  Calculated 35 temperatures. Range: 11.37 to 38.19
Total observations: 11035, Unique timestamps: 2207
MR parameters: mass=0.28, elev=2591.0, b0=17.10, b1=0.98, b2=-0.48, b3=0.000124
Sample tb=288.25 K, log(mass)=-1.2730, 1/(kT)=40.245444, exponent=-3.1440, rmr=0.043108
Sample tb=282.35 K, log(mass)=-1.2730, 1/(kT)=41.086836, exponent=-3.5479, rmr=0.028785
Sample tb=277.57 K, log(mass)=-1.2730, 1/(kT)=41.794056, exponent=-3.8874, rmr=0.020499
Sample tb=279.01 K, log(mass)=-1.2730, 1/(kT)=41.579422, exponent=-3.7843, rmr=0.022724
Sample tb=285.02 K, log(mass)=-1.2730, 1/(kT)=40.701926, exponent=-3.3631, rmr=0.034626
MR results: 0 NA, 0 infinite, 0 negative, 0 zero
Energy calculations: 5394 non-zero gains, 11035 non-zero losses out of 11035 observations
Saved results to output/results/B1/1955/F/eb_results_MB_1955_B1_B1.rds

Processing: Species=MB, Year=1956, Origin=B1, Climate=B1, Sex=F
Looking for climate data at: /mmfs1/gscratch/biology/jmsmith/targeted_microclimate/B1/simplified_B1_1956.rds
Directory /mmfs1/gscratch/biology/jmsmith/targeted_microclimate/B1 exists. Contents:
simplified_B1_1950.rds
simplified_B1_1951.rds
simplified_B1_1952.rds
simplified_B1_1953.rds
simplified_B1_1954.rds
simplified_B1_1955.rds
simplified_B1_1956.rds
simplified_B1_1957.rds
simplified_B1_1958.rds
simplified_B1_1959.rds
simplified_B1_2015.rds
simplified_B1_2016.rds
simplified_B1_2017.rds
simplified_B1_2018.rds
simplified_B1_2019.rds
simplified_B1_2020.rds
simplified_B1_2021.rds
simplified_B1_2022.rds
simplified_B1_2023.rds
simplified_B1_2024.rds
Processing batch 1/12 (rows 1-1000)
  Calculated 1000 temperatures. Range: -0.13 to 49.18
Processing batch 2/12 (rows 1001-2000)
  Calculated 1000 temperatures. Range: 0.36 to 44.69
Processing batch 3/12 (rows 2001-3000)
  Calculated 1000 temperatures. Range: 0.57 to 40.36
Processing batch 4/12 (rows 3001-4000)
  Calculated 1000 temperatures. Range: 2.63 to 42.70
Processing batch 5/12 (rows 4001-5000)
  Calculated 1000 temperatures. Range: 1.96 to 43.27
Processing batch 6/12 (rows 5001-6000)
  Calculated 1000 temperatures. Range: 2.71 to 46.05
Processing batch 7/12 (rows 6001-7000)
  Calculated 1000 temperatures. Range: 3.01 to 41.26
Processing batch 8/12 (rows 7001-8000)
  Calculated 1000 temperatures. Range: 1.68 to 38.04
Processing batch 9/12 (rows 8001-9000)
  Calculated 1000 temperatures. Range: 1.80 to 41.77
Processing batch 10/12 (rows 9001-10000)
  Calculated 1000 temperatures. Range: 0.89 to 42.89
Processing batch 11/12 (rows 10001-11000)
  Calculated 1000 temperatures. Range: -3.11 to 40.85
Processing batch 12/12 (rows 11001-11035)
  Calculated 35 temperatures. Range: 4.95 to 29.58
Total observations: 11035, Unique timestamps: 2207
MR parameters: mass=0.28, elev=2591.0, b0=17.10, b1=0.98, b2=-0.48, b3=0.000124
Sample tb=286.58 K, log(mass)=-1.2730, 1/(kT)=40.480305, exponent=-3.2568, rmr=0.038513
Sample tb=290.31 K, log(mass)=-1.2730, 1/(kT)=39.960010, exponent=-3.0070, rmr=0.049438
Sample tb=286.48 K, log(mass)=-1.2730, 1/(kT)=40.494648, exponent=-3.2637, rmr=0.038248
Sample tb=285.28 K, log(mass)=-1.2730, 1/(kT)=40.665004, exponent=-3.3454, rmr=0.035245
Sample tb=278.79 K, log(mass)=-1.2730, 1/(kT)=41.612090, exponent=-3.8000, rmr=0.022370
MR results: 0 NA, 0 infinite, 0 negative, 0 zero
Energy calculations: 5293 non-zero gains, 11035 non-zero losses out of 11035 observations
Saved results to output/results/B1/1956/F/eb_results_MB_1956_B1_B1.rds

Processing: Species=MB, Year=1957, Origin=B1, Climate=B1, Sex=F
Looking for climate data at: /mmfs1/gscratch/biology/jmsmith/targeted_microclimate/B1/simplified_B1_1957.rds
Directory /mmfs1/gscratch/biology/jmsmith/targeted_microclimate/B1 exists. Contents:
simplified_B1_1950.rds
simplified_B1_1951.rds
simplified_B1_1952.rds
simplified_B1_1953.rds
simplified_B1_1954.rds
simplified_B1_1955.rds
simplified_B1_1956.rds
simplified_B1_1957.rds
simplified_B1_1958.rds
simplified_B1_1959.rds
simplified_B1_2015.rds
simplified_B1_2016.rds
simplified_B1_2017.rds
simplified_B1_2018.rds
simplified_B1_2019.rds
simplified_B1_2020.rds
simplified_B1_2021.rds
simplified_B1_2022.rds
simplified_B1_2023.rds
simplified_B1_2024.rds
Processing batch 1/12 (rows 1-1000)
  Calculated 1000 temperatures. Range: -1.36 to 42.70
Processing batch 2/12 (rows 1001-2000)
  Calculated 1000 temperatures. Range: -2.30 to 42.32
Processing batch 3/12 (rows 2001-3000)
  Calculated 1000 temperatures. Range: -4.88 to 36.69
Processing batch 4/12 (rows 3001-4000)
  Calculated 1000 temperatures. Range: 2.58 to 39.19
Processing batch 5/12 (rows 4001-5000)
  Calculated 1000 temperatures. Range: 1.36 to 46.15
Processing batch 6/12 (rows 5001-6000)
  Calculated 1000 temperatures. Range: 5.04 to 44.20
Processing batch 7/12 (rows 6001-7000)
  Calculated 1000 temperatures. Range: 4.12 to 39.39
Processing batch 8/12 (rows 7001-8000)
  Calculated 1000 temperatures. Range: 5.71 to 45.79
Processing batch 9/12 (rows 8001-9000)
  Calculated 1000 temperatures. Range: 3.97 to 41.30
Processing batch 10/12 (rows 9001-10000)
  Calculated 1000 temperatures. Range: 3.31 to 39.06
Processing batch 11/12 (rows 10001-11000)
  Calculated 1000 temperatures. Range: 2.61 to 43.51
Processing batch 12/12 (rows 11001-11035)
  Calculated 35 temperatures. Range: 9.65 to 32.88
Total observations: 11035, Unique timestamps: 2207
MR parameters: mass=0.28, elev=2591.0, b0=17.10, b1=0.98, b2=-0.48, b3=0.000124
Sample tb=308.25 K, log(mass)=-1.2730, 1/(kT)=37.634478, exponent=-1.8908, rmr=0.150955
Sample tb=287.86 K, log(mass)=-1.2730, 1/(kT)=40.301219, exponent=-3.1708, rmr=0.041970
Sample tb=284.26 K, log(mass)=-1.2730, 1/(kT)=40.811209, exponent=-3.4156, rmr=0.032857
Sample tb=275.37 K, log(mass)=-1.2730, 1/(kT)=42.128489, exponent=-4.0479, rmr=0.017459
Sample tb=278.87 K, log(mass)=-1.2730, 1/(kT)=41.599489, exponent=-3.7940, rmr=0.022506
MR results: 0 NA, 0 infinite, 0 negative, 0 zero
Energy calculations: 5296 non-zero gains, 11035 non-zero losses out of 11035 observations
Saved results to output/results/B1/1957/F/eb_results_MB_1957_B1_B1.rds

Processing: Species=MB, Year=1958, Origin=B1, Climate=B1, Sex=F
Looking for climate data at: /mmfs1/gscratch/biology/jmsmith/targeted_microclimate/B1/simplified_B1_1958.rds
Directory /mmfs1/gscratch/biology/jmsmith/targeted_microclimate/B1 exists. Contents:
simplified_B1_1950.rds
simplified_B1_1951.rds
simplified_B1_1952.rds
simplified_B1_1953.rds
simplified_B1_1954.rds
simplified_B1_1955.rds
simplified_B1_1956.rds
simplified_B1_1957.rds
simplified_B1_1958.rds
simplified_B1_1959.rds
simplified_B1_2015.rds
simplified_B1_2016.rds
simplified_B1_2017.rds
simplified_B1_2018.rds
simplified_B1_2019.rds
simplified_B1_2020.rds
simplified_B1_2021.rds
simplified_B1_2022.rds
simplified_B1_2023.rds
simplified_B1_2024.rds
Processing batch 1/12 (rows 1-1000)
  Calculated 1000 temperatures. Range: 0.04 to 40.40
Processing batch 2/12 (rows 1001-2000)
  Calculated 1000 temperatures. Range: -0.71 to 36.70
Processing batch 3/12 (rows 2001-3000)
  Calculated 1000 temperatures. Range: 1.65 to 39.10
Processing batch 4/12 (rows 3001-4000)
  Calculated 1000 temperatures. Range: 0.72 to 41.31
Processing batch 5/12 (rows 4001-5000)
  Calculated 1000 temperatures. Range: 1.32 to 43.72
Processing batch 6/12 (rows 5001-6000)
  Calculated 1000 temperatures. Range: 1.89 to 40.71
Processing batch 7/12 (rows 6001-7000)
  Calculated 1000 temperatures. Range: 2.02 to 42.01
Processing batch 8/12 (rows 7001-8000)
  Calculated 1000 temperatures. Range: 2.94 to 43.58
Processing batch 9/12 (rows 8001-9000)
  Calculated 1000 temperatures. Range: 3.74 to 42.25
Processing batch 10/12 (rows 9001-10000)
  Calculated 1000 temperatures. Range: 4.59 to 43.10
Processing batch 11/12 (rows 10001-11000)
  Calculated 1000 temperatures. Range: 1.78 to 35.17
Processing batch 12/12 (rows 11001-11035)
  Calculated 35 temperatures. Range: 11.31 to 36.19
Total observations: 11035, Unique timestamps: 2207
MR parameters: mass=0.28, elev=2591.0, b0=17.10, b1=0.98, b2=-0.48, b3=0.000124
Sample tb=291.19 K, log(mass)=-1.2730, 1/(kT)=39.839348, exponent=-2.9491, rmr=0.052386
Sample tb=282.97 K, log(mass)=-1.2730, 1/(kT)=40.996540, exponent=-3.5046, rmr=0.030060
Sample tb=291.42 K, log(mass)=-1.2730, 1/(kT)=39.808943, exponent=-2.9345, rmr=0.053156
Sample tb=295.00 K, log(mass)=-1.2730, 1/(kT)=39.324924, exponent=-2.7022, rmr=0.067059
Sample tb=280.14 K, log(mass)=-1.2730, 1/(kT)=41.411682, exponent=-3.7038, rmr=0.024629
MR results: 0 NA, 0 infinite, 0 negative, 0 zero
Energy calculations: 5333 non-zero gains, 11035 non-zero losses out of 11035 observations
Saved results to output/results/B1/1958/F/eb_results_MB_1958_B1_B1.rds

Processing: Species=MB, Year=1959, Origin=B1, Climate=B1, Sex=F
Looking for climate data at: /mmfs1/gscratch/biology/jmsmith/targeted_microclimate/B1/simplified_B1_1959.rds
Directory /mmfs1/gscratch/biology/jmsmith/targeted_microclimate/B1 exists. Contents:
simplified_B1_1950.rds
simplified_B1_1951.rds
simplified_B1_1952.rds
simplified_B1_1953.rds
simplified_B1_1954.rds
simplified_B1_1955.rds
simplified_B1_1956.rds
simplified_B1_1957.rds
simplified_B1_1958.rds
simplified_B1_1959.rds
simplified_B1_2015.rds
simplified_B1_2016.rds
simplified_B1_2017.rds
simplified_B1_2018.rds
simplified_B1_2019.rds
simplified_B1_2020.rds
simplified_B1_2021.rds
simplified_B1_2022.rds
simplified_B1_2023.rds
simplified_B1_2024.rds
Processing batch 1/12 (rows 1-1000)
  Calculated 1000 temperatures. Range: -5.77 to 43.82
Processing batch 2/12 (rows 1001-2000)
  Calculated 1000 temperatures. Range: 1.60 to 43.22
Processing batch 3/12 (rows 2001-3000)
  Calculated 1000 temperatures. Range: 3.35 to 43.32
Processing batch 4/12 (rows 3001-4000)
  Calculated 1000 temperatures. Range: -0.11 to 38.83
Processing batch 5/12 (rows 4001-5000)
  Calculated 1000 temperatures. Range: 0.18 to 40.59
Processing batch 6/12 (rows 5001-6000)
  Calculated 1000 temperatures. Range: 3.38 to 48.35
Processing batch 7/12 (rows 6001-7000)
  Calculated 1000 temperatures. Range: 3.23 to 44.78
Processing batch 8/12 (rows 7001-8000)
  Calculated 1000 temperatures. Range: 4.43 to 38.13
Processing batch 9/12 (rows 8001-9000)
  Calculated 1000 temperatures. Range: 3.70 to 46.59
Processing batch 10/12 (rows 9001-10000)
  Calculated 1000 temperatures. Range: 3.25 to 42.67
Processing batch 11/12 (rows 10001-11000)
  Calculated 1000 temperatures. Range: 1.97 to 38.48
Processing batch 12/12 (rows 11001-11035)
  Calculated 35 temperatures. Range: 11.70 to 32.12
Total observations: 11035, Unique timestamps: 2207
MR parameters: mass=0.28, elev=2591.0, b0=17.10, b1=0.98, b2=-0.48, b3=0.000124
Sample tb=289.47 K, log(mass)=-1.2730, 1/(kT)=40.075896, exponent=-3.0627, rmr=0.046763
Sample tb=281.29 K, log(mass)=-1.2730, 1/(kT)=41.242228, exponent=-3.6225, rmr=0.026716
Sample tb=287.67 K, log(mass)=-1.2730, 1/(kT)=40.327463, exponent=-3.1834, rmr=0.041444
Sample tb=297.62 K, log(mass)=-1.2730, 1/(kT)=38.979473, exponent=-2.5364, rmr=0.079153
Sample tb=281.04 K, log(mass)=-1.2730, 1/(kT)=41.278273, exponent=-3.6398, rmr=0.026258
MR results: 0 NA, 0 infinite, 0 negative, 0 zero
Energy calculations: 5453 non-zero gains, 11035 non-zero losses out of 11035 observations
Saved results to output/results/B1/1959/F/eb_results_MB_1959_B1_B1.rds

All years processed.
