Arguments received:
Species: MS
Years: 1950, 1951, 1952, 1953, 1954, 1955, 1956, 1957, 1958, 1959
Origin site: B1
Climate site: A1
Sex: F
Output directory: output/results/B1
Library paths:
[1] "/gscratch/biology/jmsmith/R"                          
[2] "/mmfs1/home/smithju/R/x86_64-pc-linux-gnu-library/4.4"
[3] "/usr/local/lib/R/site-library"                        
[4] "/usr/local/lib/R/library"                             
Package tidyverse loaded successfully
Package TrenchR loaded successfully
Package rTPC loaded successfully
Package lubridate loaded successfully

Processing: Species=MS, Year=1950, Origin=B1, Climate=A1, Sex=F
Looking for climate data at: /mmfs1/gscratch/biology/jmsmith/targeted_microclimate/A1/simplified_A1_1950.rds
Directory /mmfs1/gscratch/biology/jmsmith/targeted_microclimate/A1 exists. Contents:
simplified_A1_1950.rds
simplified_A1_1951.rds
simplified_A1_1952.rds
simplified_A1_1953.rds
simplified_A1_1954.rds
simplified_A1_1955.rds
simplified_A1_1956.rds
simplified_A1_1957.rds
simplified_A1_1958.rds
simplified_A1_1959.rds
simplified_A1_2015.rds
simplified_A1_2016.rds
simplified_A1_2017.rds
simplified_A1_2018.rds
simplified_A1_2019.rds
simplified_A1_2020.rds
simplified_A1_2021.rds
simplified_A1_2022.rds
simplified_A1_2023.rds
simplified_A1_2024.rds
Processing batch 1/12 (rows 1-1000)
  Calculated 1000 temperatures. Range: -9.61 to 38.71
Processing batch 2/12 (rows 1001-2000)
  Calculated 1000 temperatures. Range: -6.15 to 39.97
Processing batch 3/12 (rows 2001-3000)
  Calculated 1000 temperatures. Range: 1.03 to 43.70
Processing batch 4/12 (rows 3001-4000)
  Calculated 1000 temperatures. Range: 0.77 to 45.82
Processing batch 5/12 (rows 4001-5000)
  Calculated 1000 temperatures. Range: 3.23 to 47.58
Processing batch 6/12 (rows 5001-6000)
  Calculated 1000 temperatures. Range: 2.89 to 48.19
Processing batch 7/12 (rows 6001-7000)
  Calculated 1000 temperatures. Range: 3.04 to 49.28
Processing batch 8/12 (rows 7001-8000)
  Calculated 1000 temperatures. Range: 2.79 to 44.85
Processing batch 9/12 (rows 8001-9000)
  Calculated 1000 temperatures. Range: 2.86 to 49.53
Processing batch 10/12 (rows 9001-10000)
  Calculated 1000 temperatures. Range: 2.16 to 40.43
Processing batch 11/12 (rows 10001-11000)
  Calculated 1000 temperatures. Range: 0.02 to 43.54
Processing batch 12/12 (rows 11001-11035)
  Calculated 35 temperatures. Range: 13.22 to 36.52
Total observations: 11035, Unique timestamps: 2207
MR parameters: mass=0.29, elev=2591.0, b0=16.50, b1=0.85, b2=-0.47, b3=0.000108
Sample tb=277.07 K, log(mass)=-1.2379, 1/(kT)=41.870021, exponent=-3.9513, rmr=0.019230
Sample tb=277.91 K, log(mass)=-1.2379, 1/(kT)=41.742990, exponent=-3.8916, rmr=0.020413
Sample tb=301.60 K, log(mass)=-1.2379, 1/(kT)=38.465052, exponent=-2.3509, rmr=0.095280
Sample tb=283.79 K, log(mass)=-1.2379, 1/(kT)=40.878510, exponent=-3.4853, rmr=0.030646
Sample tb=296.49 K, log(mass)=-1.2379, 1/(kT)=39.127736, exponent=-2.6624, rmr=0.069780
MR results: 0 NA, 0 infinite, 0 negative, 0 zero
Energy calculations: 5033 non-zero gains, 11035 non-zero losses out of 11035 observations
Saved results to output/results/B1/1950/F/eb_results_MS_1950_B1_A1.rds

Processing: Species=MS, Year=1951, Origin=B1, Climate=A1, Sex=F
Looking for climate data at: /mmfs1/gscratch/biology/jmsmith/targeted_microclimate/A1/simplified_A1_1951.rds
Directory /mmfs1/gscratch/biology/jmsmith/targeted_microclimate/A1 exists. Contents:
simplified_A1_1950.rds
simplified_A1_1951.rds
simplified_A1_1952.rds
simplified_A1_1953.rds
simplified_A1_1954.rds
simplified_A1_1955.rds
simplified_A1_1956.rds
simplified_A1_1957.rds
simplified_A1_1958.rds
simplified_A1_1959.rds
simplified_A1_2015.rds
simplified_A1_2016.rds
simplified_A1_2017.rds
simplified_A1_2018.rds
simplified_A1_2019.rds
simplified_A1_2020.rds
simplified_A1_2021.rds
simplified_A1_2022.rds
simplified_A1_2023.rds
simplified_A1_2024.rds
Processing batch 1/12 (rows 1-1000)
  Calculated 1000 temperatures. Range: -9.02 to 17.63
Processing batch 2/12 (rows 1001-2000)
  Calculated 1000 temperatures. Range: -4.80 to 25.62
Processing batch 3/12 (rows 2001-3000)
  Calculated 1000 temperatures. Range: -1.34 to 40.28
Processing batch 4/12 (rows 3001-4000)
  Calculated 1000 temperatures. Range: 0.86 to 44.36
Processing batch 5/12 (rows 4001-5000)
  Calculated 1000 temperatures. Range: 2.21 to 51.84
Processing batch 6/12 (rows 5001-6000)
  Calculated 1000 temperatures. Range: 3.59 to 49.51
Processing batch 7/12 (rows 6001-7000)
  Calculated 1000 temperatures. Range: 4.18 to 42.01
Processing batch 8/12 (rows 7001-8000)
  Calculated 1000 temperatures. Range: 7.06 to 50.31
Processing batch 9/12 (rows 8001-9000)
  Calculated 1000 temperatures. Range: 3.36 to 43.27
Processing batch 10/12 (rows 9001-10000)
  Calculated 1000 temperatures. Range: 2.86 to 44.37
Processing batch 11/12 (rows 10001-11000)
  Calculated 1000 temperatures. Range: 2.60 to 42.76
Processing batch 12/12 (rows 11001-11035)
  Calculated 35 temperatures. Range: 11.19 to 37.11
Total observations: 11035, Unique timestamps: 2207
MR parameters: mass=0.29, elev=2591.0, b0=16.50, b1=0.85, b2=-0.47, b3=0.000108
Sample tb=280.70 K, log(mass)=-1.2379, 1/(kT)=41.327837, exponent=-3.6964, rmr=0.024811
Sample tb=287.59 K, log(mass)=-1.2379, 1/(kT)=40.338542, exponent=-3.2315, rmr=0.039499
Sample tb=276.63 K, log(mass)=-1.2379, 1/(kT)=41.937225, exponent=-3.9829, rmr=0.018632
Sample tb=284.67 K, log(mass)=-1.2379, 1/(kT)=40.751650, exponent=-3.4256, rmr=0.032528
Sample tb=283.83 K, log(mass)=-1.2379, 1/(kT)=40.873252, exponent=-3.4828, rmr=0.030721
MR results: 0 NA, 0 infinite, 0 negative, 0 zero
Energy calculations: 4961 non-zero gains, 11035 non-zero losses out of 11035 observations
Saved results to output/results/B1/1951/F/eb_results_MS_1951_B1_A1.rds

Processing: Species=MS, Year=1952, Origin=B1, Climate=A1, Sex=F
Looking for climate data at: /mmfs1/gscratch/biology/jmsmith/targeted_microclimate/A1/simplified_A1_1952.rds
Directory /mmfs1/gscratch/biology/jmsmith/targeted_microclimate/A1 exists. Contents:
simplified_A1_1950.rds
simplified_A1_1951.rds
simplified_A1_1952.rds
simplified_A1_1953.rds
simplified_A1_1954.rds
simplified_A1_1955.rds
simplified_A1_1956.rds
simplified_A1_1957.rds
simplified_A1_1958.rds
simplified_A1_1959.rds
simplified_A1_2015.rds
simplified_A1_2016.rds
simplified_A1_2017.rds
simplified_A1_2018.rds
simplified_A1_2019.rds
simplified_A1_2020.rds
simplified_A1_2021.rds
simplified_A1_2022.rds
simplified_A1_2023.rds
simplified_A1_2024.rds
Processing batch 1/12 (rows 1-1000)
  Calculated 1000 temperatures. Range: 0.61 to 47.27
Processing batch 2/12 (rows 1001-2000)
  Calculated 1000 temperatures. Range: -2.24 to 60.00
Processing batch 3/12 (rows 2001-3000)
  Calculated 1000 temperatures. Range: 1.73 to 60.00
Processing batch 4/12 (rows 3001-4000)
  Calculated 1000 temperatures. Range: 2.57 to 51.87
Processing batch 5/12 (rows 4001-5000)
  Calculated 1000 temperatures. Range: 1.86 to 45.80
Processing batch 6/12 (rows 5001-6000)
  Calculated 1000 temperatures. Range: 3.15 to 49.38
Processing batch 7/12 (rows 6001-7000)
  Calculated 1000 temperatures. Range: 3.88 to 48.03
Processing batch 8/12 (rows 7001-8000)
  Calculated 1000 temperatures. Range: 5.60 to 47.11
Processing batch 9/12 (rows 8001-9000)
  Calculated 1000 temperatures. Range: 4.62 to 44.01
Processing batch 10/12 (rows 9001-10000)
  Calculated 1000 temperatures. Range: 4.53 to 47.26
Processing batch 11/12 (rows 10001-11000)
  Calculated 1000 temperatures. Range: 0.21 to 46.32
Processing batch 12/12 (rows 11001-11035)
  Calculated 35 temperatures. Range: 10.13 to 34.57
Total observations: 11035, Unique timestamps: 2207
MR parameters: mass=0.29, elev=2591.0, b0=16.50, b1=0.85, b2=-0.47, b3=0.000108
Sample tb=305.04 K, log(mass)=-1.2379, 1/(kT)=38.030669, exponent=-2.1468, rmr=0.116860
Sample tb=280.12 K, log(mass)=-1.2379, 1/(kT)=41.414704, exponent=-3.7373, rmr=0.023819
Sample tb=286.92 K, log(mass)=-1.2379, 1/(kT)=40.433307, exponent=-3.2760, rmr=0.037778
Sample tb=309.39 K, log(mass)=-1.2379, 1/(kT)=37.495741, exponent=-1.8954, rmr=0.150264
Sample tb=282.14 K, log(mass)=-1.2379, 1/(kT)=41.117830, exponent=-3.5977, rmr=0.027385
MR results: 0 NA, 0 infinite, 0 negative, 0 zero
Energy calculations: 5867 non-zero gains, 11035 non-zero losses out of 11035 observations
Saved results to output/results/B1/1952/F/eb_results_MS_1952_B1_A1.rds

Processing: Species=MS, Year=1953, Origin=B1, Climate=A1, Sex=F
Looking for climate data at: /mmfs1/gscratch/biology/jmsmith/targeted_microclimate/A1/simplified_A1_1953.rds
Directory /mmfs1/gscratch/biology/jmsmith/targeted_microclimate/A1 exists. Contents:
simplified_A1_1950.rds
simplified_A1_1951.rds
simplified_A1_1952.rds
simplified_A1_1953.rds
simplified_A1_1954.rds
simplified_A1_1955.rds
simplified_A1_1956.rds
simplified_A1_1957.rds
simplified_A1_1958.rds
simplified_A1_1959.rds
simplified_A1_2015.rds
simplified_A1_2016.rds
simplified_A1_2017.rds
simplified_A1_2018.rds
simplified_A1_2019.rds
simplified_A1_2020.rds
simplified_A1_2021.rds
simplified_A1_2022.rds
simplified_A1_2023.rds
simplified_A1_2024.rds
Processing batch 1/12 (rows 1-1000)
  Calculated 1000 temperatures. Range: -3.67 to 40.01
Processing batch 2/12 (rows 1001-2000)
  Calculated 1000 temperatures. Range: 0.04 to 47.58
Processing batch 3/12 (rows 2001-3000)
  Calculated 1000 temperatures. Range: 1.74 to 47.35
Processing batch 4/12 (rows 3001-4000)
  Calculated 1000 temperatures. Range: 2.02 to 53.10
Processing batch 5/12 (rows 4001-5000)
  Calculated 1000 temperatures. Range: 3.79 to 44.93
Processing batch 6/12 (rows 5001-6000)
  Calculated 1000 temperatures. Range: 4.03 to 43.16
Processing batch 7/12 (rows 6001-7000)
  Calculated 1000 temperatures. Range: 3.85 to 50.30
Processing batch 8/12 (rows 7001-8000)
  Calculated 1000 temperatures. Range: 3.22 to 46.46
Processing batch 9/12 (rows 8001-9000)
  Calculated 1000 temperatures. Range: 2.82 to 48.79
Processing batch 10/12 (rows 9001-10000)
  Calculated 1000 temperatures. Range: 1.59 to 42.78
Processing batch 11/12 (rows 10001-11000)
  Calculated 1000 temperatures. Range: 2.25 to 46.93
Processing batch 12/12 (rows 11001-11035)
  Calculated 35 temperatures. Range: 13.52 to 34.60
Total observations: 11035, Unique timestamps: 2207
MR parameters: mass=0.29, elev=2591.0, b0=16.50, b1=0.85, b2=-0.47, b3=0.000108
Sample tb=288.64 K, log(mass)=-1.2379, 1/(kT)=40.191759, exponent=-3.1625, rmr=0.042320
Sample tb=280.72 K, log(mass)=-1.2379, 1/(kT)=41.325655, exponent=-3.6954, rmr=0.024837
Sample tb=283.50 K, log(mass)=-1.2379, 1/(kT)=40.919825, exponent=-3.5047, rmr=0.030056
Sample tb=291.80 K, log(mass)=-1.2379, 1/(kT)=39.756044, exponent=-2.9577, rmr=0.051938
Sample tb=285.09 K, log(mass)=-1.2379, 1/(kT)=40.692713, exponent=-3.3979, rmr=0.033442
MR results: 0 NA, 0 infinite, 0 negative, 0 zero
Energy calculations: 5867 non-zero gains, 11035 non-zero losses out of 11035 observations
Saved results to output/results/B1/1953/F/eb_results_MS_1953_B1_A1.rds

Processing: Species=MS, Year=1954, Origin=B1, Climate=A1, Sex=F
Looking for climate data at: /mmfs1/gscratch/biology/jmsmith/targeted_microclimate/A1/simplified_A1_1954.rds
Directory /mmfs1/gscratch/biology/jmsmith/targeted_microclimate/A1 exists. Contents:
simplified_A1_1950.rds
simplified_A1_1951.rds
simplified_A1_1952.rds
simplified_A1_1953.rds
simplified_A1_1954.rds
simplified_A1_1955.rds
simplified_A1_1956.rds
simplified_A1_1957.rds
simplified_A1_1958.rds
simplified_A1_1959.rds
simplified_A1_2015.rds
simplified_A1_2016.rds
simplified_A1_2017.rds
simplified_A1_2018.rds
simplified_A1_2019.rds
simplified_A1_2020.rds
simplified_A1_2021.rds
simplified_A1_2022.rds
simplified_A1_2023.rds
simplified_A1_2024.rds
Processing batch 1/12 (rows 1-1000)
  Calculated 1000 temperatures. Range: -5.99 to 40.54
Processing batch 2/12 (rows 1001-2000)
  Calculated 1000 temperatures. Range: -1.25 to 39.70
Processing batch 3/12 (rows 2001-3000)
  Calculated 1000 temperatures. Range: 3.70 to 49.55
Processing batch 4/12 (rows 3001-4000)
  Calculated 1000 temperatures. Range: 3.26 to 49.96
Processing batch 5/12 (rows 4001-5000)
  Calculated 1000 temperatures. Range: 6.56 to 51.13
Processing batch 6/12 (rows 5001-6000)
  Calculated 1000 temperatures. Range: 7.18 to 47.74
Processing batch 7/12 (rows 6001-7000)
  Calculated 1000 temperatures. Range: 6.70 to 49.65
Processing batch 8/12 (rows 7001-8000)
  Calculated 1000 temperatures. Range: 3.85 to 50.46
Processing batch 9/12 (rows 8001-9000)
  Calculated 1000 temperatures. Range: 3.62 to 45.35
Processing batch 10/12 (rows 9001-10000)
  Calculated 1000 temperatures. Range: 1.99 to 45.52
Processing batch 11/12 (rows 10001-11000)
  Calculated 1000 temperatures. Range: 1.74 to 50.54
Processing batch 12/12 (rows 11001-11035)
  Calculated 35 temperatures. Range: 14.73 to 46.66
Total observations: 11035, Unique timestamps: 2207
MR parameters: mass=0.29, elev=2591.0, b0=16.50, b1=0.85, b2=-0.47, b3=0.000108
Sample tb=282.29 K, log(mass)=-1.2379, 1/(kT)=41.095562, exponent=-3.5873, rmr=0.027674
Sample tb=279.34 K, log(mass)=-1.2379, 1/(kT)=41.529629, exponent=-3.7913, rmr=0.022566
Sample tb=282.03 K, log(mass)=-1.2379, 1/(kT)=41.133664, exponent=-3.6052, rmr=0.027182
Sample tb=289.59 K, log(mass)=-1.2379, 1/(kT)=40.059735, exponent=-3.1004, rmr=0.045029
Sample tb=279.08 K, log(mass)=-1.2379, 1/(kT)=41.568456, exponent=-3.8095, rmr=0.022158
MR results: 0 NA, 0 infinite, 0 negative, 0 zero
Energy calculations: 6195 non-zero gains, 11035 non-zero losses out of 11035 observations
Saved results to output/results/B1/1954/F/eb_results_MS_1954_B1_A1.rds

Processing: Species=MS, Year=1955, Origin=B1, Climate=A1, Sex=F
Looking for climate data at: /mmfs1/gscratch/biology/jmsmith/targeted_microclimate/A1/simplified_A1_1955.rds
Directory /mmfs1/gscratch/biology/jmsmith/targeted_microclimate/A1 exists. Contents:
simplified_A1_1950.rds
simplified_A1_1951.rds
simplified_A1_1952.rds
simplified_A1_1953.rds
simplified_A1_1954.rds
simplified_A1_1955.rds
simplified_A1_1956.rds
simplified_A1_1957.rds
simplified_A1_1958.rds
simplified_A1_1959.rds
simplified_A1_2015.rds
simplified_A1_2016.rds
simplified_A1_2017.rds
simplified_A1_2018.rds
simplified_A1_2019.rds
simplified_A1_2020.rds
simplified_A1_2021.rds
simplified_A1_2022.rds
simplified_A1_2023.rds
simplified_A1_2024.rds
Processing batch 1/12 (rows 1-1000)
  Calculated 1000 temperatures. Range: -5.25 to 39.89
Processing batch 2/12 (rows 1001-2000)
  Calculated 1000 temperatures. Range: -0.84 to 43.34
Processing batch 3/12 (rows 2001-3000)
  Calculated 1000 temperatures. Range: 0.90 to 44.41
Processing batch 4/12 (rows 3001-4000)
  Calculated 1000 temperatures. Range: 0.31 to 47.80
Processing batch 5/12 (rows 4001-5000)
  Calculated 1000 temperatures. Range: 1.51 to 50.34
Processing batch 6/12 (rows 5001-6000)
  Calculated 1000 temperatures. Range: 2.48 to 50.70
Processing batch 7/12 (rows 6001-7000)
  Calculated 1000 temperatures. Range: 5.71 to 44.58
Processing batch 8/12 (rows 7001-8000)
  Calculated 1000 temperatures. Range: 5.39 to 46.17
Processing batch 9/12 (rows 8001-9000)
  Calculated 1000 temperatures. Range: 4.89 to 44.91
Processing batch 10/12 (rows 9001-10000)
  Calculated 1000 temperatures. Range: 4.23 to 41.58
Processing batch 11/12 (rows 10001-11000)
  Calculated 1000 temperatures. Range: 1.36 to 50.56
Processing batch 12/12 (rows 11001-11035)
  Calculated 35 temperatures. Range: 12.60 to 40.83
Total observations: 11035, Unique timestamps: 2207
MR parameters: mass=0.29, elev=2591.0, b0=16.50, b1=0.85, b2=-0.47, b3=0.000108
Sample tb=276.11 K, log(mass)=-1.2379, 1/(kT)=42.015348, exponent=-4.0196, rmr=0.017961
Sample tb=274.44 K, log(mass)=-1.2379, 1/(kT)=42.271445, exponent=-4.1399, rmr=0.015924
Sample tb=281.44 K, log(mass)=-1.2379, 1/(kT)=41.220382, exponent=-3.6459, rmr=0.026097
Sample tb=281.56 K, log(mass)=-1.2379, 1/(kT)=41.202267, exponent=-3.6374, rmr=0.026320
Sample tb=285.19 K, log(mass)=-1.2379, 1/(kT)=40.677278, exponent=-3.3907, rmr=0.033686
MR results: 0 NA, 0 infinite, 0 negative, 0 zero
Energy calculations: 5791 non-zero gains, 11035 non-zero losses out of 11035 observations
Saved results to output/results/B1/1955/F/eb_results_MS_1955_B1_A1.rds

Processing: Species=MS, Year=1956, Origin=B1, Climate=A1, Sex=F
Looking for climate data at: /mmfs1/gscratch/biology/jmsmith/targeted_microclimate/A1/simplified_A1_1956.rds
Directory /mmfs1/gscratch/biology/jmsmith/targeted_microclimate/A1 exists. Contents:
simplified_A1_1950.rds
simplified_A1_1951.rds
simplified_A1_1952.rds
simplified_A1_1953.rds
simplified_A1_1954.rds
simplified_A1_1955.rds
simplified_A1_1956.rds
simplified_A1_1957.rds
simplified_A1_1958.rds
simplified_A1_1959.rds
simplified_A1_2015.rds
simplified_A1_2016.rds
simplified_A1_2017.rds
simplified_A1_2018.rds
simplified_A1_2019.rds
simplified_A1_2020.rds
simplified_A1_2021.rds
simplified_A1_2022.rds
simplified_A1_2023.rds
simplified_A1_2024.rds
Processing batch 1/12 (rows 1-1000)
  Calculated 1000 temperatures. Range: 0.79 to 52.75
Processing batch 2/12 (rows 1001-2000)
  Calculated 1000 temperatures. Range: 1.09 to 47.19
Processing batch 3/12 (rows 2001-3000)
  Calculated 1000 temperatures. Range: 1.29 to 44.74
Processing batch 4/12 (rows 3001-4000)
  Calculated 1000 temperatures. Range: 3.44 to 47.24
Processing batch 5/12 (rows 4001-5000)
  Calculated 1000 temperatures. Range: 2.80 to 50.09
Processing batch 6/12 (rows 5001-6000)
  Calculated 1000 temperatures. Range: 3.49 to 49.57
Processing batch 7/12 (rows 6001-7000)
  Calculated 1000 temperatures. Range: 3.55 to 43.64
Processing batch 8/12 (rows 7001-8000)
  Calculated 1000 temperatures. Range: 2.32 to 43.02
Processing batch 9/12 (rows 8001-9000)
  Calculated 1000 temperatures. Range: 2.55 to 46.04
Processing batch 10/12 (rows 9001-10000)
  Calculated 1000 temperatures. Range: 1.38 to 46.04
Processing batch 11/12 (rows 10001-11000)
  Calculated 1000 temperatures. Range: -1.90 to 45.14
Processing batch 12/12 (rows 11001-11035)
  Calculated 35 temperatures. Range: 6.50 to 31.56
Total observations: 11035, Unique timestamps: 2207
MR parameters: mass=0.29, elev=2591.0, b0=16.50, b1=0.85, b2=-0.47, b3=0.000108
Sample tb=280.38 K, log(mass)=-1.2379, 1/(kT)=41.375215, exponent=-3.7187, rmr=0.024265
Sample tb=279.78 K, log(mass)=-1.2379, 1/(kT)=41.464607, exponent=-3.7607, rmr=0.023267
Sample tb=282.72 K, log(mass)=-1.2379, 1/(kT)=41.032759, exponent=-3.5578, rmr=0.028503
Sample tb=292.76 K, log(mass)=-1.2379, 1/(kT)=39.625558, exponent=-2.8964, rmr=0.055223
Sample tb=280.72 K, log(mass)=-1.2379, 1/(kT)=41.325466, exponent=-3.6953, rmr=0.024839
MR results: 0 NA, 0 infinite, 0 negative, 0 zero
Energy calculations: 5624 non-zero gains, 11035 non-zero losses out of 11035 observations
Saved results to output/results/B1/1956/F/eb_results_MS_1956_B1_A1.rds

Processing: Species=MS, Year=1957, Origin=B1, Climate=A1, Sex=F
Looking for climate data at: /mmfs1/gscratch/biology/jmsmith/targeted_microclimate/A1/simplified_A1_1957.rds
Directory /mmfs1/gscratch/biology/jmsmith/targeted_microclimate/A1 exists. Contents:
simplified_A1_1950.rds
simplified_A1_1951.rds
simplified_A1_1952.rds
simplified_A1_1953.rds
simplified_A1_1954.rds
simplified_A1_1955.rds
simplified_A1_1956.rds
simplified_A1_1957.rds
simplified_A1_1958.rds
simplified_A1_1959.rds
simplified_A1_2015.rds
simplified_A1_2016.rds
simplified_A1_2017.rds
simplified_A1_2018.rds
simplified_A1_2019.rds
simplified_A1_2020.rds
simplified_A1_2021.rds
simplified_A1_2022.rds
simplified_A1_2023.rds
simplified_A1_2024.rds
Processing batch 1/12 (rows 1-1000)
  Calculated 1000 temperatures. Range: -0.43 to 45.06
Processing batch 2/12 (rows 1001-2000)
  Calculated 1000 temperatures. Range: -1.39 to 50.11
Processing batch 3/12 (rows 2001-3000)
  Calculated 1000 temperatures. Range: -2.63 to 42.06
Processing batch 4/12 (rows 3001-4000)
  Calculated 1000 temperatures. Range: 3.34 to 44.35
Processing batch 5/12 (rows 4001-5000)
  Calculated 1000 temperatures. Range: 1.89 to 52.97
Processing batch 6/12 (rows 5001-6000)
  Calculated 1000 temperatures. Range: 6.02 to 47.72
Processing batch 7/12 (rows 6001-7000)
  Calculated 1000 temperatures. Range: 5.14 to 43.22
Processing batch 8/12 (rows 7001-8000)
  Calculated 1000 temperatures. Range: 6.67 to 50.89
Processing batch 9/12 (rows 8001-9000)
  Calculated 1000 temperatures. Range: 4.88 to 49.36
Processing batch 10/12 (rows 9001-10000)
  Calculated 1000 temperatures. Range: 3.70 to 43.14
Processing batch 11/12 (rows 10001-11000)
  Calculated 1000 temperatures. Range: 3.58 to 46.72
Processing batch 12/12 (rows 11001-11035)
  Calculated 35 temperatures. Range: 10.50 to 37.34
Total observations: 11035, Unique timestamps: 2207
MR parameters: mass=0.29, elev=2591.0, b0=16.50, b1=0.85, b2=-0.47, b3=0.000108
Sample tb=277.77 K, log(mass)=-1.2379, 1/(kT)=41.764261, exponent=-3.9016, rmr=0.020210
Sample tb=273.24 K, log(mass)=-1.2379, 1/(kT)=42.456151, exponent=-4.2268, rmr=0.014600
Sample tb=291.92 K, log(mass)=-1.2379, 1/(kT)=39.739469, exponent=-2.9499, rmr=0.052344
Sample tb=287.42 K, log(mass)=-1.2379, 1/(kT)=40.361992, exponent=-3.2425, rmr=0.039066
Sample tb=293.59 K, log(mass)=-1.2379, 1/(kT)=39.514546, exponent=-2.8442, rmr=0.058181
MR results: 0 NA, 0 infinite, 0 negative, 0 zero
Energy calculations: 5718 non-zero gains, 11035 non-zero losses out of 11035 observations
Saved results to output/results/B1/1957/F/eb_results_MS_1957_B1_A1.rds

Processing: Species=MS, Year=1958, Origin=B1, Climate=A1, Sex=F
Looking for climate data at: /mmfs1/gscratch/biology/jmsmith/targeted_microclimate/A1/simplified_A1_1958.rds
Directory /mmfs1/gscratch/biology/jmsmith/targeted_microclimate/A1 exists. Contents:
simplified_A1_1950.rds
simplified_A1_1951.rds
simplified_A1_1952.rds
simplified_A1_1953.rds
simplified_A1_1954.rds
simplified_A1_1955.rds
simplified_A1_1956.rds
simplified_A1_1957.rds
simplified_A1_1958.rds
simplified_A1_1959.rds
simplified_A1_2015.rds
simplified_A1_2016.rds
simplified_A1_2017.rds
simplified_A1_2018.rds
simplified_A1_2019.rds
simplified_A1_2020.rds
simplified_A1_2021.rds
simplified_A1_2022.rds
simplified_A1_2023.rds
simplified_A1_2024.rds
Processing batch 1/12 (rows 1-1000)
  Calculated 1000 temperatures. Range: 0.69 to 43.99
Processing batch 2/12 (rows 1001-2000)
  Calculated 1000 temperatures. Range: 0.13 to 40.20
Processing batch 3/12 (rows 2001-3000)
  Calculated 1000 temperatures. Range: 2.46 to 43.43
Processing batch 4/12 (rows 3001-4000)
  Calculated 1000 temperatures. Range: 1.34 to 49.85
Processing batch 5/12 (rows 4001-5000)
  Calculated 1000 temperatures. Range: 2.10 to 45.13
Processing batch 6/12 (rows 5001-6000)
  Calculated 1000 temperatures. Range: 2.64 to 46.68
Processing batch 7/12 (rows 6001-7000)
  Calculated 1000 temperatures. Range: 2.83 to 43.98
Processing batch 8/12 (rows 7001-8000)
  Calculated 1000 temperatures. Range: 3.85 to 51.15
Processing batch 9/12 (rows 8001-9000)
  Calculated 1000 temperatures. Range: 4.37 to 46.42
Processing batch 10/12 (rows 9001-10000)
  Calculated 1000 temperatures. Range: 5.86 to 48.20
Processing batch 11/12 (rows 10001-11000)
  Calculated 1000 temperatures. Range: 2.26 to 43.53
Processing batch 12/12 (rows 11001-11035)
  Calculated 35 temperatures. Range: 12.24 to 41.45
Total observations: 11035, Unique timestamps: 2207
MR parameters: mass=0.29, elev=2591.0, b0=16.50, b1=0.85, b2=-0.47, b3=0.000108
Sample tb=283.10 K, log(mass)=-1.2379, 1/(kT)=40.978201, exponent=-3.5321, rmr=0.029243
Sample tb=283.94 K, log(mass)=-1.2379, 1/(kT)=40.856995, exponent=-3.4752, rmr=0.030957
Sample tb=282.12 K, log(mass)=-1.2379, 1/(kT)=41.119873, exponent=-3.5987, rmr=0.027359
Sample tb=297.80 K, log(mass)=-1.2379, 1/(kT)=38.955640, exponent=-2.5815, rmr=0.075659
Sample tb=289.82 K, log(mass)=-1.2379, 1/(kT)=40.027856, exponent=-3.0855, rmr=0.045709
MR results: 0 NA, 0 infinite, 0 negative, 0 zero
Energy calculations: 5622 non-zero gains, 11035 non-zero losses out of 11035 observations
Saved results to output/results/B1/1958/F/eb_results_MS_1958_B1_A1.rds

Processing: Species=MS, Year=1959, Origin=B1, Climate=A1, Sex=F
Looking for climate data at: /mmfs1/gscratch/biology/jmsmith/targeted_microclimate/A1/simplified_A1_1959.rds
Directory /mmfs1/gscratch/biology/jmsmith/targeted_microclimate/A1 exists. Contents:
simplified_A1_1950.rds
simplified_A1_1951.rds
simplified_A1_1952.rds
simplified_A1_1953.rds
simplified_A1_1954.rds
simplified_A1_1955.rds
simplified_A1_1956.rds
simplified_A1_1957.rds
simplified_A1_1958.rds
simplified_A1_1959.rds
simplified_A1_2015.rds
simplified_A1_2016.rds
simplified_A1_2017.rds
simplified_A1_2018.rds
simplified_A1_2019.rds
simplified_A1_2020.rds
simplified_A1_2021.rds
simplified_A1_2022.rds
simplified_A1_2023.rds
simplified_A1_2024.rds
Processing batch 1/12 (rows 1-1000)
  Calculated 1000 temperatures. Range: -4.81 to 45.56
Processing batch 2/12 (rows 1001-2000)
  Calculated 1000 temperatures. Range: 2.44 to 47.41
Processing batch 3/12 (rows 2001-3000)
  Calculated 1000 temperatures. Range: 4.31 to 45.51
Processing batch 4/12 (rows 3001-4000)
  Calculated 1000 temperatures. Range: 1.46 to 43.51
Processing batch 5/12 (rows 4001-5000)
  Calculated 1000 temperatures. Range: 0.88 to 44.25
Processing batch 6/12 (rows 5001-6000)
  Calculated 1000 temperatures. Range: 4.41 to 50.29
Processing batch 7/12 (rows 6001-7000)
  Calculated 1000 temperatures. Range: 4.03 to 50.14
Processing batch 8/12 (rows 7001-8000)
  Calculated 1000 temperatures. Range: 5.13 to 45.45
Processing batch 9/12 (rows 8001-9000)
  Calculated 1000 temperatures. Range: 4.78 to 51.41
Processing batch 10/12 (rows 9001-10000)
  Calculated 1000 temperatures. Range: 3.92 to 49.01
Processing batch 11/12 (rows 10001-11000)
  Calculated 1000 temperatures. Range: 2.46 to 41.23
Processing batch 12/12 (rows 11001-11035)
  Calculated 35 temperatures. Range: 12.51 to 41.46
Total observations: 11035, Unique timestamps: 2207
MR parameters: mass=0.29, elev=2591.0, b0=16.50, b1=0.85, b2=-0.47, b3=0.000108
Sample tb=288.75 K, log(mass)=-1.2379, 1/(kT)=40.177027, exponent=-3.1556, rmr=0.042614
Sample tb=282.24 K, log(mass)=-1.2379, 1/(kT)=41.103414, exponent=-3.5910, rmr=0.027572
Sample tb=298.61 K, log(mass)=-1.2379, 1/(kT)=38.849949, exponent=-2.5318, rmr=0.079512
Sample tb=280.64 K, log(mass)=-1.2379, 1/(kT)=41.337356, exponent=-3.7009, rmr=0.024701
Sample tb=275.56 K, log(mass)=-1.2379, 1/(kT)=42.100053, exponent=-4.0594, rmr=0.017260
MR results: 0 NA, 0 infinite, 0 negative, 0 zero
Energy calculations: 5803 non-zero gains, 11035 non-zero losses out of 11035 observations
Saved results to output/results/B1/1959/F/eb_results_MS_1959_B1_A1.rds

All years processed.
