Arguments received:
Species: MB
Years: 1950, 1951, 1952, 1953, 1954, 1955, 1956, 1957, 1958, 1959
Origin site: D1
Climate site: C1
Sex: M
Output directory: output/results/D1
Library paths:
[1] "/gscratch/biology/jmsmith/R"                          
[2] "/mmfs1/home/smithju/R/x86_64-pc-linux-gnu-library/4.4"
[3] "/usr/local/lib/R/site-library"                        
[4] "/usr/local/lib/R/library"                             
Package tidyverse loaded successfully
Package TrenchR loaded successfully
Package rTPC loaded successfully
Package lubridate loaded successfully

Processing: Species=MB, Year=1950, Origin=D1, Climate=C1, Sex=M
Looking for climate data at: /mmfs1/gscratch/biology/jmsmith/targeted_microclimate/C1/simplified_C1_1950.rds
Directory /mmfs1/gscratch/biology/jmsmith/targeted_microclimate/C1 exists. Contents:
simplified_C1_1950.rds
simplified_C1_1951.rds
simplified_C1_1952.rds
simplified_C1_1953.rds
simplified_C1_1954.rds
simplified_C1_1955.rds
simplified_C1_1956.rds
simplified_C1_1957.rds
simplified_C1_1958.rds
simplified_C1_1959.rds
simplified_C1_2015.rds
simplified_C1_2016.rds
simplified_C1_2017.rds
simplified_C1_2018.rds
simplified_C1_2019.rds
simplified_C1_2020.rds
simplified_C1_2021.rds
simplified_C1_2022.rds
simplified_C1_2023.rds
simplified_C1_2024.rds
Processing batch 1/12 (rows 1-1000)
  Calculated 1000 temperatures. Range: -11.54 to 53.24
Processing batch 2/12 (rows 1001-2000)
  Calculated 1000 temperatures. Range: -9.12 to 33.65
Processing batch 3/12 (rows 2001-3000)
  Calculated 1000 temperatures. Range: -3.86 to 47.58
Processing batch 4/12 (rows 3001-4000)
  Calculated 1000 temperatures. Range: -4.05 to 51.34
Processing batch 5/12 (rows 4001-5000)
  Calculated 1000 temperatures. Range: 0.13 to 51.51
Processing batch 6/12 (rows 5001-6000)
  Calculated 1000 temperatures. Range: -1.00 to 50.16
Processing batch 7/12 (rows 6001-7000)
  Calculated 1000 temperatures. Range: -0.47 to 47.37
Processing batch 8/12 (rows 7001-8000)
  Calculated 1000 temperatures. Range: -1.09 to 42.96
Processing batch 9/12 (rows 8001-9000)
  Calculated 1000 temperatures. Range: -1.17 to 50.53
Processing batch 10/12 (rows 9001-10000)
  Calculated 1000 temperatures. Range: -1.78 to 44.13
Processing batch 11/12 (rows 10001-11000)
  Calculated 1000 temperatures. Range: -5.37 to 46.44
Processing batch 12/12 (rows 11001-11035)
  Calculated 35 temperatures. Range: 9.96 to 39.65
Total observations: 11035, Unique timestamps: 2207
MR parameters: mass=0.22, elev=3300.0, b0=17.10, b1=0.98, b2=-0.48, b3=0.000124
Sample tb=297.52 K, log(mass)=-1.5141, 1/(kT)=38.992008, exponent=-2.6908, rmr=0.067826
Sample tb=276.46 K, log(mass)=-1.5141, 1/(kT)=41.963145, exponent=-4.1170, rmr=0.016294
Sample tb=276.00 K, log(mass)=-1.5141, 1/(kT)=42.032507, exponent=-4.1502, rmr=0.015760
Sample tb=276.02 K, log(mass)=-1.5141, 1/(kT)=42.028622, exponent=-4.1484, rmr=0.015790
Sample tb=281.11 K, log(mass)=-1.5141, 1/(kT)=41.268921, exponent=-3.7837, rmr=0.022738
MR results: 0 NA, 0 infinite, 0 negative, 0 zero
Energy calculations: 3844 non-zero gains, 11035 non-zero losses out of 11035 observations
Saved results to output/results/D1/1950/M/eb_results_MB_1950_D1_C1.rds

Processing: Species=MB, Year=1951, Origin=D1, Climate=C1, Sex=M
Looking for climate data at: /mmfs1/gscratch/biology/jmsmith/targeted_microclimate/C1/simplified_C1_1951.rds
Directory /mmfs1/gscratch/biology/jmsmith/targeted_microclimate/C1 exists. Contents:
simplified_C1_1950.rds
simplified_C1_1951.rds
simplified_C1_1952.rds
simplified_C1_1953.rds
simplified_C1_1954.rds
simplified_C1_1955.rds
simplified_C1_1956.rds
simplified_C1_1957.rds
simplified_C1_1958.rds
simplified_C1_1959.rds
simplified_C1_2015.rds
simplified_C1_2016.rds
simplified_C1_2017.rds
simplified_C1_2018.rds
simplified_C1_2019.rds
simplified_C1_2020.rds
simplified_C1_2021.rds
simplified_C1_2022.rds
simplified_C1_2023.rds
simplified_C1_2024.rds
Processing batch 1/12 (rows 1-1000)
  Calculated 1000 temperatures. Range: -11.03 to 18.05
Processing batch 2/12 (rows 1001-2000)
  Calculated 1000 temperatures. Range: -7.09 to 20.28
Processing batch 3/12 (rows 2001-3000)
  Calculated 1000 temperatures. Range: -6.36 to 20.25
Processing batch 4/12 (rows 3001-4000)
  Calculated 1000 temperatures. Range: -5.09 to 34.62
Processing batch 5/12 (rows 4001-5000)
  Calculated 1000 temperatures. Range: -4.25 to 52.03
Processing batch 6/12 (rows 5001-6000)
  Calculated 1000 temperatures. Range: 0.30 to 54.61
Processing batch 7/12 (rows 6001-7000)
  Calculated 1000 temperatures. Range: 0.48 to 47.21
Processing batch 8/12 (rows 7001-8000)
  Calculated 1000 temperatures. Range: 4.14 to 51.89
Processing batch 9/12 (rows 8001-9000)
  Calculated 1000 temperatures. Range: -0.80 to 48.74
Processing batch 10/12 (rows 9001-10000)
  Calculated 1000 temperatures. Range: -1.12 to 46.10
Processing batch 11/12 (rows 10001-11000)
  Calculated 1000 temperatures. Range: -1.20 to 42.99
Processing batch 12/12 (rows 11001-11035)
  Calculated 35 temperatures. Range: 8.07 to 39.47
Total observations: 11035, Unique timestamps: 2207
MR parameters: mass=0.22, elev=3300.0, b0=17.10, b1=0.98, b2=-0.48, b3=0.000124
Sample tb=275.75 K, log(mass)=-1.5141, 1/(kT)=42.071186, exponent=-4.1688, rmr=0.015471
Sample tb=293.88 K, log(mass)=-1.5141, 1/(kT)=39.474529, exponent=-2.9224, rmr=0.053803
Sample tb=295.97 K, log(mass)=-1.5141, 1/(kT)=39.195639, exponent=-2.7886, rmr=0.061510
Sample tb=276.34 K, log(mass)=-1.5141, 1/(kT)=41.980680, exponent=-4.1254, rmr=0.016157
Sample tb=275.29 K, log(mass)=-1.5141, 1/(kT)=42.141272, exponent=-4.2025, rmr=0.014959
MR results: 0 NA, 0 infinite, 0 negative, 0 zero
Energy calculations: 3618 non-zero gains, 11035 non-zero losses out of 11035 observations
Saved results to output/results/D1/1951/M/eb_results_MB_1951_D1_C1.rds

Processing: Species=MB, Year=1952, Origin=D1, Climate=C1, Sex=M
Looking for climate data at: /mmfs1/gscratch/biology/jmsmith/targeted_microclimate/C1/simplified_C1_1952.rds
Directory /mmfs1/gscratch/biology/jmsmith/targeted_microclimate/C1 exists. Contents:
simplified_C1_1950.rds
simplified_C1_1951.rds
simplified_C1_1952.rds
simplified_C1_1953.rds
simplified_C1_1954.rds
simplified_C1_1955.rds
simplified_C1_1956.rds
simplified_C1_1957.rds
simplified_C1_1958.rds
simplified_C1_1959.rds
simplified_C1_2015.rds
simplified_C1_2016.rds
simplified_C1_2017.rds
simplified_C1_2018.rds
simplified_C1_2019.rds
simplified_C1_2020.rds
simplified_C1_2021.rds
simplified_C1_2022.rds
simplified_C1_2023.rds
simplified_C1_2024.rds
Processing batch 1/12 (rows 1-1000)
  Calculated 1000 temperatures. Range: -5.02 to 50.69
Processing batch 2/12 (rows 1001-2000)
  Calculated 1000 temperatures. Range: -7.40 to 60.00
Processing batch 3/12 (rows 2001-3000)
  Calculated 1000 temperatures. Range: -2.82 to 60.00
Processing batch 4/12 (rows 3001-4000)
  Calculated 1000 temperatures. Range: -1.97 to 51.90
Processing batch 5/12 (rows 4001-5000)
  Calculated 1000 temperatures. Range: -1.67 to 46.96
Processing batch 6/12 (rows 5001-6000)
  Calculated 1000 temperatures. Range: -0.46 to 48.97
Processing batch 7/12 (rows 6001-7000)
  Calculated 1000 temperatures. Range: -0.40 to 49.41
Processing batch 8/12 (rows 7001-8000)
  Calculated 1000 temperatures. Range: 1.80 to 50.85
Processing batch 9/12 (rows 8001-9000)
  Calculated 1000 temperatures. Range: 0.97 to 50.77
Processing batch 10/12 (rows 9001-10000)
  Calculated 1000 temperatures. Range: 0.34 to 46.55
Processing batch 11/12 (rows 10001-11000)
  Calculated 1000 temperatures. Range: -4.07 to 43.06
Processing batch 12/12 (rows 11001-11035)
  Calculated 35 temperatures. Range: 7.01 to 30.43
Total observations: 11035, Unique timestamps: 2207
MR parameters: mass=0.22, elev=3300.0, b0=17.10, b1=0.98, b2=-0.48, b3=0.000124
Sample tb=285.96 K, log(mass)=-1.5141, 1/(kT)=40.568585, exponent=-3.4476, rmr=0.031823
Sample tb=283.44 K, log(mass)=-1.5141, 1/(kT)=40.929424, exponent=-3.6208, rmr=0.026762
Sample tb=279.04 K, log(mass)=-1.5141, 1/(kT)=41.573694, exponent=-3.9300, rmr=0.019643
Sample tb=282.04 K, log(mass)=-1.5141, 1/(kT)=41.132414, exponent=-3.7182, rmr=0.024278
Sample tb=300.94 K, log(mass)=-1.5141, 1/(kT)=38.549362, exponent=-2.4783, rmr=0.083882
MR results: 0 NA, 0 infinite, 0 negative, 0 zero
Energy calculations: 4613 non-zero gains, 11035 non-zero losses out of 11035 observations
Saved results to output/results/D1/1952/M/eb_results_MB_1952_D1_C1.rds

Processing: Species=MB, Year=1953, Origin=D1, Climate=C1, Sex=M
Looking for climate data at: /mmfs1/gscratch/biology/jmsmith/targeted_microclimate/C1/simplified_C1_1953.rds
Directory /mmfs1/gscratch/biology/jmsmith/targeted_microclimate/C1 exists. Contents:
simplified_C1_1950.rds
simplified_C1_1951.rds
simplified_C1_1952.rds
simplified_C1_1953.rds
simplified_C1_1954.rds
simplified_C1_1955.rds
simplified_C1_1956.rds
simplified_C1_1957.rds
simplified_C1_1958.rds
simplified_C1_1959.rds
simplified_C1_2015.rds
simplified_C1_2016.rds
simplified_C1_2017.rds
simplified_C1_2018.rds
simplified_C1_2019.rds
simplified_C1_2020.rds
simplified_C1_2021.rds
simplified_C1_2022.rds
simplified_C1_2023.rds
simplified_C1_2024.rds
Processing batch 1/12 (rows 1-1000)
  Calculated 1000 temperatures. Range: -7.86 to 39.98
Processing batch 2/12 (rows 1001-2000)
  Calculated 1000 temperatures. Range: -6.77 to 42.44
Processing batch 3/12 (rows 2001-3000)
  Calculated 1000 temperatures. Range: -5.34 to 51.78
Processing batch 4/12 (rows 3001-4000)
  Calculated 1000 temperatures. Range: -2.04 to 55.95
Processing batch 5/12 (rows 4001-5000)
  Calculated 1000 temperatures. Range: -0.13 to 48.70
Processing batch 6/12 (rows 5001-6000)
  Calculated 1000 temperatures. Range: -0.47 to 42.73
Processing batch 7/12 (rows 6001-7000)
  Calculated 1000 temperatures. Range: 0.19 to 53.39
Processing batch 8/12 (rows 7001-8000)
  Calculated 1000 temperatures. Range: -0.77 to 46.78
Processing batch 9/12 (rows 8001-9000)
  Calculated 1000 temperatures. Range: -0.63 to 53.77
Processing batch 10/12 (rows 9001-10000)
  Calculated 1000 temperatures. Range: -2.11 to 43.84
Processing batch 11/12 (rows 10001-11000)
  Calculated 1000 temperatures. Range: -1.85 to 48.39
Processing batch 12/12 (rows 11001-11035)
  Calculated 35 temperatures. Range: 10.14 to 31.39
Total observations: 11035, Unique timestamps: 2207
MR parameters: mass=0.22, elev=3300.0, b0=17.10, b1=0.98, b2=-0.48, b3=0.000124
Sample tb=276.36 K, log(mass)=-1.5141, 1/(kT)=41.978228, exponent=-4.1242, rmr=0.016177
Sample tb=274.87 K, log(mass)=-1.5141, 1/(kT)=42.205074, exponent=-4.2331, rmr=0.014508
Sample tb=274.54 K, log(mass)=-1.5141, 1/(kT)=42.256328, exponent=-4.2577, rmr=0.014155
Sample tb=283.84 K, log(mass)=-1.5141, 1/(kT)=40.871045, exponent=-3.5927, rmr=0.027523
Sample tb=301.65 K, log(mass)=-1.5141, 1/(kT)=38.458231, exponent=-2.4346, rmr=0.087633
MR results: 0 NA, 0 infinite, 0 negative, 0 zero
Energy calculations: 4456 non-zero gains, 11035 non-zero losses out of 11035 observations
Saved results to output/results/D1/1953/M/eb_results_MB_1953_D1_C1.rds

Processing: Species=MB, Year=1954, Origin=D1, Climate=C1, Sex=M
Looking for climate data at: /mmfs1/gscratch/biology/jmsmith/targeted_microclimate/C1/simplified_C1_1954.rds
Directory /mmfs1/gscratch/biology/jmsmith/targeted_microclimate/C1 exists. Contents:
simplified_C1_1950.rds
simplified_C1_1951.rds
simplified_C1_1952.rds
simplified_C1_1953.rds
simplified_C1_1954.rds
simplified_C1_1955.rds
simplified_C1_1956.rds
simplified_C1_1957.rds
simplified_C1_1958.rds
simplified_C1_1959.rds
simplified_C1_2015.rds
simplified_C1_2016.rds
simplified_C1_2017.rds
simplified_C1_2018.rds
simplified_C1_2019.rds
simplified_C1_2020.rds
simplified_C1_2021.rds
simplified_C1_2022.rds
simplified_C1_2023.rds
simplified_C1_2024.rds
Processing batch 1/12 (rows 1-1000)
  Calculated 1000 temperatures. Range: -9.59 to 45.78
Processing batch 2/12 (rows 1001-2000)
  Calculated 1000 temperatures. Range: -6.31 to 41.92
Processing batch 3/12 (rows 2001-3000)
  Calculated 1000 temperatures. Range: -0.84 to 51.07
Processing batch 4/12 (rows 3001-4000)
  Calculated 1000 temperatures. Range: -0.79 to 54.57
Processing batch 5/12 (rows 4001-5000)
  Calculated 1000 temperatures. Range: 2.96 to 49.99
Processing batch 6/12 (rows 5001-6000)
  Calculated 1000 temperatures. Range: 3.78 to 53.77
Processing batch 7/12 (rows 6001-7000)
  Calculated 1000 temperatures. Range: 2.64 to 56.01
Processing batch 8/12 (rows 7001-8000)
  Calculated 1000 temperatures. Range: 0.08 to 51.80
Processing batch 9/12 (rows 8001-9000)
  Calculated 1000 temperatures. Range: 0.04 to 51.36
Processing batch 10/12 (rows 9001-10000)
  Calculated 1000 temperatures. Range: -2.44 to 41.56
Processing batch 11/12 (rows 10001-11000)
  Calculated 1000 temperatures. Range: -2.55 to 49.06
Processing batch 12/12 (rows 11001-11035)
  Calculated 35 temperatures. Range: 11.23 to 47.00
Total observations: 11035, Unique timestamps: 2207
MR parameters: mass=0.22, elev=3300.0, b0=17.10, b1=0.98, b2=-0.48, b3=0.000124
Sample tb=280.34 K, log(mass)=-1.5141, 1/(kT)=41.380997, exponent=-3.8375, rmr=0.021547
Sample tb=307.29 K, log(mass)=-1.5141, 1/(kT)=37.752443, exponent=-2.0958, rmr=0.122970
Sample tb=280.72 K, log(mass)=-1.5141, 1/(kT)=41.324961, exponent=-3.8106, rmr=0.022134
Sample tb=280.13 K, log(mass)=-1.5141, 1/(kT)=41.412448, exponent=-3.8526, rmr=0.021224
Sample tb=283.89 K, log(mass)=-1.5141, 1/(kT)=40.863613, exponent=-3.5892, rmr=0.027621
MR results: 0 NA, 0 infinite, 0 negative, 0 zero
Energy calculations: 4773 non-zero gains, 11035 non-zero losses out of 11035 observations
Saved results to output/results/D1/1954/M/eb_results_MB_1954_D1_C1.rds

Processing: Species=MB, Year=1955, Origin=D1, Climate=C1, Sex=M
Looking for climate data at: /mmfs1/gscratch/biology/jmsmith/targeted_microclimate/C1/simplified_C1_1955.rds
Directory /mmfs1/gscratch/biology/jmsmith/targeted_microclimate/C1 exists. Contents:
simplified_C1_1950.rds
simplified_C1_1951.rds
simplified_C1_1952.rds
simplified_C1_1953.rds
simplified_C1_1954.rds
simplified_C1_1955.rds
simplified_C1_1956.rds
simplified_C1_1957.rds
simplified_C1_1958.rds
simplified_C1_1959.rds
simplified_C1_2015.rds
simplified_C1_2016.rds
simplified_C1_2017.rds
simplified_C1_2018.rds
simplified_C1_2019.rds
simplified_C1_2020.rds
simplified_C1_2021.rds
simplified_C1_2022.rds
simplified_C1_2023.rds
simplified_C1_2024.rds
Processing batch 1/12 (rows 1-1000)
  Calculated 1000 temperatures. Range: -8.52 to 45.90
Processing batch 2/12 (rows 1001-2000)
  Calculated 1000 temperatures. Range: -6.72 to 17.74
Processing batch 3/12 (rows 2001-3000)
  Calculated 1000 temperatures. Range: -6.37 to 38.25
Processing batch 4/12 (rows 3001-4000)
  Calculated 1000 temperatures. Range: -4.86 to 49.98
Processing batch 5/12 (rows 4001-5000)
  Calculated 1000 temperatures. Range: -2.62 to 46.11
Processing batch 6/12 (rows 5001-6000)
  Calculated 1000 temperatures. Range: -1.68 to 52.89
Processing batch 7/12 (rows 6001-7000)
  Calculated 1000 temperatures. Range: 2.32 to 45.11
Processing batch 8/12 (rows 7001-8000)
  Calculated 1000 temperatures. Range: 0.80 to 46.68
Processing batch 9/12 (rows 8001-9000)
  Calculated 1000 temperatures. Range: 0.67 to 47.89
Processing batch 10/12 (rows 9001-10000)
  Calculated 1000 temperatures. Range: -0.47 to 45.56
Processing batch 11/12 (rows 10001-11000)
  Calculated 1000 temperatures. Range: -2.56 to 45.45
Processing batch 12/12 (rows 11001-11035)
  Calculated 35 temperatures. Range: 9.55 to 42.94
Total observations: 11035, Unique timestamps: 2207
MR parameters: mass=0.22, elev=3300.0, b0=17.10, b1=0.98, b2=-0.48, b3=0.000124
Sample tb=291.12 K, log(mass)=-1.5141, 1/(kT)=39.849921, exponent=-3.1026, rmr=0.044932
Sample tb=275.86 K, log(mass)=-1.5141, 1/(kT)=42.053795, exponent=-4.1605, rmr=0.015600
Sample tb=276.46 K, log(mass)=-1.5141, 1/(kT)=41.962255, exponent=-4.1165, rmr=0.016301
Sample tb=272.32 K, log(mass)=-1.5141, 1/(kT)=42.600081, exponent=-4.4227, rmr=0.012002
Sample tb=280.07 K, log(mass)=-1.5141, 1/(kT)=41.421911, exponent=-3.8572, rmr=0.021128
MR results: 0 NA, 0 infinite, 0 negative, 0 zero
Energy calculations: 4167 non-zero gains, 11035 non-zero losses out of 11035 observations
Saved results to output/results/D1/1955/M/eb_results_MB_1955_D1_C1.rds

Processing: Species=MB, Year=1956, Origin=D1, Climate=C1, Sex=M
Looking for climate data at: /mmfs1/gscratch/biology/jmsmith/targeted_microclimate/C1/simplified_C1_1956.rds
Directory /mmfs1/gscratch/biology/jmsmith/targeted_microclimate/C1 exists. Contents:
simplified_C1_1950.rds
simplified_C1_1951.rds
simplified_C1_1952.rds
simplified_C1_1953.rds
simplified_C1_1954.rds
simplified_C1_1955.rds
simplified_C1_1956.rds
simplified_C1_1957.rds
simplified_C1_1958.rds
simplified_C1_1959.rds
simplified_C1_2015.rds
simplified_C1_2016.rds
simplified_C1_2017.rds
simplified_C1_2018.rds
simplified_C1_2019.rds
simplified_C1_2020.rds
simplified_C1_2021.rds
simplified_C1_2022.rds
simplified_C1_2023.rds
simplified_C1_2024.rds
Processing batch 1/12 (rows 1-1000)
  Calculated 1000 temperatures. Range: -4.03 to 57.15
Processing batch 2/12 (rows 1001-2000)
  Calculated 1000 temperatures. Range: -3.73 to 44.95
Processing batch 3/12 (rows 2001-3000)
  Calculated 1000 temperatures. Range: -2.94 to 48.94
Processing batch 4/12 (rows 3001-4000)
  Calculated 1000 temperatures. Range: -0.53 to 51.46
Processing batch 5/12 (rows 4001-5000)
  Calculated 1000 temperatures. Range: -1.38 to 50.61
Processing batch 6/12 (rows 5001-6000)
  Calculated 1000 temperatures. Range: -0.35 to 52.96
Processing batch 7/12 (rows 6001-7000)
  Calculated 1000 temperatures. Range: -0.74 to 42.22
Processing batch 8/12 (rows 7001-8000)
  Calculated 1000 temperatures. Range: -1.42 to 45.28
Processing batch 9/12 (rows 8001-9000)
  Calculated 1000 temperatures. Range: -1.41 to 48.12
Processing batch 10/12 (rows 9001-10000)
  Calculated 1000 temperatures. Range: -2.28 to 45.16
Processing batch 11/12 (rows 10001-11000)
  Calculated 1000 temperatures. Range: -6.10 to 45.98
Processing batch 12/12 (rows 11001-11035)
  Calculated 35 temperatures. Range: 3.71 to 36.40
Total observations: 11035, Unique timestamps: 2207
MR parameters: mass=0.22, elev=3300.0, b0=17.10, b1=0.98, b2=-0.48, b3=0.000124
Sample tb=286.43 K, log(mass)=-1.5141, 1/(kT)=40.501585, exponent=-3.4154, rmr=0.032863
Sample tb=296.58 K, log(mass)=-1.5141, 1/(kT)=39.116039, exponent=-2.7503, rmr=0.063906
Sample tb=280.11 K, log(mass)=-1.5141, 1/(kT)=41.414892, exponent=-3.8538, rmr=0.021199
Sample tb=278.58 K, log(mass)=-1.5141, 1/(kT)=41.643793, exponent=-3.9637, rmr=0.018993
Sample tb=292.75 K, log(mass)=-1.5141, 1/(kT)=39.627875, exponent=-2.9960, rmr=0.049985
MR results: 0 NA, 0 infinite, 0 negative, 0 zero
Energy calculations: 4500 non-zero gains, 11035 non-zero losses out of 11035 observations
Saved results to output/results/D1/1956/M/eb_results_MB_1956_D1_C1.rds

Processing: Species=MB, Year=1957, Origin=D1, Climate=C1, Sex=M
Looking for climate data at: /mmfs1/gscratch/biology/jmsmith/targeted_microclimate/C1/simplified_C1_1957.rds
Directory /mmfs1/gscratch/biology/jmsmith/targeted_microclimate/C1 exists. Contents:
simplified_C1_1950.rds
simplified_C1_1951.rds
simplified_C1_1952.rds
simplified_C1_1953.rds
simplified_C1_1954.rds
simplified_C1_1955.rds
simplified_C1_1956.rds
simplified_C1_1957.rds
simplified_C1_1958.rds
simplified_C1_1959.rds
simplified_C1_2015.rds
simplified_C1_2016.rds
simplified_C1_2017.rds
simplified_C1_2018.rds
simplified_C1_2019.rds
simplified_C1_2020.rds
simplified_C1_2021.rds
simplified_C1_2022.rds
simplified_C1_2023.rds
simplified_C1_2024.rds
Processing batch 1/12 (rows 1-1000)
  Calculated 1000 temperatures. Range: -6.66 to 35.18
Processing batch 2/12 (rows 1001-2000)
  Calculated 1000 temperatures. Range: -7.49 to 33.31
Processing batch 3/12 (rows 2001-3000)
  Calculated 1000 temperatures. Range: -8.30 to 46.60
Processing batch 4/12 (rows 3001-4000)
  Calculated 1000 temperatures. Range: -1.49 to 45.17
Processing batch 5/12 (rows 4001-5000)
  Calculated 1000 temperatures. Range: -3.09 to 53.69
Processing batch 6/12 (rows 5001-6000)
  Calculated 1000 temperatures. Range: 2.34 to 50.83
Processing batch 7/12 (rows 6001-7000)
  Calculated 1000 temperatures. Range: 2.09 to 42.95
Processing batch 8/12 (rows 7001-8000)
  Calculated 1000 temperatures. Range: 3.03 to 49.98
Processing batch 9/12 (rows 8001-9000)
  Calculated 1000 temperatures. Range: 0.60 to 49.35
Processing batch 10/12 (rows 9001-10000)
  Calculated 1000 temperatures. Range: -0.11 to 47.57
Processing batch 11/12 (rows 10001-11000)
  Calculated 1000 temperatures. Range: -0.56 to 50.18
Processing batch 12/12 (rows 11001-11035)
  Calculated 35 temperatures. Range: 7.59 to 42.38
Total observations: 11035, Unique timestamps: 2207
MR parameters: mass=0.22, elev=3300.0, b0=17.10, b1=0.98, b2=-0.48, b3=0.000124
Sample tb=278.34 K, log(mass)=-1.5141, 1/(kT)=41.678944, exponent=-3.9805, rmr=0.018676
Sample tb=279.29 K, log(mass)=-1.5141, 1/(kT)=41.537063, exponent=-3.9124, rmr=0.019992
Sample tb=278.14 K, log(mass)=-1.5141, 1/(kT)=41.708664, exponent=-3.9948, rmr=0.018411
Sample tb=285.59 K, log(mass)=-1.5141, 1/(kT)=40.621178, exponent=-3.4728, rmr=0.031030
Sample tb=276.32 K, log(mass)=-1.5141, 1/(kT)=41.983503, exponent=-4.1267, rmr=0.016136
MR results: 0 NA, 0 infinite, 0 negative, 0 zero
Energy calculations: 3991 non-zero gains, 11035 non-zero losses out of 11035 observations
Saved results to output/results/D1/1957/M/eb_results_MB_1957_D1_C1.rds

Processing: Species=MB, Year=1958, Origin=D1, Climate=C1, Sex=M
Looking for climate data at: /mmfs1/gscratch/biology/jmsmith/targeted_microclimate/C1/simplified_C1_1958.rds
Directory /mmfs1/gscratch/biology/jmsmith/targeted_microclimate/C1 exists. Contents:
simplified_C1_1950.rds
simplified_C1_1951.rds
simplified_C1_1952.rds
simplified_C1_1953.rds
simplified_C1_1954.rds
simplified_C1_1955.rds
simplified_C1_1956.rds
simplified_C1_1957.rds
simplified_C1_1958.rds
simplified_C1_1959.rds
simplified_C1_2015.rds
simplified_C1_2016.rds
simplified_C1_2017.rds
simplified_C1_2018.rds
simplified_C1_2019.rds
simplified_C1_2020.rds
simplified_C1_2021.rds
simplified_C1_2022.rds
simplified_C1_2023.rds
simplified_C1_2024.rds
Processing batch 1/12 (rows 1-1000)
  Calculated 1000 temperatures. Range: -4.32 to 46.42
Processing batch 2/12 (rows 1001-2000)
  Calculated 1000 temperatures. Range: -4.53 to 42.71
Processing batch 3/12 (rows 2001-3000)
  Calculated 1000 temperatures. Range: -1.39 to 45.40
Processing batch 4/12 (rows 3001-4000)
  Calculated 1000 temperatures. Range: -2.18 to 44.74
Processing batch 5/12 (rows 4001-5000)
  Calculated 1000 temperatures. Range: -1.29 to 49.59
Processing batch 6/12 (rows 5001-6000)
  Calculated 1000 temperatures. Range: -1.21 to 45.67
Processing batch 7/12 (rows 6001-7000)
  Calculated 1000 temperatures. Range: -0.01 to 50.26
Processing batch 8/12 (rows 7001-8000)
  Calculated 1000 temperatures. Range: -0.10 to 52.60
Processing batch 9/12 (rows 8001-9000)
  Calculated 1000 temperatures. Range: 0.39 to 47.30
Processing batch 10/12 (rows 9001-10000)
  Calculated 1000 temperatures. Range: 2.94 to 46.87
Processing batch 11/12 (rows 10001-11000)
  Calculated 1000 temperatures. Range: -1.65 to 40.55
Processing batch 12/12 (rows 11001-11035)
  Calculated 35 temperatures. Range: 9.74 to 42.16
Total observations: 11035, Unique timestamps: 2207
MR parameters: mass=0.22, elev=3300.0, b0=17.10, b1=0.98, b2=-0.48, b3=0.000124
Sample tb=277.10 K, log(mass)=-1.5141, 1/(kT)=41.865124, exponent=-4.0699, rmr=0.017079
Sample tb=277.60 K, log(mass)=-1.5141, 1/(kT)=41.789858, exponent=-4.0338, rmr=0.017707
Sample tb=278.28 K, log(mass)=-1.5141, 1/(kT)=41.687880, exponent=-3.9848, rmr=0.018596
Sample tb=288.21 K, log(mass)=-1.5141, 1/(kT)=40.251864, exponent=-3.2955, rmr=0.037048
Sample tb=278.06 K, log(mass)=-1.5141, 1/(kT)=41.720392, exponent=-4.0004, rmr=0.018308
MR results: 0 NA, 0 infinite, 0 negative, 0 zero
Energy calculations: 4634 non-zero gains, 11035 non-zero losses out of 11035 observations
Saved results to output/results/D1/1958/M/eb_results_MB_1958_D1_C1.rds

Processing: Species=MB, Year=1959, Origin=D1, Climate=C1, Sex=M
Looking for climate data at: /mmfs1/gscratch/biology/jmsmith/targeted_microclimate/C1/simplified_C1_1959.rds
Directory /mmfs1/gscratch/biology/jmsmith/targeted_microclimate/C1 exists. Contents:
simplified_C1_1950.rds
simplified_C1_1951.rds
simplified_C1_1952.rds
simplified_C1_1953.rds
simplified_C1_1954.rds
simplified_C1_1955.rds
simplified_C1_1956.rds
simplified_C1_1957.rds
simplified_C1_1958.rds
simplified_C1_1959.rds
simplified_C1_2015.rds
simplified_C1_2016.rds
simplified_C1_2017.rds
simplified_C1_2018.rds
simplified_C1_2019.rds
simplified_C1_2020.rds
simplified_C1_2021.rds
simplified_C1_2022.rds
simplified_C1_2023.rds
simplified_C1_2024.rds
Processing batch 1/12 (rows 1-1000)
  Calculated 1000 temperatures. Range: -9.96 to 51.72
Processing batch 2/12 (rows 1001-2000)
  Calculated 1000 temperatures. Range: -1.90 to 49.82
Processing batch 3/12 (rows 2001-3000)
  Calculated 1000 temperatures. Range: 0.15 to 50.99
Processing batch 4/12 (rows 3001-4000)
  Calculated 1000 temperatures. Range: -2.61 to 42.45
Processing batch 5/12 (rows 4001-5000)
  Calculated 1000 temperatures. Range: -2.83 to 45.76
Processing batch 6/12 (rows 5001-6000)
  Calculated 1000 temperatures. Range: 0.95 to 51.99
Processing batch 7/12 (rows 6001-7000)
  Calculated 1000 temperatures. Range: 0.44 to 47.46
Processing batch 8/12 (rows 7001-8000)
  Calculated 1000 temperatures. Range: 2.34 to 47.93
Processing batch 9/12 (rows 8001-9000)
  Calculated 1000 temperatures. Range: 1.31 to 52.94
Processing batch 10/12 (rows 9001-10000)
  Calculated 1000 temperatures. Range: -0.01 to 48.68
Processing batch 11/12 (rows 10001-11000)
  Calculated 1000 temperatures. Range: -1.68 to 42.11
Processing batch 12/12 (rows 11001-11035)
  Calculated 35 temperatures. Range: 9.15 to 36.55
Total observations: 11035, Unique timestamps: 2207
MR parameters: mass=0.22, elev=3300.0, b0=17.10, b1=0.98, b2=-0.48, b3=0.000124
Sample tb=284.77 K, log(mass)=-1.5141, 1/(kT)=40.738018, exponent=-3.5289, rmr=0.029337
Sample tb=275.71 K, log(mass)=-1.5141, 1/(kT)=42.075818, exponent=-4.1710, rmr=0.015436
Sample tb=277.92 K, log(mass)=-1.5141, 1/(kT)=41.742501, exponent=-4.0110, rmr=0.018114
Sample tb=282.46 K, log(mass)=-1.5141, 1/(kT)=41.071684, exponent=-3.6891, rmr=0.024996
Sample tb=300.19 K, log(mass)=-1.5141, 1/(kT)=38.645348, exponent=-2.5244, rmr=0.080105
MR results: 0 NA, 0 infinite, 0 negative, 0 zero
Energy calculations: 4645 non-zero gains, 11035 non-zero losses out of 11035 observations
Saved results to output/results/D1/1959/M/eb_results_MB_1959_D1_C1.rds

All years processed.
