Arguments received:
Species: MS
Years: 1950, 1951, 1952, 1953, 1954, 1955, 1956, 1957, 1958, 1959
Origin site: A1
Climate site: A1
Sex: M
Output directory: output/results/A1
Library paths:
[1] "/gscratch/biology/jmsmith/R"                          
[2] "/mmfs1/home/smithju/R/x86_64-pc-linux-gnu-library/4.4"
[3] "/usr/local/lib/R/site-library"                        
[4] "/usr/local/lib/R/library"                             
Package tidyverse loaded successfully
Package TrenchR loaded successfully
Package rTPC loaded successfully
Package lubridate loaded successfully

Processing: Species=MS, Year=1950, Origin=A1, Climate=A1, Sex=M
Looking for climate data at: /mmfs1/gscratch/biology/jmsmith/targeted_microclimate/A1/simplified_A1_1950.rds
Directory /mmfs1/gscratch/biology/jmsmith/targeted_microclimate/A1 exists. Contents:
simplified_A1_1950.rds
simplified_A1_1951.rds
simplified_A1_1952.rds
simplified_A1_1953.rds
simplified_A1_1954.rds
simplified_A1_1955.rds
simplified_A1_1956.rds
simplified_A1_1957.rds
simplified_A1_1958.rds
simplified_A1_1959.rds
simplified_A1_2015.rds
simplified_A1_2016.rds
simplified_A1_2017.rds
simplified_A1_2018.rds
simplified_A1_2019.rds
simplified_A1_2020.rds
simplified_A1_2021.rds
simplified_A1_2022.rds
simplified_A1_2023.rds
simplified_A1_2024.rds
Processing batch 1/12 (rows 1-1000)
  Calculated 1000 temperatures. Range: -9.61 to 38.71
Processing batch 2/12 (rows 1001-2000)
  Calculated 1000 temperatures. Range: -6.15 to 39.97
Processing batch 3/12 (rows 2001-3000)
  Calculated 1000 temperatures. Range: 1.03 to 43.70
Processing batch 4/12 (rows 3001-4000)
  Calculated 1000 temperatures. Range: 0.77 to 45.82
Processing batch 5/12 (rows 4001-5000)
  Calculated 1000 temperatures. Range: 3.23 to 47.58
Processing batch 6/12 (rows 5001-6000)
  Calculated 1000 temperatures. Range: 2.89 to 48.19
Processing batch 7/12 (rows 6001-7000)
  Calculated 1000 temperatures. Range: 3.04 to 49.28
Processing batch 8/12 (rows 7001-8000)
  Calculated 1000 temperatures. Range: 2.79 to 44.85
Processing batch 9/12 (rows 8001-9000)
  Calculated 1000 temperatures. Range: 2.86 to 49.53
Processing batch 10/12 (rows 9001-10000)
  Calculated 1000 temperatures. Range: 2.16 to 40.43
Processing batch 11/12 (rows 10001-11000)
  Calculated 1000 temperatures. Range: 0.02 to 43.54
Processing batch 12/12 (rows 11001-11035)
  Calculated 35 temperatures. Range: 13.22 to 36.52
Total observations: 11035, Unique timestamps: 2207
MR parameters: mass=0.33, elev=2195.0, b0=16.50, b1=0.85, b2=-0.47, b3=0.000108
Sample tb=278.70 K, log(mass)=-1.1087, 1/(kT)=41.625628, exponent=-3.7693, rmr=0.023067
Sample tb=281.71 K, log(mass)=-1.1087, 1/(kT)=41.180269, exponent=-3.5600, rmr=0.028438
Sample tb=279.15 K, log(mass)=-1.1087, 1/(kT)=41.557719, exponent=-3.7374, rmr=0.023815
Sample tb=281.27 K, log(mass)=-1.1087, 1/(kT)=41.245516, exponent=-3.5907, rmr=0.027579
Sample tb=286.26 K, log(mass)=-1.1087, 1/(kT)=40.526355, exponent=-3.2527, rmr=0.038670
MR results: 0 NA, 0 infinite, 0 negative, 0 zero
Energy calculations: 4666 non-zero gains, 11035 non-zero losses out of 11035 observations
Saved results to output/results/A1/1950/M/eb_results_MS_1950_A1_A1.rds

Processing: Species=MS, Year=1951, Origin=A1, Climate=A1, Sex=M
Looking for climate data at: /mmfs1/gscratch/biology/jmsmith/targeted_microclimate/A1/simplified_A1_1951.rds
Directory /mmfs1/gscratch/biology/jmsmith/targeted_microclimate/A1 exists. Contents:
simplified_A1_1950.rds
simplified_A1_1951.rds
simplified_A1_1952.rds
simplified_A1_1953.rds
simplified_A1_1954.rds
simplified_A1_1955.rds
simplified_A1_1956.rds
simplified_A1_1957.rds
simplified_A1_1958.rds
simplified_A1_1959.rds
simplified_A1_2015.rds
simplified_A1_2016.rds
simplified_A1_2017.rds
simplified_A1_2018.rds
simplified_A1_2019.rds
simplified_A1_2020.rds
simplified_A1_2021.rds
simplified_A1_2022.rds
simplified_A1_2023.rds
simplified_A1_2024.rds
Processing batch 1/12 (rows 1-1000)
  Calculated 1000 temperatures. Range: -9.02 to 17.63
Processing batch 2/12 (rows 1001-2000)
  Calculated 1000 temperatures. Range: -4.80 to 25.62
Processing batch 3/12 (rows 2001-3000)
  Calculated 1000 temperatures. Range: -1.34 to 40.28
Processing batch 4/12 (rows 3001-4000)
  Calculated 1000 temperatures. Range: 0.86 to 44.36
Processing batch 5/12 (rows 4001-5000)
  Calculated 1000 temperatures. Range: 2.21 to 51.84
Processing batch 6/12 (rows 5001-6000)
  Calculated 1000 temperatures. Range: 3.59 to 49.51
Processing batch 7/12 (rows 6001-7000)
  Calculated 1000 temperatures. Range: 4.18 to 42.01
Processing batch 8/12 (rows 7001-8000)
  Calculated 1000 temperatures. Range: 7.06 to 50.31
Processing batch 9/12 (rows 8001-9000)
  Calculated 1000 temperatures. Range: 3.36 to 43.27
Processing batch 10/12 (rows 9001-10000)
  Calculated 1000 temperatures. Range: 2.86 to 44.37
Processing batch 11/12 (rows 10001-11000)
  Calculated 1000 temperatures. Range: 2.60 to 42.76
Processing batch 12/12 (rows 11001-11035)
  Calculated 35 temperatures. Range: 11.19 to 37.11
Total observations: 11035, Unique timestamps: 2207
MR parameters: mass=0.33, elev=2195.0, b0=16.50, b1=0.85, b2=-0.47, b3=0.000108
Sample tb=282.83 K, log(mass)=-1.1087, 1/(kT)=41.016821, exponent=-3.4832, rmr=0.030709
Sample tb=283.37 K, log(mass)=-1.1087, 1/(kT)=40.939549, exponent=-3.4469, rmr=0.031844
Sample tb=302.73 K, log(mass)=-1.1087, 1/(kT)=38.321213, exponent=-2.2163, rmr=0.109015
Sample tb=276.23 K, log(mass)=-1.1087, 1/(kT)=41.997142, exponent=-3.9440, rmr=0.019371
Sample tb=312.40 K, log(mass)=-1.1087, 1/(kT)=37.135259, exponent=-1.6589, rmr=0.190353
MR results: 0 NA, 0 infinite, 0 negative, 0 zero
Energy calculations: 4558 non-zero gains, 11035 non-zero losses out of 11035 observations
Saved results to output/results/A1/1951/M/eb_results_MS_1951_A1_A1.rds

Processing: Species=MS, Year=1952, Origin=A1, Climate=A1, Sex=M
Looking for climate data at: /mmfs1/gscratch/biology/jmsmith/targeted_microclimate/A1/simplified_A1_1952.rds
Directory /mmfs1/gscratch/biology/jmsmith/targeted_microclimate/A1 exists. Contents:
simplified_A1_1950.rds
simplified_A1_1951.rds
simplified_A1_1952.rds
simplified_A1_1953.rds
simplified_A1_1954.rds
simplified_A1_1955.rds
simplified_A1_1956.rds
simplified_A1_1957.rds
simplified_A1_1958.rds
simplified_A1_1959.rds
simplified_A1_2015.rds
simplified_A1_2016.rds
simplified_A1_2017.rds
simplified_A1_2018.rds
simplified_A1_2019.rds
simplified_A1_2020.rds
simplified_A1_2021.rds
simplified_A1_2022.rds
simplified_A1_2023.rds
simplified_A1_2024.rds
Processing batch 1/12 (rows 1-1000)
  Calculated 1000 temperatures. Range: 0.61 to 47.27
Processing batch 2/12 (rows 1001-2000)
  Calculated 1000 temperatures. Range: -2.24 to 60.00
Processing batch 3/12 (rows 2001-3000)
  Calculated 1000 temperatures. Range: 1.73 to 60.00
Processing batch 4/12 (rows 3001-4000)
  Calculated 1000 temperatures. Range: 2.57 to 51.87
Processing batch 5/12 (rows 4001-5000)
  Calculated 1000 temperatures. Range: 1.86 to 45.80
Processing batch 6/12 (rows 5001-6000)
  Calculated 1000 temperatures. Range: 3.15 to 49.38
Processing batch 7/12 (rows 6001-7000)
  Calculated 1000 temperatures. Range: 3.88 to 48.03
Processing batch 8/12 (rows 7001-8000)
  Calculated 1000 temperatures. Range: 5.60 to 47.11
Processing batch 9/12 (rows 8001-9000)
  Calculated 1000 temperatures. Range: 4.62 to 44.01
Processing batch 10/12 (rows 9001-10000)
  Calculated 1000 temperatures. Range: 4.53 to 47.26
Processing batch 11/12 (rows 10001-11000)
  Calculated 1000 temperatures. Range: 0.21 to 46.32
Processing batch 12/12 (rows 11001-11035)
  Calculated 35 temperatures. Range: 10.13 to 34.57
Total observations: 11035, Unique timestamps: 2207
MR parameters: mass=0.33, elev=2195.0, b0=16.50, b1=0.85, b2=-0.47, b3=0.000108
Sample tb=288.69 K, log(mass)=-1.1087, 1/(kT)=40.185379, exponent=-3.0924, rmr=0.045391
Sample tb=284.12 K, log(mass)=-1.1087, 1/(kT)=40.830417, exponent=-3.3956, rmr=0.033520
Sample tb=294.82 K, log(mass)=-1.1087, 1/(kT)=39.349565, exponent=-2.6996, rmr=0.067232
Sample tb=277.44 K, log(mass)=-1.1087, 1/(kT)=41.814931, exponent=-3.8583, rmr=0.021103
Sample tb=281.42 K, log(mass)=-1.1087, 1/(kT)=41.223391, exponent=-3.5803, rmr=0.027867
MR results: 0 NA, 0 infinite, 0 negative, 0 zero
Energy calculations: 5462 non-zero gains, 11035 non-zero losses out of 11035 observations
Saved results to output/results/A1/1952/M/eb_results_MS_1952_A1_A1.rds

Processing: Species=MS, Year=1953, Origin=A1, Climate=A1, Sex=M
Looking for climate data at: /mmfs1/gscratch/biology/jmsmith/targeted_microclimate/A1/simplified_A1_1953.rds
Directory /mmfs1/gscratch/biology/jmsmith/targeted_microclimate/A1 exists. Contents:
simplified_A1_1950.rds
simplified_A1_1951.rds
simplified_A1_1952.rds
simplified_A1_1953.rds
simplified_A1_1954.rds
simplified_A1_1955.rds
simplified_A1_1956.rds
simplified_A1_1957.rds
simplified_A1_1958.rds
simplified_A1_1959.rds
simplified_A1_2015.rds
simplified_A1_2016.rds
simplified_A1_2017.rds
simplified_A1_2018.rds
simplified_A1_2019.rds
simplified_A1_2020.rds
simplified_A1_2021.rds
simplified_A1_2022.rds
simplified_A1_2023.rds
simplified_A1_2024.rds
Processing batch 1/12 (rows 1-1000)
  Calculated 1000 temperatures. Range: -3.67 to 40.01
Processing batch 2/12 (rows 1001-2000)
  Calculated 1000 temperatures. Range: 0.04 to 47.58
Processing batch 3/12 (rows 2001-3000)
  Calculated 1000 temperatures. Range: 1.74 to 47.35
Processing batch 4/12 (rows 3001-4000)
  Calculated 1000 temperatures. Range: 2.02 to 53.10
Processing batch 5/12 (rows 4001-5000)
  Calculated 1000 temperatures. Range: 3.79 to 44.93
Processing batch 6/12 (rows 5001-6000)
  Calculated 1000 temperatures. Range: 4.03 to 43.16
Processing batch 7/12 (rows 6001-7000)
  Calculated 1000 temperatures. Range: 3.85 to 50.30
Processing batch 8/12 (rows 7001-8000)
  Calculated 1000 temperatures. Range: 3.22 to 46.46
Processing batch 9/12 (rows 8001-9000)
  Calculated 1000 temperatures. Range: 2.82 to 48.79
Processing batch 10/12 (rows 9001-10000)
  Calculated 1000 temperatures. Range: 1.59 to 42.78
Processing batch 11/12 (rows 10001-11000)
  Calculated 1000 temperatures. Range: 2.25 to 46.93
Processing batch 12/12 (rows 11001-11035)
  Calculated 35 temperatures. Range: 13.52 to 34.60
Total observations: 11035, Unique timestamps: 2207
MR parameters: mass=0.33, elev=2195.0, b0=16.50, b1=0.85, b2=-0.47, b3=0.000108
Sample tb=287.32 K, log(mass)=-1.1087, 1/(kT)=40.375919, exponent=-3.1820, rmr=0.041503
Sample tb=301.19 K, log(mass)=-1.1087, 1/(kT)=38.517425, exponent=-2.3085, rmr=0.099411
Sample tb=287.58 K, log(mass)=-1.1087, 1/(kT)=40.340408, exponent=-3.1653, rmr=0.042202
Sample tb=312.06 K, log(mass)=-1.1087, 1/(kT)=37.175391, exponent=-1.6777, rmr=0.186796
Sample tb=278.24 K, log(mass)=-1.1087, 1/(kT)=41.693981, exponent=-3.8015, rmr=0.022338
MR results: 0 NA, 0 infinite, 0 negative, 0 zero
Energy calculations: 5459 non-zero gains, 11035 non-zero losses out of 11035 observations
Saved results to output/results/A1/1953/M/eb_results_MS_1953_A1_A1.rds

Processing: Species=MS, Year=1954, Origin=A1, Climate=A1, Sex=M
Looking for climate data at: /mmfs1/gscratch/biology/jmsmith/targeted_microclimate/A1/simplified_A1_1954.rds
Directory /mmfs1/gscratch/biology/jmsmith/targeted_microclimate/A1 exists. Contents:
simplified_A1_1950.rds
simplified_A1_1951.rds
simplified_A1_1952.rds
simplified_A1_1953.rds
simplified_A1_1954.rds
simplified_A1_1955.rds
simplified_A1_1956.rds
simplified_A1_1957.rds
simplified_A1_1958.rds
simplified_A1_1959.rds
simplified_A1_2015.rds
simplified_A1_2016.rds
simplified_A1_2017.rds
simplified_A1_2018.rds
simplified_A1_2019.rds
simplified_A1_2020.rds
simplified_A1_2021.rds
simplified_A1_2022.rds
simplified_A1_2023.rds
simplified_A1_2024.rds
Processing batch 1/12 (rows 1-1000)
  Calculated 1000 temperatures. Range: -5.99 to 40.54
Processing batch 2/12 (rows 1001-2000)
  Calculated 1000 temperatures. Range: -1.25 to 39.70
Processing batch 3/12 (rows 2001-3000)
  Calculated 1000 temperatures. Range: 3.70 to 49.55
Processing batch 4/12 (rows 3001-4000)
  Calculated 1000 temperatures. Range: 3.26 to 49.96
Processing batch 5/12 (rows 4001-5000)
  Calculated 1000 temperatures. Range: 6.56 to 51.13
Processing batch 6/12 (rows 5001-6000)
  Calculated 1000 temperatures. Range: 7.18 to 47.74
Processing batch 7/12 (rows 6001-7000)
  Calculated 1000 temperatures. Range: 6.70 to 49.65
Processing batch 8/12 (rows 7001-8000)
  Calculated 1000 temperatures. Range: 3.85 to 50.46
Processing batch 9/12 (rows 8001-9000)
  Calculated 1000 temperatures. Range: 3.62 to 45.35
Processing batch 10/12 (rows 9001-10000)
  Calculated 1000 temperatures. Range: 1.99 to 45.52
Processing batch 11/12 (rows 10001-11000)
  Calculated 1000 temperatures. Range: 1.74 to 50.54
Processing batch 12/12 (rows 11001-11035)
  Calculated 35 temperatures. Range: 14.73 to 46.66
Total observations: 11035, Unique timestamps: 2207
MR parameters: mass=0.33, elev=2195.0, b0=16.50, b1=0.85, b2=-0.47, b3=0.000108
Sample tb=279.00 K, log(mass)=-1.1087, 1/(kT)=41.580921, exponent=-3.7483, rmr=0.023557
Sample tb=279.31 K, log(mass)=-1.1087, 1/(kT)=41.534221, exponent=-3.7264, rmr=0.024080
Sample tb=307.66 K, log(mass)=-1.1087, 1/(kT)=37.707431, exponent=-1.9278, rmr=0.145468
Sample tb=279.88 K, log(mass)=-1.1087, 1/(kT)=41.449877, exponent=-3.6867, rmr=0.025053
Sample tb=285.66 K, log(mass)=-1.1087, 1/(kT)=40.610400, exponent=-3.2922, rmr=0.037172
MR results: 0 NA, 0 infinite, 0 negative, 0 zero
Energy calculations: 5705 non-zero gains, 11035 non-zero losses out of 11035 observations
Saved results to output/results/A1/1954/M/eb_results_MS_1954_A1_A1.rds

Processing: Species=MS, Year=1955, Origin=A1, Climate=A1, Sex=M
Looking for climate data at: /mmfs1/gscratch/biology/jmsmith/targeted_microclimate/A1/simplified_A1_1955.rds
Directory /mmfs1/gscratch/biology/jmsmith/targeted_microclimate/A1 exists. Contents:
simplified_A1_1950.rds
simplified_A1_1951.rds
simplified_A1_1952.rds
simplified_A1_1953.rds
simplified_A1_1954.rds
simplified_A1_1955.rds
simplified_A1_1956.rds
simplified_A1_1957.rds
simplified_A1_1958.rds
simplified_A1_1959.rds
simplified_A1_2015.rds
simplified_A1_2016.rds
simplified_A1_2017.rds
simplified_A1_2018.rds
simplified_A1_2019.rds
simplified_A1_2020.rds
simplified_A1_2021.rds
simplified_A1_2022.rds
simplified_A1_2023.rds
simplified_A1_2024.rds
Processing batch 1/12 (rows 1-1000)
  Calculated 1000 temperatures. Range: -5.25 to 39.89
Processing batch 2/12 (rows 1001-2000)
  Calculated 1000 temperatures. Range: -0.84 to 43.34
Processing batch 3/12 (rows 2001-3000)
  Calculated 1000 temperatures. Range: 0.90 to 44.41
Processing batch 4/12 (rows 3001-4000)
  Calculated 1000 temperatures. Range: 0.31 to 47.80
Processing batch 5/12 (rows 4001-5000)
  Calculated 1000 temperatures. Range: 1.51 to 50.34
Processing batch 6/12 (rows 5001-6000)
  Calculated 1000 temperatures. Range: 2.48 to 50.70
Processing batch 7/12 (rows 6001-7000)
  Calculated 1000 temperatures. Range: 5.71 to 44.58
Processing batch 8/12 (rows 7001-8000)
  Calculated 1000 temperatures. Range: 5.39 to 46.17
Processing batch 9/12 (rows 8001-9000)
  Calculated 1000 temperatures. Range: 4.89 to 44.91
Processing batch 10/12 (rows 9001-10000)
  Calculated 1000 temperatures. Range: 4.23 to 41.58
Processing batch 11/12 (rows 10001-11000)
  Calculated 1000 temperatures. Range: 1.36 to 50.56
Processing batch 12/12 (rows 11001-11035)
  Calculated 35 temperatures. Range: 12.60 to 40.83
Total observations: 11035, Unique timestamps: 2207
MR parameters: mass=0.33, elev=2195.0, b0=16.50, b1=0.85, b2=-0.47, b3=0.000108
Sample tb=287.97 K, log(mass)=-1.1087, 1/(kT)=40.284997, exponent=-3.1393, rmr=0.043315
Sample tb=281.42 K, log(mass)=-1.1087, 1/(kT)=41.222789, exponent=-3.5800, rmr=0.027875
Sample tb=277.91 K, log(mass)=-1.1087, 1/(kT)=41.743530, exponent=-3.8248, rmr=0.021824
Sample tb=278.27 K, log(mass)=-1.1087, 1/(kT)=41.689277, exponent=-3.7993, rmr=0.022387
Sample tb=280.28 K, log(mass)=-1.1087, 1/(kT)=41.389810, exponent=-3.6585, rmr=0.025771
MR results: 0 NA, 0 infinite, 0 negative, 0 zero
Energy calculations: 5391 non-zero gains, 11035 non-zero losses out of 11035 observations
Saved results to output/results/A1/1955/M/eb_results_MS_1955_A1_A1.rds

Processing: Species=MS, Year=1956, Origin=A1, Climate=A1, Sex=M
Looking for climate data at: /mmfs1/gscratch/biology/jmsmith/targeted_microclimate/A1/simplified_A1_1956.rds
Directory /mmfs1/gscratch/biology/jmsmith/targeted_microclimate/A1 exists. Contents:
simplified_A1_1950.rds
simplified_A1_1951.rds
simplified_A1_1952.rds
simplified_A1_1953.rds
simplified_A1_1954.rds
simplified_A1_1955.rds
simplified_A1_1956.rds
simplified_A1_1957.rds
simplified_A1_1958.rds
simplified_A1_1959.rds
simplified_A1_2015.rds
simplified_A1_2016.rds
simplified_A1_2017.rds
simplified_A1_2018.rds
simplified_A1_2019.rds
simplified_A1_2020.rds
simplified_A1_2021.rds
simplified_A1_2022.rds
simplified_A1_2023.rds
simplified_A1_2024.rds
Processing batch 1/12 (rows 1-1000)
  Calculated 1000 temperatures. Range: 0.79 to 52.75
Processing batch 2/12 (rows 1001-2000)
  Calculated 1000 temperatures. Range: 1.09 to 47.19
Processing batch 3/12 (rows 2001-3000)
  Calculated 1000 temperatures. Range: 1.29 to 44.74
Processing batch 4/12 (rows 3001-4000)
  Calculated 1000 temperatures. Range: 3.44 to 47.24
Processing batch 5/12 (rows 4001-5000)
  Calculated 1000 temperatures. Range: 2.80 to 50.09
Processing batch 6/12 (rows 5001-6000)
  Calculated 1000 temperatures. Range: 3.49 to 49.57
Processing batch 7/12 (rows 6001-7000)
  Calculated 1000 temperatures. Range: 3.55 to 43.64
Processing batch 8/12 (rows 7001-8000)
  Calculated 1000 temperatures. Range: 2.32 to 43.02
Processing batch 9/12 (rows 8001-9000)
  Calculated 1000 temperatures. Range: 2.55 to 46.04
Processing batch 10/12 (rows 9001-10000)
  Calculated 1000 temperatures. Range: 1.38 to 46.04
Processing batch 11/12 (rows 10001-11000)
  Calculated 1000 temperatures. Range: -1.90 to 45.14
Processing batch 12/12 (rows 11001-11035)
  Calculated 35 temperatures. Range: 6.50 to 31.56
Total observations: 11035, Unique timestamps: 2207
MR parameters: mass=0.33, elev=2195.0, b0=16.50, b1=0.85, b2=-0.47, b3=0.000108
Sample tb=305.42 K, log(mass)=-1.1087, 1/(kT)=37.983202, exponent=-2.0574, rmr=0.127785
Sample tb=285.33 K, log(mass)=-1.1087, 1/(kT)=40.657533, exponent=-3.3143, rmr=0.036358
Sample tb=283.99 K, log(mass)=-1.1087, 1/(kT)=40.849974, exponent=-3.4048, rmr=0.033214
Sample tb=297.87 K, log(mass)=-1.1087, 1/(kT)=38.945642, exponent=-2.5098, rmr=0.081288
Sample tb=299.74 K, log(mass)=-1.1087, 1/(kT)=38.703855, exponent=-2.3961, rmr=0.091071
MR results: 0 NA, 0 infinite, 0 negative, 0 zero
Energy calculations: 5269 non-zero gains, 11035 non-zero losses out of 11035 observations
Saved results to output/results/A1/1956/M/eb_results_MS_1956_A1_A1.rds

Processing: Species=MS, Year=1957, Origin=A1, Climate=A1, Sex=M
Looking for climate data at: /mmfs1/gscratch/biology/jmsmith/targeted_microclimate/A1/simplified_A1_1957.rds
Directory /mmfs1/gscratch/biology/jmsmith/targeted_microclimate/A1 exists. Contents:
simplified_A1_1950.rds
simplified_A1_1951.rds
simplified_A1_1952.rds
simplified_A1_1953.rds
simplified_A1_1954.rds
simplified_A1_1955.rds
simplified_A1_1956.rds
simplified_A1_1957.rds
simplified_A1_1958.rds
simplified_A1_1959.rds
simplified_A1_2015.rds
simplified_A1_2016.rds
simplified_A1_2017.rds
simplified_A1_2018.rds
simplified_A1_2019.rds
simplified_A1_2020.rds
simplified_A1_2021.rds
simplified_A1_2022.rds
simplified_A1_2023.rds
simplified_A1_2024.rds
Processing batch 1/12 (rows 1-1000)
  Calculated 1000 temperatures. Range: -0.43 to 45.06
Processing batch 2/12 (rows 1001-2000)
  Calculated 1000 temperatures. Range: -1.39 to 50.11
Processing batch 3/12 (rows 2001-3000)
  Calculated 1000 temperatures. Range: -2.63 to 42.06
Processing batch 4/12 (rows 3001-4000)
  Calculated 1000 temperatures. Range: 3.34 to 44.35
Processing batch 5/12 (rows 4001-5000)
  Calculated 1000 temperatures. Range: 1.89 to 52.97
Processing batch 6/12 (rows 5001-6000)
  Calculated 1000 temperatures. Range: 6.02 to 47.72
Processing batch 7/12 (rows 6001-7000)
  Calculated 1000 temperatures. Range: 5.14 to 43.22
Processing batch 8/12 (rows 7001-8000)
  Calculated 1000 temperatures. Range: 6.67 to 50.89
Processing batch 9/12 (rows 8001-9000)
  Calculated 1000 temperatures. Range: 4.88 to 49.36
Processing batch 10/12 (rows 9001-10000)
  Calculated 1000 temperatures. Range: 3.70 to 43.14
Processing batch 11/12 (rows 10001-11000)
  Calculated 1000 temperatures. Range: 3.58 to 46.72
Processing batch 12/12 (rows 11001-11035)
  Calculated 35 temperatures. Range: 10.50 to 37.34
Total observations: 11035, Unique timestamps: 2207
MR parameters: mass=0.33, elev=2195.0, b0=16.50, b1=0.85, b2=-0.47, b3=0.000108
Sample tb=283.28 K, log(mass)=-1.1087, 1/(kT)=40.952548, exponent=-3.4530, rmr=0.031651
Sample tb=283.00 K, log(mass)=-1.1087, 1/(kT)=40.992493, exponent=-3.4718, rmr=0.031062
Sample tb=282.90 K, log(mass)=-1.1087, 1/(kT)=41.007829, exponent=-3.4790, rmr=0.030839
Sample tb=277.61 K, log(mass)=-1.1087, 1/(kT)=41.787830, exponent=-3.8456, rmr=0.021374
Sample tb=281.56 K, log(mass)=-1.1087, 1/(kT)=41.202053, exponent=-3.5703, rmr=0.028148
MR results: 0 NA, 0 infinite, 0 negative, 0 zero
Energy calculations: 5286 non-zero gains, 11035 non-zero losses out of 11035 observations
Saved results to output/results/A1/1957/M/eb_results_MS_1957_A1_A1.rds

Processing: Species=MS, Year=1958, Origin=A1, Climate=A1, Sex=M
Looking for climate data at: /mmfs1/gscratch/biology/jmsmith/targeted_microclimate/A1/simplified_A1_1958.rds
Directory /mmfs1/gscratch/biology/jmsmith/targeted_microclimate/A1 exists. Contents:
simplified_A1_1950.rds
simplified_A1_1951.rds
simplified_A1_1952.rds
simplified_A1_1953.rds
simplified_A1_1954.rds
simplified_A1_1955.rds
simplified_A1_1956.rds
simplified_A1_1957.rds
simplified_A1_1958.rds
simplified_A1_1959.rds
simplified_A1_2015.rds
simplified_A1_2016.rds
simplified_A1_2017.rds
simplified_A1_2018.rds
simplified_A1_2019.rds
simplified_A1_2020.rds
simplified_A1_2021.rds
simplified_A1_2022.rds
simplified_A1_2023.rds
simplified_A1_2024.rds
Processing batch 1/12 (rows 1-1000)
  Calculated 1000 temperatures. Range: 0.69 to 43.99
Processing batch 2/12 (rows 1001-2000)
  Calculated 1000 temperatures. Range: 0.13 to 40.20
Processing batch 3/12 (rows 2001-3000)
  Calculated 1000 temperatures. Range: 2.46 to 43.43
Processing batch 4/12 (rows 3001-4000)
  Calculated 1000 temperatures. Range: 1.34 to 49.85
Processing batch 5/12 (rows 4001-5000)
  Calculated 1000 temperatures. Range: 2.10 to 45.13
Processing batch 6/12 (rows 5001-6000)
  Calculated 1000 temperatures. Range: 2.64 to 46.68
Processing batch 7/12 (rows 6001-7000)
  Calculated 1000 temperatures. Range: 2.83 to 43.98
Processing batch 8/12 (rows 7001-8000)
  Calculated 1000 temperatures. Range: 3.85 to 51.15
Processing batch 9/12 (rows 8001-9000)
  Calculated 1000 temperatures. Range: 4.37 to 46.42
Processing batch 10/12 (rows 9001-10000)
  Calculated 1000 temperatures. Range: 5.86 to 48.20
Processing batch 11/12 (rows 10001-11000)
  Calculated 1000 temperatures. Range: 2.26 to 43.53
Processing batch 12/12 (rows 11001-11035)
  Calculated 35 temperatures. Range: 12.24 to 41.45
Total observations: 11035, Unique timestamps: 2207
MR parameters: mass=0.33, elev=2195.0, b0=16.50, b1=0.85, b2=-0.47, b3=0.000108
Sample tb=288.49 K, log(mass)=-1.1087, 1/(kT)=40.212856, exponent=-3.1053, rmr=0.044809
Sample tb=288.98 K, log(mass)=-1.1087, 1/(kT)=40.143862, exponent=-3.0729, rmr=0.046286
Sample tb=290.12 K, log(mass)=-1.1087, 1/(kT)=39.986843, exponent=-2.9991, rmr=0.049831
Sample tb=279.03 K, log(mass)=-1.1087, 1/(kT)=41.576281, exponent=-3.7462, rmr=0.023608
Sample tb=295.53 K, log(mass)=-1.1087, 1/(kT)=39.255067, exponent=-2.6552, rmr=0.070286
MR results: 0 NA, 0 infinite, 0 negative, 0 zero
Energy calculations: 5259 non-zero gains, 11035 non-zero losses out of 11035 observations
Saved results to output/results/A1/1958/M/eb_results_MS_1958_A1_A1.rds

Processing: Species=MS, Year=1959, Origin=A1, Climate=A1, Sex=M
Looking for climate data at: /mmfs1/gscratch/biology/jmsmith/targeted_microclimate/A1/simplified_A1_1959.rds
Directory /mmfs1/gscratch/biology/jmsmith/targeted_microclimate/A1 exists. Contents:
simplified_A1_1950.rds
simplified_A1_1951.rds
simplified_A1_1952.rds
simplified_A1_1953.rds
simplified_A1_1954.rds
simplified_A1_1955.rds
simplified_A1_1956.rds
simplified_A1_1957.rds
simplified_A1_1958.rds
simplified_A1_1959.rds
simplified_A1_2015.rds
simplified_A1_2016.rds
simplified_A1_2017.rds
simplified_A1_2018.rds
simplified_A1_2019.rds
simplified_A1_2020.rds
simplified_A1_2021.rds
simplified_A1_2022.rds
simplified_A1_2023.rds
simplified_A1_2024.rds
Processing batch 1/12 (rows 1-1000)
  Calculated 1000 temperatures. Range: -4.81 to 45.56
Processing batch 2/12 (rows 1001-2000)
  Calculated 1000 temperatures. Range: 2.44 to 47.41
Processing batch 3/12 (rows 2001-3000)
  Calculated 1000 temperatures. Range: 4.31 to 45.51
Processing batch 4/12 (rows 3001-4000)
  Calculated 1000 temperatures. Range: 1.46 to 43.51
Processing batch 5/12 (rows 4001-5000)
  Calculated 1000 temperatures. Range: 0.88 to 44.25
Processing batch 6/12 (rows 5001-6000)
  Calculated 1000 temperatures. Range: 4.41 to 50.29
Processing batch 7/12 (rows 6001-7000)
  Calculated 1000 temperatures. Range: 4.03 to 50.14
Processing batch 8/12 (rows 7001-8000)
  Calculated 1000 temperatures. Range: 5.13 to 45.45
Processing batch 9/12 (rows 8001-9000)
  Calculated 1000 temperatures. Range: 4.78 to 51.41
Processing batch 10/12 (rows 9001-10000)
  Calculated 1000 temperatures. Range: 3.92 to 49.01
Processing batch 11/12 (rows 10001-11000)
  Calculated 1000 temperatures. Range: 2.46 to 41.23
Processing batch 12/12 (rows 11001-11035)
  Calculated 35 temperatures. Range: 12.51 to 41.46
Total observations: 11035, Unique timestamps: 2207
MR parameters: mass=0.33, elev=2195.0, b0=16.50, b1=0.85, b2=-0.47, b3=0.000108
Sample tb=285.52 K, log(mass)=-1.1087, 1/(kT)=40.631109, exponent=-3.3019, rmr=0.036812
Sample tb=291.06 K, log(mass)=-1.1087, 1/(kT)=39.857856, exponent=-2.9385, rmr=0.052945
Sample tb=280.00 K, log(mass)=-1.1087, 1/(kT)=41.432433, exponent=-3.6785, rmr=0.025260
Sample tb=292.88 K, log(mass)=-1.1087, 1/(kT)=39.609605, exponent=-2.8218, rmr=0.059498
Sample tb=280.33 K, log(mass)=-1.1087, 1/(kT)=41.382550, exponent=-3.6551, rmr=0.025859
MR results: 0 NA, 0 infinite, 0 negative, 0 zero
Energy calculations: 5418 non-zero gains, 11035 non-zero losses out of 11035 observations
Saved results to output/results/A1/1959/M/eb_results_MS_1959_A1_A1.rds

All years processed.
