Arguments received:
Species: MB
Years: 1950, 1951, 1952, 1953, 1954, 1955, 1956, 1957, 1958, 1959
Origin site: B1
Climate site: B1
Sex: F
Output directory: output/results/B1
Library paths:
[1] "/gscratch/biology/jmsmith/R"                          
[2] "/mmfs1/home/smithju/R/x86_64-pc-linux-gnu-library/4.4"
[3] "/usr/local/lib/R/site-library"                        
[4] "/usr/local/lib/R/library"                             
Package tidyverse loaded successfully
Package TrenchR loaded successfully
Package rTPC loaded successfully
Package lubridate loaded successfully

Processing: Species=MB, Year=1950, Origin=B1, Climate=B1, Sex=F
Looking for climate data at: /mmfs1/gscratch/biology/jmsmith/targeted_microclimate/B1/simplified_B1_1950.rds
Directory /mmfs1/gscratch/biology/jmsmith/targeted_microclimate/B1 exists. Contents:
simplified_B1_1950.rds
simplified_B1_1951.rds
simplified_B1_1952.rds
simplified_B1_1953.rds
simplified_B1_1954.rds
simplified_B1_1955.rds
simplified_B1_1956.rds
simplified_B1_1957.rds
simplified_B1_1958.rds
simplified_B1_1959.rds
simplified_B1_2015.rds
simplified_B1_2016.rds
simplified_B1_2017.rds
simplified_B1_2018.rds
simplified_B1_2019.rds
simplified_B1_2020.rds
simplified_B1_2021.rds
simplified_B1_2022.rds
simplified_B1_2023.rds
simplified_B1_2024.rds
Processing batch 1/12 (rows 1-1000)
  Calculated 1000 temperatures. Range: -10.12 to 33.18
Processing batch 2/12 (rows 1001-2000)
  Calculated 1000 temperatures. Range: -5.85 to 33.77
Processing batch 3/12 (rows 2001-3000)
  Calculated 1000 temperatures. Range: 0.42 to 38.28
Processing batch 4/12 (rows 3001-4000)
  Calculated 1000 temperatures. Range: 0.02 to 41.36
Processing batch 5/12 (rows 4001-5000)
  Calculated 1000 temperatures. Range: 2.19 to 46.04
Processing batch 6/12 (rows 5001-6000)
  Calculated 1000 temperatures. Range: 2.13 to 45.91
Processing batch 7/12 (rows 6001-7000)
  Calculated 1000 temperatures. Range: 2.24 to 43.46
Processing batch 8/12 (rows 7001-8000)
  Calculated 1000 temperatures. Range: 1.85 to 35.61
Processing batch 9/12 (rows 8001-9000)
  Calculated 1000 temperatures. Range: 1.80 to 44.46
Processing batch 10/12 (rows 9001-10000)
  Calculated 1000 temperatures. Range: 1.15 to 37.28
Processing batch 11/12 (rows 10001-11000)
  Calculated 1000 temperatures. Range: -0.40 to 40.49
Processing batch 12/12 (rows 11001-11035)
  Calculated 35 temperatures. Range: 12.37 to 31.16
Total observations: 11035, Unique timestamps: 2207
MR parameters: mass=0.28, elev=2591.0, b0=17.10, b1=0.98, b2=-0.48, b3=0.000124
Sample tb=279.94 K, log(mass)=-1.2730, 1/(kT)=41.441215, exponent=-3.7180, rmr=0.024282
Sample tb=280.95 K, log(mass)=-1.2730, 1/(kT)=41.291824, exponent=-3.6463, rmr=0.026088
Sample tb=286.03 K, log(mass)=-1.2730, 1/(kT)=40.558884, exponent=-3.2945, rmr=0.037087
Sample tb=277.71 K, log(mass)=-1.2730, 1/(kT)=41.773203, exponent=-3.8774, rmr=0.020705
Sample tb=275.38 K, log(mass)=-1.2730, 1/(kT)=42.126830, exponent=-4.0471, rmr=0.017473
MR results: 0 NA, 0 infinite, 0 negative, 0 zero
Energy calculations: 4637 non-zero gains, 11035 non-zero losses out of 11035 observations
Saved results to output/results/B1/1950/F/eb_results_MB_1950_B1_B1.rds

Processing: Species=MB, Year=1951, Origin=B1, Climate=B1, Sex=F
Looking for climate data at: /mmfs1/gscratch/biology/jmsmith/targeted_microclimate/B1/simplified_B1_1951.rds
Directory /mmfs1/gscratch/biology/jmsmith/targeted_microclimate/B1 exists. Contents:
simplified_B1_1950.rds
simplified_B1_1951.rds
simplified_B1_1952.rds
simplified_B1_1953.rds
simplified_B1_1954.rds
simplified_B1_1955.rds
simplified_B1_1956.rds
simplified_B1_1957.rds
simplified_B1_1958.rds
simplified_B1_1959.rds
simplified_B1_2015.rds
simplified_B1_2016.rds
simplified_B1_2017.rds
simplified_B1_2018.rds
simplified_B1_2019.rds
simplified_B1_2020.rds
simplified_B1_2021.rds
simplified_B1_2022.rds
simplified_B1_2023.rds
simplified_B1_2024.rds
Processing batch 1/12 (rows 1-1000)
  Calculated 1000 temperatures. Range: -9.67 to 16.65
Processing batch 2/12 (rows 1001-2000)
  Calculated 1000 temperatures. Range: -4.61 to 22.26
Processing batch 3/12 (rows 2001-3000)
  Calculated 1000 temperatures. Range: -1.84 to 33.37
Processing batch 4/12 (rows 3001-4000)
  Calculated 1000 temperatures. Range: 0.06 to 39.79
Processing batch 5/12 (rows 4001-5000)
  Calculated 1000 temperatures. Range: 1.80 to 46.55
Processing batch 6/12 (rows 5001-6000)
  Calculated 1000 temperatures. Range: 3.06 to 49.48
Processing batch 7/12 (rows 6001-7000)
  Calculated 1000 temperatures. Range: 3.63 to 40.98
Processing batch 8/12 (rows 7001-8000)
  Calculated 1000 temperatures. Range: 6.19 to 46.16
Processing batch 9/12 (rows 8001-9000)
  Calculated 1000 temperatures. Range: 2.40 to 39.68
Processing batch 10/12 (rows 9001-10000)
  Calculated 1000 temperatures. Range: 2.48 to 39.28
Processing batch 11/12 (rows 10001-11000)
  Calculated 1000 temperatures. Range: 1.80 to 36.27
Processing batch 12/12 (rows 11001-11035)
  Calculated 35 temperatures. Range: 10.07 to 30.87
Total observations: 11035, Unique timestamps: 2207
MR parameters: mass=0.28, elev=2591.0, b0=17.10, b1=0.98, b2=-0.48, b3=0.000124
Sample tb=293.21 K, log(mass)=-1.2730, 1/(kT)=39.564582, exponent=-2.8172, rmr=0.059772
Sample tb=285.93 K, log(mass)=-1.2730, 1/(kT)=40.572446, exponent=-3.3010, rmr=0.036846
Sample tb=299.93 K, log(mass)=-1.2730, 1/(kT)=38.678375, exponent=-2.3918, rmr=0.091461
Sample tb=284.09 K, log(mass)=-1.2730, 1/(kT)=40.835329, exponent=-3.4272, rmr=0.032478
Sample tb=280.98 K, log(mass)=-1.2730, 1/(kT)=41.287894, exponent=-3.6444, rmr=0.026137
MR results: 0 NA, 0 infinite, 0 negative, 0 zero
Energy calculations: 4640 non-zero gains, 11035 non-zero losses out of 11035 observations
Saved results to output/results/B1/1951/F/eb_results_MB_1951_B1_B1.rds

Processing: Species=MB, Year=1952, Origin=B1, Climate=B1, Sex=F
Looking for climate data at: /mmfs1/gscratch/biology/jmsmith/targeted_microclimate/B1/simplified_B1_1952.rds
Directory /mmfs1/gscratch/biology/jmsmith/targeted_microclimate/B1 exists. Contents:
simplified_B1_1950.rds
simplified_B1_1951.rds
simplified_B1_1952.rds
simplified_B1_1953.rds
simplified_B1_1954.rds
simplified_B1_1955.rds
simplified_B1_1956.rds
simplified_B1_1957.rds
simplified_B1_1958.rds
simplified_B1_1959.rds
simplified_B1_2015.rds
simplified_B1_2016.rds
simplified_B1_2017.rds
simplified_B1_2018.rds
simplified_B1_2019.rds
simplified_B1_2020.rds
simplified_B1_2021.rds
simplified_B1_2022.rds
simplified_B1_2023.rds
simplified_B1_2024.rds
Processing batch 1/12 (rows 1-1000)
  Calculated 1000 temperatures. Range: -0.28 to 44.27
Processing batch 2/12 (rows 1001-2000)
  Calculated 1000 temperatures. Range: -1.78 to 60.00
Processing batch 3/12 (rows 2001-3000)
  Calculated 1000 temperatures. Range: 0.81 to 60.00
Processing batch 4/12 (rows 3001-4000)
  Calculated 1000 temperatures. Range: 1.51 to 45.32
Processing batch 5/12 (rows 4001-5000)
  Calculated 1000 temperatures. Range: 1.31 to 39.86
Processing batch 6/12 (rows 5001-6000)
  Calculated 1000 temperatures. Range: 2.08 to 45.72
Processing batch 7/12 (rows 6001-7000)
  Calculated 1000 temperatures. Range: 3.03 to 43.82
Processing batch 8/12 (rows 7001-8000)
  Calculated 1000 temperatures. Range: 4.48 to 41.72
Processing batch 9/12 (rows 8001-9000)
  Calculated 1000 temperatures. Range: 3.23 to 43.76
Processing batch 10/12 (rows 9001-10000)
  Calculated 1000 temperatures. Range: 4.04 to 44.84
Processing batch 11/12 (rows 10001-11000)
  Calculated 1000 temperatures. Range: -0.29 to 38.81
Processing batch 12/12 (rows 11001-11035)
  Calculated 35 temperatures. Range: 8.93 to 26.25
Total observations: 11035, Unique timestamps: 2207
MR parameters: mass=0.28, elev=2591.0, b0=17.10, b1=0.98, b2=-0.48, b3=0.000124
Sample tb=289.83 K, log(mass)=-1.2730, 1/(kT)=40.027105, exponent=-3.0392, rmr=0.047872
Sample tb=300.45 K, log(mass)=-1.2730, 1/(kT)=38.612186, exponent=-2.3601, rmr=0.094413
Sample tb=281.57 K, log(mass)=-1.2730, 1/(kT)=41.200474, exponent=-3.6024, rmr=0.027257
Sample tb=284.28 K, log(mass)=-1.2730, 1/(kT)=40.807415, exponent=-3.4138, rmr=0.032916
Sample tb=296.71 K, log(mass)=-1.2730, 1/(kT)=39.098602, exponent=-2.5936, rmr=0.074754
MR results: 0 NA, 0 infinite, 0 negative, 0 zero
Energy calculations: 5511 non-zero gains, 11035 non-zero losses out of 11035 observations
Saved results to output/results/B1/1952/F/eb_results_MB_1952_B1_B1.rds

Processing: Species=MB, Year=1953, Origin=B1, Climate=B1, Sex=F
Looking for climate data at: /mmfs1/gscratch/biology/jmsmith/targeted_microclimate/B1/simplified_B1_1953.rds
Directory /mmfs1/gscratch/biology/jmsmith/targeted_microclimate/B1 exists. Contents:
simplified_B1_1950.rds
simplified_B1_1951.rds
simplified_B1_1952.rds
simplified_B1_1953.rds
simplified_B1_1954.rds
simplified_B1_1955.rds
simplified_B1_1956.rds
simplified_B1_1957.rds
simplified_B1_1958.rds
simplified_B1_1959.rds
simplified_B1_2015.rds
simplified_B1_2016.rds
simplified_B1_2017.rds
simplified_B1_2018.rds
simplified_B1_2019.rds
simplified_B1_2020.rds
simplified_B1_2021.rds
simplified_B1_2022.rds
simplified_B1_2023.rds
simplified_B1_2024.rds
Processing batch 1/12 (rows 1-1000)
  Calculated 1000 temperatures. Range: -4.19 to 34.11
Processing batch 2/12 (rows 1001-2000)
  Calculated 1000 temperatures. Range: -0.72 to 46.01
Processing batch 3/12 (rows 2001-3000)
  Calculated 1000 temperatures. Range: 0.58 to 44.84
Processing batch 4/12 (rows 3001-4000)
  Calculated 1000 temperatures. Range: 1.56 to 49.30
Processing batch 5/12 (rows 4001-5000)
  Calculated 1000 temperatures. Range: 3.26 to 42.37
Processing batch 6/12 (rows 5001-6000)
  Calculated 1000 temperatures. Range: 3.37 to 37.89
Processing batch 7/12 (rows 6001-7000)
  Calculated 1000 temperatures. Range: 3.36 to 43.82
Processing batch 8/12 (rows 7001-8000)
  Calculated 1000 temperatures. Range: 2.20 to 39.71
Processing batch 9/12 (rows 8001-9000)
  Calculated 1000 temperatures. Range: 2.12 to 41.37
Processing batch 10/12 (rows 9001-10000)
  Calculated 1000 temperatures. Range: 0.61 to 38.14
Processing batch 11/12 (rows 10001-11000)
  Calculated 1000 temperatures. Range: 1.40 to 40.43
Processing batch 12/12 (rows 11001-11035)
  Calculated 35 temperatures. Range: 12.61 to 31.38
Total observations: 11035, Unique timestamps: 2207
MR parameters: mass=0.28, elev=2591.0, b0=17.10, b1=0.98, b2=-0.48, b3=0.000124
Sample tb=287.00 K, log(mass)=-1.2730, 1/(kT)=40.421093, exponent=-3.2283, rmr=0.039623
Sample tb=303.07 K, log(mass)=-1.2730, 1/(kT)=38.277423, exponent=-2.1994, rmr=0.110871
Sample tb=280.76 K, log(mass)=-1.2730, 1/(kT)=41.319717, exponent=-3.6597, rmr=0.025741
Sample tb=283.50 K, log(mass)=-1.2730, 1/(kT)=40.920549, exponent=-3.4681, rmr=0.031177
Sample tb=276.40 K, log(mass)=-1.2730, 1/(kT)=41.971519, exponent=-3.9726, rmr=0.018825
MR results: 0 NA, 0 infinite, 0 negative, 0 zero
Energy calculations: 5501 non-zero gains, 11035 non-zero losses out of 11035 observations
Saved results to output/results/B1/1953/F/eb_results_MB_1953_B1_B1.rds

Processing: Species=MB, Year=1954, Origin=B1, Climate=B1, Sex=F
Looking for climate data at: /mmfs1/gscratch/biology/jmsmith/targeted_microclimate/B1/simplified_B1_1954.rds
Directory /mmfs1/gscratch/biology/jmsmith/targeted_microclimate/B1 exists. Contents:
simplified_B1_1950.rds
simplified_B1_1951.rds
simplified_B1_1952.rds
simplified_B1_1953.rds
simplified_B1_1954.rds
simplified_B1_1955.rds
simplified_B1_1956.rds
simplified_B1_1957.rds
simplified_B1_1958.rds
simplified_B1_1959.rds
simplified_B1_2015.rds
simplified_B1_2016.rds
simplified_B1_2017.rds
simplified_B1_2018.rds
simplified_B1_2019.rds
simplified_B1_2020.rds
simplified_B1_2021.rds
simplified_B1_2022.rds
simplified_B1_2023.rds
simplified_B1_2024.rds
Processing batch 1/12 (rows 1-1000)
  Calculated 1000 temperatures. Range: -6.14 to 38.03
Processing batch 2/12 (rows 1001-2000)
  Calculated 1000 temperatures. Range: -2.12 to 35.09
Processing batch 3/12 (rows 2001-3000)
  Calculated 1000 temperatures. Range: 3.10 to 44.76
Processing batch 4/12 (rows 3001-4000)
  Calculated 1000 temperatures. Range: 2.46 to 44.36
Processing batch 5/12 (rows 4001-5000)
  Calculated 1000 temperatures. Range: 5.78 to 41.02
Processing batch 6/12 (rows 5001-6000)
  Calculated 1000 temperatures. Range: 6.28 to 45.45
Processing batch 7/12 (rows 6001-7000)
  Calculated 1000 temperatures. Range: 5.81 to 47.70
Processing batch 8/12 (rows 7001-8000)
  Calculated 1000 temperatures. Range: 3.14 to 41.14
Processing batch 9/12 (rows 8001-9000)
  Calculated 1000 temperatures. Range: 2.87 to 44.22
Processing batch 10/12 (rows 9001-10000)
  Calculated 1000 temperatures. Range: 1.06 to 42.30
Processing batch 11/12 (rows 10001-11000)
  Calculated 1000 temperatures. Range: 0.98 to 43.82
Processing batch 12/12 (rows 11001-11035)
  Calculated 35 temperatures. Range: 13.53 to 40.15
Total observations: 11035, Unique timestamps: 2207
MR parameters: mass=0.28, elev=2591.0, b0=17.10, b1=0.98, b2=-0.48, b3=0.000124
Sample tb=296.21 K, log(mass)=-1.2730, 1/(kT)=39.164543, exponent=-2.6252, rmr=0.072425
Sample tb=284.13 K, log(mass)=-1.2730, 1/(kT)=40.829124, exponent=-3.4242, rmr=0.032575
Sample tb=285.86 K, log(mass)=-1.2730, 1/(kT)=40.581973, exponent=-3.3056, rmr=0.036678
Sample tb=272.51 K, log(mass)=-1.2730, 1/(kT)=42.570305, exponent=-4.2600, rmr=0.014123
Sample tb=286.77 K, log(mass)=-1.2730, 1/(kT)=40.453874, exponent=-3.2441, rmr=0.039004
MR results: 0 NA, 0 infinite, 0 negative, 0 zero
Energy calculations: 5745 non-zero gains, 11035 non-zero losses out of 11035 observations
Saved results to output/results/B1/1954/F/eb_results_MB_1954_B1_B1.rds

Processing: Species=MB, Year=1955, Origin=B1, Climate=B1, Sex=F
Looking for climate data at: /mmfs1/gscratch/biology/jmsmith/targeted_microclimate/B1/simplified_B1_1955.rds
Directory /mmfs1/gscratch/biology/jmsmith/targeted_microclimate/B1 exists. Contents:
simplified_B1_1950.rds
simplified_B1_1951.rds
simplified_B1_1952.rds
simplified_B1_1953.rds
simplified_B1_1954.rds
simplified_B1_1955.rds
simplified_B1_1956.rds
simplified_B1_1957.rds
simplified_B1_1958.rds
simplified_B1_1959.rds
simplified_B1_2015.rds
simplified_B1_2016.rds
simplified_B1_2017.rds
simplified_B1_2018.rds
simplified_B1_2019.rds
simplified_B1_2020.rds
simplified_B1_2021.rds
simplified_B1_2022.rds
simplified_B1_2023.rds
simplified_B1_2024.rds
Processing batch 1/12 (rows 1-1000)
  Calculated 1000 temperatures. Range: -4.98 to 34.21
Processing batch 2/12 (rows 1001-2000)
  Calculated 1000 temperatures. Range: -4.29 to 38.49
Processing batch 3/12 (rows 2001-3000)
  Calculated 1000 temperatures. Range: -0.42 to 40.46
Processing batch 4/12 (rows 3001-4000)
  Calculated 1000 temperatures. Range: -0.71 to 43.57
Processing batch 5/12 (rows 4001-5000)
  Calculated 1000 temperatures. Range: 1.13 to 41.41
Processing batch 6/12 (rows 5001-6000)
  Calculated 1000 temperatures. Range: 2.23 to 44.54
Processing batch 7/12 (rows 6001-7000)
  Calculated 1000 temperatures. Range: 4.78 to 40.58
Processing batch 8/12 (rows 7001-8000)
  Calculated 1000 temperatures. Range: 4.40 to 40.74
Processing batch 9/12 (rows 8001-9000)
  Calculated 1000 temperatures. Range: 4.22 to 40.05
Processing batch 10/12 (rows 9001-10000)
  Calculated 1000 temperatures. Range: 3.54 to 39.05
Processing batch 11/12 (rows 10001-11000)
  Calculated 1000 temperatures. Range: 1.02 to 41.41
Processing batch 12/12 (rows 11001-11035)
  Calculated 35 temperatures. Range: 11.37 to 38.19
Total observations: 11035, Unique timestamps: 2207
MR parameters: mass=0.28, elev=2591.0, b0=17.10, b1=0.98, b2=-0.48, b3=0.000124
Sample tb=298.26 K, log(mass)=-1.2730, 1/(kT)=38.894855, exponent=-2.4958, rmr=0.082434
Sample tb=281.68 K, log(mass)=-1.2730, 1/(kT)=41.184949, exponent=-3.5950, rmr=0.027461
Sample tb=294.16 K, log(mass)=-1.2730, 1/(kT)=39.437964, exponent=-2.7564, rmr=0.063517
Sample tb=287.32 K, log(mass)=-1.2730, 1/(kT)=40.376281, exponent=-3.2068, rmr=0.040484
Sample tb=273.65 K, log(mass)=-1.2730, 1/(kT)=42.393882, exponent=-4.1753, rmr=0.015371
MR results: 0 NA, 0 infinite, 0 negative, 0 zero
Energy calculations: 5394 non-zero gains, 11035 non-zero losses out of 11035 observations
Saved results to output/results/B1/1955/F/eb_results_MB_1955_B1_B1.rds

Processing: Species=MB, Year=1956, Origin=B1, Climate=B1, Sex=F
Looking for climate data at: /mmfs1/gscratch/biology/jmsmith/targeted_microclimate/B1/simplified_B1_1956.rds
Directory /mmfs1/gscratch/biology/jmsmith/targeted_microclimate/B1 exists. Contents:
simplified_B1_1950.rds
simplified_B1_1951.rds
simplified_B1_1952.rds
simplified_B1_1953.rds
simplified_B1_1954.rds
simplified_B1_1955.rds
simplified_B1_1956.rds
simplified_B1_1957.rds
simplified_B1_1958.rds
simplified_B1_1959.rds
simplified_B1_2015.rds
simplified_B1_2016.rds
simplified_B1_2017.rds
simplified_B1_2018.rds
simplified_B1_2019.rds
simplified_B1_2020.rds
simplified_B1_2021.rds
simplified_B1_2022.rds
simplified_B1_2023.rds
simplified_B1_2024.rds
Processing batch 1/12 (rows 1-1000)
  Calculated 1000 temperatures. Range: -0.13 to 49.18
Processing batch 2/12 (rows 1001-2000)
  Calculated 1000 temperatures. Range: 0.36 to 44.69
Processing batch 3/12 (rows 2001-3000)
  Calculated 1000 temperatures. Range: 0.57 to 40.36
Processing batch 4/12 (rows 3001-4000)
  Calculated 1000 temperatures. Range: 2.63 to 42.70
Processing batch 5/12 (rows 4001-5000)
  Calculated 1000 temperatures. Range: 1.96 to 43.27
Processing batch 6/12 (rows 5001-6000)
  Calculated 1000 temperatures. Range: 2.71 to 46.05
Processing batch 7/12 (rows 6001-7000)
  Calculated 1000 temperatures. Range: 3.01 to 41.26
Processing batch 8/12 (rows 7001-8000)
  Calculated 1000 temperatures. Range: 1.68 to 38.04
Processing batch 9/12 (rows 8001-9000)
  Calculated 1000 temperatures. Range: 1.80 to 41.77
Processing batch 10/12 (rows 9001-10000)
  Calculated 1000 temperatures. Range: 0.89 to 42.89
Processing batch 11/12 (rows 10001-11000)
  Calculated 1000 temperatures. Range: -3.11 to 40.85
Processing batch 12/12 (rows 11001-11035)
  Calculated 35 temperatures. Range: 4.95 to 29.58
Total observations: 11035, Unique timestamps: 2207
MR parameters: mass=0.28, elev=2591.0, b0=17.10, b1=0.98, b2=-0.48, b3=0.000124
Sample tb=290.63 K, log(mass)=-1.2730, 1/(kT)=39.916830, exponent=-2.9863, rmr=0.050474
Sample tb=277.61 K, log(mass)=-1.2730, 1/(kT)=41.788995, exponent=-3.8849, rmr=0.020549
Sample tb=275.80 K, log(mass)=-1.2730, 1/(kT)=42.062988, exponent=-4.0165, rmr=0.018017
Sample tb=282.57 K, log(mass)=-1.2730, 1/(kT)=41.055673, exponent=-3.5329, rmr=0.029219
Sample tb=286.60 K, log(mass)=-1.2730, 1/(kT)=40.478433, exponent=-3.2559, rmr=0.038547
MR results: 0 NA, 0 infinite, 0 negative, 0 zero
Energy calculations: 5293 non-zero gains, 11035 non-zero losses out of 11035 observations
Saved results to output/results/B1/1956/F/eb_results_MB_1956_B1_B1.rds

Processing: Species=MB, Year=1957, Origin=B1, Climate=B1, Sex=F
Looking for climate data at: /mmfs1/gscratch/biology/jmsmith/targeted_microclimate/B1/simplified_B1_1957.rds
Directory /mmfs1/gscratch/biology/jmsmith/targeted_microclimate/B1 exists. Contents:
simplified_B1_1950.rds
simplified_B1_1951.rds
simplified_B1_1952.rds
simplified_B1_1953.rds
simplified_B1_1954.rds
simplified_B1_1955.rds
simplified_B1_1956.rds
simplified_B1_1957.rds
simplified_B1_1958.rds
simplified_B1_1959.rds
simplified_B1_2015.rds
simplified_B1_2016.rds
simplified_B1_2017.rds
simplified_B1_2018.rds
simplified_B1_2019.rds
simplified_B1_2020.rds
simplified_B1_2021.rds
simplified_B1_2022.rds
simplified_B1_2023.rds
simplified_B1_2024.rds
Processing batch 1/12 (rows 1-1000)
  Calculated 1000 temperatures. Range: -1.36 to 42.70
Processing batch 2/12 (rows 1001-2000)
  Calculated 1000 temperatures. Range: -2.30 to 42.32
Processing batch 3/12 (rows 2001-3000)
  Calculated 1000 temperatures. Range: -4.88 to 36.69
Processing batch 4/12 (rows 3001-4000)
  Calculated 1000 temperatures. Range: 2.58 to 39.19
Processing batch 5/12 (rows 4001-5000)
  Calculated 1000 temperatures. Range: 1.36 to 46.15
Processing batch 6/12 (rows 5001-6000)
  Calculated 1000 temperatures. Range: 5.04 to 44.20
Processing batch 7/12 (rows 6001-7000)
  Calculated 1000 temperatures. Range: 4.12 to 39.39
Processing batch 8/12 (rows 7001-8000)
  Calculated 1000 temperatures. Range: 5.71 to 45.79
Processing batch 9/12 (rows 8001-9000)
  Calculated 1000 temperatures. Range: 3.97 to 41.30
Processing batch 10/12 (rows 9001-10000)
  Calculated 1000 temperatures. Range: 3.31 to 39.06
Processing batch 11/12 (rows 10001-11000)
  Calculated 1000 temperatures. Range: 2.61 to 43.51
Processing batch 12/12 (rows 11001-11035)
  Calculated 35 temperatures. Range: 9.65 to 32.88
Total observations: 11035, Unique timestamps: 2207
MR parameters: mass=0.28, elev=2591.0, b0=17.10, b1=0.98, b2=-0.48, b3=0.000124
Sample tb=280.94 K, log(mass)=-1.2730, 1/(kT)=41.292570, exponent=-3.6467, rmr=0.026078
Sample tb=303.93 K, log(mass)=-1.2730, 1/(kT)=38.169830, exponent=-2.1477, rmr=0.116748
Sample tb=279.59 K, log(mass)=-1.2730, 1/(kT)=41.493232, exponent=-3.7430, rmr=0.023684
Sample tb=299.16 K, log(mass)=-1.2730, 1/(kT)=38.777790, exponent=-2.4396, rmr=0.087199
Sample tb=295.53 K, log(mass)=-1.2730, 1/(kT)=39.255307, exponent=-2.6688, rmr=0.069337
MR results: 0 NA, 0 infinite, 0 negative, 0 zero
Energy calculations: 5296 non-zero gains, 11035 non-zero losses out of 11035 observations
Saved results to output/results/B1/1957/F/eb_results_MB_1957_B1_B1.rds

Processing: Species=MB, Year=1958, Origin=B1, Climate=B1, Sex=F
Looking for climate data at: /mmfs1/gscratch/biology/jmsmith/targeted_microclimate/B1/simplified_B1_1958.rds
Directory /mmfs1/gscratch/biology/jmsmith/targeted_microclimate/B1 exists. Contents:
simplified_B1_1950.rds
simplified_B1_1951.rds
simplified_B1_1952.rds
simplified_B1_1953.rds
simplified_B1_1954.rds
simplified_B1_1955.rds
simplified_B1_1956.rds
simplified_B1_1957.rds
simplified_B1_1958.rds
simplified_B1_1959.rds
simplified_B1_2015.rds
simplified_B1_2016.rds
simplified_B1_2017.rds
simplified_B1_2018.rds
simplified_B1_2019.rds
simplified_B1_2020.rds
simplified_B1_2021.rds
simplified_B1_2022.rds
simplified_B1_2023.rds
simplified_B1_2024.rds
Processing batch 1/12 (rows 1-1000)
  Calculated 1000 temperatures. Range: 0.04 to 40.40
Processing batch 2/12 (rows 1001-2000)
  Calculated 1000 temperatures. Range: -0.71 to 36.70
Processing batch 3/12 (rows 2001-3000)
  Calculated 1000 temperatures. Range: 1.65 to 39.10
Processing batch 4/12 (rows 3001-4000)
  Calculated 1000 temperatures. Range: 0.72 to 41.31
Processing batch 5/12 (rows 4001-5000)
  Calculated 1000 temperatures. Range: 1.32 to 43.72
Processing batch 6/12 (rows 5001-6000)
  Calculated 1000 temperatures. Range: 1.89 to 40.71
Processing batch 7/12 (rows 6001-7000)
  Calculated 1000 temperatures. Range: 2.02 to 42.01
Processing batch 8/12 (rows 7001-8000)
  Calculated 1000 temperatures. Range: 2.94 to 43.58
Processing batch 9/12 (rows 8001-9000)
  Calculated 1000 temperatures. Range: 3.74 to 42.25
Processing batch 10/12 (rows 9001-10000)
  Calculated 1000 temperatures. Range: 4.59 to 43.10
Processing batch 11/12 (rows 10001-11000)
  Calculated 1000 temperatures. Range: 1.78 to 35.17
Processing batch 12/12 (rows 11001-11035)
  Calculated 35 temperatures. Range: 11.31 to 36.19
Total observations: 11035, Unique timestamps: 2207
MR parameters: mass=0.28, elev=2591.0, b0=17.10, b1=0.98, b2=-0.48, b3=0.000124
Sample tb=277.32 K, log(mass)=-1.2730, 1/(kT)=41.831703, exponent=-3.9054, rmr=0.020132
Sample tb=292.41 K, log(mass)=-1.2730, 1/(kT)=39.673410, exponent=-2.8695, rmr=0.056730
Sample tb=274.45 K, log(mass)=-1.2730, 1/(kT)=42.269245, exponent=-4.1155, rmr=0.016318
Sample tb=299.65 K, log(mass)=-1.2730, 1/(kT)=38.714352, exponent=-2.4091, rmr=0.089895
Sample tb=286.75 K, log(mass)=-1.2730, 1/(kT)=40.457109, exponent=-3.2456, rmr=0.038944
MR results: 0 NA, 0 infinite, 0 negative, 0 zero
Energy calculations: 5333 non-zero gains, 11035 non-zero losses out of 11035 observations
Saved results to output/results/B1/1958/F/eb_results_MB_1958_B1_B1.rds

Processing: Species=MB, Year=1959, Origin=B1, Climate=B1, Sex=F
Looking for climate data at: /mmfs1/gscratch/biology/jmsmith/targeted_microclimate/B1/simplified_B1_1959.rds
Directory /mmfs1/gscratch/biology/jmsmith/targeted_microclimate/B1 exists. Contents:
simplified_B1_1950.rds
simplified_B1_1951.rds
simplified_B1_1952.rds
simplified_B1_1953.rds
simplified_B1_1954.rds
simplified_B1_1955.rds
simplified_B1_1956.rds
simplified_B1_1957.rds
simplified_B1_1958.rds
simplified_B1_1959.rds
simplified_B1_2015.rds
simplified_B1_2016.rds
simplified_B1_2017.rds
simplified_B1_2018.rds
simplified_B1_2019.rds
simplified_B1_2020.rds
simplified_B1_2021.rds
simplified_B1_2022.rds
simplified_B1_2023.rds
simplified_B1_2024.rds
Processing batch 1/12 (rows 1-1000)
  Calculated 1000 temperatures. Range: -5.77 to 43.82
Processing batch 2/12 (rows 1001-2000)
  Calculated 1000 temperatures. Range: 1.60 to 43.22
Processing batch 3/12 (rows 2001-3000)
  Calculated 1000 temperatures. Range: 3.35 to 43.32
Processing batch 4/12 (rows 3001-4000)
  Calculated 1000 temperatures. Range: -0.11 to 38.83
Processing batch 5/12 (rows 4001-5000)
  Calculated 1000 temperatures. Range: 0.18 to 40.59
Processing batch 6/12 (rows 5001-6000)
  Calculated 1000 temperatures. Range: 3.38 to 48.35
Processing batch 7/12 (rows 6001-7000)
  Calculated 1000 temperatures. Range: 3.23 to 44.78
Processing batch 8/12 (rows 7001-8000)
  Calculated 1000 temperatures. Range: 4.43 to 38.13
Processing batch 9/12 (rows 8001-9000)
  Calculated 1000 temperatures. Range: 3.70 to 46.59
Processing batch 10/12 (rows 9001-10000)
  Calculated 1000 temperatures. Range: 3.25 to 42.67
Processing batch 11/12 (rows 10001-11000)
  Calculated 1000 temperatures. Range: 1.97 to 38.48
Processing batch 12/12 (rows 11001-11035)
  Calculated 35 temperatures. Range: 11.70 to 32.12
Total observations: 11035, Unique timestamps: 2207
MR parameters: mass=0.28, elev=2591.0, b0=17.10, b1=0.98, b2=-0.48, b3=0.000124
Sample tb=309.12 K, log(mass)=-1.2730, 1/(kT)=37.528486, exponent=-1.8399, rmr=0.158834
Sample tb=287.78 K, log(mass)=-1.2730, 1/(kT)=40.311353, exponent=-3.1757, rmr=0.041766
Sample tb=295.86 K, log(mass)=-1.2730, 1/(kT)=39.210853, exponent=-2.6474, rmr=0.070833
Sample tb=302.16 K, log(mass)=-1.2730, 1/(kT)=38.393473, exponent=-2.2551, rmr=0.104864
Sample tb=282.19 K, log(mass)=-1.2730, 1/(kT)=41.110407, exponent=-3.5592, rmr=0.028461
MR results: 0 NA, 0 infinite, 0 negative, 0 zero
Energy calculations: 5453 non-zero gains, 11035 non-zero losses out of 11035 observations
Saved results to output/results/B1/1959/F/eb_results_MB_1959_B1_B1.rds

All years processed.
