Arguments received:
Species: MB
Years: 2015, 2016, 2017, 2018, 2019, 2020, 2021, 2022, 2023, 2024
Origin site: A1
Climate site: D1
Sex: M
Output directory: output/results/A1
Library paths:
[1] "/gscratch/biology/jmsmith/R"                          
[2] "/mmfs1/home/smithju/R/x86_64-pc-linux-gnu-library/4.4"
[3] "/usr/local/lib/R/site-library"                        
[4] "/usr/local/lib/R/library"                             
Package tidyverse loaded successfully
Package TrenchR loaded successfully
Package rTPC loaded successfully
Package lubridate loaded successfully

Processing: Species=MB, Year=2015, Origin=A1, Climate=D1, Sex=M
Looking for climate data at: /mmfs1/gscratch/biology/jmsmith/targeted_microclimate/D1/simplified_D1_2015.rds
Directory /mmfs1/gscratch/biology/jmsmith/targeted_microclimate/D1 exists. Contents:
simplified_D1_1950.rds
simplified_D1_1951.rds
simplified_D1_1952.rds
simplified_D1_1953.rds
simplified_D1_1954.rds
simplified_D1_1955.rds
simplified_D1_1956.rds
simplified_D1_1957.rds
simplified_D1_1958.rds
simplified_D1_1959.rds
simplified_D1_2015.rds
simplified_D1_2016.rds
simplified_D1_2017.rds
simplified_D1_2018.rds
simplified_D1_2019.rds
simplified_D1_2020.rds
simplified_D1_2021.rds
simplified_D1_2022.rds
simplified_D1_2023.rds
simplified_D1_2024.rds
Processing batch 1/12 (rows 1-1000)
  Calculated 1000 temperatures. Range: -3.78 to 49.37
Processing batch 2/12 (rows 1001-2000)
  Calculated 1000 temperatures. Range: -2.31 to 49.38
Processing batch 3/12 (rows 2001-3000)
  Calculated 1000 temperatures. Range: 0.39 to 50.72
Processing batch 4/12 (rows 3001-4000)
  Calculated 1000 temperatures. Range: 2.32 to 51.45
Processing batch 5/12 (rows 4001-5000)
  Calculated 1000 temperatures. Range: -0.16 to 50.10
Processing batch 6/12 (rows 5001-6000)
  Calculated 1000 temperatures. Range: -0.05 to 45.39
Processing batch 7/12 (rows 6001-7000)
  Calculated 1000 temperatures. Range: -0.96 to 41.58
Processing batch 8/12 (rows 7001-8000)
  Calculated 1000 temperatures. Range: 0.36 to 45.19
Processing batch 9/12 (rows 8001-9000)
  Calculated 1000 temperatures. Range: 0.86 to 50.21
Processing batch 10/12 (rows 9001-10000)
  Calculated 1000 temperatures. Range: -1.90 to 49.35
Processing batch 11/12 (rows 10001-11000)
  Calculated 1000 temperatures. Range: -1.17 to 45.86
Processing batch 12/12 (rows 11001-11035)
  Calculated 35 temperatures. Range: 6.71 to 35.11
Total observations: 11035, Unique timestamps: 2207
MR parameters: mass=0.33, elev=2195.0, b0=17.10, b1=0.98, b2=-0.48, b3=0.000124
Sample tb=278.61 K, log(mass)=-1.1087, 1/(kT)=41.638143, exponent=-3.7006, rmr=0.024708
Sample tb=300.68 K, log(mass)=-1.1087, 1/(kT)=38.582662, exponent=-2.2340, rmr=0.107101
Sample tb=281.50 K, log(mass)=-1.1087, 1/(kT)=41.211602, exponent=-3.4959, rmr=0.030322
Sample tb=292.52 K, log(mass)=-1.1087, 1/(kT)=39.657909, exponent=-2.7501, rmr=0.063921
Sample tb=288.22 K, log(mass)=-1.1087, 1/(kT)=40.249581, exponent=-3.0341, rmr=0.048118
MR results: 0 NA, 0 infinite, 0 negative, 0 zero
Energy calculations: 4478 non-zero gains, 11035 non-zero losses out of 11035 observations
Saved results to output/results/A1/2015/M/eb_results_MB_2015_A1_D1.rds

Processing: Species=MB, Year=2016, Origin=A1, Climate=D1, Sex=M
Looking for climate data at: /mmfs1/gscratch/biology/jmsmith/targeted_microclimate/D1/simplified_D1_2016.rds
Directory /mmfs1/gscratch/biology/jmsmith/targeted_microclimate/D1 exists. Contents:
simplified_D1_1950.rds
simplified_D1_1951.rds
simplified_D1_1952.rds
simplified_D1_1953.rds
simplified_D1_1954.rds
simplified_D1_1955.rds
simplified_D1_1956.rds
simplified_D1_1957.rds
simplified_D1_1958.rds
simplified_D1_1959.rds
simplified_D1_2015.rds
simplified_D1_2016.rds
simplified_D1_2017.rds
simplified_D1_2018.rds
simplified_D1_2019.rds
simplified_D1_2020.rds
simplified_D1_2021.rds
simplified_D1_2022.rds
simplified_D1_2023.rds
simplified_D1_2024.rds
Processing batch 1/12 (rows 1-1000)
  Calculated 1000 temperatures. Range: -4.77 to 45.44
Processing batch 2/12 (rows 1001-2000)
  Calculated 1000 temperatures. Range: -3.60 to 51.46
Processing batch 3/12 (rows 2001-3000)
  Calculated 1000 temperatures. Range: -0.05 to 47.03
Processing batch 4/12 (rows 3001-4000)
  Calculated 1000 temperatures. Range: -0.10 to 52.85
Processing batch 5/12 (rows 4001-5000)
  Calculated 1000 temperatures. Range: -1.72 to 47.28
Processing batch 6/12 (rows 5001-6000)
  Calculated 1000 temperatures. Range: -1.06 to 44.41
Processing batch 7/12 (rows 6001-7000)
  Calculated 1000 temperatures. Range: 2.74 to 51.97
Processing batch 8/12 (rows 7001-8000)
  Calculated 1000 temperatures. Range: 2.93 to 49.30
Processing batch 9/12 (rows 8001-9000)
  Calculated 1000 temperatures. Range: -0.32 to 46.34
Processing batch 10/12 (rows 9001-10000)
  Calculated 1000 temperatures. Range: -0.54 to 47.32
Processing batch 11/12 (rows 10001-11000)
  Calculated 1000 temperatures. Range: -2.65 to 44.55
Processing batch 12/12 (rows 11001-11035)
  Calculated 35 temperatures. Range: 9.03 to 36.37
Total observations: 11035, Unique timestamps: 2207
MR parameters: mass=0.33, elev=2195.0, b0=17.10, b1=0.98, b2=-0.48, b3=0.000124
Sample tb=296.72 K, log(mass)=-1.1087, 1/(kT)=39.096950, exponent=-2.4808, rmr=0.083672
Sample tb=282.75 K, log(mass)=-1.1087, 1/(kT)=41.028405, exponent=-3.4079, rmr=0.033109
Sample tb=299.82 K, log(mass)=-1.1087, 1/(kT)=38.693594, exponent=-2.2872, rmr=0.101547
Sample tb=288.45 K, log(mass)=-1.1087, 1/(kT)=40.217712, exponent=-3.0188, rmr=0.048859
Sample tb=277.37 K, log(mass)=-1.1087, 1/(kT)=41.824924, exponent=-3.7903, rmr=0.022589
MR results: 0 NA, 0 infinite, 0 negative, 0 zero
Energy calculations: 4530 non-zero gains, 11035 non-zero losses out of 11035 observations
Saved results to output/results/A1/2016/M/eb_results_MB_2016_A1_D1.rds

Processing: Species=MB, Year=2017, Origin=A1, Climate=D1, Sex=M
Looking for climate data at: /mmfs1/gscratch/biology/jmsmith/targeted_microclimate/D1/simplified_D1_2017.rds
Directory /mmfs1/gscratch/biology/jmsmith/targeted_microclimate/D1 exists. Contents:
simplified_D1_1950.rds
simplified_D1_1951.rds
simplified_D1_1952.rds
simplified_D1_1953.rds
simplified_D1_1954.rds
simplified_D1_1955.rds
simplified_D1_1956.rds
simplified_D1_1957.rds
simplified_D1_1958.rds
simplified_D1_1959.rds
simplified_D1_2015.rds
simplified_D1_2016.rds
simplified_D1_2017.rds
simplified_D1_2018.rds
simplified_D1_2019.rds
simplified_D1_2020.rds
simplified_D1_2021.rds
simplified_D1_2022.rds
simplified_D1_2023.rds
simplified_D1_2024.rds
Processing batch 1/12 (rows 1-1000)
  Calculated 1000 temperatures. Range: -3.22 to 47.13
Processing batch 2/12 (rows 1001-2000)
  Calculated 1000 temperatures. Range: -4.74 to 44.57
Processing batch 3/12 (rows 2001-3000)
  Calculated 1000 temperatures. Range: 0.70 to 48.11
Processing batch 4/12 (rows 3001-4000)
  Calculated 1000 temperatures. Range: -2.15 to 44.86
Processing batch 5/12 (rows 4001-5000)
  Calculated 1000 temperatures. Range: 1.11 to 48.97
Processing batch 6/12 (rows 5001-6000)
  Calculated 1000 temperatures. Range: 1.22 to 50.58
Processing batch 7/12 (rows 6001-7000)
  Calculated 1000 temperatures. Range: 3.30 to 49.69
Processing batch 8/12 (rows 7001-8000)
  Calculated 1000 temperatures. Range: 1.43 to 46.94
Processing batch 9/12 (rows 8001-9000)
  Calculated 1000 temperatures. Range: 0.12 to 47.61
Processing batch 10/12 (rows 9001-10000)
  Calculated 1000 temperatures. Range: -0.07 to 47.79
Processing batch 11/12 (rows 10001-11000)
  Calculated 1000 temperatures. Range: 0.79 to 47.95
Processing batch 12/12 (rows 11001-11035)
  Calculated 35 temperatures. Range: 9.12 to 45.14
Total observations: 11035, Unique timestamps: 2207
MR parameters: mass=0.33, elev=2195.0, b0=17.10, b1=0.98, b2=-0.48, b3=0.000124
Sample tb=279.38 K, log(mass)=-1.1087, 1/(kT)=41.524392, exponent=-3.6460, rmr=0.026095
Sample tb=278.97 K, log(mass)=-1.1087, 1/(kT)=41.584521, exponent=-3.6749, rmr=0.025352
Sample tb=280.20 K, log(mass)=-1.1087, 1/(kT)=41.401839, exponent=-3.5872, rmr=0.027676
Sample tb=284.44 K, log(mass)=-1.1087, 1/(kT)=40.785271, exponent=-3.2912, rmr=0.037208
Sample tb=270.64 K, log(mass)=-1.1087, 1/(kT)=42.865419, exponent=-4.2897, rmr=0.013709
MR results: 0 NA, 0 infinite, 0 negative, 0 zero
Energy calculations: 4538 non-zero gains, 11035 non-zero losses out of 11035 observations
Saved results to output/results/A1/2017/M/eb_results_MB_2017_A1_D1.rds

Processing: Species=MB, Year=2018, Origin=A1, Climate=D1, Sex=M
Looking for climate data at: /mmfs1/gscratch/biology/jmsmith/targeted_microclimate/D1/simplified_D1_2018.rds
Directory /mmfs1/gscratch/biology/jmsmith/targeted_microclimate/D1 exists. Contents:
simplified_D1_1950.rds
simplified_D1_1951.rds
simplified_D1_1952.rds
simplified_D1_1953.rds
simplified_D1_1954.rds
simplified_D1_1955.rds
simplified_D1_1956.rds
simplified_D1_1957.rds
simplified_D1_1958.rds
simplified_D1_1959.rds
simplified_D1_2015.rds
simplified_D1_2016.rds
simplified_D1_2017.rds
simplified_D1_2018.rds
simplified_D1_2019.rds
simplified_D1_2020.rds
simplified_D1_2021.rds
simplified_D1_2022.rds
simplified_D1_2023.rds
simplified_D1_2024.rds
Processing batch 1/12 (rows 1-1000)
  Calculated 1000 temperatures. Range: -5.24 to 46.23
Processing batch 2/12 (rows 1001-2000)
  Calculated 1000 temperatures. Range: -3.57 to 38.28
Processing batch 3/12 (rows 2001-3000)
  Calculated 1000 temperatures. Range: -2.78 to 47.94
Processing batch 4/12 (rows 3001-4000)
  Calculated 1000 temperatures. Range: -2.22 to 45.89
Processing batch 5/12 (rows 4001-5000)
  Calculated 1000 temperatures. Range: 1.85 to 52.53
Processing batch 6/12 (rows 5001-6000)
  Calculated 1000 temperatures. Range: 2.83 to 49.96
Processing batch 7/12 (rows 6001-7000)
  Calculated 1000 temperatures. Range: 2.36 to 46.18
Processing batch 8/12 (rows 7001-8000)
  Calculated 1000 temperatures. Range: 1.84 to 38.81
Processing batch 9/12 (rows 8001-9000)
  Calculated 1000 temperatures. Range: 0.57 to 54.09
Processing batch 10/12 (rows 9001-10000)
  Calculated 1000 temperatures. Range: -0.70 to 48.87
Processing batch 11/12 (rows 10001-11000)
  Calculated 1000 temperatures. Range: -0.92 to 45.67
Processing batch 12/12 (rows 11001-11035)
  Calculated 35 temperatures. Range: 8.48 to 29.71
Total observations: 11035, Unique timestamps: 2207
MR parameters: mass=0.33, elev=2195.0, b0=17.10, b1=0.98, b2=-0.48, b3=0.000124
Sample tb=276.56 K, log(mass)=-1.1087, 1/(kT)=41.947415, exponent=-3.8491, rmr=0.021300
Sample tb=280.63 K, log(mass)=-1.1087, 1/(kT)=41.339336, exponent=-3.5572, rmr=0.028519
Sample tb=279.31 K, log(mass)=-1.1087, 1/(kT)=41.534716, exponent=-3.6510, rmr=0.025966
Sample tb=281.33 K, log(mass)=-1.1087, 1/(kT)=41.235902, exponent=-3.5075, rmr=0.029970
Sample tb=280.78 K, log(mass)=-1.1087, 1/(kT)=41.316759, exponent=-3.5464, rmr=0.028830
MR results: 0 NA, 0 infinite, 0 negative, 0 zero
Energy calculations: 4668 non-zero gains, 11035 non-zero losses out of 11035 observations
Saved results to output/results/A1/2018/M/eb_results_MB_2018_A1_D1.rds

Processing: Species=MB, Year=2019, Origin=A1, Climate=D1, Sex=M
Looking for climate data at: /mmfs1/gscratch/biology/jmsmith/targeted_microclimate/D1/simplified_D1_2019.rds
Directory /mmfs1/gscratch/biology/jmsmith/targeted_microclimate/D1 exists. Contents:
simplified_D1_1950.rds
simplified_D1_1951.rds
simplified_D1_1952.rds
simplified_D1_1953.rds
simplified_D1_1954.rds
simplified_D1_1955.rds
simplified_D1_1956.rds
simplified_D1_1957.rds
simplified_D1_1958.rds
simplified_D1_1959.rds
simplified_D1_2015.rds
simplified_D1_2016.rds
simplified_D1_2017.rds
simplified_D1_2018.rds
simplified_D1_2019.rds
simplified_D1_2020.rds
simplified_D1_2021.rds
simplified_D1_2022.rds
simplified_D1_2023.rds
simplified_D1_2024.rds
Processing batch 1/12 (rows 1-1000)
  Calculated 1000 temperatures. Range: -5.61 to 47.86
Processing batch 2/12 (rows 1001-2000)
  Calculated 1000 temperatures. Range: -7.94 to 44.79
Processing batch 3/12 (rows 2001-3000)
  Calculated 1000 temperatures. Range: -6.33 to 41.41
Processing batch 4/12 (rows 3001-4000)
  Calculated 1000 temperatures. Range: -4.57 to 48.79
Processing batch 5/12 (rows 4001-5000)
  Calculated 1000 temperatures. Range: -0.92 to 51.44
Processing batch 6/12 (rows 5001-6000)
  Calculated 1000 temperatures. Range: 1.51 to 46.41
Processing batch 7/12 (rows 6001-7000)
  Calculated 1000 temperatures. Range: 2.46 to 47.44
Processing batch 8/12 (rows 7001-8000)
  Calculated 1000 temperatures. Range: 0.59 to 53.18
Processing batch 9/12 (rows 8001-9000)
  Calculated 1000 temperatures. Range: 0.87 to 49.35
Processing batch 10/12 (rows 9001-10000)
  Calculated 1000 temperatures. Range: 0.11 to 42.62
Processing batch 11/12 (rows 10001-11000)
  Calculated 1000 temperatures. Range: -0.09 to 46.36
Processing batch 12/12 (rows 11001-11035)
  Calculated 35 temperatures. Range: 9.94 to 44.13
Total observations: 11035, Unique timestamps: 2207
MR parameters: mass=0.33, elev=2195.0, b0=17.10, b1=0.98, b2=-0.48, b3=0.000124
Sample tb=273.09 K, log(mass)=-1.1087, 1/(kT)=42.480237, exponent=-4.1048, rmr=0.016493
Sample tb=280.32 K, log(mass)=-1.1087, 1/(kT)=41.384855, exponent=-3.5790, rmr=0.027902
Sample tb=289.78 K, log(mass)=-1.1087, 1/(kT)=40.034228, exponent=-2.9307, rmr=0.053358
Sample tb=289.42 K, log(mass)=-1.1087, 1/(kT)=40.083519, exponent=-2.9544, rmr=0.052110
Sample tb=302.08 K, log(mass)=-1.1087, 1/(kT)=38.403441, exponent=-2.1480, rmr=0.116722
MR results: 0 NA, 0 infinite, 0 negative, 0 zero
Energy calculations: 4282 non-zero gains, 11035 non-zero losses out of 11035 observations
Saved results to output/results/A1/2019/M/eb_results_MB_2019_A1_D1.rds

Processing: Species=MB, Year=2020, Origin=A1, Climate=D1, Sex=M
Looking for climate data at: /mmfs1/gscratch/biology/jmsmith/targeted_microclimate/D1/simplified_D1_2020.rds
Directory /mmfs1/gscratch/biology/jmsmith/targeted_microclimate/D1 exists. Contents:
simplified_D1_1950.rds
simplified_D1_1951.rds
simplified_D1_1952.rds
simplified_D1_1953.rds
simplified_D1_1954.rds
simplified_D1_1955.rds
simplified_D1_1956.rds
simplified_D1_1957.rds
simplified_D1_1958.rds
simplified_D1_1959.rds
simplified_D1_2015.rds
simplified_D1_2016.rds
simplified_D1_2017.rds
simplified_D1_2018.rds
simplified_D1_2019.rds
simplified_D1_2020.rds
simplified_D1_2021.rds
simplified_D1_2022.rds
simplified_D1_2023.rds
simplified_D1_2024.rds
Processing batch 1/12 (rows 1-1000)
  Calculated 1000 temperatures. Range: -4.76 to 44.63
Processing batch 2/12 (rows 1001-2000)
  Calculated 1000 temperatures. Range: -7.22 to 19.45
Processing batch 3/12 (rows 2001-3000)
  Calculated 1000 temperatures. Range: -5.04 to 40.97
Processing batch 4/12 (rows 3001-4000)
  Calculated 1000 temperatures. Range: -4.68 to 35.56
Processing batch 5/12 (rows 4001-5000)
  Calculated 1000 temperatures. Range: -0.59 to 38.72
Processing batch 6/12 (rows 5001-6000)
  Calculated 1000 temperatures. Range: 2.55 to 51.01
Processing batch 7/12 (rows 6001-7000)
  Calculated 1000 temperatures. Range: 2.03 to 47.43
Processing batch 8/12 (rows 7001-8000)
  Calculated 1000 temperatures. Range: 0.73 to 44.90
Processing batch 9/12 (rows 8001-9000)
  Calculated 1000 temperatures. Range: -0.16 to 50.09
Processing batch 10/12 (rows 9001-10000)
  Calculated 1000 temperatures. Range: 0.02 to 50.60
Processing batch 11/12 (rows 10001-11000)
  Calculated 1000 temperatures. Range: -2.29 to 43.12
Processing batch 12/12 (rows 11001-11035)
  Calculated 35 temperatures. Range: 7.43 to 27.95
Total observations: 11035, Unique timestamps: 2207
MR parameters: mass=0.33, elev=2195.0, b0=17.10, b1=0.98, b2=-0.48, b3=0.000124
Sample tb=284.37 K, log(mass)=-1.1087, 1/(kT)=40.794722, exponent=-3.2958, rmr=0.037039
Sample tb=275.00 K, log(mass)=-1.1087, 1/(kT)=42.185531, exponent=-3.9634, rmr=0.018999
Sample tb=283.98 K, log(mass)=-1.1087, 1/(kT)=40.851133, exponent=-3.3229, rmr=0.036050
Sample tb=284.95 K, log(mass)=-1.1087, 1/(kT)=40.712758, exponent=-3.2564, rmr=0.038526
Sample tb=282.29 K, log(mass)=-1.1087, 1/(kT)=41.096005, exponent=-3.4404, rmr=0.032052
MR results: 0 NA, 0 infinite, 0 negative, 0 zero
Energy calculations: 4451 non-zero gains, 11035 non-zero losses out of 11035 observations
Saved results to output/results/A1/2020/M/eb_results_MB_2020_A1_D1.rds

Processing: Species=MB, Year=2021, Origin=A1, Climate=D1, Sex=M
Looking for climate data at: /mmfs1/gscratch/biology/jmsmith/targeted_microclimate/D1/simplified_D1_2021.rds
Directory /mmfs1/gscratch/biology/jmsmith/targeted_microclimate/D1 exists. Contents:
simplified_D1_1950.rds
simplified_D1_1951.rds
simplified_D1_1952.rds
simplified_D1_1953.rds
simplified_D1_1954.rds
simplified_D1_1955.rds
simplified_D1_1956.rds
simplified_D1_1957.rds
simplified_D1_1958.rds
simplified_D1_1959.rds
simplified_D1_2015.rds
simplified_D1_2016.rds
simplified_D1_2017.rds
simplified_D1_2018.rds
simplified_D1_2019.rds
simplified_D1_2020.rds
simplified_D1_2021.rds
simplified_D1_2022.rds
simplified_D1_2023.rds
simplified_D1_2024.rds
Processing batch 1/12 (rows 1-1000)
  Calculated 1000 temperatures. Range: -6.57 to 50.85
Processing batch 2/12 (rows 1001-2000)
  Calculated 1000 temperatures. Range: -4.00 to 44.66
Processing batch 3/12 (rows 2001-3000)
  Calculated 1000 temperatures. Range: -1.14 to 49.71
Processing batch 4/12 (rows 3001-4000)
  Calculated 1000 temperatures. Range: -3.29 to 50.18
Processing batch 5/12 (rows 4001-5000)
  Calculated 1000 temperatures. Range: 2.32 to 53.27
Processing batch 6/12 (rows 5001-6000)
  Calculated 1000 temperatures. Range: 0.94 to 52.47
Processing batch 7/12 (rows 6001-7000)
  Calculated 1000 temperatures. Range: 2.23 to 53.61
Processing batch 8/12 (rows 7001-8000)
  Calculated 1000 temperatures. Range: 1.27 to 43.35
Processing batch 9/12 (rows 8001-9000)
  Calculated 1000 temperatures. Range: 0.63 to 51.56
Processing batch 10/12 (rows 9001-10000)
  Calculated 1000 temperatures. Range: 0.15 to 44.32
Processing batch 11/12 (rows 10001-11000)
  Calculated 1000 temperatures. Range: -0.76 to 44.85
Processing batch 12/12 (rows 11001-11035)
  Calculated 35 temperatures. Range: 10.02 to 39.62
Total observations: 11035, Unique timestamps: 2207
MR parameters: mass=0.33, elev=2195.0, b0=17.10, b1=0.98, b2=-0.48, b3=0.000124
Sample tb=281.47 K, log(mass)=-1.1087, 1/(kT)=41.215316, exponent=-3.4977, rmr=0.030268
Sample tb=286.63 K, log(mass)=-1.1087, 1/(kT)=40.474201, exponent=-3.1419, rmr=0.043200
Sample tb=299.27 K, log(mass)=-1.1087, 1/(kT)=38.763895, exponent=-2.3210, rmr=0.098177
Sample tb=277.87 K, log(mass)=-1.1087, 1/(kT)=41.749082, exponent=-3.7539, rmr=0.023427
Sample tb=295.85 K, log(mass)=-1.1087, 1/(kT)=39.212170, exponent=-2.5362, rmr=0.079171
MR results: 0 NA, 0 infinite, 0 negative, 0 zero
Energy calculations: 4838 non-zero gains, 11035 non-zero losses out of 11035 observations
Saved results to output/results/A1/2021/M/eb_results_MB_2021_A1_D1.rds

Processing: Species=MB, Year=2022, Origin=A1, Climate=D1, Sex=M
Looking for climate data at: /mmfs1/gscratch/biology/jmsmith/targeted_microclimate/D1/simplified_D1_2022.rds
Directory /mmfs1/gscratch/biology/jmsmith/targeted_microclimate/D1 exists. Contents:
simplified_D1_1950.rds
simplified_D1_1951.rds
simplified_D1_1952.rds
simplified_D1_1953.rds
simplified_D1_1954.rds
simplified_D1_1955.rds
simplified_D1_1956.rds
simplified_D1_1957.rds
simplified_D1_1958.rds
simplified_D1_1959.rds
simplified_D1_2015.rds
simplified_D1_2016.rds
simplified_D1_2017.rds
simplified_D1_2018.rds
simplified_D1_2019.rds
simplified_D1_2020.rds
simplified_D1_2021.rds
simplified_D1_2022.rds
simplified_D1_2023.rds
simplified_D1_2024.rds
Processing batch 1/12 (rows 1-1000)
  Calculated 1000 temperatures. Range: -6.51 to 33.70
Processing batch 2/12 (rows 1001-2000)
  Calculated 1000 temperatures. Range: -6.00 to 43.90
Processing batch 3/12 (rows 2001-3000)
  Calculated 1000 temperatures. Range: -4.78 to 47.20
Processing batch 4/12 (rows 3001-4000)
  Calculated 1000 temperatures. Range: -0.23 to 50.04
Processing batch 5/12 (rows 4001-5000)
  Calculated 1000 temperatures. Range: 2.15 to 48.41
Processing batch 6/12 (rows 5001-6000)
  Calculated 1000 temperatures. Range: 3.43 to 49.41
Processing batch 7/12 (rows 6001-7000)
  Calculated 1000 temperatures. Range: 2.59 to 50.25
Processing batch 8/12 (rows 7001-8000)
  Calculated 1000 temperatures. Range: 3.51 to 52.49
Processing batch 9/12 (rows 8001-9000)
  Calculated 1000 temperatures. Range: 3.56 to 50.41
Processing batch 10/12 (rows 9001-10000)
  Calculated 1000 temperatures. Range: 1.35 to 49.84
Processing batch 11/12 (rows 10001-11000)
  Calculated 1000 temperatures. Range: 0.41 to 49.72
Processing batch 12/12 (rows 11001-11035)
  Calculated 35 temperatures. Range: 10.27 to 32.99
Total observations: 11035, Unique timestamps: 2207
MR parameters: mass=0.33, elev=2195.0, b0=17.10, b1=0.98, b2=-0.48, b3=0.000124
Sample tb=283.74 K, log(mass)=-1.1087, 1/(kT)=40.885409, exponent=-3.3393, rmr=0.035462
Sample tb=300.16 K, log(mass)=-1.1087, 1/(kT)=38.648525, exponent=-2.2656, rmr=0.103768
Sample tb=277.46 K, log(mass)=-1.1087, 1/(kT)=41.811101, exponent=-3.7836, rmr=0.022740
Sample tb=276.69 K, log(mass)=-1.1087, 1/(kT)=41.928255, exponent=-3.8399, rmr=0.021496
Sample tb=286.18 K, log(mass)=-1.1087, 1/(kT)=40.536487, exponent=-3.1718, rmr=0.041927
MR results: 0 NA, 0 infinite, 0 negative, 0 zero
Energy calculations: 4777 non-zero gains, 11035 non-zero losses out of 11035 observations
Saved results to output/results/A1/2022/M/eb_results_MB_2022_A1_D1.rds

Processing: Species=MB, Year=2023, Origin=A1, Climate=D1, Sex=M
Looking for climate data at: /mmfs1/gscratch/biology/jmsmith/targeted_microclimate/D1/simplified_D1_2023.rds
Directory /mmfs1/gscratch/biology/jmsmith/targeted_microclimate/D1 exists. Contents:
simplified_D1_1950.rds
simplified_D1_1951.rds
simplified_D1_1952.rds
simplified_D1_1953.rds
simplified_D1_1954.rds
simplified_D1_1955.rds
simplified_D1_1956.rds
simplified_D1_1957.rds
simplified_D1_1958.rds
simplified_D1_1959.rds
simplified_D1_2015.rds
simplified_D1_2016.rds
simplified_D1_2017.rds
simplified_D1_2018.rds
simplified_D1_2019.rds
simplified_D1_2020.rds
simplified_D1_2021.rds
simplified_D1_2022.rds
simplified_D1_2023.rds
simplified_D1_2024.rds
Processing batch 1/12 (rows 1-1000)
  Calculated 1000 temperatures. Range: -4.94 to 35.68
Processing batch 2/12 (rows 1001-2000)
  Calculated 1000 temperatures. Range: -4.54 to 40.22
Processing batch 3/12 (rows 2001-3000)
  Calculated 1000 temperatures. Range: -4.51 to 36.43
Processing batch 4/12 (rows 3001-4000)
  Calculated 1000 temperatures. Range: -2.43 to 48.48
Processing batch 5/12 (rows 4001-5000)
  Calculated 1000 temperatures. Range: 1.15 to 43.49
Processing batch 6/12 (rows 5001-6000)
  Calculated 1000 temperatures. Range: -0.09 to 50.08
Processing batch 7/12 (rows 6001-7000)
  Calculated 1000 temperatures. Range: 1.36 to 50.82
Processing batch 8/12 (rows 7001-8000)
  Calculated 1000 temperatures. Range: 1.02 to 46.00
Processing batch 9/12 (rows 8001-9000)
  Calculated 1000 temperatures. Range: -1.54 to 49.40
Processing batch 10/12 (rows 9001-10000)
  Calculated 1000 temperatures. Range: 1.08 to 46.12
Processing batch 11/12 (rows 10001-11000)
  Calculated 1000 temperatures. Range: 1.36 to 50.26
Processing batch 12/12 (rows 11001-11035)
  Calculated 35 temperatures. Range: 10.42 to 29.26
Total observations: 11035, Unique timestamps: 2207
MR parameters: mass=0.33, elev=2195.0, b0=17.10, b1=0.98, b2=-0.48, b3=0.000124
Sample tb=272.43 K, log(mass)=-1.1087, 1/(kT)=42.583893, exponent=-4.1546, rmr=0.015692
Sample tb=283.64 K, log(mass)=-1.1087, 1/(kT)=40.899508, exponent=-3.3461, rmr=0.035222
Sample tb=274.90 K, log(mass)=-1.1087, 1/(kT)=42.199821, exponent=-3.9702, rmr=0.018869
Sample tb=272.56 K, log(mass)=-1.1087, 1/(kT)=42.563045, exponent=-4.1446, rmr=0.015850
Sample tb=294.03 K, log(mass)=-1.1087, 1/(kT)=39.454595, exponent=-2.6525, rmr=0.070474
MR results: 0 NA, 0 infinite, 0 negative, 0 zero
Energy calculations: 4275 non-zero gains, 11035 non-zero losses out of 11035 observations
Saved results to output/results/A1/2023/M/eb_results_MB_2023_A1_D1.rds

Processing: Species=MB, Year=2024, Origin=A1, Climate=D1, Sex=M
Looking for climate data at: /mmfs1/gscratch/biology/jmsmith/targeted_microclimate/D1/simplified_D1_2024.rds
Directory /mmfs1/gscratch/biology/jmsmith/targeted_microclimate/D1 exists. Contents:
simplified_D1_1950.rds
simplified_D1_1951.rds
simplified_D1_1952.rds
simplified_D1_1953.rds
simplified_D1_1954.rds
simplified_D1_1955.rds
simplified_D1_1956.rds
simplified_D1_1957.rds
simplified_D1_1958.rds
simplified_D1_1959.rds
simplified_D1_2015.rds
simplified_D1_2016.rds
simplified_D1_2017.rds
simplified_D1_2018.rds
simplified_D1_2019.rds
simplified_D1_2020.rds
simplified_D1_2021.rds
simplified_D1_2022.rds
simplified_D1_2023.rds
simplified_D1_2024.rds
Processing batch 1/12 (rows 1-1000)
  Calculated 1000 temperatures. Range: -5.96 to 56.09
Processing batch 2/12 (rows 1001-2000)
  Calculated 1000 temperatures. Range: -1.58 to 48.77
Processing batch 3/12 (rows 2001-3000)
  Calculated 1000 temperatures. Range: -3.95 to 54.30
Processing batch 4/12 (rows 3001-4000)
  Calculated 1000 temperatures. Range: -0.20 to 38.99
Processing batch 5/12 (rows 4001-5000)
  Calculated 1000 temperatures. Range: -1.99 to 48.48
Processing batch 6/12 (rows 5001-6000)
  Calculated 1000 temperatures. Range: 2.42 to 51.53
Processing batch 7/12 (rows 6001-7000)
  Calculated 1000 temperatures. Range: 0.61 to 51.82
Processing batch 8/12 (rows 7001-8000)
  Calculated 1000 temperatures. Range: 0.31 to 52.59
Processing batch 9/12 (rows 8001-9000)
  Calculated 1000 temperatures. Range: 2.83 to 49.66
Processing batch 10/12 (rows 9001-10000)
  Calculated 1000 temperatures. Range: 1.35 to 47.98
Processing batch 11/12 (rows 10001-11000)
  Calculated 1000 temperatures. Range: -1.05 to 36.87
Processing batch 12/12 (rows 11001-11035)
  Calculated 35 temperatures. Range: 9.09 to 46.24
Total observations: 11035, Unique timestamps: 2207
MR parameters: mass=0.33, elev=2195.0, b0=17.10, b1=0.98, b2=-0.48, b3=0.000124
Sample tb=286.41 K, log(mass)=-1.1087, 1/(kT)=40.505159, exponent=-3.1568, rmr=0.042562
Sample tb=286.17 K, log(mass)=-1.1087, 1/(kT)=40.539079, exponent=-3.1731, rmr=0.041875
Sample tb=283.55 K, log(mass)=-1.1087, 1/(kT)=40.913402, exponent=-3.3527, rmr=0.034988
Sample tb=276.97 K, log(mass)=-1.1087, 1/(kT)=41.884684, exponent=-3.8190, rmr=0.021951
Sample tb=277.78 K, log(mass)=-1.1087, 1/(kT)=41.762651, exponent=-3.7604, rmr=0.023275
MR results: 0 NA, 0 infinite, 0 negative, 0 zero
Energy calculations: 4844 non-zero gains, 11035 non-zero losses out of 11035 observations
Saved results to output/results/A1/2024/M/eb_results_MB_2024_A1_D1.rds

All years processed.
