Arguments received:
Species: MB
Years: 2015, 2016, 2017, 2018, 2019, 2020, 2021, 2022, 2023, 2024
Origin site: A1
Climate site: A1
Sex: M
Output directory: output/results/A1
Library paths:
[1] "/gscratch/biology/jmsmith/R"                          
[2] "/mmfs1/home/smithju/R/x86_64-pc-linux-gnu-library/4.4"
[3] "/usr/local/lib/R/site-library"                        
[4] "/usr/local/lib/R/library"                             
Package tidyverse loaded successfully
Package TrenchR loaded successfully
Package rTPC loaded successfully
Package lubridate loaded successfully

Processing: Species=MB, Year=2015, Origin=A1, Climate=A1, Sex=M
Looking for climate data at: /mmfs1/gscratch/biology/jmsmith/targeted_microclimate/A1/simplified_A1_2015.rds
Directory /mmfs1/gscratch/biology/jmsmith/targeted_microclimate/A1 exists. Contents:
simplified_A1_1950.rds
simplified_A1_1951.rds
simplified_A1_1952.rds
simplified_A1_1953.rds
simplified_A1_1954.rds
simplified_A1_1955.rds
simplified_A1_1956.rds
simplified_A1_1957.rds
simplified_A1_1958.rds
simplified_A1_1959.rds
simplified_A1_2015.rds
simplified_A1_2016.rds
simplified_A1_2017.rds
simplified_A1_2018.rds
simplified_A1_2019.rds
simplified_A1_2020.rds
simplified_A1_2021.rds
simplified_A1_2022.rds
simplified_A1_2023.rds
simplified_A1_2024.rds
Processing batch 1/12 (rows 1-1000)
  Calculated 1000 temperatures. Range: 1.40 to 44.39
Processing batch 2/12 (rows 1001-2000)
  Calculated 1000 temperatures. Range: 2.04 to 45.98
Processing batch 3/12 (rows 2001-3000)
  Calculated 1000 temperatures. Range: 4.45 to 45.91
Processing batch 4/12 (rows 3001-4000)
  Calculated 1000 temperatures. Range: 6.14 to 48.53
Processing batch 5/12 (rows 4001-5000)
  Calculated 1000 temperatures. Range: 3.74 to 45.43
Processing batch 6/12 (rows 5001-6000)
  Calculated 1000 temperatures. Range: 4.50 to 46.54
Processing batch 7/12 (rows 6001-7000)
  Calculated 1000 temperatures. Range: 4.04 to 51.48
Processing batch 8/12 (rows 7001-8000)
  Calculated 1000 temperatures. Range: 4.21 to 44.43
Processing batch 9/12 (rows 8001-9000)
  Calculated 1000 temperatures. Range: 4.63 to 46.70
Processing batch 10/12 (rows 9001-10000)
  Calculated 1000 temperatures. Range: 1.89 to 47.74
Processing batch 11/12 (rows 10001-11000)
  Calculated 1000 temperatures. Range: 1.95 to 44.65
Processing batch 12/12 (rows 11001-11035)
  Calculated 35 temperatures. Range: 10.81 to 38.29
Total observations: 11035, Unique timestamps: 2207
MR parameters: mass=0.33, elev=2195.0, b0=17.10, b1=0.98, b2=-0.48, b3=0.000124
Sample tb=279.25 K, log(mass)=-1.1087, 1/(kT)=41.542691, exponent=-3.6548, rmr=0.025867
Sample tb=289.95 K, log(mass)=-1.1087, 1/(kT)=40.010181, exponent=-2.9192, rmr=0.053977
Sample tb=299.13 K, log(mass)=-1.1087, 1/(kT)=38.782653, exponent=-2.3300, rmr=0.097297
Sample tb=275.29 K, log(mass)=-1.1087, 1/(kT)=42.141300, exponent=-3.9421, rmr=0.019407
Sample tb=279.27 K, log(mass)=-1.1087, 1/(kT)=41.540857, exponent=-3.6539, rmr=0.025889
MR results: 0 NA, 0 infinite, 0 negative, 0 zero
Energy calculations: 6695 non-zero gains, 11035 non-zero losses out of 11035 observations
Saved results to output/results/A1/2015/M/eb_results_MB_2015_A1_A1.rds

Processing: Species=MB, Year=2016, Origin=A1, Climate=A1, Sex=M
Looking for climate data at: /mmfs1/gscratch/biology/jmsmith/targeted_microclimate/A1/simplified_A1_2016.rds
Directory /mmfs1/gscratch/biology/jmsmith/targeted_microclimate/A1 exists. Contents:
simplified_A1_1950.rds
simplified_A1_1951.rds
simplified_A1_1952.rds
simplified_A1_1953.rds
simplified_A1_1954.rds
simplified_A1_1955.rds
simplified_A1_1956.rds
simplified_A1_1957.rds
simplified_A1_1958.rds
simplified_A1_1959.rds
simplified_A1_2015.rds
simplified_A1_2016.rds
simplified_A1_2017.rds
simplified_A1_2018.rds
simplified_A1_2019.rds
simplified_A1_2020.rds
simplified_A1_2021.rds
simplified_A1_2022.rds
simplified_A1_2023.rds
simplified_A1_2024.rds
Processing batch 1/12 (rows 1-1000)
  Calculated 1000 temperatures. Range: 0.76 to 45.27
Processing batch 2/12 (rows 1001-2000)
  Calculated 1000 temperatures. Range: 1.97 to 48.65
Processing batch 3/12 (rows 2001-3000)
  Calculated 1000 temperatures. Range: 5.09 to 49.67
Processing batch 4/12 (rows 3001-4000)
  Calculated 1000 temperatures. Range: 4.35 to 45.95
Processing batch 5/12 (rows 4001-5000)
  Calculated 1000 temperatures. Range: 3.64 to 47.91
Processing batch 6/12 (rows 5001-6000)
  Calculated 1000 temperatures. Range: 2.93 to 46.08
Processing batch 7/12 (rows 6001-7000)
  Calculated 1000 temperatures. Range: 6.42 to 47.58
Processing batch 8/12 (rows 7001-8000)
  Calculated 1000 temperatures. Range: 6.40 to 46.38
Processing batch 9/12 (rows 8001-9000)
  Calculated 1000 temperatures. Range: 3.46 to 45.08
Processing batch 10/12 (rows 9001-10000)
  Calculated 1000 temperatures. Range: 2.47 to 40.57
Processing batch 11/12 (rows 10001-11000)
  Calculated 1000 temperatures. Range: 1.33 to 41.83
Processing batch 12/12 (rows 11001-11035)
  Calculated 35 temperatures. Range: 12.18 to 32.57
Total observations: 11035, Unique timestamps: 2207
MR parameters: mass=0.33, elev=2195.0, b0=17.10, b1=0.98, b2=-0.48, b3=0.000124
Sample tb=281.24 K, log(mass)=-1.1087, 1/(kT)=41.249206, exponent=-3.5139, rmr=0.029780
Sample tb=297.48 K, log(mass)=-1.1087, 1/(kT)=38.997902, exponent=-2.4333, rmr=0.087747
Sample tb=285.84 K, log(mass)=-1.1087, 1/(kT)=40.585651, exponent=-3.1954, rmr=0.040949
Sample tb=282.16 K, log(mass)=-1.1087, 1/(kT)=41.114089, exponent=-3.4491, rmr=0.031775
Sample tb=293.36 K, log(mass)=-1.1087, 1/(kT)=39.545605, exponent=-2.6962, rmr=0.067461
MR results: 0 NA, 0 infinite, 0 negative, 0 zero
Energy calculations: 6859 non-zero gains, 11035 non-zero losses out of 11035 observations
Saved results to output/results/A1/2016/M/eb_results_MB_2016_A1_A1.rds

Processing: Species=MB, Year=2017, Origin=A1, Climate=A1, Sex=M
Looking for climate data at: /mmfs1/gscratch/biology/jmsmith/targeted_microclimate/A1/simplified_A1_2017.rds
Directory /mmfs1/gscratch/biology/jmsmith/targeted_microclimate/A1 exists. Contents:
simplified_A1_1950.rds
simplified_A1_1951.rds
simplified_A1_1952.rds
simplified_A1_1953.rds
simplified_A1_1954.rds
simplified_A1_1955.rds
simplified_A1_1956.rds
simplified_A1_1957.rds
simplified_A1_1958.rds
simplified_A1_1959.rds
simplified_A1_2015.rds
simplified_A1_2016.rds
simplified_A1_2017.rds
simplified_A1_2018.rds
simplified_A1_2019.rds
simplified_A1_2020.rds
simplified_A1_2021.rds
simplified_A1_2022.rds
simplified_A1_2023.rds
simplified_A1_2024.rds
Processing batch 1/12 (rows 1-1000)
  Calculated 1000 temperatures. Range: 1.01 to 44.67
Processing batch 2/12 (rows 1001-2000)
  Calculated 1000 temperatures. Range: 0.06 to 42.96
Processing batch 3/12 (rows 2001-3000)
  Calculated 1000 temperatures. Range: 4.42 to 43.80
Processing batch 4/12 (rows 3001-4000)
  Calculated 1000 temperatures. Range: 1.81 to 46.04
Processing batch 5/12 (rows 4001-5000)
  Calculated 1000 temperatures. Range: 5.12 to 47.81
Processing batch 6/12 (rows 5001-6000)
  Calculated 1000 temperatures. Range: 5.02 to 47.09
Processing batch 7/12 (rows 6001-7000)
  Calculated 1000 temperatures. Range: 7.24 to 45.97
Processing batch 8/12 (rows 7001-8000)
  Calculated 1000 temperatures. Range: 4.77 to 41.98
Processing batch 9/12 (rows 8001-9000)
  Calculated 1000 temperatures. Range: 3.96 to 41.80
Processing batch 10/12 (rows 9001-10000)
  Calculated 1000 temperatures. Range: 3.63 to 44.25
Processing batch 11/12 (rows 10001-11000)
  Calculated 1000 temperatures. Range: 4.23 to 46.17
Processing batch 12/12 (rows 11001-11035)
  Calculated 35 temperatures. Range: 13.15 to 43.43
Total observations: 11035, Unique timestamps: 2207
MR parameters: mass=0.33, elev=2195.0, b0=17.10, b1=0.98, b2=-0.48, b3=0.000124
Sample tb=277.26 K, log(mass)=-1.1087, 1/(kT)=41.840880, exponent=-3.7979, rmr=0.022417
Sample tb=283.96 K, log(mass)=-1.1087, 1/(kT)=40.854616, exponent=-3.3245, rmr=0.035990
Sample tb=304.10 K, log(mass)=-1.1087, 1/(kT)=38.148758, exponent=-2.0257, rmr=0.131900
Sample tb=283.80 K, log(mass)=-1.1087, 1/(kT)=40.877350, exponent=-3.3354, rmr=0.035599
Sample tb=280.45 K, log(mass)=-1.1087, 1/(kT)=41.365824, exponent=-3.5699, rmr=0.028159
MR results: 0 NA, 0 infinite, 0 negative, 0 zero
Energy calculations: 6762 non-zero gains, 11035 non-zero losses out of 11035 observations
Saved results to output/results/A1/2017/M/eb_results_MB_2017_A1_A1.rds

Processing: Species=MB, Year=2018, Origin=A1, Climate=A1, Sex=M
Looking for climate data at: /mmfs1/gscratch/biology/jmsmith/targeted_microclimate/A1/simplified_A1_2018.rds
Directory /mmfs1/gscratch/biology/jmsmith/targeted_microclimate/A1 exists. Contents:
simplified_A1_1950.rds
simplified_A1_1951.rds
simplified_A1_1952.rds
simplified_A1_1953.rds
simplified_A1_1954.rds
simplified_A1_1955.rds
simplified_A1_1956.rds
simplified_A1_1957.rds
simplified_A1_1958.rds
simplified_A1_1959.rds
simplified_A1_2015.rds
simplified_A1_2016.rds
simplified_A1_2017.rds
simplified_A1_2018.rds
simplified_A1_2019.rds
simplified_A1_2020.rds
simplified_A1_2021.rds
simplified_A1_2022.rds
simplified_A1_2023.rds
simplified_A1_2024.rds
Processing batch 1/12 (rows 1-1000)
  Calculated 1000 temperatures. Range: -0.40 to 45.53
Processing batch 2/12 (rows 1001-2000)
  Calculated 1000 temperatures. Range: 1.41 to 46.72
Processing batch 3/12 (rows 2001-3000)
  Calculated 1000 temperatures. Range: 1.96 to 40.87
Processing batch 4/12 (rows 3001-4000)
  Calculated 1000 temperatures. Range: 2.75 to 48.31
Processing batch 5/12 (rows 4001-5000)
  Calculated 1000 temperatures. Range: 5.86 to 46.94
Processing batch 6/12 (rows 5001-6000)
  Calculated 1000 temperatures. Range: 6.38 to 43.36
Processing batch 7/12 (rows 6001-7000)
  Calculated 1000 temperatures. Range: 6.69 to 50.08
Processing batch 8/12 (rows 7001-8000)
  Calculated 1000 temperatures. Range: 4.98 to 45.54
Processing batch 9/12 (rows 8001-9000)
  Calculated 1000 temperatures. Range: 3.68 to 42.71
Processing batch 10/12 (rows 9001-10000)
  Calculated 1000 temperatures. Range: 2.07 to 43.90
Processing batch 11/12 (rows 10001-11000)
  Calculated 1000 temperatures. Range: 2.82 to 46.15
Processing batch 12/12 (rows 11001-11035)
  Calculated 35 temperatures. Range: 12.26 to 38.38
Total observations: 11035, Unique timestamps: 2207
MR parameters: mass=0.33, elev=2195.0, b0=17.10, b1=0.98, b2=-0.48, b3=0.000124
Sample tb=304.03 K, log(mass)=-1.1087, 1/(kT)=38.157127, exponent=-2.0297, rmr=0.131371
Sample tb=293.72 K, log(mass)=-1.1087, 1/(kT)=39.496513, exponent=-2.6726, rmr=0.069070
Sample tb=299.80 K, log(mass)=-1.1087, 1/(kT)=38.695417, exponent=-2.2881, rmr=0.101458
Sample tb=299.23 K, log(mass)=-1.1087, 1/(kT)=38.769905, exponent=-2.3239, rmr=0.097895
Sample tb=294.53 K, log(mass)=-1.1087, 1/(kT)=39.387541, exponent=-2.6203, rmr=0.072779
MR results: 0 NA, 0 infinite, 0 negative, 0 zero
Energy calculations: 6806 non-zero gains, 11035 non-zero losses out of 11035 observations
Saved results to output/results/A1/2018/M/eb_results_MB_2018_A1_A1.rds

Processing: Species=MB, Year=2019, Origin=A1, Climate=A1, Sex=M
Looking for climate data at: /mmfs1/gscratch/biology/jmsmith/targeted_microclimate/A1/simplified_A1_2019.rds
Directory /mmfs1/gscratch/biology/jmsmith/targeted_microclimate/A1 exists. Contents:
simplified_A1_1950.rds
simplified_A1_1951.rds
simplified_A1_1952.rds
simplified_A1_1953.rds
simplified_A1_1954.rds
simplified_A1_1955.rds
simplified_A1_1956.rds
simplified_A1_1957.rds
simplified_A1_1958.rds
simplified_A1_1959.rds
simplified_A1_2015.rds
simplified_A1_2016.rds
simplified_A1_2017.rds
simplified_A1_2018.rds
simplified_A1_2019.rds
simplified_A1_2020.rds
simplified_A1_2021.rds
simplified_A1_2022.rds
simplified_A1_2023.rds
simplified_A1_2024.rds
Processing batch 1/12 (rows 1-1000)
  Calculated 1000 temperatures. Range: 0.08 to 43.34
Processing batch 2/12 (rows 1001-2000)
  Calculated 1000 temperatures. Range: -1.56 to 44.17
Processing batch 3/12 (rows 2001-3000)
  Calculated 1000 temperatures. Range: -0.82 to 36.52
Processing batch 4/12 (rows 3001-4000)
  Calculated 1000 temperatures. Range: 1.69 to 51.13
Processing batch 5/12 (rows 4001-5000)
  Calculated 1000 temperatures. Range: 3.87 to 49.60
Processing batch 6/12 (rows 5001-6000)
  Calculated 1000 temperatures. Range: 5.89 to 52.04
Processing batch 7/12 (rows 6001-7000)
  Calculated 1000 temperatures. Range: 6.15 to 47.03
Processing batch 8/12 (rows 7001-8000)
  Calculated 1000 temperatures. Range: 4.88 to 46.51
Processing batch 9/12 (rows 8001-9000)
  Calculated 1000 temperatures. Range: 4.61 to 46.17
Processing batch 10/12 (rows 9001-10000)
  Calculated 1000 temperatures. Range: 3.68 to 47.98
Processing batch 11/12 (rows 10001-11000)
  Calculated 1000 temperatures. Range: 3.19 to 41.45
Processing batch 12/12 (rows 11001-11035)
  Calculated 35 temperatures. Range: 14.16 to 36.29
Total observations: 11035, Unique timestamps: 2207
MR parameters: mass=0.33, elev=2195.0, b0=17.10, b1=0.98, b2=-0.48, b3=0.000124
Sample tb=288.35 K, log(mass)=-1.1087, 1/(kT)=40.232762, exponent=-3.0260, rmr=0.048508
Sample tb=304.80 K, log(mass)=-1.1087, 1/(kT)=38.061373, exponent=-1.9838, rmr=0.137550
Sample tb=282.50 K, log(mass)=-1.1087, 1/(kT)=41.064685, exponent=-3.4254, rmr=0.032538
Sample tb=283.75 K, log(mass)=-1.1087, 1/(kT)=40.884190, exponent=-3.3387, rmr=0.035482
Sample tb=282.59 K, log(mass)=-1.1087, 1/(kT)=41.052621, exponent=-3.4196, rmr=0.032727
MR results: 0 NA, 0 infinite, 0 negative, 0 zero
Energy calculations: 6687 non-zero gains, 11035 non-zero losses out of 11035 observations
Saved results to output/results/A1/2019/M/eb_results_MB_2019_A1_A1.rds

Processing: Species=MB, Year=2020, Origin=A1, Climate=A1, Sex=M
Looking for climate data at: /mmfs1/gscratch/biology/jmsmith/targeted_microclimate/A1/simplified_A1_2020.rds
Directory /mmfs1/gscratch/biology/jmsmith/targeted_microclimate/A1 exists. Contents:
simplified_A1_1950.rds
simplified_A1_1951.rds
simplified_A1_1952.rds
simplified_A1_1953.rds
simplified_A1_1954.rds
simplified_A1_1955.rds
simplified_A1_1956.rds
simplified_A1_1957.rds
simplified_A1_1958.rds
simplified_A1_1959.rds
simplified_A1_2015.rds
simplified_A1_2016.rds
simplified_A1_2017.rds
simplified_A1_2018.rds
simplified_A1_2019.rds
simplified_A1_2020.rds
simplified_A1_2021.rds
simplified_A1_2022.rds
simplified_A1_2023.rds
simplified_A1_2024.rds
Processing batch 1/12 (rows 1-1000)
  Calculated 1000 temperatures. Range: 2.08 to 52.71
Processing batch 2/12 (rows 1001-2000)
  Calculated 1000 temperatures. Range: -1.29 to 45.06
Processing batch 3/12 (rows 2001-3000)
  Calculated 1000 temperatures. Range: -0.16 to 45.14
Processing batch 4/12 (rows 3001-4000)
  Calculated 1000 temperatures. Range: 0.78 to 45.44
Processing batch 5/12 (rows 4001-5000)
  Calculated 1000 temperatures. Range: 4.03 to 47.65
Processing batch 6/12 (rows 5001-6000)
  Calculated 1000 temperatures. Range: 6.52 to 48.27
Processing batch 7/12 (rows 6001-7000)
  Calculated 1000 temperatures. Range: 6.28 to 49.47
Processing batch 8/12 (rows 7001-8000)
  Calculated 1000 temperatures. Range: 4.25 to 44.98
Processing batch 9/12 (rows 8001-9000)
  Calculated 1000 temperatures. Range: 3.72 to 52.10
Processing batch 10/12 (rows 9001-10000)
  Calculated 1000 temperatures. Range: 4.14 to 43.59
Processing batch 11/12 (rows 10001-11000)
  Calculated 1000 temperatures. Range: 1.33 to 46.13
Processing batch 12/12 (rows 11001-11035)
  Calculated 35 temperatures. Range: 11.00 to 34.71
Total observations: 11035, Unique timestamps: 2207
MR parameters: mass=0.33, elev=2195.0, b0=17.10, b1=0.98, b2=-0.48, b3=0.000124
Sample tb=283.86 K, log(mass)=-1.1087, 1/(kT)=40.868058, exponent=-3.3310, rmr=0.035758
Sample tb=283.97 K, log(mass)=-1.1087, 1/(kT)=40.853006, exponent=-3.3238, rmr=0.036017
Sample tb=287.85 K, log(mass)=-1.1087, 1/(kT)=40.301960, exponent=-3.0593, rmr=0.046923
Sample tb=290.13 K, log(mass)=-1.1087, 1/(kT)=39.984810, exponent=-2.9070, rmr=0.054638
Sample tb=282.11 K, log(mass)=-1.1087, 1/(kT)=41.121386, exponent=-3.4526, rmr=0.031664
MR results: 0 NA, 0 infinite, 0 negative, 0 zero
Energy calculations: 6795 non-zero gains, 11035 non-zero losses out of 11035 observations
Saved results to output/results/A1/2020/M/eb_results_MB_2020_A1_A1.rds

Processing: Species=MB, Year=2021, Origin=A1, Climate=A1, Sex=M
Looking for climate data at: /mmfs1/gscratch/biology/jmsmith/targeted_microclimate/A1/simplified_A1_2021.rds
Directory /mmfs1/gscratch/biology/jmsmith/targeted_microclimate/A1 exists. Contents:
simplified_A1_1950.rds
simplified_A1_1951.rds
simplified_A1_1952.rds
simplified_A1_1953.rds
simplified_A1_1954.rds
simplified_A1_1955.rds
simplified_A1_1956.rds
simplified_A1_1957.rds
simplified_A1_1958.rds
simplified_A1_1959.rds
simplified_A1_2015.rds
simplified_A1_2016.rds
simplified_A1_2017.rds
simplified_A1_2018.rds
simplified_A1_2019.rds
simplified_A1_2020.rds
simplified_A1_2021.rds
simplified_A1_2022.rds
simplified_A1_2023.rds
simplified_A1_2024.rds
Processing batch 1/12 (rows 1-1000)
  Calculated 1000 temperatures. Range: -3.27 to 48.98
Processing batch 2/12 (rows 1001-2000)
  Calculated 1000 temperatures. Range: 1.05 to 53.93
Processing batch 3/12 (rows 2001-3000)
  Calculated 1000 temperatures. Range: 2.90 to 49.18
Processing batch 4/12 (rows 3001-4000)
  Calculated 1000 temperatures. Range: 2.61 to 47.36
Processing batch 5/12 (rows 4001-5000)
  Calculated 1000 temperatures. Range: 5.42 to 49.64
Processing batch 6/12 (rows 5001-6000)
  Calculated 1000 temperatures. Range: 4.78 to 47.76
Processing batch 7/12 (rows 6001-7000)
  Calculated 1000 temperatures. Range: 5.32 to 44.66
Processing batch 8/12 (rows 7001-8000)
  Calculated 1000 temperatures. Range: 4.44 to 43.96
Processing batch 9/12 (rows 8001-9000)
  Calculated 1000 temperatures. Range: 4.16 to 48.48
Processing batch 10/12 (rows 9001-10000)
  Calculated 1000 temperatures. Range: 4.49 to 45.18
Processing batch 11/12 (rows 10001-11000)
  Calculated 1000 temperatures. Range: 3.59 to 46.62
Processing batch 12/12 (rows 11001-11035)
  Calculated 35 temperatures. Range: 14.30 to 42.96
Total observations: 11035, Unique timestamps: 2207
MR parameters: mass=0.33, elev=2195.0, b0=17.10, b1=0.98, b2=-0.48, b3=0.000124
Sample tb=281.32 K, log(mass)=-1.1087, 1/(kT)=41.237119, exponent=-3.5081, rmr=0.029953
Sample tb=302.54 K, log(mass)=-1.1087, 1/(kT)=38.345227, exponent=-2.1200, rmr=0.120029
Sample tb=288.88 K, log(mass)=-1.1087, 1/(kT)=40.157658, exponent=-2.9900, rmr=0.050288
Sample tb=306.23 K, log(mass)=-1.1087, 1/(kT)=37.883545, exponent=-1.8984, rmr=0.149806
Sample tb=291.22 K, log(mass)=-1.1087, 1/(kT)=39.836096, exponent=-2.8356, rmr=0.058681
MR results: 0 NA, 0 infinite, 0 negative, 0 zero
Energy calculations: 7016 non-zero gains, 11035 non-zero losses out of 11035 observations
Saved results to output/results/A1/2021/M/eb_results_MB_2021_A1_A1.rds

Processing: Species=MB, Year=2022, Origin=A1, Climate=A1, Sex=M
Looking for climate data at: /mmfs1/gscratch/biology/jmsmith/targeted_microclimate/A1/simplified_A1_2022.rds
Directory /mmfs1/gscratch/biology/jmsmith/targeted_microclimate/A1 exists. Contents:
simplified_A1_1950.rds
simplified_A1_1951.rds
simplified_A1_1952.rds
simplified_A1_1953.rds
simplified_A1_1954.rds
simplified_A1_1955.rds
simplified_A1_1956.rds
simplified_A1_1957.rds
simplified_A1_1958.rds
simplified_A1_1959.rds
simplified_A1_2015.rds
simplified_A1_2016.rds
simplified_A1_2017.rds
simplified_A1_2018.rds
simplified_A1_2019.rds
simplified_A1_2020.rds
simplified_A1_2021.rds
simplified_A1_2022.rds
simplified_A1_2023.rds
simplified_A1_2024.rds
Processing batch 1/12 (rows 1-1000)
  Calculated 1000 temperatures. Range: -4.58 to 41.09
Processing batch 2/12 (rows 1001-2000)
  Calculated 1000 temperatures. Range: 0.20 to 45.36
Processing batch 3/12 (rows 2001-3000)
  Calculated 1000 temperatures. Range: 0.30 to 48.63
Processing batch 4/12 (rows 3001-4000)
  Calculated 1000 temperatures. Range: 3.44 to 49.01
Processing batch 5/12 (rows 4001-5000)
  Calculated 1000 temperatures. Range: 6.33 to 50.68
Processing batch 6/12 (rows 5001-6000)
  Calculated 1000 temperatures. Range: 7.04 to 49.27
Processing batch 7/12 (rows 6001-7000)
  Calculated 1000 temperatures. Range: 6.47 to 48.29
Processing batch 8/12 (rows 7001-8000)
  Calculated 1000 temperatures. Range: 6.10 to 49.04
Processing batch 9/12 (rows 8001-9000)
  Calculated 1000 temperatures. Range: 6.84 to 43.59
Processing batch 10/12 (rows 9001-10000)
  Calculated 1000 temperatures. Range: 4.19 to 36.16
Processing batch 11/12 (rows 10001-11000)
  Calculated 1000 temperatures. Range: 4.51 to 40.83
Processing batch 12/12 (rows 11001-11035)
  Calculated 35 temperatures. Range: 14.62 to 37.39
Total observations: 11035, Unique timestamps: 2207
MR parameters: mass=0.33, elev=2195.0, b0=17.10, b1=0.98, b2=-0.48, b3=0.000124
Sample tb=287.96 K, log(mass)=-1.1087, 1/(kT)=40.286739, exponent=-3.0519, rmr=0.047267
Sample tb=277.03 K, log(mass)=-1.1087, 1/(kT)=41.876666, exponent=-3.8151, rmr=0.022035
Sample tb=297.35 K, log(mass)=-1.1087, 1/(kT)=39.014916, exponent=-2.4415, rmr=0.087033
Sample tb=300.22 K, log(mass)=-1.1087, 1/(kT)=38.641765, exponent=-2.2624, rmr=0.104105
Sample tb=280.37 K, log(mass)=-1.1087, 1/(kT)=41.377487, exponent=-3.5755, rmr=0.028001
MR results: 0 NA, 0 infinite, 0 negative, 0 zero
Energy calculations: 7236 non-zero gains, 11035 non-zero losses out of 11035 observations
Saved results to output/results/A1/2022/M/eb_results_MB_2022_A1_A1.rds

Processing: Species=MB, Year=2023, Origin=A1, Climate=A1, Sex=M
Looking for climate data at: /mmfs1/gscratch/biology/jmsmith/targeted_microclimate/A1/simplified_A1_2023.rds
Directory /mmfs1/gscratch/biology/jmsmith/targeted_microclimate/A1 exists. Contents:
simplified_A1_1950.rds
simplified_A1_1951.rds
simplified_A1_1952.rds
simplified_A1_1953.rds
simplified_A1_1954.rds
simplified_A1_1955.rds
simplified_A1_1956.rds
simplified_A1_1957.rds
simplified_A1_1958.rds
simplified_A1_1959.rds
simplified_A1_2015.rds
simplified_A1_2016.rds
simplified_A1_2017.rds
simplified_A1_2018.rds
simplified_A1_2019.rds
simplified_A1_2020.rds
simplified_A1_2021.rds
simplified_A1_2022.rds
simplified_A1_2023.rds
simplified_A1_2024.rds
Processing batch 1/12 (rows 1-1000)
  Calculated 1000 temperatures. Range: 1.28 to 39.64
Processing batch 2/12 (rows 1001-2000)
  Calculated 1000 temperatures. Range: 1.01 to 40.14
Processing batch 3/12 (rows 2001-3000)
  Calculated 1000 temperatures. Range: 0.74 to 45.42
Processing batch 4/12 (rows 3001-4000)
  Calculated 1000 temperatures. Range: 2.56 to 46.00
Processing batch 5/12 (rows 4001-5000)
  Calculated 1000 temperatures. Range: 5.08 to 48.16
Processing batch 6/12 (rows 5001-6000)
  Calculated 1000 temperatures. Range: 4.45 to 47.02
Processing batch 7/12 (rows 6001-7000)
  Calculated 1000 temperatures. Range: 5.02 to 48.54
Processing batch 8/12 (rows 7001-8000)
  Calculated 1000 temperatures. Range: 5.38 to 47.51
Processing batch 9/12 (rows 8001-9000)
  Calculated 1000 temperatures. Range: 2.91 to 46.57
Processing batch 10/12 (rows 9001-10000)
  Calculated 1000 temperatures. Range: 4.02 to 47.70
Processing batch 11/12 (rows 10001-11000)
  Calculated 1000 temperatures. Range: 4.34 to 41.93
Processing batch 12/12 (rows 11001-11035)
  Calculated 35 temperatures. Range: 14.80 to 37.50
Total observations: 11035, Unique timestamps: 2207
MR parameters: mass=0.33, elev=2195.0, b0=17.10, b1=0.98, b2=-0.48, b3=0.000124
Sample tb=282.70 K, log(mass)=-1.1087, 1/(kT)=41.036039, exponent=-3.4116, rmr=0.032988
Sample tb=286.91 K, log(mass)=-1.1087, 1/(kT)=40.434561, exponent=-3.1229, rmr=0.044029
Sample tb=303.54 K, log(mass)=-1.1087, 1/(kT)=38.219153, exponent=-2.0595, rmr=0.127517
Sample tb=275.04 K, log(mass)=-1.1087, 1/(kT)=42.179512, exponent=-3.9605, rmr=0.019054
Sample tb=284.24 K, log(mass)=-1.1087, 1/(kT)=40.813381, exponent=-3.3047, rmr=0.036709
MR results: 0 NA, 0 infinite, 0 negative, 0 zero
Energy calculations: 6533 non-zero gains, 11035 non-zero losses out of 11035 observations
Saved results to output/results/A1/2023/M/eb_results_MB_2023_A1_A1.rds

Processing: Species=MB, Year=2024, Origin=A1, Climate=A1, Sex=M
Looking for climate data at: /mmfs1/gscratch/biology/jmsmith/targeted_microclimate/A1/simplified_A1_2024.rds
Directory /mmfs1/gscratch/biology/jmsmith/targeted_microclimate/A1 exists. Contents:
simplified_A1_1950.rds
simplified_A1_1951.rds
simplified_A1_1952.rds
simplified_A1_1953.rds
simplified_A1_1954.rds
simplified_A1_1955.rds
simplified_A1_1956.rds
simplified_A1_1957.rds
simplified_A1_1958.rds
simplified_A1_1959.rds
simplified_A1_2015.rds
simplified_A1_2016.rds
simplified_A1_2017.rds
simplified_A1_2018.rds
simplified_A1_2019.rds
simplified_A1_2020.rds
simplified_A1_2021.rds
simplified_A1_2022.rds
simplified_A1_2023.rds
simplified_A1_2024.rds
Processing batch 1/12 (rows 1-1000)
  Calculated 1000 temperatures. Range: 0.58 to 44.08
Processing batch 2/12 (rows 1001-2000)
  Calculated 1000 temperatures. Range: 3.79 to 46.02
Processing batch 3/12 (rows 2001-3000)
  Calculated 1000 temperatures. Range: 0.19 to 50.91
Processing batch 4/12 (rows 3001-4000)
  Calculated 1000 temperatures. Range: 4.24 to 47.52
Processing batch 5/12 (rows 4001-5000)
  Calculated 1000 temperatures. Range: 2.66 to 43.00
Processing batch 6/12 (rows 5001-6000)
  Calculated 1000 temperatures. Range: 6.00 to 49.94
Processing batch 7/12 (rows 6001-7000)
  Calculated 1000 temperatures. Range: 3.38 to 45.53
Processing batch 8/12 (rows 7001-8000)
  Calculated 1000 temperatures. Range: 4.43 to 50.28
Processing batch 9/12 (rows 8001-9000)
  Calculated 1000 temperatures. Range: 7.06 to 48.57
Processing batch 10/12 (rows 9001-10000)
  Calculated 1000 temperatures. Range: 4.92 to 47.69
Processing batch 11/12 (rows 10001-11000)
  Calculated 1000 temperatures. Range: 3.46 to 42.56
Processing batch 12/12 (rows 11001-11035)
  Calculated 35 temperatures. Range: 13.12 to 35.07
Total observations: 11035, Unique timestamps: 2207
MR parameters: mass=0.33, elev=2195.0, b0=17.10, b1=0.98, b2=-0.48, b3=0.000124
Sample tb=298.87 K, log(mass)=-1.1087, 1/(kT)=38.815957, exponent=-2.3460, rmr=0.095754
Sample tb=278.69 K, log(mass)=-1.1087, 1/(kT)=41.626493, exponent=-3.6950, rmr=0.024847
Sample tb=294.08 K, log(mass)=-1.1087, 1/(kT)=39.447722, exponent=-2.6492, rmr=0.070707
Sample tb=287.98 K, log(mass)=-1.1087, 1/(kT)=40.284281, exponent=-3.0508, rmr=0.047323
Sample tb=281.32 K, log(mass)=-1.1087, 1/(kT)=41.236982, exponent=-3.5081, rmr=0.029955
MR results: 0 NA, 0 infinite, 0 negative, 0 zero
Energy calculations: 7222 non-zero gains, 11035 non-zero losses out of 11035 observations
Saved results to output/results/A1/2024/M/eb_results_MB_2024_A1_A1.rds

All years processed.
