Arguments received:
Species: MB
Years: 2015, 2016, 2017, 2018, 2019, 2020, 2021, 2022, 2023, 2024
Origin site: C1
Climate site: C1
Sex: M
Output directory: output/results/C1
Library paths:
[1] "/gscratch/biology/jmsmith/R"                          
[2] "/mmfs1/home/smithju/R/x86_64-pc-linux-gnu-library/4.4"
[3] "/usr/local/lib/R/site-library"                        
[4] "/usr/local/lib/R/library"                             
Package tidyverse loaded successfully
Package TrenchR loaded successfully
Package rTPC loaded successfully
Package lubridate loaded successfully

Processing: Species=MB, Year=2015, Origin=C1, Climate=C1, Sex=M
Looking for climate data at: /mmfs1/gscratch/biology/jmsmith/targeted_microclimate/C1/simplified_C1_2015.rds
Directory /mmfs1/gscratch/biology/jmsmith/targeted_microclimate/C1 exists. Contents:
simplified_C1_1950.rds
simplified_C1_1951.rds
simplified_C1_1952.rds
simplified_C1_1953.rds
simplified_C1_1954.rds
simplified_C1_1955.rds
simplified_C1_1956.rds
simplified_C1_1957.rds
simplified_C1_1958.rds
simplified_C1_1959.rds
simplified_C1_2015.rds
simplified_C1_2016.rds
simplified_C1_2017.rds
simplified_C1_2018.rds
simplified_C1_2019.rds
simplified_C1_2020.rds
simplified_C1_2021.rds
simplified_C1_2022.rds
simplified_C1_2023.rds
simplified_C1_2024.rds
Processing batch 1/12 (rows 1-1000)
  Calculated 1000 temperatures. Range: -3.15 to 52.04
Processing batch 2/12 (rows 1001-2000)
  Calculated 1000 temperatures. Range: -2.04 to 44.48
Processing batch 3/12 (rows 2001-3000)
  Calculated 1000 temperatures. Range: 0.65 to 50.70
Processing batch 4/12 (rows 3001-4000)
  Calculated 1000 temperatures. Range: 2.23 to 49.46
Processing batch 5/12 (rows 4001-5000)
  Calculated 1000 temperatures. Range: -0.04 to 45.75
Processing batch 6/12 (rows 5001-6000)
  Calculated 1000 temperatures. Range: 0.41 to 45.74
Processing batch 7/12 (rows 6001-7000)
  Calculated 1000 temperatures. Range: -0.15 to 49.07
Processing batch 8/12 (rows 7001-8000)
  Calculated 1000 temperatures. Range: 0.17 to 48.55
Processing batch 9/12 (rows 8001-9000)
  Calculated 1000 temperatures. Range: 1.35 to 48.16
Processing batch 10/12 (rows 9001-10000)
  Calculated 1000 temperatures. Range: -1.58 to 48.42
Processing batch 11/12 (rows 10001-11000)
  Calculated 1000 temperatures. Range: -1.44 to 46.38
Processing batch 12/12 (rows 11001-11035)
  Calculated 35 temperatures. Range: 8.17 to 41.70
Total observations: 11035, Unique timestamps: 2207
MR parameters: mass=0.24, elev=3014.0, b0=17.10, b1=0.98, b2=-0.48, b3=0.000124
Sample tb=282.88 K, log(mass)=-1.4271, 1/(kT)=41.009733, exponent=-3.6095, rmr=0.027065
Sample tb=278.19 K, log(mass)=-1.4271, 1/(kT)=41.701200, exponent=-3.9414, rmr=0.019421
Sample tb=280.56 K, log(mass)=-1.4271, 1/(kT)=41.349334, exponent=-3.7725, rmr=0.022994
Sample tb=285.16 K, log(mass)=-1.4271, 1/(kT)=40.682157, exponent=-3.4523, rmr=0.031674
Sample tb=284.64 K, log(mass)=-1.4271, 1/(kT)=40.756997, exponent=-3.4882, rmr=0.030556
MR results: 0 NA, 0 infinite, 0 negative, 0 zero
Energy calculations: 4789 non-zero gains, 11035 non-zero losses out of 11035 observations
Saved results to output/results/C1/2015/M/eb_results_MB_2015_C1_C1.rds

Processing: Species=MB, Year=2016, Origin=C1, Climate=C1, Sex=M
Looking for climate data at: /mmfs1/gscratch/biology/jmsmith/targeted_microclimate/C1/simplified_C1_2016.rds
Directory /mmfs1/gscratch/biology/jmsmith/targeted_microclimate/C1 exists. Contents:
simplified_C1_1950.rds
simplified_C1_1951.rds
simplified_C1_1952.rds
simplified_C1_1953.rds
simplified_C1_1954.rds
simplified_C1_1955.rds
simplified_C1_1956.rds
simplified_C1_1957.rds
simplified_C1_1958.rds
simplified_C1_1959.rds
simplified_C1_2015.rds
simplified_C1_2016.rds
simplified_C1_2017.rds
simplified_C1_2018.rds
simplified_C1_2019.rds
simplified_C1_2020.rds
simplified_C1_2021.rds
simplified_C1_2022.rds
simplified_C1_2023.rds
simplified_C1_2024.rds
Processing batch 1/12 (rows 1-1000)
  Calculated 1000 temperatures. Range: -6.61 to 50.54
Processing batch 2/12 (rows 1001-2000)
  Calculated 1000 temperatures. Range: -3.17 to 50.14
Processing batch 3/12 (rows 2001-3000)
  Calculated 1000 temperatures. Range: 0.55 to 49.39
Processing batch 4/12 (rows 3001-4000)
  Calculated 1000 temperatures. Range: 0.39 to 50.38
Processing batch 5/12 (rows 4001-5000)
  Calculated 1000 temperatures. Range: -0.94 to 49.85
Processing batch 6/12 (rows 5001-6000)
  Calculated 1000 temperatures. Range: -1.03 to 50.12
Processing batch 7/12 (rows 6001-7000)
  Calculated 1000 temperatures. Range: 2.73 to 52.06
Processing batch 8/12 (rows 7001-8000)
  Calculated 1000 temperatures. Range: 3.18 to 45.99
Processing batch 9/12 (rows 8001-9000)
  Calculated 1000 temperatures. Range: -0.49 to 46.80
Processing batch 10/12 (rows 9001-10000)
  Calculated 1000 temperatures. Range: 0.46 to 44.73
Processing batch 11/12 (rows 10001-11000)
  Calculated 1000 temperatures. Range: -2.02 to 40.46
Processing batch 12/12 (rows 11001-11035)
  Calculated 35 temperatures. Range: 9.52 to 33.54
Total observations: 11035, Unique timestamps: 2207
MR parameters: mass=0.24, elev=3014.0, b0=17.10, b1=0.98, b2=-0.48, b3=0.000124
Sample tb=301.13 K, log(mass)=-1.4271, 1/(kT)=38.525072, exponent=-2.4169, rmr=0.089200
Sample tb=280.06 K, log(mass)=-1.4271, 1/(kT)=41.422994, exponent=-3.8079, rmr=0.022195
Sample tb=281.35 K, log(mass)=-1.4271, 1/(kT)=41.233238, exponent=-3.7168, rmr=0.024312
Sample tb=282.60 K, log(mass)=-1.4271, 1/(kT)=41.050933, exponent=-3.6293, rmr=0.026535
Sample tb=275.86 K, log(mass)=-1.4271, 1/(kT)=42.054223, exponent=-4.1109, rmr=0.016394
MR results: 0 NA, 0 infinite, 0 negative, 0 zero
Energy calculations: 4852 non-zero gains, 11035 non-zero losses out of 11035 observations
Saved results to output/results/C1/2016/M/eb_results_MB_2016_C1_C1.rds

Processing: Species=MB, Year=2017, Origin=C1, Climate=C1, Sex=M
Looking for climate data at: /mmfs1/gscratch/biology/jmsmith/targeted_microclimate/C1/simplified_C1_2017.rds
Directory /mmfs1/gscratch/biology/jmsmith/targeted_microclimate/C1 exists. Contents:
simplified_C1_1950.rds
simplified_C1_1951.rds
simplified_C1_1952.rds
simplified_C1_1953.rds
simplified_C1_1954.rds
simplified_C1_1955.rds
simplified_C1_1956.rds
simplified_C1_1957.rds
simplified_C1_1958.rds
simplified_C1_1959.rds
simplified_C1_2015.rds
simplified_C1_2016.rds
simplified_C1_2017.rds
simplified_C1_2018.rds
simplified_C1_2019.rds
simplified_C1_2020.rds
simplified_C1_2021.rds
simplified_C1_2022.rds
simplified_C1_2023.rds
simplified_C1_2024.rds
Processing batch 1/12 (rows 1-1000)
  Calculated 1000 temperatures. Range: -6.38 to 50.40
Processing batch 2/12 (rows 1001-2000)
  Calculated 1000 temperatures. Range: -4.23 to 41.65
Processing batch 3/12 (rows 2001-3000)
  Calculated 1000 temperatures. Range: 0.78 to 53.04
Processing batch 4/12 (rows 3001-4000)
  Calculated 1000 temperatures. Range: -2.14 to 54.10
Processing batch 5/12 (rows 4001-5000)
  Calculated 1000 temperatures. Range: 1.33 to 48.62
Processing batch 6/12 (rows 5001-6000)
  Calculated 1000 temperatures. Range: 0.88 to 51.78
Processing batch 7/12 (rows 6001-7000)
  Calculated 1000 temperatures. Range: 3.43 to 49.98
Processing batch 8/12 (rows 7001-8000)
  Calculated 1000 temperatures. Range: 0.75 to 42.16
Processing batch 9/12 (rows 8001-9000)
  Calculated 1000 temperatures. Range: 0.81 to 45.71
Processing batch 10/12 (rows 9001-10000)
  Calculated 1000 temperatures. Range: -0.15 to 46.22
Processing batch 11/12 (rows 10001-11000)
  Calculated 1000 temperatures. Range: 0.24 to 48.18
Processing batch 12/12 (rows 11001-11035)
  Calculated 35 temperatures. Range: 10.09 to 42.49
Total observations: 11035, Unique timestamps: 2207
MR parameters: mass=0.24, elev=3014.0, b0=17.10, b1=0.98, b2=-0.48, b3=0.000124
Sample tb=300.41 K, log(mass)=-1.4271, 1/(kT)=38.617269, exponent=-2.4611, rmr=0.085339
Sample tb=277.00 K, log(mass)=-1.4271, 1/(kT)=41.880170, exponent=-4.0273, rmr=0.017822
Sample tb=284.94 K, log(mass)=-1.4271, 1/(kT)=40.713103, exponent=-3.4671, rmr=0.031207
Sample tb=282.97 K, log(mass)=-1.4271, 1/(kT)=40.996991, exponent=-3.6034, rmr=0.027231
Sample tb=282.88 K, log(mass)=-1.4271, 1/(kT)=41.009684, exponent=-3.6095, rmr=0.027066
MR results: 0 NA, 0 infinite, 0 negative, 0 zero
Energy calculations: 4811 non-zero gains, 11035 non-zero losses out of 11035 observations
Saved results to output/results/C1/2017/M/eb_results_MB_2017_C1_C1.rds

Processing: Species=MB, Year=2018, Origin=C1, Climate=C1, Sex=M
Looking for climate data at: /mmfs1/gscratch/biology/jmsmith/targeted_microclimate/C1/simplified_C1_2018.rds
Directory /mmfs1/gscratch/biology/jmsmith/targeted_microclimate/C1 exists. Contents:
simplified_C1_1950.rds
simplified_C1_1951.rds
simplified_C1_1952.rds
simplified_C1_1953.rds
simplified_C1_1954.rds
simplified_C1_1955.rds
simplified_C1_1956.rds
simplified_C1_1957.rds
simplified_C1_1958.rds
simplified_C1_1959.rds
simplified_C1_2015.rds
simplified_C1_2016.rds
simplified_C1_2017.rds
simplified_C1_2018.rds
simplified_C1_2019.rds
simplified_C1_2020.rds
simplified_C1_2021.rds
simplified_C1_2022.rds
simplified_C1_2023.rds
simplified_C1_2024.rds
Processing batch 1/12 (rows 1-1000)
  Calculated 1000 temperatures. Range: -5.46 to 51.70
Processing batch 2/12 (rows 1001-2000)
  Calculated 1000 temperatures. Range: -2.87 to 46.97
Processing batch 3/12 (rows 2001-3000)
  Calculated 1000 temperatures. Range: -1.69 to 45.69
Processing batch 4/12 (rows 3001-4000)
  Calculated 1000 temperatures. Range: -1.61 to 48.36
Processing batch 5/12 (rows 4001-5000)
  Calculated 1000 temperatures. Range: 2.08 to 50.38
Processing batch 6/12 (rows 5001-6000)
  Calculated 1000 temperatures. Range: 3.17 to 47.13
Processing batch 7/12 (rows 6001-7000)
  Calculated 1000 temperatures. Range: 3.24 to 49.50
Processing batch 8/12 (rows 7001-8000)
  Calculated 1000 temperatures. Range: 2.06 to 50.36
Processing batch 9/12 (rows 8001-9000)
  Calculated 1000 temperatures. Range: -0.25 to 49.33
Processing batch 10/12 (rows 9001-10000)
  Calculated 1000 temperatures. Range: -0.45 to 43.87
Processing batch 11/12 (rows 10001-11000)
  Calculated 1000 temperatures. Range: -1.19 to 41.42
Processing batch 12/12 (rows 11001-11035)
  Calculated 35 temperatures. Range: 9.45 to 34.08
Total observations: 11035, Unique timestamps: 2207
MR parameters: mass=0.24, elev=3014.0, b0=17.10, b1=0.98, b2=-0.48, b3=0.000124
Sample tb=278.68 K, log(mass)=-1.4271, 1/(kT)=41.628193, exponent=-3.9064, rmr=0.020113
Sample tb=280.41 K, log(mass)=-1.4271, 1/(kT)=41.371456, exponent=-3.7831, rmr=0.022751
Sample tb=280.36 K, log(mass)=-1.4271, 1/(kT)=41.377973, exponent=-3.7863, rmr=0.022680
Sample tb=285.22 K, log(mass)=-1.4271, 1/(kT)=40.673253, exponent=-3.4480, rmr=0.031809
Sample tb=297.52 K, log(mass)=-1.4271, 1/(kT)=38.991829, exponent=-2.6409, rmr=0.071296
MR results: 0 NA, 0 infinite, 0 negative, 0 zero
Energy calculations: 4951 non-zero gains, 11035 non-zero losses out of 11035 observations
Saved results to output/results/C1/2018/M/eb_results_MB_2018_C1_C1.rds

Processing: Species=MB, Year=2019, Origin=C1, Climate=C1, Sex=M
Looking for climate data at: /mmfs1/gscratch/biology/jmsmith/targeted_microclimate/C1/simplified_C1_2019.rds
Directory /mmfs1/gscratch/biology/jmsmith/targeted_microclimate/C1 exists. Contents:
simplified_C1_1950.rds
simplified_C1_1951.rds
simplified_C1_1952.rds
simplified_C1_1953.rds
simplified_C1_1954.rds
simplified_C1_1955.rds
simplified_C1_1956.rds
simplified_C1_1957.rds
simplified_C1_1958.rds
simplified_C1_1959.rds
simplified_C1_2015.rds
simplified_C1_2016.rds
simplified_C1_2017.rds
simplified_C1_2018.rds
simplified_C1_2019.rds
simplified_C1_2020.rds
simplified_C1_2021.rds
simplified_C1_2022.rds
simplified_C1_2023.rds
simplified_C1_2024.rds
Processing batch 1/12 (rows 1-1000)
  Calculated 1000 temperatures. Range: -6.67 to 46.48
Processing batch 2/12 (rows 1001-2000)
  Calculated 1000 temperatures. Range: -7.87 to 47.47
Processing batch 3/12 (rows 2001-3000)
  Calculated 1000 temperatures. Range: -6.56 to 39.69
Processing batch 4/12 (rows 3001-4000)
  Calculated 1000 temperatures. Range: -3.31 to 47.91
Processing batch 5/12 (rows 4001-5000)
  Calculated 1000 temperatures. Range: -0.41 to 54.19
Processing batch 6/12 (rows 5001-6000)
  Calculated 1000 temperatures. Range: 2.40 to 51.87
Processing batch 7/12 (rows 6001-7000)
  Calculated 1000 temperatures. Range: 3.06 to 50.77
Processing batch 8/12 (rows 7001-8000)
  Calculated 1000 temperatures. Range: 0.78 to 54.10
Processing batch 9/12 (rows 8001-9000)
  Calculated 1000 temperatures. Range: 0.68 to 45.23
Processing batch 10/12 (rows 9001-10000)
  Calculated 1000 temperatures. Range: -0.15 to 45.23
Processing batch 11/12 (rows 10001-11000)
  Calculated 1000 temperatures. Range: -0.84 to 41.41
Processing batch 12/12 (rows 11001-11035)
  Calculated 35 temperatures. Range: 11.29 to 39.20
Total observations: 11035, Unique timestamps: 2207
MR parameters: mass=0.24, elev=3014.0, b0=17.10, b1=0.98, b2=-0.48, b3=0.000124
Sample tb=294.98 K, log(mass)=-1.4271, 1/(kT)=39.327531, exponent=-2.8021, rmr=0.060685
Sample tb=275.94 K, log(mass)=-1.4271, 1/(kT)=42.040986, exponent=-4.1045, rmr=0.016498
Sample tb=292.71 K, log(mass)=-1.4271, 1/(kT)=39.632673, exponent=-2.9485, rmr=0.052417
Sample tb=283.51 K, log(mass)=-1.4271, 1/(kT)=40.919171, exponent=-3.5660, rmr=0.028268
Sample tb=298.56 K, log(mass)=-1.4271, 1/(kT)=38.856814, exponent=-2.5761, rmr=0.076069
MR results: 0 NA, 0 infinite, 0 negative, 0 zero
Energy calculations: 4688 non-zero gains, 11035 non-zero losses out of 11035 observations
Saved results to output/results/C1/2019/M/eb_results_MB_2019_C1_C1.rds

Processing: Species=MB, Year=2020, Origin=C1, Climate=C1, Sex=M
Looking for climate data at: /mmfs1/gscratch/biology/jmsmith/targeted_microclimate/C1/simplified_C1_2020.rds
Directory /mmfs1/gscratch/biology/jmsmith/targeted_microclimate/C1 exists. Contents:
simplified_C1_1950.rds
simplified_C1_1951.rds
simplified_C1_1952.rds
simplified_C1_1953.rds
simplified_C1_1954.rds
simplified_C1_1955.rds
simplified_C1_1956.rds
simplified_C1_1957.rds
simplified_C1_1958.rds
simplified_C1_1959.rds
simplified_C1_2015.rds
simplified_C1_2016.rds
simplified_C1_2017.rds
simplified_C1_2018.rds
simplified_C1_2019.rds
simplified_C1_2020.rds
simplified_C1_2021.rds
simplified_C1_2022.rds
simplified_C1_2023.rds
simplified_C1_2024.rds
Processing batch 1/12 (rows 1-1000)
  Calculated 1000 temperatures. Range: -3.94 to 49.24
Processing batch 2/12 (rows 1001-2000)
  Calculated 1000 temperatures. Range: -7.24 to 22.94
Processing batch 3/12 (rows 2001-3000)
  Calculated 1000 temperatures. Range: -6.50 to 40.78
Processing batch 4/12 (rows 3001-4000)
  Calculated 1000 temperatures. Range: -4.18 to 45.63
Processing batch 5/12 (rows 4001-5000)
  Calculated 1000 temperatures. Range: -0.34 to 53.16
Processing batch 6/12 (rows 5001-6000)
  Calculated 1000 temperatures. Range: 3.04 to 51.07
Processing batch 7/12 (rows 6001-7000)
  Calculated 1000 temperatures. Range: 2.79 to 52.22
Processing batch 8/12 (rows 7001-8000)
  Calculated 1000 temperatures. Range: 0.97 to 47.60
Processing batch 9/12 (rows 8001-9000)
  Calculated 1000 temperatures. Range: -0.11 to 48.35
Processing batch 10/12 (rows 9001-10000)
  Calculated 1000 temperatures. Range: 0.04 to 49.00
Processing batch 11/12 (rows 10001-11000)
  Calculated 1000 temperatures. Range: -2.29 to 49.64
Processing batch 12/12 (rows 11001-11035)
  Calculated 35 temperatures. Range: 8.24 to 35.86
Total observations: 11035, Unique timestamps: 2207
MR parameters: mass=0.24, elev=3014.0, b0=17.10, b1=0.98, b2=-0.48, b3=0.000124
Sample tb=278.19 K, log(mass)=-1.4271, 1/(kT)=41.701736, exponent=-3.9417, rmr=0.019416
Sample tb=311.32 K, log(mass)=-1.4271, 1/(kT)=37.263313, exponent=-1.8112, rmr=0.163453
Sample tb=281.07 K, log(mass)=-1.4271, 1/(kT)=41.273927, exponent=-3.7363, rmr=0.023842
Sample tb=278.11 K, log(mass)=-1.4271, 1/(kT)=41.714117, exponent=-3.9476, rmr=0.019301
Sample tb=279.64 K, log(mass)=-1.4271, 1/(kT)=41.484970, exponent=-3.8376, rmr=0.021545
MR results: 0 NA, 0 infinite, 0 negative, 0 zero
Energy calculations: 4704 non-zero gains, 11035 non-zero losses out of 11035 observations
Saved results to output/results/C1/2020/M/eb_results_MB_2020_C1_C1.rds

Processing: Species=MB, Year=2021, Origin=C1, Climate=C1, Sex=M
Looking for climate data at: /mmfs1/gscratch/biology/jmsmith/targeted_microclimate/C1/simplified_C1_2021.rds
Directory /mmfs1/gscratch/biology/jmsmith/targeted_microclimate/C1 exists. Contents:
simplified_C1_1950.rds
simplified_C1_1951.rds
simplified_C1_1952.rds
simplified_C1_1953.rds
simplified_C1_1954.rds
simplified_C1_1955.rds
simplified_C1_1956.rds
simplified_C1_1957.rds
simplified_C1_1958.rds
simplified_C1_1959.rds
simplified_C1_2015.rds
simplified_C1_2016.rds
simplified_C1_2017.rds
simplified_C1_2018.rds
simplified_C1_2019.rds
simplified_C1_2020.rds
simplified_C1_2021.rds
simplified_C1_2022.rds
simplified_C1_2023.rds
simplified_C1_2024.rds
Processing batch 1/12 (rows 1-1000)
  Calculated 1000 temperatures. Range: -5.97 to 50.22
Processing batch 2/12 (rows 1001-2000)
  Calculated 1000 temperatures. Range: -3.27 to 58.58
Processing batch 3/12 (rows 2001-3000)
  Calculated 1000 temperatures. Range: -0.63 to 58.41
Processing batch 4/12 (rows 3001-4000)
  Calculated 1000 temperatures. Range: -0.18 to 48.30
Processing batch 5/12 (rows 4001-5000)
  Calculated 1000 temperatures. Range: 1.62 to 49.48
Processing batch 6/12 (rows 5001-6000)
  Calculated 1000 temperatures. Range: 1.20 to 49.68
Processing batch 7/12 (rows 6001-7000)
  Calculated 1000 temperatures. Range: 1.16 to 47.42
Processing batch 8/12 (rows 7001-8000)
  Calculated 1000 temperatures. Range: 0.55 to 48.03
Processing batch 9/12 (rows 8001-9000)
  Calculated 1000 temperatures. Range: -0.02 to 46.83
Processing batch 10/12 (rows 9001-10000)
  Calculated 1000 temperatures. Range: 0.82 to 51.46
Processing batch 11/12 (rows 10001-11000)
  Calculated 1000 temperatures. Range: -0.56 to 42.76
Processing batch 12/12 (rows 11001-11035)
  Calculated 35 temperatures. Range: 10.83 to 48.10
Total observations: 11035, Unique timestamps: 2207
MR parameters: mass=0.24, elev=3014.0, b0=17.10, b1=0.98, b2=-0.48, b3=0.000124
Sample tb=275.94 K, log(mass)=-1.4271, 1/(kT)=42.041410, exponent=-4.1047, rmr=0.016495
Sample tb=292.32 K, log(mass)=-1.4271, 1/(kT)=39.685435, exponent=-2.9738, rmr=0.051106
Sample tb=268.50 K, log(mass)=-1.4271, 1/(kT)=43.205762, exponent=-4.6636, rmr=0.009432
Sample tb=298.82 K, log(mass)=-1.4271, 1/(kT)=38.822653, exponent=-2.5597, rmr=0.077327
Sample tb=292.52 K, log(mass)=-1.4271, 1/(kT)=39.658022, exponent=-2.9607, rmr=0.051783
MR results: 0 NA, 0 infinite, 0 negative, 0 zero
Energy calculations: 5032 non-zero gains, 11035 non-zero losses out of 11035 observations
Saved results to output/results/C1/2021/M/eb_results_MB_2021_C1_C1.rds

Processing: Species=MB, Year=2022, Origin=C1, Climate=C1, Sex=M
Looking for climate data at: /mmfs1/gscratch/biology/jmsmith/targeted_microclimate/C1/simplified_C1_2022.rds
Directory /mmfs1/gscratch/biology/jmsmith/targeted_microclimate/C1 exists. Contents:
simplified_C1_1950.rds
simplified_C1_1951.rds
simplified_C1_1952.rds
simplified_C1_1953.rds
simplified_C1_1954.rds
simplified_C1_1955.rds
simplified_C1_1956.rds
simplified_C1_1957.rds
simplified_C1_1958.rds
simplified_C1_1959.rds
simplified_C1_2015.rds
simplified_C1_2016.rds
simplified_C1_2017.rds
simplified_C1_2018.rds
simplified_C1_2019.rds
simplified_C1_2020.rds
simplified_C1_2021.rds
simplified_C1_2022.rds
simplified_C1_2023.rds
simplified_C1_2024.rds
Processing batch 1/12 (rows 1-1000)
  Calculated 1000 temperatures. Range: -6.58 to 34.98
Processing batch 2/12 (rows 1001-2000)
  Calculated 1000 temperatures. Range: -5.82 to 41.48
Processing batch 3/12 (rows 2001-3000)
  Calculated 1000 temperatures. Range: -4.13 to 45.42
Processing batch 4/12 (rows 3001-4000)
  Calculated 1000 temperatures. Range: -0.11 to 48.45
Processing batch 5/12 (rows 4001-5000)
  Calculated 1000 temperatures. Range: 2.85 to 54.58
Processing batch 6/12 (rows 5001-6000)
  Calculated 1000 temperatures. Range: 3.92 to 55.53
Processing batch 7/12 (rows 6001-7000)
  Calculated 1000 temperatures. Range: 2.59 to 54.87
Processing batch 8/12 (rows 7001-8000)
  Calculated 1000 temperatures. Range: 3.39 to 50.69
Processing batch 9/12 (rows 8001-9000)
  Calculated 1000 temperatures. Range: 3.05 to 46.86
Processing batch 10/12 (rows 9001-10000)
  Calculated 1000 temperatures. Range: 0.36 to 33.81
Processing batch 11/12 (rows 10001-11000)
  Calculated 1000 temperatures. Range: 0.59 to 51.67
Processing batch 12/12 (rows 11001-11035)
  Calculated 35 temperatures. Range: 11.13 to 41.10
Total observations: 11035, Unique timestamps: 2207
MR parameters: mass=0.24, elev=3014.0, b0=17.10, b1=0.98, b2=-0.48, b3=0.000124
Sample tb=282.07 K, log(mass)=-1.4271, 1/(kT)=41.127870, exponent=-3.6662, rmr=0.025573
Sample tb=276.18 K, log(mass)=-1.4271, 1/(kT)=42.004529, exponent=-4.0870, rmr=0.016789
Sample tb=285.27 K, log(mass)=-1.4271, 1/(kT)=40.666922, exponent=-3.4450, rmr=0.031906
Sample tb=282.52 K, log(mass)=-1.4271, 1/(kT)=41.062962, exponent=-3.6351, rmr=0.026382
Sample tb=276.23 K, log(mass)=-1.4271, 1/(kT)=41.997020, exponent=-4.0834, rmr=0.016850
MR results: 0 NA, 0 infinite, 0 negative, 0 zero
Energy calculations: 4979 non-zero gains, 11035 non-zero losses out of 11035 observations
Saved results to output/results/C1/2022/M/eb_results_MB_2022_C1_C1.rds

Processing: Species=MB, Year=2023, Origin=C1, Climate=C1, Sex=M
Looking for climate data at: /mmfs1/gscratch/biology/jmsmith/targeted_microclimate/C1/simplified_C1_2023.rds
Directory /mmfs1/gscratch/biology/jmsmith/targeted_microclimate/C1 exists. Contents:
simplified_C1_1950.rds
simplified_C1_1951.rds
simplified_C1_1952.rds
simplified_C1_1953.rds
simplified_C1_1954.rds
simplified_C1_1955.rds
simplified_C1_1956.rds
simplified_C1_1957.rds
simplified_C1_1958.rds
simplified_C1_1959.rds
simplified_C1_2015.rds
simplified_C1_2016.rds
simplified_C1_2017.rds
simplified_C1_2018.rds
simplified_C1_2019.rds
simplified_C1_2020.rds
simplified_C1_2021.rds
simplified_C1_2022.rds
simplified_C1_2023.rds
simplified_C1_2024.rds
Processing batch 1/12 (rows 1-1000)
  Calculated 1000 temperatures. Range: -3.76 to 46.77
Processing batch 2/12 (rows 1001-2000)
  Calculated 1000 temperatures. Range: -4.36 to 41.39
Processing batch 3/12 (rows 2001-3000)
  Calculated 1000 temperatures. Range: -5.46 to 48.31
Processing batch 4/12 (rows 3001-4000)
  Calculated 1000 temperatures. Range: -1.80 to 46.26
Processing batch 5/12 (rows 4001-5000)
  Calculated 1000 temperatures. Range: 1.31 to 44.75
Processing batch 6/12 (rows 5001-6000)
  Calculated 1000 temperatures. Range: 0.76 to 49.75
Processing batch 7/12 (rows 6001-7000)
  Calculated 1000 temperatures. Range: 1.25 to 51.44
Processing batch 8/12 (rows 7001-8000)
  Calculated 1000 temperatures. Range: 1.51 to 52.82
Processing batch 9/12 (rows 8001-9000)
  Calculated 1000 temperatures. Range: -0.84 to 44.11
Processing batch 10/12 (rows 9001-10000)
  Calculated 1000 temperatures. Range: 0.96 to 48.28
Processing batch 11/12 (rows 10001-11000)
  Calculated 1000 temperatures. Range: 0.61 to 42.38
Processing batch 12/12 (rows 11001-11035)
  Calculated 35 temperatures. Range: 11.29 to 39.67
Total observations: 11035, Unique timestamps: 2207
MR parameters: mass=0.24, elev=3014.0, b0=17.10, b1=0.98, b2=-0.48, b3=0.000124
Sample tb=275.17 K, log(mass)=-1.4271, 1/(kT)=42.159219, exponent=-4.1613, rmr=0.015588
Sample tb=277.18 K, log(mass)=-1.4271, 1/(kT)=41.853208, exponent=-4.0144, rmr=0.018054
Sample tb=282.05 K, log(mass)=-1.4271, 1/(kT)=41.130201, exponent=-3.6673, rmr=0.025544
Sample tb=284.62 K, log(mass)=-1.4271, 1/(kT)=40.758811, exponent=-3.4891, rmr=0.030529
Sample tb=281.03 K, log(mass)=-1.4271, 1/(kT)=41.280677, exponent=-3.7396, rmr=0.023764
MR results: 0 NA, 0 infinite, 0 negative, 0 zero
Energy calculations: 4699 non-zero gains, 11035 non-zero losses out of 11035 observations
Saved results to output/results/C1/2023/M/eb_results_MB_2023_C1_C1.rds

Processing: Species=MB, Year=2024, Origin=C1, Climate=C1, Sex=M
Looking for climate data at: /mmfs1/gscratch/biology/jmsmith/targeted_microclimate/C1/simplified_C1_2024.rds
Directory /mmfs1/gscratch/biology/jmsmith/targeted_microclimate/C1 exists. Contents:
simplified_C1_1950.rds
simplified_C1_1951.rds
simplified_C1_1952.rds
simplified_C1_1953.rds
simplified_C1_1954.rds
simplified_C1_1955.rds
simplified_C1_1956.rds
simplified_C1_1957.rds
simplified_C1_1958.rds
simplified_C1_1959.rds
simplified_C1_2015.rds
simplified_C1_2016.rds
simplified_C1_2017.rds
simplified_C1_2018.rds
simplified_C1_2019.rds
simplified_C1_2020.rds
simplified_C1_2021.rds
simplified_C1_2022.rds
simplified_C1_2023.rds
simplified_C1_2024.rds
Processing batch 1/12 (rows 1-1000)
  Calculated 1000 temperatures. Range: -6.36 to 54.99
Processing batch 2/12 (rows 1001-2000)
  Calculated 1000 temperatures. Range: -0.43 to 47.24
Processing batch 3/12 (rows 2001-3000)
  Calculated 1000 temperatures. Range: -3.80 to 50.89
Processing batch 4/12 (rows 3001-4000)
  Calculated 1000 temperatures. Range: 0.10 to 46.31
Processing batch 5/12 (rows 4001-5000)
  Calculated 1000 temperatures. Range: -1.85 to 43.65
Processing batch 6/12 (rows 5001-6000)
  Calculated 1000 temperatures. Range: 2.41 to 54.88
Processing batch 7/12 (rows 6001-7000)
  Calculated 1000 temperatures. Range: 0.41 to 51.78
Processing batch 8/12 (rows 7001-8000)
  Calculated 1000 temperatures. Range: 0.24 to 48.18
Processing batch 9/12 (rows 8001-9000)
  Calculated 1000 temperatures. Range: 3.68 to 50.48
Processing batch 10/12 (rows 9001-10000)
  Calculated 1000 temperatures. Range: 0.93 to 46.55
Processing batch 11/12 (rows 10001-11000)
  Calculated 1000 temperatures. Range: -0.58 to 42.58
Processing batch 12/12 (rows 11001-11035)
  Calculated 35 temperatures. Range: 10.27 to 31.05
Total observations: 11035, Unique timestamps: 2207
MR parameters: mass=0.24, elev=3014.0, b0=17.10, b1=0.98, b2=-0.48, b3=0.000124
Sample tb=284.65 K, log(mass)=-1.4271, 1/(kT)=40.755423, exponent=-3.4874, rmr=0.030579
Sample tb=281.22 K, log(mass)=-1.4271, 1/(kT)=41.252493, exponent=-3.7260, rmr=0.024088
Sample tb=277.67 K, log(mass)=-1.4271, 1/(kT)=41.779296, exponent=-3.9789, rmr=0.018706
Sample tb=283.12 K, log(mass)=-1.4271, 1/(kT)=40.974629, exponent=-3.5927, rmr=0.027525
Sample tb=278.43 K, log(mass)=-1.4271, 1/(kT)=41.664915, exponent=-3.9240, rmr=0.019762
MR results: 0 NA, 0 infinite, 0 negative, 0 zero
Energy calculations: 5148 non-zero gains, 11035 non-zero losses out of 11035 observations
Saved results to output/results/C1/2024/M/eb_results_MB_2024_C1_C1.rds

All years processed.
