Arguments received:
Species: MB
Years: 1950, 1951, 1952, 1953, 1954, 1955, 1956, 1957, 1958, 1959
Origin site: A1
Climate site: D1
Sex: M
Output directory: output/results/A1
Library paths:
[1] "/gscratch/biology/jmsmith/R"                          
[2] "/mmfs1/home/smithju/R/x86_64-pc-linux-gnu-library/4.4"
[3] "/usr/local/lib/R/site-library"                        
[4] "/usr/local/lib/R/library"                             
Package tidyverse loaded successfully
Package TrenchR loaded successfully
Package rTPC loaded successfully
Package lubridate loaded successfully

Processing: Species=MB, Year=1950, Origin=A1, Climate=D1, Sex=M
Looking for climate data at: /mmfs1/gscratch/biology/jmsmith/targeted_microclimate/D1/simplified_D1_1950.rds
Directory /mmfs1/gscratch/biology/jmsmith/targeted_microclimate/D1 exists. Contents:
simplified_D1_1950.rds
simplified_D1_1951.rds
simplified_D1_1952.rds
simplified_D1_1953.rds
simplified_D1_1954.rds
simplified_D1_1955.rds
simplified_D1_1956.rds
simplified_D1_1957.rds
simplified_D1_1958.rds
simplified_D1_1959.rds
simplified_D1_2015.rds
simplified_D1_2016.rds
simplified_D1_2017.rds
simplified_D1_2018.rds
simplified_D1_2019.rds
simplified_D1_2020.rds
simplified_D1_2021.rds
simplified_D1_2022.rds
simplified_D1_2023.rds
simplified_D1_2024.rds
Processing batch 1/12 (rows 1-1000)
  Calculated 1000 temperatures. Range: -12.72 to 42.88
Processing batch 2/12 (rows 1001-2000)
  Calculated 1000 temperatures. Range: -8.11 to 28.38
Processing batch 3/12 (rows 2001-3000)
  Calculated 1000 temperatures. Range: -4.49 to 46.17
Processing batch 4/12 (rows 3001-4000)
  Calculated 1000 temperatures. Range: -4.24 to 49.87
Processing batch 5/12 (rows 4001-5000)
  Calculated 1000 temperatures. Range: -0.28 to 46.73
Processing batch 6/12 (rows 5001-6000)
  Calculated 1000 temperatures. Range: -1.22 to 50.04
Processing batch 7/12 (rows 6001-7000)
  Calculated 1000 temperatures. Range: -0.79 to 49.81
Processing batch 8/12 (rows 7001-8000)
  Calculated 1000 temperatures. Range: -1.92 to 45.98
Processing batch 9/12 (rows 8001-9000)
  Calculated 1000 temperatures. Range: -1.84 to 51.11
Processing batch 10/12 (rows 9001-10000)
  Calculated 1000 temperatures. Range: -2.16 to 46.08
Processing batch 11/12 (rows 10001-11000)
  Calculated 1000 temperatures. Range: -4.34 to 46.20
Processing batch 12/12 (rows 11001-11035)
  Calculated 35 temperatures. Range: 8.30 to 45.47
Total observations: 11035, Unique timestamps: 2207
MR parameters: mass=0.33, elev=2195.0, b0=17.10, b1=0.98, b2=-0.48, b3=0.000124
Sample tb=299.07 K, log(mass)=-1.1087, 1/(kT)=38.790463, exponent=-2.3337, rmr=0.096933
Sample tb=276.50 K, log(mass)=-1.1087, 1/(kT)=41.955914, exponent=-3.8531, rmr=0.021213
Sample tb=302.14 K, log(mass)=-1.1087, 1/(kT)=38.395372, exponent=-2.1441, rmr=0.117175
Sample tb=284.81 K, log(mass)=-1.1087, 1/(kT)=40.732023, exponent=-3.2657, rmr=0.038171
Sample tb=274.08 K, log(mass)=-1.1087, 1/(kT)=42.327176, exponent=-4.0314, rmr=0.017750
MR results: 0 NA, 0 infinite, 0 negative, 0 zero
Energy calculations: 3470 non-zero gains, 11035 non-zero losses out of 11035 observations
Saved results to output/results/A1/1950/M/eb_results_MB_1950_A1_D1.rds

Processing: Species=MB, Year=1951, Origin=A1, Climate=D1, Sex=M
Looking for climate data at: /mmfs1/gscratch/biology/jmsmith/targeted_microclimate/D1/simplified_D1_1951.rds
Directory /mmfs1/gscratch/biology/jmsmith/targeted_microclimate/D1 exists. Contents:
simplified_D1_1950.rds
simplified_D1_1951.rds
simplified_D1_1952.rds
simplified_D1_1953.rds
simplified_D1_1954.rds
simplified_D1_1955.rds
simplified_D1_1956.rds
simplified_D1_1957.rds
simplified_D1_1958.rds
simplified_D1_1959.rds
simplified_D1_2015.rds
simplified_D1_2016.rds
simplified_D1_2017.rds
simplified_D1_2018.rds
simplified_D1_2019.rds
simplified_D1_2020.rds
simplified_D1_2021.rds
simplified_D1_2022.rds
simplified_D1_2023.rds
simplified_D1_2024.rds
Processing batch 1/12 (rows 1-1000)
  Calculated 1000 temperatures. Range: -11.16 to 13.55
Processing batch 2/12 (rows 1001-2000)
  Calculated 1000 temperatures. Range: -7.42 to 21.27
Processing batch 3/12 (rows 2001-3000)
  Calculated 1000 temperatures. Range: -4.94 to 21.07
Processing batch 4/12 (rows 3001-4000)
  Calculated 1000 temperatures. Range: -4.75 to 29.45
Processing batch 5/12 (rows 4001-5000)
  Calculated 1000 temperatures. Range: -2.67 to 36.10
Processing batch 6/12 (rows 5001-6000)
  Calculated 1000 temperatures. Range: 0.14 to 48.40
Processing batch 7/12 (rows 6001-7000)
  Calculated 1000 temperatures. Range: 1.01 to 53.33
Processing batch 8/12 (rows 7001-8000)
  Calculated 1000 temperatures. Range: 4.01 to 51.05
Processing batch 9/12 (rows 8001-9000)
  Calculated 1000 temperatures. Range: -1.43 to 46.69
Processing batch 10/12 (rows 9001-10000)
  Calculated 1000 temperatures. Range: -1.80 to 43.93
Processing batch 11/12 (rows 10001-11000)
  Calculated 1000 temperatures. Range: -1.58 to 34.66
Processing batch 12/12 (rows 11001-11035)
  Calculated 35 temperatures. Range: 7.04 to 30.17
Total observations: 11035, Unique timestamps: 2207
MR parameters: mass=0.33, elev=2195.0, b0=17.10, b1=0.98, b2=-0.48, b3=0.000124
Sample tb=273.03 K, log(mass)=-1.1087, 1/(kT)=42.489847, exponent=-4.1094, rmr=0.016417
Sample tb=279.52 K, log(mass)=-1.1087, 1/(kT)=41.503771, exponent=-3.6361, rmr=0.026354
Sample tb=283.97 K, log(mass)=-1.1087, 1/(kT)=40.852228, exponent=-3.3234, rmr=0.036031
Sample tb=279.68 K, log(mass)=-1.1087, 1/(kT)=41.478858, exponent=-3.6242, rmr=0.026671
Sample tb=295.57 K, log(mass)=-1.1087, 1/(kT)=39.249821, exponent=-2.5542, rmr=0.077753
MR results: 0 NA, 0 infinite, 0 negative, 0 zero
Energy calculations: 3337 non-zero gains, 11035 non-zero losses out of 11035 observations
Saved results to output/results/A1/1951/M/eb_results_MB_1951_A1_D1.rds

Processing: Species=MB, Year=1952, Origin=A1, Climate=D1, Sex=M
Looking for climate data at: /mmfs1/gscratch/biology/jmsmith/targeted_microclimate/D1/simplified_D1_1952.rds
Directory /mmfs1/gscratch/biology/jmsmith/targeted_microclimate/D1 exists. Contents:
simplified_D1_1950.rds
simplified_D1_1951.rds
simplified_D1_1952.rds
simplified_D1_1953.rds
simplified_D1_1954.rds
simplified_D1_1955.rds
simplified_D1_1956.rds
simplified_D1_1957.rds
simplified_D1_1958.rds
simplified_D1_1959.rds
simplified_D1_2015.rds
simplified_D1_2016.rds
simplified_D1_2017.rds
simplified_D1_2018.rds
simplified_D1_2019.rds
simplified_D1_2020.rds
simplified_D1_2021.rds
simplified_D1_2022.rds
simplified_D1_2023.rds
simplified_D1_2024.rds
Processing batch 1/12 (rows 1-1000)
  Calculated 1000 temperatures. Range: -5.59 to 43.68
Processing batch 2/12 (rows 1001-2000)
  Calculated 1000 temperatures. Range: -8.07 to 59.19
Processing batch 3/12 (rows 2001-3000)
  Calculated 1000 temperatures. Range: -3.37 to 60.00
Processing batch 4/12 (rows 3001-4000)
  Calculated 1000 temperatures. Range: -2.35 to 46.37
Processing batch 5/12 (rows 4001-5000)
  Calculated 1000 temperatures. Range: -1.37 to 49.82
Processing batch 6/12 (rows 5001-6000)
  Calculated 1000 temperatures. Range: -1.48 to 49.45
Processing batch 7/12 (rows 6001-7000)
  Calculated 1000 temperatures. Range: -0.41 to 51.79
Processing batch 8/12 (rows 7001-8000)
  Calculated 1000 temperatures. Range: 1.83 to 47.30
Processing batch 9/12 (rows 8001-9000)
  Calculated 1000 temperatures. Range: -0.08 to 46.53
Processing batch 10/12 (rows 9001-10000)
  Calculated 1000 temperatures. Range: 1.09 to 41.49
Processing batch 11/12 (rows 10001-11000)
  Calculated 1000 temperatures. Range: -4.53 to 47.21
Processing batch 12/12 (rows 11001-11035)
  Calculated 35 temperatures. Range: 5.82 to 26.45
Total observations: 11035, Unique timestamps: 2207
MR parameters: mass=0.33, elev=2195.0, b0=17.10, b1=0.98, b2=-0.48, b3=0.000124
Sample tb=277.23 K, log(mass)=-1.1087, 1/(kT)=41.845834, exponent=-3.8003, rmr=0.022364
Sample tb=281.01 K, log(mass)=-1.1087, 1/(kT)=41.282942, exponent=-3.5301, rmr=0.029301
Sample tb=277.72 K, log(mass)=-1.1087, 1/(kT)=41.772178, exponent=-3.7650, rmr=0.023169
Sample tb=277.67 K, log(mass)=-1.1087, 1/(kT)=41.779597, exponent=-3.7685, rmr=0.023086
Sample tb=274.39 K, log(mass)=-1.1087, 1/(kT)=42.278947, exponent=-4.0082, rmr=0.018166
MR results: 0 NA, 0 infinite, 0 negative, 0 zero
Energy calculations: 4135 non-zero gains, 11035 non-zero losses out of 11035 observations
Saved results to output/results/A1/1952/M/eb_results_MB_1952_A1_D1.rds

Processing: Species=MB, Year=1953, Origin=A1, Climate=D1, Sex=M
Looking for climate data at: /mmfs1/gscratch/biology/jmsmith/targeted_microclimate/D1/simplified_D1_1953.rds
Directory /mmfs1/gscratch/biology/jmsmith/targeted_microclimate/D1 exists. Contents:
simplified_D1_1950.rds
simplified_D1_1951.rds
simplified_D1_1952.rds
simplified_D1_1953.rds
simplified_D1_1954.rds
simplified_D1_1955.rds
simplified_D1_1956.rds
simplified_D1_1957.rds
simplified_D1_1958.rds
simplified_D1_1959.rds
simplified_D1_2015.rds
simplified_D1_2016.rds
simplified_D1_2017.rds
simplified_D1_2018.rds
simplified_D1_2019.rds
simplified_D1_2020.rds
simplified_D1_2021.rds
simplified_D1_2022.rds
simplified_D1_2023.rds
simplified_D1_2024.rds
Processing batch 1/12 (rows 1-1000)
  Calculated 1000 temperatures. Range: -7.68 to 26.96
Processing batch 2/12 (rows 1001-2000)
  Calculated 1000 temperatures. Range: -6.00 to 37.85
Processing batch 3/12 (rows 2001-3000)
  Calculated 1000 temperatures. Range: -3.59 to 42.84
Processing batch 4/12 (rows 3001-4000)
  Calculated 1000 temperatures. Range: -3.23 to 45.64
Processing batch 5/12 (rows 4001-5000)
  Calculated 1000 temperatures. Range: -0.83 to 50.40
Processing batch 6/12 (rows 5001-6000)
  Calculated 1000 temperatures. Range: -0.27 to 51.31
Processing batch 7/12 (rows 6001-7000)
  Calculated 1000 temperatures. Range: 0.19 to 51.41
Processing batch 8/12 (rows 7001-8000)
  Calculated 1000 temperatures. Range: -0.47 to 50.53
Processing batch 9/12 (rows 8001-9000)
  Calculated 1000 temperatures. Range: -0.72 to 49.28
Processing batch 10/12 (rows 9001-10000)
  Calculated 1000 temperatures. Range: -2.97 to 41.51
Processing batch 11/12 (rows 10001-11000)
  Calculated 1000 temperatures. Range: -1.48 to 46.09
Processing batch 12/12 (rows 11001-11035)
  Calculated 35 temperatures. Range: 9.51 to 30.92
Total observations: 11035, Unique timestamps: 2207
MR parameters: mass=0.33, elev=2195.0, b0=17.10, b1=0.98, b2=-0.48, b3=0.000124
Sample tb=277.85 K, log(mass)=-1.1087, 1/(kT)=41.751813, exponent=-3.7552, rmr=0.023396
Sample tb=285.39 K, log(mass)=-1.1087, 1/(kT)=40.649144, exponent=-3.2259, rmr=0.039720
Sample tb=277.59 K, log(mass)=-1.1087, 1/(kT)=41.791243, exponent=-3.7741, rmr=0.022958
Sample tb=280.52 K, log(mass)=-1.1087, 1/(kT)=41.354751, exponent=-3.5646, rmr=0.028309
Sample tb=283.49 K, log(mass)=-1.1087, 1/(kT)=40.921683, exponent=-3.3567, rmr=0.034849
MR results: 0 NA, 0 infinite, 0 negative, 0 zero
Energy calculations: 4088 non-zero gains, 11035 non-zero losses out of 11035 observations
Saved results to output/results/A1/1953/M/eb_results_MB_1953_A1_D1.rds

Processing: Species=MB, Year=1954, Origin=A1, Climate=D1, Sex=M
Looking for climate data at: /mmfs1/gscratch/biology/jmsmith/targeted_microclimate/D1/simplified_D1_1954.rds
Directory /mmfs1/gscratch/biology/jmsmith/targeted_microclimate/D1 exists. Contents:
simplified_D1_1950.rds
simplified_D1_1951.rds
simplified_D1_1952.rds
simplified_D1_1953.rds
simplified_D1_1954.rds
simplified_D1_1955.rds
simplified_D1_1956.rds
simplified_D1_1957.rds
simplified_D1_1958.rds
simplified_D1_1959.rds
simplified_D1_2015.rds
simplified_D1_2016.rds
simplified_D1_2017.rds
simplified_D1_2018.rds
simplified_D1_2019.rds
simplified_D1_2020.rds
simplified_D1_2021.rds
simplified_D1_2022.rds
simplified_D1_2023.rds
simplified_D1_2024.rds
Processing batch 1/12 (rows 1-1000)
  Calculated 1000 temperatures. Range: -8.59 to 44.26
Processing batch 2/12 (rows 1001-2000)
  Calculated 1000 temperatures. Range: -6.08 to 29.24
Processing batch 3/12 (rows 2001-3000)
  Calculated 1000 temperatures. Range: -1.66 to 55.41
Processing batch 4/12 (rows 3001-4000)
  Calculated 1000 temperatures. Range: -1.30 to 42.74
Processing batch 5/12 (rows 4001-5000)
  Calculated 1000 temperatures. Range: 2.34 to 51.40
Processing batch 6/12 (rows 5001-6000)
  Calculated 1000 temperatures. Range: 2.87 to 51.21
Processing batch 7/12 (rows 6001-7000)
  Calculated 1000 temperatures. Range: 2.16 to 55.29
Processing batch 8/12 (rows 7001-8000)
  Calculated 1000 temperatures. Range: 0.47 to 52.25
Processing batch 9/12 (rows 8001-9000)
  Calculated 1000 temperatures. Range: -0.53 to 49.49
Processing batch 10/12 (rows 9001-10000)
  Calculated 1000 temperatures. Range: -2.53 to 36.57
Processing batch 11/12 (rows 10001-11000)
  Calculated 1000 temperatures. Range: -3.12 to 41.85
Processing batch 12/12 (rows 11001-11035)
  Calculated 35 temperatures. Range: 9.88 to 43.83
Total observations: 11035, Unique timestamps: 2207
MR parameters: mass=0.33, elev=2195.0, b0=17.10, b1=0.98, b2=-0.48, b3=0.000124
Sample tb=285.89 K, log(mass)=-1.1087, 1/(kT)=40.578783, exponent=-3.1921, rmr=0.041084
Sample tb=290.25 K, log(mass)=-1.1087, 1/(kT)=39.969030, exponent=-2.8994, rmr=0.055054
Sample tb=303.44 K, log(mass)=-1.1087, 1/(kT)=38.231948, exponent=-2.0656, rmr=0.126737
Sample tb=282.03 K, log(mass)=-1.1087, 1/(kT)=41.133605, exponent=-3.4584, rmr=0.031479
Sample tb=283.38 K, log(mass)=-1.1087, 1/(kT)=40.937445, exponent=-3.3643, rmr=0.034587
MR results: 0 NA, 0 infinite, 0 negative, 0 zero
Energy calculations: 4394 non-zero gains, 11035 non-zero losses out of 11035 observations
Saved results to output/results/A1/1954/M/eb_results_MB_1954_A1_D1.rds

Processing: Species=MB, Year=1955, Origin=A1, Climate=D1, Sex=M
Looking for climate data at: /mmfs1/gscratch/biology/jmsmith/targeted_microclimate/D1/simplified_D1_1955.rds
Directory /mmfs1/gscratch/biology/jmsmith/targeted_microclimate/D1 exists. Contents:
simplified_D1_1950.rds
simplified_D1_1951.rds
simplified_D1_1952.rds
simplified_D1_1953.rds
simplified_D1_1954.rds
simplified_D1_1955.rds
simplified_D1_1956.rds
simplified_D1_1957.rds
simplified_D1_1958.rds
simplified_D1_1959.rds
simplified_D1_2015.rds
simplified_D1_2016.rds
simplified_D1_2017.rds
simplified_D1_2018.rds
simplified_D1_2019.rds
simplified_D1_2020.rds
simplified_D1_2021.rds
simplified_D1_2022.rds
simplified_D1_2023.rds
simplified_D1_2024.rds
Processing batch 1/12 (rows 1-1000)
  Calculated 1000 temperatures. Range: -8.41 to 32.09
Processing batch 2/12 (rows 1001-2000)
  Calculated 1000 temperatures. Range: -6.87 to 16.68
Processing batch 3/12 (rows 2001-3000)
  Calculated 1000 temperatures. Range: -5.66 to 38.83
Processing batch 4/12 (rows 3001-4000)
  Calculated 1000 temperatures. Range: -5.23 to 36.13
Processing batch 5/12 (rows 4001-5000)
  Calculated 1000 temperatures. Range: -3.77 to 44.26
Processing batch 6/12 (rows 5001-6000)
  Calculated 1000 temperatures. Range: -1.60 to 46.63
Processing batch 7/12 (rows 6001-7000)
  Calculated 1000 temperatures. Range: 1.32 to 46.63
Processing batch 8/12 (rows 7001-8000)
  Calculated 1000 temperatures. Range: 0.63 to 48.79
Processing batch 9/12 (rows 8001-9000)
  Calculated 1000 temperatures. Range: 1.23 to 48.01
Processing batch 10/12 (rows 9001-10000)
  Calculated 1000 temperatures. Range: 0.35 to 50.06
Processing batch 11/12 (rows 10001-11000)
  Calculated 1000 temperatures. Range: -1.83 to 49.52
Processing batch 12/12 (rows 11001-11035)
  Calculated 35 temperatures. Range: 9.17 to 33.92
Total observations: 11035, Unique timestamps: 2207
MR parameters: mass=0.33, elev=2195.0, b0=17.10, b1=0.98, b2=-0.48, b3=0.000124
Sample tb=290.50 K, log(mass)=-1.1087, 1/(kT)=39.933920, exponent=-2.8826, rmr=0.055990
Sample tb=271.30 K, log(mass)=-1.1087, 1/(kT)=42.760390, exponent=-4.2393, rmr=0.014418
Sample tb=269.53 K, log(mass)=-1.1087, 1/(kT)=43.040752, exponent=-4.3739, rmr=0.012602
Sample tb=279.19 K, log(mass)=-1.1087, 1/(kT)=41.552749, exponent=-3.6596, rmr=0.025742
Sample tb=280.77 K, log(mass)=-1.1087, 1/(kT)=41.318133, exponent=-3.5470, rmr=0.028811
MR results: 0 NA, 0 infinite, 0 negative, 0 zero
Energy calculations: 3773 non-zero gains, 11035 non-zero losses out of 11035 observations
Saved results to output/results/A1/1955/M/eb_results_MB_1955_A1_D1.rds

Processing: Species=MB, Year=1956, Origin=A1, Climate=D1, Sex=M
Looking for climate data at: /mmfs1/gscratch/biology/jmsmith/targeted_microclimate/D1/simplified_D1_1956.rds
Directory /mmfs1/gscratch/biology/jmsmith/targeted_microclimate/D1 exists. Contents:
simplified_D1_1950.rds
simplified_D1_1951.rds
simplified_D1_1952.rds
simplified_D1_1953.rds
simplified_D1_1954.rds
simplified_D1_1955.rds
simplified_D1_1956.rds
simplified_D1_1957.rds
simplified_D1_1958.rds
simplified_D1_1959.rds
simplified_D1_2015.rds
simplified_D1_2016.rds
simplified_D1_2017.rds
simplified_D1_2018.rds
simplified_D1_2019.rds
simplified_D1_2020.rds
simplified_D1_2021.rds
simplified_D1_2022.rds
simplified_D1_2023.rds
simplified_D1_2024.rds
Processing batch 1/12 (rows 1-1000)
  Calculated 1000 temperatures. Range: -4.07 to 46.23
Processing batch 2/12 (rows 1001-2000)
  Calculated 1000 temperatures. Range: -3.47 to 49.02
Processing batch 3/12 (rows 2001-3000)
  Calculated 1000 temperatures. Range: -3.66 to 50.38
Processing batch 4/12 (rows 3001-4000)
  Calculated 1000 temperatures. Range: -1.60 to 50.98
Processing batch 5/12 (rows 4001-5000)
  Calculated 1000 temperatures. Range: -2.30 to 44.31
Processing batch 6/12 (rows 5001-6000)
  Calculated 1000 temperatures. Range: -1.19 to 49.38
Processing batch 7/12 (rows 6001-7000)
  Calculated 1000 temperatures. Range: 0.08 to 50.14
Processing batch 8/12 (rows 7001-8000)
  Calculated 1000 temperatures. Range: -1.53 to 39.59
Processing batch 9/12 (rows 8001-9000)
  Calculated 1000 temperatures. Range: -1.74 to 40.63
Processing batch 10/12 (rows 9001-10000)
  Calculated 1000 temperatures. Range: -2.58 to 45.37
Processing batch 11/12 (rows 10001-11000)
  Calculated 1000 temperatures. Range: -8.91 to 41.26
Processing batch 12/12 (rows 11001-11035)
  Calculated 35 temperatures. Range: -2.33 to 14.26
Total observations: 11035, Unique timestamps: 2207
MR parameters: mass=0.33, elev=2195.0, b0=17.10, b1=0.98, b2=-0.48, b3=0.000124
Sample tb=283.95 K, log(mass)=-1.1087, 1/(kT)=40.855634, exponent=-3.3250, rmr=0.035972
Sample tb=279.25 K, log(mass)=-1.1087, 1/(kT)=41.542921, exponent=-3.6549, rmr=0.025864
Sample tb=275.60 K, log(mass)=-1.1087, 1/(kT)=42.093709, exponent=-3.9193, rmr=0.019855
Sample tb=284.41 K, log(mass)=-1.1087, 1/(kT)=40.789461, exponent=-3.2933, rmr=0.037133
Sample tb=286.63 K, log(mass)=-1.1087, 1/(kT)=40.473516, exponent=-3.1416, rmr=0.043214
MR results: 0 NA, 0 infinite, 0 negative, 0 zero
Energy calculations: 3988 non-zero gains, 11035 non-zero losses out of 11035 observations
Saved results to output/results/A1/1956/M/eb_results_MB_1956_A1_D1.rds

Processing: Species=MB, Year=1957, Origin=A1, Climate=D1, Sex=M
Looking for climate data at: /mmfs1/gscratch/biology/jmsmith/targeted_microclimate/D1/simplified_D1_1957.rds
Directory /mmfs1/gscratch/biology/jmsmith/targeted_microclimate/D1 exists. Contents:
simplified_D1_1950.rds
simplified_D1_1951.rds
simplified_D1_1952.rds
simplified_D1_1953.rds
simplified_D1_1954.rds
simplified_D1_1955.rds
simplified_D1_1956.rds
simplified_D1_1957.rds
simplified_D1_1958.rds
simplified_D1_1959.rds
simplified_D1_2015.rds
simplified_D1_2016.rds
simplified_D1_2017.rds
simplified_D1_2018.rds
simplified_D1_2019.rds
simplified_D1_2020.rds
simplified_D1_2021.rds
simplified_D1_2022.rds
simplified_D1_2023.rds
simplified_D1_2024.rds
Processing batch 1/12 (rows 1-1000)
  Calculated 1000 temperatures. Range: -5.68 to 28.96
Processing batch 2/12 (rows 1001-2000)
  Calculated 1000 temperatures. Range: -7.22 to 22.49
Processing batch 3/12 (rows 2001-3000)
  Calculated 1000 temperatures. Range: -6.86 to 31.39
Processing batch 4/12 (rows 3001-4000)
  Calculated 1000 temperatures. Range: -2.88 to 41.36
Processing batch 5/12 (rows 4001-5000)
  Calculated 1000 temperatures. Range: -2.75 to 48.74
Processing batch 6/12 (rows 5001-6000)
  Calculated 1000 temperatures. Range: 1.55 to 43.27
Processing batch 7/12 (rows 6001-7000)
  Calculated 1000 temperatures. Range: 1.20 to 50.37
Processing batch 8/12 (rows 7001-8000)
  Calculated 1000 temperatures. Range: 2.75 to 48.67
Processing batch 9/12 (rows 8001-9000)
  Calculated 1000 temperatures. Range: 0.60 to 49.76
Processing batch 10/12 (rows 9001-10000)
  Calculated 1000 temperatures. Range: 0.12 to 39.55
Processing batch 11/12 (rows 10001-11000)
  Calculated 1000 temperatures. Range: -0.55 to 48.00
Processing batch 12/12 (rows 11001-11035)
  Calculated 35 temperatures. Range: 6.31 to 29.76
Total observations: 11035, Unique timestamps: 2207
MR parameters: mass=0.33, elev=2195.0, b0=17.10, b1=0.98, b2=-0.48, b3=0.000124
Sample tb=278.61 K, log(mass)=-1.1087, 1/(kT)=41.639185, exponent=-3.7011, rmr=0.024696
Sample tb=280.53 K, log(mass)=-1.1087, 1/(kT)=41.353954, exponent=-3.5642, rmr=0.028319
Sample tb=281.02 K, log(mass)=-1.1087, 1/(kT)=41.281487, exponent=-3.5294, rmr=0.029322
Sample tb=284.14 K, log(mass)=-1.1087, 1/(kT)=40.827744, exponent=-3.3116, rmr=0.036457
Sample tb=278.79 K, log(mass)=-1.1087, 1/(kT)=41.611533, exponent=-3.6878, rmr=0.025026
MR results: 0 NA, 0 infinite, 0 negative, 0 zero
Energy calculations: 3566 non-zero gains, 11035 non-zero losses out of 11035 observations
Saved results to output/results/A1/1957/M/eb_results_MB_1957_A1_D1.rds

Processing: Species=MB, Year=1958, Origin=A1, Climate=D1, Sex=M
Looking for climate data at: /mmfs1/gscratch/biology/jmsmith/targeted_microclimate/D1/simplified_D1_1958.rds
Directory /mmfs1/gscratch/biology/jmsmith/targeted_microclimate/D1 exists. Contents:
simplified_D1_1950.rds
simplified_D1_1951.rds
simplified_D1_1952.rds
simplified_D1_1953.rds
simplified_D1_1954.rds
simplified_D1_1955.rds
simplified_D1_1956.rds
simplified_D1_1957.rds
simplified_D1_1958.rds
simplified_D1_1959.rds
simplified_D1_2015.rds
simplified_D1_2016.rds
simplified_D1_2017.rds
simplified_D1_2018.rds
simplified_D1_2019.rds
simplified_D1_2020.rds
simplified_D1_2021.rds
simplified_D1_2022.rds
simplified_D1_2023.rds
simplified_D1_2024.rds
Processing batch 1/12 (rows 1-1000)
  Calculated 1000 temperatures. Range: -4.12 to 39.25
Processing batch 2/12 (rows 1001-2000)
  Calculated 1000 temperatures. Range: -5.18 to 40.59
Processing batch 3/12 (rows 2001-3000)
  Calculated 1000 temperatures. Range: -2.23 to 45.49
Processing batch 4/12 (rows 3001-4000)
  Calculated 1000 temperatures. Range: -3.91 to 48.73
Processing batch 5/12 (rows 4001-5000)
  Calculated 1000 temperatures. Range: -1.92 to 45.95
Processing batch 6/12 (rows 5001-6000)
  Calculated 1000 temperatures. Range: -0.94 to 44.98
Processing batch 7/12 (rows 6001-7000)
  Calculated 1000 temperatures. Range: -0.60 to 52.72
Processing batch 8/12 (rows 7001-8000)
  Calculated 1000 temperatures. Range: -0.06 to 49.14
Processing batch 9/12 (rows 8001-9000)
  Calculated 1000 temperatures. Range: 0.82 to 47.80
Processing batch 10/12 (rows 9001-10000)
  Calculated 1000 temperatures. Range: 1.87 to 49.08
Processing batch 11/12 (rows 10001-11000)
  Calculated 1000 temperatures. Range: -1.22 to 44.40
Processing batch 12/12 (rows 11001-11035)
  Calculated 35 temperatures. Range: 9.07 to 46.92
Total observations: 11035, Unique timestamps: 2207
MR parameters: mass=0.33, elev=2195.0, b0=17.10, b1=0.98, b2=-0.48, b3=0.000124
Sample tb=293.16 K, log(mass)=-1.1087, 1/(kT)=39.571438, exponent=-2.7086, rmr=0.066630
Sample tb=295.77 K, log(mass)=-1.1087, 1/(kT)=39.223442, exponent=-2.5416, rmr=0.078743
Sample tb=278.95 K, log(mass)=-1.1087, 1/(kT)=41.588270, exponent=-3.6767, rmr=0.025307
Sample tb=276.59 K, log(mass)=-1.1087, 1/(kT)=41.943244, exponent=-3.8471, rmr=0.021342
Sample tb=300.83 K, log(mass)=-1.1087, 1/(kT)=38.562635, exponent=-2.2244, rmr=0.108135
MR results: 0 NA, 0 infinite, 0 negative, 0 zero
Energy calculations: 4177 non-zero gains, 11035 non-zero losses out of 11035 observations
Saved results to output/results/A1/1958/M/eb_results_MB_1958_A1_D1.rds

Processing: Species=MB, Year=1959, Origin=A1, Climate=D1, Sex=M
Looking for climate data at: /mmfs1/gscratch/biology/jmsmith/targeted_microclimate/D1/simplified_D1_1959.rds
Directory /mmfs1/gscratch/biology/jmsmith/targeted_microclimate/D1 exists. Contents:
simplified_D1_1950.rds
simplified_D1_1951.rds
simplified_D1_1952.rds
simplified_D1_1953.rds
simplified_D1_1954.rds
simplified_D1_1955.rds
simplified_D1_1956.rds
simplified_D1_1957.rds
simplified_D1_1958.rds
simplified_D1_1959.rds
simplified_D1_2015.rds
simplified_D1_2016.rds
simplified_D1_2017.rds
simplified_D1_2018.rds
simplified_D1_2019.rds
simplified_D1_2020.rds
simplified_D1_2021.rds
simplified_D1_2022.rds
simplified_D1_2023.rds
simplified_D1_2024.rds
Processing batch 1/12 (rows 1-1000)
  Calculated 1000 temperatures. Range: -8.44 to 56.13
Processing batch 2/12 (rows 1001-2000)
  Calculated 1000 temperatures. Range: -2.61 to 53.57
Processing batch 3/12 (rows 2001-3000)
  Calculated 1000 temperatures. Range: -0.30 to 52.93
Processing batch 4/12 (rows 3001-4000)
  Calculated 1000 temperatures. Range: -3.77 to 35.42
Processing batch 5/12 (rows 4001-5000)
  Calculated 1000 temperatures. Range: -3.33 to 50.09
Processing batch 6/12 (rows 5001-6000)
  Calculated 1000 temperatures. Range: 0.35 to 48.49
Processing batch 7/12 (rows 6001-7000)
  Calculated 1000 temperatures. Range: 0.23 to 53.27
Processing batch 8/12 (rows 7001-8000)
  Calculated 1000 temperatures. Range: 1.71 to 46.31
Processing batch 9/12 (rows 8001-9000)
  Calculated 1000 temperatures. Range: 1.39 to 52.34
Processing batch 10/12 (rows 9001-10000)
  Calculated 1000 temperatures. Range: -0.73 to 47.56
Processing batch 11/12 (rows 10001-11000)
  Calculated 1000 temperatures. Range: -1.55 to 42.89
Processing batch 12/12 (rows 11001-11035)
  Calculated 35 temperatures. Range: 7.48 to 27.60
Total observations: 11035, Unique timestamps: 2207
MR parameters: mass=0.33, elev=2195.0, b0=17.10, b1=0.98, b2=-0.48, b3=0.000124
Sample tb=304.99 K, log(mass)=-1.1087, 1/(kT)=38.037634, exponent=-1.9724, rmr=0.139126
Sample tb=276.89 K, log(mass)=-1.1087, 1/(kT)=41.897183, exponent=-3.8250, rmr=0.021819
Sample tb=273.85 K, log(mass)=-1.1087, 1/(kT)=42.362002, exponent=-4.0481, rmr=0.017456
Sample tb=279.36 K, log(mass)=-1.1087, 1/(kT)=41.526942, exponent=-3.6472, rmr=0.026063
Sample tb=274.47 K, log(mass)=-1.1087, 1/(kT)=42.266718, exponent=-4.0023, rmr=0.018273
MR results: 0 NA, 0 infinite, 0 negative, 0 zero
Energy calculations: 4194 non-zero gains, 11035 non-zero losses out of 11035 observations
Saved results to output/results/A1/1959/M/eb_results_MB_1959_A1_D1.rds

All years processed.
