Arguments received:
Species: MB
Years: 1950, 1951, 1952, 1953, 1954, 1955, 1956, 1957, 1958, 1959
Origin site: A1
Climate site: A1
Sex: F
Output directory: output/results/A1
Library paths:
[1] "/gscratch/biology/jmsmith/R"                          
[2] "/mmfs1/home/smithju/R/x86_64-pc-linux-gnu-library/4.4"
[3] "/usr/local/lib/R/site-library"                        
[4] "/usr/local/lib/R/library"                             
Package tidyverse loaded successfully
Package TrenchR loaded successfully
Package rTPC loaded successfully
Package lubridate loaded successfully

Processing: Species=MB, Year=1950, Origin=A1, Climate=A1, Sex=F
Looking for climate data at: /mmfs1/gscratch/biology/jmsmith/targeted_microclimate/A1/simplified_A1_1950.rds
Directory /mmfs1/gscratch/biology/jmsmith/targeted_microclimate/A1 exists. Contents:
simplified_A1_1950.rds
simplified_A1_1951.rds
simplified_A1_1952.rds
simplified_A1_1953.rds
simplified_A1_1954.rds
simplified_A1_1955.rds
simplified_A1_1956.rds
simplified_A1_1957.rds
simplified_A1_1958.rds
simplified_A1_1959.rds
simplified_A1_2015.rds
simplified_A1_2016.rds
simplified_A1_2017.rds
simplified_A1_2018.rds
simplified_A1_2019.rds
simplified_A1_2020.rds
simplified_A1_2021.rds
simplified_A1_2022.rds
simplified_A1_2023.rds
simplified_A1_2024.rds
Processing batch 1/12 (rows 1-1000)
  Calculated 1000 temperatures. Range: -9.61 to 38.71
Processing batch 2/12 (rows 1001-2000)
  Calculated 1000 temperatures. Range: -6.15 to 39.97
Processing batch 3/12 (rows 2001-3000)
  Calculated 1000 temperatures. Range: 1.03 to 43.70
Processing batch 4/12 (rows 3001-4000)
  Calculated 1000 temperatures. Range: 0.77 to 45.82
Processing batch 5/12 (rows 4001-5000)
  Calculated 1000 temperatures. Range: 3.23 to 47.58
Processing batch 6/12 (rows 5001-6000)
  Calculated 1000 temperatures. Range: 2.89 to 48.19
Processing batch 7/12 (rows 6001-7000)
  Calculated 1000 temperatures. Range: 3.04 to 49.28
Processing batch 8/12 (rows 7001-8000)
  Calculated 1000 temperatures. Range: 2.79 to 44.85
Processing batch 9/12 (rows 8001-9000)
  Calculated 1000 temperatures. Range: 2.86 to 49.53
Processing batch 10/12 (rows 9001-10000)
  Calculated 1000 temperatures. Range: 2.16 to 40.43
Processing batch 11/12 (rows 10001-11000)
  Calculated 1000 temperatures. Range: 0.02 to 43.54
Processing batch 12/12 (rows 11001-11035)
  Calculated 35 temperatures. Range: 13.22 to 36.52
Total observations: 11035, Unique timestamps: 2207
MR parameters: mass=0.33, elev=2195.0, b0=17.10, b1=0.98, b2=-0.48, b3=0.000124
Sample tb=284.13 K, log(mass)=-1.1087, 1/(kT)=40.829331, exponent=-3.3124, rmr=0.036429
Sample tb=277.36 K, log(mass)=-1.1087, 1/(kT)=41.825832, exponent=-3.7907, rmr=0.022580
Sample tb=301.06 K, log(mass)=-1.1087, 1/(kT)=38.534150, exponent=-2.2107, rmr=0.109624
Sample tb=282.14 K, log(mass)=-1.1087, 1/(kT)=41.117087, exponent=-3.4505, rmr=0.031729
Sample tb=304.33 K, log(mass)=-1.1087, 1/(kT)=38.119085, exponent=-2.0115, rmr=0.133792
MR results: 0 NA, 0 infinite, 0 negative, 0 zero
Energy calculations: 5373 non-zero gains, 11035 non-zero losses out of 11035 observations
Saved results to output/results/A1/1950/F/eb_results_MB_1950_A1_A1.rds

Processing: Species=MB, Year=1951, Origin=A1, Climate=A1, Sex=F
Looking for climate data at: /mmfs1/gscratch/biology/jmsmith/targeted_microclimate/A1/simplified_A1_1951.rds
Directory /mmfs1/gscratch/biology/jmsmith/targeted_microclimate/A1 exists. Contents:
simplified_A1_1950.rds
simplified_A1_1951.rds
simplified_A1_1952.rds
simplified_A1_1953.rds
simplified_A1_1954.rds
simplified_A1_1955.rds
simplified_A1_1956.rds
simplified_A1_1957.rds
simplified_A1_1958.rds
simplified_A1_1959.rds
simplified_A1_2015.rds
simplified_A1_2016.rds
simplified_A1_2017.rds
simplified_A1_2018.rds
simplified_A1_2019.rds
simplified_A1_2020.rds
simplified_A1_2021.rds
simplified_A1_2022.rds
simplified_A1_2023.rds
simplified_A1_2024.rds
Processing batch 1/12 (rows 1-1000)
  Calculated 1000 temperatures. Range: -9.02 to 17.63
Processing batch 2/12 (rows 1001-2000)
  Calculated 1000 temperatures. Range: -4.80 to 25.62
Processing batch 3/12 (rows 2001-3000)
  Calculated 1000 temperatures. Range: -1.34 to 40.28
Processing batch 4/12 (rows 3001-4000)
  Calculated 1000 temperatures. Range: 0.86 to 44.36
Processing batch 5/12 (rows 4001-5000)
  Calculated 1000 temperatures. Range: 2.21 to 51.84
Processing batch 6/12 (rows 5001-6000)
  Calculated 1000 temperatures. Range: 3.59 to 49.51
Processing batch 7/12 (rows 6001-7000)
  Calculated 1000 temperatures. Range: 4.18 to 42.01
Processing batch 8/12 (rows 7001-8000)
  Calculated 1000 temperatures. Range: 7.06 to 50.31
Processing batch 9/12 (rows 8001-9000)
  Calculated 1000 temperatures. Range: 3.36 to 43.27
Processing batch 10/12 (rows 9001-10000)
  Calculated 1000 temperatures. Range: 2.86 to 44.37
Processing batch 11/12 (rows 10001-11000)
  Calculated 1000 temperatures. Range: 2.60 to 42.76
Processing batch 12/12 (rows 11001-11035)
  Calculated 35 temperatures. Range: 11.19 to 37.11
Total observations: 11035, Unique timestamps: 2207
MR parameters: mass=0.33, elev=2195.0, b0=17.10, b1=0.98, b2=-0.48, b3=0.000124
Sample tb=284.67 K, log(mass)=-1.1087, 1/(kT)=40.751861, exponent=-3.2752, rmr=0.037809
Sample tb=282.77 K, log(mass)=-1.1087, 1/(kT)=41.025617, exponent=-3.4066, rmr=0.033154
Sample tb=309.27 K, log(mass)=-1.1087, 1/(kT)=37.510914, exponent=-1.7195, rmr=0.179147
Sample tb=282.85 K, log(mass)=-1.1087, 1/(kT)=41.015084, exponent=-3.4015, rmr=0.033322
Sample tb=298.83 K, log(mass)=-1.1087, 1/(kT)=38.821009, exponent=-2.3484, rmr=0.095522
MR results: 0 NA, 0 infinite, 0 negative, 0 zero
Energy calculations: 5402 non-zero gains, 11035 non-zero losses out of 11035 observations
Saved results to output/results/A1/1951/F/eb_results_MB_1951_A1_A1.rds

Processing: Species=MB, Year=1952, Origin=A1, Climate=A1, Sex=F
Looking for climate data at: /mmfs1/gscratch/biology/jmsmith/targeted_microclimate/A1/simplified_A1_1952.rds
Directory /mmfs1/gscratch/biology/jmsmith/targeted_microclimate/A1 exists. Contents:
simplified_A1_1950.rds
simplified_A1_1951.rds
simplified_A1_1952.rds
simplified_A1_1953.rds
simplified_A1_1954.rds
simplified_A1_1955.rds
simplified_A1_1956.rds
simplified_A1_1957.rds
simplified_A1_1958.rds
simplified_A1_1959.rds
simplified_A1_2015.rds
simplified_A1_2016.rds
simplified_A1_2017.rds
simplified_A1_2018.rds
simplified_A1_2019.rds
simplified_A1_2020.rds
simplified_A1_2021.rds
simplified_A1_2022.rds
simplified_A1_2023.rds
simplified_A1_2024.rds
Processing batch 1/12 (rows 1-1000)
  Calculated 1000 temperatures. Range: 0.61 to 47.27
Processing batch 2/12 (rows 1001-2000)
  Calculated 1000 temperatures. Range: -2.24 to 60.00
Processing batch 3/12 (rows 2001-3000)
  Calculated 1000 temperatures. Range: 1.73 to 60.00
Processing batch 4/12 (rows 3001-4000)
  Calculated 1000 temperatures. Range: 2.57 to 51.87
Processing batch 5/12 (rows 4001-5000)
  Calculated 1000 temperatures. Range: 1.86 to 45.80
Processing batch 6/12 (rows 5001-6000)
  Calculated 1000 temperatures. Range: 3.15 to 49.38
Processing batch 7/12 (rows 6001-7000)
  Calculated 1000 temperatures. Range: 3.88 to 48.03
Processing batch 8/12 (rows 7001-8000)
  Calculated 1000 temperatures. Range: 5.60 to 47.11
Processing batch 9/12 (rows 8001-9000)
  Calculated 1000 temperatures. Range: 4.62 to 44.01
Processing batch 10/12 (rows 9001-10000)
  Calculated 1000 temperatures. Range: 4.53 to 47.26
Processing batch 11/12 (rows 10001-11000)
  Calculated 1000 temperatures. Range: 0.21 to 46.32
Processing batch 12/12 (rows 11001-11035)
  Calculated 35 temperatures. Range: 10.13 to 34.57
Total observations: 11035, Unique timestamps: 2207
MR parameters: mass=0.33, elev=2195.0, b0=17.10, b1=0.98, b2=-0.48, b3=0.000124
Sample tb=287.02 K, log(mass)=-1.1087, 1/(kT)=40.418479, exponent=-3.1152, rmr=0.044371
Sample tb=293.08 K, log(mass)=-1.1087, 1/(kT)=39.583315, exponent=-2.7143, rmr=0.066251
Sample tb=277.37 K, log(mass)=-1.1087, 1/(kT)=41.825298, exponent=-3.7905, rmr=0.022585
Sample tb=282.58 K, log(mass)=-1.1087, 1/(kT)=41.053109, exponent=-3.4198, rmr=0.032719
Sample tb=302.15 K, log(mass)=-1.1087, 1/(kT)=38.394931, exponent=-2.1439, rmr=0.117200
MR results: 0 NA, 0 infinite, 0 negative, 0 zero
Energy calculations: 6355 non-zero gains, 11035 non-zero losses out of 11035 observations
Saved results to output/results/A1/1952/F/eb_results_MB_1952_A1_A1.rds

Processing: Species=MB, Year=1953, Origin=A1, Climate=A1, Sex=F
Looking for climate data at: /mmfs1/gscratch/biology/jmsmith/targeted_microclimate/A1/simplified_A1_1953.rds
Directory /mmfs1/gscratch/biology/jmsmith/targeted_microclimate/A1 exists. Contents:
simplified_A1_1950.rds
simplified_A1_1951.rds
simplified_A1_1952.rds
simplified_A1_1953.rds
simplified_A1_1954.rds
simplified_A1_1955.rds
simplified_A1_1956.rds
simplified_A1_1957.rds
simplified_A1_1958.rds
simplified_A1_1959.rds
simplified_A1_2015.rds
simplified_A1_2016.rds
simplified_A1_2017.rds
simplified_A1_2018.rds
simplified_A1_2019.rds
simplified_A1_2020.rds
simplified_A1_2021.rds
simplified_A1_2022.rds
simplified_A1_2023.rds
simplified_A1_2024.rds
Processing batch 1/12 (rows 1-1000)
  Calculated 1000 temperatures. Range: -3.67 to 40.01
Processing batch 2/12 (rows 1001-2000)
  Calculated 1000 temperatures. Range: 0.04 to 47.58
Processing batch 3/12 (rows 2001-3000)
  Calculated 1000 temperatures. Range: 1.74 to 47.35
Processing batch 4/12 (rows 3001-4000)
  Calculated 1000 temperatures. Range: 2.02 to 53.10
Processing batch 5/12 (rows 4001-5000)
  Calculated 1000 temperatures. Range: 3.79 to 44.93
Processing batch 6/12 (rows 5001-6000)
  Calculated 1000 temperatures. Range: 4.03 to 43.16
Processing batch 7/12 (rows 6001-7000)
  Calculated 1000 temperatures. Range: 3.85 to 50.30
Processing batch 8/12 (rows 7001-8000)
  Calculated 1000 temperatures. Range: 3.22 to 46.46
Processing batch 9/12 (rows 8001-9000)
  Calculated 1000 temperatures. Range: 2.82 to 48.79
Processing batch 10/12 (rows 9001-10000)
  Calculated 1000 temperatures. Range: 1.59 to 42.78
Processing batch 11/12 (rows 10001-11000)
  Calculated 1000 temperatures. Range: 2.25 to 46.93
Processing batch 12/12 (rows 11001-11035)
  Calculated 35 temperatures. Range: 13.52 to 34.60
Total observations: 11035, Unique timestamps: 2207
MR parameters: mass=0.33, elev=2195.0, b0=17.10, b1=0.98, b2=-0.48, b3=0.000124
Sample tb=287.00 K, log(mass)=-1.1087, 1/(kT)=40.421314, exponent=-3.1165, rmr=0.044310
Sample tb=284.60 K, log(mass)=-1.1087, 1/(kT)=40.761776, exponent=-3.2800, rmr=0.037630
Sample tb=288.91 K, log(mass)=-1.1087, 1/(kT)=40.153609, exponent=-2.9880, rmr=0.050386
Sample tb=290.97 K, log(mass)=-1.1087, 1/(kT)=39.869758, exponent=-2.8518, rmr=0.057741
Sample tb=288.73 K, log(mass)=-1.1087, 1/(kT)=40.178955, exponent=-3.0002, rmr=0.049777
MR results: 0 NA, 0 infinite, 0 negative, 0 zero
Energy calculations: 6399 non-zero gains, 11035 non-zero losses out of 11035 observations
Saved results to output/results/A1/1953/F/eb_results_MB_1953_A1_A1.rds

Processing: Species=MB, Year=1954, Origin=A1, Climate=A1, Sex=F
Looking for climate data at: /mmfs1/gscratch/biology/jmsmith/targeted_microclimate/A1/simplified_A1_1954.rds
Directory /mmfs1/gscratch/biology/jmsmith/targeted_microclimate/A1 exists. Contents:
simplified_A1_1950.rds
simplified_A1_1951.rds
simplified_A1_1952.rds
simplified_A1_1953.rds
simplified_A1_1954.rds
simplified_A1_1955.rds
simplified_A1_1956.rds
simplified_A1_1957.rds
simplified_A1_1958.rds
simplified_A1_1959.rds
simplified_A1_2015.rds
simplified_A1_2016.rds
simplified_A1_2017.rds
simplified_A1_2018.rds
simplified_A1_2019.rds
simplified_A1_2020.rds
simplified_A1_2021.rds
simplified_A1_2022.rds
simplified_A1_2023.rds
simplified_A1_2024.rds
Processing batch 1/12 (rows 1-1000)
  Calculated 1000 temperatures. Range: -5.99 to 40.54
Processing batch 2/12 (rows 1001-2000)
  Calculated 1000 temperatures. Range: -1.25 to 39.70
Processing batch 3/12 (rows 2001-3000)
  Calculated 1000 temperatures. Range: 3.70 to 49.55
Processing batch 4/12 (rows 3001-4000)
  Calculated 1000 temperatures. Range: 3.26 to 49.96
Processing batch 5/12 (rows 4001-5000)
  Calculated 1000 temperatures. Range: 6.56 to 51.13
Processing batch 6/12 (rows 5001-6000)
  Calculated 1000 temperatures. Range: 7.18 to 47.74
Processing batch 7/12 (rows 6001-7000)
  Calculated 1000 temperatures. Range: 6.70 to 49.65
Processing batch 8/12 (rows 7001-8000)
  Calculated 1000 temperatures. Range: 3.85 to 50.46
Processing batch 9/12 (rows 8001-9000)
  Calculated 1000 temperatures. Range: 3.62 to 45.35
Processing batch 10/12 (rows 9001-10000)
  Calculated 1000 temperatures. Range: 1.99 to 45.52
Processing batch 11/12 (rows 10001-11000)
  Calculated 1000 temperatures. Range: 1.74 to 50.54
Processing batch 12/12 (rows 11001-11035)
  Calculated 35 temperatures. Range: 14.73 to 46.66
Total observations: 11035, Unique timestamps: 2207
MR parameters: mass=0.33, elev=2195.0, b0=17.10, b1=0.98, b2=-0.48, b3=0.000124
Sample tb=284.58 K, log(mass)=-1.1087, 1/(kT)=40.764611, exponent=-3.2813, rmr=0.037579
Sample tb=291.78 K, log(mass)=-1.1087, 1/(kT)=39.759099, exponent=-2.7987, rmr=0.060891
Sample tb=281.55 K, log(mass)=-1.1087, 1/(kT)=41.203778, exponent=-3.4921, rmr=0.030436
Sample tb=277.57 K, log(mass)=-1.1087, 1/(kT)=41.794669, exponent=-3.7758, rmr=0.022920
Sample tb=286.95 K, log(mass)=-1.1087, 1/(kT)=40.427811, exponent=-3.1197, rmr=0.044172
MR results: 0 NA, 0 infinite, 0 negative, 0 zero
Energy calculations: 6766 non-zero gains, 11035 non-zero losses out of 11035 observations
Saved results to output/results/A1/1954/F/eb_results_MB_1954_A1_A1.rds

Processing: Species=MB, Year=1955, Origin=A1, Climate=A1, Sex=F
Looking for climate data at: /mmfs1/gscratch/biology/jmsmith/targeted_microclimate/A1/simplified_A1_1955.rds
Directory /mmfs1/gscratch/biology/jmsmith/targeted_microclimate/A1 exists. Contents:
simplified_A1_1950.rds
simplified_A1_1951.rds
simplified_A1_1952.rds
simplified_A1_1953.rds
simplified_A1_1954.rds
simplified_A1_1955.rds
simplified_A1_1956.rds
simplified_A1_1957.rds
simplified_A1_1958.rds
simplified_A1_1959.rds
simplified_A1_2015.rds
simplified_A1_2016.rds
simplified_A1_2017.rds
simplified_A1_2018.rds
simplified_A1_2019.rds
simplified_A1_2020.rds
simplified_A1_2021.rds
simplified_A1_2022.rds
simplified_A1_2023.rds
simplified_A1_2024.rds
Processing batch 1/12 (rows 1-1000)
  Calculated 1000 temperatures. Range: -5.25 to 39.89
Processing batch 2/12 (rows 1001-2000)
  Calculated 1000 temperatures. Range: -0.84 to 43.34
Processing batch 3/12 (rows 2001-3000)
  Calculated 1000 temperatures. Range: 0.90 to 44.41
Processing batch 4/12 (rows 3001-4000)
  Calculated 1000 temperatures. Range: 0.31 to 47.80
Processing batch 5/12 (rows 4001-5000)
  Calculated 1000 temperatures. Range: 1.51 to 50.34
Processing batch 6/12 (rows 5001-6000)
  Calculated 1000 temperatures. Range: 2.48 to 50.70
Processing batch 7/12 (rows 6001-7000)
  Calculated 1000 temperatures. Range: 5.71 to 44.58
Processing batch 8/12 (rows 7001-8000)
  Calculated 1000 temperatures. Range: 5.39 to 46.17
Processing batch 9/12 (rows 8001-9000)
  Calculated 1000 temperatures. Range: 4.89 to 44.91
Processing batch 10/12 (rows 9001-10000)
  Calculated 1000 temperatures. Range: 4.23 to 41.58
Processing batch 11/12 (rows 10001-11000)
  Calculated 1000 temperatures. Range: 1.36 to 50.56
Processing batch 12/12 (rows 11001-11035)
  Calculated 35 temperatures. Range: 12.60 to 40.83
Total observations: 11035, Unique timestamps: 2207
MR parameters: mass=0.33, elev=2195.0, b0=17.10, b1=0.98, b2=-0.48, b3=0.000124
Sample tb=280.90 K, log(mass)=-1.1087, 1/(kT)=41.299391, exponent=-3.5380, rmr=0.029071
Sample tb=287.83 K, log(mass)=-1.1087, 1/(kT)=40.304663, exponent=-3.0605, rmr=0.046862
Sample tb=283.47 K, log(mass)=-1.1087, 1/(kT)=40.924804, exponent=-3.3582, rmr=0.034797
Sample tb=285.02 K, log(mass)=-1.1087, 1/(kT)=40.702820, exponent=-3.2517, rmr=0.038710
Sample tb=290.71 K, log(mass)=-1.1087, 1/(kT)=39.905738, exponent=-2.8691, rmr=0.056752
MR results: 0 NA, 0 infinite, 0 negative, 0 zero
Energy calculations: 6267 non-zero gains, 11035 non-zero losses out of 11035 observations
Saved results to output/results/A1/1955/F/eb_results_MB_1955_A1_A1.rds

Processing: Species=MB, Year=1956, Origin=A1, Climate=A1, Sex=F
Looking for climate data at: /mmfs1/gscratch/biology/jmsmith/targeted_microclimate/A1/simplified_A1_1956.rds
Directory /mmfs1/gscratch/biology/jmsmith/targeted_microclimate/A1 exists. Contents:
simplified_A1_1950.rds
simplified_A1_1951.rds
simplified_A1_1952.rds
simplified_A1_1953.rds
simplified_A1_1954.rds
simplified_A1_1955.rds
simplified_A1_1956.rds
simplified_A1_1957.rds
simplified_A1_1958.rds
simplified_A1_1959.rds
simplified_A1_2015.rds
simplified_A1_2016.rds
simplified_A1_2017.rds
simplified_A1_2018.rds
simplified_A1_2019.rds
simplified_A1_2020.rds
simplified_A1_2021.rds
simplified_A1_2022.rds
simplified_A1_2023.rds
simplified_A1_2024.rds
Processing batch 1/12 (rows 1-1000)
  Calculated 1000 temperatures. Range: 0.79 to 52.75
Processing batch 2/12 (rows 1001-2000)
  Calculated 1000 temperatures. Range: 1.09 to 47.19
Processing batch 3/12 (rows 2001-3000)
  Calculated 1000 temperatures. Range: 1.29 to 44.74
Processing batch 4/12 (rows 3001-4000)
  Calculated 1000 temperatures. Range: 3.44 to 47.24
Processing batch 5/12 (rows 4001-5000)
  Calculated 1000 temperatures. Range: 2.80 to 50.09
Processing batch 6/12 (rows 5001-6000)
  Calculated 1000 temperatures. Range: 3.49 to 49.57
Processing batch 7/12 (rows 6001-7000)
  Calculated 1000 temperatures. Range: 3.55 to 43.64
Processing batch 8/12 (rows 7001-8000)
  Calculated 1000 temperatures. Range: 2.32 to 43.02
Processing batch 9/12 (rows 8001-9000)
  Calculated 1000 temperatures. Range: 2.55 to 46.04
Processing batch 10/12 (rows 9001-10000)
  Calculated 1000 temperatures. Range: 1.38 to 46.04
Processing batch 11/12 (rows 10001-11000)
  Calculated 1000 temperatures. Range: -1.90 to 45.14
Processing batch 12/12 (rows 11001-11035)
  Calculated 35 temperatures. Range: 6.50 to 31.56
Total observations: 11035, Unique timestamps: 2207
MR parameters: mass=0.33, elev=2195.0, b0=17.10, b1=0.98, b2=-0.48, b3=0.000124
Sample tb=284.53 K, log(mass)=-1.1087, 1/(kT)=40.772604, exponent=-3.2852, rmr=0.037435
Sample tb=287.39 K, log(mass)=-1.1087, 1/(kT)=40.366834, exponent=-3.0904, rmr=0.045484
Sample tb=277.31 K, log(mass)=-1.1087, 1/(kT)=41.833722, exponent=-3.7945, rmr=0.022494
Sample tb=280.05 K, log(mass)=-1.1087, 1/(kT)=41.424080, exponent=-3.5979, rmr=0.027382
Sample tb=289.71 K, log(mass)=-1.1087, 1/(kT)=40.042720, exponent=-2.9348, rmr=0.053141
MR results: 0 NA, 0 infinite, 0 negative, 0 zero
Energy calculations: 6039 non-zero gains, 11035 non-zero losses out of 11035 observations
Saved results to output/results/A1/1956/F/eb_results_MB_1956_A1_A1.rds

Processing: Species=MB, Year=1957, Origin=A1, Climate=A1, Sex=F
Looking for climate data at: /mmfs1/gscratch/biology/jmsmith/targeted_microclimate/A1/simplified_A1_1957.rds
Directory /mmfs1/gscratch/biology/jmsmith/targeted_microclimate/A1 exists. Contents:
simplified_A1_1950.rds
simplified_A1_1951.rds
simplified_A1_1952.rds
simplified_A1_1953.rds
simplified_A1_1954.rds
simplified_A1_1955.rds
simplified_A1_1956.rds
simplified_A1_1957.rds
simplified_A1_1958.rds
simplified_A1_1959.rds
simplified_A1_2015.rds
simplified_A1_2016.rds
simplified_A1_2017.rds
simplified_A1_2018.rds
simplified_A1_2019.rds
simplified_A1_2020.rds
simplified_A1_2021.rds
simplified_A1_2022.rds
simplified_A1_2023.rds
simplified_A1_2024.rds
Processing batch 1/12 (rows 1-1000)
  Calculated 1000 temperatures. Range: -0.43 to 45.06
Processing batch 2/12 (rows 1001-2000)
  Calculated 1000 temperatures. Range: -1.39 to 50.11
Processing batch 3/12 (rows 2001-3000)
  Calculated 1000 temperatures. Range: -2.63 to 42.06
Processing batch 4/12 (rows 3001-4000)
  Calculated 1000 temperatures. Range: 3.34 to 44.35
Processing batch 5/12 (rows 4001-5000)
  Calculated 1000 temperatures. Range: 1.89 to 52.97
Processing batch 6/12 (rows 5001-6000)
  Calculated 1000 temperatures. Range: 6.02 to 47.72
Processing batch 7/12 (rows 6001-7000)
  Calculated 1000 temperatures. Range: 5.14 to 43.22
Processing batch 8/12 (rows 7001-8000)
  Calculated 1000 temperatures. Range: 6.67 to 50.89
Processing batch 9/12 (rows 8001-9000)
  Calculated 1000 temperatures. Range: 4.88 to 49.36
Processing batch 10/12 (rows 9001-10000)
  Calculated 1000 temperatures. Range: 3.70 to 43.14
Processing batch 11/12 (rows 10001-11000)
  Calculated 1000 temperatures. Range: 3.58 to 46.72
Processing batch 12/12 (rows 11001-11035)
  Calculated 35 temperatures. Range: 10.50 to 37.34
Total observations: 11035, Unique timestamps: 2207
MR parameters: mass=0.33, elev=2195.0, b0=17.10, b1=0.98, b2=-0.48, b3=0.000124
Sample tb=291.01 K, log(mass)=-1.1087, 1/(kT)=39.864851, exponent=-2.8494, rmr=0.057877
Sample tb=289.18 K, log(mass)=-1.1087, 1/(kT)=40.117078, exponent=-2.9705, rmr=0.051277
Sample tb=282.82 K, log(mass)=-1.1087, 1/(kT)=41.019047, exponent=-3.4035, rmr=0.033258
Sample tb=314.03 K, log(mass)=-1.1087, 1/(kT)=36.942405, exponent=-1.4467, rmr=0.235354
Sample tb=277.97 K, log(mass)=-1.1087, 1/(kT)=41.734782, exponent=-3.7470, rmr=0.023588
MR results: 0 NA, 0 infinite, 0 negative, 0 zero
Energy calculations: 6274 non-zero gains, 11035 non-zero losses out of 11035 observations
Saved results to output/results/A1/1957/F/eb_results_MB_1957_A1_A1.rds

Processing: Species=MB, Year=1958, Origin=A1, Climate=A1, Sex=F
Looking for climate data at: /mmfs1/gscratch/biology/jmsmith/targeted_microclimate/A1/simplified_A1_1958.rds
Directory /mmfs1/gscratch/biology/jmsmith/targeted_microclimate/A1 exists. Contents:
simplified_A1_1950.rds
simplified_A1_1951.rds
simplified_A1_1952.rds
simplified_A1_1953.rds
simplified_A1_1954.rds
simplified_A1_1955.rds
simplified_A1_1956.rds
simplified_A1_1957.rds
simplified_A1_1958.rds
simplified_A1_1959.rds
simplified_A1_2015.rds
simplified_A1_2016.rds
simplified_A1_2017.rds
simplified_A1_2018.rds
simplified_A1_2019.rds
simplified_A1_2020.rds
simplified_A1_2021.rds
simplified_A1_2022.rds
simplified_A1_2023.rds
simplified_A1_2024.rds
Processing batch 1/12 (rows 1-1000)
  Calculated 1000 temperatures. Range: 0.69 to 43.99
Processing batch 2/12 (rows 1001-2000)
  Calculated 1000 temperatures. Range: 0.13 to 40.20
Processing batch 3/12 (rows 2001-3000)
  Calculated 1000 temperatures. Range: 2.46 to 43.43
Processing batch 4/12 (rows 3001-4000)
  Calculated 1000 temperatures. Range: 1.34 to 49.85
Processing batch 5/12 (rows 4001-5000)
  Calculated 1000 temperatures. Range: 2.10 to 45.13
Processing batch 6/12 (rows 5001-6000)
  Calculated 1000 temperatures. Range: 2.64 to 46.68
Processing batch 7/12 (rows 6001-7000)
  Calculated 1000 temperatures. Range: 2.83 to 43.98
Processing batch 8/12 (rows 7001-8000)
  Calculated 1000 temperatures. Range: 3.85 to 51.15
Processing batch 9/12 (rows 8001-9000)
  Calculated 1000 temperatures. Range: 4.37 to 46.42
Processing batch 10/12 (rows 9001-10000)
  Calculated 1000 temperatures. Range: 5.86 to 48.20
Processing batch 11/12 (rows 10001-11000)
  Calculated 1000 temperatures. Range: 2.26 to 43.53
Processing batch 12/12 (rows 11001-11035)
  Calculated 35 temperatures. Range: 12.24 to 41.45
Total observations: 11035, Unique timestamps: 2207
MR parameters: mass=0.33, elev=2195.0, b0=17.10, b1=0.98, b2=-0.48, b3=0.000124
Sample tb=284.17 K, log(mass)=-1.1087, 1/(kT)=40.823577, exponent=-3.3096, rmr=0.036530
Sample tb=302.87 K, log(mass)=-1.1087, 1/(kT)=38.303286, exponent=-2.0999, rmr=0.122470
Sample tb=282.17 K, log(mass)=-1.1087, 1/(kT)=41.113558, exponent=-3.4488, rmr=0.031783
Sample tb=280.37 K, log(mass)=-1.1087, 1/(kT)=41.377359, exponent=-3.5754, rmr=0.028003
Sample tb=283.47 K, log(mass)=-1.1087, 1/(kT)=40.924765, exponent=-3.3582, rmr=0.034798
MR results: 0 NA, 0 infinite, 0 negative, 0 zero
Energy calculations: 6043 non-zero gains, 11035 non-zero losses out of 11035 observations
Saved results to output/results/A1/1958/F/eb_results_MB_1958_A1_A1.rds

Processing: Species=MB, Year=1959, Origin=A1, Climate=A1, Sex=F
Looking for climate data at: /mmfs1/gscratch/biology/jmsmith/targeted_microclimate/A1/simplified_A1_1959.rds
Directory /mmfs1/gscratch/biology/jmsmith/targeted_microclimate/A1 exists. Contents:
simplified_A1_1950.rds
simplified_A1_1951.rds
simplified_A1_1952.rds
simplified_A1_1953.rds
simplified_A1_1954.rds
simplified_A1_1955.rds
simplified_A1_1956.rds
simplified_A1_1957.rds
simplified_A1_1958.rds
simplified_A1_1959.rds
simplified_A1_2015.rds
simplified_A1_2016.rds
simplified_A1_2017.rds
simplified_A1_2018.rds
simplified_A1_2019.rds
simplified_A1_2020.rds
simplified_A1_2021.rds
simplified_A1_2022.rds
simplified_A1_2023.rds
simplified_A1_2024.rds
Processing batch 1/12 (rows 1-1000)
  Calculated 1000 temperatures. Range: -4.81 to 45.56
Processing batch 2/12 (rows 1001-2000)
  Calculated 1000 temperatures. Range: 2.44 to 47.41
Processing batch 3/12 (rows 2001-3000)
  Calculated 1000 temperatures. Range: 4.31 to 45.51
Processing batch 4/12 (rows 3001-4000)
  Calculated 1000 temperatures. Range: 1.46 to 43.51
Processing batch 5/12 (rows 4001-5000)
  Calculated 1000 temperatures. Range: 0.88 to 44.25
Processing batch 6/12 (rows 5001-6000)
  Calculated 1000 temperatures. Range: 4.41 to 50.29
Processing batch 7/12 (rows 6001-7000)
  Calculated 1000 temperatures. Range: 4.03 to 50.14
Processing batch 8/12 (rows 7001-8000)
  Calculated 1000 temperatures. Range: 5.13 to 45.45
Processing batch 9/12 (rows 8001-9000)
  Calculated 1000 temperatures. Range: 4.78 to 51.41
Processing batch 10/12 (rows 9001-10000)
  Calculated 1000 temperatures. Range: 3.92 to 49.01
Processing batch 11/12 (rows 10001-11000)
  Calculated 1000 temperatures. Range: 2.46 to 41.23
Processing batch 12/12 (rows 11001-11035)
  Calculated 35 temperatures. Range: 12.51 to 41.46
Total observations: 11035, Unique timestamps: 2207
MR parameters: mass=0.33, elev=2195.0, b0=17.10, b1=0.98, b2=-0.48, b3=0.000124
Sample tb=274.43 K, log(mass)=-1.1087, 1/(kT)=42.273324, exponent=-4.0055, rmr=0.018215
Sample tb=283.27 K, log(mass)=-1.1087, 1/(kT)=40.954039, exponent=-3.3722, rmr=0.034312
Sample tb=294.86 K, log(mass)=-1.1087, 1/(kT)=39.343431, exponent=-2.5992, rmr=0.074336
Sample tb=287.37 K, log(mass)=-1.1087, 1/(kT)=40.369977, exponent=-3.0919, rmr=0.045416
Sample tb=283.81 K, log(mass)=-1.1087, 1/(kT)=40.876012, exponent=-3.3348, rmr=0.035622
MR results: 0 NA, 0 infinite, 0 negative, 0 zero
Energy calculations: 6284 non-zero gains, 11035 non-zero losses out of 11035 observations
Saved results to output/results/A1/1959/F/eb_results_MB_1959_A1_A1.rds

All years processed.
