Arguments received:
Species: MB
Years: 2015, 2016, 2017, 2018, 2019, 2020, 2021, 2022, 2023, 2024
Origin site: D1
Climate site: C1
Sex: M
Output directory: output/results/D1
Library paths:
[1] "/gscratch/biology/jmsmith/R"                          
[2] "/mmfs1/home/smithju/R/x86_64-pc-linux-gnu-library/4.4"
[3] "/usr/local/lib/R/site-library"                        
[4] "/usr/local/lib/R/library"                             
Package tidyverse loaded successfully
Package TrenchR loaded successfully
Package rTPC loaded successfully
Package lubridate loaded successfully

Processing: Species=MB, Year=2015, Origin=D1, Climate=C1, Sex=M
Looking for climate data at: /mmfs1/gscratch/biology/jmsmith/targeted_microclimate/C1/simplified_C1_2015.rds
Directory /mmfs1/gscratch/biology/jmsmith/targeted_microclimate/C1 exists. Contents:
simplified_C1_1950.rds
simplified_C1_1951.rds
simplified_C1_1952.rds
simplified_C1_1953.rds
simplified_C1_1954.rds
simplified_C1_1955.rds
simplified_C1_1956.rds
simplified_C1_1957.rds
simplified_C1_1958.rds
simplified_C1_1959.rds
simplified_C1_2015.rds
simplified_C1_2016.rds
simplified_C1_2017.rds
simplified_C1_2018.rds
simplified_C1_2019.rds
simplified_C1_2020.rds
simplified_C1_2021.rds
simplified_C1_2022.rds
simplified_C1_2023.rds
simplified_C1_2024.rds
Processing batch 1/12 (rows 1-1000)
  Calculated 1000 temperatures. Range: -3.15 to 52.04
Processing batch 2/12 (rows 1001-2000)
  Calculated 1000 temperatures. Range: -2.04 to 44.48
Processing batch 3/12 (rows 2001-3000)
  Calculated 1000 temperatures. Range: 0.65 to 50.70
Processing batch 4/12 (rows 3001-4000)
  Calculated 1000 temperatures. Range: 2.23 to 49.46
Processing batch 5/12 (rows 4001-5000)
  Calculated 1000 temperatures. Range: -0.04 to 45.75
Processing batch 6/12 (rows 5001-6000)
  Calculated 1000 temperatures. Range: 0.41 to 45.74
Processing batch 7/12 (rows 6001-7000)
  Calculated 1000 temperatures. Range: -0.15 to 49.07
Processing batch 8/12 (rows 7001-8000)
  Calculated 1000 temperatures. Range: 0.17 to 48.55
Processing batch 9/12 (rows 8001-9000)
  Calculated 1000 temperatures. Range: 1.35 to 48.16
Processing batch 10/12 (rows 9001-10000)
  Calculated 1000 temperatures. Range: -1.58 to 48.42
Processing batch 11/12 (rows 10001-11000)
  Calculated 1000 temperatures. Range: -1.44 to 46.38
Processing batch 12/12 (rows 11001-11035)
  Calculated 35 temperatures. Range: 8.17 to 41.70
Total observations: 11035, Unique timestamps: 2207
MR parameters: mass=0.22, elev=3300.0, b0=17.10, b1=0.98, b2=-0.48, b3=0.000124
Sample tb=277.88 K, log(mass)=-1.5141, 1/(kT)=41.747744, exponent=-4.0136, rmr=0.018069
Sample tb=299.48 K, log(mass)=-1.5141, 1/(kT)=38.736821, exponent=-2.5683, rmr=0.076664
Sample tb=287.89 K, log(mass)=-1.5141, 1/(kT)=40.296807, exponent=-3.3171, rmr=0.036257
Sample tb=278.31 K, log(mass)=-1.5141, 1/(kT)=41.683993, exponent=-3.9830, rmr=0.018630
Sample tb=278.44 K, log(mass)=-1.5141, 1/(kT)=41.664354, exponent=-3.9735, rmr=0.018807
MR results: 0 NA, 0 infinite, 0 negative, 0 zero
Energy calculations: 4880 non-zero gains, 11035 non-zero losses out of 11035 observations
Saved results to output/results/D1/2015/M/eb_results_MB_2015_D1_C1.rds

Processing: Species=MB, Year=2016, Origin=D1, Climate=C1, Sex=M
Looking for climate data at: /mmfs1/gscratch/biology/jmsmith/targeted_microclimate/C1/simplified_C1_2016.rds
Directory /mmfs1/gscratch/biology/jmsmith/targeted_microclimate/C1 exists. Contents:
simplified_C1_1950.rds
simplified_C1_1951.rds
simplified_C1_1952.rds
simplified_C1_1953.rds
simplified_C1_1954.rds
simplified_C1_1955.rds
simplified_C1_1956.rds
simplified_C1_1957.rds
simplified_C1_1958.rds
simplified_C1_1959.rds
simplified_C1_2015.rds
simplified_C1_2016.rds
simplified_C1_2017.rds
simplified_C1_2018.rds
simplified_C1_2019.rds
simplified_C1_2020.rds
simplified_C1_2021.rds
simplified_C1_2022.rds
simplified_C1_2023.rds
simplified_C1_2024.rds
Processing batch 1/12 (rows 1-1000)
  Calculated 1000 temperatures. Range: -6.61 to 50.54
Processing batch 2/12 (rows 1001-2000)
  Calculated 1000 temperatures. Range: -3.17 to 50.14
Processing batch 3/12 (rows 2001-3000)
  Calculated 1000 temperatures. Range: 0.55 to 49.39
Processing batch 4/12 (rows 3001-4000)
  Calculated 1000 temperatures. Range: 0.39 to 50.38
Processing batch 5/12 (rows 4001-5000)
  Calculated 1000 temperatures. Range: -0.94 to 49.85
Processing batch 6/12 (rows 5001-6000)
  Calculated 1000 temperatures. Range: -1.03 to 50.12
Processing batch 7/12 (rows 6001-7000)
  Calculated 1000 temperatures. Range: 2.73 to 52.06
Processing batch 8/12 (rows 7001-8000)
  Calculated 1000 temperatures. Range: 3.18 to 45.99
Processing batch 9/12 (rows 8001-9000)
  Calculated 1000 temperatures. Range: -0.49 to 46.80
Processing batch 10/12 (rows 9001-10000)
  Calculated 1000 temperatures. Range: 0.46 to 44.73
Processing batch 11/12 (rows 10001-11000)
  Calculated 1000 temperatures. Range: -2.02 to 40.46
Processing batch 12/12 (rows 11001-11035)
  Calculated 35 temperatures. Range: 9.52 to 33.54
Total observations: 11035, Unique timestamps: 2207
MR parameters: mass=0.22, elev=3300.0, b0=17.10, b1=0.98, b2=-0.48, b3=0.000124
Sample tb=278.11 K, log(mass)=-1.5141, 1/(kT)=41.713314, exponent=-3.9970, rmr=0.018370
Sample tb=303.08 K, log(mass)=-1.5141, 1/(kT)=38.277377, exponent=-2.3478, rmr=0.095581
Sample tb=295.75 K, log(mass)=-1.5141, 1/(kT)=39.226104, exponent=-2.8032, rmr=0.060617
Sample tb=289.06 K, log(mass)=-1.5141, 1/(kT)=40.133692, exponent=-3.2388, rmr=0.039210
Sample tb=280.48 K, log(mass)=-1.5141, 1/(kT)=41.360491, exponent=-3.8277, rmr=0.021760
MR results: 0 NA, 0 infinite, 0 negative, 0 zero
Energy calculations: 4941 non-zero gains, 11035 non-zero losses out of 11035 observations
Saved results to output/results/D1/2016/M/eb_results_MB_2016_D1_C1.rds

Processing: Species=MB, Year=2017, Origin=D1, Climate=C1, Sex=M
Looking for climate data at: /mmfs1/gscratch/biology/jmsmith/targeted_microclimate/C1/simplified_C1_2017.rds
Directory /mmfs1/gscratch/biology/jmsmith/targeted_microclimate/C1 exists. Contents:
simplified_C1_1950.rds
simplified_C1_1951.rds
simplified_C1_1952.rds
simplified_C1_1953.rds
simplified_C1_1954.rds
simplified_C1_1955.rds
simplified_C1_1956.rds
simplified_C1_1957.rds
simplified_C1_1958.rds
simplified_C1_1959.rds
simplified_C1_2015.rds
simplified_C1_2016.rds
simplified_C1_2017.rds
simplified_C1_2018.rds
simplified_C1_2019.rds
simplified_C1_2020.rds
simplified_C1_2021.rds
simplified_C1_2022.rds
simplified_C1_2023.rds
simplified_C1_2024.rds
Processing batch 1/12 (rows 1-1000)
  Calculated 1000 temperatures. Range: -6.38 to 50.40
Processing batch 2/12 (rows 1001-2000)
  Calculated 1000 temperatures. Range: -4.23 to 41.65
Processing batch 3/12 (rows 2001-3000)
  Calculated 1000 temperatures. Range: 0.78 to 53.04
Processing batch 4/12 (rows 3001-4000)
  Calculated 1000 temperatures. Range: -2.14 to 54.10
Processing batch 5/12 (rows 4001-5000)
  Calculated 1000 temperatures. Range: 1.33 to 48.62
Processing batch 6/12 (rows 5001-6000)
  Calculated 1000 temperatures. Range: 0.88 to 51.78
Processing batch 7/12 (rows 6001-7000)
  Calculated 1000 temperatures. Range: 3.43 to 49.98
Processing batch 8/12 (rows 7001-8000)
  Calculated 1000 temperatures. Range: 0.75 to 42.16
Processing batch 9/12 (rows 8001-9000)
  Calculated 1000 temperatures. Range: 0.81 to 45.71
Processing batch 10/12 (rows 9001-10000)
  Calculated 1000 temperatures. Range: -0.15 to 46.22
Processing batch 11/12 (rows 10001-11000)
  Calculated 1000 temperatures. Range: 0.24 to 48.18
Processing batch 12/12 (rows 11001-11035)
  Calculated 35 temperatures. Range: 10.09 to 42.49
Total observations: 11035, Unique timestamps: 2207
MR parameters: mass=0.22, elev=3300.0, b0=17.10, b1=0.98, b2=-0.48, b3=0.000124
Sample tb=285.46 K, log(mass)=-1.5141, 1/(kT)=40.640041, exponent=-3.4819, rmr=0.030750
Sample tb=308.25 K, log(mass)=-1.5141, 1/(kT)=37.634493, exponent=-2.0392, rmr=0.130133
Sample tb=280.60 K, log(mass)=-1.5141, 1/(kT)=41.343823, exponent=-3.8197, rmr=0.021935
Sample tb=305.27 K, log(mass)=-1.5141, 1/(kT)=38.002061, exponent=-2.2156, rmr=0.109084
Sample tb=284.90 K, log(mass)=-1.5141, 1/(kT)=40.718808, exponent=-3.5197, rmr=0.029609
MR results: 0 NA, 0 infinite, 0 negative, 0 zero
Energy calculations: 4914 non-zero gains, 11035 non-zero losses out of 11035 observations
Saved results to output/results/D1/2017/M/eb_results_MB_2017_D1_C1.rds

Processing: Species=MB, Year=2018, Origin=D1, Climate=C1, Sex=M
Looking for climate data at: /mmfs1/gscratch/biology/jmsmith/targeted_microclimate/C1/simplified_C1_2018.rds
Directory /mmfs1/gscratch/biology/jmsmith/targeted_microclimate/C1 exists. Contents:
simplified_C1_1950.rds
simplified_C1_1951.rds
simplified_C1_1952.rds
simplified_C1_1953.rds
simplified_C1_1954.rds
simplified_C1_1955.rds
simplified_C1_1956.rds
simplified_C1_1957.rds
simplified_C1_1958.rds
simplified_C1_1959.rds
simplified_C1_2015.rds
simplified_C1_2016.rds
simplified_C1_2017.rds
simplified_C1_2018.rds
simplified_C1_2019.rds
simplified_C1_2020.rds
simplified_C1_2021.rds
simplified_C1_2022.rds
simplified_C1_2023.rds
simplified_C1_2024.rds
Processing batch 1/12 (rows 1-1000)
  Calculated 1000 temperatures. Range: -5.46 to 51.70
Processing batch 2/12 (rows 1001-2000)
  Calculated 1000 temperatures. Range: -2.87 to 46.97
Processing batch 3/12 (rows 2001-3000)
  Calculated 1000 temperatures. Range: -1.69 to 45.69
Processing batch 4/12 (rows 3001-4000)
  Calculated 1000 temperatures. Range: -1.61 to 48.36
Processing batch 5/12 (rows 4001-5000)
  Calculated 1000 temperatures. Range: 2.08 to 50.38
Processing batch 6/12 (rows 5001-6000)
  Calculated 1000 temperatures. Range: 3.17 to 47.13
Processing batch 7/12 (rows 6001-7000)
  Calculated 1000 temperatures. Range: 3.24 to 49.50
Processing batch 8/12 (rows 7001-8000)
  Calculated 1000 temperatures. Range: 2.06 to 50.36
Processing batch 9/12 (rows 8001-9000)
  Calculated 1000 temperatures. Range: -0.25 to 49.33
Processing batch 10/12 (rows 9001-10000)
  Calculated 1000 temperatures. Range: -0.45 to 43.87
Processing batch 11/12 (rows 10001-11000)
  Calculated 1000 temperatures. Range: -1.19 to 41.42
Processing batch 12/12 (rows 11001-11035)
  Calculated 35 temperatures. Range: 9.45 to 34.08
Total observations: 11035, Unique timestamps: 2207
MR parameters: mass=0.22, elev=3300.0, b0=17.10, b1=0.98, b2=-0.48, b3=0.000124
Sample tb=275.02 K, log(mass)=-1.5141, 1/(kT)=42.181648, exponent=-4.2218, rmr=0.014672
Sample tb=285.05 K, log(mass)=-1.5141, 1/(kT)=40.698253, exponent=-3.5098, rmr=0.029903
Sample tb=273.81 K, log(mass)=-1.5141, 1/(kT)=42.368179, exponent=-4.3114, rmr=0.013415
Sample tb=280.44 K, log(mass)=-1.5141, 1/(kT)=41.366575, exponent=-3.8306, rmr=0.021697
Sample tb=299.51 K, log(mass)=-1.5141, 1/(kT)=38.732379, exponent=-2.5662, rmr=0.076828
MR results: 0 NA, 0 infinite, 0 negative, 0 zero
Energy calculations: 5052 non-zero gains, 11035 non-zero losses out of 11035 observations
Saved results to output/results/D1/2018/M/eb_results_MB_2018_D1_C1.rds

Processing: Species=MB, Year=2019, Origin=D1, Climate=C1, Sex=M
Looking for climate data at: /mmfs1/gscratch/biology/jmsmith/targeted_microclimate/C1/simplified_C1_2019.rds
Directory /mmfs1/gscratch/biology/jmsmith/targeted_microclimate/C1 exists. Contents:
simplified_C1_1950.rds
simplified_C1_1951.rds
simplified_C1_1952.rds
simplified_C1_1953.rds
simplified_C1_1954.rds
simplified_C1_1955.rds
simplified_C1_1956.rds
simplified_C1_1957.rds
simplified_C1_1958.rds
simplified_C1_1959.rds
simplified_C1_2015.rds
simplified_C1_2016.rds
simplified_C1_2017.rds
simplified_C1_2018.rds
simplified_C1_2019.rds
simplified_C1_2020.rds
simplified_C1_2021.rds
simplified_C1_2022.rds
simplified_C1_2023.rds
simplified_C1_2024.rds
Processing batch 1/12 (rows 1-1000)
  Calculated 1000 temperatures. Range: -6.67 to 46.48
Processing batch 2/12 (rows 1001-2000)
  Calculated 1000 temperatures. Range: -7.87 to 47.47
Processing batch 3/12 (rows 2001-3000)
  Calculated 1000 temperatures. Range: -6.56 to 39.69
Processing batch 4/12 (rows 3001-4000)
  Calculated 1000 temperatures. Range: -3.31 to 47.91
Processing batch 5/12 (rows 4001-5000)
  Calculated 1000 temperatures. Range: -0.41 to 54.19
Processing batch 6/12 (rows 5001-6000)
  Calculated 1000 temperatures. Range: 2.40 to 51.87
Processing batch 7/12 (rows 6001-7000)
  Calculated 1000 temperatures. Range: 3.06 to 50.77
Processing batch 8/12 (rows 7001-8000)
  Calculated 1000 temperatures. Range: 0.78 to 54.10
Processing batch 9/12 (rows 8001-9000)
  Calculated 1000 temperatures. Range: 0.68 to 45.23
Processing batch 10/12 (rows 9001-10000)
  Calculated 1000 temperatures. Range: -0.15 to 45.23
Processing batch 11/12 (rows 10001-11000)
  Calculated 1000 temperatures. Range: -0.84 to 41.41
Processing batch 12/12 (rows 11001-11035)
  Calculated 35 temperatures. Range: 11.29 to 39.20
Total observations: 11035, Unique timestamps: 2207
MR parameters: mass=0.22, elev=3300.0, b0=17.10, b1=0.98, b2=-0.48, b3=0.000124
Sample tb=275.92 K, log(mass)=-1.5141, 1/(kT)=42.044353, exponent=-4.1559, rmr=0.015671
Sample tb=285.37 K, log(mass)=-1.5141, 1/(kT)=40.651981, exponent=-3.4876, rmr=0.030574
Sample tb=282.74 K, log(mass)=-1.5141, 1/(kT)=41.030598, exponent=-3.6693, rmr=0.025493
Sample tb=308.37 K, log(mass)=-1.5141, 1/(kT)=37.620265, exponent=-2.0324, rmr=0.131024
Sample tb=300.37 K, log(mass)=-1.5141, 1/(kT)=38.621619, exponent=-2.5130, rmr=0.081023
MR results: 0 NA, 0 infinite, 0 negative, 0 zero
Energy calculations: 4762 non-zero gains, 11035 non-zero losses out of 11035 observations
Saved results to output/results/D1/2019/M/eb_results_MB_2019_D1_C1.rds

Processing: Species=MB, Year=2020, Origin=D1, Climate=C1, Sex=M
Looking for climate data at: /mmfs1/gscratch/biology/jmsmith/targeted_microclimate/C1/simplified_C1_2020.rds
Directory /mmfs1/gscratch/biology/jmsmith/targeted_microclimate/C1 exists. Contents:
simplified_C1_1950.rds
simplified_C1_1951.rds
simplified_C1_1952.rds
simplified_C1_1953.rds
simplified_C1_1954.rds
simplified_C1_1955.rds
simplified_C1_1956.rds
simplified_C1_1957.rds
simplified_C1_1958.rds
simplified_C1_1959.rds
simplified_C1_2015.rds
simplified_C1_2016.rds
simplified_C1_2017.rds
simplified_C1_2018.rds
simplified_C1_2019.rds
simplified_C1_2020.rds
simplified_C1_2021.rds
simplified_C1_2022.rds
simplified_C1_2023.rds
simplified_C1_2024.rds
Processing batch 1/12 (rows 1-1000)
  Calculated 1000 temperatures. Range: -3.94 to 49.24
Processing batch 2/12 (rows 1001-2000)
  Calculated 1000 temperatures. Range: -7.24 to 22.94
Processing batch 3/12 (rows 2001-3000)
  Calculated 1000 temperatures. Range: -6.50 to 40.78
Processing batch 4/12 (rows 3001-4000)
  Calculated 1000 temperatures. Range: -4.18 to 45.63
Processing batch 5/12 (rows 4001-5000)
  Calculated 1000 temperatures. Range: -0.34 to 53.16
Processing batch 6/12 (rows 5001-6000)
  Calculated 1000 temperatures. Range: 3.04 to 51.07
Processing batch 7/12 (rows 6001-7000)
  Calculated 1000 temperatures. Range: 2.79 to 52.22
Processing batch 8/12 (rows 7001-8000)
  Calculated 1000 temperatures. Range: 0.97 to 47.60
Processing batch 9/12 (rows 8001-9000)
  Calculated 1000 temperatures. Range: -0.11 to 48.35
Processing batch 10/12 (rows 9001-10000)
  Calculated 1000 temperatures. Range: 0.04 to 49.00
Processing batch 11/12 (rows 10001-11000)
  Calculated 1000 temperatures. Range: -2.29 to 49.64
Processing batch 12/12 (rows 11001-11035)
  Calculated 35 temperatures. Range: 8.24 to 35.86
Total observations: 11035, Unique timestamps: 2207
MR parameters: mass=0.22, elev=3300.0, b0=17.10, b1=0.98, b2=-0.48, b3=0.000124
Sample tb=285.50 K, log(mass)=-1.5141, 1/(kT)=40.633938, exponent=-3.4789, rmr=0.030840
Sample tb=306.89 K, log(mass)=-1.5141, 1/(kT)=37.801686, exponent=-2.1195, rmr=0.120097
Sample tb=280.93 K, log(mass)=-1.5141, 1/(kT)=41.294388, exponent=-3.7960, rmr=0.022462
Sample tb=274.76 K, log(mass)=-1.5141, 1/(kT)=42.222420, exponent=-4.2414, rmr=0.014387
Sample tb=309.45 K, log(mass)=-1.5141, 1/(kT)=37.488804, exponent=-1.9693, rmr=0.139559
MR results: 0 NA, 0 infinite, 0 negative, 0 zero
Energy calculations: 4805 non-zero gains, 11035 non-zero losses out of 11035 observations
Saved results to output/results/D1/2020/M/eb_results_MB_2020_D1_C1.rds

Processing: Species=MB, Year=2021, Origin=D1, Climate=C1, Sex=M
Looking for climate data at: /mmfs1/gscratch/biology/jmsmith/targeted_microclimate/C1/simplified_C1_2021.rds
Directory /mmfs1/gscratch/biology/jmsmith/targeted_microclimate/C1 exists. Contents:
simplified_C1_1950.rds
simplified_C1_1951.rds
simplified_C1_1952.rds
simplified_C1_1953.rds
simplified_C1_1954.rds
simplified_C1_1955.rds
simplified_C1_1956.rds
simplified_C1_1957.rds
simplified_C1_1958.rds
simplified_C1_1959.rds
simplified_C1_2015.rds
simplified_C1_2016.rds
simplified_C1_2017.rds
simplified_C1_2018.rds
simplified_C1_2019.rds
simplified_C1_2020.rds
simplified_C1_2021.rds
simplified_C1_2022.rds
simplified_C1_2023.rds
simplified_C1_2024.rds
Processing batch 1/12 (rows 1-1000)
  Calculated 1000 temperatures. Range: -5.97 to 50.22
Processing batch 2/12 (rows 1001-2000)
  Calculated 1000 temperatures. Range: -3.27 to 58.58
Processing batch 3/12 (rows 2001-3000)
  Calculated 1000 temperatures. Range: -0.63 to 58.41
Processing batch 4/12 (rows 3001-4000)
  Calculated 1000 temperatures. Range: -0.18 to 48.30
Processing batch 5/12 (rows 4001-5000)
  Calculated 1000 temperatures. Range: 1.62 to 49.48
Processing batch 6/12 (rows 5001-6000)
  Calculated 1000 temperatures. Range: 1.20 to 49.68
Processing batch 7/12 (rows 6001-7000)
  Calculated 1000 temperatures. Range: 1.16 to 47.42
Processing batch 8/12 (rows 7001-8000)
  Calculated 1000 temperatures. Range: 0.55 to 48.03
Processing batch 9/12 (rows 8001-9000)
  Calculated 1000 temperatures. Range: -0.02 to 46.83
Processing batch 10/12 (rows 9001-10000)
  Calculated 1000 temperatures. Range: 0.82 to 51.46
Processing batch 11/12 (rows 10001-11000)
  Calculated 1000 temperatures. Range: -0.56 to 42.76
Processing batch 12/12 (rows 11001-11035)
  Calculated 35 temperatures. Range: 10.83 to 48.10
Total observations: 11035, Unique timestamps: 2207
MR parameters: mass=0.22, elev=3300.0, b0=17.10, b1=0.98, b2=-0.48, b3=0.000124
Sample tb=278.94 K, log(mass)=-1.5141, 1/(kT)=41.588767, exponent=-3.9373, rmr=0.019502
Sample tb=289.42 K, log(mass)=-1.5141, 1/(kT)=40.082908, exponent=-3.2144, rmr=0.040178
Sample tb=280.72 K, log(mass)=-1.5141, 1/(kT)=41.326017, exponent=-3.8111, rmr=0.022123
Sample tb=279.55 K, log(mass)=-1.5141, 1/(kT)=41.499106, exponent=-3.8942, rmr=0.020359
Sample tb=297.28 K, log(mass)=-1.5141, 1/(kT)=39.023687, exponent=-2.7060, rmr=0.066802
MR results: 0 NA, 0 infinite, 0 negative, 0 zero
Energy calculations: 5132 non-zero gains, 11035 non-zero losses out of 11035 observations
Saved results to output/results/D1/2021/M/eb_results_MB_2021_D1_C1.rds

Processing: Species=MB, Year=2022, Origin=D1, Climate=C1, Sex=M
Looking for climate data at: /mmfs1/gscratch/biology/jmsmith/targeted_microclimate/C1/simplified_C1_2022.rds
Directory /mmfs1/gscratch/biology/jmsmith/targeted_microclimate/C1 exists. Contents:
simplified_C1_1950.rds
simplified_C1_1951.rds
simplified_C1_1952.rds
simplified_C1_1953.rds
simplified_C1_1954.rds
simplified_C1_1955.rds
simplified_C1_1956.rds
simplified_C1_1957.rds
simplified_C1_1958.rds
simplified_C1_1959.rds
simplified_C1_2015.rds
simplified_C1_2016.rds
simplified_C1_2017.rds
simplified_C1_2018.rds
simplified_C1_2019.rds
simplified_C1_2020.rds
simplified_C1_2021.rds
simplified_C1_2022.rds
simplified_C1_2023.rds
simplified_C1_2024.rds
Processing batch 1/12 (rows 1-1000)
  Calculated 1000 temperatures. Range: -6.58 to 34.98
Processing batch 2/12 (rows 1001-2000)
  Calculated 1000 temperatures. Range: -5.82 to 41.48
Processing batch 3/12 (rows 2001-3000)
  Calculated 1000 temperatures. Range: -4.13 to 45.42
Processing batch 4/12 (rows 3001-4000)
  Calculated 1000 temperatures. Range: -0.11 to 48.45
Processing batch 5/12 (rows 4001-5000)
  Calculated 1000 temperatures. Range: 2.85 to 54.58
Processing batch 6/12 (rows 5001-6000)
  Calculated 1000 temperatures. Range: 3.92 to 55.53
Processing batch 7/12 (rows 6001-7000)
  Calculated 1000 temperatures. Range: 2.59 to 54.87
Processing batch 8/12 (rows 7001-8000)
  Calculated 1000 temperatures. Range: 3.39 to 50.69
Processing batch 9/12 (rows 8001-9000)
  Calculated 1000 temperatures. Range: 3.05 to 46.86
Processing batch 10/12 (rows 9001-10000)
  Calculated 1000 temperatures. Range: 0.36 to 33.81
Processing batch 11/12 (rows 10001-11000)
  Calculated 1000 temperatures. Range: 0.59 to 51.67
Processing batch 12/12 (rows 11001-11035)
  Calculated 35 temperatures. Range: 11.13 to 41.10
Total observations: 11035, Unique timestamps: 2207
MR parameters: mass=0.22, elev=3300.0, b0=17.10, b1=0.98, b2=-0.48, b3=0.000124
Sample tb=276.83 K, log(mass)=-1.5141, 1/(kT)=41.906926, exponent=-4.0900, rmr=0.016740
Sample tb=281.77 K, log(mass)=-1.5141, 1/(kT)=41.171156, exponent=-3.7368, rmr=0.023830
Sample tb=287.19 K, log(mass)=-1.5141, 1/(kT)=40.395122, exponent=-3.3643, rmr=0.034586
Sample tb=302.82 K, log(mass)=-1.5141, 1/(kT)=38.309965, exponent=-2.3634, rmr=0.094097
Sample tb=293.16 K, log(mass)=-1.5141, 1/(kT)=39.572029, exponent=-2.9692, rmr=0.051343
MR results: 0 NA, 0 infinite, 0 negative, 0 zero
Energy calculations: 5054 non-zero gains, 11035 non-zero losses out of 11035 observations
Saved results to output/results/D1/2022/M/eb_results_MB_2022_D1_C1.rds

Processing: Species=MB, Year=2023, Origin=D1, Climate=C1, Sex=M
Looking for climate data at: /mmfs1/gscratch/biology/jmsmith/targeted_microclimate/C1/simplified_C1_2023.rds
Directory /mmfs1/gscratch/biology/jmsmith/targeted_microclimate/C1 exists. Contents:
simplified_C1_1950.rds
simplified_C1_1951.rds
simplified_C1_1952.rds
simplified_C1_1953.rds
simplified_C1_1954.rds
simplified_C1_1955.rds
simplified_C1_1956.rds
simplified_C1_1957.rds
simplified_C1_1958.rds
simplified_C1_1959.rds
simplified_C1_2015.rds
simplified_C1_2016.rds
simplified_C1_2017.rds
simplified_C1_2018.rds
simplified_C1_2019.rds
simplified_C1_2020.rds
simplified_C1_2021.rds
simplified_C1_2022.rds
simplified_C1_2023.rds
simplified_C1_2024.rds
Processing batch 1/12 (rows 1-1000)
  Calculated 1000 temperatures. Range: -3.76 to 46.77
Processing batch 2/12 (rows 1001-2000)
  Calculated 1000 temperatures. Range: -4.36 to 41.39
Processing batch 3/12 (rows 2001-3000)
  Calculated 1000 temperatures. Range: -5.46 to 48.31
Processing batch 4/12 (rows 3001-4000)
  Calculated 1000 temperatures. Range: -1.80 to 46.26
Processing batch 5/12 (rows 4001-5000)
  Calculated 1000 temperatures. Range: 1.31 to 44.75
Processing batch 6/12 (rows 5001-6000)
  Calculated 1000 temperatures. Range: 0.76 to 49.75
Processing batch 7/12 (rows 6001-7000)
  Calculated 1000 temperatures. Range: 1.25 to 51.44
Processing batch 8/12 (rows 7001-8000)
  Calculated 1000 temperatures. Range: 1.51 to 52.82
Processing batch 9/12 (rows 8001-9000)
  Calculated 1000 temperatures. Range: -0.84 to 44.11
Processing batch 10/12 (rows 9001-10000)
  Calculated 1000 temperatures. Range: 0.96 to 48.28
Processing batch 11/12 (rows 10001-11000)
  Calculated 1000 temperatures. Range: 0.61 to 42.38
Processing batch 12/12 (rows 11001-11035)
  Calculated 35 temperatures. Range: 11.29 to 39.67
Total observations: 11035, Unique timestamps: 2207
MR parameters: mass=0.22, elev=3300.0, b0=17.10, b1=0.98, b2=-0.48, b3=0.000124
Sample tb=277.10 K, log(mass)=-1.5141, 1/(kT)=41.865584, exponent=-4.0701, rmr=0.017075
Sample tb=287.99 K, log(mass)=-1.5141, 1/(kT)=40.282361, exponent=-3.3102, rmr=0.036510
Sample tb=277.08 K, log(mass)=-1.5141, 1/(kT)=41.867944, exponent=-4.0713, rmr=0.017056
Sample tb=285.57 K, log(mass)=-1.5141, 1/(kT)=40.624360, exponent=-3.4743, rmr=0.030982
Sample tb=288.43 K, log(mass)=-1.5141, 1/(kT)=40.220508, exponent=-3.2805, rmr=0.037610
MR results: 0 NA, 0 infinite, 0 negative, 0 zero
Energy calculations: 4800 non-zero gains, 11035 non-zero losses out of 11035 observations
Saved results to output/results/D1/2023/M/eb_results_MB_2023_D1_C1.rds

Processing: Species=MB, Year=2024, Origin=D1, Climate=C1, Sex=M
Looking for climate data at: /mmfs1/gscratch/biology/jmsmith/targeted_microclimate/C1/simplified_C1_2024.rds
Directory /mmfs1/gscratch/biology/jmsmith/targeted_microclimate/C1 exists. Contents:
simplified_C1_1950.rds
simplified_C1_1951.rds
simplified_C1_1952.rds
simplified_C1_1953.rds
simplified_C1_1954.rds
simplified_C1_1955.rds
simplified_C1_1956.rds
simplified_C1_1957.rds
simplified_C1_1958.rds
simplified_C1_1959.rds
simplified_C1_2015.rds
simplified_C1_2016.rds
simplified_C1_2017.rds
simplified_C1_2018.rds
simplified_C1_2019.rds
simplified_C1_2020.rds
simplified_C1_2021.rds
simplified_C1_2022.rds
simplified_C1_2023.rds
simplified_C1_2024.rds
Processing batch 1/12 (rows 1-1000)
  Calculated 1000 temperatures. Range: -6.36 to 54.99
Processing batch 2/12 (rows 1001-2000)
  Calculated 1000 temperatures. Range: -0.43 to 47.24
Processing batch 3/12 (rows 2001-3000)
  Calculated 1000 temperatures. Range: -3.80 to 50.89
Processing batch 4/12 (rows 3001-4000)
  Calculated 1000 temperatures. Range: 0.10 to 46.31
Processing batch 5/12 (rows 4001-5000)
  Calculated 1000 temperatures. Range: -1.85 to 43.65
Processing batch 6/12 (rows 5001-6000)
  Calculated 1000 temperatures. Range: 2.41 to 54.88
Processing batch 7/12 (rows 6001-7000)
  Calculated 1000 temperatures. Range: 0.41 to 51.78
Processing batch 8/12 (rows 7001-8000)
  Calculated 1000 temperatures. Range: 0.24 to 48.18
Processing batch 9/12 (rows 8001-9000)
  Calculated 1000 temperatures. Range: 3.68 to 50.48
Processing batch 10/12 (rows 9001-10000)
  Calculated 1000 temperatures. Range: 0.93 to 46.55
Processing batch 11/12 (rows 10001-11000)
  Calculated 1000 temperatures. Range: -0.58 to 42.58
Processing batch 12/12 (rows 11001-11035)
  Calculated 35 temperatures. Range: 10.27 to 31.05
Total observations: 11035, Unique timestamps: 2207
MR parameters: mass=0.22, elev=3300.0, b0=17.10, b1=0.98, b2=-0.48, b3=0.000124
Sample tb=276.72 K, log(mass)=-1.5141, 1/(kT)=41.923238, exponent=-4.0978, rmr=0.016609
Sample tb=305.12 K, log(mass)=-1.5141, 1/(kT)=38.020913, exponent=-2.2247, rmr=0.108102
Sample tb=276.80 K, log(mass)=-1.5141, 1/(kT)=41.910238, exponent=-4.0916, rmr=0.016713
Sample tb=284.28 K, log(mass)=-1.5141, 1/(kT)=40.808378, exponent=-3.5627, rmr=0.028363
Sample tb=285.24 K, log(mass)=-1.5141, 1/(kT)=40.671245, exponent=-3.4968, rmr=0.030293
MR results: 0 NA, 0 infinite, 0 negative, 0 zero
Energy calculations: 5253 non-zero gains, 11035 non-zero losses out of 11035 observations
Saved results to output/results/D1/2024/M/eb_results_MB_2024_D1_C1.rds

All years processed.
