Arguments received:
Species: MB
Years: 2015, 2016, 2017, 2018, 2019, 2020, 2021, 2022, 2023, 2024
Origin site: C1
Climate site: C1
Sex: F
Output directory: output/results/C1
Library paths:
[1] "/gscratch/biology/jmsmith/R"                          
[2] "/mmfs1/home/smithju/R/x86_64-pc-linux-gnu-library/4.4"
[3] "/usr/local/lib/R/site-library"                        
[4] "/usr/local/lib/R/library"                             
Package tidyverse loaded successfully
Package TrenchR loaded successfully
Package rTPC loaded successfully
Package lubridate loaded successfully

Processing: Species=MB, Year=2015, Origin=C1, Climate=C1, Sex=F
Looking for climate data at: /mmfs1/gscratch/biology/jmsmith/targeted_microclimate/C1/simplified_C1_2015.rds
Directory /mmfs1/gscratch/biology/jmsmith/targeted_microclimate/C1 exists. Contents:
simplified_C1_1950.rds
simplified_C1_1951.rds
simplified_C1_1952.rds
simplified_C1_1953.rds
simplified_C1_1954.rds
simplified_C1_1955.rds
simplified_C1_1956.rds
simplified_C1_1957.rds
simplified_C1_1958.rds
simplified_C1_1959.rds
simplified_C1_2015.rds
simplified_C1_2016.rds
simplified_C1_2017.rds
simplified_C1_2018.rds
simplified_C1_2019.rds
simplified_C1_2020.rds
simplified_C1_2021.rds
simplified_C1_2022.rds
simplified_C1_2023.rds
simplified_C1_2024.rds
Processing batch 1/12 (rows 1-1000)
  Calculated 1000 temperatures. Range: -3.15 to 52.04
Processing batch 2/12 (rows 1001-2000)
  Calculated 1000 temperatures. Range: -2.04 to 44.48
Processing batch 3/12 (rows 2001-3000)
  Calculated 1000 temperatures. Range: 0.65 to 50.70
Processing batch 4/12 (rows 3001-4000)
  Calculated 1000 temperatures. Range: 2.23 to 49.46
Processing batch 5/12 (rows 4001-5000)
  Calculated 1000 temperatures. Range: -0.04 to 45.75
Processing batch 6/12 (rows 5001-6000)
  Calculated 1000 temperatures. Range: 0.41 to 45.74
Processing batch 7/12 (rows 6001-7000)
  Calculated 1000 temperatures. Range: -0.15 to 49.07
Processing batch 8/12 (rows 7001-8000)
  Calculated 1000 temperatures. Range: 0.17 to 48.55
Processing batch 9/12 (rows 8001-9000)
  Calculated 1000 temperatures. Range: 1.35 to 48.16
Processing batch 10/12 (rows 9001-10000)
  Calculated 1000 temperatures. Range: -1.58 to 48.42
Processing batch 11/12 (rows 10001-11000)
  Calculated 1000 temperatures. Range: -1.44 to 46.38
Processing batch 12/12 (rows 11001-11035)
  Calculated 35 temperatures. Range: 8.17 to 41.70
Total observations: 11035, Unique timestamps: 2207
MR parameters: mass=0.24, elev=3014.0, b0=17.10, b1=0.98, b2=-0.48, b3=0.000124
Sample tb=308.02 K, log(mass)=-1.4271, 1/(kT)=37.663466, exponent=-2.0033, rmr=0.134889
Sample tb=287.10 K, log(mass)=-1.4271, 1/(kT)=40.407938, exponent=-3.3206, rmr=0.036129
Sample tb=301.52 K, log(mass)=-1.4271, 1/(kT)=38.474736, exponent=-2.3927, rmr=0.091382
Sample tb=287.64 K, log(mass)=-1.4271, 1/(kT)=40.331146, exponent=-3.2838, rmr=0.037486
Sample tb=273.94 K, log(mass)=-1.4271, 1/(kT)=42.348169, exponent=-4.2520, rmr=0.014236
MR results: 0 NA, 0 infinite, 0 negative, 0 zero
Energy calculations: 4789 non-zero gains, 11035 non-zero losses out of 11035 observations
Saved results to output/results/C1/2015/F/eb_results_MB_2015_C1_C1.rds

Processing: Species=MB, Year=2016, Origin=C1, Climate=C1, Sex=F
Looking for climate data at: /mmfs1/gscratch/biology/jmsmith/targeted_microclimate/C1/simplified_C1_2016.rds
Directory /mmfs1/gscratch/biology/jmsmith/targeted_microclimate/C1 exists. Contents:
simplified_C1_1950.rds
simplified_C1_1951.rds
simplified_C1_1952.rds
simplified_C1_1953.rds
simplified_C1_1954.rds
simplified_C1_1955.rds
simplified_C1_1956.rds
simplified_C1_1957.rds
simplified_C1_1958.rds
simplified_C1_1959.rds
simplified_C1_2015.rds
simplified_C1_2016.rds
simplified_C1_2017.rds
simplified_C1_2018.rds
simplified_C1_2019.rds
simplified_C1_2020.rds
simplified_C1_2021.rds
simplified_C1_2022.rds
simplified_C1_2023.rds
simplified_C1_2024.rds
Processing batch 1/12 (rows 1-1000)
  Calculated 1000 temperatures. Range: -6.61 to 50.54
Processing batch 2/12 (rows 1001-2000)
  Calculated 1000 temperatures. Range: -3.17 to 50.14
Processing batch 3/12 (rows 2001-3000)
  Calculated 1000 temperatures. Range: 0.55 to 49.39
Processing batch 4/12 (rows 3001-4000)
  Calculated 1000 temperatures. Range: 0.39 to 50.38
Processing batch 5/12 (rows 4001-5000)
  Calculated 1000 temperatures. Range: -0.94 to 49.85
Processing batch 6/12 (rows 5001-6000)
  Calculated 1000 temperatures. Range: -1.03 to 50.12
Processing batch 7/12 (rows 6001-7000)
  Calculated 1000 temperatures. Range: 2.73 to 52.06
Processing batch 8/12 (rows 7001-8000)
  Calculated 1000 temperatures. Range: 3.18 to 45.99
Processing batch 9/12 (rows 8001-9000)
  Calculated 1000 temperatures. Range: -0.49 to 46.80
Processing batch 10/12 (rows 9001-10000)
  Calculated 1000 temperatures. Range: 0.46 to 44.73
Processing batch 11/12 (rows 10001-11000)
  Calculated 1000 temperatures. Range: -2.02 to 40.46
Processing batch 12/12 (rows 11001-11035)
  Calculated 35 temperatures. Range: 9.52 to 33.54
Total observations: 11035, Unique timestamps: 2207
MR parameters: mass=0.24, elev=3014.0, b0=17.10, b1=0.98, b2=-0.48, b3=0.000124
Sample tb=281.96 K, log(mass)=-1.4271, 1/(kT)=41.144280, exponent=-3.6741, rmr=0.025372
Sample tb=278.70 K, log(mass)=-1.4271, 1/(kT)=41.624555, exponent=-3.9046, rmr=0.020149
Sample tb=274.33 K, log(mass)=-1.4271, 1/(kT)=42.287871, exponent=-4.2230, rmr=0.014654
Sample tb=281.49 K, log(mass)=-1.4271, 1/(kT)=41.213032, exponent=-3.7071, rmr=0.024549
Sample tb=284.79 K, log(mass)=-1.4271, 1/(kT)=40.735080, exponent=-3.4777, rmr=0.030879
MR results: 0 NA, 0 infinite, 0 negative, 0 zero
Energy calculations: 4852 non-zero gains, 11035 non-zero losses out of 11035 observations
Saved results to output/results/C1/2016/F/eb_results_MB_2016_C1_C1.rds

Processing: Species=MB, Year=2017, Origin=C1, Climate=C1, Sex=F
Looking for climate data at: /mmfs1/gscratch/biology/jmsmith/targeted_microclimate/C1/simplified_C1_2017.rds
Directory /mmfs1/gscratch/biology/jmsmith/targeted_microclimate/C1 exists. Contents:
simplified_C1_1950.rds
simplified_C1_1951.rds
simplified_C1_1952.rds
simplified_C1_1953.rds
simplified_C1_1954.rds
simplified_C1_1955.rds
simplified_C1_1956.rds
simplified_C1_1957.rds
simplified_C1_1958.rds
simplified_C1_1959.rds
simplified_C1_2015.rds
simplified_C1_2016.rds
simplified_C1_2017.rds
simplified_C1_2018.rds
simplified_C1_2019.rds
simplified_C1_2020.rds
simplified_C1_2021.rds
simplified_C1_2022.rds
simplified_C1_2023.rds
simplified_C1_2024.rds
Processing batch 1/12 (rows 1-1000)
  Calculated 1000 temperatures. Range: -6.38 to 50.40
Processing batch 2/12 (rows 1001-2000)
  Calculated 1000 temperatures. Range: -4.23 to 41.65
Processing batch 3/12 (rows 2001-3000)
  Calculated 1000 temperatures. Range: 0.78 to 53.04
Processing batch 4/12 (rows 3001-4000)
  Calculated 1000 temperatures. Range: -2.14 to 54.10
Processing batch 5/12 (rows 4001-5000)
  Calculated 1000 temperatures. Range: 1.33 to 48.62
Processing batch 6/12 (rows 5001-6000)
  Calculated 1000 temperatures. Range: 0.88 to 51.78
Processing batch 7/12 (rows 6001-7000)
  Calculated 1000 temperatures. Range: 3.43 to 49.98
Processing batch 8/12 (rows 7001-8000)
  Calculated 1000 temperatures. Range: 0.75 to 42.16
Processing batch 9/12 (rows 8001-9000)
  Calculated 1000 temperatures. Range: 0.81 to 45.71
Processing batch 10/12 (rows 9001-10000)
  Calculated 1000 temperatures. Range: -0.15 to 46.22
Processing batch 11/12 (rows 10001-11000)
  Calculated 1000 temperatures. Range: 0.24 to 48.18
Processing batch 12/12 (rows 11001-11035)
  Calculated 35 temperatures. Range: 10.09 to 42.49
Total observations: 11035, Unique timestamps: 2207
MR parameters: mass=0.24, elev=3014.0, b0=17.10, b1=0.98, b2=-0.48, b3=0.000124
Sample tb=283.03 K, log(mass)=-1.4271, 1/(kT)=40.988175, exponent=-3.5992, rmr=0.027347
Sample tb=275.13 K, log(mass)=-1.4271, 1/(kT)=42.165724, exponent=-4.1644, rmr=0.015539
Sample tb=282.07 K, log(mass)=-1.4271, 1/(kT)=41.127500, exponent=-3.6660, rmr=0.025578
Sample tb=305.48 K, log(mass)=-1.4271, 1/(kT)=37.976185, exponent=-2.1534, rmr=0.116088
Sample tb=279.18 K, log(mass)=-1.4271, 1/(kT)=41.553377, exponent=-3.8705, rmr=0.020849
MR results: 0 NA, 0 infinite, 0 negative, 0 zero
Energy calculations: 4811 non-zero gains, 11035 non-zero losses out of 11035 observations
Saved results to output/results/C1/2017/F/eb_results_MB_2017_C1_C1.rds

Processing: Species=MB, Year=2018, Origin=C1, Climate=C1, Sex=F
Looking for climate data at: /mmfs1/gscratch/biology/jmsmith/targeted_microclimate/C1/simplified_C1_2018.rds
Directory /mmfs1/gscratch/biology/jmsmith/targeted_microclimate/C1 exists. Contents:
simplified_C1_1950.rds
simplified_C1_1951.rds
simplified_C1_1952.rds
simplified_C1_1953.rds
simplified_C1_1954.rds
simplified_C1_1955.rds
simplified_C1_1956.rds
simplified_C1_1957.rds
simplified_C1_1958.rds
simplified_C1_1959.rds
simplified_C1_2015.rds
simplified_C1_2016.rds
simplified_C1_2017.rds
simplified_C1_2018.rds
simplified_C1_2019.rds
simplified_C1_2020.rds
simplified_C1_2021.rds
simplified_C1_2022.rds
simplified_C1_2023.rds
simplified_C1_2024.rds
Processing batch 1/12 (rows 1-1000)
  Calculated 1000 temperatures. Range: -5.46 to 51.70
Processing batch 2/12 (rows 1001-2000)
  Calculated 1000 temperatures. Range: -2.87 to 46.97
Processing batch 3/12 (rows 2001-3000)
  Calculated 1000 temperatures. Range: -1.69 to 45.69
Processing batch 4/12 (rows 3001-4000)
  Calculated 1000 temperatures. Range: -1.61 to 48.36
Processing batch 5/12 (rows 4001-5000)
  Calculated 1000 temperatures. Range: 2.08 to 50.38
Processing batch 6/12 (rows 5001-6000)
  Calculated 1000 temperatures. Range: 3.17 to 47.13
Processing batch 7/12 (rows 6001-7000)
  Calculated 1000 temperatures. Range: 3.24 to 49.50
Processing batch 8/12 (rows 7001-8000)
  Calculated 1000 temperatures. Range: 2.06 to 50.36
Processing batch 9/12 (rows 8001-9000)
  Calculated 1000 temperatures. Range: -0.25 to 49.33
Processing batch 10/12 (rows 9001-10000)
  Calculated 1000 temperatures. Range: -0.45 to 43.87
Processing batch 11/12 (rows 10001-11000)
  Calculated 1000 temperatures. Range: -1.19 to 41.42
Processing batch 12/12 (rows 11001-11035)
  Calculated 35 temperatures. Range: 9.45 to 34.08
Total observations: 11035, Unique timestamps: 2207
MR parameters: mass=0.24, elev=3014.0, b0=17.10, b1=0.98, b2=-0.48, b3=0.000124
Sample tb=280.25 K, log(mass)=-1.4271, 1/(kT)=41.395279, exponent=-3.7946, rmr=0.022493
Sample tb=280.18 K, log(mass)=-1.4271, 1/(kT)=41.404882, exponent=-3.7992, rmr=0.022389
Sample tb=276.28 K, log(mass)=-1.4271, 1/(kT)=41.989889, exponent=-4.0800, rmr=0.016908
Sample tb=285.06 K, log(mass)=-1.4271, 1/(kT)=40.695831, exponent=-3.4588, rmr=0.031466
Sample tb=278.94 K, log(mass)=-1.4271, 1/(kT)=41.589755, exponent=-3.8879, rmr=0.020488
MR results: 0 NA, 0 infinite, 0 negative, 0 zero
Energy calculations: 4951 non-zero gains, 11035 non-zero losses out of 11035 observations
Saved results to output/results/C1/2018/F/eb_results_MB_2018_C1_C1.rds

Processing: Species=MB, Year=2019, Origin=C1, Climate=C1, Sex=F
Looking for climate data at: /mmfs1/gscratch/biology/jmsmith/targeted_microclimate/C1/simplified_C1_2019.rds
Directory /mmfs1/gscratch/biology/jmsmith/targeted_microclimate/C1 exists. Contents:
simplified_C1_1950.rds
simplified_C1_1951.rds
simplified_C1_1952.rds
simplified_C1_1953.rds
simplified_C1_1954.rds
simplified_C1_1955.rds
simplified_C1_1956.rds
simplified_C1_1957.rds
simplified_C1_1958.rds
simplified_C1_1959.rds
simplified_C1_2015.rds
simplified_C1_2016.rds
simplified_C1_2017.rds
simplified_C1_2018.rds
simplified_C1_2019.rds
simplified_C1_2020.rds
simplified_C1_2021.rds
simplified_C1_2022.rds
simplified_C1_2023.rds
simplified_C1_2024.rds
Processing batch 1/12 (rows 1-1000)
  Calculated 1000 temperatures. Range: -6.67 to 46.48
Processing batch 2/12 (rows 1001-2000)
  Calculated 1000 temperatures. Range: -7.87 to 47.47
Processing batch 3/12 (rows 2001-3000)
  Calculated 1000 temperatures. Range: -6.56 to 39.69
Processing batch 4/12 (rows 3001-4000)
  Calculated 1000 temperatures. Range: -3.31 to 47.91
Processing batch 5/12 (rows 4001-5000)
  Calculated 1000 temperatures. Range: -0.41 to 54.19
Processing batch 6/12 (rows 5001-6000)
  Calculated 1000 temperatures. Range: 2.40 to 51.87
Processing batch 7/12 (rows 6001-7000)
  Calculated 1000 temperatures. Range: 3.06 to 50.77
Processing batch 8/12 (rows 7001-8000)
  Calculated 1000 temperatures. Range: 0.78 to 54.10
Processing batch 9/12 (rows 8001-9000)
  Calculated 1000 temperatures. Range: 0.68 to 45.23
Processing batch 10/12 (rows 9001-10000)
  Calculated 1000 temperatures. Range: -0.15 to 45.23
Processing batch 11/12 (rows 10001-11000)
  Calculated 1000 temperatures. Range: -0.84 to 41.41
Processing batch 12/12 (rows 11001-11035)
  Calculated 35 temperatures. Range: 11.29 to 39.20
Total observations: 11035, Unique timestamps: 2207
MR parameters: mass=0.24, elev=3014.0, b0=17.10, b1=0.98, b2=-0.48, b3=0.000124
Sample tb=279.81 K, log(mass)=-1.4271, 1/(kT)=41.460210, exponent=-3.8257, rmr=0.021802
Sample tb=275.23 K, log(mass)=-1.4271, 1/(kT)=42.149863, exponent=-4.1568, rmr=0.015658
Sample tb=280.79 K, log(mass)=-1.4271, 1/(kT)=41.314951, exponent=-3.7560, rmr=0.023377
Sample tb=285.76 K, log(mass)=-1.4271, 1/(kT)=40.596836, exponent=-3.4113, rmr=0.032998
Sample tb=311.00 K, log(mass)=-1.4271, 1/(kT)=37.301994, exponent=-1.8298, rmr=0.160446
MR results: 0 NA, 0 infinite, 0 negative, 0 zero
Energy calculations: 4688 non-zero gains, 11035 non-zero losses out of 11035 observations
Saved results to output/results/C1/2019/F/eb_results_MB_2019_C1_C1.rds

Processing: Species=MB, Year=2020, Origin=C1, Climate=C1, Sex=F
Looking for climate data at: /mmfs1/gscratch/biology/jmsmith/targeted_microclimate/C1/simplified_C1_2020.rds
Directory /mmfs1/gscratch/biology/jmsmith/targeted_microclimate/C1 exists. Contents:
simplified_C1_1950.rds
simplified_C1_1951.rds
simplified_C1_1952.rds
simplified_C1_1953.rds
simplified_C1_1954.rds
simplified_C1_1955.rds
simplified_C1_1956.rds
simplified_C1_1957.rds
simplified_C1_1958.rds
simplified_C1_1959.rds
simplified_C1_2015.rds
simplified_C1_2016.rds
simplified_C1_2017.rds
simplified_C1_2018.rds
simplified_C1_2019.rds
simplified_C1_2020.rds
simplified_C1_2021.rds
simplified_C1_2022.rds
simplified_C1_2023.rds
simplified_C1_2024.rds
Processing batch 1/12 (rows 1-1000)
  Calculated 1000 temperatures. Range: -3.94 to 49.24
Processing batch 2/12 (rows 1001-2000)
  Calculated 1000 temperatures. Range: -7.24 to 22.94
Processing batch 3/12 (rows 2001-3000)
  Calculated 1000 temperatures. Range: -6.50 to 40.78
Processing batch 4/12 (rows 3001-4000)
  Calculated 1000 temperatures. Range: -4.18 to 45.63
Processing batch 5/12 (rows 4001-5000)
  Calculated 1000 temperatures. Range: -0.34 to 53.16
Processing batch 6/12 (rows 5001-6000)
  Calculated 1000 temperatures. Range: 3.04 to 51.07
Processing batch 7/12 (rows 6001-7000)
  Calculated 1000 temperatures. Range: 2.79 to 52.22
Processing batch 8/12 (rows 7001-8000)
  Calculated 1000 temperatures. Range: 0.97 to 47.60
Processing batch 9/12 (rows 8001-9000)
  Calculated 1000 temperatures. Range: -0.11 to 48.35
Processing batch 10/12 (rows 9001-10000)
  Calculated 1000 temperatures. Range: 0.04 to 49.00
Processing batch 11/12 (rows 10001-11000)
  Calculated 1000 temperatures. Range: -2.29 to 49.64
Processing batch 12/12 (rows 11001-11035)
  Calculated 35 temperatures. Range: 8.24 to 35.86
Total observations: 11035, Unique timestamps: 2207
MR parameters: mass=0.24, elev=3014.0, b0=17.10, b1=0.98, b2=-0.48, b3=0.000124
Sample tb=276.89 K, log(mass)=-1.4271, 1/(kT)=41.897779, exponent=-4.0358, rmr=0.017672
Sample tb=289.13 K, log(mass)=-1.4271, 1/(kT)=40.123274, exponent=-3.1840, rmr=0.041419
Sample tb=279.08 K, log(mass)=-1.4271, 1/(kT)=41.568046, exponent=-3.8775, rmr=0.020703
Sample tb=274.60 K, log(mass)=-1.4271, 1/(kT)=42.246916, exponent=-4.2034, rmr=0.014945
Sample tb=275.99 K, log(mass)=-1.4271, 1/(kT)=42.033485, exponent=-4.1009, rmr=0.016558
MR results: 0 NA, 0 infinite, 0 negative, 0 zero
Energy calculations: 4704 non-zero gains, 11035 non-zero losses out of 11035 observations
Saved results to output/results/C1/2020/F/eb_results_MB_2020_C1_C1.rds

Processing: Species=MB, Year=2021, Origin=C1, Climate=C1, Sex=F
Looking for climate data at: /mmfs1/gscratch/biology/jmsmith/targeted_microclimate/C1/simplified_C1_2021.rds
Directory /mmfs1/gscratch/biology/jmsmith/targeted_microclimate/C1 exists. Contents:
simplified_C1_1950.rds
simplified_C1_1951.rds
simplified_C1_1952.rds
simplified_C1_1953.rds
simplified_C1_1954.rds
simplified_C1_1955.rds
simplified_C1_1956.rds
simplified_C1_1957.rds
simplified_C1_1958.rds
simplified_C1_1959.rds
simplified_C1_2015.rds
simplified_C1_2016.rds
simplified_C1_2017.rds
simplified_C1_2018.rds
simplified_C1_2019.rds
simplified_C1_2020.rds
simplified_C1_2021.rds
simplified_C1_2022.rds
simplified_C1_2023.rds
simplified_C1_2024.rds
Processing batch 1/12 (rows 1-1000)
  Calculated 1000 temperatures. Range: -5.97 to 50.22
Processing batch 2/12 (rows 1001-2000)
  Calculated 1000 temperatures. Range: -3.27 to 58.58
Processing batch 3/12 (rows 2001-3000)
  Calculated 1000 temperatures. Range: -0.63 to 58.41
Processing batch 4/12 (rows 3001-4000)
  Calculated 1000 temperatures. Range: -0.18 to 48.30
Processing batch 5/12 (rows 4001-5000)
  Calculated 1000 temperatures. Range: 1.62 to 49.48
Processing batch 6/12 (rows 5001-6000)
  Calculated 1000 temperatures. Range: 1.20 to 49.68
Processing batch 7/12 (rows 6001-7000)
  Calculated 1000 temperatures. Range: 1.16 to 47.42
Processing batch 8/12 (rows 7001-8000)
  Calculated 1000 temperatures. Range: 0.55 to 48.03
Processing batch 9/12 (rows 8001-9000)
  Calculated 1000 temperatures. Range: -0.02 to 46.83
Processing batch 10/12 (rows 9001-10000)
  Calculated 1000 temperatures. Range: 0.82 to 51.46
Processing batch 11/12 (rows 10001-11000)
  Calculated 1000 temperatures. Range: -0.56 to 42.76
Processing batch 12/12 (rows 11001-11035)
  Calculated 35 temperatures. Range: 10.83 to 48.10
Total observations: 11035, Unique timestamps: 2207
MR parameters: mass=0.24, elev=3014.0, b0=17.10, b1=0.98, b2=-0.48, b3=0.000124
Sample tb=297.24 K, log(mass)=-1.4271, 1/(kT)=39.028748, exponent=-2.6586, rmr=0.070044
Sample tb=300.18 K, log(mass)=-1.4271, 1/(kT)=38.647149, exponent=-2.4755, rmr=0.084123
Sample tb=282.54 K, log(mass)=-1.4271, 1/(kT)=41.058791, exponent=-3.6331, rmr=0.026435
Sample tb=307.93 K, log(mass)=-1.4271, 1/(kT)=37.673706, exponent=-2.0082, rmr=0.134228
Sample tb=283.09 K, log(mass)=-1.4271, 1/(kT)=40.979721, exponent=-3.5951, rmr=0.027458
MR results: 0 NA, 0 infinite, 0 negative, 0 zero
Energy calculations: 5032 non-zero gains, 11035 non-zero losses out of 11035 observations
Saved results to output/results/C1/2021/F/eb_results_MB_2021_C1_C1.rds

Processing: Species=MB, Year=2022, Origin=C1, Climate=C1, Sex=F
Looking for climate data at: /mmfs1/gscratch/biology/jmsmith/targeted_microclimate/C1/simplified_C1_2022.rds
Directory /mmfs1/gscratch/biology/jmsmith/targeted_microclimate/C1 exists. Contents:
simplified_C1_1950.rds
simplified_C1_1951.rds
simplified_C1_1952.rds
simplified_C1_1953.rds
simplified_C1_1954.rds
simplified_C1_1955.rds
simplified_C1_1956.rds
simplified_C1_1957.rds
simplified_C1_1958.rds
simplified_C1_1959.rds
simplified_C1_2015.rds
simplified_C1_2016.rds
simplified_C1_2017.rds
simplified_C1_2018.rds
simplified_C1_2019.rds
simplified_C1_2020.rds
simplified_C1_2021.rds
simplified_C1_2022.rds
simplified_C1_2023.rds
simplified_C1_2024.rds
Processing batch 1/12 (rows 1-1000)
  Calculated 1000 temperatures. Range: -6.58 to 34.98
Processing batch 2/12 (rows 1001-2000)
  Calculated 1000 temperatures. Range: -5.82 to 41.48
Processing batch 3/12 (rows 2001-3000)
  Calculated 1000 temperatures. Range: -4.13 to 45.42
Processing batch 4/12 (rows 3001-4000)
  Calculated 1000 temperatures. Range: -0.11 to 48.45
Processing batch 5/12 (rows 4001-5000)
  Calculated 1000 temperatures. Range: 2.85 to 54.58
Processing batch 6/12 (rows 5001-6000)
  Calculated 1000 temperatures. Range: 3.92 to 55.53
Processing batch 7/12 (rows 6001-7000)
  Calculated 1000 temperatures. Range: 2.59 to 54.87
Processing batch 8/12 (rows 7001-8000)
  Calculated 1000 temperatures. Range: 3.39 to 50.69
Processing batch 9/12 (rows 8001-9000)
  Calculated 1000 temperatures. Range: 3.05 to 46.86
Processing batch 10/12 (rows 9001-10000)
  Calculated 1000 temperatures. Range: 0.36 to 33.81
Processing batch 11/12 (rows 10001-11000)
  Calculated 1000 temperatures. Range: 0.59 to 51.67
Processing batch 12/12 (rows 11001-11035)
  Calculated 35 temperatures. Range: 11.13 to 41.10
Total observations: 11035, Unique timestamps: 2207
MR parameters: mass=0.24, elev=3014.0, b0=17.10, b1=0.98, b2=-0.48, b3=0.000124
Sample tb=274.47 K, log(mass)=-1.4271, 1/(kT)=42.266558, exponent=-4.2128, rmr=0.014805
Sample tb=278.25 K, log(mass)=-1.4271, 1/(kT)=41.692450, exponent=-3.9372, rmr=0.019502
Sample tb=300.53 K, log(mass)=-1.4271, 1/(kT)=38.601222, exponent=-2.4534, rmr=0.085999
Sample tb=276.85 K, log(mass)=-1.4271, 1/(kT)=41.902985, exponent=-4.0383, rmr=0.017628
Sample tb=276.64 K, log(mass)=-1.4271, 1/(kT)=41.935708, exponent=-4.0540, rmr=0.017353
MR results: 0 NA, 0 infinite, 0 negative, 0 zero
Energy calculations: 4979 non-zero gains, 11035 non-zero losses out of 11035 observations
Saved results to output/results/C1/2022/F/eb_results_MB_2022_C1_C1.rds

Processing: Species=MB, Year=2023, Origin=C1, Climate=C1, Sex=F
Looking for climate data at: /mmfs1/gscratch/biology/jmsmith/targeted_microclimate/C1/simplified_C1_2023.rds
Directory /mmfs1/gscratch/biology/jmsmith/targeted_microclimate/C1 exists. Contents:
simplified_C1_1950.rds
simplified_C1_1951.rds
simplified_C1_1952.rds
simplified_C1_1953.rds
simplified_C1_1954.rds
simplified_C1_1955.rds
simplified_C1_1956.rds
simplified_C1_1957.rds
simplified_C1_1958.rds
simplified_C1_1959.rds
simplified_C1_2015.rds
simplified_C1_2016.rds
simplified_C1_2017.rds
simplified_C1_2018.rds
simplified_C1_2019.rds
simplified_C1_2020.rds
simplified_C1_2021.rds
simplified_C1_2022.rds
simplified_C1_2023.rds
simplified_C1_2024.rds
Processing batch 1/12 (rows 1-1000)
  Calculated 1000 temperatures. Range: -3.76 to 46.77
Processing batch 2/12 (rows 1001-2000)
  Calculated 1000 temperatures. Range: -4.36 to 41.39
Processing batch 3/12 (rows 2001-3000)
  Calculated 1000 temperatures. Range: -5.46 to 48.31
Processing batch 4/12 (rows 3001-4000)
  Calculated 1000 temperatures. Range: -1.80 to 46.26
Processing batch 5/12 (rows 4001-5000)
  Calculated 1000 temperatures. Range: 1.31 to 44.75
Processing batch 6/12 (rows 5001-6000)
  Calculated 1000 temperatures. Range: 0.76 to 49.75
Processing batch 7/12 (rows 6001-7000)
  Calculated 1000 temperatures. Range: 1.25 to 51.44
Processing batch 8/12 (rows 7001-8000)
  Calculated 1000 temperatures. Range: 1.51 to 52.82
Processing batch 9/12 (rows 8001-9000)
  Calculated 1000 temperatures. Range: -0.84 to 44.11
Processing batch 10/12 (rows 9001-10000)
  Calculated 1000 temperatures. Range: 0.96 to 48.28
Processing batch 11/12 (rows 10001-11000)
  Calculated 1000 temperatures. Range: 0.61 to 42.38
Processing batch 12/12 (rows 11001-11035)
  Calculated 35 temperatures. Range: 11.29 to 39.67
Total observations: 11035, Unique timestamps: 2207
MR parameters: mass=0.24, elev=3014.0, b0=17.10, b1=0.98, b2=-0.48, b3=0.000124
Sample tb=301.50 K, log(mass)=-1.4271, 1/(kT)=38.477642, exponent=-2.3941, rmr=0.091254
Sample tb=287.64 K, log(mass)=-1.4271, 1/(kT)=40.331653, exponent=-3.2840, rmr=0.037477
Sample tb=279.14 K, log(mass)=-1.4271, 1/(kT)=41.559264, exponent=-3.8733, rmr=0.020790
Sample tb=277.70 K, log(mass)=-1.4271, 1/(kT)=41.775709, exponent=-3.9772, rmr=0.018738
Sample tb=285.20 K, log(mass)=-1.4271, 1/(kT)=40.675830, exponent=-3.4492, rmr=0.031770
MR results: 0 NA, 0 infinite, 0 negative, 0 zero
Energy calculations: 4699 non-zero gains, 11035 non-zero losses out of 11035 observations
Saved results to output/results/C1/2023/F/eb_results_MB_2023_C1_C1.rds

Processing: Species=MB, Year=2024, Origin=C1, Climate=C1, Sex=F
Looking for climate data at: /mmfs1/gscratch/biology/jmsmith/targeted_microclimate/C1/simplified_C1_2024.rds
Directory /mmfs1/gscratch/biology/jmsmith/targeted_microclimate/C1 exists. Contents:
simplified_C1_1950.rds
simplified_C1_1951.rds
simplified_C1_1952.rds
simplified_C1_1953.rds
simplified_C1_1954.rds
simplified_C1_1955.rds
simplified_C1_1956.rds
simplified_C1_1957.rds
simplified_C1_1958.rds
simplified_C1_1959.rds
simplified_C1_2015.rds
simplified_C1_2016.rds
simplified_C1_2017.rds
simplified_C1_2018.rds
simplified_C1_2019.rds
simplified_C1_2020.rds
simplified_C1_2021.rds
simplified_C1_2022.rds
simplified_C1_2023.rds
simplified_C1_2024.rds
Processing batch 1/12 (rows 1-1000)
  Calculated 1000 temperatures. Range: -6.36 to 54.99
Processing batch 2/12 (rows 1001-2000)
  Calculated 1000 temperatures. Range: -0.43 to 47.24
Processing batch 3/12 (rows 2001-3000)
  Calculated 1000 temperatures. Range: -3.80 to 50.89
Processing batch 4/12 (rows 3001-4000)
  Calculated 1000 temperatures. Range: 0.10 to 46.31
Processing batch 5/12 (rows 4001-5000)
  Calculated 1000 temperatures. Range: -1.85 to 43.65
Processing batch 6/12 (rows 5001-6000)
  Calculated 1000 temperatures. Range: 2.41 to 54.88
Processing batch 7/12 (rows 6001-7000)
  Calculated 1000 temperatures. Range: 0.41 to 51.78
Processing batch 8/12 (rows 7001-8000)
  Calculated 1000 temperatures. Range: 0.24 to 48.18
Processing batch 9/12 (rows 8001-9000)
  Calculated 1000 temperatures. Range: 3.68 to 50.48
Processing batch 10/12 (rows 9001-10000)
  Calculated 1000 temperatures. Range: 0.93 to 46.55
Processing batch 11/12 (rows 10001-11000)
  Calculated 1000 temperatures. Range: -0.58 to 42.58
Processing batch 12/12 (rows 11001-11035)
  Calculated 35 temperatures. Range: 10.27 to 31.05
Total observations: 11035, Unique timestamps: 2207
MR parameters: mass=0.24, elev=3014.0, b0=17.10, b1=0.98, b2=-0.48, b3=0.000124
Sample tb=279.36 K, log(mass)=-1.4271, 1/(kT)=41.526936, exponent=-3.8578, rmr=0.021115
Sample tb=273.98 K, log(mass)=-1.4271, 1/(kT)=42.341555, exponent=-4.2488, rmr=0.014282
Sample tb=288.32 K, log(mass)=-1.4271, 1/(kT)=40.235768, exponent=-3.2380, rmr=0.039242
Sample tb=282.08 K, log(mass)=-1.4271, 1/(kT)=41.126818, exponent=-3.6657, rmr=0.025586
Sample tb=282.74 K, log(mass)=-1.4271, 1/(kT)=41.030469, exponent=-3.6195, rmr=0.026797
MR results: 0 NA, 0 infinite, 0 negative, 0 zero
Energy calculations: 5148 non-zero gains, 11035 non-zero losses out of 11035 observations
Saved results to output/results/C1/2024/F/eb_results_MB_2024_C1_C1.rds

All years processed.
