Arguments received:
Species: MB
Years: 2015, 2016, 2017, 2018, 2019, 2020, 2021, 2022, 2023, 2024
Origin site: B1
Climate site: D1
Sex: M
Output directory: output/results/B1
Library paths:
[1] "/gscratch/biology/jmsmith/R"                          
[2] "/mmfs1/home/smithju/R/x86_64-pc-linux-gnu-library/4.4"
[3] "/usr/local/lib/R/site-library"                        
[4] "/usr/local/lib/R/library"                             
Package tidyverse loaded successfully
Package TrenchR loaded successfully
Package rTPC loaded successfully
Package lubridate loaded successfully

Processing: Species=MB, Year=2015, Origin=B1, Climate=D1, Sex=M
Looking for climate data at: /mmfs1/gscratch/biology/jmsmith/targeted_microclimate/D1/simplified_D1_2015.rds
Directory /mmfs1/gscratch/biology/jmsmith/targeted_microclimate/D1 exists. Contents:
simplified_D1_1950.rds
simplified_D1_1951.rds
simplified_D1_1952.rds
simplified_D1_1953.rds
simplified_D1_1954.rds
simplified_D1_1955.rds
simplified_D1_1956.rds
simplified_D1_1957.rds
simplified_D1_1958.rds
simplified_D1_1959.rds
simplified_D1_2015.rds
simplified_D1_2016.rds
simplified_D1_2017.rds
simplified_D1_2018.rds
simplified_D1_2019.rds
simplified_D1_2020.rds
simplified_D1_2021.rds
simplified_D1_2022.rds
simplified_D1_2023.rds
simplified_D1_2024.rds
Processing batch 1/12 (rows 1-1000)
  Calculated 1000 temperatures. Range: -3.78 to 49.37
Processing batch 2/12 (rows 1001-2000)
  Calculated 1000 temperatures. Range: -2.31 to 49.38
Processing batch 3/12 (rows 2001-3000)
  Calculated 1000 temperatures. Range: 0.39 to 50.72
Processing batch 4/12 (rows 3001-4000)
  Calculated 1000 temperatures. Range: 2.32 to 51.45
Processing batch 5/12 (rows 4001-5000)
  Calculated 1000 temperatures. Range: -0.16 to 50.10
Processing batch 6/12 (rows 5001-6000)
  Calculated 1000 temperatures. Range: -0.05 to 45.39
Processing batch 7/12 (rows 6001-7000)
  Calculated 1000 temperatures. Range: -0.96 to 41.58
Processing batch 8/12 (rows 7001-8000)
  Calculated 1000 temperatures. Range: 0.36 to 45.19
Processing batch 9/12 (rows 8001-9000)
  Calculated 1000 temperatures. Range: 0.86 to 50.21
Processing batch 10/12 (rows 9001-10000)
  Calculated 1000 temperatures. Range: -1.90 to 49.35
Processing batch 11/12 (rows 10001-11000)
  Calculated 1000 temperatures. Range: -1.17 to 45.86
Processing batch 12/12 (rows 11001-11035)
  Calculated 35 temperatures. Range: 6.71 to 35.11
Total observations: 11035, Unique timestamps: 2207
MR parameters: mass=0.28, elev=2591.0, b0=17.10, b1=0.98, b2=-0.48, b3=0.000124
Sample tb=287.14 K, log(mass)=-1.2730, 1/(kT)=40.401385, exponent=-3.2189, rmr=0.040000
Sample tb=282.80 K, log(mass)=-1.2730, 1/(kT)=41.022260, exponent=-3.5169, rmr=0.029691
Sample tb=281.62 K, log(mass)=-1.2730, 1/(kT)=41.193377, exponent=-3.5990, rmr=0.027350
Sample tb=278.42 K, log(mass)=-1.2730, 1/(kT)=41.666382, exponent=-3.8261, rmr=0.021795
Sample tb=282.26 K, log(mass)=-1.2730, 1/(kT)=41.100873, exponent=-3.5546, rmr=0.028592
MR results: 0 NA, 0 infinite, 0 negative, 0 zero
Energy calculations: 4170 non-zero gains, 11035 non-zero losses out of 11035 observations
Saved results to output/results/B1/2015/M/eb_results_MB_2015_B1_D1.rds

Processing: Species=MB, Year=2016, Origin=B1, Climate=D1, Sex=M
Looking for climate data at: /mmfs1/gscratch/biology/jmsmith/targeted_microclimate/D1/simplified_D1_2016.rds
Directory /mmfs1/gscratch/biology/jmsmith/targeted_microclimate/D1 exists. Contents:
simplified_D1_1950.rds
simplified_D1_1951.rds
simplified_D1_1952.rds
simplified_D1_1953.rds
simplified_D1_1954.rds
simplified_D1_1955.rds
simplified_D1_1956.rds
simplified_D1_1957.rds
simplified_D1_1958.rds
simplified_D1_1959.rds
simplified_D1_2015.rds
simplified_D1_2016.rds
simplified_D1_2017.rds
simplified_D1_2018.rds
simplified_D1_2019.rds
simplified_D1_2020.rds
simplified_D1_2021.rds
simplified_D1_2022.rds
simplified_D1_2023.rds
simplified_D1_2024.rds
Processing batch 1/12 (rows 1-1000)
  Calculated 1000 temperatures. Range: -4.77 to 45.44
Processing batch 2/12 (rows 1001-2000)
  Calculated 1000 temperatures. Range: -3.60 to 51.46
Processing batch 3/12 (rows 2001-3000)
  Calculated 1000 temperatures. Range: -0.05 to 47.03
Processing batch 4/12 (rows 3001-4000)
  Calculated 1000 temperatures. Range: -0.10 to 52.85
Processing batch 5/12 (rows 4001-5000)
  Calculated 1000 temperatures. Range: -1.72 to 47.28
Processing batch 6/12 (rows 5001-6000)
  Calculated 1000 temperatures. Range: -1.06 to 44.41
Processing batch 7/12 (rows 6001-7000)
  Calculated 1000 temperatures. Range: 2.74 to 51.97
Processing batch 8/12 (rows 7001-8000)
  Calculated 1000 temperatures. Range: 2.93 to 49.30
Processing batch 9/12 (rows 8001-9000)
  Calculated 1000 temperatures. Range: -0.32 to 46.34
Processing batch 10/12 (rows 9001-10000)
  Calculated 1000 temperatures. Range: -0.54 to 47.32
Processing batch 11/12 (rows 10001-11000)
  Calculated 1000 temperatures. Range: -2.65 to 44.55
Processing batch 12/12 (rows 11001-11035)
  Calculated 35 temperatures. Range: 9.03 to 36.37
Total observations: 11035, Unique timestamps: 2207
MR parameters: mass=0.28, elev=2591.0, b0=17.10, b1=0.98, b2=-0.48, b3=0.000124
Sample tb=272.62 K, log(mass)=-1.2730, 1/(kT)=42.553552, exponent=-4.2519, rmr=0.014237
Sample tb=292.51 K, log(mass)=-1.2730, 1/(kT)=39.660315, exponent=-2.8632, rmr=0.057087
Sample tb=285.03 K, log(mass)=-1.2730, 1/(kT)=40.700913, exponent=-3.3627, rmr=0.034643
Sample tb=302.34 K, log(mass)=-1.2730, 1/(kT)=38.369965, exponent=-2.2438, rmr=0.106054
Sample tb=295.70 K, log(mass)=-1.2730, 1/(kT)=39.231508, exponent=-2.6573, rmr=0.070134
MR results: 0 NA, 0 infinite, 0 negative, 0 zero
Energy calculations: 4247 non-zero gains, 11035 non-zero losses out of 11035 observations
Saved results to output/results/B1/2016/M/eb_results_MB_2016_B1_D1.rds

Processing: Species=MB, Year=2017, Origin=B1, Climate=D1, Sex=M
Looking for climate data at: /mmfs1/gscratch/biology/jmsmith/targeted_microclimate/D1/simplified_D1_2017.rds
Directory /mmfs1/gscratch/biology/jmsmith/targeted_microclimate/D1 exists. Contents:
simplified_D1_1950.rds
simplified_D1_1951.rds
simplified_D1_1952.rds
simplified_D1_1953.rds
simplified_D1_1954.rds
simplified_D1_1955.rds
simplified_D1_1956.rds
simplified_D1_1957.rds
simplified_D1_1958.rds
simplified_D1_1959.rds
simplified_D1_2015.rds
simplified_D1_2016.rds
simplified_D1_2017.rds
simplified_D1_2018.rds
simplified_D1_2019.rds
simplified_D1_2020.rds
simplified_D1_2021.rds
simplified_D1_2022.rds
simplified_D1_2023.rds
simplified_D1_2024.rds
Processing batch 1/12 (rows 1-1000)
  Calculated 1000 temperatures. Range: -3.22 to 47.13
Processing batch 2/12 (rows 1001-2000)
  Calculated 1000 temperatures. Range: -4.74 to 44.57
Processing batch 3/12 (rows 2001-3000)
  Calculated 1000 temperatures. Range: 0.70 to 48.11
Processing batch 4/12 (rows 3001-4000)
  Calculated 1000 temperatures. Range: -2.15 to 44.86
Processing batch 5/12 (rows 4001-5000)
  Calculated 1000 temperatures. Range: 1.11 to 48.97
Processing batch 6/12 (rows 5001-6000)
  Calculated 1000 temperatures. Range: 1.22 to 50.58
Processing batch 7/12 (rows 6001-7000)
  Calculated 1000 temperatures. Range: 3.30 to 49.69
Processing batch 8/12 (rows 7001-8000)
  Calculated 1000 temperatures. Range: 1.43 to 46.94
Processing batch 9/12 (rows 8001-9000)
  Calculated 1000 temperatures. Range: 0.12 to 47.61
Processing batch 10/12 (rows 9001-10000)
  Calculated 1000 temperatures. Range: -0.07 to 47.79
Processing batch 11/12 (rows 10001-11000)
  Calculated 1000 temperatures. Range: 0.79 to 47.95
Processing batch 12/12 (rows 11001-11035)
  Calculated 35 temperatures. Range: 9.12 to 45.14
Total observations: 11035, Unique timestamps: 2207
MR parameters: mass=0.28, elev=2591.0, b0=17.10, b1=0.98, b2=-0.48, b3=0.000124
Sample tb=276.51 K, log(mass)=-1.2730, 1/(kT)=41.954928, exponent=-3.9646, rmr=0.018976
Sample tb=281.08 K, log(mass)=-1.2730, 1/(kT)=41.273227, exponent=-3.6374, rmr=0.026321
Sample tb=276.14 K, log(mass)=-1.2730, 1/(kT)=42.010708, exponent=-3.9914, rmr=0.018475
Sample tb=296.24 K, log(mass)=-1.2730, 1/(kT)=39.160258, exponent=-2.6231, rmr=0.072574
Sample tb=276.48 K, log(mass)=-1.2730, 1/(kT)=41.959213, exponent=-3.9666, rmr=0.018937
MR results: 0 NA, 0 infinite, 0 negative, 0 zero
Energy calculations: 4275 non-zero gains, 11035 non-zero losses out of 11035 observations
Saved results to output/results/B1/2017/M/eb_results_MB_2017_B1_D1.rds

Processing: Species=MB, Year=2018, Origin=B1, Climate=D1, Sex=M
Looking for climate data at: /mmfs1/gscratch/biology/jmsmith/targeted_microclimate/D1/simplified_D1_2018.rds
Directory /mmfs1/gscratch/biology/jmsmith/targeted_microclimate/D1 exists. Contents:
simplified_D1_1950.rds
simplified_D1_1951.rds
simplified_D1_1952.rds
simplified_D1_1953.rds
simplified_D1_1954.rds
simplified_D1_1955.rds
simplified_D1_1956.rds
simplified_D1_1957.rds
simplified_D1_1958.rds
simplified_D1_1959.rds
simplified_D1_2015.rds
simplified_D1_2016.rds
simplified_D1_2017.rds
simplified_D1_2018.rds
simplified_D1_2019.rds
simplified_D1_2020.rds
simplified_D1_2021.rds
simplified_D1_2022.rds
simplified_D1_2023.rds
simplified_D1_2024.rds
Processing batch 1/12 (rows 1-1000)
  Calculated 1000 temperatures. Range: -5.24 to 46.23
Processing batch 2/12 (rows 1001-2000)
  Calculated 1000 temperatures. Range: -3.57 to 38.28
Processing batch 3/12 (rows 2001-3000)
  Calculated 1000 temperatures. Range: -2.78 to 47.94
Processing batch 4/12 (rows 3001-4000)
  Calculated 1000 temperatures. Range: -2.22 to 45.89
Processing batch 5/12 (rows 4001-5000)
  Calculated 1000 temperatures. Range: 1.85 to 52.53
Processing batch 6/12 (rows 5001-6000)
  Calculated 1000 temperatures. Range: 2.83 to 49.96
Processing batch 7/12 (rows 6001-7000)
  Calculated 1000 temperatures. Range: 2.36 to 46.18
Processing batch 8/12 (rows 7001-8000)
  Calculated 1000 temperatures. Range: 1.84 to 38.81
Processing batch 9/12 (rows 8001-9000)
  Calculated 1000 temperatures. Range: 0.57 to 54.09
Processing batch 10/12 (rows 9001-10000)
  Calculated 1000 temperatures. Range: -0.70 to 48.87
Processing batch 11/12 (rows 10001-11000)
  Calculated 1000 temperatures. Range: -0.92 to 45.67
Processing batch 12/12 (rows 11001-11035)
  Calculated 35 temperatures. Range: 8.48 to 29.71
Total observations: 11035, Unique timestamps: 2207
MR parameters: mass=0.28, elev=2591.0, b0=17.10, b1=0.98, b2=-0.48, b3=0.000124
Sample tb=293.20 K, log(mass)=-1.2730, 1/(kT)=39.566518, exponent=-2.8182, rmr=0.059716
Sample tb=280.13 K, log(mass)=-1.2730, 1/(kT)=41.412367, exponent=-3.7042, rmr=0.024621
Sample tb=279.45 K, log(mass)=-1.2730, 1/(kT)=41.512694, exponent=-3.7523, rmr=0.023463
Sample tb=278.81 K, log(mass)=-1.2730, 1/(kT)=41.609363, exponent=-3.7987, rmr=0.022399
Sample tb=275.92 K, log(mass)=-1.2730, 1/(kT)=42.044582, exponent=-4.0076, rmr=0.018177
MR results: 0 NA, 0 infinite, 0 negative, 0 zero
Energy calculations: 4376 non-zero gains, 11035 non-zero losses out of 11035 observations
Saved results to output/results/B1/2018/M/eb_results_MB_2018_B1_D1.rds

Processing: Species=MB, Year=2019, Origin=B1, Climate=D1, Sex=M
Looking for climate data at: /mmfs1/gscratch/biology/jmsmith/targeted_microclimate/D1/simplified_D1_2019.rds
Directory /mmfs1/gscratch/biology/jmsmith/targeted_microclimate/D1 exists. Contents:
simplified_D1_1950.rds
simplified_D1_1951.rds
simplified_D1_1952.rds
simplified_D1_1953.rds
simplified_D1_1954.rds
simplified_D1_1955.rds
simplified_D1_1956.rds
simplified_D1_1957.rds
simplified_D1_1958.rds
simplified_D1_1959.rds
simplified_D1_2015.rds
simplified_D1_2016.rds
simplified_D1_2017.rds
simplified_D1_2018.rds
simplified_D1_2019.rds
simplified_D1_2020.rds
simplified_D1_2021.rds
simplified_D1_2022.rds
simplified_D1_2023.rds
simplified_D1_2024.rds
Processing batch 1/12 (rows 1-1000)
  Calculated 1000 temperatures. Range: -5.61 to 47.86
Processing batch 2/12 (rows 1001-2000)
  Calculated 1000 temperatures. Range: -7.94 to 44.79
Processing batch 3/12 (rows 2001-3000)
  Calculated 1000 temperatures. Range: -6.33 to 41.41
Processing batch 4/12 (rows 3001-4000)
  Calculated 1000 temperatures. Range: -4.57 to 48.79
Processing batch 5/12 (rows 4001-5000)
  Calculated 1000 temperatures. Range: -0.92 to 51.44
Processing batch 6/12 (rows 5001-6000)
  Calculated 1000 temperatures. Range: 1.51 to 46.41
Processing batch 7/12 (rows 6001-7000)
  Calculated 1000 temperatures. Range: 2.46 to 47.44
Processing batch 8/12 (rows 7001-8000)
  Calculated 1000 temperatures. Range: 0.59 to 53.18
Processing batch 9/12 (rows 8001-9000)
  Calculated 1000 temperatures. Range: 0.87 to 49.35
Processing batch 10/12 (rows 9001-10000)
  Calculated 1000 temperatures. Range: 0.11 to 42.62
Processing batch 11/12 (rows 10001-11000)
  Calculated 1000 temperatures. Range: -0.09 to 46.36
Processing batch 12/12 (rows 11001-11035)
  Calculated 35 temperatures. Range: 9.94 to 44.13
Total observations: 11035, Unique timestamps: 2207
MR parameters: mass=0.28, elev=2591.0, b0=17.10, b1=0.98, b2=-0.48, b3=0.000124
Sample tb=286.46 K, log(mass)=-1.2730, 1/(kT)=40.497672, exponent=-3.2651, rmr=0.038193
Sample tb=282.11 K, log(mass)=-1.2730, 1/(kT)=41.122101, exponent=-3.5648, rmr=0.028302
Sample tb=303.68 K, log(mass)=-1.2730, 1/(kT)=38.201759, exponent=-2.1631, rmr=0.114972
Sample tb=290.41 K, log(mass)=-1.2730, 1/(kT)=39.947287, exponent=-3.0009, rmr=0.049741
Sample tb=275.65 K, log(mass)=-1.2730, 1/(kT)=42.085586, exponent=-4.0273, rmr=0.017822
MR results: 0 NA, 0 infinite, 0 negative, 0 zero
Energy calculations: 4034 non-zero gains, 11035 non-zero losses out of 11035 observations
Saved results to output/results/B1/2019/M/eb_results_MB_2019_B1_D1.rds

Processing: Species=MB, Year=2020, Origin=B1, Climate=D1, Sex=M
Looking for climate data at: /mmfs1/gscratch/biology/jmsmith/targeted_microclimate/D1/simplified_D1_2020.rds
Directory /mmfs1/gscratch/biology/jmsmith/targeted_microclimate/D1 exists. Contents:
simplified_D1_1950.rds
simplified_D1_1951.rds
simplified_D1_1952.rds
simplified_D1_1953.rds
simplified_D1_1954.rds
simplified_D1_1955.rds
simplified_D1_1956.rds
simplified_D1_1957.rds
simplified_D1_1958.rds
simplified_D1_1959.rds
simplified_D1_2015.rds
simplified_D1_2016.rds
simplified_D1_2017.rds
simplified_D1_2018.rds
simplified_D1_2019.rds
simplified_D1_2020.rds
simplified_D1_2021.rds
simplified_D1_2022.rds
simplified_D1_2023.rds
simplified_D1_2024.rds
Processing batch 1/12 (rows 1-1000)
  Calculated 1000 temperatures. Range: -4.76 to 44.63
Processing batch 2/12 (rows 1001-2000)
  Calculated 1000 temperatures. Range: -7.22 to 19.45
Processing batch 3/12 (rows 2001-3000)
  Calculated 1000 temperatures. Range: -5.04 to 40.97
Processing batch 4/12 (rows 3001-4000)
  Calculated 1000 temperatures. Range: -4.68 to 35.56
Processing batch 5/12 (rows 4001-5000)
  Calculated 1000 temperatures. Range: -0.59 to 38.72
Processing batch 6/12 (rows 5001-6000)
  Calculated 1000 temperatures. Range: 2.55 to 51.01
Processing batch 7/12 (rows 6001-7000)
  Calculated 1000 temperatures. Range: 2.03 to 47.43
Processing batch 8/12 (rows 7001-8000)
  Calculated 1000 temperatures. Range: 0.73 to 44.90
Processing batch 9/12 (rows 8001-9000)
  Calculated 1000 temperatures. Range: -0.16 to 50.09
Processing batch 10/12 (rows 9001-10000)
  Calculated 1000 temperatures. Range: 0.02 to 50.60
Processing batch 11/12 (rows 10001-11000)
  Calculated 1000 temperatures. Range: -2.29 to 43.12
Processing batch 12/12 (rows 11001-11035)
  Calculated 35 temperatures. Range: 7.43 to 27.95
Total observations: 11035, Unique timestamps: 2207
MR parameters: mass=0.28, elev=2591.0, b0=17.10, b1=0.98, b2=-0.48, b3=0.000124
Sample tb=280.76 K, log(mass)=-1.2730, 1/(kT)=41.319056, exponent=-3.6594, rmr=0.025749
Sample tb=294.02 K, log(mass)=-1.2730, 1/(kT)=39.456624, exponent=-2.7654, rmr=0.062951
Sample tb=271.43 K, log(mass)=-1.2730, 1/(kT)=42.740187, exponent=-4.3415, rmr=0.013017
Sample tb=279.57 K, log(mass)=-1.2730, 1/(kT)=41.495928, exponent=-3.7443, rmr=0.023653
Sample tb=280.19 K, log(mass)=-1.2730, 1/(kT)=41.403193, exponent=-3.6998, rmr=0.024730
MR results: 0 NA, 0 infinite, 0 negative, 0 zero
Energy calculations: 4161 non-zero gains, 11035 non-zero losses out of 11035 observations
Saved results to output/results/B1/2020/M/eb_results_MB_2020_B1_D1.rds

Processing: Species=MB, Year=2021, Origin=B1, Climate=D1, Sex=M
Looking for climate data at: /mmfs1/gscratch/biology/jmsmith/targeted_microclimate/D1/simplified_D1_2021.rds
Directory /mmfs1/gscratch/biology/jmsmith/targeted_microclimate/D1 exists. Contents:
simplified_D1_1950.rds
simplified_D1_1951.rds
simplified_D1_1952.rds
simplified_D1_1953.rds
simplified_D1_1954.rds
simplified_D1_1955.rds
simplified_D1_1956.rds
simplified_D1_1957.rds
simplified_D1_1958.rds
simplified_D1_1959.rds
simplified_D1_2015.rds
simplified_D1_2016.rds
simplified_D1_2017.rds
simplified_D1_2018.rds
simplified_D1_2019.rds
simplified_D1_2020.rds
simplified_D1_2021.rds
simplified_D1_2022.rds
simplified_D1_2023.rds
simplified_D1_2024.rds
Processing batch 1/12 (rows 1-1000)
  Calculated 1000 temperatures. Range: -6.57 to 50.85
Processing batch 2/12 (rows 1001-2000)
  Calculated 1000 temperatures. Range: -4.00 to 44.66
Processing batch 3/12 (rows 2001-3000)
  Calculated 1000 temperatures. Range: -1.14 to 49.71
Processing batch 4/12 (rows 3001-4000)
  Calculated 1000 temperatures. Range: -3.29 to 50.18
Processing batch 5/12 (rows 4001-5000)
  Calculated 1000 temperatures. Range: 2.32 to 53.27
Processing batch 6/12 (rows 5001-6000)
  Calculated 1000 temperatures. Range: 0.94 to 52.47
Processing batch 7/12 (rows 6001-7000)
  Calculated 1000 temperatures. Range: 2.23 to 53.61
Processing batch 8/12 (rows 7001-8000)
  Calculated 1000 temperatures. Range: 1.27 to 43.35
Processing batch 9/12 (rows 8001-9000)
  Calculated 1000 temperatures. Range: 0.63 to 51.56
Processing batch 10/12 (rows 9001-10000)
  Calculated 1000 temperatures. Range: 0.15 to 44.32
Processing batch 11/12 (rows 10001-11000)
  Calculated 1000 temperatures. Range: -0.76 to 44.85
Processing batch 12/12 (rows 11001-11035)
  Calculated 35 temperatures. Range: 10.02 to 39.62
Total observations: 11035, Unique timestamps: 2207
MR parameters: mass=0.28, elev=2591.0, b0=17.10, b1=0.98, b2=-0.48, b3=0.000124
Sample tb=278.93 K, log(mass)=-1.2730, 1/(kT)=41.590632, exponent=-3.7897, rmr=0.022602
Sample tb=279.64 K, log(mass)=-1.2730, 1/(kT)=41.485289, exponent=-3.7392, rmr=0.023774
Sample tb=283.96 K, log(mass)=-1.2730, 1/(kT)=40.854546, exponent=-3.4364, rmr=0.032180
Sample tb=280.30 K, log(mass)=-1.2730, 1/(kT)=41.387174, exponent=-3.6921, rmr=0.024920
Sample tb=313.51 K, log(mass)=-1.2730, 1/(kT)=37.003466, exponent=-1.5879, rmr=0.204357
MR results: 0 NA, 0 infinite, 0 negative, 0 zero
Energy calculations: 4572 non-zero gains, 11035 non-zero losses out of 11035 observations
Saved results to output/results/B1/2021/M/eb_results_MB_2021_B1_D1.rds

Processing: Species=MB, Year=2022, Origin=B1, Climate=D1, Sex=M
Looking for climate data at: /mmfs1/gscratch/biology/jmsmith/targeted_microclimate/D1/simplified_D1_2022.rds
Directory /mmfs1/gscratch/biology/jmsmith/targeted_microclimate/D1 exists. Contents:
simplified_D1_1950.rds
simplified_D1_1951.rds
simplified_D1_1952.rds
simplified_D1_1953.rds
simplified_D1_1954.rds
simplified_D1_1955.rds
simplified_D1_1956.rds
simplified_D1_1957.rds
simplified_D1_1958.rds
simplified_D1_1959.rds
simplified_D1_2015.rds
simplified_D1_2016.rds
simplified_D1_2017.rds
simplified_D1_2018.rds
simplified_D1_2019.rds
simplified_D1_2020.rds
simplified_D1_2021.rds
simplified_D1_2022.rds
simplified_D1_2023.rds
simplified_D1_2024.rds
Processing batch 1/12 (rows 1-1000)
  Calculated 1000 temperatures. Range: -6.51 to 33.70
Processing batch 2/12 (rows 1001-2000)
  Calculated 1000 temperatures. Range: -6.00 to 43.90
Processing batch 3/12 (rows 2001-3000)
  Calculated 1000 temperatures. Range: -4.78 to 47.20
Processing batch 4/12 (rows 3001-4000)
  Calculated 1000 temperatures. Range: -0.23 to 50.04
Processing batch 5/12 (rows 4001-5000)
  Calculated 1000 temperatures. Range: 2.15 to 48.41
Processing batch 6/12 (rows 5001-6000)
  Calculated 1000 temperatures. Range: 3.43 to 49.41
Processing batch 7/12 (rows 6001-7000)
  Calculated 1000 temperatures. Range: 2.59 to 50.25
Processing batch 8/12 (rows 7001-8000)
  Calculated 1000 temperatures. Range: 3.51 to 52.49
Processing batch 9/12 (rows 8001-9000)
  Calculated 1000 temperatures. Range: 3.56 to 50.41
Processing batch 10/12 (rows 9001-10000)
  Calculated 1000 temperatures. Range: 1.35 to 49.84
Processing batch 11/12 (rows 10001-11000)
  Calculated 1000 temperatures. Range: 0.41 to 49.72
Processing batch 12/12 (rows 11001-11035)
  Calculated 35 temperatures. Range: 10.27 to 32.99
Total observations: 11035, Unique timestamps: 2207
MR parameters: mass=0.28, elev=2591.0, b0=17.10, b1=0.98, b2=-0.48, b3=0.000124
Sample tb=283.23 K, log(mass)=-1.2730, 1/(kT)=40.959612, exponent=-3.4868, rmr=0.030598
Sample tb=278.67 K, log(mass)=-1.2730, 1/(kT)=41.630037, exponent=-3.8086, rmr=0.022178
Sample tb=275.10 K, log(mass)=-1.2730, 1/(kT)=42.169155, exponent=-4.0674, rmr=0.017122
Sample tb=281.02 K, log(mass)=-1.2730, 1/(kT)=41.281295, exponent=-3.6412, rmr=0.026220
Sample tb=274.98 K, log(mass)=-1.2730, 1/(kT)=42.188447, exponent=-4.0767, rmr=0.016964
MR results: 0 NA, 0 infinite, 0 negative, 0 zero
Energy calculations: 4486 non-zero gains, 11035 non-zero losses out of 11035 observations
Saved results to output/results/B1/2022/M/eb_results_MB_2022_B1_D1.rds

Processing: Species=MB, Year=2023, Origin=B1, Climate=D1, Sex=M
Looking for climate data at: /mmfs1/gscratch/biology/jmsmith/targeted_microclimate/D1/simplified_D1_2023.rds
Directory /mmfs1/gscratch/biology/jmsmith/targeted_microclimate/D1 exists. Contents:
simplified_D1_1950.rds
simplified_D1_1951.rds
simplified_D1_1952.rds
simplified_D1_1953.rds
simplified_D1_1954.rds
simplified_D1_1955.rds
simplified_D1_1956.rds
simplified_D1_1957.rds
simplified_D1_1958.rds
simplified_D1_1959.rds
simplified_D1_2015.rds
simplified_D1_2016.rds
simplified_D1_2017.rds
simplified_D1_2018.rds
simplified_D1_2019.rds
simplified_D1_2020.rds
simplified_D1_2021.rds
simplified_D1_2022.rds
simplified_D1_2023.rds
simplified_D1_2024.rds
Processing batch 1/12 (rows 1-1000)
  Calculated 1000 temperatures. Range: -4.94 to 35.68
Processing batch 2/12 (rows 1001-2000)
  Calculated 1000 temperatures. Range: -4.54 to 40.22
Processing batch 3/12 (rows 2001-3000)
  Calculated 1000 temperatures. Range: -4.51 to 36.43
Processing batch 4/12 (rows 3001-4000)
  Calculated 1000 temperatures. Range: -2.43 to 48.48
Processing batch 5/12 (rows 4001-5000)
  Calculated 1000 temperatures. Range: 1.15 to 43.49
Processing batch 6/12 (rows 5001-6000)
  Calculated 1000 temperatures. Range: -0.09 to 50.08
Processing batch 7/12 (rows 6001-7000)
  Calculated 1000 temperatures. Range: 1.36 to 50.82
Processing batch 8/12 (rows 7001-8000)
  Calculated 1000 temperatures. Range: 1.02 to 46.00
Processing batch 9/12 (rows 8001-9000)
  Calculated 1000 temperatures. Range: -1.54 to 49.40
Processing batch 10/12 (rows 9001-10000)
  Calculated 1000 temperatures. Range: 1.08 to 46.12
Processing batch 11/12 (rows 10001-11000)
  Calculated 1000 temperatures. Range: 1.36 to 50.26
Processing batch 12/12 (rows 11001-11035)
  Calculated 35 temperatures. Range: 10.42 to 29.26
Total observations: 11035, Unique timestamps: 2207
MR parameters: mass=0.28, elev=2591.0, b0=17.10, b1=0.98, b2=-0.48, b3=0.000124
Sample tb=278.41 K, log(mass)=-1.2730, 1/(kT)=41.667872, exponent=-3.8268, rmr=0.021779
Sample tb=287.22 K, log(mass)=-1.2730, 1/(kT)=40.389723, exponent=-3.2133, rmr=0.040224
Sample tb=296.76 K, log(mass)=-1.2730, 1/(kT)=39.091630, exponent=-2.5902, rmr=0.075005
Sample tb=296.56 K, log(mass)=-1.2730, 1/(kT)=39.118388, exponent=-2.6030, rmr=0.074047
Sample tb=270.53 K, log(mass)=-1.2730, 1/(kT)=42.881433, exponent=-4.4093, rmr=0.012164
MR results: 0 NA, 0 infinite, 0 negative, 0 zero
Energy calculations: 4029 non-zero gains, 11035 non-zero losses out of 11035 observations
Saved results to output/results/B1/2023/M/eb_results_MB_2023_B1_D1.rds

Processing: Species=MB, Year=2024, Origin=B1, Climate=D1, Sex=M
Looking for climate data at: /mmfs1/gscratch/biology/jmsmith/targeted_microclimate/D1/simplified_D1_2024.rds
Directory /mmfs1/gscratch/biology/jmsmith/targeted_microclimate/D1 exists. Contents:
simplified_D1_1950.rds
simplified_D1_1951.rds
simplified_D1_1952.rds
simplified_D1_1953.rds
simplified_D1_1954.rds
simplified_D1_1955.rds
simplified_D1_1956.rds
simplified_D1_1957.rds
simplified_D1_1958.rds
simplified_D1_1959.rds
simplified_D1_2015.rds
simplified_D1_2016.rds
simplified_D1_2017.rds
simplified_D1_2018.rds
simplified_D1_2019.rds
simplified_D1_2020.rds
simplified_D1_2021.rds
simplified_D1_2022.rds
simplified_D1_2023.rds
simplified_D1_2024.rds
Processing batch 1/12 (rows 1-1000)
  Calculated 1000 temperatures. Range: -5.96 to 56.09
Processing batch 2/12 (rows 1001-2000)
  Calculated 1000 temperatures. Range: -1.58 to 48.77
Processing batch 3/12 (rows 2001-3000)
  Calculated 1000 temperatures. Range: -3.95 to 54.30
Processing batch 4/12 (rows 3001-4000)
  Calculated 1000 temperatures. Range: -0.20 to 38.99
Processing batch 5/12 (rows 4001-5000)
  Calculated 1000 temperatures. Range: -1.99 to 48.48
Processing batch 6/12 (rows 5001-6000)
  Calculated 1000 temperatures. Range: 2.42 to 51.53
Processing batch 7/12 (rows 6001-7000)
  Calculated 1000 temperatures. Range: 0.61 to 51.82
Processing batch 8/12 (rows 7001-8000)
  Calculated 1000 temperatures. Range: 0.31 to 52.59
Processing batch 9/12 (rows 8001-9000)
  Calculated 1000 temperatures. Range: 2.83 to 49.66
Processing batch 10/12 (rows 9001-10000)
  Calculated 1000 temperatures. Range: 1.35 to 47.98
Processing batch 11/12 (rows 10001-11000)
  Calculated 1000 temperatures. Range: -1.05 to 36.87
Processing batch 12/12 (rows 11001-11035)
  Calculated 35 temperatures. Range: 9.09 to 46.24
Total observations: 11035, Unique timestamps: 2207
MR parameters: mass=0.28, elev=2591.0, b0=17.10, b1=0.98, b2=-0.48, b3=0.000124
Sample tb=296.18 K, log(mass)=-1.2730, 1/(kT)=39.169044, exponent=-2.6274, rmr=0.072269
Sample tb=310.99 K, log(mass)=-1.2730, 1/(kT)=37.303436, exponent=-1.7319, rmr=0.176953
Sample tb=286.46 K, log(mass)=-1.2730, 1/(kT)=40.498240, exponent=-3.2654, rmr=0.038183
Sample tb=296.23 K, log(mass)=-1.2730, 1/(kT)=39.162060, exponent=-2.6240, rmr=0.072511
Sample tb=295.43 K, log(mass)=-1.2730, 1/(kT)=39.267479, exponent=-2.6746, rmr=0.068934
MR results: 0 NA, 0 infinite, 0 negative, 0 zero
Energy calculations: 4570 non-zero gains, 11035 non-zero losses out of 11035 observations
Saved results to output/results/B1/2024/M/eb_results_MB_2024_B1_D1.rds

All years processed.
