Arguments received:
Species: MB
Years: 2015, 2016, 2017, 2018, 2019, 2020, 2021, 2022, 2023, 2024
Origin site: D1
Climate site: D1
Sex: F
Output directory: output/results/D1
Library paths:
[1] "/gscratch/biology/jmsmith/R"                          
[2] "/mmfs1/home/smithju/R/x86_64-pc-linux-gnu-library/4.4"
[3] "/usr/local/lib/R/site-library"                        
[4] "/usr/local/lib/R/library"                             
Package tidyverse loaded successfully
Package TrenchR loaded successfully
Package rTPC loaded successfully
Package lubridate loaded successfully

Processing: Species=MB, Year=2015, Origin=D1, Climate=D1, Sex=F
Looking for climate data at: /mmfs1/gscratch/biology/jmsmith/targeted_microclimate/D1/simplified_D1_2015.rds
Directory /mmfs1/gscratch/biology/jmsmith/targeted_microclimate/D1 exists. Contents:
simplified_D1_1950.rds
simplified_D1_1951.rds
simplified_D1_1952.rds
simplified_D1_1953.rds
simplified_D1_1954.rds
simplified_D1_1955.rds
simplified_D1_1956.rds
simplified_D1_1957.rds
simplified_D1_1958.rds
simplified_D1_1959.rds
simplified_D1_2015.rds
simplified_D1_2016.rds
simplified_D1_2017.rds
simplified_D1_2018.rds
simplified_D1_2019.rds
simplified_D1_2020.rds
simplified_D1_2021.rds
simplified_D1_2022.rds
simplified_D1_2023.rds
simplified_D1_2024.rds
Processing batch 1/12 (rows 1-1000)
  Calculated 1000 temperatures. Range: -3.78 to 49.37
Processing batch 2/12 (rows 1001-2000)
  Calculated 1000 temperatures. Range: -2.31 to 49.38
Processing batch 3/12 (rows 2001-3000)
  Calculated 1000 temperatures. Range: 0.39 to 50.72
Processing batch 4/12 (rows 3001-4000)
  Calculated 1000 temperatures. Range: 2.32 to 51.45
Processing batch 5/12 (rows 4001-5000)
  Calculated 1000 temperatures. Range: -0.16 to 50.10
Processing batch 6/12 (rows 5001-6000)
  Calculated 1000 temperatures. Range: -0.05 to 45.39
Processing batch 7/12 (rows 6001-7000)
  Calculated 1000 temperatures. Range: -0.96 to 41.58
Processing batch 8/12 (rows 7001-8000)
  Calculated 1000 temperatures. Range: 0.36 to 45.19
Processing batch 9/12 (rows 8001-9000)
  Calculated 1000 temperatures. Range: 0.86 to 50.21
Processing batch 10/12 (rows 9001-10000)
  Calculated 1000 temperatures. Range: -1.90 to 49.35
Processing batch 11/12 (rows 10001-11000)
  Calculated 1000 temperatures. Range: -1.17 to 45.86
Processing batch 12/12 (rows 11001-11035)
  Calculated 35 temperatures. Range: 6.71 to 35.11
Total observations: 11035, Unique timestamps: 2207
MR parameters: mass=0.22, elev=3300.0, b0=17.10, b1=0.98, b2=-0.48, b3=0.000124
Sample tb=275.89 K, log(mass)=-1.5141, 1/(kT)=42.049015, exponent=-4.1582, rmr=0.015636
Sample tb=279.63 K, log(mass)=-1.5141, 1/(kT)=41.486473, exponent=-3.8882, rmr=0.020483
Sample tb=279.55 K, log(mass)=-1.5141, 1/(kT)=41.498864, exponent=-3.8941, rmr=0.020362
Sample tb=301.29 K, log(mass)=-1.5141, 1/(kT)=38.504773, exponent=-2.4569, rmr=0.085697
Sample tb=274.06 K, log(mass)=-1.5141, 1/(kT)=42.329172, exponent=-4.2926, rmr=0.013669
MR results: 0 NA, 0 infinite, 0 negative, 0 zero
Energy calculations: 4406 non-zero gains, 11035 non-zero losses out of 11035 observations
Saved results to output/results/D1/2015/F/eb_results_MB_2015_D1_D1.rds

Processing: Species=MB, Year=2016, Origin=D1, Climate=D1, Sex=F
Looking for climate data at: /mmfs1/gscratch/biology/jmsmith/targeted_microclimate/D1/simplified_D1_2016.rds
Directory /mmfs1/gscratch/biology/jmsmith/targeted_microclimate/D1 exists. Contents:
simplified_D1_1950.rds
simplified_D1_1951.rds
simplified_D1_1952.rds
simplified_D1_1953.rds
simplified_D1_1954.rds
simplified_D1_1955.rds
simplified_D1_1956.rds
simplified_D1_1957.rds
simplified_D1_1958.rds
simplified_D1_1959.rds
simplified_D1_2015.rds
simplified_D1_2016.rds
simplified_D1_2017.rds
simplified_D1_2018.rds
simplified_D1_2019.rds
simplified_D1_2020.rds
simplified_D1_2021.rds
simplified_D1_2022.rds
simplified_D1_2023.rds
simplified_D1_2024.rds
Processing batch 1/12 (rows 1-1000)
  Calculated 1000 temperatures. Range: -4.77 to 45.44
Processing batch 2/12 (rows 1001-2000)
  Calculated 1000 temperatures. Range: -3.60 to 51.46
Processing batch 3/12 (rows 2001-3000)
  Calculated 1000 temperatures. Range: -0.05 to 47.03
Processing batch 4/12 (rows 3001-4000)
  Calculated 1000 temperatures. Range: -0.10 to 52.85
Processing batch 5/12 (rows 4001-5000)
  Calculated 1000 temperatures. Range: -1.72 to 47.28
Processing batch 6/12 (rows 5001-6000)
  Calculated 1000 temperatures. Range: -1.06 to 44.41
Processing batch 7/12 (rows 6001-7000)
  Calculated 1000 temperatures. Range: 2.74 to 51.97
Processing batch 8/12 (rows 7001-8000)
  Calculated 1000 temperatures. Range: 2.93 to 49.30
Processing batch 9/12 (rows 8001-9000)
  Calculated 1000 temperatures. Range: -0.32 to 46.34
Processing batch 10/12 (rows 9001-10000)
  Calculated 1000 temperatures. Range: -0.54 to 47.32
Processing batch 11/12 (rows 10001-11000)
  Calculated 1000 temperatures. Range: -2.65 to 44.55
Processing batch 12/12 (rows 11001-11035)
  Calculated 35 temperatures. Range: 9.03 to 36.37
Total observations: 11035, Unique timestamps: 2207
MR parameters: mass=0.22, elev=3300.0, b0=17.10, b1=0.98, b2=-0.48, b3=0.000124
Sample tb=283.10 K, log(mass)=-1.5141, 1/(kT)=40.978443, exponent=-3.6443, rmr=0.026140
Sample tb=287.75 K, log(mass)=-1.5141, 1/(kT)=40.315948, exponent=-3.3263, rmr=0.035926
Sample tb=283.54 K, log(mass)=-1.5141, 1/(kT)=40.915144, exponent=-3.6139, rmr=0.026946
Sample tb=298.39 K, log(mass)=-1.5141, 1/(kT)=38.877856, exponent=-2.6360, rmr=0.071646
Sample tb=283.25 K, log(mass)=-1.5141, 1/(kT)=40.956668, exponent=-3.6338, rmr=0.026414
MR results: 0 NA, 0 infinite, 0 negative, 0 zero
Energy calculations: 4457 non-zero gains, 11035 non-zero losses out of 11035 observations
Saved results to output/results/D1/2016/F/eb_results_MB_2016_D1_D1.rds

Processing: Species=MB, Year=2017, Origin=D1, Climate=D1, Sex=F
Looking for climate data at: /mmfs1/gscratch/biology/jmsmith/targeted_microclimate/D1/simplified_D1_2017.rds
Directory /mmfs1/gscratch/biology/jmsmith/targeted_microclimate/D1 exists. Contents:
simplified_D1_1950.rds
simplified_D1_1951.rds
simplified_D1_1952.rds
simplified_D1_1953.rds
simplified_D1_1954.rds
simplified_D1_1955.rds
simplified_D1_1956.rds
simplified_D1_1957.rds
simplified_D1_1958.rds
simplified_D1_1959.rds
simplified_D1_2015.rds
simplified_D1_2016.rds
simplified_D1_2017.rds
simplified_D1_2018.rds
simplified_D1_2019.rds
simplified_D1_2020.rds
simplified_D1_2021.rds
simplified_D1_2022.rds
simplified_D1_2023.rds
simplified_D1_2024.rds
Processing batch 1/12 (rows 1-1000)
  Calculated 1000 temperatures. Range: -3.22 to 47.13
Processing batch 2/12 (rows 1001-2000)
  Calculated 1000 temperatures. Range: -4.74 to 44.57
Processing batch 3/12 (rows 2001-3000)
  Calculated 1000 temperatures. Range: 0.70 to 48.11
Processing batch 4/12 (rows 3001-4000)
  Calculated 1000 temperatures. Range: -2.15 to 44.86
Processing batch 5/12 (rows 4001-5000)
  Calculated 1000 temperatures. Range: 1.11 to 48.97
Processing batch 6/12 (rows 5001-6000)
  Calculated 1000 temperatures. Range: 1.22 to 50.58
Processing batch 7/12 (rows 6001-7000)
  Calculated 1000 temperatures. Range: 3.30 to 49.69
Processing batch 8/12 (rows 7001-8000)
  Calculated 1000 temperatures. Range: 1.43 to 46.94
Processing batch 9/12 (rows 8001-9000)
  Calculated 1000 temperatures. Range: 0.12 to 47.61
Processing batch 10/12 (rows 9001-10000)
  Calculated 1000 temperatures. Range: -0.07 to 47.79
Processing batch 11/12 (rows 10001-11000)
  Calculated 1000 temperatures. Range: 0.79 to 47.95
Processing batch 12/12 (rows 11001-11035)
  Calculated 35 temperatures. Range: 9.12 to 45.14
Total observations: 11035, Unique timestamps: 2207
MR parameters: mass=0.22, elev=3300.0, b0=17.10, b1=0.98, b2=-0.48, b3=0.000124
Sample tb=287.71 K, log(mass)=-1.5141, 1/(kT)=40.321697, exponent=-3.3291, rmr=0.035827
Sample tb=283.58 K, log(mass)=-1.5141, 1/(kT)=40.909195, exponent=-3.6111, rmr=0.027023
Sample tb=288.14 K, log(mass)=-1.5141, 1/(kT)=40.261106, exponent=-3.3000, rmr=0.036884
Sample tb=276.26 K, log(mass)=-1.5141, 1/(kT)=41.992960, exponent=-4.1313, rmr=0.016063
Sample tb=275.48 K, log(mass)=-1.5141, 1/(kT)=42.112062, exponent=-4.1884, rmr=0.015170
MR results: 0 NA, 0 infinite, 0 negative, 0 zero
Energy calculations: 4481 non-zero gains, 11035 non-zero losses out of 11035 observations
Saved results to output/results/D1/2017/F/eb_results_MB_2017_D1_D1.rds

Processing: Species=MB, Year=2018, Origin=D1, Climate=D1, Sex=F
Looking for climate data at: /mmfs1/gscratch/biology/jmsmith/targeted_microclimate/D1/simplified_D1_2018.rds
Directory /mmfs1/gscratch/biology/jmsmith/targeted_microclimate/D1 exists. Contents:
simplified_D1_1950.rds
simplified_D1_1951.rds
simplified_D1_1952.rds
simplified_D1_1953.rds
simplified_D1_1954.rds
simplified_D1_1955.rds
simplified_D1_1956.rds
simplified_D1_1957.rds
simplified_D1_1958.rds
simplified_D1_1959.rds
simplified_D1_2015.rds
simplified_D1_2016.rds
simplified_D1_2017.rds
simplified_D1_2018.rds
simplified_D1_2019.rds
simplified_D1_2020.rds
simplified_D1_2021.rds
simplified_D1_2022.rds
simplified_D1_2023.rds
simplified_D1_2024.rds
Processing batch 1/12 (rows 1-1000)
  Calculated 1000 temperatures. Range: -5.24 to 46.23
Processing batch 2/12 (rows 1001-2000)
  Calculated 1000 temperatures. Range: -3.57 to 38.28
Processing batch 3/12 (rows 2001-3000)
  Calculated 1000 temperatures. Range: -2.78 to 47.94
Processing batch 4/12 (rows 3001-4000)
  Calculated 1000 temperatures. Range: -2.22 to 45.89
Processing batch 5/12 (rows 4001-5000)
  Calculated 1000 temperatures. Range: 1.85 to 52.53
Processing batch 6/12 (rows 5001-6000)
  Calculated 1000 temperatures. Range: 2.83 to 49.96
Processing batch 7/12 (rows 6001-7000)
  Calculated 1000 temperatures. Range: 2.36 to 46.18
Processing batch 8/12 (rows 7001-8000)
  Calculated 1000 temperatures. Range: 1.84 to 38.81
Processing batch 9/12 (rows 8001-9000)
  Calculated 1000 temperatures. Range: 0.57 to 54.09
Processing batch 10/12 (rows 9001-10000)
  Calculated 1000 temperatures. Range: -0.70 to 48.87
Processing batch 11/12 (rows 10001-11000)
  Calculated 1000 temperatures. Range: -0.92 to 45.67
Processing batch 12/12 (rows 11001-11035)
  Calculated 35 temperatures. Range: 8.48 to 29.71
Total observations: 11035, Unique timestamps: 2207
MR parameters: mass=0.22, elev=3300.0, b0=17.10, b1=0.98, b2=-0.48, b3=0.000124
Sample tb=285.47 K, log(mass)=-1.5141, 1/(kT)=40.637575, exponent=-3.4807, rmr=0.030786
Sample tb=281.97 K, log(mass)=-1.5141, 1/(kT)=41.142252, exponent=-3.7229, rmr=0.024163
Sample tb=301.29 K, log(mass)=-1.5141, 1/(kT)=38.504387, exponent=-2.4568, rmr=0.085713
Sample tb=283.21 K, log(mass)=-1.5141, 1/(kT)=40.961966, exponent=-3.6364, rmr=0.026347
Sample tb=286.86 K, log(mass)=-1.5141, 1/(kT)=40.441010, exponent=-3.3863, rmr=0.033833
MR results: 0 NA, 0 infinite, 0 negative, 0 zero
Energy calculations: 4604 non-zero gains, 11035 non-zero losses out of 11035 observations
Saved results to output/results/D1/2018/F/eb_results_MB_2018_D1_D1.rds

Processing: Species=MB, Year=2019, Origin=D1, Climate=D1, Sex=F
Looking for climate data at: /mmfs1/gscratch/biology/jmsmith/targeted_microclimate/D1/simplified_D1_2019.rds
Directory /mmfs1/gscratch/biology/jmsmith/targeted_microclimate/D1 exists. Contents:
simplified_D1_1950.rds
simplified_D1_1951.rds
simplified_D1_1952.rds
simplified_D1_1953.rds
simplified_D1_1954.rds
simplified_D1_1955.rds
simplified_D1_1956.rds
simplified_D1_1957.rds
simplified_D1_1958.rds
simplified_D1_1959.rds
simplified_D1_2015.rds
simplified_D1_2016.rds
simplified_D1_2017.rds
simplified_D1_2018.rds
simplified_D1_2019.rds
simplified_D1_2020.rds
simplified_D1_2021.rds
simplified_D1_2022.rds
simplified_D1_2023.rds
simplified_D1_2024.rds
Processing batch 1/12 (rows 1-1000)
  Calculated 1000 temperatures. Range: -5.61 to 47.86
Processing batch 2/12 (rows 1001-2000)
  Calculated 1000 temperatures. Range: -7.94 to 44.79
Processing batch 3/12 (rows 2001-3000)
  Calculated 1000 temperatures. Range: -6.33 to 41.41
Processing batch 4/12 (rows 3001-4000)
  Calculated 1000 temperatures. Range: -4.57 to 48.79
Processing batch 5/12 (rows 4001-5000)
  Calculated 1000 temperatures. Range: -0.92 to 51.44
Processing batch 6/12 (rows 5001-6000)
  Calculated 1000 temperatures. Range: 1.51 to 46.41
Processing batch 7/12 (rows 6001-7000)
  Calculated 1000 temperatures. Range: 2.46 to 47.44
Processing batch 8/12 (rows 7001-8000)
  Calculated 1000 temperatures. Range: 0.59 to 53.18
Processing batch 9/12 (rows 8001-9000)
  Calculated 1000 temperatures. Range: 0.87 to 49.35
Processing batch 10/12 (rows 9001-10000)
  Calculated 1000 temperatures. Range: 0.11 to 42.62
Processing batch 11/12 (rows 10001-11000)
  Calculated 1000 temperatures. Range: -0.09 to 46.36
Processing batch 12/12 (rows 11001-11035)
  Calculated 35 temperatures. Range: 9.94 to 44.13
Total observations: 11035, Unique timestamps: 2207
MR parameters: mass=0.22, elev=3300.0, b0=17.10, b1=0.98, b2=-0.48, b3=0.000124
Sample tb=286.12 K, log(mass)=-1.5141, 1/(kT)=40.545867, exponent=-3.4367, rmr=0.032172
Sample tb=276.42 K, log(mass)=-1.5141, 1/(kT)=41.968433, exponent=-4.1195, rmr=0.016253
Sample tb=287.67 K, log(mass)=-1.5141, 1/(kT)=40.327120, exponent=-3.3317, rmr=0.035734
Sample tb=280.65 K, log(mass)=-1.5141, 1/(kT)=41.335630, exponent=-3.8157, rmr=0.022021
Sample tb=284.91 K, log(mass)=-1.5141, 1/(kT)=40.717448, exponent=-3.5190, rmr=0.029628
MR results: 0 NA, 0 infinite, 0 negative, 0 zero
Energy calculations: 4210 non-zero gains, 11035 non-zero losses out of 11035 observations
Saved results to output/results/D1/2019/F/eb_results_MB_2019_D1_D1.rds

Processing: Species=MB, Year=2020, Origin=D1, Climate=D1, Sex=F
Looking for climate data at: /mmfs1/gscratch/biology/jmsmith/targeted_microclimate/D1/simplified_D1_2020.rds
Directory /mmfs1/gscratch/biology/jmsmith/targeted_microclimate/D1 exists. Contents:
simplified_D1_1950.rds
simplified_D1_1951.rds
simplified_D1_1952.rds
simplified_D1_1953.rds
simplified_D1_1954.rds
simplified_D1_1955.rds
simplified_D1_1956.rds
simplified_D1_1957.rds
simplified_D1_1958.rds
simplified_D1_1959.rds
simplified_D1_2015.rds
simplified_D1_2016.rds
simplified_D1_2017.rds
simplified_D1_2018.rds
simplified_D1_2019.rds
simplified_D1_2020.rds
simplified_D1_2021.rds
simplified_D1_2022.rds
simplified_D1_2023.rds
simplified_D1_2024.rds
Processing batch 1/12 (rows 1-1000)
  Calculated 1000 temperatures. Range: -4.76 to 44.63
Processing batch 2/12 (rows 1001-2000)
  Calculated 1000 temperatures. Range: -7.22 to 19.45
Processing batch 3/12 (rows 2001-3000)
  Calculated 1000 temperatures. Range: -5.04 to 40.97
Processing batch 4/12 (rows 3001-4000)
  Calculated 1000 temperatures. Range: -4.68 to 35.56
Processing batch 5/12 (rows 4001-5000)
  Calculated 1000 temperatures. Range: -0.59 to 38.72
Processing batch 6/12 (rows 5001-6000)
  Calculated 1000 temperatures. Range: 2.55 to 51.01
Processing batch 7/12 (rows 6001-7000)
  Calculated 1000 temperatures. Range: 2.03 to 47.43
Processing batch 8/12 (rows 7001-8000)
  Calculated 1000 temperatures. Range: 0.73 to 44.90
Processing batch 9/12 (rows 8001-9000)
  Calculated 1000 temperatures. Range: -0.16 to 50.09
Processing batch 10/12 (rows 9001-10000)
  Calculated 1000 temperatures. Range: 0.02 to 50.60
Processing batch 11/12 (rows 10001-11000)
  Calculated 1000 temperatures. Range: -2.29 to 43.12
Processing batch 12/12 (rows 11001-11035)
  Calculated 35 temperatures. Range: 7.43 to 27.95
Total observations: 11035, Unique timestamps: 2207
MR parameters: mass=0.22, elev=3300.0, b0=17.10, b1=0.98, b2=-0.48, b3=0.000124
Sample tb=275.66 K, log(mass)=-1.5141, 1/(kT)=42.083943, exponent=-4.1749, rmr=0.015376
Sample tb=280.81 K, log(mass)=-1.5141, 1/(kT)=41.312660, exponent=-3.8047, rmr=0.022265
Sample tb=275.60 K, log(mass)=-1.5141, 1/(kT)=42.093239, exponent=-4.1794, rmr=0.015308
Sample tb=276.32 K, log(mass)=-1.5141, 1/(kT)=41.983273, exponent=-4.1266, rmr=0.016137
Sample tb=278.52 K, log(mass)=-1.5141, 1/(kT)=41.652161, exponent=-3.9677, rmr=0.018917
MR results: 0 NA, 0 infinite, 0 negative, 0 zero
Energy calculations: 4381 non-zero gains, 11035 non-zero losses out of 11035 observations
Saved results to output/results/D1/2020/F/eb_results_MB_2020_D1_D1.rds

Processing: Species=MB, Year=2021, Origin=D1, Climate=D1, Sex=F
Looking for climate data at: /mmfs1/gscratch/biology/jmsmith/targeted_microclimate/D1/simplified_D1_2021.rds
Directory /mmfs1/gscratch/biology/jmsmith/targeted_microclimate/D1 exists. Contents:
simplified_D1_1950.rds
simplified_D1_1951.rds
simplified_D1_1952.rds
simplified_D1_1953.rds
simplified_D1_1954.rds
simplified_D1_1955.rds
simplified_D1_1956.rds
simplified_D1_1957.rds
simplified_D1_1958.rds
simplified_D1_1959.rds
simplified_D1_2015.rds
simplified_D1_2016.rds
simplified_D1_2017.rds
simplified_D1_2018.rds
simplified_D1_2019.rds
simplified_D1_2020.rds
simplified_D1_2021.rds
simplified_D1_2022.rds
simplified_D1_2023.rds
simplified_D1_2024.rds
Processing batch 1/12 (rows 1-1000)
  Calculated 1000 temperatures. Range: -6.57 to 50.85
Processing batch 2/12 (rows 1001-2000)
  Calculated 1000 temperatures. Range: -4.00 to 44.66
Processing batch 3/12 (rows 2001-3000)
  Calculated 1000 temperatures. Range: -1.14 to 49.71
Processing batch 4/12 (rows 3001-4000)
  Calculated 1000 temperatures. Range: -3.29 to 50.18
Processing batch 5/12 (rows 4001-5000)
  Calculated 1000 temperatures. Range: 2.32 to 53.27
Processing batch 6/12 (rows 5001-6000)
  Calculated 1000 temperatures. Range: 0.94 to 52.47
Processing batch 7/12 (rows 6001-7000)
  Calculated 1000 temperatures. Range: 2.23 to 53.61
Processing batch 8/12 (rows 7001-8000)
  Calculated 1000 temperatures. Range: 1.27 to 43.35
Processing batch 9/12 (rows 8001-9000)
  Calculated 1000 temperatures. Range: 0.63 to 51.56
Processing batch 10/12 (rows 9001-10000)
  Calculated 1000 temperatures. Range: 0.15 to 44.32
Processing batch 11/12 (rows 10001-11000)
  Calculated 1000 temperatures. Range: -0.76 to 44.85
Processing batch 12/12 (rows 11001-11035)
  Calculated 35 temperatures. Range: 10.02 to 39.62
Total observations: 11035, Unique timestamps: 2207
MR parameters: mass=0.22, elev=3300.0, b0=17.10, b1=0.98, b2=-0.48, b3=0.000124
Sample tb=281.41 K, log(mass)=-1.5141, 1/(kT)=41.225019, exponent=-3.7627, rmr=0.023222
Sample tb=278.57 K, log(mass)=-1.5141, 1/(kT)=41.645264, exponent=-3.9644, rmr=0.018980
Sample tb=275.25 K, log(mass)=-1.5141, 1/(kT)=42.147212, exponent=-4.2053, rmr=0.014916
Sample tb=300.07 K, log(mass)=-1.5141, 1/(kT)=38.660347, exponent=-2.5316, rmr=0.079531
Sample tb=277.37 K, log(mass)=-1.5141, 1/(kT)=41.825004, exponent=-4.0506, rmr=0.017411
MR results: 0 NA, 0 infinite, 0 negative, 0 zero
Energy calculations: 4786 non-zero gains, 11035 non-zero losses out of 11035 observations
Saved results to output/results/D1/2021/F/eb_results_MB_2021_D1_D1.rds

Processing: Species=MB, Year=2022, Origin=D1, Climate=D1, Sex=F
Looking for climate data at: /mmfs1/gscratch/biology/jmsmith/targeted_microclimate/D1/simplified_D1_2022.rds
Directory /mmfs1/gscratch/biology/jmsmith/targeted_microclimate/D1 exists. Contents:
simplified_D1_1950.rds
simplified_D1_1951.rds
simplified_D1_1952.rds
simplified_D1_1953.rds
simplified_D1_1954.rds
simplified_D1_1955.rds
simplified_D1_1956.rds
simplified_D1_1957.rds
simplified_D1_1958.rds
simplified_D1_1959.rds
simplified_D1_2015.rds
simplified_D1_2016.rds
simplified_D1_2017.rds
simplified_D1_2018.rds
simplified_D1_2019.rds
simplified_D1_2020.rds
simplified_D1_2021.rds
simplified_D1_2022.rds
simplified_D1_2023.rds
simplified_D1_2024.rds
Processing batch 1/12 (rows 1-1000)
  Calculated 1000 temperatures. Range: -6.51 to 33.70
Processing batch 2/12 (rows 1001-2000)
  Calculated 1000 temperatures. Range: -6.00 to 43.90
Processing batch 3/12 (rows 2001-3000)
  Calculated 1000 temperatures. Range: -4.78 to 47.20
Processing batch 4/12 (rows 3001-4000)
  Calculated 1000 temperatures. Range: -0.23 to 50.04
Processing batch 5/12 (rows 4001-5000)
  Calculated 1000 temperatures. Range: 2.15 to 48.41
Processing batch 6/12 (rows 5001-6000)
  Calculated 1000 temperatures. Range: 3.43 to 49.41
Processing batch 7/12 (rows 6001-7000)
  Calculated 1000 temperatures. Range: 2.59 to 50.25
Processing batch 8/12 (rows 7001-8000)
  Calculated 1000 temperatures. Range: 3.51 to 52.49
Processing batch 9/12 (rows 8001-9000)
  Calculated 1000 temperatures. Range: 3.56 to 50.41
Processing batch 10/12 (rows 9001-10000)
  Calculated 1000 temperatures. Range: 1.35 to 49.84
Processing batch 11/12 (rows 10001-11000)
  Calculated 1000 temperatures. Range: 0.41 to 49.72
Processing batch 12/12 (rows 11001-11035)
  Calculated 35 temperatures. Range: 10.27 to 32.99
Total observations: 11035, Unique timestamps: 2207
MR parameters: mass=0.22, elev=3300.0, b0=17.10, b1=0.98, b2=-0.48, b3=0.000124
Sample tb=279.39 K, log(mass)=-1.5141, 1/(kT)=41.522980, exponent=-3.9057, rmr=0.020127
Sample tb=303.73 K, log(mass)=-1.5141, 1/(kT)=38.194884, exponent=-2.3082, rmr=0.099441
Sample tb=278.07 K, log(mass)=-1.5141, 1/(kT)=41.719491, exponent=-4.0000, rmr=0.018316
Sample tb=278.60 K, log(mass)=-1.5141, 1/(kT)=41.640353, exponent=-3.9620, rmr=0.019025
Sample tb=295.17 K, log(mass)=-1.5141, 1/(kT)=39.302854, exponent=-2.8400, rmr=0.058425
MR results: 0 NA, 0 infinite, 0 negative, 0 zero
Energy calculations: 4717 non-zero gains, 11035 non-zero losses out of 11035 observations
Saved results to output/results/D1/2022/F/eb_results_MB_2022_D1_D1.rds

Processing: Species=MB, Year=2023, Origin=D1, Climate=D1, Sex=F
Looking for climate data at: /mmfs1/gscratch/biology/jmsmith/targeted_microclimate/D1/simplified_D1_2023.rds
Directory /mmfs1/gscratch/biology/jmsmith/targeted_microclimate/D1 exists. Contents:
simplified_D1_1950.rds
simplified_D1_1951.rds
simplified_D1_1952.rds
simplified_D1_1953.rds
simplified_D1_1954.rds
simplified_D1_1955.rds
simplified_D1_1956.rds
simplified_D1_1957.rds
simplified_D1_1958.rds
simplified_D1_1959.rds
simplified_D1_2015.rds
simplified_D1_2016.rds
simplified_D1_2017.rds
simplified_D1_2018.rds
simplified_D1_2019.rds
simplified_D1_2020.rds
simplified_D1_2021.rds
simplified_D1_2022.rds
simplified_D1_2023.rds
simplified_D1_2024.rds
Processing batch 1/12 (rows 1-1000)
  Calculated 1000 temperatures. Range: -4.94 to 35.68
Processing batch 2/12 (rows 1001-2000)
  Calculated 1000 temperatures. Range: -4.54 to 40.22
Processing batch 3/12 (rows 2001-3000)
  Calculated 1000 temperatures. Range: -4.51 to 36.43
Processing batch 4/12 (rows 3001-4000)
  Calculated 1000 temperatures. Range: -2.43 to 48.48
Processing batch 5/12 (rows 4001-5000)
  Calculated 1000 temperatures. Range: 1.15 to 43.49
Processing batch 6/12 (rows 5001-6000)
  Calculated 1000 temperatures. Range: -0.09 to 50.08
Processing batch 7/12 (rows 6001-7000)
  Calculated 1000 temperatures. Range: 1.36 to 50.82
Processing batch 8/12 (rows 7001-8000)
  Calculated 1000 temperatures. Range: 1.02 to 46.00
Processing batch 9/12 (rows 8001-9000)
  Calculated 1000 temperatures. Range: -1.54 to 49.40
Processing batch 10/12 (rows 9001-10000)
  Calculated 1000 temperatures. Range: 1.08 to 46.12
Processing batch 11/12 (rows 10001-11000)
  Calculated 1000 temperatures. Range: 1.36 to 50.26
Processing batch 12/12 (rows 11001-11035)
  Calculated 35 temperatures. Range: 10.42 to 29.26
Total observations: 11035, Unique timestamps: 2207
MR parameters: mass=0.22, elev=3300.0, b0=17.10, b1=0.98, b2=-0.48, b3=0.000124
Sample tb=286.54 K, log(mass)=-1.5141, 1/(kT)=40.486679, exponent=-3.4083, rmr=0.033099
Sample tb=279.65 K, log(mass)=-1.5141, 1/(kT)=41.484426, exponent=-3.8872, rmr=0.020503
Sample tb=292.90 K, log(mass)=-1.5141, 1/(kT)=39.607232, exponent=-2.9861, rmr=0.050483
Sample tb=280.75 K, log(mass)=-1.5141, 1/(kT)=41.321519, exponent=-3.8090, rmr=0.022171
Sample tb=297.03 K, log(mass)=-1.5141, 1/(kT)=39.056078, exponent=-2.7216, rmr=0.065772
MR results: 0 NA, 0 infinite, 0 negative, 0 zero
Energy calculations: 4229 non-zero gains, 11035 non-zero losses out of 11035 observations
Saved results to output/results/D1/2023/F/eb_results_MB_2023_D1_D1.rds

Processing: Species=MB, Year=2024, Origin=D1, Climate=D1, Sex=F
Looking for climate data at: /mmfs1/gscratch/biology/jmsmith/targeted_microclimate/D1/simplified_D1_2024.rds
Directory /mmfs1/gscratch/biology/jmsmith/targeted_microclimate/D1 exists. Contents:
simplified_D1_1950.rds
simplified_D1_1951.rds
simplified_D1_1952.rds
simplified_D1_1953.rds
simplified_D1_1954.rds
simplified_D1_1955.rds
simplified_D1_1956.rds
simplified_D1_1957.rds
simplified_D1_1958.rds
simplified_D1_1959.rds
simplified_D1_2015.rds
simplified_D1_2016.rds
simplified_D1_2017.rds
simplified_D1_2018.rds
simplified_D1_2019.rds
simplified_D1_2020.rds
simplified_D1_2021.rds
simplified_D1_2022.rds
simplified_D1_2023.rds
simplified_D1_2024.rds
Processing batch 1/12 (rows 1-1000)
  Calculated 1000 temperatures. Range: -5.96 to 56.09
Processing batch 2/12 (rows 1001-2000)
  Calculated 1000 temperatures. Range: -1.58 to 48.77
Processing batch 3/12 (rows 2001-3000)
  Calculated 1000 temperatures. Range: -3.95 to 54.30
Processing batch 4/12 (rows 3001-4000)
  Calculated 1000 temperatures. Range: -0.20 to 38.99
Processing batch 5/12 (rows 4001-5000)
  Calculated 1000 temperatures. Range: -1.99 to 48.48
Processing batch 6/12 (rows 5001-6000)
  Calculated 1000 temperatures. Range: 2.42 to 51.53
Processing batch 7/12 (rows 6001-7000)
  Calculated 1000 temperatures. Range: 0.61 to 51.82
Processing batch 8/12 (rows 7001-8000)
  Calculated 1000 temperatures. Range: 0.31 to 52.59
Processing batch 9/12 (rows 8001-9000)
  Calculated 1000 temperatures. Range: 2.83 to 49.66
Processing batch 10/12 (rows 9001-10000)
  Calculated 1000 temperatures. Range: 1.35 to 47.98
Processing batch 11/12 (rows 10001-11000)
  Calculated 1000 temperatures. Range: -1.05 to 36.87
Processing batch 12/12 (rows 11001-11035)
  Calculated 35 temperatures. Range: 9.09 to 46.24
Total observations: 11035, Unique timestamps: 2207
MR parameters: mass=0.22, elev=3300.0, b0=17.10, b1=0.98, b2=-0.48, b3=0.000124
Sample tb=277.80 K, log(mass)=-1.5141, 1/(kT)=41.760028, exponent=-4.0195, rmr=0.017963
Sample tb=286.30 K, log(mass)=-1.5141, 1/(kT)=40.520742, exponent=-3.4246, rmr=0.032562
Sample tb=278.11 K, log(mass)=-1.5141, 1/(kT)=41.714164, exponent=-3.9974, rmr=0.018363
Sample tb=303.28 K, log(mass)=-1.5141, 1/(kT)=38.251599, exponent=-2.3354, rmr=0.096771
Sample tb=297.74 K, log(mass)=-1.5141, 1/(kT)=38.963332, exponent=-2.6770, rmr=0.068766
MR results: 0 NA, 0 infinite, 0 negative, 0 zero
Energy calculations: 4791 non-zero gains, 11035 non-zero losses out of 11035 observations
Saved results to output/results/D1/2024/F/eb_results_MB_2024_D1_D1.rds

All years processed.
