Arguments received:
Species: MS
Years: 1950, 1951, 1952, 1953, 1954, 1955, 1956, 1957, 1958, 1959
Origin site: A1
Climate site: B1
Sex: M
Output directory: output/results/A1
Library paths:
[1] "/gscratch/biology/jmsmith/R"                          
[2] "/mmfs1/home/smithju/R/x86_64-pc-linux-gnu-library/4.4"
[3] "/usr/local/lib/R/site-library"                        
[4] "/usr/local/lib/R/library"                             
Package tidyverse loaded successfully
Package TrenchR loaded successfully
Package rTPC loaded successfully
Package lubridate loaded successfully

Processing: Species=MS, Year=1950, Origin=A1, Climate=B1, Sex=M
Looking for climate data at: /mmfs1/gscratch/biology/jmsmith/targeted_microclimate/B1/simplified_B1_1950.rds
Directory /mmfs1/gscratch/biology/jmsmith/targeted_microclimate/B1 exists. Contents:
simplified_B1_1950.rds
simplified_B1_1951.rds
simplified_B1_1952.rds
simplified_B1_1953.rds
simplified_B1_1954.rds
simplified_B1_1955.rds
simplified_B1_1956.rds
simplified_B1_1957.rds
simplified_B1_1958.rds
simplified_B1_1959.rds
simplified_B1_2015.rds
simplified_B1_2016.rds
simplified_B1_2017.rds
simplified_B1_2018.rds
simplified_B1_2019.rds
simplified_B1_2020.rds
simplified_B1_2021.rds
simplified_B1_2022.rds
simplified_B1_2023.rds
simplified_B1_2024.rds
Processing batch 1/12 (rows 1-1000)
  Calculated 1000 temperatures. Range: -10.12 to 33.18
Processing batch 2/12 (rows 1001-2000)
  Calculated 1000 temperatures. Range: -5.85 to 33.77
Processing batch 3/12 (rows 2001-3000)
  Calculated 1000 temperatures. Range: 0.42 to 38.28
Processing batch 4/12 (rows 3001-4000)
  Calculated 1000 temperatures. Range: 0.02 to 41.36
Processing batch 5/12 (rows 4001-5000)
  Calculated 1000 temperatures. Range: 2.19 to 46.04
Processing batch 6/12 (rows 5001-6000)
  Calculated 1000 temperatures. Range: 2.13 to 45.91
Processing batch 7/12 (rows 6001-7000)
  Calculated 1000 temperatures. Range: 2.24 to 43.46
Processing batch 8/12 (rows 7001-8000)
  Calculated 1000 temperatures. Range: 1.85 to 35.61
Processing batch 9/12 (rows 8001-9000)
  Calculated 1000 temperatures. Range: 1.80 to 44.46
Processing batch 10/12 (rows 9001-10000)
  Calculated 1000 temperatures. Range: 1.15 to 37.28
Processing batch 11/12 (rows 10001-11000)
  Calculated 1000 temperatures. Range: -0.40 to 40.49
Processing batch 12/12 (rows 11001-11035)
  Calculated 35 temperatures. Range: 12.37 to 31.16
Total observations: 11035, Unique timestamps: 2207
MR parameters: mass=0.33, elev=2195.0, b0=16.50, b1=0.85, b2=-0.47, b3=0.000108
Sample tb=276.40 K, log(mass)=-1.1087, 1/(kT)=41.972134, exponent=-3.9322, rmr=0.019600
Sample tb=294.04 K, log(mass)=-1.1087, 1/(kT)=39.453496, exponent=-2.7484, rmr=0.064027
Sample tb=278.42 K, log(mass)=-1.1087, 1/(kT)=41.666988, exponent=-3.7888, rmr=0.022623
Sample tb=296.76 K, log(mass)=-1.1087, 1/(kT)=39.091590, exponent=-2.5784, rmr=0.075899
Sample tb=275.24 K, log(mass)=-1.1087, 1/(kT)=42.147693, exponent=-4.0147, rmr=0.018048
MR results: 0 NA, 0 infinite, 0 negative, 0 zero
Energy calculations: 4135 non-zero gains, 11035 non-zero losses out of 11035 observations
Saved results to output/results/A1/1950/M/eb_results_MS_1950_A1_B1.rds

Processing: Species=MS, Year=1951, Origin=A1, Climate=B1, Sex=M
Looking for climate data at: /mmfs1/gscratch/biology/jmsmith/targeted_microclimate/B1/simplified_B1_1951.rds
Directory /mmfs1/gscratch/biology/jmsmith/targeted_microclimate/B1 exists. Contents:
simplified_B1_1950.rds
simplified_B1_1951.rds
simplified_B1_1952.rds
simplified_B1_1953.rds
simplified_B1_1954.rds
simplified_B1_1955.rds
simplified_B1_1956.rds
simplified_B1_1957.rds
simplified_B1_1958.rds
simplified_B1_1959.rds
simplified_B1_2015.rds
simplified_B1_2016.rds
simplified_B1_2017.rds
simplified_B1_2018.rds
simplified_B1_2019.rds
simplified_B1_2020.rds
simplified_B1_2021.rds
simplified_B1_2022.rds
simplified_B1_2023.rds
simplified_B1_2024.rds
Processing batch 1/12 (rows 1-1000)
  Calculated 1000 temperatures. Range: -9.67 to 16.65
Processing batch 2/12 (rows 1001-2000)
  Calculated 1000 temperatures. Range: -4.61 to 22.26
Processing batch 3/12 (rows 2001-3000)
  Calculated 1000 temperatures. Range: -1.84 to 33.37
Processing batch 4/12 (rows 3001-4000)
  Calculated 1000 temperatures. Range: 0.06 to 39.79
Processing batch 5/12 (rows 4001-5000)
  Calculated 1000 temperatures. Range: 1.80 to 46.55
Processing batch 6/12 (rows 5001-6000)
  Calculated 1000 temperatures. Range: 3.06 to 49.48
Processing batch 7/12 (rows 6001-7000)
  Calculated 1000 temperatures. Range: 3.63 to 40.98
Processing batch 8/12 (rows 7001-8000)
  Calculated 1000 temperatures. Range: 6.19 to 46.16
Processing batch 9/12 (rows 8001-9000)
  Calculated 1000 temperatures. Range: 2.40 to 39.68
Processing batch 10/12 (rows 9001-10000)
  Calculated 1000 temperatures. Range: 2.48 to 39.28
Processing batch 11/12 (rows 10001-11000)
  Calculated 1000 temperatures. Range: 1.80 to 36.27
Processing batch 12/12 (rows 11001-11035)
  Calculated 35 temperatures. Range: 10.07 to 30.87
Total observations: 11035, Unique timestamps: 2207
MR parameters: mass=0.33, elev=2195.0, b0=16.50, b1=0.85, b2=-0.47, b3=0.000108
Sample tb=277.26 K, log(mass)=-1.1087, 1/(kT)=41.840841, exponent=-3.8705, rmr=0.020848
Sample tb=274.31 K, log(mass)=-1.1087, 1/(kT)=42.291196, exponent=-4.0822, rmr=0.016871
Sample tb=276.59 K, log(mass)=-1.1087, 1/(kT)=41.942506, exponent=-3.9183, rmr=0.019875
Sample tb=280.75 K, log(mass)=-1.1087, 1/(kT)=41.320785, exponent=-3.6261, rmr=0.026621
Sample tb=283.03 K, log(mass)=-1.1087, 1/(kT)=40.988110, exponent=-3.4697, rmr=0.031126
MR results: 0 NA, 0 infinite, 0 negative, 0 zero
Energy calculations: 4113 non-zero gains, 11035 non-zero losses out of 11035 observations
Saved results to output/results/A1/1951/M/eb_results_MS_1951_A1_B1.rds

Processing: Species=MS, Year=1952, Origin=A1, Climate=B1, Sex=M
Looking for climate data at: /mmfs1/gscratch/biology/jmsmith/targeted_microclimate/B1/simplified_B1_1952.rds
Directory /mmfs1/gscratch/biology/jmsmith/targeted_microclimate/B1 exists. Contents:
simplified_B1_1950.rds
simplified_B1_1951.rds
simplified_B1_1952.rds
simplified_B1_1953.rds
simplified_B1_1954.rds
simplified_B1_1955.rds
simplified_B1_1956.rds
simplified_B1_1957.rds
simplified_B1_1958.rds
simplified_B1_1959.rds
simplified_B1_2015.rds
simplified_B1_2016.rds
simplified_B1_2017.rds
simplified_B1_2018.rds
simplified_B1_2019.rds
simplified_B1_2020.rds
simplified_B1_2021.rds
simplified_B1_2022.rds
simplified_B1_2023.rds
simplified_B1_2024.rds
Processing batch 1/12 (rows 1-1000)
  Calculated 1000 temperatures. Range: -0.28 to 44.27
Processing batch 2/12 (rows 1001-2000)
  Calculated 1000 temperatures. Range: -1.78 to 60.00
Processing batch 3/12 (rows 2001-3000)
  Calculated 1000 temperatures. Range: 0.81 to 60.00
Processing batch 4/12 (rows 3001-4000)
  Calculated 1000 temperatures. Range: 1.51 to 45.32
Processing batch 5/12 (rows 4001-5000)
  Calculated 1000 temperatures. Range: 1.31 to 39.86
Processing batch 6/12 (rows 5001-6000)
  Calculated 1000 temperatures. Range: 2.08 to 45.72
Processing batch 7/12 (rows 6001-7000)
  Calculated 1000 temperatures. Range: 3.03 to 43.82
Processing batch 8/12 (rows 7001-8000)
  Calculated 1000 temperatures. Range: 4.48 to 41.72
Processing batch 9/12 (rows 8001-9000)
  Calculated 1000 temperatures. Range: 3.23 to 43.76
Processing batch 10/12 (rows 9001-10000)
  Calculated 1000 temperatures. Range: 4.04 to 44.84
Processing batch 11/12 (rows 10001-11000)
  Calculated 1000 temperatures. Range: -0.29 to 38.81
Processing batch 12/12 (rows 11001-11035)
  Calculated 35 temperatures. Range: 8.93 to 26.25
Total observations: 11035, Unique timestamps: 2207
MR parameters: mass=0.33, elev=2195.0, b0=16.50, b1=0.85, b2=-0.47, b3=0.000108
Sample tb=297.75 K, log(mass)=-1.1087, 1/(kT)=38.961789, exponent=-2.5173, rmr=0.080674
Sample tb=295.71 K, log(mass)=-1.1087, 1/(kT)=39.230671, exponent=-2.6437, rmr=0.071096
Sample tb=282.40 K, log(mass)=-1.1087, 1/(kT)=41.080478, exponent=-3.5131, rmr=0.029804
Sample tb=281.49 K, log(mass)=-1.1087, 1/(kT)=41.212745, exponent=-3.5753, rmr=0.028007
Sample tb=284.37 K, log(mass)=-1.1087, 1/(kT)=40.795397, exponent=-3.3791, rmr=0.034077
MR results: 0 NA, 0 infinite, 0 negative, 0 zero
Energy calculations: 4983 non-zero gains, 11035 non-zero losses out of 11035 observations
Saved results to output/results/A1/1952/M/eb_results_MS_1952_A1_B1.rds

Processing: Species=MS, Year=1953, Origin=A1, Climate=B1, Sex=M
Looking for climate data at: /mmfs1/gscratch/biology/jmsmith/targeted_microclimate/B1/simplified_B1_1953.rds
Directory /mmfs1/gscratch/biology/jmsmith/targeted_microclimate/B1 exists. Contents:
simplified_B1_1950.rds
simplified_B1_1951.rds
simplified_B1_1952.rds
simplified_B1_1953.rds
simplified_B1_1954.rds
simplified_B1_1955.rds
simplified_B1_1956.rds
simplified_B1_1957.rds
simplified_B1_1958.rds
simplified_B1_1959.rds
simplified_B1_2015.rds
simplified_B1_2016.rds
simplified_B1_2017.rds
simplified_B1_2018.rds
simplified_B1_2019.rds
simplified_B1_2020.rds
simplified_B1_2021.rds
simplified_B1_2022.rds
simplified_B1_2023.rds
simplified_B1_2024.rds
Processing batch 1/12 (rows 1-1000)
  Calculated 1000 temperatures. Range: -4.19 to 34.11
Processing batch 2/12 (rows 1001-2000)
  Calculated 1000 temperatures. Range: -0.72 to 46.01
Processing batch 3/12 (rows 2001-3000)
  Calculated 1000 temperatures. Range: 0.58 to 44.84
Processing batch 4/12 (rows 3001-4000)
  Calculated 1000 temperatures. Range: 1.56 to 49.30
Processing batch 5/12 (rows 4001-5000)
  Calculated 1000 temperatures. Range: 3.26 to 42.37
Processing batch 6/12 (rows 5001-6000)
  Calculated 1000 temperatures. Range: 3.37 to 37.89
Processing batch 7/12 (rows 6001-7000)
  Calculated 1000 temperatures. Range: 3.36 to 43.82
Processing batch 8/12 (rows 7001-8000)
  Calculated 1000 temperatures. Range: 2.20 to 39.71
Processing batch 9/12 (rows 8001-9000)
  Calculated 1000 temperatures. Range: 2.12 to 41.37
Processing batch 10/12 (rows 9001-10000)
  Calculated 1000 temperatures. Range: 0.61 to 38.14
Processing batch 11/12 (rows 10001-11000)
  Calculated 1000 temperatures. Range: 1.40 to 40.43
Processing batch 12/12 (rows 11001-11035)
  Calculated 35 temperatures. Range: 12.61 to 31.38
Total observations: 11035, Unique timestamps: 2207
MR parameters: mass=0.33, elev=2195.0, b0=16.50, b1=0.85, b2=-0.47, b3=0.000108
Sample tb=299.26 K, log(mass)=-1.1087, 1/(kT)=38.765461, exponent=-2.4251, rmr=0.088472
Sample tb=301.67 K, log(mass)=-1.1087, 1/(kT)=38.455756, exponent=-2.2795, rmr=0.102334
Sample tb=302.41 K, log(mass)=-1.1087, 1/(kT)=38.361641, exponent=-2.2353, rmr=0.106963
Sample tb=284.94 K, log(mass)=-1.1087, 1/(kT)=40.713267, exponent=-3.3405, rmr=0.035418
Sample tb=275.70 K, log(mass)=-1.1087, 1/(kT)=42.078515, exponent=-3.9822, rmr=0.018644
MR results: 0 NA, 0 infinite, 0 negative, 0 zero
Energy calculations: 4963 non-zero gains, 11035 non-zero losses out of 11035 observations
Saved results to output/results/A1/1953/M/eb_results_MS_1953_A1_B1.rds

Processing: Species=MS, Year=1954, Origin=A1, Climate=B1, Sex=M
Looking for climate data at: /mmfs1/gscratch/biology/jmsmith/targeted_microclimate/B1/simplified_B1_1954.rds
Directory /mmfs1/gscratch/biology/jmsmith/targeted_microclimate/B1 exists. Contents:
simplified_B1_1950.rds
simplified_B1_1951.rds
simplified_B1_1952.rds
simplified_B1_1953.rds
simplified_B1_1954.rds
simplified_B1_1955.rds
simplified_B1_1956.rds
simplified_B1_1957.rds
simplified_B1_1958.rds
simplified_B1_1959.rds
simplified_B1_2015.rds
simplified_B1_2016.rds
simplified_B1_2017.rds
simplified_B1_2018.rds
simplified_B1_2019.rds
simplified_B1_2020.rds
simplified_B1_2021.rds
simplified_B1_2022.rds
simplified_B1_2023.rds
simplified_B1_2024.rds
Processing batch 1/12 (rows 1-1000)
  Calculated 1000 temperatures. Range: -6.14 to 38.03
Processing batch 2/12 (rows 1001-2000)
  Calculated 1000 temperatures. Range: -2.12 to 35.09
Processing batch 3/12 (rows 2001-3000)
  Calculated 1000 temperatures. Range: 3.10 to 44.76
Processing batch 4/12 (rows 3001-4000)
  Calculated 1000 temperatures. Range: 2.46 to 44.36
Processing batch 5/12 (rows 4001-5000)
  Calculated 1000 temperatures. Range: 5.78 to 41.02
Processing batch 6/12 (rows 5001-6000)
  Calculated 1000 temperatures. Range: 6.28 to 45.45
Processing batch 7/12 (rows 6001-7000)
  Calculated 1000 temperatures. Range: 5.81 to 47.70
Processing batch 8/12 (rows 7001-8000)
  Calculated 1000 temperatures. Range: 3.14 to 41.14
Processing batch 9/12 (rows 8001-9000)
  Calculated 1000 temperatures. Range: 2.87 to 44.22
Processing batch 10/12 (rows 9001-10000)
  Calculated 1000 temperatures. Range: 1.06 to 42.30
Processing batch 11/12 (rows 10001-11000)
  Calculated 1000 temperatures. Range: 0.98 to 43.82
Processing batch 12/12 (rows 11001-11035)
  Calculated 35 temperatures. Range: 13.53 to 40.15
Total observations: 11035, Unique timestamps: 2207
MR parameters: mass=0.33, elev=2195.0, b0=16.50, b1=0.85, b2=-0.47, b3=0.000108
Sample tb=283.33 K, log(mass)=-1.1087, 1/(kT)=40.945397, exponent=-3.4496, rmr=0.031757
Sample tb=293.59 K, log(mass)=-1.1087, 1/(kT)=39.514090, exponent=-2.7769, rmr=0.062230
Sample tb=282.14 K, log(mass)=-1.1087, 1/(kT)=41.117705, exponent=-3.5306, rmr=0.029287
Sample tb=280.99 K, log(mass)=-1.1087, 1/(kT)=41.286050, exponent=-3.6097, rmr=0.027059
Sample tb=311.50 K, log(mass)=-1.1087, 1/(kT)=37.242039, exponent=-1.7091, rmr=0.181036
MR results: 0 NA, 0 infinite, 0 negative, 0 zero
Energy calculations: 5133 non-zero gains, 11035 non-zero losses out of 11035 observations
Saved results to output/results/A1/1954/M/eb_results_MS_1954_A1_B1.rds

Processing: Species=MS, Year=1955, Origin=A1, Climate=B1, Sex=M
Looking for climate data at: /mmfs1/gscratch/biology/jmsmith/targeted_microclimate/B1/simplified_B1_1955.rds
Directory /mmfs1/gscratch/biology/jmsmith/targeted_microclimate/B1 exists. Contents:
simplified_B1_1950.rds
simplified_B1_1951.rds
simplified_B1_1952.rds
simplified_B1_1953.rds
simplified_B1_1954.rds
simplified_B1_1955.rds
simplified_B1_1956.rds
simplified_B1_1957.rds
simplified_B1_1958.rds
simplified_B1_1959.rds
simplified_B1_2015.rds
simplified_B1_2016.rds
simplified_B1_2017.rds
simplified_B1_2018.rds
simplified_B1_2019.rds
simplified_B1_2020.rds
simplified_B1_2021.rds
simplified_B1_2022.rds
simplified_B1_2023.rds
simplified_B1_2024.rds
Processing batch 1/12 (rows 1-1000)
  Calculated 1000 temperatures. Range: -4.98 to 34.21
Processing batch 2/12 (rows 1001-2000)
  Calculated 1000 temperatures. Range: -4.29 to 38.49
Processing batch 3/12 (rows 2001-3000)
  Calculated 1000 temperatures. Range: -0.42 to 40.46
Processing batch 4/12 (rows 3001-4000)
  Calculated 1000 temperatures. Range: -0.71 to 43.57
Processing batch 5/12 (rows 4001-5000)
  Calculated 1000 temperatures. Range: 1.13 to 41.41
Processing batch 6/12 (rows 5001-6000)
  Calculated 1000 temperatures. Range: 2.23 to 44.54
Processing batch 7/12 (rows 6001-7000)
  Calculated 1000 temperatures. Range: 4.78 to 40.58
Processing batch 8/12 (rows 7001-8000)
  Calculated 1000 temperatures. Range: 4.40 to 40.74
Processing batch 9/12 (rows 8001-9000)
  Calculated 1000 temperatures. Range: 4.22 to 40.05
Processing batch 10/12 (rows 9001-10000)
  Calculated 1000 temperatures. Range: 3.54 to 39.05
Processing batch 11/12 (rows 10001-11000)
  Calculated 1000 temperatures. Range: 1.02 to 41.41
Processing batch 12/12 (rows 11001-11035)
  Calculated 35 temperatures. Range: 11.37 to 38.19
Total observations: 11035, Unique timestamps: 2207
MR parameters: mass=0.33, elev=2195.0, b0=16.50, b1=0.85, b2=-0.47, b3=0.000108
Sample tb=282.29 K, log(mass)=-1.1087, 1/(kT)=41.095431, exponent=-3.5202, rmr=0.029595
Sample tb=288.50 K, log(mass)=-1.1087, 1/(kT)=40.211721, exponent=-3.1048, rmr=0.044833
Sample tb=295.02 K, log(mass)=-1.1087, 1/(kT)=39.322304, exponent=-2.6868, rmr=0.068099
Sample tb=284.00 K, log(mass)=-1.1087, 1/(kT)=40.848940, exponent=-3.4043, rmr=0.033230
Sample tb=297.81 K, log(mass)=-1.1087, 1/(kT)=38.954130, exponent=-2.5137, rmr=0.080965
MR results: 0 NA, 0 infinite, 0 negative, 0 zero
Energy calculations: 4866 non-zero gains, 11035 non-zero losses out of 11035 observations
Saved results to output/results/A1/1955/M/eb_results_MS_1955_A1_B1.rds

Processing: Species=MS, Year=1956, Origin=A1, Climate=B1, Sex=M
Looking for climate data at: /mmfs1/gscratch/biology/jmsmith/targeted_microclimate/B1/simplified_B1_1956.rds
Directory /mmfs1/gscratch/biology/jmsmith/targeted_microclimate/B1 exists. Contents:
simplified_B1_1950.rds
simplified_B1_1951.rds
simplified_B1_1952.rds
simplified_B1_1953.rds
simplified_B1_1954.rds
simplified_B1_1955.rds
simplified_B1_1956.rds
simplified_B1_1957.rds
simplified_B1_1958.rds
simplified_B1_1959.rds
simplified_B1_2015.rds
simplified_B1_2016.rds
simplified_B1_2017.rds
simplified_B1_2018.rds
simplified_B1_2019.rds
simplified_B1_2020.rds
simplified_B1_2021.rds
simplified_B1_2022.rds
simplified_B1_2023.rds
simplified_B1_2024.rds
Processing batch 1/12 (rows 1-1000)
  Calculated 1000 temperatures. Range: -0.13 to 49.18
Processing batch 2/12 (rows 1001-2000)
  Calculated 1000 temperatures. Range: 0.36 to 44.69
Processing batch 3/12 (rows 2001-3000)
  Calculated 1000 temperatures. Range: 0.57 to 40.36
Processing batch 4/12 (rows 3001-4000)
  Calculated 1000 temperatures. Range: 2.63 to 42.70
Processing batch 5/12 (rows 4001-5000)
  Calculated 1000 temperatures. Range: 1.96 to 43.27
Processing batch 6/12 (rows 5001-6000)
  Calculated 1000 temperatures. Range: 2.71 to 46.05
Processing batch 7/12 (rows 6001-7000)
  Calculated 1000 temperatures. Range: 3.01 to 41.26
Processing batch 8/12 (rows 7001-8000)
  Calculated 1000 temperatures. Range: 1.68 to 38.04
Processing batch 9/12 (rows 8001-9000)
  Calculated 1000 temperatures. Range: 1.80 to 41.77
Processing batch 10/12 (rows 9001-10000)
  Calculated 1000 temperatures. Range: 0.89 to 42.89
Processing batch 11/12 (rows 10001-11000)
  Calculated 1000 temperatures. Range: -3.11 to 40.85
Processing batch 12/12 (rows 11001-11035)
  Calculated 35 temperatures. Range: 4.95 to 29.58
Total observations: 11035, Unique timestamps: 2207
MR parameters: mass=0.33, elev=2195.0, b0=16.50, b1=0.85, b2=-0.47, b3=0.000108
Sample tb=280.15 K, log(mass)=-1.1087, 1/(kT)=41.410203, exponent=-3.6681, rmr=0.025525
Sample tb=303.24 K, log(mass)=-1.1087, 1/(kT)=38.256000, exponent=-2.1856, rmr=0.112408
Sample tb=281.29 K, log(mass)=-1.1087, 1/(kT)=41.242558, exponent=-3.5893, rmr=0.027618
Sample tb=276.59 K, log(mass)=-1.1087, 1/(kT)=41.942955, exponent=-3.9185, rmr=0.019871
Sample tb=285.07 K, log(mass)=-1.1087, 1/(kT)=40.695165, exponent=-3.3320, rmr=0.035720
MR results: 0 NA, 0 infinite, 0 negative, 0 zero
Energy calculations: 4793 non-zero gains, 11035 non-zero losses out of 11035 observations
Saved results to output/results/A1/1956/M/eb_results_MS_1956_A1_B1.rds

Processing: Species=MS, Year=1957, Origin=A1, Climate=B1, Sex=M
Looking for climate data at: /mmfs1/gscratch/biology/jmsmith/targeted_microclimate/B1/simplified_B1_1957.rds
Directory /mmfs1/gscratch/biology/jmsmith/targeted_microclimate/B1 exists. Contents:
simplified_B1_1950.rds
simplified_B1_1951.rds
simplified_B1_1952.rds
simplified_B1_1953.rds
simplified_B1_1954.rds
simplified_B1_1955.rds
simplified_B1_1956.rds
simplified_B1_1957.rds
simplified_B1_1958.rds
simplified_B1_1959.rds
simplified_B1_2015.rds
simplified_B1_2016.rds
simplified_B1_2017.rds
simplified_B1_2018.rds
simplified_B1_2019.rds
simplified_B1_2020.rds
simplified_B1_2021.rds
simplified_B1_2022.rds
simplified_B1_2023.rds
simplified_B1_2024.rds
Processing batch 1/12 (rows 1-1000)
  Calculated 1000 temperatures. Range: -1.36 to 42.70
Processing batch 2/12 (rows 1001-2000)
  Calculated 1000 temperatures. Range: -2.30 to 42.32
Processing batch 3/12 (rows 2001-3000)
  Calculated 1000 temperatures. Range: -4.88 to 36.69
Processing batch 4/12 (rows 3001-4000)
  Calculated 1000 temperatures. Range: 2.58 to 39.19
Processing batch 5/12 (rows 4001-5000)
  Calculated 1000 temperatures. Range: 1.36 to 46.15
Processing batch 6/12 (rows 5001-6000)
  Calculated 1000 temperatures. Range: 5.04 to 44.20
Processing batch 7/12 (rows 6001-7000)
  Calculated 1000 temperatures. Range: 4.12 to 39.39
Processing batch 8/12 (rows 7001-8000)
  Calculated 1000 temperatures. Range: 5.71 to 45.79
Processing batch 9/12 (rows 8001-9000)
  Calculated 1000 temperatures. Range: 3.97 to 41.30
Processing batch 10/12 (rows 9001-10000)
  Calculated 1000 temperatures. Range: 3.31 to 39.06
Processing batch 11/12 (rows 10001-11000)
  Calculated 1000 temperatures. Range: 2.61 to 43.51
Processing batch 12/12 (rows 11001-11035)
  Calculated 35 temperatures. Range: 9.65 to 32.88
Total observations: 11035, Unique timestamps: 2207
MR parameters: mass=0.33, elev=2195.0, b0=16.50, b1=0.85, b2=-0.47, b3=0.000108
Sample tb=280.06 K, log(mass)=-1.1087, 1/(kT)=41.423402, exponent=-3.6743, rmr=0.025367
Sample tb=307.90 K, log(mass)=-1.1087, 1/(kT)=37.677715, exponent=-1.9138, rmr=0.147514
Sample tb=280.64 K, log(mass)=-1.1087, 1/(kT)=41.337031, exponent=-3.6337, rmr=0.026418
Sample tb=282.12 K, log(mass)=-1.1087, 1/(kT)=41.120956, exponent=-3.5322, rmr=0.029242
Sample tb=290.19 K, log(mass)=-1.1087, 1/(kT)=39.976438, exponent=-2.9942, rmr=0.050075
MR results: 0 NA, 0 infinite, 0 negative, 0 zero
Energy calculations: 4725 non-zero gains, 11035 non-zero losses out of 11035 observations
Saved results to output/results/A1/1957/M/eb_results_MS_1957_A1_B1.rds

Processing: Species=MS, Year=1958, Origin=A1, Climate=B1, Sex=M
Looking for climate data at: /mmfs1/gscratch/biology/jmsmith/targeted_microclimate/B1/simplified_B1_1958.rds
Directory /mmfs1/gscratch/biology/jmsmith/targeted_microclimate/B1 exists. Contents:
simplified_B1_1950.rds
simplified_B1_1951.rds
simplified_B1_1952.rds
simplified_B1_1953.rds
simplified_B1_1954.rds
simplified_B1_1955.rds
simplified_B1_1956.rds
simplified_B1_1957.rds
simplified_B1_1958.rds
simplified_B1_1959.rds
simplified_B1_2015.rds
simplified_B1_2016.rds
simplified_B1_2017.rds
simplified_B1_2018.rds
simplified_B1_2019.rds
simplified_B1_2020.rds
simplified_B1_2021.rds
simplified_B1_2022.rds
simplified_B1_2023.rds
simplified_B1_2024.rds
Processing batch 1/12 (rows 1-1000)
  Calculated 1000 temperatures. Range: 0.04 to 40.40
Processing batch 2/12 (rows 1001-2000)
  Calculated 1000 temperatures. Range: -0.71 to 36.70
Processing batch 3/12 (rows 2001-3000)
  Calculated 1000 temperatures. Range: 1.65 to 39.10
Processing batch 4/12 (rows 3001-4000)
  Calculated 1000 temperatures. Range: 0.72 to 41.31
Processing batch 5/12 (rows 4001-5000)
  Calculated 1000 temperatures. Range: 1.32 to 43.72
Processing batch 6/12 (rows 5001-6000)
  Calculated 1000 temperatures. Range: 1.89 to 40.71
Processing batch 7/12 (rows 6001-7000)
  Calculated 1000 temperatures. Range: 2.02 to 42.01
Processing batch 8/12 (rows 7001-8000)
  Calculated 1000 temperatures. Range: 2.94 to 43.58
Processing batch 9/12 (rows 8001-9000)
  Calculated 1000 temperatures. Range: 3.74 to 42.25
Processing batch 10/12 (rows 9001-10000)
  Calculated 1000 temperatures. Range: 4.59 to 43.10
Processing batch 11/12 (rows 10001-11000)
  Calculated 1000 temperatures. Range: 1.78 to 35.17
Processing batch 12/12 (rows 11001-11035)
  Calculated 35 temperatures. Range: 11.31 to 36.19
Total observations: 11035, Unique timestamps: 2207
MR parameters: mass=0.33, elev=2195.0, b0=16.50, b1=0.85, b2=-0.47, b3=0.000108
Sample tb=295.25 K, log(mass)=-1.1087, 1/(kT)=39.291812, exponent=-2.6725, rmr=0.069082
Sample tb=276.60 K, log(mass)=-1.1087, 1/(kT)=41.941091, exponent=-3.9176, rmr=0.019888
Sample tb=279.27 K, log(mass)=-1.1087, 1/(kT)=41.540627, exponent=-3.7294, rmr=0.024007
Sample tb=277.31 K, log(mass)=-1.1087, 1/(kT)=41.834398, exponent=-3.8675, rmr=0.020911
Sample tb=292.98 K, log(mass)=-1.1087, 1/(kT)=39.595891, exponent=-2.8154, rmr=0.059882
MR results: 0 NA, 0 infinite, 0 negative, 0 zero
Energy calculations: 4798 non-zero gains, 11035 non-zero losses out of 11035 observations
Saved results to output/results/A1/1958/M/eb_results_MS_1958_A1_B1.rds

Processing: Species=MS, Year=1959, Origin=A1, Climate=B1, Sex=M
Looking for climate data at: /mmfs1/gscratch/biology/jmsmith/targeted_microclimate/B1/simplified_B1_1959.rds
Directory /mmfs1/gscratch/biology/jmsmith/targeted_microclimate/B1 exists. Contents:
simplified_B1_1950.rds
simplified_B1_1951.rds
simplified_B1_1952.rds
simplified_B1_1953.rds
simplified_B1_1954.rds
simplified_B1_1955.rds
simplified_B1_1956.rds
simplified_B1_1957.rds
simplified_B1_1958.rds
simplified_B1_1959.rds
simplified_B1_2015.rds
simplified_B1_2016.rds
simplified_B1_2017.rds
simplified_B1_2018.rds
simplified_B1_2019.rds
simplified_B1_2020.rds
simplified_B1_2021.rds
simplified_B1_2022.rds
simplified_B1_2023.rds
simplified_B1_2024.rds
Processing batch 1/12 (rows 1-1000)
  Calculated 1000 temperatures. Range: -5.77 to 43.82
Processing batch 2/12 (rows 1001-2000)
  Calculated 1000 temperatures. Range: 1.60 to 43.22
Processing batch 3/12 (rows 2001-3000)
  Calculated 1000 temperatures. Range: 3.35 to 43.32
Processing batch 4/12 (rows 3001-4000)
  Calculated 1000 temperatures. Range: -0.11 to 38.83
Processing batch 5/12 (rows 4001-5000)
  Calculated 1000 temperatures. Range: 0.18 to 40.59
Processing batch 6/12 (rows 5001-6000)
  Calculated 1000 temperatures. Range: 3.38 to 48.35
Processing batch 7/12 (rows 6001-7000)
  Calculated 1000 temperatures. Range: 3.23 to 44.78
Processing batch 8/12 (rows 7001-8000)
  Calculated 1000 temperatures. Range: 4.43 to 38.13
Processing batch 9/12 (rows 8001-9000)
  Calculated 1000 temperatures. Range: 3.70 to 46.59
Processing batch 10/12 (rows 9001-10000)
  Calculated 1000 temperatures. Range: 3.25 to 42.67
Processing batch 11/12 (rows 10001-11000)
  Calculated 1000 temperatures. Range: 1.97 to 38.48
Processing batch 12/12 (rows 11001-11035)
  Calculated 35 temperatures. Range: 11.70 to 32.12
Total observations: 11035, Unique timestamps: 2207
MR parameters: mass=0.33, elev=2195.0, b0=16.50, b1=0.85, b2=-0.47, b3=0.000108
Sample tb=296.03 K, log(mass)=-1.1087, 1/(kT)=39.188875, exponent=-2.6241, rmr=0.072507
Sample tb=281.55 K, log(mass)=-1.1087, 1/(kT)=41.203925, exponent=-3.5711, rmr=0.028124
Sample tb=304.05 K, log(mass)=-1.1087, 1/(kT)=38.154896, exponent=-2.1381, rmr=0.117878
Sample tb=278.32 K, log(mass)=-1.1087, 1/(kT)=41.681966, exponent=-3.7958, rmr=0.022464
Sample tb=301.43 K, log(mass)=-1.1087, 1/(kT)=38.486835, exponent=-2.2941, rmr=0.100851
MR results: 0 NA, 0 infinite, 0 negative, 0 zero
Energy calculations: 4927 non-zero gains, 11035 non-zero losses out of 11035 observations
Saved results to output/results/A1/1959/M/eb_results_MS_1959_A1_B1.rds

All years processed.
