Arguments received:
Species: MS
Years: 1950, 1951, 1952, 1953, 1954, 1955, 1956, 1957, 1958, 1959
Origin site: Eldo
Climate site: Eldo
Sex: M
Output directory: output/results/Eldo
Library paths:
[1] "/gscratch/biology/jmsmith/R"                          
[2] "/mmfs1/home/smithju/R/x86_64-pc-linux-gnu-library/4.4"
[3] "/usr/local/lib/R/site-library"                        
[4] "/usr/local/lib/R/library"                             
Package tidyverse loaded successfully
Package TrenchR loaded successfully
Package rTPC loaded successfully
Package lubridate loaded successfully

Processing: Species=MS, Year=1950, Origin=Eldo, Climate=Eldo, Sex=M
Looking for climate data at: /mmfs1/gscratch/biology/jmsmith/targeted_microclimate/Eldo/simplified_Eldo_1950.rds
Directory /mmfs1/gscratch/biology/jmsmith/targeted_microclimate/Eldo exists. Contents:
simplified_Eldo_1950.rds
simplified_Eldo_1951.rds
simplified_Eldo_1952.rds
simplified_Eldo_1953.rds
simplified_Eldo_1954.rds
simplified_Eldo_1955.rds
simplified_Eldo_1956.rds
simplified_Eldo_1957.rds
simplified_Eldo_1958.rds
simplified_Eldo_1959.rds
simplified_Eldo_2015.rds
simplified_Eldo_2016.rds
simplified_Eldo_2017.rds
simplified_Eldo_2018.rds
simplified_Eldo_2019.rds
simplified_Eldo_2020.rds
simplified_Eldo_2021.rds
simplified_Eldo_2022.rds
simplified_Eldo_2023.rds
simplified_Eldo_2024.rds
Processing batch 1/12 (rows 1-1000)
  Calculated 1000 temperatures. Range: -10.84 to 46.19
Processing batch 2/12 (rows 1001-2000)
  Calculated 1000 temperatures. Range: -5.60 to 52.42
Processing batch 3/12 (rows 2001-3000)
  Calculated 1000 temperatures. Range: 2.13 to 49.75
Processing batch 4/12 (rows 3001-4000)
  Calculated 1000 temperatures. Range: 2.13 to 53.19
Processing batch 5/12 (rows 4001-5000)
  Calculated 1000 temperatures. Range: 4.59 to 47.05
Processing batch 6/12 (rows 5001-6000)
  Calculated 1000 temperatures. Range: 3.63 to 48.37
Processing batch 7/12 (rows 6001-7000)
  Calculated 1000 temperatures. Range: 3.71 to 42.08
Processing batch 8/12 (rows 7001-8000)
  Calculated 1000 temperatures. Range: 3.85 to 51.38
Processing batch 9/12 (rows 8001-9000)
  Calculated 1000 temperatures. Range: 3.82 to 53.83
Processing batch 10/12 (rows 9001-10000)
  Calculated 1000 temperatures. Range: 2.98 to 42.60
Processing batch 11/12 (rows 10001-11000)
  Calculated 1000 temperatures. Range: 0.86 to 46.37
Processing batch 12/12 (rows 11001-11035)
  Calculated 35 temperatures. Range: 14.27 to 39.08
Total observations: 11035, Unique timestamps: 2207
MR parameters: mass=0.31, elev=1740.0, b0=16.50, b1=0.85, b2=-0.47, b3=0.000108
Sample tb=282.02 K, log(mass)=-1.1712, 1/(kT)=41.135021, exponent=-3.6410, rmr=0.026225
Sample tb=287.46 K, log(mass)=-1.1712, 1/(kT)=40.356241, exponent=-3.2750, rmr=0.037816
Sample tb=280.51 K, log(mass)=-1.1712, 1/(kT)=41.355907, exponent=-3.7449, rmr=0.023639
Sample tb=304.32 K, log(mass)=-1.1712, 1/(kT)=38.121267, exponent=-2.2246, rmr=0.108113
Sample tb=282.24 K, log(mass)=-1.1712, 1/(kT)=41.102849, exponent=-3.6259, rmr=0.026624
MR results: 0 NA, 0 infinite, 0 negative, 0 zero
Energy calculations: 5142 non-zero gains, 11035 non-zero losses out of 11035 observations
Saved results to output/results/Eldo/1950/M/eb_results_MS_1950_Eldo_Eldo.rds

Processing: Species=MS, Year=1951, Origin=Eldo, Climate=Eldo, Sex=M
Looking for climate data at: /mmfs1/gscratch/biology/jmsmith/targeted_microclimate/Eldo/simplified_Eldo_1951.rds
Directory /mmfs1/gscratch/biology/jmsmith/targeted_microclimate/Eldo exists. Contents:
simplified_Eldo_1950.rds
simplified_Eldo_1951.rds
simplified_Eldo_1952.rds
simplified_Eldo_1953.rds
simplified_Eldo_1954.rds
simplified_Eldo_1955.rds
simplified_Eldo_1956.rds
simplified_Eldo_1957.rds
simplified_Eldo_1958.rds
simplified_Eldo_1959.rds
simplified_Eldo_2015.rds
simplified_Eldo_2016.rds
simplified_Eldo_2017.rds
simplified_Eldo_2018.rds
simplified_Eldo_2019.rds
simplified_Eldo_2020.rds
simplified_Eldo_2021.rds
simplified_Eldo_2022.rds
simplified_Eldo_2023.rds
simplified_Eldo_2024.rds
Processing batch 1/12 (rows 1-1000)
  Calculated 1000 temperatures. Range: -7.91 to 19.88
Processing batch 2/12 (rows 1001-2000)
  Calculated 1000 temperatures. Range: -5.00 to 55.19
Processing batch 3/12 (rows 2001-3000)
  Calculated 1000 temperatures. Range: 0.99 to 53.56
Processing batch 4/12 (rows 3001-4000)
  Calculated 1000 temperatures. Range: 2.11 to 53.24
Processing batch 5/12 (rows 4001-5000)
  Calculated 1000 temperatures. Range: 3.24 to 57.37
Processing batch 6/12 (rows 5001-6000)
  Calculated 1000 temperatures. Range: 5.39 to 59.29
Processing batch 7/12 (rows 6001-7000)
  Calculated 1000 temperatures. Range: 4.71 to 41.42
Processing batch 8/12 (rows 7001-8000)
  Calculated 1000 temperatures. Range: 8.16 to 47.71
Processing batch 9/12 (rows 8001-9000)
  Calculated 1000 temperatures. Range: 4.29 to 55.49
Processing batch 10/12 (rows 9001-10000)
  Calculated 1000 temperatures. Range: 3.36 to 52.31
Processing batch 11/12 (rows 10001-11000)
  Calculated 1000 temperatures. Range: 3.64 to 48.01
Processing batch 12/12 (rows 11001-11035)
  Calculated 35 temperatures. Range: 12.61 to 34.84
Total observations: 11035, Unique timestamps: 2207
MR parameters: mass=0.31, elev=1740.0, b0=16.50, b1=0.85, b2=-0.47, b3=0.000108
Sample tb=285.76 K, log(mass)=-1.1712, 1/(kT)=40.597072, exponent=-3.3882, rmr=0.033769
Sample tb=299.14 K, log(mass)=-1.1712, 1/(kT)=38.781150, exponent=-2.5347, rmr=0.079283
Sample tb=271.06 K, log(mass)=-1.1712, 1/(kT)=42.798096, exponent=-4.4227, rmr=0.012002
Sample tb=286.03 K, log(mass)=-1.1712, 1/(kT)=40.558702, exponent=-3.3702, rmr=0.034384
Sample tb=284.08 K, log(mass)=-1.1712, 1/(kT)=40.836980, exponent=-3.5010, rmr=0.030168
MR results: 0 NA, 0 infinite, 0 negative, 0 zero
Energy calculations: 4991 non-zero gains, 11035 non-zero losses out of 11035 observations
Saved results to output/results/Eldo/1951/M/eb_results_MS_1951_Eldo_Eldo.rds

Processing: Species=MS, Year=1952, Origin=Eldo, Climate=Eldo, Sex=M
Looking for climate data at: /mmfs1/gscratch/biology/jmsmith/targeted_microclimate/Eldo/simplified_Eldo_1952.rds
Directory /mmfs1/gscratch/biology/jmsmith/targeted_microclimate/Eldo exists. Contents:
simplified_Eldo_1950.rds
simplified_Eldo_1951.rds
simplified_Eldo_1952.rds
simplified_Eldo_1953.rds
simplified_Eldo_1954.rds
simplified_Eldo_1955.rds
simplified_Eldo_1956.rds
simplified_Eldo_1957.rds
simplified_Eldo_1958.rds
simplified_Eldo_1959.rds
simplified_Eldo_2015.rds
simplified_Eldo_2016.rds
simplified_Eldo_2017.rds
simplified_Eldo_2018.rds
simplified_Eldo_2019.rds
simplified_Eldo_2020.rds
simplified_Eldo_2021.rds
simplified_Eldo_2022.rds
simplified_Eldo_2023.rds
simplified_Eldo_2024.rds
Processing batch 1/12 (rows 1-1000)
  Calculated 1000 temperatures. Range: 2.08 to 56.22
Processing batch 2/12 (rows 1001-2000)
  Calculated 1000 temperatures. Range: -1.55 to 60.00
Processing batch 3/12 (rows 2001-3000)
  Calculated 1000 temperatures. Range: 2.62 to 60.00
Processing batch 4/12 (rows 3001-4000)
  Calculated 1000 temperatures. Range: 3.89 to 47.03
Processing batch 5/12 (rows 4001-5000)
  Calculated 1000 temperatures. Range: 2.30 to 53.15
Processing batch 6/12 (rows 5001-6000)
  Calculated 1000 temperatures. Range: 4.41 to 54.95
Processing batch 7/12 (rows 6001-7000)
  Calculated 1000 temperatures. Range: 5.26 to 54.28
Processing batch 8/12 (rows 7001-8000)
  Calculated 1000 temperatures. Range: 6.32 to 52.78
Processing batch 9/12 (rows 8001-9000)
  Calculated 1000 temperatures. Range: 5.47 to 51.26
Processing batch 10/12 (rows 9001-10000)
  Calculated 1000 temperatures. Range: 5.48 to 50.31
Processing batch 11/12 (rows 10001-11000)
  Calculated 1000 temperatures. Range: 1.47 to 55.28
Processing batch 12/12 (rows 11001-11035)
  Calculated 35 temperatures. Range: 11.37 to 42.71
Total observations: 11035, Unique timestamps: 2207
MR parameters: mass=0.31, elev=1740.0, b0=16.50, b1=0.85, b2=-0.47, b3=0.000108
Sample tb=286.49 K, log(mass)=-1.1712, 1/(kT)=40.493185, exponent=-3.3394, rmr=0.035459
Sample tb=282.45 K, log(mass)=-1.1712, 1/(kT)=41.072405, exponent=-3.6116, rmr=0.027008
Sample tb=281.77 K, log(mass)=-1.1712, 1/(kT)=41.171789, exponent=-3.6583, rmr=0.025776
Sample tb=302.94 K, log(mass)=-1.1712, 1/(kT)=38.294132, exponent=-2.3058, rmr=0.099676
Sample tb=279.28 K, log(mass)=-1.1712, 1/(kT)=41.537991, exponent=-3.8304, rmr=0.021700
MR results: 0 NA, 0 infinite, 0 negative, 0 zero
Energy calculations: 5884 non-zero gains, 11035 non-zero losses out of 11035 observations
Saved results to output/results/Eldo/1952/M/eb_results_MS_1952_Eldo_Eldo.rds

Processing: Species=MS, Year=1953, Origin=Eldo, Climate=Eldo, Sex=M
Looking for climate data at: /mmfs1/gscratch/biology/jmsmith/targeted_microclimate/Eldo/simplified_Eldo_1953.rds
Directory /mmfs1/gscratch/biology/jmsmith/targeted_microclimate/Eldo exists. Contents:
simplified_Eldo_1950.rds
simplified_Eldo_1951.rds
simplified_Eldo_1952.rds
simplified_Eldo_1953.rds
simplified_Eldo_1954.rds
simplified_Eldo_1955.rds
simplified_Eldo_1956.rds
simplified_Eldo_1957.rds
simplified_Eldo_1958.rds
simplified_Eldo_1959.rds
simplified_Eldo_2015.rds
simplified_Eldo_2016.rds
simplified_Eldo_2017.rds
simplified_Eldo_2018.rds
simplified_Eldo_2019.rds
simplified_Eldo_2020.rds
simplified_Eldo_2021.rds
simplified_Eldo_2022.rds
simplified_Eldo_2023.rds
simplified_Eldo_2024.rds
Processing batch 1/12 (rows 1-1000)
  Calculated 1000 temperatures. Range: -2.93 to 45.39
Processing batch 2/12 (rows 1001-2000)
  Calculated 1000 temperatures. Range: 0.75 to 56.10
Processing batch 3/12 (rows 2001-3000)
  Calculated 1000 temperatures. Range: 2.65 to 52.30
Processing batch 4/12 (rows 3001-4000)
  Calculated 1000 temperatures. Range: 3.05 to 52.19
Processing batch 5/12 (rows 4001-5000)
  Calculated 1000 temperatures. Range: 4.12 to 43.16
Processing batch 6/12 (rows 5001-6000)
  Calculated 1000 temperatures. Range: 4.66 to 46.71
Processing batch 7/12 (rows 6001-7000)
  Calculated 1000 temperatures. Range: 4.40 to 56.84
Processing batch 8/12 (rows 7001-8000)
  Calculated 1000 temperatures. Range: 4.08 to 53.13
Processing batch 9/12 (rows 8001-9000)
  Calculated 1000 temperatures. Range: 3.64 to 51.37
Processing batch 10/12 (rows 9001-10000)
  Calculated 1000 temperatures. Range: 2.66 to 41.66
Processing batch 11/12 (rows 10001-11000)
  Calculated 1000 temperatures. Range: 3.00 to 48.27
Processing batch 12/12 (rows 11001-11035)
  Calculated 35 temperatures. Range: 14.78 to 34.27
Total observations: 11035, Unique timestamps: 2207
MR parameters: mass=0.31, elev=1740.0, b0=16.50, b1=0.85, b2=-0.47, b3=0.000108
Sample tb=288.01 K, log(mass)=-1.1712, 1/(kT)=40.279524, exponent=-3.2390, rmr=0.039205
Sample tb=309.69 K, log(mass)=-1.1712, 1/(kT)=37.459771, exponent=-1.9137, rmr=0.147537
Sample tb=313.67 K, log(mass)=-1.1712, 1/(kT)=36.984020, exponent=-1.6901, rmr=0.184506
Sample tb=284.86 K, log(mass)=-1.1712, 1/(kT)=40.724459, exponent=-3.4481, rmr=0.031807
Sample tb=278.37 K, log(mass)=-1.1712, 1/(kT)=41.674409, exponent=-3.8946, rmr=0.020352
MR results: 0 NA, 0 infinite, 0 negative, 0 zero
Energy calculations: 5871 non-zero gains, 11035 non-zero losses out of 11035 observations
Saved results to output/results/Eldo/1953/M/eb_results_MS_1953_Eldo_Eldo.rds

Processing: Species=MS, Year=1954, Origin=Eldo, Climate=Eldo, Sex=M
Looking for climate data at: /mmfs1/gscratch/biology/jmsmith/targeted_microclimate/Eldo/simplified_Eldo_1954.rds
Directory /mmfs1/gscratch/biology/jmsmith/targeted_microclimate/Eldo exists. Contents:
simplified_Eldo_1950.rds
simplified_Eldo_1951.rds
simplified_Eldo_1952.rds
simplified_Eldo_1953.rds
simplified_Eldo_1954.rds
simplified_Eldo_1955.rds
simplified_Eldo_1956.rds
simplified_Eldo_1957.rds
simplified_Eldo_1958.rds
simplified_Eldo_1959.rds
simplified_Eldo_2015.rds
simplified_Eldo_2016.rds
simplified_Eldo_2017.rds
simplified_Eldo_2018.rds
simplified_Eldo_2019.rds
simplified_Eldo_2020.rds
simplified_Eldo_2021.rds
simplified_Eldo_2022.rds
simplified_Eldo_2023.rds
simplified_Eldo_2024.rds
Processing batch 1/12 (rows 1-1000)
  Calculated 1000 temperatures. Range: -4.16 to 39.99
Processing batch 2/12 (rows 1001-2000)
  Calculated 1000 temperatures. Range: -0.20 to 50.32
Processing batch 3/12 (rows 2001-3000)
  Calculated 1000 temperatures. Range: 5.06 to 50.02
Processing batch 4/12 (rows 3001-4000)
  Calculated 1000 temperatures. Range: 4.97 to 52.93
Processing batch 5/12 (rows 4001-5000)
  Calculated 1000 temperatures. Range: 7.53 to 56.61
Processing batch 6/12 (rows 5001-6000)
  Calculated 1000 temperatures. Range: 8.61 to 45.26
Processing batch 7/12 (rows 6001-7000)
  Calculated 1000 temperatures. Range: 7.58 to 44.12
Processing batch 8/12 (rows 7001-8000)
  Calculated 1000 temperatures. Range: 4.55 to 51.24
Processing batch 9/12 (rows 8001-9000)
  Calculated 1000 temperatures. Range: 4.90 to 48.83
Processing batch 10/12 (rows 9001-10000)
  Calculated 1000 temperatures. Range: 2.83 to 45.24
Processing batch 11/12 (rows 10001-11000)
  Calculated 1000 temperatures. Range: 2.67 to 50.33
Processing batch 12/12 (rows 11001-11035)
  Calculated 35 temperatures. Range: 15.63 to 39.88
Total observations: 11035, Unique timestamps: 2207
MR parameters: mass=0.31, elev=1740.0, b0=16.50, b1=0.85, b2=-0.47, b3=0.000108
Sample tb=277.35 K, log(mass)=-1.1712, 1/(kT)=41.827232, exponent=-3.9664, rmr=0.018942
Sample tb=282.70 K, log(mass)=-1.1712, 1/(kT)=41.035757, exponent=-3.5944, rmr=0.027477
Sample tb=293.00 K, log(mass)=-1.1712, 1/(kT)=39.592969, exponent=-2.9163, rmr=0.054135
Sample tb=282.08 K, log(mass)=-1.1712, 1/(kT)=41.126620, exponent=-3.6371, rmr=0.026329
Sample tb=280.91 K, log(mass)=-1.1712, 1/(kT)=41.297389, exponent=-3.7174, rmr=0.024298
MR results: 0 NA, 0 infinite, 0 negative, 0 zero
Energy calculations: 6221 non-zero gains, 11035 non-zero losses out of 11035 observations
Saved results to output/results/Eldo/1954/M/eb_results_MS_1954_Eldo_Eldo.rds

Processing: Species=MS, Year=1955, Origin=Eldo, Climate=Eldo, Sex=M
Looking for climate data at: /mmfs1/gscratch/biology/jmsmith/targeted_microclimate/Eldo/simplified_Eldo_1955.rds
Directory /mmfs1/gscratch/biology/jmsmith/targeted_microclimate/Eldo exists. Contents:
simplified_Eldo_1950.rds
simplified_Eldo_1951.rds
simplified_Eldo_1952.rds
simplified_Eldo_1953.rds
simplified_Eldo_1954.rds
simplified_Eldo_1955.rds
simplified_Eldo_1956.rds
simplified_Eldo_1957.rds
simplified_Eldo_1958.rds
simplified_Eldo_1959.rds
simplified_Eldo_2015.rds
simplified_Eldo_2016.rds
simplified_Eldo_2017.rds
simplified_Eldo_2018.rds
simplified_Eldo_2019.rds
simplified_Eldo_2020.rds
simplified_Eldo_2021.rds
simplified_Eldo_2022.rds
simplified_Eldo_2023.rds
simplified_Eldo_2024.rds
Processing batch 1/12 (rows 1-1000)
  Calculated 1000 temperatures. Range: -5.18 to 47.22
Processing batch 2/12 (rows 1001-2000)
  Calculated 1000 temperatures. Range: 0.22 to 52.15
Processing batch 3/12 (rows 2001-3000)
  Calculated 1000 temperatures. Range: 1.65 to 52.78
Processing batch 4/12 (rows 3001-4000)
  Calculated 1000 temperatures. Range: 1.24 to 50.42
Processing batch 5/12 (rows 4001-5000)
  Calculated 1000 temperatures. Range: 2.62 to 52.21
Processing batch 6/12 (rows 5001-6000)
  Calculated 1000 temperatures. Range: 2.99 to 53.63
Processing batch 7/12 (rows 6001-7000)
  Calculated 1000 temperatures. Range: 6.88 to 47.02
Processing batch 8/12 (rows 7001-8000)
  Calculated 1000 temperatures. Range: 6.91 to 55.28
Processing batch 9/12 (rows 8001-9000)
  Calculated 1000 temperatures. Range: 5.86 to 45.66
Processing batch 10/12 (rows 9001-10000)
  Calculated 1000 temperatures. Range: 4.95 to 40.85
Processing batch 11/12 (rows 10001-11000)
  Calculated 1000 temperatures. Range: 1.64 to 53.33
Processing batch 12/12 (rows 11001-11035)
  Calculated 35 temperatures. Range: 13.97 to 38.14
Total observations: 11035, Unique timestamps: 2207
MR parameters: mass=0.31, elev=1740.0, b0=16.50, b1=0.85, b2=-0.47, b3=0.000108
Sample tb=307.95 K, log(mass)=-1.1712, 1/(kT)=37.671284, exponent=-2.0131, rmr=0.133575
Sample tb=291.67 K, log(mass)=-1.1712, 1/(kT)=39.773505, exponent=-3.0011, rmr=0.049731
Sample tb=288.46 K, log(mass)=-1.1712, 1/(kT)=40.216404, exponent=-3.2093, rmr=0.040385
Sample tb=278.45 K, log(mass)=-1.1712, 1/(kT)=41.662553, exponent=-3.8890, rmr=0.020466
Sample tb=311.00 K, log(mass)=-1.1712, 1/(kT)=37.301552, exponent=-1.8393, rmr=0.158926
MR results: 0 NA, 0 infinite, 0 negative, 0 zero
Energy calculations: 5757 non-zero gains, 11035 non-zero losses out of 11035 observations
Saved results to output/results/Eldo/1955/M/eb_results_MS_1955_Eldo_Eldo.rds

Processing: Species=MS, Year=1956, Origin=Eldo, Climate=Eldo, Sex=M
Looking for climate data at: /mmfs1/gscratch/biology/jmsmith/targeted_microclimate/Eldo/simplified_Eldo_1956.rds
Directory /mmfs1/gscratch/biology/jmsmith/targeted_microclimate/Eldo exists. Contents:
simplified_Eldo_1950.rds
simplified_Eldo_1951.rds
simplified_Eldo_1952.rds
simplified_Eldo_1953.rds
simplified_Eldo_1954.rds
simplified_Eldo_1955.rds
simplified_Eldo_1956.rds
simplified_Eldo_1957.rds
simplified_Eldo_1958.rds
simplified_Eldo_1959.rds
simplified_Eldo_2015.rds
simplified_Eldo_2016.rds
simplified_Eldo_2017.rds
simplified_Eldo_2018.rds
simplified_Eldo_2019.rds
simplified_Eldo_2020.rds
simplified_Eldo_2021.rds
simplified_Eldo_2022.rds
simplified_Eldo_2023.rds
simplified_Eldo_2024.rds
Processing batch 1/12 (rows 1-1000)
  Calculated 1000 temperatures. Range: 2.06 to 52.44
Processing batch 2/12 (rows 1001-2000)
  Calculated 1000 temperatures. Range: 1.54 to 52.52
Processing batch 3/12 (rows 2001-3000)
  Calculated 1000 temperatures. Range: 2.27 to 49.04
Processing batch 4/12 (rows 3001-4000)
  Calculated 1000 temperatures. Range: 4.04 to 44.34
Processing batch 5/12 (rows 4001-5000)
  Calculated 1000 temperatures. Range: 3.67 to 56.22
Processing batch 6/12 (rows 5001-6000)
  Calculated 1000 temperatures. Range: 4.09 to 49.16
Processing batch 7/12 (rows 6001-7000)
  Calculated 1000 temperatures. Range: 4.00 to 42.23
Processing batch 8/12 (rows 7001-8000)
  Calculated 1000 temperatures. Range: 3.05 to 46.28
Processing batch 9/12 (rows 8001-9000)
  Calculated 1000 temperatures. Range: 3.02 to 49.91
Processing batch 10/12 (rows 9001-10000)
  Calculated 1000 temperatures. Range: 1.73 to 46.71
Processing batch 11/12 (rows 10001-11000)
  Calculated 1000 temperatures. Range: -0.43 to 49.18
Processing batch 12/12 (rows 11001-11035)
  Calculated 35 temperatures. Range: 7.86 to 34.41
Total observations: 11035, Unique timestamps: 2207
MR parameters: mass=0.31, elev=1740.0, b0=16.50, b1=0.85, b2=-0.47, b3=0.000108
Sample tb=289.43 K, log(mass)=-1.1712, 1/(kT)=40.082071, exponent=-3.1462, rmr=0.043017
Sample tb=278.91 K, log(mass)=-1.1712, 1/(kT)=41.593420, exponent=-3.8565, rmr=0.021142
Sample tb=283.60 K, log(mass)=-1.1712, 1/(kT)=40.905614, exponent=-3.5332, rmr=0.029211
Sample tb=279.21 K, log(mass)=-1.1712, 1/(kT)=41.549557, exponent=-3.8359, rmr=0.021582
Sample tb=293.60 K, log(mass)=-1.1712, 1/(kT)=39.513161, exponent=-2.8788, rmr=0.056204
MR results: 0 NA, 0 infinite, 0 negative, 0 zero
Energy calculations: 5585 non-zero gains, 11035 non-zero losses out of 11035 observations
Saved results to output/results/Eldo/1956/M/eb_results_MS_1956_Eldo_Eldo.rds

Processing: Species=MS, Year=1957, Origin=Eldo, Climate=Eldo, Sex=M
Looking for climate data at: /mmfs1/gscratch/biology/jmsmith/targeted_microclimate/Eldo/simplified_Eldo_1957.rds
Directory /mmfs1/gscratch/biology/jmsmith/targeted_microclimate/Eldo exists. Contents:
simplified_Eldo_1950.rds
simplified_Eldo_1951.rds
simplified_Eldo_1952.rds
simplified_Eldo_1953.rds
simplified_Eldo_1954.rds
simplified_Eldo_1955.rds
simplified_Eldo_1956.rds
simplified_Eldo_1957.rds
simplified_Eldo_1958.rds
simplified_Eldo_1959.rds
simplified_Eldo_2015.rds
simplified_Eldo_2016.rds
simplified_Eldo_2017.rds
simplified_Eldo_2018.rds
simplified_Eldo_2019.rds
simplified_Eldo_2020.rds
simplified_Eldo_2021.rds
simplified_Eldo_2022.rds
simplified_Eldo_2023.rds
simplified_Eldo_2024.rds
Processing batch 1/12 (rows 1-1000)
  Calculated 1000 temperatures. Range: 0.04 to 50.49
Processing batch 2/12 (rows 1001-2000)
  Calculated 1000 temperatures. Range: -1.43 to 48.37
Processing batch 3/12 (rows 2001-3000)
  Calculated 1000 temperatures. Range: -1.73 to 50.03
Processing batch 4/12 (rows 3001-4000)
  Calculated 1000 temperatures. Range: 4.53 to 50.87
Processing batch 5/12 (rows 4001-5000)
  Calculated 1000 temperatures. Range: 3.39 to 48.51
Processing batch 6/12 (rows 5001-6000)
  Calculated 1000 temperatures. Range: 7.25 to 46.53
Processing batch 7/12 (rows 6001-7000)
  Calculated 1000 temperatures. Range: 6.30 to 45.99
Processing batch 8/12 (rows 7001-8000)
  Calculated 1000 temperatures. Range: 7.76 to 48.54
Processing batch 9/12 (rows 8001-9000)
  Calculated 1000 temperatures. Range: 6.17 to 51.94
Processing batch 10/12 (rows 9001-10000)
  Calculated 1000 temperatures. Range: 4.44 to 51.83
Processing batch 11/12 (rows 10001-11000)
  Calculated 1000 temperatures. Range: 4.49 to 46.88
Processing batch 12/12 (rows 11001-11035)
  Calculated 35 temperatures. Range: 11.65 to 34.80
Total observations: 11035, Unique timestamps: 2207
MR parameters: mass=0.31, elev=1740.0, b0=16.50, b1=0.85, b2=-0.47, b3=0.000108
Sample tb=282.30 K, log(mass)=-1.1712, 1/(kT)=41.094265, exponent=-3.6219, rmr=0.026732
Sample tb=296.05 K, log(mass)=-1.1712, 1/(kT)=39.185396, exponent=-2.7247, rmr=0.065564
Sample tb=282.69 K, log(mass)=-1.1712, 1/(kT)=41.038073, exponent=-3.5955, rmr=0.027448
Sample tb=293.78 K, log(mass)=-1.1712, 1/(kT)=39.488612, exponent=-2.8672, rmr=0.056856
Sample tb=287.63 K, log(mass)=-1.1712, 1/(kT)=40.332723, exponent=-3.2640, rmr=0.038236
MR results: 0 NA, 0 infinite, 0 negative, 0 zero
Energy calculations: 5787 non-zero gains, 11035 non-zero losses out of 11035 observations
Saved results to output/results/Eldo/1957/M/eb_results_MS_1957_Eldo_Eldo.rds

Processing: Species=MS, Year=1958, Origin=Eldo, Climate=Eldo, Sex=M
Looking for climate data at: /mmfs1/gscratch/biology/jmsmith/targeted_microclimate/Eldo/simplified_Eldo_1958.rds
Directory /mmfs1/gscratch/biology/jmsmith/targeted_microclimate/Eldo exists. Contents:
simplified_Eldo_1950.rds
simplified_Eldo_1951.rds
simplified_Eldo_1952.rds
simplified_Eldo_1953.rds
simplified_Eldo_1954.rds
simplified_Eldo_1955.rds
simplified_Eldo_1956.rds
simplified_Eldo_1957.rds
simplified_Eldo_1958.rds
simplified_Eldo_1959.rds
simplified_Eldo_2015.rds
simplified_Eldo_2016.rds
simplified_Eldo_2017.rds
simplified_Eldo_2018.rds
simplified_Eldo_2019.rds
simplified_Eldo_2020.rds
simplified_Eldo_2021.rds
simplified_Eldo_2022.rds
simplified_Eldo_2023.rds
simplified_Eldo_2024.rds
Processing batch 1/12 (rows 1-1000)
  Calculated 1000 temperatures. Range: 1.45 to 51.04
Processing batch 2/12 (rows 1001-2000)
  Calculated 1000 temperatures. Range: 1.08 to 51.01
Processing batch 3/12 (rows 2001-3000)
  Calculated 1000 temperatures. Range: 3.21 to 53.01
Processing batch 4/12 (rows 3001-4000)
  Calculated 1000 temperatures. Range: 2.09 to 55.32
Processing batch 5/12 (rows 4001-5000)
  Calculated 1000 temperatures. Range: 3.02 to 53.83
Processing batch 6/12 (rows 5001-6000)
  Calculated 1000 temperatures. Range: 4.15 to 56.38
Processing batch 7/12 (rows 6001-7000)
  Calculated 1000 temperatures. Range: 4.49 to 51.63
Processing batch 8/12 (rows 7001-8000)
  Calculated 1000 temperatures. Range: 4.63 to 50.31
Processing batch 9/12 (rows 8001-9000)
  Calculated 1000 temperatures. Range: 5.26 to 50.71
Processing batch 10/12 (rows 9001-10000)
  Calculated 1000 temperatures. Range: 6.94 to 45.39
Processing batch 11/12 (rows 10001-11000)
  Calculated 1000 temperatures. Range: 3.06 to 49.93
Processing batch 12/12 (rows 11001-11035)
  Calculated 35 temperatures. Range: 13.52 to 39.96
Total observations: 11035, Unique timestamps: 2207
MR parameters: mass=0.31, elev=1740.0, b0=16.50, b1=0.85, b2=-0.47, b3=0.000108
Sample tb=277.22 K, log(mass)=-1.1712, 1/(kT)=41.847806, exponent=-3.9761, rmr=0.018760
Sample tb=279.72 K, log(mass)=-1.1712, 1/(kT)=41.473857, exponent=-3.8003, rmr=0.022364
Sample tb=293.07 K, log(mass)=-1.1712, 1/(kT)=39.584400, exponent=-2.9123, rmr=0.054353
Sample tb=298.48 K, log(mass)=-1.1712, 1/(kT)=38.866781, exponent=-2.5750, rmr=0.076156
Sample tb=289.60 K, log(mass)=-1.1712, 1/(kT)=40.058721, exponent=-3.1352, rmr=0.043492
MR results: 0 NA, 0 infinite, 0 negative, 0 zero
Energy calculations: 5586 non-zero gains, 11035 non-zero losses out of 11035 observations
Saved results to output/results/Eldo/1958/M/eb_results_MS_1958_Eldo_Eldo.rds

Processing: Species=MS, Year=1959, Origin=Eldo, Climate=Eldo, Sex=M
Looking for climate data at: /mmfs1/gscratch/biology/jmsmith/targeted_microclimate/Eldo/simplified_Eldo_1959.rds
Directory /mmfs1/gscratch/biology/jmsmith/targeted_microclimate/Eldo exists. Contents:
simplified_Eldo_1950.rds
simplified_Eldo_1951.rds
simplified_Eldo_1952.rds
simplified_Eldo_1953.rds
simplified_Eldo_1954.rds
simplified_Eldo_1955.rds
simplified_Eldo_1956.rds
simplified_Eldo_1957.rds
simplified_Eldo_1958.rds
simplified_Eldo_1959.rds
simplified_Eldo_2015.rds
simplified_Eldo_2016.rds
simplified_Eldo_2017.rds
simplified_Eldo_2018.rds
simplified_Eldo_2019.rds
simplified_Eldo_2020.rds
simplified_Eldo_2021.rds
simplified_Eldo_2022.rds
simplified_Eldo_2023.rds
simplified_Eldo_2024.rds
Processing batch 1/12 (rows 1-1000)
  Calculated 1000 temperatures. Range: -1.75 to 51.37
Processing batch 2/12 (rows 1001-2000)
  Calculated 1000 temperatures. Range: 2.88 to 52.78
Processing batch 3/12 (rows 2001-3000)
  Calculated 1000 temperatures. Range: 5.58 to 51.90
Processing batch 4/12 (rows 3001-4000)
  Calculated 1000 temperatures. Range: 3.41 to 48.38
Processing batch 5/12 (rows 4001-5000)
  Calculated 1000 temperatures. Range: 1.45 to 51.00
Processing batch 6/12 (rows 5001-6000)
  Calculated 1000 temperatures. Range: 5.46 to 52.55
Processing batch 7/12 (rows 6001-7000)
  Calculated 1000 temperatures. Range: 5.01 to 48.57
Processing batch 8/12 (rows 7001-8000)
  Calculated 1000 temperatures. Range: 6.12 to 54.38
Processing batch 9/12 (rows 8001-9000)
  Calculated 1000 temperatures. Range: 5.36 to 57.52
Processing batch 10/12 (rows 9001-10000)
  Calculated 1000 temperatures. Range: 4.67 to 51.82
Processing batch 11/12 (rows 10001-11000)
  Calculated 1000 temperatures. Range: 3.09 to 53.17
Processing batch 12/12 (rows 11001-11035)
  Calculated 35 temperatures. Range: 13.51 to 48.75
Total observations: 11035, Unique timestamps: 2207
MR parameters: mass=0.31, elev=1740.0, b0=16.50, b1=0.85, b2=-0.47, b3=0.000108
Sample tb=279.34 K, log(mass)=-1.1712, 1/(kT)=41.529361, exponent=-3.8264, rmr=0.021788
Sample tb=280.48 K, log(mass)=-1.1712, 1/(kT)=41.361002, exponent=-3.7473, rmr=0.023582
Sample tb=284.71 K, log(mass)=-1.1712, 1/(kT)=40.747185, exponent=-3.4588, rmr=0.031469
Sample tb=283.47 K, log(mass)=-1.1712, 1/(kT)=40.925056, exponent=-3.5424, rmr=0.028945
Sample tb=307.10 K, log(mass)=-1.1712, 1/(kT)=37.775303, exponent=-2.0620, rmr=0.127202
MR results: 0 NA, 0 infinite, 0 negative, 0 zero
Energy calculations: 5826 non-zero gains, 11035 non-zero losses out of 11035 observations
Saved results to output/results/Eldo/1959/M/eb_results_MS_1959_Eldo_Eldo.rds

All years processed.
