Arguments received:
Species: MB
Years: 1950, 1951, 1952, 1953, 1954, 1955, 1956, 1957, 1958, 1959
Origin site: C1
Climate site: C1
Sex: F
Output directory: output/results/C1
Library paths:
[1] "/gscratch/biology/jmsmith/R"                          
[2] "/mmfs1/home/smithju/R/x86_64-pc-linux-gnu-library/4.4"
[3] "/usr/local/lib/R/site-library"                        
[4] "/usr/local/lib/R/library"                             
Package tidyverse loaded successfully
Package TrenchR loaded successfully
Package rTPC loaded successfully
Package lubridate loaded successfully

Processing: Species=MB, Year=1950, Origin=C1, Climate=C1, Sex=F
Looking for climate data at: /mmfs1/gscratch/biology/jmsmith/targeted_microclimate/C1/simplified_C1_1950.rds
Directory /mmfs1/gscratch/biology/jmsmith/targeted_microclimate/C1 exists. Contents:
simplified_C1_1950.rds
simplified_C1_1951.rds
simplified_C1_1952.rds
simplified_C1_1953.rds
simplified_C1_1954.rds
simplified_C1_1955.rds
simplified_C1_1956.rds
simplified_C1_1957.rds
simplified_C1_1958.rds
simplified_C1_1959.rds
simplified_C1_2015.rds
simplified_C1_2016.rds
simplified_C1_2017.rds
simplified_C1_2018.rds
simplified_C1_2019.rds
simplified_C1_2020.rds
simplified_C1_2021.rds
simplified_C1_2022.rds
simplified_C1_2023.rds
simplified_C1_2024.rds
Processing batch 1/12 (rows 1-1000)
  Calculated 1000 temperatures. Range: -11.54 to 53.24
Processing batch 2/12 (rows 1001-2000)
  Calculated 1000 temperatures. Range: -9.12 to 33.65
Processing batch 3/12 (rows 2001-3000)
  Calculated 1000 temperatures. Range: -3.86 to 47.58
Processing batch 4/12 (rows 3001-4000)
  Calculated 1000 temperatures. Range: -4.05 to 51.34
Processing batch 5/12 (rows 4001-5000)
  Calculated 1000 temperatures. Range: 0.13 to 51.51
Processing batch 6/12 (rows 5001-6000)
  Calculated 1000 temperatures. Range: -1.00 to 50.16
Processing batch 7/12 (rows 6001-7000)
  Calculated 1000 temperatures. Range: -0.47 to 47.37
Processing batch 8/12 (rows 7001-8000)
  Calculated 1000 temperatures. Range: -1.09 to 42.96
Processing batch 9/12 (rows 8001-9000)
  Calculated 1000 temperatures. Range: -1.17 to 50.53
Processing batch 10/12 (rows 9001-10000)
  Calculated 1000 temperatures. Range: -1.78 to 44.13
Processing batch 11/12 (rows 10001-11000)
  Calculated 1000 temperatures. Range: -5.37 to 46.44
Processing batch 12/12 (rows 11001-11035)
  Calculated 35 temperatures. Range: 9.96 to 39.65
Total observations: 11035, Unique timestamps: 2207
MR parameters: mass=0.24, elev=3014.0, b0=17.10, b1=0.98, b2=-0.48, b3=0.000124
Sample tb=278.79 K, log(mass)=-1.4271, 1/(kT)=41.612192, exponent=-3.8987, rmr=0.020268
Sample tb=296.46 K, log(mass)=-1.4271, 1/(kT)=39.132062, exponent=-2.7082, rmr=0.066655
Sample tb=305.92 K, log(mass)=-1.4271, 1/(kT)=37.921812, exponent=-2.1273, rmr=0.119158
Sample tb=284.45 K, log(mass)=-1.4271, 1/(kT)=40.784113, exponent=-3.5012, rmr=0.030161
Sample tb=307.04 K, log(mass)=-1.4271, 1/(kT)=37.783361, exponent=-2.0609, rmr=0.127346
MR results: 0 NA, 0 infinite, 0 negative, 0 zero
Energy calculations: 3755 non-zero gains, 11035 non-zero losses out of 11035 observations
Saved results to output/results/C1/1950/F/eb_results_MB_1950_C1_C1.rds

Processing: Species=MB, Year=1951, Origin=C1, Climate=C1, Sex=F
Looking for climate data at: /mmfs1/gscratch/biology/jmsmith/targeted_microclimate/C1/simplified_C1_1951.rds
Directory /mmfs1/gscratch/biology/jmsmith/targeted_microclimate/C1 exists. Contents:
simplified_C1_1950.rds
simplified_C1_1951.rds
simplified_C1_1952.rds
simplified_C1_1953.rds
simplified_C1_1954.rds
simplified_C1_1955.rds
simplified_C1_1956.rds
simplified_C1_1957.rds
simplified_C1_1958.rds
simplified_C1_1959.rds
simplified_C1_2015.rds
simplified_C1_2016.rds
simplified_C1_2017.rds
simplified_C1_2018.rds
simplified_C1_2019.rds
simplified_C1_2020.rds
simplified_C1_2021.rds
simplified_C1_2022.rds
simplified_C1_2023.rds
simplified_C1_2024.rds
Processing batch 1/12 (rows 1-1000)
  Calculated 1000 temperatures. Range: -11.03 to 18.05
Processing batch 2/12 (rows 1001-2000)
  Calculated 1000 temperatures. Range: -7.09 to 20.28
Processing batch 3/12 (rows 2001-3000)
  Calculated 1000 temperatures. Range: -6.36 to 20.25
Processing batch 4/12 (rows 3001-4000)
  Calculated 1000 temperatures. Range: -5.09 to 34.62
Processing batch 5/12 (rows 4001-5000)
  Calculated 1000 temperatures. Range: -4.25 to 52.03
Processing batch 6/12 (rows 5001-6000)
  Calculated 1000 temperatures. Range: 0.30 to 54.61
Processing batch 7/12 (rows 6001-7000)
  Calculated 1000 temperatures. Range: 0.48 to 47.21
Processing batch 8/12 (rows 7001-8000)
  Calculated 1000 temperatures. Range: 4.14 to 51.89
Processing batch 9/12 (rows 8001-9000)
  Calculated 1000 temperatures. Range: -0.80 to 48.74
Processing batch 10/12 (rows 9001-10000)
  Calculated 1000 temperatures. Range: -1.12 to 46.10
Processing batch 11/12 (rows 10001-11000)
  Calculated 1000 temperatures. Range: -1.20 to 42.99
Processing batch 12/12 (rows 11001-11035)
  Calculated 35 temperatures. Range: 8.07 to 39.47
Total observations: 11035, Unique timestamps: 2207
MR parameters: mass=0.24, elev=3014.0, b0=17.10, b1=0.98, b2=-0.48, b3=0.000124
Sample tb=274.21 K, log(mass)=-1.4271, 1/(kT)=42.306908, exponent=-4.2322, rmr=0.014521
Sample tb=276.52 K, log(mass)=-1.4271, 1/(kT)=41.953694, exponent=-4.0626, rmr=0.017204
Sample tb=287.26 K, log(mass)=-1.4271, 1/(kT)=40.384503, exponent=-3.3094, rmr=0.036538
Sample tb=291.47 K, log(mass)=-1.4271, 1/(kT)=39.800813, exponent=-3.0292, rmr=0.048353
Sample tb=275.23 K, log(mass)=-1.4271, 1/(kT)=42.149748, exponent=-4.1567, rmr=0.015659
MR results: 0 NA, 0 infinite, 0 negative, 0 zero
Energy calculations: 3535 non-zero gains, 11035 non-zero losses out of 11035 observations
Saved results to output/results/C1/1951/F/eb_results_MB_1951_C1_C1.rds

Processing: Species=MB, Year=1952, Origin=C1, Climate=C1, Sex=F
Looking for climate data at: /mmfs1/gscratch/biology/jmsmith/targeted_microclimate/C1/simplified_C1_1952.rds
Directory /mmfs1/gscratch/biology/jmsmith/targeted_microclimate/C1 exists. Contents:
simplified_C1_1950.rds
simplified_C1_1951.rds
simplified_C1_1952.rds
simplified_C1_1953.rds
simplified_C1_1954.rds
simplified_C1_1955.rds
simplified_C1_1956.rds
simplified_C1_1957.rds
simplified_C1_1958.rds
simplified_C1_1959.rds
simplified_C1_2015.rds
simplified_C1_2016.rds
simplified_C1_2017.rds
simplified_C1_2018.rds
simplified_C1_2019.rds
simplified_C1_2020.rds
simplified_C1_2021.rds
simplified_C1_2022.rds
simplified_C1_2023.rds
simplified_C1_2024.rds
Processing batch 1/12 (rows 1-1000)
  Calculated 1000 temperatures. Range: -5.02 to 50.69
Processing batch 2/12 (rows 1001-2000)
  Calculated 1000 temperatures. Range: -7.40 to 60.00
Processing batch 3/12 (rows 2001-3000)
  Calculated 1000 temperatures. Range: -2.82 to 60.00
Processing batch 4/12 (rows 3001-4000)
  Calculated 1000 temperatures. Range: -1.97 to 51.90
Processing batch 5/12 (rows 4001-5000)
  Calculated 1000 temperatures. Range: -1.67 to 46.96
Processing batch 6/12 (rows 5001-6000)
  Calculated 1000 temperatures. Range: -0.46 to 48.97
Processing batch 7/12 (rows 6001-7000)
  Calculated 1000 temperatures. Range: -0.40 to 49.41
Processing batch 8/12 (rows 7001-8000)
  Calculated 1000 temperatures. Range: 1.80 to 50.85
Processing batch 9/12 (rows 8001-9000)
  Calculated 1000 temperatures. Range: 0.97 to 50.77
Processing batch 10/12 (rows 9001-10000)
  Calculated 1000 temperatures. Range: 0.34 to 46.55
Processing batch 11/12 (rows 10001-11000)
  Calculated 1000 temperatures. Range: -4.07 to 43.06
Processing batch 12/12 (rows 11001-11035)
  Calculated 35 temperatures. Range: 7.01 to 30.43
Total observations: 11035, Unique timestamps: 2207
MR parameters: mass=0.24, elev=3014.0, b0=17.10, b1=0.98, b2=-0.48, b3=0.000124
Sample tb=284.11 K, log(mass)=-1.4271, 1/(kT)=40.832828, exponent=-3.5246, rmr=0.029464
Sample tb=298.80 K, log(mass)=-1.4271, 1/(kT)=38.825681, exponent=-2.5612, rmr=0.077215
Sample tb=278.04 K, log(mass)=-1.4271, 1/(kT)=41.723717, exponent=-3.9522, rmr=0.019212
Sample tb=280.51 K, log(mass)=-1.4271, 1/(kT)=41.355862, exponent=-3.7757, rmr=0.022922
Sample tb=269.64 K, log(mass)=-1.4271, 1/(kT)=43.023699, exponent=-4.5762, rmr=0.010294
MR results: 0 NA, 0 infinite, 0 negative, 0 zero
Energy calculations: 4513 non-zero gains, 11035 non-zero losses out of 11035 observations
Saved results to output/results/C1/1952/F/eb_results_MB_1952_C1_C1.rds

Processing: Species=MB, Year=1953, Origin=C1, Climate=C1, Sex=F
Looking for climate data at: /mmfs1/gscratch/biology/jmsmith/targeted_microclimate/C1/simplified_C1_1953.rds
Directory /mmfs1/gscratch/biology/jmsmith/targeted_microclimate/C1 exists. Contents:
simplified_C1_1950.rds
simplified_C1_1951.rds
simplified_C1_1952.rds
simplified_C1_1953.rds
simplified_C1_1954.rds
simplified_C1_1955.rds
simplified_C1_1956.rds
simplified_C1_1957.rds
simplified_C1_1958.rds
simplified_C1_1959.rds
simplified_C1_2015.rds
simplified_C1_2016.rds
simplified_C1_2017.rds
simplified_C1_2018.rds
simplified_C1_2019.rds
simplified_C1_2020.rds
simplified_C1_2021.rds
simplified_C1_2022.rds
simplified_C1_2023.rds
simplified_C1_2024.rds
Processing batch 1/12 (rows 1-1000)
  Calculated 1000 temperatures. Range: -7.86 to 39.98
Processing batch 2/12 (rows 1001-2000)
  Calculated 1000 temperatures. Range: -6.77 to 42.44
Processing batch 3/12 (rows 2001-3000)
  Calculated 1000 temperatures. Range: -5.34 to 51.78
Processing batch 4/12 (rows 3001-4000)
  Calculated 1000 temperatures. Range: -2.04 to 55.95
Processing batch 5/12 (rows 4001-5000)
  Calculated 1000 temperatures. Range: -0.13 to 48.70
Processing batch 6/12 (rows 5001-6000)
  Calculated 1000 temperatures. Range: -0.47 to 42.73
Processing batch 7/12 (rows 6001-7000)
  Calculated 1000 temperatures. Range: 0.19 to 53.39
Processing batch 8/12 (rows 7001-8000)
  Calculated 1000 temperatures. Range: -0.77 to 46.78
Processing batch 9/12 (rows 8001-9000)
  Calculated 1000 temperatures. Range: -0.63 to 53.77
Processing batch 10/12 (rows 9001-10000)
  Calculated 1000 temperatures. Range: -2.11 to 43.84
Processing batch 11/12 (rows 10001-11000)
  Calculated 1000 temperatures. Range: -1.85 to 48.39
Processing batch 12/12 (rows 11001-11035)
  Calculated 35 temperatures. Range: 10.14 to 31.39
Total observations: 11035, Unique timestamps: 2207
MR parameters: mass=0.24, elev=3014.0, b0=17.10, b1=0.98, b2=-0.48, b3=0.000124
Sample tb=297.00 K, log(mass)=-1.4271, 1/(kT)=39.060775, exponent=-2.6740, rmr=0.068975
Sample tb=280.43 K, log(mass)=-1.4271, 1/(kT)=41.367833, exponent=-3.7814, rmr=0.022791
Sample tb=297.19 K, log(mass)=-1.4271, 1/(kT)=39.035985, exponent=-2.6621, rmr=0.069801
Sample tb=279.01 K, log(mass)=-1.4271, 1/(kT)=41.578300, exponent=-3.8824, rmr=0.020601
Sample tb=301.75 K, log(mass)=-1.4271, 1/(kT)=38.446045, exponent=-2.3789, rmr=0.092649
MR results: 0 NA, 0 infinite, 0 negative, 0 zero
Energy calculations: 4362 non-zero gains, 11035 non-zero losses out of 11035 observations
Saved results to output/results/C1/1953/F/eb_results_MB_1953_C1_C1.rds

Processing: Species=MB, Year=1954, Origin=C1, Climate=C1, Sex=F
Looking for climate data at: /mmfs1/gscratch/biology/jmsmith/targeted_microclimate/C1/simplified_C1_1954.rds
Directory /mmfs1/gscratch/biology/jmsmith/targeted_microclimate/C1 exists. Contents:
simplified_C1_1950.rds
simplified_C1_1951.rds
simplified_C1_1952.rds
simplified_C1_1953.rds
simplified_C1_1954.rds
simplified_C1_1955.rds
simplified_C1_1956.rds
simplified_C1_1957.rds
simplified_C1_1958.rds
simplified_C1_1959.rds
simplified_C1_2015.rds
simplified_C1_2016.rds
simplified_C1_2017.rds
simplified_C1_2018.rds
simplified_C1_2019.rds
simplified_C1_2020.rds
simplified_C1_2021.rds
simplified_C1_2022.rds
simplified_C1_2023.rds
simplified_C1_2024.rds
Processing batch 1/12 (rows 1-1000)
  Calculated 1000 temperatures. Range: -9.59 to 45.78
Processing batch 2/12 (rows 1001-2000)
  Calculated 1000 temperatures. Range: -6.31 to 41.92
Processing batch 3/12 (rows 2001-3000)
  Calculated 1000 temperatures. Range: -0.84 to 51.07
Processing batch 4/12 (rows 3001-4000)
  Calculated 1000 temperatures. Range: -0.79 to 54.57
Processing batch 5/12 (rows 4001-5000)
  Calculated 1000 temperatures. Range: 2.96 to 49.99
Processing batch 6/12 (rows 5001-6000)
  Calculated 1000 temperatures. Range: 3.78 to 53.77
Processing batch 7/12 (rows 6001-7000)
  Calculated 1000 temperatures. Range: 2.64 to 56.01
Processing batch 8/12 (rows 7001-8000)
  Calculated 1000 temperatures. Range: 0.08 to 51.80
Processing batch 9/12 (rows 8001-9000)
  Calculated 1000 temperatures. Range: 0.04 to 51.36
Processing batch 10/12 (rows 9001-10000)
  Calculated 1000 temperatures. Range: -2.44 to 41.56
Processing batch 11/12 (rows 10001-11000)
  Calculated 1000 temperatures. Range: -2.55 to 49.06
Processing batch 12/12 (rows 11001-11035)
  Calculated 35 temperatures. Range: 11.23 to 47.00
Total observations: 11035, Unique timestamps: 2207
MR parameters: mass=0.24, elev=3014.0, b0=17.10, b1=0.98, b2=-0.48, b3=0.000124
Sample tb=280.55 K, log(mass)=-1.4271, 1/(kT)=41.350183, exponent=-3.7729, rmr=0.022985
Sample tb=293.41 K, log(mass)=-1.4271, 1/(kT)=39.538771, exponent=-2.9034, rmr=0.054834
Sample tb=283.04 K, log(mass)=-1.4271, 1/(kT)=40.986454, exponent=-3.5983, rmr=0.027369
Sample tb=277.44 K, log(mass)=-1.4271, 1/(kT)=41.814042, exponent=-3.9956, rmr=0.018397
Sample tb=279.63 K, log(mass)=-1.4271, 1/(kT)=41.486896, exponent=-3.8385, rmr=0.021525
MR results: 0 NA, 0 infinite, 0 negative, 0 zero
Energy calculations: 4678 non-zero gains, 11035 non-zero losses out of 11035 observations
Saved results to output/results/C1/1954/F/eb_results_MB_1954_C1_C1.rds

Processing: Species=MB, Year=1955, Origin=C1, Climate=C1, Sex=F
Looking for climate data at: /mmfs1/gscratch/biology/jmsmith/targeted_microclimate/C1/simplified_C1_1955.rds
Directory /mmfs1/gscratch/biology/jmsmith/targeted_microclimate/C1 exists. Contents:
simplified_C1_1950.rds
simplified_C1_1951.rds
simplified_C1_1952.rds
simplified_C1_1953.rds
simplified_C1_1954.rds
simplified_C1_1955.rds
simplified_C1_1956.rds
simplified_C1_1957.rds
simplified_C1_1958.rds
simplified_C1_1959.rds
simplified_C1_2015.rds
simplified_C1_2016.rds
simplified_C1_2017.rds
simplified_C1_2018.rds
simplified_C1_2019.rds
simplified_C1_2020.rds
simplified_C1_2021.rds
simplified_C1_2022.rds
simplified_C1_2023.rds
simplified_C1_2024.rds
Processing batch 1/12 (rows 1-1000)
  Calculated 1000 temperatures. Range: -8.52 to 45.90
Processing batch 2/12 (rows 1001-2000)
  Calculated 1000 temperatures. Range: -6.72 to 17.74
Processing batch 3/12 (rows 2001-3000)
  Calculated 1000 temperatures. Range: -6.37 to 38.25
Processing batch 4/12 (rows 3001-4000)
  Calculated 1000 temperatures. Range: -4.86 to 49.98
Processing batch 5/12 (rows 4001-5000)
  Calculated 1000 temperatures. Range: -2.62 to 46.11
Processing batch 6/12 (rows 5001-6000)
  Calculated 1000 temperatures. Range: -1.68 to 52.89
Processing batch 7/12 (rows 6001-7000)
  Calculated 1000 temperatures. Range: 2.32 to 45.11
Processing batch 8/12 (rows 7001-8000)
  Calculated 1000 temperatures. Range: 0.80 to 46.68
Processing batch 9/12 (rows 8001-9000)
  Calculated 1000 temperatures. Range: 0.67 to 47.89
Processing batch 10/12 (rows 9001-10000)
  Calculated 1000 temperatures. Range: -0.47 to 45.56
Processing batch 11/12 (rows 10001-11000)
  Calculated 1000 temperatures. Range: -2.56 to 45.45
Processing batch 12/12 (rows 11001-11035)
  Calculated 35 temperatures. Range: 9.55 to 42.94
Total observations: 11035, Unique timestamps: 2207
MR parameters: mass=0.24, elev=3014.0, b0=17.10, b1=0.98, b2=-0.48, b3=0.000124
Sample tb=306.99 K, log(mass)=-1.4271, 1/(kT)=37.789278, exponent=-2.0637, rmr=0.126984
Sample tb=281.75 K, log(mass)=-1.4271, 1/(kT)=41.174576, exponent=-3.6886, rmr=0.025006
Sample tb=268.04 K, log(mass)=-1.4271, 1/(kT)=43.280948, exponent=-4.6997, rmr=0.009098
Sample tb=277.46 K, log(mass)=-1.4271, 1/(kT)=41.810485, exponent=-3.9939, rmr=0.018428
Sample tb=295.30 K, log(mass)=-1.4271, 1/(kT)=39.285038, exponent=-2.7817, rmr=0.061936
MR results: 0 NA, 0 infinite, 0 negative, 0 zero
Energy calculations: 4071 non-zero gains, 11035 non-zero losses out of 11035 observations
Saved results to output/results/C1/1955/F/eb_results_MB_1955_C1_C1.rds

Processing: Species=MB, Year=1956, Origin=C1, Climate=C1, Sex=F
Looking for climate data at: /mmfs1/gscratch/biology/jmsmith/targeted_microclimate/C1/simplified_C1_1956.rds
Directory /mmfs1/gscratch/biology/jmsmith/targeted_microclimate/C1 exists. Contents:
simplified_C1_1950.rds
simplified_C1_1951.rds
simplified_C1_1952.rds
simplified_C1_1953.rds
simplified_C1_1954.rds
simplified_C1_1955.rds
simplified_C1_1956.rds
simplified_C1_1957.rds
simplified_C1_1958.rds
simplified_C1_1959.rds
simplified_C1_2015.rds
simplified_C1_2016.rds
simplified_C1_2017.rds
simplified_C1_2018.rds
simplified_C1_2019.rds
simplified_C1_2020.rds
simplified_C1_2021.rds
simplified_C1_2022.rds
simplified_C1_2023.rds
simplified_C1_2024.rds
Processing batch 1/12 (rows 1-1000)
  Calculated 1000 temperatures. Range: -4.03 to 57.15
Processing batch 2/12 (rows 1001-2000)
  Calculated 1000 temperatures. Range: -3.73 to 44.95
Processing batch 3/12 (rows 2001-3000)
  Calculated 1000 temperatures. Range: -2.94 to 48.94
Processing batch 4/12 (rows 3001-4000)
  Calculated 1000 temperatures. Range: -0.53 to 51.46
Processing batch 5/12 (rows 4001-5000)
  Calculated 1000 temperatures. Range: -1.38 to 50.61
Processing batch 6/12 (rows 5001-6000)
  Calculated 1000 temperatures. Range: -0.35 to 52.96
Processing batch 7/12 (rows 6001-7000)
  Calculated 1000 temperatures. Range: -0.74 to 42.22
Processing batch 8/12 (rows 7001-8000)
  Calculated 1000 temperatures. Range: -1.42 to 45.28
Processing batch 9/12 (rows 8001-9000)
  Calculated 1000 temperatures. Range: -1.41 to 48.12
Processing batch 10/12 (rows 9001-10000)
  Calculated 1000 temperatures. Range: -2.28 to 45.16
Processing batch 11/12 (rows 10001-11000)
  Calculated 1000 temperatures. Range: -6.10 to 45.98
Processing batch 12/12 (rows 11001-11035)
  Calculated 35 temperatures. Range: 3.71 to 36.40
Total observations: 11035, Unique timestamps: 2207
MR parameters: mass=0.24, elev=3014.0, b0=17.10, b1=0.98, b2=-0.48, b3=0.000124
Sample tb=281.25 K, log(mass)=-1.4271, 1/(kT)=41.248326, exponent=-3.7240, rmr=0.024136
Sample tb=282.18 K, log(mass)=-1.4271, 1/(kT)=41.112501, exponent=-3.6588, rmr=0.025762
Sample tb=277.81 K, log(mass)=-1.4271, 1/(kT)=41.758822, exponent=-3.9691, rmr=0.018891
Sample tb=279.24 K, log(mass)=-1.4271, 1/(kT)=41.543918, exponent=-3.8659, rmr=0.020944
Sample tb=316.04 K, log(mass)=-1.4271, 1/(kT)=36.707530, exponent=-1.5445, rmr=0.213429
MR results: 0 NA, 0 infinite, 0 negative, 0 zero
Energy calculations: 4397 non-zero gains, 11035 non-zero losses out of 11035 observations
Saved results to output/results/C1/1956/F/eb_results_MB_1956_C1_C1.rds

Processing: Species=MB, Year=1957, Origin=C1, Climate=C1, Sex=F
Looking for climate data at: /mmfs1/gscratch/biology/jmsmith/targeted_microclimate/C1/simplified_C1_1957.rds
Directory /mmfs1/gscratch/biology/jmsmith/targeted_microclimate/C1 exists. Contents:
simplified_C1_1950.rds
simplified_C1_1951.rds
simplified_C1_1952.rds
simplified_C1_1953.rds
simplified_C1_1954.rds
simplified_C1_1955.rds
simplified_C1_1956.rds
simplified_C1_1957.rds
simplified_C1_1958.rds
simplified_C1_1959.rds
simplified_C1_2015.rds
simplified_C1_2016.rds
simplified_C1_2017.rds
simplified_C1_2018.rds
simplified_C1_2019.rds
simplified_C1_2020.rds
simplified_C1_2021.rds
simplified_C1_2022.rds
simplified_C1_2023.rds
simplified_C1_2024.rds
Processing batch 1/12 (rows 1-1000)
  Calculated 1000 temperatures. Range: -6.66 to 35.18
Processing batch 2/12 (rows 1001-2000)
  Calculated 1000 temperatures. Range: -7.49 to 33.31
Processing batch 3/12 (rows 2001-3000)
  Calculated 1000 temperatures. Range: -8.30 to 46.60
Processing batch 4/12 (rows 3001-4000)
  Calculated 1000 temperatures. Range: -1.49 to 45.17
Processing batch 5/12 (rows 4001-5000)
  Calculated 1000 temperatures. Range: -3.09 to 53.69
Processing batch 6/12 (rows 5001-6000)
  Calculated 1000 temperatures. Range: 2.34 to 50.83
Processing batch 7/12 (rows 6001-7000)
  Calculated 1000 temperatures. Range: 2.09 to 42.95
Processing batch 8/12 (rows 7001-8000)
  Calculated 1000 temperatures. Range: 3.03 to 49.98
Processing batch 9/12 (rows 8001-9000)
  Calculated 1000 temperatures. Range: 0.60 to 49.35
Processing batch 10/12 (rows 9001-10000)
  Calculated 1000 temperatures. Range: -0.11 to 47.57
Processing batch 11/12 (rows 10001-11000)
  Calculated 1000 temperatures. Range: -0.56 to 50.18
Processing batch 12/12 (rows 11001-11035)
  Calculated 35 temperatures. Range: 7.59 to 42.38
Total observations: 11035, Unique timestamps: 2207
MR parameters: mass=0.24, elev=3014.0, b0=17.10, b1=0.98, b2=-0.48, b3=0.000124
Sample tb=282.72 K, log(mass)=-1.4271, 1/(kT)=41.033991, exponent=-3.6212, rmr=0.026752
Sample tb=278.92 K, log(mass)=-1.4271, 1/(kT)=41.591585, exponent=-3.8888, rmr=0.020470
Sample tb=284.93 K, log(mass)=-1.4271, 1/(kT)=40.714632, exponent=-3.4679, rmr=0.031184
Sample tb=273.30 K, log(mass)=-1.4271, 1/(kT)=42.447328, exponent=-4.2996, rmr=0.013575
Sample tb=271.77 K, log(mass)=-1.4271, 1/(kT)=42.686000, exponent=-4.4141, rmr=0.012105
MR results: 0 NA, 0 infinite, 0 negative, 0 zero
Energy calculations: 3904 non-zero gains, 11035 non-zero losses out of 11035 observations
Saved results to output/results/C1/1957/F/eb_results_MB_1957_C1_C1.rds

Processing: Species=MB, Year=1958, Origin=C1, Climate=C1, Sex=F
Looking for climate data at: /mmfs1/gscratch/biology/jmsmith/targeted_microclimate/C1/simplified_C1_1958.rds
Directory /mmfs1/gscratch/biology/jmsmith/targeted_microclimate/C1 exists. Contents:
simplified_C1_1950.rds
simplified_C1_1951.rds
simplified_C1_1952.rds
simplified_C1_1953.rds
simplified_C1_1954.rds
simplified_C1_1955.rds
simplified_C1_1956.rds
simplified_C1_1957.rds
simplified_C1_1958.rds
simplified_C1_1959.rds
simplified_C1_2015.rds
simplified_C1_2016.rds
simplified_C1_2017.rds
simplified_C1_2018.rds
simplified_C1_2019.rds
simplified_C1_2020.rds
simplified_C1_2021.rds
simplified_C1_2022.rds
simplified_C1_2023.rds
simplified_C1_2024.rds
Processing batch 1/12 (rows 1-1000)
  Calculated 1000 temperatures. Range: -4.32 to 46.42
Processing batch 2/12 (rows 1001-2000)
  Calculated 1000 temperatures. Range: -4.53 to 42.71
Processing batch 3/12 (rows 2001-3000)
  Calculated 1000 temperatures. Range: -1.39 to 45.40
Processing batch 4/12 (rows 3001-4000)
  Calculated 1000 temperatures. Range: -2.18 to 44.74
Processing batch 5/12 (rows 4001-5000)
  Calculated 1000 temperatures. Range: -1.29 to 49.59
Processing batch 6/12 (rows 5001-6000)
  Calculated 1000 temperatures. Range: -1.21 to 45.67
Processing batch 7/12 (rows 6001-7000)
  Calculated 1000 temperatures. Range: -0.01 to 50.26
Processing batch 8/12 (rows 7001-8000)
  Calculated 1000 temperatures. Range: -0.10 to 52.60
Processing batch 9/12 (rows 8001-9000)
  Calculated 1000 temperatures. Range: 0.39 to 47.30
Processing batch 10/12 (rows 9001-10000)
  Calculated 1000 temperatures. Range: 2.94 to 46.87
Processing batch 11/12 (rows 10001-11000)
  Calculated 1000 temperatures. Range: -1.65 to 40.55
Processing batch 12/12 (rows 11001-11035)
  Calculated 35 temperatures. Range: 9.74 to 42.16
Total observations: 11035, Unique timestamps: 2207
MR parameters: mass=0.24, elev=3014.0, b0=17.10, b1=0.98, b2=-0.48, b3=0.000124
Sample tb=279.75 K, log(mass)=-1.4271, 1/(kT)=41.469517, exponent=-3.8302, rmr=0.021705
Sample tb=275.04 K, log(mass)=-1.4271, 1/(kT)=42.179322, exponent=-4.1709, rmr=0.015438
Sample tb=276.39 K, log(mass)=-1.4271, 1/(kT)=41.973285, exponent=-4.0720, rmr=0.017043
Sample tb=283.16 K, log(mass)=-1.4271, 1/(kT)=40.969308, exponent=-3.5901, rmr=0.027595
Sample tb=280.04 K, log(mass)=-1.4271, 1/(kT)=41.425246, exponent=-3.8090, rmr=0.022171
MR results: 0 NA, 0 infinite, 0 negative, 0 zero
Energy calculations: 4534 non-zero gains, 11035 non-zero losses out of 11035 observations
Saved results to output/results/C1/1958/F/eb_results_MB_1958_C1_C1.rds

Processing: Species=MB, Year=1959, Origin=C1, Climate=C1, Sex=F
Looking for climate data at: /mmfs1/gscratch/biology/jmsmith/targeted_microclimate/C1/simplified_C1_1959.rds
Directory /mmfs1/gscratch/biology/jmsmith/targeted_microclimate/C1 exists. Contents:
simplified_C1_1950.rds
simplified_C1_1951.rds
simplified_C1_1952.rds
simplified_C1_1953.rds
simplified_C1_1954.rds
simplified_C1_1955.rds
simplified_C1_1956.rds
simplified_C1_1957.rds
simplified_C1_1958.rds
simplified_C1_1959.rds
simplified_C1_2015.rds
simplified_C1_2016.rds
simplified_C1_2017.rds
simplified_C1_2018.rds
simplified_C1_2019.rds
simplified_C1_2020.rds
simplified_C1_2021.rds
simplified_C1_2022.rds
simplified_C1_2023.rds
simplified_C1_2024.rds
Processing batch 1/12 (rows 1-1000)
  Calculated 1000 temperatures. Range: -9.96 to 51.72
Processing batch 2/12 (rows 1001-2000)
  Calculated 1000 temperatures. Range: -1.90 to 49.82
Processing batch 3/12 (rows 2001-3000)
  Calculated 1000 temperatures. Range: 0.15 to 50.99
Processing batch 4/12 (rows 3001-4000)
  Calculated 1000 temperatures. Range: -2.61 to 42.45
Processing batch 5/12 (rows 4001-5000)
  Calculated 1000 temperatures. Range: -2.83 to 45.76
Processing batch 6/12 (rows 5001-6000)
  Calculated 1000 temperatures. Range: 0.95 to 51.99
Processing batch 7/12 (rows 6001-7000)
  Calculated 1000 temperatures. Range: 0.44 to 47.46
Processing batch 8/12 (rows 7001-8000)
  Calculated 1000 temperatures. Range: 2.34 to 47.93
Processing batch 9/12 (rows 8001-9000)
  Calculated 1000 temperatures. Range: 1.31 to 52.94
Processing batch 10/12 (rows 9001-10000)
  Calculated 1000 temperatures. Range: -0.01 to 48.68
Processing batch 11/12 (rows 10001-11000)
  Calculated 1000 temperatures. Range: -1.68 to 42.11
Processing batch 12/12 (rows 11001-11035)
  Calculated 35 temperatures. Range: 9.15 to 36.55
Total observations: 11035, Unique timestamps: 2207
MR parameters: mass=0.24, elev=3014.0, b0=17.10, b1=0.98, b2=-0.48, b3=0.000124
Sample tb=304.50 K, log(mass)=-1.4271, 1/(kT)=38.098480, exponent=-2.2121, rmr=0.109470
Sample tb=283.24 K, log(mass)=-1.4271, 1/(kT)=40.957242, exponent=-3.5843, rmr=0.027756
Sample tb=282.95 K, log(mass)=-1.4271, 1/(kT)=40.999481, exponent=-3.6046, rmr=0.027199
Sample tb=308.04 K, log(mass)=-1.4271, 1/(kT)=37.660540, exponent=-2.0019, rmr=0.135079
Sample tb=286.51 K, log(mass)=-1.4271, 1/(kT)=40.490447, exponent=-3.3603, rmr=0.034726
MR results: 0 NA, 0 infinite, 0 negative, 0 zero
Energy calculations: 4542 non-zero gains, 11035 non-zero losses out of 11035 observations
Saved results to output/results/C1/1959/F/eb_results_MB_1959_C1_C1.rds

All years processed.
