Arguments received:
Species: MS
Years: 2015, 2016, 2017, 2018, 2019, 2020, 2021, 2022, 2023, 2024
Origin site: B1
Climate site: A1
Sex: M
Output directory: output/results/B1
Library paths:
[1] "/gscratch/biology/jmsmith/R"                          
[2] "/mmfs1/home/smithju/R/x86_64-pc-linux-gnu-library/4.4"
[3] "/usr/local/lib/R/site-library"                        
[4] "/usr/local/lib/R/library"                             
Package tidyverse loaded successfully
Package TrenchR loaded successfully
Package rTPC loaded successfully
Package lubridate loaded successfully

Processing: Species=MS, Year=2015, Origin=B1, Climate=A1, Sex=M
Looking for climate data at: /mmfs1/gscratch/biology/jmsmith/targeted_microclimate/A1/simplified_A1_2015.rds
Directory /mmfs1/gscratch/biology/jmsmith/targeted_microclimate/A1 exists. Contents:
simplified_A1_1950.rds
simplified_A1_1951.rds
simplified_A1_1952.rds
simplified_A1_1953.rds
simplified_A1_1954.rds
simplified_A1_1955.rds
simplified_A1_1956.rds
simplified_A1_1957.rds
simplified_A1_1958.rds
simplified_A1_1959.rds
simplified_A1_2015.rds
simplified_A1_2016.rds
simplified_A1_2017.rds
simplified_A1_2018.rds
simplified_A1_2019.rds
simplified_A1_2020.rds
simplified_A1_2021.rds
simplified_A1_2022.rds
simplified_A1_2023.rds
simplified_A1_2024.rds
Processing batch 1/12 (rows 1-1000)
  Calculated 1000 temperatures. Range: 1.40 to 44.39
Processing batch 2/12 (rows 1001-2000)
  Calculated 1000 temperatures. Range: 2.04 to 45.98
Processing batch 3/12 (rows 2001-3000)
  Calculated 1000 temperatures. Range: 4.45 to 45.91
Processing batch 4/12 (rows 3001-4000)
  Calculated 1000 temperatures. Range: 6.14 to 48.53
Processing batch 5/12 (rows 4001-5000)
  Calculated 1000 temperatures. Range: 3.74 to 45.43
Processing batch 6/12 (rows 5001-6000)
  Calculated 1000 temperatures. Range: 4.50 to 46.54
Processing batch 7/12 (rows 6001-7000)
  Calculated 1000 temperatures. Range: 4.04 to 51.48
Processing batch 8/12 (rows 7001-8000)
  Calculated 1000 temperatures. Range: 4.21 to 44.43
Processing batch 9/12 (rows 8001-9000)
  Calculated 1000 temperatures. Range: 4.63 to 46.70
Processing batch 10/12 (rows 9001-10000)
  Calculated 1000 temperatures. Range: 1.89 to 47.74
Processing batch 11/12 (rows 10001-11000)
  Calculated 1000 temperatures. Range: 1.95 to 44.65
Processing batch 12/12 (rows 11001-11035)
  Calculated 35 temperatures. Range: 10.81 to 38.29
Total observations: 11035, Unique timestamps: 2207
MR parameters: mass=0.29, elev=2591.0, b0=16.50, b1=0.85, b2=-0.47, b3=0.000108
Sample tb=303.37 K, log(mass)=-1.2379, 1/(kT)=38.240340, exponent=-2.2453, rmr=0.105893
Sample tb=296.85 K, log(mass)=-1.2379, 1/(kT)=39.079931, exponent=-2.6399, rmr=0.071366
Sample tb=299.61 K, log(mass)=-1.2379, 1/(kT)=38.719896, exponent=-2.4707, rmr=0.084524
Sample tb=285.23 K, log(mass)=-1.2379, 1/(kT)=40.672409, exponent=-3.3884, rmr=0.033763
Sample tb=281.20 K, log(mass)=-1.2379, 1/(kT)=41.254905, exponent=-3.6622, rmr=0.025677
MR results: 0 NA, 0 infinite, 0 negative, 0 zero
Energy calculations: 6137 non-zero gains, 11035 non-zero losses out of 11035 observations
Saved results to output/results/B1/2015/M/eb_results_MS_2015_B1_A1.rds

Processing: Species=MS, Year=2016, Origin=B1, Climate=A1, Sex=M
Looking for climate data at: /mmfs1/gscratch/biology/jmsmith/targeted_microclimate/A1/simplified_A1_2016.rds
Directory /mmfs1/gscratch/biology/jmsmith/targeted_microclimate/A1 exists. Contents:
simplified_A1_1950.rds
simplified_A1_1951.rds
simplified_A1_1952.rds
simplified_A1_1953.rds
simplified_A1_1954.rds
simplified_A1_1955.rds
simplified_A1_1956.rds
simplified_A1_1957.rds
simplified_A1_1958.rds
simplified_A1_1959.rds
simplified_A1_2015.rds
simplified_A1_2016.rds
simplified_A1_2017.rds
simplified_A1_2018.rds
simplified_A1_2019.rds
simplified_A1_2020.rds
simplified_A1_2021.rds
simplified_A1_2022.rds
simplified_A1_2023.rds
simplified_A1_2024.rds
Processing batch 1/12 (rows 1-1000)
  Calculated 1000 temperatures. Range: 0.76 to 45.27
Processing batch 2/12 (rows 1001-2000)
  Calculated 1000 temperatures. Range: 1.97 to 48.65
Processing batch 3/12 (rows 2001-3000)
  Calculated 1000 temperatures. Range: 5.09 to 49.67
Processing batch 4/12 (rows 3001-4000)
  Calculated 1000 temperatures. Range: 4.35 to 45.95
Processing batch 5/12 (rows 4001-5000)
  Calculated 1000 temperatures. Range: 3.64 to 47.91
Processing batch 6/12 (rows 5001-6000)
  Calculated 1000 temperatures. Range: 2.93 to 46.08
Processing batch 7/12 (rows 6001-7000)
  Calculated 1000 temperatures. Range: 6.42 to 47.58
Processing batch 8/12 (rows 7001-8000)
  Calculated 1000 temperatures. Range: 6.40 to 46.38
Processing batch 9/12 (rows 8001-9000)
  Calculated 1000 temperatures. Range: 3.46 to 45.08
Processing batch 10/12 (rows 9001-10000)
  Calculated 1000 temperatures. Range: 2.47 to 40.57
Processing batch 11/12 (rows 10001-11000)
  Calculated 1000 temperatures. Range: 1.33 to 41.83
Processing batch 12/12 (rows 11001-11035)
  Calculated 35 temperatures. Range: 12.18 to 32.57
Total observations: 11035, Unique timestamps: 2207
MR parameters: mass=0.29, elev=2591.0, b0=16.50, b1=0.85, b2=-0.47, b3=0.000108
Sample tb=280.78 K, log(mass)=-1.2379, 1/(kT)=41.317004, exponent=-3.6914, rmr=0.024938
Sample tb=304.50 K, log(mass)=-1.2379, 1/(kT)=38.097948, exponent=-2.1784, rmr=0.113222
Sample tb=287.53 K, log(mass)=-1.2379, 1/(kT)=40.346602, exponent=-3.2353, rmr=0.039350
Sample tb=286.75 K, log(mass)=-1.2379, 1/(kT)=40.456766, exponent=-3.2870, rmr=0.037364
Sample tb=308.79 K, log(mass)=-1.2379, 1/(kT)=37.568951, exponent=-1.9298, rmr=0.145181
MR results: 0 NA, 0 infinite, 0 negative, 0 zero
Energy calculations: 6319 non-zero gains, 11035 non-zero losses out of 11035 observations
Saved results to output/results/B1/2016/M/eb_results_MS_2016_B1_A1.rds

Processing: Species=MS, Year=2017, Origin=B1, Climate=A1, Sex=M
Looking for climate data at: /mmfs1/gscratch/biology/jmsmith/targeted_microclimate/A1/simplified_A1_2017.rds
Directory /mmfs1/gscratch/biology/jmsmith/targeted_microclimate/A1 exists. Contents:
simplified_A1_1950.rds
simplified_A1_1951.rds
simplified_A1_1952.rds
simplified_A1_1953.rds
simplified_A1_1954.rds
simplified_A1_1955.rds
simplified_A1_1956.rds
simplified_A1_1957.rds
simplified_A1_1958.rds
simplified_A1_1959.rds
simplified_A1_2015.rds
simplified_A1_2016.rds
simplified_A1_2017.rds
simplified_A1_2018.rds
simplified_A1_2019.rds
simplified_A1_2020.rds
simplified_A1_2021.rds
simplified_A1_2022.rds
simplified_A1_2023.rds
simplified_A1_2024.rds
Processing batch 1/12 (rows 1-1000)
  Calculated 1000 temperatures. Range: 1.01 to 44.67
Processing batch 2/12 (rows 1001-2000)
  Calculated 1000 temperatures. Range: 0.06 to 42.96
Processing batch 3/12 (rows 2001-3000)
  Calculated 1000 temperatures. Range: 4.42 to 43.80
Processing batch 4/12 (rows 3001-4000)
  Calculated 1000 temperatures. Range: 1.81 to 46.04
Processing batch 5/12 (rows 4001-5000)
  Calculated 1000 temperatures. Range: 5.12 to 47.81
Processing batch 6/12 (rows 5001-6000)
  Calculated 1000 temperatures. Range: 5.02 to 47.09
Processing batch 7/12 (rows 6001-7000)
  Calculated 1000 temperatures. Range: 7.24 to 45.97
Processing batch 8/12 (rows 7001-8000)
  Calculated 1000 temperatures. Range: 4.77 to 41.98
Processing batch 9/12 (rows 8001-9000)
  Calculated 1000 temperatures. Range: 3.96 to 41.80
Processing batch 10/12 (rows 9001-10000)
  Calculated 1000 temperatures. Range: 3.63 to 44.25
Processing batch 11/12 (rows 10001-11000)
  Calculated 1000 temperatures. Range: 4.23 to 46.17
Processing batch 12/12 (rows 11001-11035)
  Calculated 35 temperatures. Range: 13.15 to 43.43
Total observations: 11035, Unique timestamps: 2207
MR parameters: mass=0.29, elev=2591.0, b0=16.50, b1=0.85, b2=-0.47, b3=0.000108
Sample tb=284.23 K, log(mass)=-1.2379, 1/(kT)=40.815309, exponent=-3.4556, rmr=0.031570
Sample tb=290.22 K, log(mass)=-1.2379, 1/(kT)=39.973425, exponent=-3.0599, rmr=0.046894
Sample tb=276.67 K, log(mass)=-1.2379, 1/(kT)=41.931107, exponent=-3.9800, rmr=0.018686
Sample tb=294.66 K, log(mass)=-1.2379, 1/(kT)=39.370308, exponent=-2.7764, rmr=0.062262
Sample tb=285.42 K, log(mass)=-1.2379, 1/(kT)=40.644887, exponent=-3.3755, rmr=0.034202
MR results: 0 NA, 0 infinite, 0 negative, 0 zero
Energy calculations: 6205 non-zero gains, 11035 non-zero losses out of 11035 observations
Saved results to output/results/B1/2017/M/eb_results_MS_2017_B1_A1.rds

Processing: Species=MS, Year=2018, Origin=B1, Climate=A1, Sex=M
Looking for climate data at: /mmfs1/gscratch/biology/jmsmith/targeted_microclimate/A1/simplified_A1_2018.rds
Directory /mmfs1/gscratch/biology/jmsmith/targeted_microclimate/A1 exists. Contents:
simplified_A1_1950.rds
simplified_A1_1951.rds
simplified_A1_1952.rds
simplified_A1_1953.rds
simplified_A1_1954.rds
simplified_A1_1955.rds
simplified_A1_1956.rds
simplified_A1_1957.rds
simplified_A1_1958.rds
simplified_A1_1959.rds
simplified_A1_2015.rds
simplified_A1_2016.rds
simplified_A1_2017.rds
simplified_A1_2018.rds
simplified_A1_2019.rds
simplified_A1_2020.rds
simplified_A1_2021.rds
simplified_A1_2022.rds
simplified_A1_2023.rds
simplified_A1_2024.rds
Processing batch 1/12 (rows 1-1000)
  Calculated 1000 temperatures. Range: -0.40 to 45.53
Processing batch 2/12 (rows 1001-2000)
  Calculated 1000 temperatures. Range: 1.41 to 46.72
Processing batch 3/12 (rows 2001-3000)
  Calculated 1000 temperatures. Range: 1.96 to 40.87
Processing batch 4/12 (rows 3001-4000)
  Calculated 1000 temperatures. Range: 2.75 to 48.31
Processing batch 5/12 (rows 4001-5000)
  Calculated 1000 temperatures. Range: 5.86 to 46.94
Processing batch 6/12 (rows 5001-6000)
  Calculated 1000 temperatures. Range: 6.38 to 43.36
Processing batch 7/12 (rows 6001-7000)
  Calculated 1000 temperatures. Range: 6.69 to 50.08
Processing batch 8/12 (rows 7001-8000)
  Calculated 1000 temperatures. Range: 4.98 to 45.54
Processing batch 9/12 (rows 8001-9000)
  Calculated 1000 temperatures. Range: 3.68 to 42.71
Processing batch 10/12 (rows 9001-10000)
  Calculated 1000 temperatures. Range: 2.07 to 43.90
Processing batch 11/12 (rows 10001-11000)
  Calculated 1000 temperatures. Range: 2.82 to 46.15
Processing batch 12/12 (rows 11001-11035)
  Calculated 35 temperatures. Range: 12.26 to 38.38
Total observations: 11035, Unique timestamps: 2207
MR parameters: mass=0.29, elev=2591.0, b0=16.50, b1=0.85, b2=-0.47, b3=0.000108
Sample tb=284.13 K, log(mass)=-1.2379, 1/(kT)=40.830349, exponent=-3.4626, rmr=0.031347
Sample tb=282.97 K, log(mass)=-1.2379, 1/(kT)=40.997480, exponent=-3.5412, rmr=0.028979
Sample tb=295.48 K, log(mass)=-1.2379, 1/(kT)=39.260686, exponent=-2.7249, rmr=0.065554
Sample tb=282.64 K, log(mass)=-1.2379, 1/(kT)=41.044215, exponent=-3.5631, rmr=0.028349
Sample tb=284.84 K, log(mass)=-1.2379, 1/(kT)=40.728190, exponent=-3.4146, rmr=0.032889
MR results: 0 NA, 0 infinite, 0 negative, 0 zero
Energy calculations: 6269 non-zero gains, 11035 non-zero losses out of 11035 observations
Saved results to output/results/B1/2018/M/eb_results_MS_2018_B1_A1.rds

Processing: Species=MS, Year=2019, Origin=B1, Climate=A1, Sex=M
Looking for climate data at: /mmfs1/gscratch/biology/jmsmith/targeted_microclimate/A1/simplified_A1_2019.rds
Directory /mmfs1/gscratch/biology/jmsmith/targeted_microclimate/A1 exists. Contents:
simplified_A1_1950.rds
simplified_A1_1951.rds
simplified_A1_1952.rds
simplified_A1_1953.rds
simplified_A1_1954.rds
simplified_A1_1955.rds
simplified_A1_1956.rds
simplified_A1_1957.rds
simplified_A1_1958.rds
simplified_A1_1959.rds
simplified_A1_2015.rds
simplified_A1_2016.rds
simplified_A1_2017.rds
simplified_A1_2018.rds
simplified_A1_2019.rds
simplified_A1_2020.rds
simplified_A1_2021.rds
simplified_A1_2022.rds
simplified_A1_2023.rds
simplified_A1_2024.rds
Processing batch 1/12 (rows 1-1000)
  Calculated 1000 temperatures. Range: 0.08 to 43.34
Processing batch 2/12 (rows 1001-2000)
  Calculated 1000 temperatures. Range: -1.56 to 44.17
Processing batch 3/12 (rows 2001-3000)
  Calculated 1000 temperatures. Range: -0.82 to 36.52
Processing batch 4/12 (rows 3001-4000)
  Calculated 1000 temperatures. Range: 1.69 to 51.13
Processing batch 5/12 (rows 4001-5000)
  Calculated 1000 temperatures. Range: 3.87 to 49.60
Processing batch 6/12 (rows 5001-6000)
  Calculated 1000 temperatures. Range: 5.89 to 52.04
Processing batch 7/12 (rows 6001-7000)
  Calculated 1000 temperatures. Range: 6.15 to 47.03
Processing batch 8/12 (rows 7001-8000)
  Calculated 1000 temperatures. Range: 4.88 to 46.51
Processing batch 9/12 (rows 8001-9000)
  Calculated 1000 temperatures. Range: 4.61 to 46.17
Processing batch 10/12 (rows 9001-10000)
  Calculated 1000 temperatures. Range: 3.68 to 47.98
Processing batch 11/12 (rows 10001-11000)
  Calculated 1000 temperatures. Range: 3.19 to 41.45
Processing batch 12/12 (rows 11001-11035)
  Calculated 35 temperatures. Range: 14.16 to 36.29
Total observations: 11035, Unique timestamps: 2207
MR parameters: mass=0.29, elev=2591.0, b0=16.50, b1=0.85, b2=-0.47, b3=0.000108
Sample tb=285.06 K, log(mass)=-1.2379, 1/(kT)=40.697087, exponent=-3.4000, rmr=0.033373
Sample tb=300.35 K, log(mass)=-1.2379, 1/(kT)=38.625011, exponent=-2.4261, rmr=0.088379
Sample tb=278.98 K, log(mass)=-1.2379, 1/(kT)=41.584000, exponent=-3.8168, rmr=0.021997
Sample tb=285.71 K, log(mass)=-1.2379, 1/(kT)=40.603782, exponent=-3.3561, rmr=0.034870
Sample tb=283.77 K, log(mass)=-1.2379, 1/(kT)=40.881253, exponent=-3.4866, rmr=0.030606
MR results: 0 NA, 0 infinite, 0 negative, 0 zero
Energy calculations: 6122 non-zero gains, 11035 non-zero losses out of 11035 observations
Saved results to output/results/B1/2019/M/eb_results_MS_2019_B1_A1.rds

Processing: Species=MS, Year=2020, Origin=B1, Climate=A1, Sex=M
Looking for climate data at: /mmfs1/gscratch/biology/jmsmith/targeted_microclimate/A1/simplified_A1_2020.rds
Directory /mmfs1/gscratch/biology/jmsmith/targeted_microclimate/A1 exists. Contents:
simplified_A1_1950.rds
simplified_A1_1951.rds
simplified_A1_1952.rds
simplified_A1_1953.rds
simplified_A1_1954.rds
simplified_A1_1955.rds
simplified_A1_1956.rds
simplified_A1_1957.rds
simplified_A1_1958.rds
simplified_A1_1959.rds
simplified_A1_2015.rds
simplified_A1_2016.rds
simplified_A1_2017.rds
simplified_A1_2018.rds
simplified_A1_2019.rds
simplified_A1_2020.rds
simplified_A1_2021.rds
simplified_A1_2022.rds
simplified_A1_2023.rds
simplified_A1_2024.rds
Processing batch 1/12 (rows 1-1000)
  Calculated 1000 temperatures. Range: 2.08 to 52.71
Processing batch 2/12 (rows 1001-2000)
  Calculated 1000 temperatures. Range: -1.29 to 45.06
Processing batch 3/12 (rows 2001-3000)
  Calculated 1000 temperatures. Range: -0.16 to 45.14
Processing batch 4/12 (rows 3001-4000)
  Calculated 1000 temperatures. Range: 0.78 to 45.44
Processing batch 5/12 (rows 4001-5000)
  Calculated 1000 temperatures. Range: 4.03 to 47.65
Processing batch 6/12 (rows 5001-6000)
  Calculated 1000 temperatures. Range: 6.52 to 48.27
Processing batch 7/12 (rows 6001-7000)
  Calculated 1000 temperatures. Range: 6.28 to 49.47
Processing batch 8/12 (rows 7001-8000)
  Calculated 1000 temperatures. Range: 4.25 to 44.98
Processing batch 9/12 (rows 8001-9000)
  Calculated 1000 temperatures. Range: 3.72 to 52.10
Processing batch 10/12 (rows 9001-10000)
  Calculated 1000 temperatures. Range: 4.14 to 43.59
Processing batch 11/12 (rows 10001-11000)
  Calculated 1000 temperatures. Range: 1.33 to 46.13
Processing batch 12/12 (rows 11001-11035)
  Calculated 35 temperatures. Range: 11.00 to 34.71
Total observations: 11035, Unique timestamps: 2207
MR parameters: mass=0.29, elev=2591.0, b0=16.50, b1=0.85, b2=-0.47, b3=0.000108
Sample tb=278.35 K, log(mass)=-1.2379, 1/(kT)=41.677319, exponent=-3.8607, rmr=0.021053
Sample tb=278.60 K, log(mass)=-1.2379, 1/(kT)=41.640059, exponent=-3.8432, rmr=0.021425
Sample tb=282.53 K, log(mass)=-1.2379, 1/(kT)=41.060153, exponent=-3.5706, rmr=0.028138
Sample tb=291.14 K, log(mass)=-1.2379, 1/(kT)=39.847093, exponent=-3.0005, rmr=0.049762
Sample tb=302.97 K, log(mass)=-1.2379, 1/(kT)=38.290938, exponent=-2.2691, rmr=0.103405
MR results: 0 NA, 0 infinite, 0 negative, 0 zero
Energy calculations: 6254 non-zero gains, 11035 non-zero losses out of 11035 observations
Saved results to output/results/B1/2020/M/eb_results_MS_2020_B1_A1.rds

Processing: Species=MS, Year=2021, Origin=B1, Climate=A1, Sex=M
Looking for climate data at: /mmfs1/gscratch/biology/jmsmith/targeted_microclimate/A1/simplified_A1_2021.rds
Directory /mmfs1/gscratch/biology/jmsmith/targeted_microclimate/A1 exists. Contents:
simplified_A1_1950.rds
simplified_A1_1951.rds
simplified_A1_1952.rds
simplified_A1_1953.rds
simplified_A1_1954.rds
simplified_A1_1955.rds
simplified_A1_1956.rds
simplified_A1_1957.rds
simplified_A1_1958.rds
simplified_A1_1959.rds
simplified_A1_2015.rds
simplified_A1_2016.rds
simplified_A1_2017.rds
simplified_A1_2018.rds
simplified_A1_2019.rds
simplified_A1_2020.rds
simplified_A1_2021.rds
simplified_A1_2022.rds
simplified_A1_2023.rds
simplified_A1_2024.rds
Processing batch 1/12 (rows 1-1000)
  Calculated 1000 temperatures. Range: -3.27 to 48.98
Processing batch 2/12 (rows 1001-2000)
  Calculated 1000 temperatures. Range: 1.05 to 53.93
Processing batch 3/12 (rows 2001-3000)
  Calculated 1000 temperatures. Range: 2.90 to 49.18
Processing batch 4/12 (rows 3001-4000)
  Calculated 1000 temperatures. Range: 2.61 to 47.36
Processing batch 5/12 (rows 4001-5000)
  Calculated 1000 temperatures. Range: 5.42 to 49.64
Processing batch 6/12 (rows 5001-6000)
  Calculated 1000 temperatures. Range: 4.78 to 47.76
Processing batch 7/12 (rows 6001-7000)
  Calculated 1000 temperatures. Range: 5.32 to 44.66
Processing batch 8/12 (rows 7001-8000)
  Calculated 1000 temperatures. Range: 4.44 to 43.96
Processing batch 9/12 (rows 8001-9000)
  Calculated 1000 temperatures. Range: 4.16 to 48.48
Processing batch 10/12 (rows 9001-10000)
  Calculated 1000 temperatures. Range: 4.49 to 45.18
Processing batch 11/12 (rows 10001-11000)
  Calculated 1000 temperatures. Range: 3.59 to 46.62
Processing batch 12/12 (rows 11001-11035)
  Calculated 35 temperatures. Range: 14.30 to 42.96
Total observations: 11035, Unique timestamps: 2207
MR parameters: mass=0.29, elev=2591.0, b0=16.50, b1=0.85, b2=-0.47, b3=0.000108
Sample tb=288.18 K, log(mass)=-1.2379, 1/(kT)=40.256163, exponent=-3.1928, rmr=0.041058
Sample tb=293.34 K, log(mass)=-1.2379, 1/(kT)=39.548068, exponent=-2.8600, rmr=0.057271
Sample tb=288.84 K, log(mass)=-1.2379, 1/(kT)=40.163705, exponent=-3.1493, rmr=0.042882
Sample tb=289.63 K, log(mass)=-1.2379, 1/(kT)=40.054030, exponent=-3.0978, rmr=0.045150
Sample tb=294.79 K, log(mass)=-1.2379, 1/(kT)=39.353131, exponent=-2.7683, rmr=0.062766
MR results: 0 NA, 0 infinite, 0 negative, 0 zero
Energy calculations: 6481 non-zero gains, 11035 non-zero losses out of 11035 observations
Saved results to output/results/B1/2021/M/eb_results_MS_2021_B1_A1.rds

Processing: Species=MS, Year=2022, Origin=B1, Climate=A1, Sex=M
Looking for climate data at: /mmfs1/gscratch/biology/jmsmith/targeted_microclimate/A1/simplified_A1_2022.rds
Directory /mmfs1/gscratch/biology/jmsmith/targeted_microclimate/A1 exists. Contents:
simplified_A1_1950.rds
simplified_A1_1951.rds
simplified_A1_1952.rds
simplified_A1_1953.rds
simplified_A1_1954.rds
simplified_A1_1955.rds
simplified_A1_1956.rds
simplified_A1_1957.rds
simplified_A1_1958.rds
simplified_A1_1959.rds
simplified_A1_2015.rds
simplified_A1_2016.rds
simplified_A1_2017.rds
simplified_A1_2018.rds
simplified_A1_2019.rds
simplified_A1_2020.rds
simplified_A1_2021.rds
simplified_A1_2022.rds
simplified_A1_2023.rds
simplified_A1_2024.rds
Processing batch 1/12 (rows 1-1000)
  Calculated 1000 temperatures. Range: -4.58 to 41.09
Processing batch 2/12 (rows 1001-2000)
  Calculated 1000 temperatures. Range: 0.20 to 45.36
Processing batch 3/12 (rows 2001-3000)
  Calculated 1000 temperatures. Range: 0.30 to 48.63
Processing batch 4/12 (rows 3001-4000)
  Calculated 1000 temperatures. Range: 3.44 to 49.01
Processing batch 5/12 (rows 4001-5000)
  Calculated 1000 temperatures. Range: 6.33 to 50.68
Processing batch 6/12 (rows 5001-6000)
  Calculated 1000 temperatures. Range: 7.04 to 49.27
Processing batch 7/12 (rows 6001-7000)
  Calculated 1000 temperatures. Range: 6.47 to 48.29
Processing batch 8/12 (rows 7001-8000)
  Calculated 1000 temperatures. Range: 6.10 to 49.04
Processing batch 9/12 (rows 8001-9000)
  Calculated 1000 temperatures. Range: 6.84 to 43.59
Processing batch 10/12 (rows 9001-10000)
  Calculated 1000 temperatures. Range: 4.19 to 36.16
Processing batch 11/12 (rows 10001-11000)
  Calculated 1000 temperatures. Range: 4.51 to 40.83
Processing batch 12/12 (rows 11001-11035)
  Calculated 35 temperatures. Range: 14.62 to 37.39
Total observations: 11035, Unique timestamps: 2207
MR parameters: mass=0.29, elev=2591.0, b0=16.50, b1=0.85, b2=-0.47, b3=0.000108
Sample tb=285.67 K, log(mass)=-1.2379, 1/(kT)=40.609588, exponent=-3.3589, rmr=0.034774
Sample tb=286.52 K, log(mass)=-1.2379, 1/(kT)=40.489357, exponent=-3.3024, rmr=0.036796
Sample tb=304.15 K, log(mass)=-1.2379, 1/(kT)=38.142499, exponent=-2.1993, rmr=0.110876
Sample tb=283.58 K, log(mass)=-1.2379, 1/(kT)=40.909513, exponent=-3.4998, rmr=0.030202
Sample tb=283.41 K, log(mass)=-1.2379, 1/(kT)=40.933773, exponent=-3.5112, rmr=0.029860
MR results: 0 NA, 0 infinite, 0 negative, 0 zero
Energy calculations: 6586 non-zero gains, 11035 non-zero losses out of 11035 observations
Saved results to output/results/B1/2022/M/eb_results_MS_2022_B1_A1.rds

Processing: Species=MS, Year=2023, Origin=B1, Climate=A1, Sex=M
Looking for climate data at: /mmfs1/gscratch/biology/jmsmith/targeted_microclimate/A1/simplified_A1_2023.rds
Directory /mmfs1/gscratch/biology/jmsmith/targeted_microclimate/A1 exists. Contents:
simplified_A1_1950.rds
simplified_A1_1951.rds
simplified_A1_1952.rds
simplified_A1_1953.rds
simplified_A1_1954.rds
simplified_A1_1955.rds
simplified_A1_1956.rds
simplified_A1_1957.rds
simplified_A1_1958.rds
simplified_A1_1959.rds
simplified_A1_2015.rds
simplified_A1_2016.rds
simplified_A1_2017.rds
simplified_A1_2018.rds
simplified_A1_2019.rds
simplified_A1_2020.rds
simplified_A1_2021.rds
simplified_A1_2022.rds
simplified_A1_2023.rds
simplified_A1_2024.rds
Processing batch 1/12 (rows 1-1000)
  Calculated 1000 temperatures. Range: 1.28 to 39.64
Processing batch 2/12 (rows 1001-2000)
  Calculated 1000 temperatures. Range: 1.01 to 40.14
Processing batch 3/12 (rows 2001-3000)
  Calculated 1000 temperatures. Range: 0.74 to 45.42
Processing batch 4/12 (rows 3001-4000)
  Calculated 1000 temperatures. Range: 2.56 to 46.00
Processing batch 5/12 (rows 4001-5000)
  Calculated 1000 temperatures. Range: 5.08 to 48.16
Processing batch 6/12 (rows 5001-6000)
  Calculated 1000 temperatures. Range: 4.45 to 47.02
Processing batch 7/12 (rows 6001-7000)
  Calculated 1000 temperatures. Range: 5.02 to 48.54
Processing batch 8/12 (rows 7001-8000)
  Calculated 1000 temperatures. Range: 5.38 to 47.51
Processing batch 9/12 (rows 8001-9000)
  Calculated 1000 temperatures. Range: 2.91 to 46.57
Processing batch 10/12 (rows 9001-10000)
  Calculated 1000 temperatures. Range: 4.02 to 47.70
Processing batch 11/12 (rows 10001-11000)
  Calculated 1000 temperatures. Range: 4.34 to 41.93
Processing batch 12/12 (rows 11001-11035)
  Calculated 35 temperatures. Range: 14.80 to 37.50
Total observations: 11035, Unique timestamps: 2207
MR parameters: mass=0.29, elev=2591.0, b0=16.50, b1=0.85, b2=-0.47, b3=0.000108
Sample tb=303.49 K, log(mass)=-1.2379, 1/(kT)=38.224561, exponent=-2.2379, rmr=0.106681
Sample tb=290.88 K, log(mass)=-1.2379, 1/(kT)=39.882399, exponent=-3.0171, rmr=0.048943
Sample tb=285.37 K, log(mass)=-1.2379, 1/(kT)=40.652686, exponent=-3.3791, rmr=0.034077
Sample tb=305.87 K, log(mass)=-1.2379, 1/(kT)=37.927978, exponent=-2.0985, rmr=0.122638
Sample tb=288.31 K, log(mass)=-1.2379, 1/(kT)=40.237941, exponent=-3.1842, rmr=0.041411
MR results: 0 NA, 0 infinite, 0 negative, 0 zero
Energy calculations: 5961 non-zero gains, 11035 non-zero losses out of 11035 observations
Saved results to output/results/B1/2023/M/eb_results_MS_2023_B1_A1.rds

Processing: Species=MS, Year=2024, Origin=B1, Climate=A1, Sex=M
Looking for climate data at: /mmfs1/gscratch/biology/jmsmith/targeted_microclimate/A1/simplified_A1_2024.rds
Directory /mmfs1/gscratch/biology/jmsmith/targeted_microclimate/A1 exists. Contents:
simplified_A1_1950.rds
simplified_A1_1951.rds
simplified_A1_1952.rds
simplified_A1_1953.rds
simplified_A1_1954.rds
simplified_A1_1955.rds
simplified_A1_1956.rds
simplified_A1_1957.rds
simplified_A1_1958.rds
simplified_A1_1959.rds
simplified_A1_2015.rds
simplified_A1_2016.rds
simplified_A1_2017.rds
simplified_A1_2018.rds
simplified_A1_2019.rds
simplified_A1_2020.rds
simplified_A1_2021.rds
simplified_A1_2022.rds
simplified_A1_2023.rds
simplified_A1_2024.rds
Processing batch 1/12 (rows 1-1000)
  Calculated 1000 temperatures. Range: 0.58 to 44.08
Processing batch 2/12 (rows 1001-2000)
  Calculated 1000 temperatures. Range: 3.79 to 46.02
Processing batch 3/12 (rows 2001-3000)
  Calculated 1000 temperatures. Range: 0.19 to 50.91
Processing batch 4/12 (rows 3001-4000)
  Calculated 1000 temperatures. Range: 4.24 to 47.52
Processing batch 5/12 (rows 4001-5000)
  Calculated 1000 temperatures. Range: 2.66 to 43.00
Processing batch 6/12 (rows 5001-6000)
  Calculated 1000 temperatures. Range: 6.00 to 49.94
Processing batch 7/12 (rows 6001-7000)
  Calculated 1000 temperatures. Range: 3.38 to 45.53
Processing batch 8/12 (rows 7001-8000)
  Calculated 1000 temperatures. Range: 4.43 to 50.28
Processing batch 9/12 (rows 8001-9000)
  Calculated 1000 temperatures. Range: 7.06 to 48.57
Processing batch 10/12 (rows 9001-10000)
  Calculated 1000 temperatures. Range: 4.92 to 47.69
Processing batch 11/12 (rows 10001-11000)
  Calculated 1000 temperatures. Range: 3.46 to 42.56
Processing batch 12/12 (rows 11001-11035)
  Calculated 35 temperatures. Range: 13.12 to 35.07
Total observations: 11035, Unique timestamps: 2207
MR parameters: mass=0.29, elev=2591.0, b0=16.50, b1=0.85, b2=-0.47, b3=0.000108
Sample tb=303.23 K, log(mass)=-1.2379, 1/(kT)=38.257889, exponent=-2.2536, rmr=0.105023
Sample tb=303.60 K, log(mass)=-1.2379, 1/(kT)=38.211269, exponent=-2.2317, rmr=0.107350
Sample tb=282.39 K, log(mass)=-1.2379, 1/(kT)=41.080995, exponent=-3.5804, rmr=0.027864
Sample tb=276.84 K, log(mass)=-1.2379, 1/(kT)=41.905016, exponent=-3.9677, rmr=0.018916
Sample tb=295.72 K, log(mass)=-1.2379, 1/(kT)=39.229257, exponent=-2.7101, rmr=0.066529
MR results: 0 NA, 0 infinite, 0 negative, 0 zero
Energy calculations: 6616 non-zero gains, 11035 non-zero losses out of 11035 observations
Saved results to output/results/B1/2024/M/eb_results_MS_2024_B1_A1.rds

All years processed.
